<?xml version="1.0" encoding="UTF-8"?>
<!-- Generated by org.testng.reporters.JUnitReportReporter -->
<testsuite hostname="VWSWX017-US" name="com.tudor.swag.tests.suites.ComplianceSuite" tests="1" failures="0" timestamp="18 May 2021 14:55:44 GMT" time="16.484" errors="0">
  <testcase name="verifyData" time="16.484" classname="com.tudor.swag.tests.suites.ComplianceSuite"/>
</testsuite> <!-- com.tudor.swag.tests.suites.ComplianceSuite -->
