<?xml version="1.0" encoding="UTF-8"?>
<!-- Generated by org.testng.reporters.JUnitReportReporter -->
<testsuite hostname="VWSWX017-US" name="com.tudor.swag.tests.suites.PricingSuite" tests="4" failures="0" timestamp="18 May 2021 14:55:43 GMT" time="46.002" errors="0">
  <testcase name="verifyData" time="7.205" classname="com.tudor.swag.tests.suites.PricingSuite"/>
  <testcase name="verifyData" time="5.136" classname="com.tudor.swag.tests.suites.PricingSuite"/>
  <testcase name="verifyData" time="26.586" classname="com.tudor.swag.tests.suites.PricingSuite"/>
  <testcase name="verifyData" time="7.075" classname="com.tudor.swag.tests.suites.PricingSuite"/>
</testsuite> <!-- com.tudor.swag.tests.suites.PricingSuite -->
