<?xml version="1.0" encoding="UTF-8"?>
<!-- Generated by org.testng.reporters.JUnitReportReporter -->
<testsuite hostname="VWSWX017-US" name="com.tudor.swag.tests.suites.ItAdminSuite" tests="8" failures="0" timestamp="18 May 2021 14:55:43 GMT" time="153.164" errors="8">
  <testcase name="verifyData" time="9.969" classname="com.tudor.swag.tests.suites.ItAdminSuite">
    <error type="java.lang.AssertionError" message="The following asserts failed:

[Row: 53] [Column: 1] [Expected: 5,859] [Actual: 5,471], 
[Row: 53] [Column: 2] [Expected: dporat] [Actual: editchfi], 
[Row: 53] [Column: 3] [Expected: Dov Porat (CITCO)] [Actual: Erik Ditchfield (Rebar)], 
[Row: 53] [Column: 4] [Expected: CITCO] [Actual: IT Vendor Services], 
[Row: 53] [Column: 5] [Expected: CITCO NJ - MO] [Actual: Offsite - US Office], 
[Row: 54] [Column: 1] [Expected: 5,840] [Actual: 5,859], 
[Row: 54] [Column: 2] [Expected: smehta] [Actual: dporat], 
[Row: 54] [Column: 3] [Expected: Surbhi Mehta] [Actual: Dov Porat (CITCO)], 
[Row: 54] [Column: 4] [Expected: IR &amp; Product Development] [Actual: CITCO], 
[Row: 54] [Column: 5] [Expected: 200 Elm] [Actual: CITCO NJ - MO], 
[Row: 55] [Column: 1] [Expected: 5,551] [Actual: 5,840], 
[Row: 55] [Column: 2] [Expected: ffeiyang] [Actual: smehta], 
[Row: 55] [Column: 3] [Expected: Fen Fei Yang] [Actual: Surbhi Mehta], 
[Row: 55] [Column: 4] [Expected: Software Development] [Actual: IR &amp; Product Development], 
[Row: 56] [Column: 1] [Expected: 5,901] [Actual: 5,551], 
[Row: 56] [Column: 2] [Expected: mcangian] [Actual: ffeiyang], 
[Row: 56] [Column: 3] [Expected: Michael Cangiano (CITCO)] [Actual: Fen Fei Yang], 
[Row: 56] [Column: 4] [Expected: CITCO] [Actual: Software Development], 
[Row: 56] [Column: 5] [Expected: CITCO MAL - RPT] [Actual: 200 Elm], 
[Row: 57] [Column: 1] [Expected: 5,463] [Actual: 5,901], 
[Row: 57] [Column: 2] [Expected: mhayes] [Actual: mcangian], 
[Row: 57] [Column: 3] [Expected: Matthew Hayes] [Actual: Michael Cangiano (CITCO)], 
[Row: 57] [Column: 4] [Expected: Global Execution] [Actual: CITCO], 
[Row: 57] [Column: 5] [Expected: 200 Elm] [Actual: CITCO MAL - RPT], 
[Row: 58] [Column: 1] [Expected: 6,103] [Actual: 5,463], 
[Row: 58] [Column: 2] [Expected: tegan] [Actual: mhayes], 
[Row: 58] [Column: 3] [Expected: Thomas Egan (CITCO)] [Actual: Matthew Hayes], 
[Row: 58] [Column: 4] [Expected: CITCO] [Actual: Global Execution], 
[Row: 58] [Column: 5] [Expected: CITCO NJ - RISK&amp;V] [Actual: 200 Elm], 
[Row: 59] [Column: 1] [Expected: 6,148] [Actual: 6,103], 
[Row: 59] [Column: 2] [Expected: hshim] [Actual: tegan], 
[Row: 59] [Column: 3] [Expected: Hosup Shim (CITCO)] [Actual: Thomas Egan (CITCO)], 
[Row: 59] [Column: 5] [Expected: CITCO NJ - TAX] [Actual: CITCO NJ - RISK&amp;V], 
[Row: 60] [Column: 1] [Expected: 4,824] [Actual: 6,148], 
[Row: 60] [Column: 2] [Expected: pkhemraj] [Actual: hshim], 
[Row: 60] [Column: 3] [Expected: Prem Khemraj (Benchmark)] [Actual: Hosup Shim (CITCO)], 
[Row: 60] [Column: 4] [Expected: Financial Reporting] [Actual: CITCO], 
[Row: 60] [Column: 5] [Expected: 200 Elm] [Actual: CITCO NJ - TAX], 
[Row: 61] [Column: 1] [Expected: 6,019] [Actual: 4,824], 
[Row: 61] [Column: 2] [Expected: skollipa] [Actual: pkhemraj], 
[Row: 61] [Column: 3] [Expected: Suresh Kollipara] [Actual: Prem Khemraj (Benchmark)], 
[Row: 61] [Column: 4] [Expected: Software Development] [Actual: Financial Reporting], 
[Row: 62] [Column: 1] [Expected: 6,196] [Actual: 6,019], 
[Row: 62] [Column: 2] [Expected: sgriffee] [Actual: skollipa], 
[Row: 62] [Column: 3] [Expected: Steve Griffee] [Actual: Suresh Kollipara], 
[Row: 62] [Column: 4] [Expected: IT Customer Services &amp; Support] [Actual: Software Development], 
[Row: 63] [Column: 1] [Expected: 4,359] [Actual: 6,196], 
[Row: 63] [Column: 2] [Expected: arivera] [Actual: sgriffee], 
[Row: 63] [Column: 3] [Expected: Anita Sbarra] [Actual: Steve Griffee], 
[Row: 63] [Column: 4] [Expected: Financial Reporting] [Actual: IT Customer Services &amp; Support], 
[Row: 63] [Column: 5] [Expected: Palm Beach] [Actual: 200 Elm], 
[Row: 64] [Column: 1] [Expected: 4,659] [Actual: 4,359], 
[Row: 64] [Column: 2] [Expected: sking] [Actual: arivera], 
[Row: 64] [Column: 3] [Expected: Shaun King] [Actual: Anita Sbarra], 
[Row: 64] [Column: 4] [Expected: Executive] [Actual: Financial Reporting], 
[Row: 64] [Column: 5] [Expected: 10 NBS] [Actual: Palm Beach], 
[Row: 65] [Column: 1] [Expected: 6,303] [Actual: 4,659], 
[Row: 65] [Column: 2] [Expected: emiller] [Actual: sking], 
[Row: 65] [Column: 3] [Expected: Emily Miller (CITCO)] [Actual: Shaun King], 
[Row: 65] [Column: 4] [Expected: CITCO] [Actual: Executive], 
[Row: 65] [Column: 5] [Expected: CITCO MAL - RPT] [Actual: 10 NBS], 
[Row: 66] [Column: 1] [Expected: 6,327] [Actual: 6,303], 
[Row: 66] [Column: 2] [Expected: mbicknel] [Actual: emiller], 
[Row: 66] [Column: 3] [Expected: Michael Bicknell] [Actual: Emily Miller (CITCO)], 
[Row: 66] [Column: 4] [Expected: Collateral Management] [Actual: CITCO], 
[Row: 66] [Column: 5] [Expected: 200 Elm] [Actual: CITCO MAL - RPT], 
[Row: 67] [Column: 1] [Expected: 6,326] [Actual: 6,327], 
[Row: 67] [Column: 2] [Expected: dgreen] [Actual: mbicknel], 
[Row: 67] [Column: 3] [Expected: Damien Green] [Actual: Michael Bicknell], 
[Row: 67] [Column: 4] [Expected: Business Mgmt and Analysis] [Actual: Collateral Management], 
[Row: 68] [Column: 1] [Expected: 6,385] [Actual: 6,326], 
[Row: 68] [Column: 2] [Expected: szhou] [Actual: dgreen], 
[Row: 68] [Column: 3] [Expected: Sean Zhou] [Actual: Damien Green], 
[Row: 68] [Column: 4] [Expected: Portfolio Oversight] [Actual: Business Mgmt and Analysis], 
[Row: 68] [Column: 5] [Expected: 51 Astor Place] [Actual: 200 Elm], 
[Row: 69] [Column: 1] [Expected: 6,402] [Actual: 6,385], 
[Row: 69] [Column: 2] [Expected: caaronso] [Actual: szhou], 
[Row: 69] [Column: 3] [Expected: Christian Aaronson (CITCO)] [Actual: Sean Zhou], 
[Row: 69] [Column: 4] [Expected: CITCO] [Actual: Portfolio Oversight], 
[Row: 69] [Column: 5] [Expected: CITCO MAL - PE] [Actual: 51 Astor Place], 
[Row: 70] [Column: 1] [Expected: 6,405] [Actual: 6,402], 
[Row: 70] [Column: 2] [Expected: kekelly] [Actual: caaronso], 
[Row: 70] [Column: 3] [Expected: Kelly Kelly (CITCO)] [Actual: Christian Aaronson (CITCO)], 
[Row: 70] [Column: 5] [Expected: CITCO MAL - RPT] [Actual: CITCO MAL - PE], 
[Row: 71] [Column: 1] [Expected: 6,431] [Actual: 6,405], 
[Row: 71] [Column: 2] [Expected: rgold] [Actual: kekelly], 
[Row: 71] [Column: 3] [Expected: Robert Gold] [Actual: Kelly Kelly (CITCO)], 
[Row: 71] [Column: 4] [Expected: Global Execution] [Actual: CITCO], 
[Row: 71] [Column: 5] [Expected: 10 NBS] [Actual: CITCO MAL - RPT], 
[Row: 72] [Column: 1] [Expected: 6,523] [Actual: 6,431], 
[Row: 72] [Column: 2] [Expected: jhay] [Actual: rgold], 
[Row: 72] [Column: 3] [Expected: Jacquelyn Hay] [Actual: Robert Gold], 
[Row: 72] [Column: 4] [Expected: Operations] [Actual: Global Execution], 
[Row: 72] [Column: 5] [Expected: 200 Elm] [Actual: 10 NBS], 
[Row: 73] [Column: 1] [Expected: 6,565] [Actual: 6,523], 
[Row: 73] [Column: 2] [Expected: jizhou] [Actual: jhay], 
[Row: 73] [Column: 3] [Expected: Josh Zhou (CITCO)] [Actual: Jacquelyn Hay], 
[Row: 73] [Column: 4] [Expected: CITCO] [Actual: Operations], 
[Row: 73] [Column: 5] [Expected: CITCO NJ - OPS] [Actual: 200 Elm], 
[Row: 74] [Column: 1] [Expected: 6,580] [Actual: 6,565], 
[Row: 74] [Column: 2] [Expected: ttirapan] [Actual: jizhou], 
[Row: 74] [Column: 3] [Expected: Thomas Tirapani (ExHI)] [Actual: Josh Zhou (CITCO)], 
[Row: 74] [Column: 4] [Expected: Software Development] [Actual: CITCO], 
[Row: 74] [Column: 5] [Expected: Offsite - Non-US Office] [Actual: CITCO NJ - OPS], 
[Row: 75] [Column: 1] [Expected: 6,573] [Actual: 6,580], 
[Row: 75] [Column: 2] [Expected: schiu] [Actual: ttirapan], 
[Row: 75] [Column: 3] [Expected: Sammi Chiu (CITCO)] [Actual: Thomas Tirapani (ExHI)], 
[Row: 75] [Column: 4] [Expected: CITCO] [Actual: Software Development], 
[Row: 75] [Column: 5] [Expected: CITCO NJ - MO] [Actual: Offsite - Non-US Office], 
[Row: 76] [Column: 1] [Expected: 5,647] [Actual: 6,573], 
[Row: 76] [Column: 2] [Expected: kzdunek] [Actual: schiu], 
[Row: 76] [Column: 3] [Expected: Kamil Zdunek] [Actual: Sammi Chiu (CITCO)], 
[Row: 76] [Column: 4] [Expected: Global Execution] [Actual: CITCO], 
[Row: 76] [Column: 5] [Expected: 200 Elm] [Actual: CITCO NJ - MO], 
[Row: 77] [Column: 1] [Expected: 6,597] [Actual: 5,647], 
[Row: 77] [Column: 2] [Expected: snagaraj] [Actual: kzdunek], 
[Row: 77] [Column: 3] [Expected: Nag Nagarajan] [Actual: Kamil Zdunek], 
[Row: 77] [Column: 4] [Expected: Portfolio Oversight] [Actual: Global Execution], 
[Row: 77] [Column: 5] [Expected: 51 Astor Place] [Actual: 200 Elm], 
[Row: 78] [Column: 1] [Expected: 6,627] [Actual: 6,597], 
[Row: 78] [Column: 2] [Expected: alai] [Actual: snagaraj], 
[Row: 78] [Column: 3] [Expected: Albert Lai (CITCO)] [Actual: Nag Nagarajan], 
[Row: 78] [Column: 4] [Expected: CITCO] [Actual: Portfolio Oversight], 
[Row: 78] [Column: 5] [Expected: CITCO NJ - OPS] [Actual: 51 Astor Place], 
[Row: 79] [Column: 1] [Expected: 6,654] [Actual: 6,627], 
[Row: 79] [Column: 2] [Expected: spemmasa] [Actual: alai], 
[Row: 79] [Column: 3] [Expected: Siva Pemmasani (CITCO)] [Actual: Albert Lai (CITCO)], 
[Row: 79] [Column: 5] [Expected: CITCO NJ - RISK&amp;V] [Actual: CITCO NJ - OPS], 
[Row: 80] [Column: 1] [Expected: 6,581] [Actual: 6,654], 
[Row: 80] [Column: 2] [Expected: amirdita] [Actual: spemmasa], 
[Row: 80] [Column: 3] [Expected: Antoinette Mirdita] [Actual: Siva Pemmasani (CITCO)], 
[Row: 80] [Column: 4] [Expected: Financial Reporting] [Actual: CITCO], 
[Row: 80] [Column: 5] [Expected: 200 Elm] [Actual: CITCO NJ - RISK&amp;V], 
[Row: 81] [Column: 1] [Expected: 6,740] [Actual: 6,581], 
[Row: 81] [Column: 2] [Expected: ckirby] [Actual: amirdita], 
[Row: 81] [Column: 3] [Expected: Charlie Kirby] [Actual: Antoinette Mirdita], 
[Row: 81] [Column: 4] [Expected: Trade Support] [Actual: Financial Reporting], 
[Row: 81] [Column: 5] [Expected: 10 NBS] [Actual: 200 Elm], 
[Row: 82] [Column: 1] [Expected: 6,714] [Actual: 6,740], 
[Row: 82] [Column: 2] [Expected: cabergas] [Actual: ckirby], 
[Row: 82] [Column: 3] [Expected: Cedric Abergas (CITCO)] [Actual: Charlie Kirby], 
[Row: 82] [Column: 4] [Expected: CITCO] [Actual: Trade Support], 
[Row: 82] [Column: 5] [Expected: CITCO MLA - TRD CAP] [Actual: 10 NBS], 
[Row: 83] [Column: 1] [Expected: 6,717] [Actual: 6,714], 
[Row: 83] [Column: 2] [Expected: syamamiy] [Actual: cabergas], 
[Row: 83] [Column: 3] [Expected: Shinji Yamamiya (CITCO)] [Actual: Cedric Abergas (CITCO)], 
[Row: 84] [Column: 1] [Expected: 6,746] [Actual: 6,717], 
[Row: 84] [Column: 2] [Expected: mfan] [Actual: syamamiy], 
[Row: 84] [Column: 3] [Expected: Mike Fan] [Actual: Shinji Yamamiya (CITCO)], 
[Row: 84] [Column: 4] [Expected: Operations] [Actual: CITCO], 
[Row: 84] [Column: 5] [Expected: Singapore] [Actual: CITCO MLA - TRD CAP], 
[Row: 85] [Column: 1] [Expected: 6,775] [Actual: 6,746], 
[Row: 85] [Column: 2] [Expected: pgovinda] [Actual: mfan], 
[Row: 85] [Column: 3] [Expected: Praba Govindan (Princeton Group)] [Actual: Mike Fan], 
[Row: 85] [Column: 4] [Expected: Software Development] [Actual: Operations], 
[Row: 85] [Column: 5] [Expected: 200 Elm] [Actual: Singapore], 
[Row: 86] [Column: 1] [Expected: 6,783] [Actual: 6,775], 
[Row: 86] [Column: 2] [Expected: asaliern] [Actual: pgovinda], 
[Row: 86] [Column: 3] [Expected: Adriana Amarillo] [Actual: Praba Govindan (Princeton Group)], 
[Row: 86] [Column: 4] [Expected: Financial Reporting] [Actual: Software Development], 
[Row: 87] [Column: 1] [Expected: 6,805] [Actual: 6,783], 
[Row: 87] [Column: 2] [Expected: crudd] [Actual: asaliern], 
[Row: 87] [Column: 3] [Expected: Colin Rudd (ExHI)] [Actual: Adriana Amarillo], 
[Row: 87] [Column: 4] [Expected: Software Development] [Actual: Financial Reporting], 
[Row: 87] [Column: 5] [Expected: Offsite - US Office] [Actual: 200 Elm], 
[Row: 88] [Column: 1] [Expected: 6,822] [Actual: 6,805], 
[Row: 88] [Column: 2] [Expected: vshlivko] [Actual: crudd], 
[Row: 88] [Column: 3] [Expected: Val Shlivko] [Actual: Colin Rudd (ExHI)], 
[Row: 88] [Column: 4] [Expected: Business Mgmt and Analysis] [Actual: Software Development], 
[Row: 88] [Column: 5] [Expected: 51 Astor Place] [Actual: Offsite - US Office], 
[Row: 89] [Column: 1] [Expected: 6,836] [Actual: 6,822], 
[Row: 89] [Column: 2] [Expected: msokolow] [Actual: vshlivko], 
[Row: 89] [Column: 3] [Expected: Maciej Sokolowski] [Actual: Val Shlivko], 
[Row: 89] [Column: 4] [Expected: IT Data Services] [Actual: Business Mgmt and Analysis], 
[Row: 89] [Column: 5] [Expected: 10 NBS] [Actual: 51 Astor Place], 
[Row: 90] [Column: 1] [Expected: 6,888] [Actual: 6,836], 
[Row: 90] [Column: 2] [Expected: kthompso] [Actual: msokolow], 
[Row: 90] [Column: 3] [Expected: Kendal Thompson (CITCO)] [Actual: Maciej Sokolowski], 
[Row: 90] [Column: 4] [Expected: CITCO] [Actual: IT Data Services], 
[Row: 90] [Column: 5] [Expected: CITCO HFX - DIV] [Actual: 10 NBS], 
[Row: 91] [Column: 1] [Expected: 6,902] [Actual: 6,888], 
[Row: 91] [Column: 2] [Expected: btodorov] [Actual: kthompso], 
[Row: 91] [Column: 3] [Expected: Boban Todorovic (Accordia)] [Actual: Kendal Thompson (CITCO)], 
[Row: 91] [Column: 4] [Expected: Software Development] [Actual: CITCO], 
[Row: 91] [Column: 5] [Expected: 51 Astor Place] [Actual: CITCO HFX - DIV], 
[Row: 92] [Column: 1] [Expected: 6,903] [Actual: 6,902], 
[Row: 92] [Column: 2] [Expected: gstankov] [Actual: btodorov], 
[Row: 92] [Column: 3] [Expected: Goran Stankovic (Accordia)] [Actual: Boban Todorovic (Accordia)], 
[Row: 92] [Column: 5] [Expected: Offsite - Non-US Office] [Actual: 51 Astor Place], 
[Row: 93] [Column: 1] [Expected: 6,918] [Actual: 6,903], 
[Row: 93] [Column: 2] [Expected: mgould] [Actual: gstankov], 
[Row: 93] [Column: 3] [Expected: Michael Gould] [Actual: Goran Stankovic (Accordia)], 
[Row: 93] [Column: 5] [Expected: 10 NBS] [Actual: Offsite - Non-US Office], 
[Row: 94] [Column: 1] [Expected: 6,179] [Actual: 6,918], 
[Row: 94] [Column: 2] [Expected: sanjap] [Actual: mgould], 
[Row: 94] [Column: 3] [Expected: Sanja Paunovic (Accordia)] [Actual: Michael Gould], 
[Row: 94] [Column: 5] [Expected: Offsite - Non-US Office] [Actual: 10 NBS], 
[Row: 95] [Column: 1] [Expected: 6,308] [Actual: 6,179], 
[Row: 95] [Column: 2] [Expected: sabrashi] [Actual: sanjap], 
[Row: 95] [Column: 3] [Expected: Sergey Abrashin] [Actual: Sanja Paunovic (Accordia)], 
[Row: 95] [Column: 5] [Expected: 200 Elm] [Actual: Offsite - Non-US Office], 
[Row: 96] [Column: 1] [Expected: 6,930] [Actual: 6,308], 
[Row: 96] [Column: 2] [Expected: jrangelo] [Actual: sabrashi], 
[Row: 96] [Column: 3] [Expected: Jelena Rangelov (Accordia)] [Actual: Sergey Abrashin], 
[Row: 96] [Column: 4] [Expected: Business Mgmt and Analysis] [Actual: Software Development], 
[Row: 96] [Column: 5] [Expected: Offsite - Non-US Office] [Actual: 200 Elm], 
[Row: 97] [Column: 1] [Expected: 6,153] [Actual: 6,930], 
[Row: 97] [Column: 2] [Expected: lkuznets] [Actual: jrangelo], 
[Row: 97] [Column: 3] [Expected: Leonid Kuznetsov] [Actual: Jelena Rangelov (Accordia)], 
[Row: 97] [Column: 4] [Expected: IT Customer Services &amp; Support] [Actual: Business Mgmt and Analysis], 
[Row: 97] [Column: 5] [Expected: 10 NBS] [Actual: Offsite - Non-US Office], 
[Row: 98] [Column: 1] [Expected: 6,927] [Actual: 6,153], 
[Row: 98] [Column: 2] [Expected: srayudu] [Actual: lkuznets], 
[Row: 98] [Column: 3] [Expected: Suneetha Rayudu] [Actual: Leonid Kuznetsov], 
[Row: 98] [Column: 4] [Expected: Software Development] [Actual: IT Customer Services &amp; Support], 
[Row: 98] [Column: 5] [Expected: 200 Elm] [Actual: 10 NBS], 
[Row: 99] [Column: 1] [Expected: 7,024] [Actual: 6,927], 
[Row: 99] [Column: 2] [Expected: rwothers] [Actual: srayudu], 
[Row: 99] [Column: 3] [Expected: Russell Wotherspoon] [Actual: Suneetha Rayudu], 
[Row: 99] [Column: 4] [Expected: IT Customer Services &amp; Support] [Actual: Software Development], 
[Row: 99] [Column: 5] [Expected: 10 NBS] [Actual: 200 Elm], 
[Row: 100] [Column: 1] [Expected: 7,040] [Actual: 7,024], 
[Row: 100] [Column: 2] [Expected: mstojano] [Actual: rwothers], 
[Row: 100] [Column: 3] [Expected: Milos Stojanovic (Accordia)] [Actual: Russell Wotherspoon], 
[Row: 100] [Column: 4] [Expected: Business Mgmt and Analysis] [Actual: IT Customer Services &amp; Support], 
[Row: 100] [Column: 5] [Expected: Offsite - Non-US Office] [Actual: 10 NBS], 
[Row: 101] [Column: 1] [Expected: 7,046] [Actual: 7,040], 
[Row: 101] [Column: 2] [Expected: ivhuang] [Actual: mstojano], 
[Row: 101] [Column: 3] [Expected: Ivy Huang (Citco)] [Actual: Milos Stojanovic (Accordia)], 
[Row: 101] [Column: 4] [Expected: CITCO] [Actual: Business Mgmt and Analysis], 
[Row: 101] [Column: 5] [Expected: CITCO MAL - RPT] [Actual: Offsite - Non-US Office], 
[Row: 102] [Column: 1] [Expected: 7,058] [Actual: 7,046], 
[Row: 102] [Column: 2] [Expected: jcooksey] [Actual: ivhuang], 
[Row: 102] [Column: 3] [Expected: James Cooksey] [Actual: Ivy Huang (Citco)], 
[Row: 102] [Column: 4] [Expected: Operations] [Actual: CITCO], 
[Row: 102] [Column: 5] [Expected: 200 Elm] [Actual: CITCO MAL - RPT], 
[Row: 103] [Column: 1] [Expected: 7,051] [Actual: 7,058], 
[Row: 103] [Column: 2] [Expected: aafricano] [Actual: jcooksey], 
[Row: 103] [Column: 3] [Expected: Aileen Africano (Citco)] [Actual: James Cooksey], 
[Row: 103] [Column: 4] [Expected: CITCO] [Actual: Operations], 
[Row: 103] [Column: 5] [Expected: CITCO MNL - RPT] [Actual: 200 Elm], 
[Row: 104] [Column: 1] [Expected: 7,025] [Actual: 7,051], 
[Row: 104] [Column: 2] [Expected: yfernand] [Actual: aafricano], 
[Row: 104] [Column: 3] [Expected: Yohan Fernando] [Actual: Aileen Africano (Citco)], 
[Row: 104] [Column: 4] [Expected: Software Development] [Actual: CITCO], 
[Row: 104] [Column: 5] [Expected: 10 NBS] [Actual: CITCO MNL - RPT], 
[Row: 105] [Column: 1] [Expected: 7,092] [Actual: 7,025], 
[Row: 105] [Column: 2] [Expected: plagrima] [Actual: yfernand], 
[Row: 105] [Column: 3] [Expected: Peter Lagrimas (Citco)] [Actual: Yohan Fernando], 
[Row: 105] [Column: 4] [Expected: CITCO] [Actual: Software Development], 
[Row: 105] [Column: 5] [Expected: CITCO NJ - MO] [Actual: 10 NBS], 
[Row: 106] [Column: 1] [Expected: 7,117] [Actual: 7,092], 
[Row: 106] [Column: 2] [Expected: jli] [Actual: plagrima], 
[Row: 106] [Column: 3] [Expected: Jennifer Li (Princeton Consulting)] [Actual: Peter Lagrimas (Citco)], 
[Row: 106] [Column: 4] [Expected: IT Data Services] [Actual: CITCO], 
[Row: 106] [Column: 5] [Expected: Offsite - US Office] [Actual: CITCO NJ - MO], 
[Row: 107] [Column: 1] [Expected: 7,170] [Actual: 7,117], 
[Row: 107] [Column: 2] [Expected: dfebbrai] [Actual: jli], 
[Row: 107] [Column: 3] [Expected: Donald Febbraio (ExHI)] [Actual: Jennifer Li (Princeton Consulting)], 
[Row: 107] [Column: 4] [Expected: Software Development] [Actual: IT Data Services], 
[Row: 108] [Column: 1] [Expected: 7,190] [Actual: 7,170], 
[Row: 108] [Column: 2] [Expected: silic] [Actual: dfebbrai], 
[Row: 108] [Column: 3] [Expected: Sasha Ilic (Accordia)] [Actual: Donald Febbraio (ExHI)], 
[Row: 108] [Column: 5] [Expected: Offsite - Non-US Office] [Actual: Offsite - US Office], 
[Row: 109] [Column: 1] [Expected: 7,194] [Actual: 7,190], 
[Row: 109] [Column: 2] [Expected: clu] [Actual: silic], 
[Row: 109] [Column: 3] [Expected: Chensheng Lu] [Actual: Sasha Ilic (Accordia)], 
[Row: 109] [Column: 4] [Expected: Risk Management] [Actual: Software Development], 
[Row: 109] [Column: 5] [Expected: 10 NBS] [Actual: Offsite - Non-US Office], 
[Row: 110] [Column: 1] [Expected: 141] [Actual: 7,194], 
[Row: 110] [Column: 2] [Expected: sgorbey] [Actual: clu], 
[Row: 110] [Column: 3] [Expected: Susi Gorbey] [Actual: Chensheng Lu], 
[Row: 110] [Column: 4] [Expected: Quantitative Strategies Oversi] [Actual: Risk Management], 
[Row: 111] [Column: 1] [Expected: 7,207] [Actual: 141], 
[Row: 111] [Column: 2] [Expected: hboongal] [Actual: sgorbey], 
[Row: 111] [Column: 3] [Expected: Hazel Boongaling (Citco)] [Actual: Susi Gorbey], 
[Row: 111] [Column: 4] [Expected: CITCO] [Actual: Quantitative Strategies Oversi], 
[Row: 111] [Column: 5] [Expected: CITCO MNL - RPT] [Actual: 10 NBS], 
[Row: 112] [Column: 1] [Expected: 6,503] [Actual: 7,207], 
[Row: 112] [Column: 2] [Expected: mhassan] [Actual: hboongal], 
[Row: 112] [Column: 3] [Expected: Muriam Hassan] [Actual: Hazel Boongaling (Citco)], 
[Row: 112] [Column: 4] [Expected: Legal and Compliance] [Actual: CITCO], 
[Row: 112] [Column: 5] [Expected: 10 NBS] [Actual: CITCO MNL - RPT], 
[Row: 113] [Column: 1] [Expected: 6,578] [Actual: 6,503], 
[Row: 113] [Column: 2] [Expected: gsalazar] [Actual: mhassan], 
[Row: 113] [Column: 3] [Expected: Gabriela Salazar (CITCO)] [Actual: Muriam Hassan], 
[Row: 113] [Column: 4] [Expected: CITCO] [Actual: Legal and Compliance], 
[Row: 113] [Column: 5] [Expected: CITCO NJ - RISK&amp;V] [Actual: 10 NBS], 
[Row: 114] [Column: 1] [Expected: 7,243] [Actual: 6,578], 
[Row: 114] [Column: 2] [Expected: kramoso] [Actual: gsalazar], 
[Row: 114] [Column: 3] [Expected: Katrina Ramoso (Citco)] [Actual: Gabriela Salazar (CITCO)], 
[Row: 114] [Column: 5] [Expected: CITCO MLA - OPS] [Actual: CITCO NJ - RISK&amp;V], 
[Row: 115] [Column: 1] [Expected: 7,246] [Actual: 7,243], 
[Row: 115] [Column: 2] [Expected: ralcanta] [Actual: kramoso], 
[Row: 115] [Column: 3] [Expected: Rocel Alcantara (Citco)] [Actual: Katrina Ramoso (Citco)], 
[Row: 116] [Column: 1] [Expected: 7,244] [Actual: 7,246], 
[Row: 116] [Column: 2] [Expected: pcorpuz] [Actual: ralcanta], 
[Row: 116] [Column: 3] [Expected: Pearly Corpuz (Citco)] [Actual: Rocel Alcantara (Citco)], 
[Row: 117] [Column: 1] [Expected: 7,262] [Actual: 7,244], 
[Row: 117] [Column: 2] [Expected: gjohn] [Actual: pcorpuz], 
[Row: 117] [Column: 3] [Expected: Gina John (Citco)] [Actual: Pearly Corpuz (Citco)], 
[Row: 117] [Column: 5] [Expected: CITCO MAL - RPT] [Actual: CITCO MLA - OPS], 
[Row: 118] [Column: 1] [Expected: 6,105] [Actual: 7,262], 
[Row: 118] [Column: 2] [Expected: dtan] [Actual: gjohn], 
[Row: 118] [Column: 3] [Expected: Danny Tan (CITCO)] [Actual: Gina John (Citco)], 
[Row: 118] [Column: 5] [Expected: CITCO NJ - OPS] [Actual: CITCO MAL - RPT], 
[Row: 119] [Column: 1] [Expected: 7,234] [Actual: 6,105], 
[Row: 119] [Column: 2] [Expected: jfullam] [Actual: dtan], 
[Row: 119] [Column: 3] [Expected: John Fullam] [Actual: Danny Tan (CITCO)], 
[Row: 119] [Column: 4] [Expected: Software Development] [Actual: CITCO], 
[Row: 119] [Column: 5] [Expected: 200 Elm] [Actual: CITCO NJ - OPS], 
[Row: 120] [Column: 1] [Expected: 7,247] [Actual: 7,234], 
[Row: 120] [Column: 2] [Expected: jvoong] [Actual: jfullam], 
[Row: 120] [Column: 3] [Expected: Johnny Voong (Citco)] [Actual: John Fullam], 
[Row: 120] [Column: 4] [Expected: CITCO] [Actual: Software Development], 
[Row: 120] [Column: 5] [Expected: CITCO NJ - MO] [Actual: 200 Elm], 
[Row: 121] [Column: 1] [Expected: 6,161] [Actual: 7,247], 
[Row: 121] [Column: 2] [Expected: lgiorgia] [Actual: jvoong], 
[Row: 121] [Column: 3] [Expected: Lorenzo Giorgianni] [Actual: Johnny Voong (Citco)], 
[Row: 121] [Column: 4] [Expected: Global Research] [Actual: CITCO], 
[Row: 121] [Column: 5] [Expected: 51 Astor Place] [Actual: CITCO NJ - MO], 
[Row: 122] [Column: 1] [Expected: 7,094] [Actual: 6,161], 
[Row: 122] [Column: 2] [Expected: nstojano] [Actual: lgiorgia], 
[Row: 122] [Column: 3] [Expected: Nenad Stojanovic (Accordia)] [Actual: Lorenzo Giorgianni], 
[Row: 122] [Column: 4] [Expected: IT Customer Services &amp; Support] [Actual: Global Research], 
[Row: 122] [Column: 5] [Expected: Offsite - Non-US Office] [Actual: 51 Astor Place], 
[Row: 123] [Column: 1] [Expected: 4,320] [Actual: 7,094], 
[Row: 123] [Column: 2] [Expected: rhowes] [Actual: nstojano], 
[Row: 123] [Column: 3] [Expected: Robin Howes] [Actual: Nenad Stojanovic (Accordia)], 
[Row: 123] [Column: 4] [Expected: Operations] [Actual: IT Customer Services &amp; Support], 
[Row: 123] [Column: 5] [Expected: 200 Elm] [Actual: Offsite - Non-US Office], 
[Row: 124] [Column: 1] [Expected: 7,338] [Actual: 4,320], 
[Row: 124] [Column: 2] [Expected: rwiederh] [Actual: rhowes], 
[Row: 124] [Column: 3] [Expected: Raymond Wiederhold] [Actual: Robin Howes], 
[Row: 124] [Column: 4] [Expected: Middle Office] [Actual: Operations], 
[Row: 125] [Column: 1] [Expected: 7,337] [Actual: 7,338], 
[Row: 125] [Column: 2] [Expected: dfrischm] [Actual: rwiederh], 
[Row: 125] [Column: 3] [Expected: Daniel Frischman] [Actual: Raymond Wiederhold], 
[Row: 125] [Column: 4] [Expected: Collateral Management] [Actual: Middle Office], 
[Row: 126] [Column: 1] [Expected: 6,798] [Actual: 7,337], 
[Row: 126] [Column: 2] [Expected: spalmrot] [Actual: dfrischm], 
[Row: 126] [Column: 3] [Expected: Stephen Palmroth] [Actual: Daniel Frischman], 
[Row: 126] [Column: 4] [Expected: IT Customer Services &amp; Support] [Actual: Collateral Management], 
[Row: 127] [Column: 1] [Expected: 7,347] [Actual: 6,798], 
[Row: 127] [Column: 2] [Expected: kwojtas] [Actual: spalmrot], 
[Row: 127] [Column: 3] [Expected: Kris Wojtas] [Actual: Stephen Palmroth], 
[Row: 127] [Column: 4] [Expected: Operations] [Actual: IT Customer Services &amp; Support], 
[Row: 127] [Column: 5] [Expected: 10 NBS] [Actual: 200 Elm], 
[Row: 128] [Column: 1] [Expected: 7,312] [Actual: 7,347], 
[Row: 128] [Column: 2] [Expected: czhang] [Actual: kwojtas], 
[Row: 128] [Column: 3] [Expected: Cheng (Craig) Zhang (Citco)] [Actual: Kris Wojtas], 
[Row: 128] [Column: 4] [Expected: CITCO] [Actual: Operations], 
[Row: 128] [Column: 5] [Expected: CITCO HFX - DIV] [Actual: 10 NBS], 
[Row: 129] [Column: 1] [Expected: 7,350] [Actual: 7,312], 
[Row: 129] [Column: 2] [Expected: ghuang] [Actual: czhang], 
[Row: 129] [Column: 3] [Expected: Gengwei (Kevin) Huang (Citco)] [Actual: Cheng (Craig) Zhang (Citco)], 
[Row: 130] [Column: 1] [Expected: 7,342] [Actual: 7,350], 
[Row: 130] [Column: 2] [Expected: jgalvin] [Actual: ghuang], 
[Row: 130] [Column: 3] [Expected: James Galvin (Citco)] [Actual: Gengwei (Kevin) Huang (Citco)], 
[Row: 130] [Column: 5] [Expected: CITCO NJ - OPS] [Actual: CITCO HFX - DIV], 
[Row: 131] [Column: 1] [Expected: 7,365] [Actual: 7,342], 
[Row: 131] [Column: 2] [Expected: tseto] [Actual: jgalvin], 
[Row: 131] [Column: 3] [Expected: Tim Seto] [Actual: James Galvin (Citco)], 
[Row: 131] [Column: 4] [Expected: Treasury / Credit] [Actual: CITCO], 
[Row: 131] [Column: 5] [Expected: 51 Astor Place] [Actual: CITCO NJ - OPS], 
[Row: 132] [Column: 1] [Expected: 4,141] [Actual: 7,365], 
[Row: 132] [Column: 2] [Expected: tlodge] [Actual: tseto], 
[Row: 132] [Column: 3] [Expected: Toby Lodge] [Actual: Tim Seto], 
[Row: 132] [Column: 4] [Expected: Tax] [Actual: Treasury / Credit], 
[Row: 132] [Column: 5] [Expected: 10 NBS] [Actual: 51 Astor Place], 
[Row: 133] [Column: 1] [Expected: 7,375] [Actual: 4,141], 
[Row: 133] [Column: 2] [Expected: bchee] [Actual: tlodge], 
[Row: 133] [Column: 3] [Expected: Ben Chee] [Actual: Toby Lodge], 
[Row: 133] [Column: 4] [Expected: Operations] [Actual: Tax], 
[Row: 133] [Column: 5] [Expected: Singapore] [Actual: 10 NBS], 
[Row: 134] [Column: 1] [Expected: 6,923] [Actual: 7,375], 
[Row: 134] [Column: 2] [Expected: dkostic] [Actual: bchee], 
[Row: 134] [Column: 3] [Expected: Dejan Kostic (Accordia)] [Actual: Ben Chee], 
[Row: 134] [Column: 4] [Expected: IT Customer Services &amp; Support] [Actual: Operations], 
[Row: 134] [Column: 5] [Expected: Offsite - Non-US Office] [Actual: Singapore], 
[Row: 135] [Column: 1] [Expected: 7,386] [Actual: 6,923], 
[Row: 135] [Column: 2] [Expected: robertm] [Actual: dkostic], 
[Row: 135] [Column: 3] [Expected: Robert McHale] [Actual: Dejan Kostic (Accordia)], 
[Row: 135] [Column: 4] [Expected: Middle Office] [Actual: IT Customer Services &amp; Support], 
[Row: 135] [Column: 5] [Expected: 51 Astor Place] [Actual: Offsite - Non-US Office], 
[Row: 136] [Column: 1] [Expected: 7,391] [Actual: 7,386], 
[Row: 136] [Column: 2] [Expected: kvega] [Actual: robertm], 
[Row: 136] [Column: 3] [Expected: Krizia Kaye Vega (Citco)] [Actual: Robert McHale], 
[Row: 136] [Column: 4] [Expected: CITCO] [Actual: Middle Office], 
[Row: 136] [Column: 5] [Expected: CITCO MNL - RPT] [Actual: 51 Astor Place], 
[Row: 137] [Column: 1] [Expected: 7,390] [Actual: 7,391], 
[Row: 137] [Column: 2] [Expected: avong] [Actual: kvega], 
[Row: 137] [Column: 3] [Expected: Anthony Vong (Citco)] [Actual: Krizia Kaye Vega (Citco)], 
[Row: 137] [Column: 5] [Expected: CITCO MAL - RPT] [Actual: CITCO MNL - RPT], 
[Row: 138] [Column: 1] [Expected: 7,408] [Actual: 7,390], 
[Row: 138] [Column: 2] [Expected: kjackson] [Actual: avong], 
[Row: 138] [Column: 3] [Expected: Keith Jackson (Citco)] [Actual: Anthony Vong (Citco)], 
[Row: 138] [Column: 5] [Expected: CITCO NJ - OPS] [Actual: CITCO MAL - RPT], 
[Row: 139] [Column: 1] [Expected: 5,924] [Actual: 7,408], 
[Row: 139] [Column: 2] [Expected: mnedelto] [Actual: kjackson], 
[Row: 139] [Column: 3] [Expected: Michael Nedelton (CITCO)] [Actual: Keith Jackson (Citco)], 
[Row: 140] [Column: 1] [Expected: 6,295] [Actual: 5,924], 
[Row: 140] [Column: 2] [Expected: dwillis] [Actual: mnedelto], 
[Row: 140] [Column: 3] [Expected: Dominic Willis] [Actual: Michael Nedelton (CITCO)], 
[Row: 140] [Column: 4] [Expected: Trade Support] [Actual: CITCO], 
[Row: 140] [Column: 5] [Expected: 51 Astor Place] [Actual: CITCO NJ - OPS], 
[Row: 141] [Column: 1] [Expected: 7,416] [Actual: 6,295], 
[Row: 141] [Column: 2] [Expected: klaguard] [Actual: dwillis], 
[Row: 141] [Column: 3] [Expected: Kathlynn Laguardia] [Actual: Dominic Willis], 
[Row: 141] [Column: 4] [Expected: IT Customer Services &amp; Support] [Actual: Trade Support], 
[Row: 142] [Column: 1] [Expected: 7,288] [Actual: 7,416], 
[Row: 142] [Column: 2] [Expected: cfu] [Actual: klaguard], 
[Row: 142] [Column: 3] [Expected: Chris Fu (Citco)] [Actual: Kathlynn Laguardia], 
[Row: 142] [Column: 4] [Expected: CITCO] [Actual: IT Customer Services &amp; Support], 
[Row: 142] [Column: 5] [Expected: CITCO NJ - OPS] [Actual: 51 Astor Place], 
[Row: 143] [Column: 1] [Expected: 7,289] [Actual: 7,288], 
[Row: 143] [Column: 2] [Expected: dtellier] [Actual: cfu], 
[Row: 143] [Column: 3] [Expected: Daniel Tellier (Citco)] [Actual: Chris Fu (Citco)], 
[Row: 144] [Column: 1] [Expected: 7,424] [Actual: 7,289], 
[Row: 144] [Column: 2] [Expected: mdowling] [Actual: dtellier], 
[Row: 144] [Column: 3] [Expected: Mike Dowling (Citco)] [Actual: Daniel Tellier (Citco)], 
[Row: 145] [Column: 1] [Expected: 7,399] [Actual: 7,424], 
[Row: 145] [Column: 2] [Expected: aleung] [Actual: mdowling], 
[Row: 145] [Column: 3] [Expected: Andrew Leung (Citco)] [Actual: Mike Dowling (Citco)], 
[Row: 145] [Column: 5] [Expected: CITCO NJ - MO] [Actual: CITCO NJ - OPS], 
[Row: 146] [Column: 1] [Expected: 7,435] [Actual: 7,399], 
[Row: 146] [Column: 2] [Expected: kemery] [Actual: aleung], 
[Row: 146] [Column: 3] [Expected: Kyle Emery] [Actual: Andrew Leung (Citco)], 
[Row: 146] [Column: 4] [Expected: Middle Office] [Actual: CITCO], 
[Row: 146] [Column: 5] [Expected: 51 Astor Place] [Actual: CITCO NJ - MO], 
[Row: 147] [Column: 1] [Expected: 7,400] [Actual: 7,435], 
[Row: 147] [Column: 2] [Expected: ajoseph] [Actual: kemery], 
[Row: 147] [Column: 3] [Expected: Anil Joseph] [Actual: Kyle Emery], 
[Row: 147] [Column: 4] [Expected: Tax] [Actual: Middle Office], 
[Row: 147] [Column: 5] [Expected: 200 Elm] [Actual: 51 Astor Place], 
[Row: 148] [Column: 1] [Expected: 7,451] [Actual: 7,400], 
[Row: 148] [Column: 2] [Expected: seano] [Actual: ajoseph], 
[Row: 148] [Column: 3] [Expected: Sean O&#039;Neil] [Actual: Anil Joseph], 
[Row: 148] [Column: 4] [Expected: CITCO] [Actual: Tax], 
[Row: 148] [Column: 5] [Expected: CITCO HFX - OPS] [Actual: 200 Elm], 
[Row: 149] [Column: 1] [Expected: 7,448] [Actual: 7,451], 
[Row: 149] [Column: 2] [Expected: yujiang] [Actual: seano], 
[Row: 149] [Column: 3] [Expected: Yulin Jiang] [Actual: Sean O&#039;Neil], 
[Row: 149] [Column: 4] [Expected: Portfolio Oversight] [Actual: CITCO], 
[Row: 149] [Column: 5] [Expected: 51 Astor Place] [Actual: CITCO HFX - OPS], 
[Row: 150] [Column: 1] [Expected: 7,500] [Actual: 7,448], 
[Row: 150] [Column: 2] [Expected: anelson] [Actual: yujiang], 
[Row: 150] [Column: 3] [Expected: Alex Nelson] [Actual: Yulin Jiang], 
[Row: 150] [Column: 4] [Expected: IT Data Services] [Actual: Portfolio Oversight], 
[Row: 150] [Column: 5] [Expected: 200 Elm] [Actual: 51 Astor Place], 
[Row: 151] [Column: 1] [Expected: 7,503] [Actual: 7,500], 
[Row: 151] [Column: 2] [Expected: nkapadia] [Actual: anelson], 
[Row: 151] [Column: 3] [Expected: Nikhil Kapadia (CITCO)] [Actual: Alex Nelson], 
[Row: 151] [Column: 4] [Expected: CITCO] [Actual: IT Data Services], 
[Row: 151] [Column: 5] [Expected: CITCO NJ - OPS] [Actual: 200 Elm], 
[Row: 152] [Column: 1] [Expected: 7,504] [Actual: 7,503], 
[Row: 152] [Column: 2] [Expected: sandeeps] [Actual: nkapadia], 
[Row: 152] [Column: 3] [Expected: Sandeep Sharma (CITCO)] [Actual: Nikhil Kapadia (CITCO)], 
[Row: 153] [Column: 1] [Expected: 7,497] [Actual: 7,504], 
[Row: 153] [Column: 2] [Expected: mvulovic] [Actual: sandeeps], 
[Row: 153] [Column: 3] [Expected: Mirko Vulovic (Accordia)] [Actual: Sandeep Sharma (CITCO)], 
[Row: 153] [Column: 4] [Expected: Software Development] [Actual: CITCO], 
[Row: 153] [Column: 5] [Expected: Offsite - US Office] [Actual: CITCO NJ - OPS], 
[Row: 154] [Column: 1] [Expected: 7,544] [Actual: 7,497], 
[Row: 154] [Column: 2] [Expected: jtabarno] [Actual: mvulovic], 
[Row: 154] [Column: 3] [Expected: Joanne Tabarno (Citco)] [Actual: Mirko Vulovic (Accordia)], 
[Row: 154] [Column: 4] [Expected: CITCO] [Actual: Software Development], 
[Row: 154] [Column: 5] [Expected: CITCO MNL - RPT] [Actual: Offsite - US Office], 
[Row: 155] [Column: 1] [Expected: 7,541] [Actual: 7,544], 
[Row: 155] [Column: 2] [Expected: vvincent] [Actual: jtabarno], 
[Row: 155] [Column: 3] [Expected: Valerian Vincent (Citco)] [Actual: Joanne Tabarno (Citco)], 
[Row: 155] [Column: 5] [Expected: CITCO NJ - OPS] [Actual: CITCO MNL - RPT], 
[Row: 156] [Column: 1] [Expected: 7,542] [Actual: 7,541], 
[Row: 156] [Column: 2] [Expected: nitins] [Actual: vvincent], 
[Row: 156] [Column: 3] [Expected: Nitin Singh (Citco)] [Actual: Valerian Vincent (Citco)], 
[Row: 157] [Column: 1] [Expected: 7,556] [Actual: 7,542], 
[Row: 157] [Column: 2] [Expected: poonams] [Actual: nitins], 
[Row: 157] [Column: 3] [Expected: Poonam Sharma] [Actual: Nitin Singh (Citco)], 
[Row: 157] [Column: 4] [Expected: Legal and Compliance] [Actual: CITCO], 
[Row: 157] [Column: 5] [Expected: 51 Astor Place] [Actual: CITCO NJ - OPS], 
[Row: 158] [Column: 1] [Expected: 7,585] [Actual: 7,556], 
[Row: 158] [Column: 2] [Expected: shouston] [Actual: poonams], 
[Row: 158] [Column: 3] [Expected: Stuart Houston] [Actual: Poonam Sharma], 
[Row: 158] [Column: 4] [Expected: Operations] [Actual: Legal and Compliance], 
[Row: 158] [Column: 5] [Expected: 10 NBS] [Actual: 51 Astor Place], 
[Row: 159] [Column: 1] [Expected: 7,599] [Actual: 7,585], 
[Row: 159] [Column: 2] [Expected: jyung] [Actual: shouston], 
[Row: 159] [Column: 3] [Expected: Jonathan Yung] [Actual: Stuart Houston], 
[Row: 159] [Column: 4] [Expected: Middle Office] [Actual: Operations], 
[Row: 160] [Column: 1] [Expected: 7,616] [Actual: 7,599], 
[Row: 160] [Column: 2] [Expected: pdurnfor] [Actual: jyung], 
[Row: 160] [Column: 3] [Expected: Piers Durnford] [Actual: Jonathan Yung], 
[Row: 160] [Column: 4] [Expected: Operations] [Actual: Middle Office], 
[Row: 161] [Column: 1] [Expected: 6,859] [Actual: 7,616], 
[Row: 161] [Column: 2] [Expected: lfranco] [Actual: pdurnfor], 
[Row: 161] [Column: 3] [Expected: Lori Franco] [Actual: Piers Durnford], 
[Row: 161] [Column: 4] [Expected: Financial Reporting] [Actual: Operations], 
[Row: 161] [Column: 5] [Expected: Palm Beach] [Actual: 10 NBS], 
[Row: 162] [Column: 1] [Expected: 7,629] [Actual: 6,859], 
[Row: 162] [Column: 2] [Expected: smuthu] [Actual: lfranco], 
[Row: 162] [Column: 3] [Expected: Shankar Muthu] [Actual: Lori Franco], 
[Row: 162] [Column: 4] [Expected: IT Customer Services &amp; Support] [Actual: Financial Reporting], 
[Row: 162] [Column: 5] [Expected: Singapore] [Actual: Palm Beach], 
[Row: 163] [Column: 1] [Expected: 6,358] [Actual: 7,629], 
[Row: 163] [Column: 2] [Expected: ikorzhev] [Actual: smuthu], 
[Row: 163] [Column: 3] [Expected: Inna Korzhevskaya] [Actual: Shankar Muthu], 
[Row: 163] [Column: 4] [Expected: Tax] [Actual: IT Customer Services &amp; Support], 
[Row: 163] [Column: 5] [Expected: 10 NBS] [Actual: Singapore], 
[Row: 164] [Column: 1] [Expected: 7,352] [Actual: 6,358], 
[Row: 164] [Column: 2] [Expected: ischuckm] [Actual: ikorzhev], 
[Row: 164] [Column: 3] [Expected: Ivy Schuckman (Untract Early)] [Actual: Inna Korzhevskaya], 
[Row: 164] [Column: 4] [Expected: Financial Reporting] [Actual: Tax], 
[Row: 164] [Column: 5] [Expected: Offsite - US Office] [Actual: 10 NBS], 
[Row: 165] [Column: 1] [Expected: 7,358] [Actual: 7,352], 
[Row: 165] [Column: 2] [Expected: rslootma] [Actual: ischuckm], 
[Row: 165] [Column: 3] [Expected: Robert Slootmaker (Untracht Early)] [Actual: Ivy Schuckman (Untract Early)], 
[Row: 166] [Column: 1] [Expected: 7,353] [Actual: 7,358], 
[Row: 166] [Column: 2] [Expected: adevita] [Actual: rslootma], 
[Row: 166] [Column: 3] [Expected: Adria DeVita (Untracht Early)] [Actual: Robert Slootmaker (Untracht Early)], 
[Row: 167] [Column: 1] [Expected: 7,631] [Actual: 7,353], 
[Row: 167] [Column: 2] [Expected: zrankov] [Actual: adevita], 
[Row: 167] [Column: 3] [Expected: Zdravko Rankov] [Actual: Adria DeVita (Untracht Early)], 
[Row: 167] [Column: 4] [Expected: IT Data Services] [Actual: Financial Reporting], 
[Row: 167] [Column: 5] [Expected: 10 NBS] [Actual: Offsite - US Office], 
[Row: 168] [Column: 1] [Expected: 7,551] [Actual: 7,631], 
[Row: 168] [Column: 2] [Expected: elam] [Actual: zrankov], 
[Row: 168] [Column: 3] [Expected: Eric Lam (Citco)] [Actual: Zdravko Rankov], 
[Row: 168] [Column: 4] [Expected: CITCO] [Actual: IT Data Services], 
[Row: 168] [Column: 5] [Expected: CITCO NJ - MO] [Actual: 10 NBS], 
[Row: 169] [Column: 1] [Expected: 7,547] [Actual: 7,551], 
[Row: 169] [Column: 2] [Expected: mzhou] [Actual: elam], 
[Row: 169] [Column: 3] [Expected: Mingyi Zhou (Citco)] [Actual: Eric Lam (Citco)], 
[Row: 170] [Column: 1] [Expected: 7,548] [Actual: 7,547], 
[Row: 170] [Column: 2] [Expected: shenry] [Actual: mzhou], 
[Row: 170] [Column: 3] [Expected: Spencer Henry (Citco)] [Actual: Mingyi Zhou (Citco)], 
[Row: 171] [Column: 1] [Expected: 7,357] [Actual: 7,548], 
[Row: 171] [Column: 2] [Expected: swalker] [Actual: shenry], 
[Row: 171] [Column: 3] [Expected: Steven Walker (Untracht Early)] [Actual: Spencer Henry (Citco)], 
[Row: 171] [Column: 4] [Expected: Financial Reporting] [Actual: CITCO], 
[Row: 171] [Column: 5] [Expected: Offsite - US Office] [Actual: CITCO NJ - MO], 
[Row: 172] [Column: 1] [Expected: 7,579] [Actual: 7,357], 
[Row: 172] [Column: 2] [Expected: cmckinle] [Actual: swalker], 
[Row: 172] [Column: 3] [Expected: Colin McKinley] [Actual: Steven Walker (Untracht Early)], 
[Row: 172] [Column: 4] [Expected: Software Development] [Actual: Financial Reporting], 
[Row: 172] [Column: 5] [Expected: 200 Elm] [Actual: Offsite - US Office], 
[Row: 173] [Column: 1] [Expected: 7,657] [Actual: 7,579], 
[Row: 173] [Column: 2] [Expected: ihadero] [Actual: cmckinle], 
[Row: 173] [Column: 3] [Expected: Isral Hadero (Citco)] [Actual: Colin McKinley], 
[Row: 173] [Column: 4] [Expected: CITCO] [Actual: Software Development], 
[Row: 173] [Column: 5] [Expected: CITCO MAL - RPT] [Actual: 200 Elm], 
[Row: 174] [Column: 1] [Expected: 7,669] [Actual: 7,657], 
[Row: 174] [Column: 2] [Expected: amyz] [Actual: ihadero], 
[Row: 174] [Column: 3] [Expected: Amy Zhang] [Actual: Isral Hadero (Citco)], 
[Row: 174] [Column: 4] [Expected: Tax] [Actual: CITCO], 
[Row: 174] [Column: 5] [Expected: 200 Elm] [Actual: CITCO MAL - RPT], 
[Row: 175] [Column: 1] [Expected: 7,441] [Actual: 7,669], 
[Row: 175] [Column: 2] [Expected: cscala] [Actual: amyz], 
[Row: 175] [Column: 3] [Expected: Chelsea Scala] [Actual: Amy Zhang], 
[Row: 175] [Column: 4] [Expected: IT Data Services] [Actual: Tax], 
[Row: 176] [Column: 1] [Expected: 7,689] [Actual: 7,441], 
[Row: 176] [Column: 2] [Expected: hthompso] [Actual: cscala], 
[Row: 176] [Column: 3] [Expected: Hector Thompson] [Actual: Chelsea Scala], 
[Row: 176] [Column: 4] [Expected: Legal and Compliance] [Actual: IT Data Services], 
[Row: 176] [Column: 5] [Expected: 10 NBS] [Actual: 200 Elm], 
[Row: 177] [Column: 1] [Expected: 7,604] [Actual: 7,689], 
[Row: 177] [Column: 2] [Expected: djanjevi] [Actual: hthompso], 
[Row: 177] [Column: 3] [Expected: Dragoje Janjevic (Accordia)] [Actual: Hector Thompson], 
[Row: 177] [Column: 4] [Expected: Business Mgmt and Analysis] [Actual: Legal and Compliance], 
[Row: 177] [Column: 5] [Expected: Offsite - Non-US Office] [Actual: 10 NBS], 
[Row: 178] [Column: 1] [Expected: 7,687] [Actual: 7,604], 
[Row: 178] [Column: 2] [Expected: pprykhod] [Actual: djanjevi], 
[Row: 178] [Column: 3] [Expected: Petro Prykhodko (Luxoft)] [Actual: Dragoje Janjevic (Accordia)], 
[Row: 178] [Column: 4] [Expected: Software Development] [Actual: Business Mgmt and Analysis], 
[Row: 179] [Column: 1] [Expected: 7,705] [Actual: 7,687], 
[Row: 179] [Column: 2] [Expected: aravisha] [Actual: pprykhod], 
[Row: 179] [Column: 3] [Expected: Aditi Ravishankar] [Actual: Petro Prykhodko (Luxoft)], 
[Row: 179] [Column: 4] [Expected: Risk Management] [Actual: Software Development], 
[Row: 179] [Column: 5] [Expected: 10 NBS] [Actual: Offsite - Non-US Office], 
[Row: 180] [Column: 1] [Expected: 1,022] [Actual: 7,705], 
[Row: 180] [Column: 2] [Expected: mluizza] [Actual: aravisha], 
[Row: 180] [Column: 3] [Expected: Matthew Luizza] [Actual: Aditi Ravishankar], 
[Row: 180] [Column: 4] [Expected: Facilities] [Actual: Risk Management], 
[Row: 180] [Column: 5] [Expected: 200 Elm] [Actual: 10 NBS], 
[Row: 181] [Column: 1] [Expected: 7,736] [Actual: 1,022], 
[Row: 181] [Column: 2] [Expected: rchauhan] [Actual: mluizza], 
[Row: 181] [Column: 3] [Expected: Rahul Chauhan] [Actual: Matthew Luizza], 
[Row: 181] [Column: 4] [Expected: Risk Management] [Actual: Facilities], 
[Row: 181] [Column: 5] [Expected: 51 Astor Place] [Actual: 200 Elm], 
[Row: 182] [Column: 1] [Expected: 7,721] [Actual: 7,736], 
[Row: 182] [Column: 2] [Expected: rbelchad] [Actual: rchauhan], 
[Row: 182] [Column: 3] [Expected: Rahul Belchade (Citco)] [Actual: Rahul Chauhan], 
[Row: 182] [Column: 4] [Expected: CITCO] [Actual: Risk Management], 
[Row: 182] [Column: 5] [Expected: CITCO NJ - OPS] [Actual: 51 Astor Place], 
[Row: 183] [Column: 1] [Expected: 7,747] [Actual: 7,721], 
[Row: 183] [Column: 2] [Expected: smcauley] [Actual: rbelchad], 
[Row: 183] [Column: 3] [Expected: Shawn McAuley] [Actual: Rahul Belchade (Citco)], 
[Row: 183] [Column: 4] [Expected: Financial Reporting] [Actual: CITCO], 
[Row: 183] [Column: 5] [Expected: 200 Elm] [Actual: CITCO NJ - OPS], 
[Row: 184] [Column: 1] [Expected: 7,748] [Actual: 7,747], 
[Row: 184] [Column: 2] [Expected: ssilva] [Actual: smcauley], 
[Row: 184] [Column: 3] [Expected: Stephanie Silva] [Actual: Shawn McAuley], 
[Row: 184] [Column: 4] [Expected: Facilities] [Actual: Financial Reporting], 
[Row: 185] [Column: 1] [Expected: 7,746] [Actual: 7,748], 
[Row: 185] [Column: 2] [Expected: smazumda] [Actual: ssilva], 
[Row: 185] [Column: 3] [Expected: Sanjay Mazumdar] [Actual: Stephanie Silva], 
[Row: 185] [Column: 4] [Expected: Business Mgmt and Analysis] [Actual: Facilities], 
[Row: 185] [Column: 5] [Expected: 10 NBS] [Actual: 200 Elm], 
[Row: 186] [Column: 1] [Expected: 7,613] [Actual: 7,746], 
[Row: 186] [Column: 2] [Expected: oyurkivs] [Actual: smazumda], 
[Row: 186] [Column: 3] [Expected: Oleg Yurkivskyy (Luxoft)] [Actual: Sanjay Mazumdar], 
[Row: 186] [Column: 4] [Expected: Software Development] [Actual: Business Mgmt and Analysis], 
[Row: 186] [Column: 5] [Expected: Offsite - Non-US Office] [Actual: 10 NBS], 
[Row: 187] [Column: 1] [Expected: 4,777] [Actual: 7,613], 
[Row: 187] [Column: 2] [Expected: mtyson] [Actual: oyurkivs], 
[Row: 187] [Column: 3] [Expected: Matthew Tyson] [Actual: Oleg Yurkivskyy (Luxoft)], 
[Row: 187] [Column: 4] [Expected: IT Customer Services &amp; Support] [Actual: Software Development], 
[Row: 187] [Column: 5] [Expected: 200 Elm] [Actual: Offsite - Non-US Office], 
[Row: 188] [Column: 1] [Expected: 7,757] [Actual: 4,777], 
[Row: 188] [Column: 2] [Expected: asai] [Actual: mtyson], 
[Row: 188] [Column: 3] [Expected: Ambika Sai (NIIT)] [Actual: Matthew Tyson], 
[Row: 188] [Column: 4] [Expected: IT Data Services] [Actual: IT Customer Services &amp; Support], 
[Row: 188] [Column: 5] [Expected: Offsite - Non-US Office] [Actual: 200 Elm], 
[Row: 189] [Column: 1] [Expected: 7,696] [Actual: 7,757], 
[Row: 189] [Column: 2] [Expected: melissar] [Actual: asai], 
[Row: 189] [Column: 3] [Expected: Melissa Rivera (Citco)] [Actual: Ambika Sai (NIIT)], 
[Row: 189] [Column: 4] [Expected: CITCO] [Actual: IT Data Services], 
[Row: 189] [Column: 5] [Expected: CITCO MNL - RPT] [Actual: Offsite - Non-US Office], 
[Row: 190] [Column: 1] [Expected: 7,700] [Actual: 7,696], 
[Row: 190] [Column: 2] [Expected: nyacoub] [Actual: melissar], 
[Row: 190] [Column: 3] [Expected: Nour Yacoub] [Actual: Melissa Rivera (Citco)], 
[Row: 190] [Column: 4] [Expected: Tax] [Actual: CITCO], 
[Row: 190] [Column: 5] [Expected: 200 Elm] [Actual: CITCO MNL - RPT], 
[Row: 191] [Column: 1] [Expected: 7,771] [Actual: 7,700], 
[Row: 191] [Column: 2] [Expected: aadil] [Actual: nyacoub], 
[Row: 191] [Column: 3] [Expected: Azfar Adil] [Actual: Nour Yacoub], 
[Row: 191] [Column: 4] [Expected: Risk Management] [Actual: Tax], 
[Row: 191] [Column: 5] [Expected: 51 Astor Place] [Actual: 200 Elm], 
[Row: 192] [Column: 1] [Expected: 7,105] [Actual: 7,771], 
[Row: 192] [Column: 2] [Expected: swithers] [Actual: aadil], 
[Row: 192] [Column: 3] [Expected: Skye Withers] [Actual: Azfar Adil], 
[Row: 192] [Column: 4] [Expected: IT Customer Services &amp; Support] [Actual: Risk Management], 
[Row: 192] [Column: 5] [Expected: 10 NBS] [Actual: 51 Astor Place], 
[Row: 193] [Column: 1] [Expected: 7,778] [Actual: 7,105], 
[Row: 193] [Column: 2] [Expected: jche] [Actual: swithers], 
[Row: 193] [Column: 3] [Expected: Joy Che] [Actual: Skye Withers], 
[Row: 193] [Column: 4] [Expected: Middle Office] [Actual: IT Customer Services &amp; Support], 
[Row: 193] [Column: 5] [Expected: 51 Astor Place] [Actual: 10 NBS], 
[Row: 194] [Column: 1] [Expected: 7,783] [Actual: 7,778], 
[Row: 194] [Column: 2] [Expected: mdimassi] [Actual: jche], 
[Row: 194] [Column: 3] [Expected: Menel Dimassi] [Actual: Joy Che], 
[Row: 194] [Column: 4] [Expected: Operations] [Actual: Middle Office], 
[Row: 194] [Column: 5] [Expected: 200 Elm] [Actual: 51 Astor Place], 
[Row: 195] [Column: 1] [Expected: 7,780] [Actual: 7,783], 
[Row: 195] [Column: 2] [Expected: jtodd] [Actual: mdimassi], 
[Row: 195] [Column: 3] [Expected: Jason Todd] [Actual: Menel Dimassi], 
[Row: 195] [Column: 4] [Expected: Office of the CTO] [Actual: Operations], 
[Row: 196] [Column: 1] [Expected: 7,777] [Actual: 7,780], 
[Row: 196] [Column: 2] [Expected: jhaynes] [Actual: jtodd], 
[Row: 196] [Column: 3] [Expected: John Haynes (ExHI)] [Actual: Jason Todd], 
[Row: 196] [Column: 4] [Expected: Software Development] [Actual: Office of the CTO], 
[Row: 196] [Column: 5] [Expected: Offsite - US Office] [Actual: 200 Elm], 
[Row: 197] [Column: 1] [Expected: 7,768] [Actual: 7,777], 
[Row: 197] [Column: 2] [Expected: bbednar] [Actual: jhaynes], 
[Row: 197] [Column: 3] [Expected: Brianna Bednar (EY)] [Actual: John Haynes (ExHI)], 
[Row: 197] [Column: 4] [Expected: Financial Reporting] [Actual: Software Development], 
[Row: 198] [Column: 1] [Expected: 7,767] [Actual: 7,768], 
[Row: 198] [Column: 2] [Expected: acicchet] [Actual: bbednar], 
[Row: 198] [Column: 3] [Expected: Anthony Cicchetti (EY)] [Actual: Brianna Bednar (EY)], 
[Row: 199] [Column: 1] [Expected: 6,939] [Actual: 7,767], 
[Row: 199] [Column: 2] [Expected: dioffe] [Actual: acicchet], 
[Row: 199] [Column: 3] [Expected: Dimitry Ioffe] [Actual: Anthony Cicchetti (EY)], 
[Row: 199] [Column: 4] [Expected: IT Customer Services &amp; Support] [Actual: Financial Reporting], 
[Row: 199] [Column: 5] [Expected: 51 Astor Place] [Actual: Offsite - US Office], 
[Row: 200] [Column: 1] [Expected: 7,672] [Actual: 6,939], 
[Row: 200] [Column: 2] [Expected: rhanraha] [Actual: dioffe], 
[Row: 200] [Column: 3] [Expected: Ryan Hanrahan (Citco)] [Actual: Dimitry Ioffe], 
[Row: 200] [Column: 4] [Expected: CITCO] [Actual: IT Customer Services &amp; Support], 
[Row: 200] [Column: 5] [Expected: CITCO MAL - RPT] [Actual: 51 Astor Place], 
[Row: 201] [Column: 1] [Expected: 7,812] [Actual: 7,672], 
[Row: 201] [Column: 2] [Expected: jwang] [Actual: rhanraha], 
[Row: 201] [Column: 3] [Expected: Jue Wang (Citco)] [Actual: Ryan Hanrahan (Citco)], 
[Row: 201] [Column: 5] [Expected: CITCO NJ - OPS] [Actual: CITCO MAL - RPT], 
[Row: 202] [Column: 1] [Expected: 7,321] [Actual: 7,812], 
[Row: 202] [Column: 2] [Expected: lcompani] [Actual: jwang], 
[Row: 202] [Column: 3] [Expected: Lisa Companion (Citco)] [Actual: Jue Wang (Citco)], 
[Row: 202] [Column: 5] [Expected: CITCO HFX - DIV] [Actual: CITCO NJ - OPS], 
[Row: 203] [Column: 1] [Expected: 7,271] [Actual: 7,321], 
[Row: 203] [Column: 2] [Expected: mzhang] [Actual: lcompani], 
[Row: 203] [Column: 3] [Expected: Muting Zhang (Citco)] [Actual: Lisa Companion (Citco)], 
[Row: 203] [Column: 5] [Expected: CITCO HFX - OPS] [Actual: CITCO HFX - DIV], 
[Row: 204] [Column: 1] [Expected: 7,199] [Actual: 7,271], 
[Row: 204] [Column: 2] [Expected: jbardos] [Actual: mzhang], 
[Row: 204] [Column: 3] [Expected: Jacob Bardos (Citco)] [Actual: Muting Zhang (Citco)], 
[Row: 205] [Column: 1] [Expected: 7,772] [Actual: 7,199], 
[Row: 205] [Column: 2] [Expected: xxue] [Actual: jbardos], 
[Row: 205] [Column: 3] [Expected: Xiaojun Xue (Citco)] [Actual: Jacob Bardos (Citco)], 
[Row: 205] [Column: 5] [Expected: CITCO HFX - DIV] [Actual: CITCO HFX - OPS], 
[Row: 206] [Column: 1] [Expected: 7,635] [Actual: 7,772], 
[Row: 206] [Column: 2] [Expected: jmacinty] [Actual: xxue], 
[Row: 206] [Column: 3] [Expected: Josh Macintyre (Citco)] [Actual: Xiaojun Xue (Citco)], 
[Row: 207] [Column: 1] [Expected: 7,811] [Actual: 7,635], 
[Row: 207] [Column: 2] [Expected: achanged] [Actual: jmacinty], 
[Row: 207] [Column: 3] [Expected: Abhishek Changede (Citco)] [Actual: Josh Macintyre (Citco)], 
[Row: 207] [Column: 5] [Expected: CITCO MLA - OPS] [Actual: CITCO HFX - DIV], 
[Row: 208] [Column: 1] [Expected: 7,813] [Actual: 7,811], 
[Row: 208] [Column: 2] [Expected: rqu] [Actual: achanged], 
[Row: 208] [Column: 3] [Expected: Ruixuan Qu (Citco)] [Actual: Abhishek Changede (Citco)], 
[Row: 208] [Column: 5] [Expected: CITCO NJ - OPS] [Actual: CITCO MLA - OPS], 
[Row: 209] [Column: 1] [Expected: 7,823] [Actual: 7,813], 
[Row: 209] [Column: 2] [Expected: ssingh] [Actual: rqu], 
[Row: 209] [Column: 3] [Expected: Swati Singh (NIIT)] [Actual: Ruixuan Qu (Citco)], 
[Row: 209] [Column: 4] [Expected: IT Data Services] [Actual: CITCO], 
[Row: 209] [Column: 5] [Expected: Offsite - Non-US Office] [Actual: CITCO NJ - OPS], 
[Row: 210] [Column: 1] [Expected: 7,822] [Actual: 7,823], 
[Row: 210] [Column: 2] [Expected: kmalhotr] [Actual: ssingh], 
[Row: 210] [Column: 3] [Expected: Kartik Malhotra (NIIT)] [Actual: Swati Singh (NIIT)], 
[Row: 211] [Column: 1] [Expected: 7,739] [Actual: 7,822], 
[Row: 211] [Column: 2] [Expected: jtartagl] [Actual: kmalhotr], 
[Row: 211] [Column: 3] [Expected: John Tartaglia] [Actual: Kartik Malhotra (NIIT)], 
[Row: 211] [Column: 4] [Expected: Collateral Management] [Actual: IT Data Services], 
[Row: 211] [Column: 5] [Expected: Offsite - US Office] [Actual: Offsite - Non-US Office], 
[Row: 212] [Column: 1] [Expected: 7,832] [Actual: 7,739], 
[Row: 212] [Column: 2] [Expected: vsharma] [Actual: jtartagl], 
[Row: 212] [Column: 3] [Expected: Vishal Sharma (Citco)] [Actual: John Tartaglia], 
[Row: 212] [Column: 4] [Expected: CITCO] [Actual: Collateral Management], 
[Row: 212] [Column: 5] [Expected: CITCO NJ - OPS] [Actual: Offsite - US Office], 
[Row: 213] [Column: 1] [Expected: 7,831] [Actual: 7,832], 
[Row: 213] [Column: 2] [Expected: sbiswas] [Actual: vsharma], 
[Row: 213] [Column: 3] [Expected: Sandeepan Biswas (Citco)] [Actual: Vishal Sharma (Citco)], 
[Row: 214] [Column: 1] [Expected: 7,836] [Actual: 7,831], 
[Row: 214] [Column: 2] [Expected: dovadyk] [Actual: sbiswas], 
[Row: 214] [Column: 3] [Expected: Dmytro Ovadyk (Luxoft)] [Actual: Sandeepan Biswas (Citco)], 
[Row: 214] [Column: 4] [Expected: Software Development] [Actual: CITCO], 
[Row: 214] [Column: 5] [Expected: Offsite - Non-US Office] [Actual: CITCO NJ - OPS], 
[Row: 215] [Column: 1] [Expected: 5,769] [Actual: 7,836], 
[Row: 215] [Column: 2] [Expected: chrisd] [Actual: dovadyk], 
[Row: 215] [Column: 3] [Expected: Chris Davis] [Actual: Dmytro Ovadyk (Luxoft)], 
[Row: 215] [Column: 4] [Expected: Legal and Compliance] [Actual: Software Development], 
[Row: 215] [Column: 5] [Expected: 51 Astor Place] [Actual: Offsite - Non-US Office], 
[Row: 216] [Column: 1] [Expected: 7,027] [Actual: 5,769], 
[Row: 216] [Column: 2] [Expected: jsandhu] [Actual: chrisd], 
[Row: 216] [Column: 3] [Expected: Jujhar Sandhu] [Actual: Chris Davis], 
[Row: 216] [Column: 4] [Expected: Software Development] [Actual: Legal and Compliance], 
[Row: 216] [Column: 5] [Expected: 10 NBS] [Actual: 51 Astor Place], 
[Row: 217] [Column: 1] [Expected: 7,841] [Actual: 7,027], 
[Row: 217] [Column: 2] [Expected: gdelacer] [Actual: jsandhu], 
[Row: 217] [Column: 3] [Expected: Gabriela De La Cerda] [Actual: Jujhar Sandhu], 
[Row: 218] [Column: 1] [Expected: 7,643] [Actual: 7,841], 
[Row: 218] [Column: 2] [Expected: okiktiev] [Actual: gdelacer], 
[Row: 218] [Column: 3] [Expected: Oleg Kiktiev (Luxoft)] [Actual: Gabriela De La Cerda], 
[Row: 218] [Column: 5] [Expected: Offsite - Non-US Office] [Actual: 10 NBS], 
[Row: 219] [Column: 1] [Expected: 5,904] [Actual: 7,643], 
[Row: 219] [Column: 2] [Expected: edukhan] [Actual: okiktiev], 
[Row: 219] [Column: 3] [Expected: Eduard Dukhan (Open Systems)] [Actual: Oleg Kiktiev (Luxoft)], 
[Row: 219] [Column: 4] [Expected: IT Customer Services &amp; Support] [Actual: Software Development], 
[Row: 219] [Column: 5] [Expected: 51 Astor Place] [Actual: Offsite - Non-US Office], 
[Row: 220] [Column: 1] [Expected: 7,867] [Actual: 5,904], 
[Row: 220] [Column: 2] [Expected: yibrahim] [Actual: edukhan], 
[Row: 220] [Column: 3] [Expected: Yasser Ibrahim] [Actual: Eduard Dukhan (Open Systems)], 
[Row: 220] [Column: 4] [Expected: Operations] [Actual: IT Customer Services &amp; Support], 
[Row: 220] [Column: 5] [Expected: 200 Elm] [Actual: 51 Astor Place], 
[Row: 221] [Column: 1] [Expected: 267] [Actual: 7,867], 
[Row: 221] [Column: 2] [Expected: pjones] [Actual: yibrahim], 
[Row: 221] [Column: 3] [Expected: Paul Jones] [Actual: Yasser Ibrahim], 
[Row: 221] [Column: 4] [Expected: Chief Investment Office] [Actual: Operations], 
[Row: 221] [Column: 5] [Expected: Palm Beach] [Actual: 200 Elm], 
[Row: 221] [Column: 6] [Expected: ! - Most Traders] [Actual: ! - All Traders], 
[Row: 222] [Column: 1] [Expected: 131] [Actual: 267], 
[Row: 222] [Column: 2] [Expected: dcook] [Actual: pjones], 
[Row: 222] [Column: 3] [Expected: Daryl Cook] [Actual: Paul Jones], 
[Row: 222] [Column: 4] [Expected: Systems Trading] [Actual: Chief Investment Office], 
[Row: 222] [Column: 5] [Expected: 10 NBS] [Actual: Palm Beach], 
[Row: 222] [Column: 6] [Expected: FxDesk] [Actual: ! - Most Traders], 
[Row: 223] [Column: 1] [Expected: 1,188] [Actual: 131], 
[Row: 223] [Column: 2] [Expected: mglennan] [Actual: dcook], 
[Row: 223] [Column: 3] [Expected: Mike Glennan] [Actual: Daryl Cook], 
[Row: 223] [Column: 5] [Expected: 200 Elm] [Actual: 10 NBS], 
[Row: 224] [Column: 1] [Expected: 3] [Actual: 1,188], 
[Row: 224] [Column: 2] [Expected: stevee] [Actual: mglennan], 
[Row: 224] [Column: 3] [Expected: Steve Evans] [Actual: Mike Glennan], 
[Row: 225] [Column: 1] [Expected: 5,032] [Actual: 3], 
[Row: 225] [Column: 2] [Expected: abelinky] [Actual: stevee], 
[Row: 225] [Column: 3] [Expected: Alejandro Belinky] [Actual: Steve Evans], 
[Row: 225] [Column: 4] [Expected: Global Macro Trading] [Actual: Systems Trading], 
[Row: 226] [Column: 1] [Expected: 987] [Actual: 5,032], 
[Row: 226] [Column: 2] [Expected: cdodman] [Actual: abelinky], 
[Row: 226] [Column: 3] [Expected: Colleen Dodman] [Actual: Alejandro Belinky], 
[Row: 226] [Column: 4] [Expected: PTJ Personal] [Actual: Global Macro Trading], 
[Row: 226] [Column: 5] [Expected: Greenwich American Center] [Actual: 200 Elm], 
[Row: 226] [Column: 6] [Expected: Hedge] [Actual: FxDesk], 
[Row: 227] [Column: 6] [Expected: Treasury] [Actual: Hedge], 
[Row: 228] [Column: 1] [Expected: 4,478] [Actual: 987], 
[Row: 228] [Column: 2] [Expected: afox] [Actual: cdodman], 
[Row: 228] [Column: 3] [Expected: Ashley Fox] [Actual: Colleen Dodman], 
[Row: 228] [Column: 4] [Expected: Global Macro Trading] [Actual: PTJ Personal], 
[Row: 228] [Column: 5] [Expected: 10 NBS] [Actual: Greenwich American Center], 
[Row: 228] [Column: 6] [Expected: afox] [Actual: Treasury], 
[Row: 229] [Column: 1] [Expected: 1,101] [Actual: 4,478], 
[Row: 229] [Column: 2] [Expected: rjackson] [Actual: afox], 
[Row: 229] [Column: 3] [Expected: Richard Jackson] [Actual: Ashley Fox], 
[Row: 230] [Column: 1] [Expected: 7,507] [Actual: 1,101], 
[Row: 230] [Column: 2] [Expected: joeg] [Actual: rjackson], 
[Row: 230] [Column: 3] [Expected: Joe Goodman] [Actual: Richard Jackson], 
[Row: 231] [Column: 1] [Expected: 7,529] [Actual: 7,507], 
[Row: 231] [Column: 2] [Expected: asiwji] [Actual: joeg], 
[Row: 231] [Column: 3] [Expected: Abbas Siwji] [Actual: Joe Goodman], 
[Row: 231] [Column: 6] [Expected: asiwji] [Actual: afox], 
[Row: 232] [Column: 1] [Expected: 7,524] [Actual: 7,529], 
[Row: 232] [Column: 2] [Expected: cnesti] [Actual: asiwji], 
[Row: 232] [Column: 3] [Expected: Cristiano Nesti] [Actual: Abbas Siwji], 
[Row: 233] [Column: 1] [Expected: 7,071] [Actual: 7,524], 
[Row: 233] [Column: 2] [Expected: atanna] [Actual: cnesti], 
[Row: 233] [Column: 3] [Expected: Amit Tanna] [Actual: Cristiano Nesti], 
[Row: 233] [Column: 6] [Expected: atanna] [Actual: asiwji], 
[Row: 234] [Column: 1] [Expected: 7,715] [Actual: 7,071], 
[Row: 234] [Column: 2] [Expected: plamaa] [Actual: atanna], 
[Row: 234] [Column: 3] [Expected: Patrick Lamaa] [Actual: Amit Tanna], 
[Row: 235] [Column: 1] [Expected: 7,857] [Actual: 7,715], 
[Row: 235] [Column: 2] [Expected: nwanvari] [Actual: plamaa], 
[Row: 235] [Column: 3] [Expected: Neev Wanvari] [Actual: Patrick Lamaa], 
[Row: 236] [Column: 1] [Expected: 6,330] [Actual: 7,857], 
[Row: 236] [Column: 2] [Expected: nbhuta] [Actual: nwanvari], 
[Row: 236] [Column: 3] [Expected: Nick Bhuta] [Actual: Neev Wanvari], 
[Row: 236] [Column: 5] [Expected: 51 Astor Place] [Actual: 10 NBS], 
[Row: 236] [Column: 6] [Expected: bmckenna] [Actual: atanna], 
[Row: 237] [Column: 1] [Expected: 7,827] [Actual: 6,330], 
[Row: 237] [Column: 2] [Expected: bmckenna] [Actual: nbhuta], 
[Row: 237] [Column: 3] [Expected: Bill McKenna] [Actual: Nick Bhuta], 
[Row: 238] [Column: 1] [Expected: 7,728] [Actual: 7,827], 
[Row: 238] [Column: 2] [Expected: danielp] [Actual: bmckenna], 
[Row: 238] [Column: 3] [Expected: Daniel Pelletier (other)] [Actual: Bill McKenna], 
[Row: 238] [Column: 5] [Expected: Offsite - US Office] [Actual: 51 Astor Place], 
[Row: 238] [Column: 6] [Expected: catalan] [Actual: bmckenna], 
[Row: 239] [Column: 1] [Expected: 7,732] [Actual: 7,728], 
[Row: 239] [Column: 2] [Expected: yorams] [Actual: danielp], 
[Row: 239] [Column: 3] [Expected: Yoram Sussmann (other)] [Actual: Daniel Pelletier (other)], 
[Row: 240] [Column: 1] [Expected: 7,729] [Actual: 7,732], 
[Row: 240] [Column: 2] [Expected: hunterg] [Actual: yorams], 
[Row: 240] [Column: 3] [Expected: Hunter Gassman (other)] [Actual: Yoram Sussmann (other)], 
[Row: 241] [Column: 1] [Expected: 7,499] [Actual: 7,729], 
[Row: 241] [Column: 2] [Expected: cdery] [Actual: hunterg], 
[Row: 241] [Column: 3] [Expected: Christian Dery] [Actual: Hunter Gassman (other)], 
[Row: 241] [Column: 5] [Expected: Singapore] [Actual: Offsite - US Office], 
[Row: 241] [Column: 6] [Expected: cdery] [Actual: catalan], 
[Row: 242] [Column: 1] [Expected: 7,522] [Actual: 7,499], 
[Row: 242] [Column: 2] [Expected: jlow] [Actual: cdery], 
[Row: 242] [Column: 3] [Expected: Jonathan Low] [Actual: Christian Dery], 
[Row: 243] [Column: 1] [Expected: 207] [Actual: 7,522], 
[Row: 243] [Column: 2] [Expected: albertoa] [Actual: jlow], 
[Row: 243] [Column: 3] [Expected: Alberto Antonini] [Actual: Jonathan Low], 
[Row: 243] [Column: 4] [Expected: Flow of Funds] [Actual: Global Macro Trading], 
[Row: 243] [Column: 5] [Expected: 51 Astor Place] [Actual: Singapore], 
[Row: 243] [Column: 6] [Expected: corphedge] [Actual: cdery], 
[Row: 244] [Column: 1] [Expected: 324] [Actual: 207], 
[Row: 244] [Column: 2] [Expected: jscranton] [Actual: albertoa], 
[Row: 244] [Column: 3] [Expected: John Scranton] [Actual: Alberto Antonini], 
[Row: 244] [Column: 4] [Expected: Market Strategy] [Actual: Flow of Funds], 
[Row: 244] [Column: 5] [Expected: 200 Elm] [Actual: 51 Astor Place], 
[Row: 245] [Column: 1] [Expected: 7,659] [Actual: 324], 
[Row: 245] [Column: 2] [Expected: crobinso] [Actual: jscranton], 
[Row: 245] [Column: 3] [Expected: Craig Robinson] [Actual: John Scranton], 
[Row: 245] [Column: 4] [Expected: Global Macro Trading] [Actual: Market Strategy], 
[Row: 245] [Column: 5] [Expected: 10 NBS] [Actual: 200 Elm], 
[Row: 245] [Column: 6] [Expected: crobinso] [Actual: corphedge], 
[Row: 246] [Column: 1] [Expected: 6,531] [Actual: 7,659], 
[Row: 246] [Column: 2] [Expected: edabora] [Actual: crobinso], 
[Row: 246] [Column: 3] [Expected: Emil Dabora] [Actual: Craig Robinson], 
[Row: 246] [Column: 4] [Expected: Global Event Driven Equity Tdg] [Actual: Global Macro Trading], 
[Row: 246] [Column: 5] [Expected: Boston] [Actual: 10 NBS], 
[Row: 246] [Column: 6] [Expected: edabora] [Actual: crobinso], 
[Row: 247] [Column: 1] [Expected: 6,547] [Actual: 6,531], 
[Row: 247] [Column: 2] [Expected: tcollier] [Actual: edabora], 
[Row: 247] [Column: 3] [Expected: Timothy Collier] [Actual: Emil Dabora], 
[Row: 248] [Column: 1] [Expected: 6,785] [Actual: 6,547], 
[Row: 248] [Column: 2] [Expected: eharwood] [Actual: tcollier], 
[Row: 248] [Column: 3] [Expected: Eric Harwood] [Actual: Timothy Collier], 
[Row: 249] [Column: 1] [Expected: 7,763] [Actual: 6,785], 
[Row: 249] [Column: 2] [Expected: cmelcher] [Actual: eharwood], 
[Row: 249] [Column: 3] [Expected: Craig Melcher] [Actual: Eric Harwood], 
[Row: 250] [Column: 1] [Expected: 6,531] [Actual: 7,763], 
[Row: 250] [Column: 2] [Expected: edabora] [Actual: cmelcher], 
[Row: 250] [Column: 3] [Expected: Emil Dabora] [Actual: Craig Melcher], 
[Row: 250] [Column: 6] [Expected: edaboralev] [Actual: edabora], 
[Row: 251] [Column: 1] [Expected: 6,547] [Actual: 6,531], 
[Row: 251] [Column: 2] [Expected: tcollier] [Actual: edabora], 
[Row: 251] [Column: 3] [Expected: Timothy Collier] [Actual: Emil Dabora], 
[Row: 252] [Column: 1] [Expected: 6,785] [Actual: 6,547], 
[Row: 252] [Column: 2] [Expected: eharwood] [Actual: tcollier], 
[Row: 252] [Column: 3] [Expected: Eric Harwood] [Actual: Timothy Collier], 
[Row: 253] [Column: 1] [Expected: 7,763] [Actual: 6,785], 
[Row: 253] [Column: 2] [Expected: cmelcher] [Actual: eharwood], 
[Row: 253] [Column: 3] [Expected: Craig Melcher] [Actual: Eric Harwood], 
[Row: 254] [Column: 1] [Expected: 6,531] [Actual: 7,763], 
[Row: 254] [Column: 2] [Expected: edabora] [Actual: cmelcher], 
[Row: 254] [Column: 3] [Expected: Emil Dabora] [Actual: Craig Melcher], 
[Row: 254] [Column: 6] [Expected: edaboraspac] [Actual: edaboralev], 
[Row: 255] [Column: 1] [Expected: 6,547] [Actual: 6,531], 
[Row: 255] [Column: 2] [Expected: tcollier] [Actual: edabora], 
[Row: 255] [Column: 3] [Expected: Timothy Collier] [Actual: Emil Dabora], 
[Row: 256] [Column: 1] [Expected: 6,785] [Actual: 6,547], 
[Row: 256] [Column: 2] [Expected: eharwood] [Actual: tcollier], 
[Row: 256] [Column: 3] [Expected: Eric Harwood] [Actual: Timothy Collier], 
[Row: 257] [Column: 1] [Expected: 7,763] [Actual: 6,785], 
[Row: 257] [Column: 2] [Expected: cmelcher] [Actual: eharwood], 
[Row: 257] [Column: 3] [Expected: Craig Melcher] [Actual: Eric Harwood], 
[Row: 258] [Column: 1] [Expected: 207] [Actual: 7,763], 
[Row: 258] [Column: 2] [Expected: albertoa] [Actual: cmelcher], 
[Row: 258] [Column: 3] [Expected: Alberto Antonini] [Actual: Craig Melcher], 
[Row: 258] [Column: 4] [Expected: Flow of Funds] [Actual: Global Event Driven Equity Tdg], 
[Row: 258] [Column: 5] [Expected: 51 Astor Place] [Actual: Boston], 
[Row: 258] [Column: 6] [Expected: fof] [Actual: edaboraspac], 
[Row: 259] [Column: 1] [Expected: 4,681] [Actual: 207], 
[Row: 259] [Column: 2] [Expected: kcheong] [Actual: albertoa], 
[Row: 259] [Column: 3] [Expected: Kenneth Cheong] [Actual: Alberto Antonini], 
[Row: 260] [Column: 1] [Expected: 324] [Actual: 4,681], 
[Row: 260] [Column: 2] [Expected: jscranton] [Actual: kcheong], 
[Row: 260] [Column: 3] [Expected: John Scranton] [Actual: Kenneth Cheong], 
[Row: 260] [Column: 4] [Expected: Market Strategy] [Actual: Flow of Funds], 
[Row: 260] [Column: 5] [Expected: 200 Elm] [Actual: 51 Astor Place], 
[Row: 261] [Column: 1] [Expected: 5,567] [Actual: 324], 
[Row: 261] [Column: 2] [Expected: chehmeye] [Actual: jscranton], 
[Row: 261] [Column: 3] [Expected: Christopher Hehmeyer] [Actual: John Scranton], 
[Row: 261] [Column: 4] [Expected: Flow of Funds] [Actual: Market Strategy], 
[Row: 261] [Column: 5] [Expected: 51 Astor Place] [Actual: 200 Elm], 
[Row: 262] [Column: 1] [Expected: 6,030] [Actual: 5,567], 
[Row: 262] [Column: 2] [Expected: spearson] [Actual: chehmeye], 
[Row: 262] [Column: 3] [Expected: Steven Pearson] [Actual: Christopher Hehmeyer], 
[Row: 263] [Column: 1] [Expected: 6,328] [Actual: 6,030], 
[Row: 263] [Column: 2] [Expected: nwahid] [Actual: spearson], 
[Row: 263] [Column: 3] [Expected: Naeem Wahid] [Actual: Steven Pearson], 
[Row: 263] [Column: 5] [Expected: 10 NBS] [Actual: 51 Astor Place], 
[Row: 264] [Column: 1] [Expected: 6,057] [Actual: 6,328], 
[Row: 264] [Column: 2] [Expected: clim] [Actual: nwahid], 
[Row: 264] [Column: 3] [Expected: Curtis Lim] [Actual: Naeem Wahid], 
[Row: 264] [Column: 5] [Expected: 51 Astor Place] [Actual: 10 NBS], 
[Row: 265] [Column: 1] [Expected: 7,758] [Actual: 6,057], 
[Row: 265] [Column: 2] [Expected: carolz] [Actual: clim], 
[Row: 265] [Column: 3] [Expected: Carol Zhang] [Actual: Curtis Lim], 
[Row: 266] [Column: 1] [Expected: 7,737] [Actual: 7,758], 
[Row: 266] [Column: 2] [Expected: dzhou] [Actual: carolz], 
[Row: 266] [Column: 3] [Expected: Daniel Zhou] [Actual: Carol Zhang], 
[Row: 267] [Column: 1] [Expected: 7,020] [Actual: 7,737], 
[Row: 267] [Column: 2] [Expected: jzhu] [Actual: dzhou], 
[Row: 267] [Column: 3] [Expected: Jessica Zhu] [Actual: Daniel Zhou], 
[Row: 268] [Column: 1] [Expected: 207] [Actual: 7,020], 
[Row: 268] [Column: 2] [Expected: albertoa] [Actual: jzhu], 
[Row: 268] [Column: 3] [Expected: Alberto Antonini] [Actual: Jessica Zhu], 
[Row: 268] [Column: 6] [Expected: fofatt] [Actual: fof], 
[Row: 269] [Column: 1] [Expected: 4,681] [Actual: 207], 
[Row: 269] [Column: 2] [Expected: kcheong] [Actual: albertoa], 
[Row: 269] [Column: 3] [Expected: Kenneth Cheong] [Actual: Alberto Antonini], 
[Row: 270] [Column: 1] [Expected: 324] [Actual: 4,681], 
[Row: 270] [Column: 2] [Expected: jscranton] [Actual: kcheong], 
[Row: 270] [Column: 3] [Expected: John Scranton] [Actual: Kenneth Cheong], 
[Row: 270] [Column: 4] [Expected: Market Strategy] [Actual: Flow of Funds], 
[Row: 270] [Column: 5] [Expected: 200 Elm] [Actual: 51 Astor Place], 
[Row: 271] [Column: 1] [Expected: 5,567] [Actual: 324], 
[Row: 271] [Column: 2] [Expected: chehmeye] [Actual: jscranton], 
[Row: 271] [Column: 3] [Expected: Christopher Hehmeyer] [Actual: John Scranton], 
[Row: 271] [Column: 4] [Expected: Flow of Funds] [Actual: Market Strategy], 
[Row: 271] [Column: 5] [Expected: 51 Astor Place] [Actual: 200 Elm], 
[Row: 272] [Column: 1] [Expected: 6,030] [Actual: 5,567], 
[Row: 272] [Column: 2] [Expected: spearson] [Actual: chehmeye], 
[Row: 272] [Column: 3] [Expected: Steven Pearson] [Actual: Christopher Hehmeyer], 
[Row: 273] [Column: 1] [Expected: 6,328] [Actual: 6,030], 
[Row: 273] [Column: 2] [Expected: nwahid] [Actual: spearson], 
[Row: 273] [Column: 3] [Expected: Naeem Wahid] [Actual: Steven Pearson], 
[Row: 273] [Column: 5] [Expected: 10 NBS] [Actual: 51 Astor Place], 
[Row: 274] [Column: 1] [Expected: 6,057] [Actual: 6,328], 
[Row: 274] [Column: 2] [Expected: clim] [Actual: nwahid], 
[Row: 274] [Column: 3] [Expected: Curtis Lim] [Actual: Naeem Wahid], 
[Row: 274] [Column: 5] [Expected: 51 Astor Place] [Actual: 10 NBS], 
[Row: 275] [Column: 1] [Expected: 7,758] [Actual: 6,057], 
[Row: 275] [Column: 2] [Expected: carolz] [Actual: clim], 
[Row: 275] [Column: 3] [Expected: Carol Zhang] [Actual: Curtis Lim], 
[Row: 276] [Column: 1] [Expected: 7,737] [Actual: 7,758], 
[Row: 276] [Column: 2] [Expected: dzhou] [Actual: carolz], 
[Row: 276] [Column: 3] [Expected: Daniel Zhou] [Actual: Carol Zhang], 
[Row: 277] [Column: 1] [Expected: 7,020] [Actual: 7,737], 
[Row: 277] [Column: 2] [Expected: jzhu] [Actual: dzhou], 
[Row: 277] [Column: 3] [Expected: Jessica Zhu] [Actual: Daniel Zhou], 
[Row: 278] [Column: 1] [Expected: 5,567] [Actual: 7,020], 
[Row: 278] [Column: 2] [Expected: chehmeye] [Actual: jzhu], 
[Row: 278] [Column: 3] [Expected: Christopher Hehmeyer] [Actual: Jessica Zhu], 
[Row: 278] [Column: 6] [Expected: fofcomm] [Actual: fofatt], 
[Row: 279] [Column: 1] [Expected: 6,030] [Actual: 5,567], 
[Row: 279] [Column: 2] [Expected: spearson] [Actual: chehmeye], 
[Row: 279] [Column: 3] [Expected: Steven Pearson] [Actual: Christopher Hehmeyer], 
[Row: 280] [Column: 1] [Expected: 6,328] [Actual: 6,030], 
[Row: 280] [Column: 2] [Expected: nwahid] [Actual: spearson], 
[Row: 280] [Column: 3] [Expected: Naeem Wahid] [Actual: Steven Pearson], 
[Row: 280] [Column: 5] [Expected: 10 NBS] [Actual: 51 Astor Place], 
[Row: 281] [Column: 1] [Expected: 6,057] [Actual: 6,328], 
[Row: 281] [Column: 2] [Expected: clim] [Actual: nwahid], 
[Row: 281] [Column: 3] [Expected: Curtis Lim] [Actual: Naeem Wahid], 
[Row: 281] [Column: 5] [Expected: 51 Astor Place] [Actual: 10 NBS], 
[Row: 282] [Column: 1] [Expected: 6,030] [Actual: 6,057], 
[Row: 282] [Column: 2] [Expected: spearson] [Actual: clim], 
[Row: 282] [Column: 3] [Expected: Steven Pearson] [Actual: Curtis Lim], 
[Row: 282] [Column: 6] [Expected: fofsys1] [Actual: fofcomm], 
[Row: 283] [Column: 1] [Expected: 5,097] [Actual: 6,030], 
[Row: 283] [Column: 2] [Expected: aghose] [Actual: spearson], 
[Row: 283] [Column: 3] [Expected: Abhishek Ghose] [Actual: Steven Pearson], 
[Row: 284] [Column: 1] [Expected: 6,057] [Actual: 5,097], 
[Row: 284] [Column: 2] [Expected: clim] [Actual: aghose], 
[Row: 284] [Column: 3] [Expected: Curtis Lim] [Actual: Abhishek Ghose], 
[Row: 285] [Column: 1] [Expected: 7,737] [Actual: 6,057], 
[Row: 285] [Column: 2] [Expected: dzhou] [Actual: clim], 
[Row: 285] [Column: 3] [Expected: Daniel Zhou] [Actual: Curtis Lim], 
[Row: 286] [Column: 1] [Expected: 7,020] [Actual: 7,737], 
[Row: 286] [Column: 2] [Expected: jzhu] [Actual: dzhou], 
[Row: 286] [Column: 3] [Expected: Jessica Zhu] [Actual: Daniel Zhou], 
[Row: 287] [Column: 1] [Expected: 4,259] [Actual: 7,020], 
[Row: 287] [Column: 2] [Expected: icalcraf] [Actual: jzhu], 
[Row: 287] [Column: 3] [Expected: Ian Calcraft] [Actual: Jessica Zhu], 
[Row: 287] [Column: 4] [Expected: Global Macro Trading] [Actual: Flow of Funds], 
[Row: 287] [Column: 5] [Expected: 10 NBS] [Actual: 51 Astor Place], 
[Row: 287] [Column: 6] [Expected: icalcraf] [Actual: fofsys1], 
[Row: 288] [Column: 1] [Expected: 5,567] [Actual: 4,259], 
[Row: 288] [Column: 2] [Expected: chehmeye] [Actual: icalcraf], 
[Row: 288] [Column: 3] [Expected: Christopher Hehmeyer] [Actual: Ian Calcraft], 
[Row: 288] [Column: 4] [Expected: Flow of Funds] [Actual: Global Macro Trading], 
[Row: 288] [Column: 5] [Expected: 51 Astor Place] [Actual: 10 NBS], 
[Row: 288] [Column: 6] [Expected: ifofcomm] [Actual: icalcraf], 
[Row: 289] [Column: 1] [Expected: 6,030] [Actual: 5,567], 
[Row: 289] [Column: 2] [Expected: spearson] [Actual: chehmeye], 
[Row: 289] [Column: 3] [Expected: Steven Pearson] [Actual: Christopher Hehmeyer], 
[Row: 290] [Column: 1] [Expected: 6,328] [Actual: 6,030], 
[Row: 290] [Column: 2] [Expected: nwahid] [Actual: spearson], 
[Row: 290] [Column: 3] [Expected: Naeem Wahid] [Actual: Steven Pearson], 
[Row: 290] [Column: 5] [Expected: 10 NBS] [Actual: 51 Astor Place], 
[Row: 291] [Column: 1] [Expected: 6,057] [Actual: 6,328], 
[Row: 291] [Column: 2] [Expected: clim] [Actual: nwahid], 
[Row: 291] [Column: 3] [Expected: Curtis Lim] [Actual: Naeem Wahid], 
[Row: 291] [Column: 5] [Expected: 51 Astor Place] [Actual: 10 NBS], 
[Row: 292] [Column: 1] [Expected: 1,188] [Actual: 6,057], 
[Row: 292] [Column: 2] [Expected: mglennan] [Actual: clim], 
[Row: 292] [Column: 3] [Expected: Mike Glennan] [Actual: Curtis Lim], 
[Row: 292] [Column: 4] [Expected: Systems Trading] [Actual: Flow of Funds], 
[Row: 292] [Column: 5] [Expected: 200 Elm] [Actual: 51 Astor Place], 
[Row: 292] [Column: 6] [Expected: isttvav3lev] [Actual: ifofcomm], 
[Row: 293] [Column: 6] [Expected: isttvcbdav3] [Actual: isttvav3lev], 
[Row: 294] [Column: 1] [Expected: 3] [Actual: 1,188], 
[Row: 294] [Column: 2] [Expected: stevee] [Actual: mglennan], 
[Row: 294] [Column: 3] [Expected: Steve Evans] [Actual: Mike Glennan], 
[Row: 295] [Column: 1] [Expected: 5,848] [Actual: 3], 
[Row: 295] [Column: 2] [Expected: owatson] [Actual: stevee], 
[Row: 295] [Column: 3] [Expected: Ollie Watson] [Actual: Steve Evans], 
[Row: 295] [Column: 5] [Expected: 10 NBS] [Actual: 200 Elm], 
[Row: 296] [Column: 1] [Expected: 5,773] [Actual: 5,848], 
[Row: 296] [Column: 2] [Expected: slevin] [Actual: owatson], 
[Row: 296] [Column: 3] [Expected: Sergey Levin] [Actual: Ollie Watson], 
[Row: 296] [Column: 5] [Expected: 51 Astor Place] [Actual: 10 NBS], 
[Row: 297] [Column: 1] [Expected: 7,095] [Actual: 5,773], 
[Row: 297] [Column: 2] [Expected: asamuel] [Actual: slevin], 
[Row: 297] [Column: 3] [Expected: Alex Samuel] [Actual: Sergey Levin], 
[Row: 298] [Column: 1] [Expected: 7,253] [Actual: 7,095], 
[Row: 298] [Column: 2] [Expected: acherner] [Actual: asamuel], 
[Row: 298] [Column: 3] [Expected: Alex Cherner] [Actual: Alex Samuel], 
[Row: 299] [Column: 1] [Expected: 7,594] [Actual: 7,253], 
[Row: 299] [Column: 2] [Expected: vpaskhav] [Actual: acherner], 
[Row: 299] [Column: 3] [Expected: Victor Paskhaver] [Actual: Alex Cherner], 
[Row: 300] [Column: 1] [Expected: 7,536] [Actual: 7,594], 
[Row: 300] [Column: 2] [Expected: awestbro] [Actual: vpaskhav], 
[Row: 300] [Column: 3] [Expected: Andrew Westbrook] [Actual: Victor Paskhaver], 
[Row: 300] [Column: 4] [Expected: Front Office Technology] [Actual: Systems Trading], 
[Row: 301] [Column: 1] [Expected: 7,674] [Actual: 7,536], 
[Row: 301] [Column: 2] [Expected: cchin] [Actual: awestbro], 
[Row: 301] [Column: 3] [Expected: Chris Chin] [Actual: Andrew Westbrook], 
[Row: 301] [Column: 4] [Expected: Systems Trading] [Actual: Front Office Technology], 
[Row: 302] [Column: 1] [Expected: 1,188] [Actual: 7,674], 
[Row: 302] [Column: 2] [Expected: mglennan] [Actual: cchin], 
[Row: 302] [Column: 3] [Expected: Mike Glennan] [Actual: Chris Chin], 
[Row: 302] [Column: 5] [Expected: 200 Elm] [Actual: 51 Astor Place], 
[Row: 302] [Column: 6] [Expected: isttvcbdav3e] [Actual: isttvcbdav3], 
[Row: 303] [Column: 1] [Expected: 3] [Actual: 1,188], 
[Row: 303] [Column: 2] [Expected: stevee] [Actual: mglennan], 
[Row: 303] [Column: 3] [Expected: Steve Evans] [Actual: Mike Glennan], 
[Row: 304] [Column: 1] [Expected: 5,848] [Actual: 3], 
[Row: 304] [Column: 2] [Expected: owatson] [Actual: stevee], 
[Row: 304] [Column: 3] [Expected: Ollie Watson] [Actual: Steve Evans], 
[Row: 304] [Column: 5] [Expected: 10 NBS] [Actual: 200 Elm], 
[Row: 305] [Column: 1] [Expected: 5,773] [Actual: 5,848], 
[Row: 305] [Column: 2] [Expected: slevin] [Actual: owatson], 
[Row: 305] [Column: 3] [Expected: Sergey Levin] [Actual: Ollie Watson], 
[Row: 305] [Column: 5] [Expected: 51 Astor Place] [Actual: 10 NBS], 
[Row: 306] [Column: 1] [Expected: 7,095] [Actual: 5,773], 
[Row: 306] [Column: 2] [Expected: asamuel] [Actual: slevin], 
[Row: 306] [Column: 3] [Expected: Alex Samuel] [Actual: Sergey Levin], 
[Row: 307] [Column: 1] [Expected: 7,253] [Actual: 7,095], 
[Row: 307] [Column: 2] [Expected: acherner] [Actual: asamuel], 
[Row: 307] [Column: 3] [Expected: Alex Cherner] [Actual: Alex Samuel], 
[Row: 308] [Column: 1] [Expected: 7,440] [Actual: 7,253], 
[Row: 308] [Column: 2] [Expected: nfirth] [Actual: acherner], 
[Row: 308] [Column: 3] [Expected: Nick Firth] [Actual: Alex Cherner], 
[Row: 308] [Column: 5] [Expected: 10 NBS] [Actual: 51 Astor Place], 
[Row: 309] [Column: 1] [Expected: 7,594] [Actual: 7,440], 
[Row: 309] [Column: 2] [Expected: vpaskhav] [Actual: nfirth], 
[Row: 309] [Column: 3] [Expected: Victor Paskhaver] [Actual: Nick Firth], 
[Row: 309] [Column: 5] [Expected: 51 Astor Place] [Actual: 10 NBS], 
[Row: 310] [Column: 1] [Expected: 7,536] [Actual: 7,594], 
[Row: 310] [Column: 2] [Expected: awestbro] [Actual: vpaskhav], 
[Row: 310] [Column: 3] [Expected: Andrew Westbrook] [Actual: Victor Paskhaver], 
[Row: 310] [Column: 4] [Expected: Front Office Technology] [Actual: Systems Trading], 
[Row: 311] [Column: 1] [Expected: 7,674] [Actual: 7,536], 
[Row: 311] [Column: 2] [Expected: cchin] [Actual: awestbro], 
[Row: 311] [Column: 3] [Expected: Chris Chin] [Actual: Andrew Westbrook], 
[Row: 311] [Column: 4] [Expected: Systems Trading] [Actual: Front Office Technology], 
[Row: 312] [Column: 1] [Expected: 1,188] [Actual: 7,674], 
[Row: 312] [Column: 2] [Expected: mglennan] [Actual: cchin], 
[Row: 312] [Column: 3] [Expected: Mike Glennan] [Actual: Chris Chin], 
[Row: 312] [Column: 5] [Expected: 200 Elm] [Actual: 51 Astor Place], 
[Row: 312] [Column: 6] [Expected: isttvcbdav4] [Actual: isttvcbdav3e], 
[Row: 313] [Column: 1] [Expected: 3] [Actual: 1,188], 
[Row: 313] [Column: 2] [Expected: stevee] [Actual: mglennan], 
[Row: 313] [Column: 3] [Expected: Steve Evans] [Actual: Mike Glennan], 
[Row: 314] [Column: 1] [Expected: 5,848] [Actual: 3], 
[Row: 314] [Column: 2] [Expected: owatson] [Actual: stevee], 
[Row: 314] [Column: 3] [Expected: Ollie Watson] [Actual: Steve Evans], 
[Row: 314] [Column: 5] [Expected: 10 NBS] [Actual: 200 Elm], 
[Row: 315] [Column: 1] [Expected: 5,773] [Actual: 5,848], 
[Row: 315] [Column: 2] [Expected: slevin] [Actual: owatson], 
[Row: 315] [Column: 3] [Expected: Sergey Levin] [Actual: Ollie Watson], 
[Row: 315] [Column: 5] [Expected: 51 Astor Place] [Actual: 10 NBS], 
[Row: 316] [Column: 1] [Expected: 7,095] [Actual: 5,773], 
[Row: 316] [Column: 2] [Expected: asamuel] [Actual: slevin], 
[Row: 316] [Column: 3] [Expected: Alex Samuel] [Actual: Sergey Levin], 
[Row: 317] [Column: 1] [Expected: 7,253] [Actual: 7,095], 
[Row: 317] [Column: 2] [Expected: acherner] [Actual: asamuel], 
[Row: 317] [Column: 3] [Expected: Alex Cherner] [Actual: Alex Samuel], 
[Row: 318] [Column: 1] [Expected: 7,594] [Actual: 7,253], 
[Row: 318] [Column: 2] [Expected: vpaskhav] [Actual: acherner], 
[Row: 318] [Column: 3] [Expected: Victor Paskhaver] [Actual: Alex Cherner], 
[Row: 319] [Column: 1] [Expected: 7,536] [Actual: 7,594], 
[Row: 319] [Column: 2] [Expected: awestbro] [Actual: vpaskhav], 
[Row: 319] [Column: 3] [Expected: Andrew Westbrook] [Actual: Victor Paskhaver], 
[Row: 319] [Column: 4] [Expected: Front Office Technology] [Actual: Systems Trading], 
[Row: 320] [Column: 1] [Expected: 7,674] [Actual: 7,536], 
[Row: 320] [Column: 2] [Expected: cchin] [Actual: awestbro], 
[Row: 320] [Column: 3] [Expected: Chris Chin] [Actual: Andrew Westbrook], 
[Row: 320] [Column: 4] [Expected: Systems Trading] [Actual: Front Office Technology], 
[Row: 321] [Column: 1] [Expected: 1,188] [Actual: 7,674], 
[Row: 321] [Column: 2] [Expected: mglennan] [Actual: cchin], 
[Row: 321] [Column: 3] [Expected: Mike Glennan] [Actual: Chris Chin], 
[Row: 321] [Column: 5] [Expected: 200 Elm] [Actual: 51 Astor Place], 
[Row: 321] [Column: 6] [Expected: isttvcdsav1] [Actual: isttvcbdav4], 
[Row: 322] [Column: 1] [Expected: 3] [Actual: 1,188], 
[Row: 322] [Column: 2] [Expected: stevee] [Actual: mglennan], 
[Row: 322] [Column: 3] [Expected: Steve Evans] [Actual: Mike Glennan], 
[Row: 323] [Column: 1] [Expected: 5,848] [Actual: 3], 
[Row: 323] [Column: 2] [Expected: owatson] [Actual: stevee], 
[Row: 323] [Column: 3] [Expected: Ollie Watson] [Actual: Steve Evans], 
[Row: 323] [Column: 5] [Expected: 10 NBS] [Actual: 200 Elm], 
[Row: 324] [Column: 1] [Expected: 5,773] [Actual: 5,848], 
[Row: 324] [Column: 2] [Expected: slevin] [Actual: owatson], 
[Row: 324] [Column: 3] [Expected: Sergey Levin] [Actual: Ollie Watson], 
[Row: 324] [Column: 5] [Expected: 51 Astor Place] [Actual: 10 NBS], 
[Row: 325] [Column: 1] [Expected: 7,095] [Actual: 5,773], 
[Row: 325] [Column: 2] [Expected: asamuel] [Actual: slevin], 
[Row: 325] [Column: 3] [Expected: Alex Samuel] [Actual: Sergey Levin], 
[Row: 326] [Column: 1] [Expected: 7,253] [Actual: 7,095], 
[Row: 326] [Column: 2] [Expected: acherner] [Actual: asamuel], 
[Row: 326] [Column: 3] [Expected: Alex Cherner] [Actual: Alex Samuel], 
[Row: 327] [Column: 1] [Expected: 7,594] [Actual: 7,253], 
[Row: 327] [Column: 2] [Expected: vpaskhav] [Actual: acherner], 
[Row: 327] [Column: 3] [Expected: Victor Paskhaver] [Actual: Alex Cherner], 
[Row: 328] [Column: 1] [Expected: 7,536] [Actual: 7,594], 
[Row: 328] [Column: 2] [Expected: awestbro] [Actual: vpaskhav], 
[Row: 328] [Column: 3] [Expected: Andrew Westbrook] [Actual: Victor Paskhaver], 
[Row: 328] [Column: 4] [Expected: Front Office Technology] [Actual: Systems Trading], 
[Row: 329] [Column: 1] [Expected: 7,674] [Actual: 7,536], 
[Row: 329] [Column: 2] [Expected: cchin] [Actual: awestbro], 
[Row: 329] [Column: 3] [Expected: Chris Chin] [Actual: Andrew Westbrook], 
[Row: 329] [Column: 4] [Expected: Systems Trading] [Actual: Front Office Technology], 
[Row: 330] [Column: 1] [Expected: 1,188] [Actual: 7,674], 
[Row: 330] [Column: 2] [Expected: mglennan] [Actual: cchin], 
[Row: 330] [Column: 3] [Expected: Mike Glennan] [Actual: Chris Chin], 
[Row: 330] [Column: 5] [Expected: 200 Elm] [Actual: 51 Astor Place], 
[Row: 330] [Column: 6] [Expected: isttvcdsav2] [Actual: isttvcdsav1], 
[Row: 331] [Column: 1] [Expected: 3] [Actual: 1,188], 
[Row: 331] [Column: 2] [Expected: stevee] [Actual: mglennan], 
[Row: 331] [Column: 3] [Expected: Steve Evans] [Actual: Mike Glennan], 
[Row: 332] [Column: 1] [Expected: 5,848] [Actual: 3], 
[Row: 332] [Column: 2] [Expected: owatson] [Actual: stevee], 
[Row: 332] [Column: 3] [Expected: Ollie Watson] [Actual: Steve Evans], 
[Row: 332] [Column: 5] [Expected: 10 NBS] [Actual: 200 Elm], 
[Row: 333] [Column: 1] [Expected: 5,773] [Actual: 5,848], 
[Row: 333] [Column: 2] [Expected: slevin] [Actual: owatson], 
[Row: 333] [Column: 3] [Expected: Sergey Levin] [Actual: Ollie Watson], 
[Row: 333] [Column: 5] [Expected: 51 Astor Place] [Actual: 10 NBS], 
[Row: 334] [Column: 1] [Expected: 7,253] [Actual: 5,773], 
[Row: 334] [Column: 2] [Expected: acherner] [Actual: slevin], 
[Row: 334] [Column: 3] [Expected: Alex Cherner] [Actual: Sergey Levin], 
[Row: 335] [Column: 1] [Expected: 7,594] [Actual: 7,253], 
[Row: 335] [Column: 2] [Expected: vpaskhav] [Actual: acherner], 
[Row: 335] [Column: 3] [Expected: Victor Paskhaver] [Actual: Alex Cherner], 
[Row: 336] [Column: 1] [Expected: 7,674] [Actual: 7,594], 
[Row: 336] [Column: 2] [Expected: cchin] [Actual: vpaskhav], 
[Row: 336] [Column: 3] [Expected: Chris Chin] [Actual: Victor Paskhaver], 
[Row: 337] [Column: 1] [Expected: 1,188] [Actual: 7,674], 
[Row: 337] [Column: 2] [Expected: mglennan] [Actual: cchin], 
[Row: 337] [Column: 3] [Expected: Mike Glennan] [Actual: Chris Chin], 
[Row: 337] [Column: 5] [Expected: 200 Elm] [Actual: 51 Astor Place], 
[Row: 337] [Column: 6] [Expected: isttvcdxav5] [Actual: isttvcdsav2], 
[Row: 338] [Column: 1] [Expected: 3] [Actual: 1,188], 
[Row: 338] [Column: 2] [Expected: stevee] [Actual: mglennan], 
[Row: 338] [Column: 3] [Expected: Steve Evans] [Actual: Mike Glennan], 
[Row: 339] [Column: 1] [Expected: 5,848] [Actual: 3], 
[Row: 339] [Column: 2] [Expected: owatson] [Actual: stevee], 
[Row: 339] [Column: 3] [Expected: Ollie Watson] [Actual: Steve Evans], 
[Row: 339] [Column: 5] [Expected: 10 NBS] [Actual: 200 Elm], 
[Row: 340] [Column: 1] [Expected: 5,773] [Actual: 5,848], 
[Row: 340] [Column: 2] [Expected: slevin] [Actual: owatson], 
[Row: 340] [Column: 3] [Expected: Sergey Levin] [Actual: Ollie Watson], 
[Row: 340] [Column: 5] [Expected: 51 Astor Place] [Actual: 10 NBS], 
[Row: 341] [Column: 1] [Expected: 7,095] [Actual: 5,773], 
[Row: 341] [Column: 2] [Expected: asamuel] [Actual: slevin], 
[Row: 341] [Column: 3] [Expected: Alex Samuel] [Actual: Sergey Levin], 
[Row: 342] [Column: 1] [Expected: 7,253] [Actual: 7,095], 
[Row: 342] [Column: 2] [Expected: acherner] [Actual: asamuel], 
[Row: 342] [Column: 3] [Expected: Alex Cherner] [Actual: Alex Samuel], 
[Row: 343] [Column: 1] [Expected: 7,594] [Actual: 7,253], 
[Row: 343] [Column: 2] [Expected: vpaskhav] [Actual: acherner], 
[Row: 343] [Column: 3] [Expected: Victor Paskhaver] [Actual: Alex Cherner], 
[Row: 344] [Column: 1] [Expected: 7,536] [Actual: 7,594], 
[Row: 344] [Column: 2] [Expected: awestbro] [Actual: vpaskhav], 
[Row: 344] [Column: 3] [Expected: Andrew Westbrook] [Actual: Victor Paskhaver], 
[Row: 344] [Column: 4] [Expected: Front Office Technology] [Actual: Systems Trading], 
[Row: 345] [Column: 1] [Expected: 7,674] [Actual: 7,536], 
[Row: 345] [Column: 2] [Expected: cchin] [Actual: awestbro], 
[Row: 345] [Column: 3] [Expected: Chris Chin] [Actual: Andrew Westbrook], 
[Row: 345] [Column: 4] [Expected: Systems Trading] [Actual: Front Office Technology], 
[Row: 346] [Column: 1] [Expected: 1,188] [Actual: 7,674], 
[Row: 346] [Column: 2] [Expected: mglennan] [Actual: cchin], 
[Row: 346] [Column: 3] [Expected: Mike Glennan] [Actual: Chris Chin], 
[Row: 346] [Column: 5] [Expected: 200 Elm] [Actual: 51 Astor Place], 
[Row: 346] [Column: 6] [Expected: isttveqSLlev] [Actual: isttvcdxav5], 
[Row: 347] [Column: 1] [Expected: 3] [Actual: 1,188], 
[Row: 347] [Column: 2] [Expected: stevee] [Actual: mglennan], 
[Row: 347] [Column: 3] [Expected: Steve Evans] [Actual: Mike Glennan], 
[Row: 348] [Column: 1] [Expected: 5,848] [Actual: 3], 
[Row: 348] [Column: 2] [Expected: owatson] [Actual: stevee], 
[Row: 348] [Column: 3] [Expected: Ollie Watson] [Actual: Steve Evans], 
[Row: 348] [Column: 5] [Expected: 10 NBS] [Actual: 200 Elm], 
[Row: 349] [Column: 1] [Expected: 5,867] [Actual: 5,848], 
[Row: 349] [Column: 2] [Expected: dgenkin] [Actual: owatson], 
[Row: 349] [Column: 3] [Expected: Dmitriy Genkin] [Actual: Ollie Watson], 
[Row: 349] [Column: 5] [Expected: 51 Astor Place] [Actual: 10 NBS], 
[Row: 350] [Column: 1] [Expected: 5,864] [Actual: 5,867], 
[Row: 350] [Column: 2] [Expected: cvoekler] [Actual: dgenkin], 
[Row: 350] [Column: 3] [Expected: Christopher Voekler] [Actual: Dmitriy Genkin], 
[Row: 351] [Column: 1] [Expected: 5,773] [Actual: 5,864], 
[Row: 351] [Column: 2] [Expected: slevin] [Actual: cvoekler], 
[Row: 351] [Column: 3] [Expected: Sergey Levin] [Actual: Christopher Voekler], 
[Row: 352] [Column: 1] [Expected: 5,897] [Actual: 5,773], 
[Row: 352] [Column: 2] [Expected: aodinaye] [Actual: slevin], 
[Row: 352] [Column: 3] [Expected: Alex Odinayev] [Actual: Sergey Levin], 
[Row: 353] [Column: 1] [Expected: 5,992] [Actual: 5,897], 
[Row: 353] [Column: 2] [Expected: wchapman] [Actual: aodinaye], 
[Row: 353] [Column: 3] [Expected: William Chapman] [Actual: Alex Odinayev], 
[Row: 353] [Column: 5] [Expected: 10 NBS] [Actual: 51 Astor Place], 
[Row: 354] [Column: 1] [Expected: 6,193] [Actual: 5,992], 
[Row: 354] [Column: 2] [Expected: vzhukov] [Actual: wchapman], 
[Row: 354] [Column: 3] [Expected: Slava Zhukov] [Actual: William Chapman], 
[Row: 354] [Column: 5] [Expected: 51 Astor Place] [Actual: 10 NBS], 
[Row: 355] [Column: 1] [Expected: 6,878] [Actual: 6,193], 
[Row: 355] [Column: 2] [Expected: byuan] [Actual: vzhukov], 
[Row: 355] [Column: 3] [Expected: Bo Yuan] [Actual: Slava Zhukov], 
[Row: 356] [Column: 1] [Expected: 6,973] [Actual: 6,878], 
[Row: 356] [Column: 2] [Expected: crolvung] [Actual: byuan], 
[Row: 356] [Column: 3] [Expected: Christian Rolvung] [Actual: Bo Yuan], 
[Row: 356] [Column: 5] [Expected: Sydney] [Actual: 51 Astor Place], 
[Row: 357] [Column: 1] [Expected: 6,954] [Actual: 6,973], 
[Row: 357] [Column: 2] [Expected: kjohnsto] [Actual: crolvung], 
[Row: 357] [Column: 3] [Expected: Kyle Johnston] [Actual: Christian Rolvung], 
[Row: 357] [Column: 5] [Expected: 51 Astor Place] [Actual: Sydney], 
[Row: 358] [Column: 1] [Expected: 7,095] [Actual: 6,954], 
[Row: 358] [Column: 2] [Expected: asamuel] [Actual: kjohnsto], 
[Row: 358] [Column: 3] [Expected: Alex Samuel] [Actual: Kyle Johnston], 
[Row: 359] [Column: 1] [Expected: 7,307] [Actual: 7,095], 
[Row: 359] [Column: 2] [Expected: rcartwri] [Actual: asamuel], 
[Row: 359] [Column: 3] [Expected: Robert Cartwright] [Actual: Alex Samuel], 
[Row: 359] [Column: 5] [Expected: 10 NBS] [Actual: 51 Astor Place], 
[Row: 360] [Column: 1] [Expected: 7,171] [Actual: 7,307], 
[Row: 360] [Column: 2] [Expected: matwood] [Actual: rcartwri], 
[Row: 360] [Column: 3] [Expected: Matthew Atwood] [Actual: Robert Cartwright], 
[Row: 360] [Column: 5] [Expected: 51 Astor Place] [Actual: 10 NBS], 
[Row: 361] [Column: 1] [Expected: 7,440] [Actual: 7,171], 
[Row: 361] [Column: 2] [Expected: nfirth] [Actual: matwood], 
[Row: 361] [Column: 3] [Expected: Nick Firth] [Actual: Matthew Atwood], 
[Row: 361] [Column: 5] [Expected: 10 NBS] [Actual: 51 Astor Place], 
[Row: 362] [Column: 1] [Expected: 7,594] [Actual: 7,440], 
[Row: 362] [Column: 2] [Expected: vpaskhav] [Actual: nfirth], 
[Row: 362] [Column: 3] [Expected: Victor Paskhaver] [Actual: Nick Firth], 
[Row: 362] [Column: 5] [Expected: 51 Astor Place] [Actual: 10 NBS], 
[Row: 363] [Column: 1] [Expected: 7,423] [Actual: 7,594], 
[Row: 363] [Column: 2] [Expected: nlubchen] [Actual: vpaskhav], 
[Row: 363] [Column: 3] [Expected: Nazar Lubchenko] [Actual: Victor Paskhaver], 
[Row: 364] [Column: 1] [Expected: 7,505] [Actual: 7,423], 
[Row: 364] [Column: 2] [Expected: lsewell] [Actual: nlubchen], 
[Row: 364] [Column: 3] [Expected: Luke Sewell] [Actual: Nazar Lubchenko], 
[Row: 364] [Column: 5] [Expected: 10 NBS] [Actual: 51 Astor Place], 
[Row: 365] [Column: 1] [Expected: 7,639] [Actual: 7,505], 
[Row: 365] [Column: 2] [Expected: tbjorkmo] [Actual: lsewell], 
[Row: 365] [Column: 3] [Expected: Theo Bjorkmo] [Actual: Luke Sewell], 
[Row: 366] [Column: 1] [Expected: 7,745] [Actual: 7,639], 
[Row: 366] [Column: 2] [Expected: jtereshc] [Actual: tbjorkmo], 
[Row: 366] [Column: 3] [Expected: Julie Tereshchenko] [Actual: Theo Bjorkmo], 
[Row: 366] [Column: 5] [Expected: 51 Astor Place] [Actual: 10 NBS], 
[Row: 367] [Column: 1] [Expected: 7,536] [Actual: 7,745], 
[Row: 367] [Column: 2] [Expected: awestbro] [Actual: jtereshc], 
[Row: 367] [Column: 3] [Expected: Andrew Westbrook] [Actual: Julie Tereshchenko], 
[Row: 367] [Column: 4] [Expected: Front Office Technology] [Actual: Systems Trading], 
[Row: 368] [Column: 1] [Expected: 7,708] [Actual: 7,536], 
[Row: 368] [Column: 2] [Expected: elim] [Actual: awestbro], 
[Row: 368] [Column: 3] [Expected: Edward Lim] [Actual: Andrew Westbrook], 
[Row: 368] [Column: 4] [Expected: Systems Trading] [Actual: Front Office Technology], 
[Row: 368] [Column: 5] [Expected: 10 NBS] [Actual: 51 Astor Place], 
[Row: 369] [Column: 1] [Expected: 7,692] [Actual: 7,708], 
[Row: 369] [Column: 2] [Expected: oharrima] [Actual: elim], 
[Row: 369] [Column: 3] [Expected: Oliver Harriman] [Actual: Edward Lim], 
[Row: 370] [Column: 1] [Expected: 7,726] [Actual: 7,692], 
[Row: 370] [Column: 2] [Expected: ishpak] [Actual: oharrima], 
[Row: 370] [Column: 3] [Expected: Iuliia Shpak] [Actual: Oliver Harriman], 
[Row: 371] [Column: 1] [Expected: 1,188] [Actual: 7,726], 
[Row: 371] [Column: 2] [Expected: mglennan] [Actual: ishpak], 
[Row: 371] [Column: 3] [Expected: Mike Glennan] [Actual: Iuliia Shpak], 
[Row: 371] [Column: 5] [Expected: 200 Elm] [Actual: 10 NBS], 
[Row: 371] [Column: 6] [Expected: isttveqasasd1] [Actual: isttveqSLlev], 
[Row: 372] [Column: 1] [Expected: 3] [Actual: 1,188], 
[Row: 372] [Column: 2] [Expected: stevee] [Actual: mglennan], 
[Row: 372] [Column: 3] [Expected: Steve Evans] [Actual: Mike Glennan], 
[Row: 373] [Column: 1] [Expected: 5,848] [Actual: 3], 
[Row: 373] [Column: 2] [Expected: owatson] [Actual: stevee], 
[Row: 373] [Column: 3] [Expected: Ollie Watson] [Actual: Steve Evans], 
[Row: 373] [Column: 5] [Expected: 10 NBS] [Actual: 200 Elm], 
[Row: 374] [Column: 1] [Expected: 5,867] [Actual: 5,848], 
[Row: 374] [Column: 2] [Expected: dgenkin] [Actual: owatson], 
[Row: 374] [Column: 3] [Expected: Dmitriy Genkin] [Actual: Ollie Watson], 
[Row: 374] [Column: 5] [Expected: 51 Astor Place] [Actual: 10 NBS], 
[Row: 375] [Column: 1] [Expected: 5,864] [Actual: 5,867], 
[Row: 375] [Column: 2] [Expected: cvoekler] [Actual: dgenkin], 
[Row: 375] [Column: 3] [Expected: Christopher Voekler] [Actual: Dmitriy Genkin], 
[Row: 376] [Column: 1] [Expected: 5,773] [Actual: 5,864], 
[Row: 376] [Column: 2] [Expected: slevin] [Actual: cvoekler], 
[Row: 376] [Column: 3] [Expected: Sergey Levin] [Actual: Christopher Voekler], 
[Row: 377] [Column: 1] [Expected: 5,897] [Actual: 5,773], 
[Row: 377] [Column: 2] [Expected: aodinaye] [Actual: slevin], 
[Row: 377] [Column: 3] [Expected: Alex Odinayev] [Actual: Sergey Levin], 
[Row: 378] [Column: 1] [Expected: 5,992] [Actual: 5,897], 
[Row: 378] [Column: 2] [Expected: wchapman] [Actual: aodinaye], 
[Row: 378] [Column: 3] [Expected: William Chapman] [Actual: Alex Odinayev], 
[Row: 378] [Column: 5] [Expected: 10 NBS] [Actual: 51 Astor Place], 
[Row: 379] [Column: 1] [Expected: 6,193] [Actual: 5,992], 
[Row: 379] [Column: 2] [Expected: vzhukov] [Actual: wchapman], 
[Row: 379] [Column: 3] [Expected: Slava Zhukov] [Actual: William Chapman], 
[Row: 379] [Column: 5] [Expected: 51 Astor Place] [Actual: 10 NBS], 
[Row: 380] [Column: 1] [Expected: 6,878] [Actual: 6,193], 
[Row: 380] [Column: 2] [Expected: byuan] [Actual: vzhukov], 
[Row: 380] [Column: 3] [Expected: Bo Yuan] [Actual: Slava Zhukov], 
[Row: 381] [Column: 1] [Expected: 6,973] [Actual: 6,878], 
[Row: 381] [Column: 2] [Expected: crolvung] [Actual: byuan], 
[Row: 381] [Column: 3] [Expected: Christian Rolvung] [Actual: Bo Yuan], 
[Row: 381] [Column: 5] [Expected: Sydney] [Actual: 51 Astor Place], 
[Row: 382] [Column: 1] [Expected: 6,954] [Actual: 6,973], 
[Row: 382] [Column: 2] [Expected: kjohnsto] [Actual: crolvung], 
[Row: 382] [Column: 3] [Expected: Kyle Johnston] [Actual: Christian Rolvung], 
[Row: 382] [Column: 5] [Expected: 51 Astor Place] [Actual: Sydney], 
[Row: 383] [Column: 1] [Expected: 7,095] [Actual: 6,954], 
[Row: 383] [Column: 2] [Expected: asamuel] [Actual: kjohnsto], 
[Row: 383] [Column: 3] [Expected: Alex Samuel] [Actual: Kyle Johnston], 
[Row: 384] [Column: 1] [Expected: 7,252] [Actual: 7,095], 
[Row: 384] [Column: 2] [Expected: ddini] [Actual: asamuel], 
[Row: 384] [Column: 3] [Expected: Dahir Dini] [Actual: Alex Samuel], 
[Row: 384] [Column: 5] [Expected: 10 NBS] [Actual: 51 Astor Place], 
[Row: 385] [Column: 1] [Expected: 7,306] [Actual: 7,252], 
[Row: 385] [Column: 2] [Expected: wdorsey] [Actual: ddini], 
[Row: 385] [Column: 3] [Expected: William Dorsey] [Actual: Dahir Dini], 
[Row: 386] [Column: 1] [Expected: 7,307] [Actual: 7,306], 
[Row: 386] [Column: 2] [Expected: rcartwri] [Actual: wdorsey], 
[Row: 386] [Column: 3] [Expected: Robert Cartwright] [Actual: William Dorsey], 
[Row: 387] [Column: 1] [Expected: 7,171] [Actual: 7,307], 
[Row: 387] [Column: 2] [Expected: matwood] [Actual: rcartwri], 
[Row: 387] [Column: 3] [Expected: Matthew Atwood] [Actual: Robert Cartwright], 
[Row: 387] [Column: 5] [Expected: 51 Astor Place] [Actual: 10 NBS], 
[Row: 388] [Column: 1] [Expected: 7,426] [Actual: 7,171], 
[Row: 388] [Column: 2] [Expected: fparisi] [Actual: matwood], 
[Row: 388] [Column: 3] [Expected: Fabio Parisi] [Actual: Matthew Atwood], 
[Row: 388] [Column: 5] [Expected: 10 NBS] [Actual: 51 Astor Place], 
[Row: 389] [Column: 1] [Expected: 7,440] [Actual: 7,426], 
[Row: 389] [Column: 2] [Expected: nfirth] [Actual: fparisi], 
[Row: 389] [Column: 3] [Expected: Nick Firth] [Actual: Fabio Parisi], 
[Row: 390] [Column: 1] [Expected: 7,594] [Actual: 7,440], 
[Row: 390] [Column: 2] [Expected: vpaskhav] [Actual: nfirth], 
[Row: 390] [Column: 3] [Expected: Victor Paskhaver] [Actual: Nick Firth], 
[Row: 390] [Column: 5] [Expected: 51 Astor Place] [Actual: 10 NBS], 
[Row: 391] [Column: 1] [Expected: 7,423] [Actual: 7,594], 
[Row: 391] [Column: 2] [Expected: nlubchen] [Actual: vpaskhav], 
[Row: 391] [Column: 3] [Expected: Nazar Lubchenko] [Actual: Victor Paskhaver], 
[Row: 392] [Column: 1] [Expected: 7,505] [Actual: 7,423], 
[Row: 392] [Column: 2] [Expected: lsewell] [Actual: nlubchen], 
[Row: 392] [Column: 3] [Expected: Luke Sewell] [Actual: Nazar Lubchenko], 
[Row: 392] [Column: 5] [Expected: 10 NBS] [Actual: 51 Astor Place], 
[Row: 393] [Column: 1] [Expected: 7,639] [Actual: 7,505], 
[Row: 393] [Column: 2] [Expected: tbjorkmo] [Actual: lsewell], 
[Row: 393] [Column: 3] [Expected: Theo Bjorkmo] [Actual: Luke Sewell], 
[Row: 394] [Column: 1] [Expected: 7,693] [Actual: 7,639], 
[Row: 394] [Column: 2] [Expected: jng] [Actual: tbjorkmo], 
[Row: 394] [Column: 3] [Expected: Junwei Ng] [Actual: Theo Bjorkmo], 
[Row: 394] [Column: 5] [Expected: Singapore] [Actual: 10 NBS], 
[Row: 395] [Column: 1] [Expected: 7,745] [Actual: 7,693], 
[Row: 395] [Column: 2] [Expected: jtereshc] [Actual: jng], 
[Row: 395] [Column: 3] [Expected: Julie Tereshchenko] [Actual: Junwei Ng], 
[Row: 395] [Column: 5] [Expected: 51 Astor Place] [Actual: Singapore], 
[Row: 396] [Column: 1] [Expected: 7,536] [Actual: 7,745], 
[Row: 396] [Column: 2] [Expected: awestbro] [Actual: jtereshc], 
[Row: 396] [Column: 3] [Expected: Andrew Westbrook] [Actual: Julie Tereshchenko], 
[Row: 396] [Column: 4] [Expected: Front Office Technology] [Actual: Systems Trading], 
[Row: 397] [Column: 1] [Expected: 7,708] [Actual: 7,536], 
[Row: 397] [Column: 2] [Expected: elim] [Actual: awestbro], 
[Row: 397] [Column: 3] [Expected: Edward Lim] [Actual: Andrew Westbrook], 
[Row: 397] [Column: 4] [Expected: Systems Trading] [Actual: Front Office Technology], 
[Row: 397] [Column: 5] [Expected: 10 NBS] [Actual: 51 Astor Place], 
[Row: 398] [Column: 1] [Expected: 7,692] [Actual: 7,708], 
[Row: 398] [Column: 2] [Expected: oharrima] [Actual: elim], 
[Row: 398] [Column: 3] [Expected: Oliver Harriman] [Actual: Edward Lim], 
[Row: 399] [Column: 1] [Expected: 7,726] [Actual: 7,692], 
[Row: 399] [Column: 2] [Expected: ishpak] [Actual: oharrima], 
[Row: 399] [Column: 3] [Expected: Iuliia Shpak] [Actual: Oliver Harriman], 
[Row: 400] [Column: 1] [Expected: 7,838] [Actual: 7,726], 
[Row: 400] [Column: 2] [Expected: nheuer] [Actual: ishpak], 
[Row: 400] [Column: 3] [Expected: Nicolaus Heuer] [Actual: Iuliia Shpak], 
[Row: 401] [Column: 1] [Expected: 7,834] [Actual: 7,838], 
[Row: 401] [Column: 2] [Expected: vstazhyn] [Actual: nheuer], 
[Row: 401] [Column: 3] [Expected: Vlad Stazhynski] [Actual: Nicolaus Heuer], 
[Row: 402] [Column: 1] [Expected: 1,188] [Actual: 7,834], 
[Row: 402] [Column: 2] [Expected: mglennan] [Actual: vstazhyn], 
[Row: 402] [Column: 3] [Expected: Mike Glennan] [Actual: Vlad Stazhynski], 
[Row: 402] [Column: 5] [Expected: 200 Elm] [Actual: 10 NBS], 
[Row: 402] [Column: 6] [Expected: isttveqeuasd1] [Actual: isttveqasasd1], 
[Row: 403] [Column: 1] [Expected: 3] [Actual: 1,188], 
[Row: 403] [Column: 2] [Expected: stevee] [Actual: mglennan], 
[Row: 403] [Column: 3] [Expected: Steve Evans] [Actual: Mike Glennan], 
[Row: 404] [Column: 1] [Expected: 5,848] [Actual: 3], 
[Row: 404] [Column: 2] [Expected: owatson] [Actual: stevee], 
[Row: 404] [Column: 3] [Expected: Ollie Watson] [Actual: Steve Evans], 
[Row: 404] [Column: 5] [Expected: 10 NBS] [Actual: 200 Elm], 
[Row: 405] [Column: 1] [Expected: 5,867] [Actual: 5,848], 
[Row: 405] [Column: 2] [Expected: dgenkin] [Actual: owatson], 
[Row: 405] [Column: 3] [Expected: Dmitriy Genkin] [Actual: Ollie Watson], 
[Row: 405] [Column: 5] [Expected: 51 Astor Place] [Actual: 10 NBS], 
[Row: 406] [Column: 1] [Expected: 5,864] [Actual: 5,867], 
[Row: 406] [Column: 2] [Expected: cvoekler] [Actual: dgenkin], 
[Row: 406] [Column: 3] [Expected: Christopher Voekler] [Actual: Dmitriy Genkin], 
[Row: 407] [Column: 1] [Expected: 5,773] [Actual: 5,864], 
[Row: 407] [Column: 2] [Expected: slevin] [Actual: cvoekler], 
[Row: 407] [Column: 3] [Expected: Sergey Levin] [Actual: Christopher Voekler], 
[Row: 408] [Column: 1] [Expected: 5,897] [Actual: 5,773], 
[Row: 408] [Column: 2] [Expected: aodinaye] [Actual: slevin], 
[Row: 408] [Column: 3] [Expected: Alex Odinayev] [Actual: Sergey Levin], 
[Row: 409] [Column: 1] [Expected: 5,992] [Actual: 5,897], 
[Row: 409] [Column: 2] [Expected: wchapman] [Actual: aodinaye], 
[Row: 409] [Column: 3] [Expected: William Chapman] [Actual: Alex Odinayev], 
[Row: 409] [Column: 5] [Expected: 10 NBS] [Actual: 51 Astor Place], 
[Row: 410] [Column: 1] [Expected: 6,193] [Actual: 5,992], 
[Row: 410] [Column: 2] [Expected: vzhukov] [Actual: wchapman], 
[Row: 410] [Column: 3] [Expected: Slava Zhukov] [Actual: William Chapman], 
[Row: 410] [Column: 5] [Expected: 51 Astor Place] [Actual: 10 NBS], 
[Row: 411] [Column: 1] [Expected: 6,878] [Actual: 6,193], 
[Row: 411] [Column: 2] [Expected: byuan] [Actual: vzhukov], 
[Row: 411] [Column: 3] [Expected: Bo Yuan] [Actual: Slava Zhukov], 
[Row: 412] [Column: 1] [Expected: 6,973] [Actual: 6,878], 
[Row: 412] [Column: 2] [Expected: crolvung] [Actual: byuan], 
[Row: 412] [Column: 3] [Expected: Christian Rolvung] [Actual: Bo Yuan], 
[Row: 412] [Column: 5] [Expected: Sydney] [Actual: 51 Astor Place], 
[Row: 413] [Column: 1] [Expected: 6,954] [Actual: 6,973], 
[Row: 413] [Column: 2] [Expected: kjohnsto] [Actual: crolvung], 
[Row: 413] [Column: 3] [Expected: Kyle Johnston] [Actual: Christian Rolvung], 
[Row: 413] [Column: 5] [Expected: 51 Astor Place] [Actual: Sydney], 
[Row: 414] [Column: 1] [Expected: 7,095] [Actual: 6,954], 
[Row: 414] [Column: 2] [Expected: asamuel] [Actual: kjohnsto], 
[Row: 414] [Column: 3] [Expected: Alex Samuel] [Actual: Kyle Johnston], 
[Row: 415] [Column: 1] [Expected: 7,252] [Actual: 7,095], 
[Row: 415] [Column: 2] [Expected: ddini] [Actual: asamuel], 
[Row: 415] [Column: 3] [Expected: Dahir Dini] [Actual: Alex Samuel], 
[Row: 415] [Column: 5] [Expected: 10 NBS] [Actual: 51 Astor Place], 
[Row: 416] [Column: 1] [Expected: 7,306] [Actual: 7,252], 
[Row: 416] [Column: 2] [Expected: wdorsey] [Actual: ddini], 
[Row: 416] [Column: 3] [Expected: William Dorsey] [Actual: Dahir Dini], 
[Row: 417] [Column: 1] [Expected: 7,307] [Actual: 7,306], 
[Row: 417] [Column: 2] [Expected: rcartwri] [Actual: wdorsey], 
[Row: 417] [Column: 3] [Expected: Robert Cartwright] [Actual: William Dorsey], 
[Row: 418] [Column: 1] [Expected: 7,171] [Actual: 7,307], 
[Row: 418] [Column: 2] [Expected: matwood] [Actual: rcartwri], 
[Row: 418] [Column: 3] [Expected: Matthew Atwood] [Actual: Robert Cartwright], 
[Row: 418] [Column: 5] [Expected: 51 Astor Place] [Actual: 10 NBS], 
[Row: 419] [Column: 1] [Expected: 7,426] [Actual: 7,171], 
[Row: 419] [Column: 2] [Expected: fparisi] [Actual: matwood], 
[Row: 419] [Column: 3] [Expected: Fabio Parisi] [Actual: Matthew Atwood], 
[Row: 419] [Column: 5] [Expected: 10 NBS] [Actual: 51 Astor Place], 
[Row: 420] [Column: 1] [Expected: 7,440] [Actual: 7,426], 
[Row: 420] [Column: 2] [Expected: nfirth] [Actual: fparisi], 
[Row: 420] [Column: 3] [Expected: Nick Firth] [Actual: Fabio Parisi], 
[Row: 421] [Column: 1] [Expected: 7,594] [Actual: 7,440], 
[Row: 421] [Column: 2] [Expected: vpaskhav] [Actual: nfirth], 
[Row: 421] [Column: 3] [Expected: Victor Paskhaver] [Actual: Nick Firth], 
[Row: 421] [Column: 5] [Expected: 51 Astor Place] [Actual: 10 NBS], 
[Row: 422] [Column: 1] [Expected: 7,423] [Actual: 7,594], 
[Row: 422] [Column: 2] [Expected: nlubchen] [Actual: vpaskhav], 
[Row: 422] [Column: 3] [Expected: Nazar Lubchenko] [Actual: Victor Paskhaver], 
[Row: 423] [Column: 1] [Expected: 7,505] [Actual: 7,423], 
[Row: 423] [Column: 2] [Expected: lsewell] [Actual: nlubchen], 
[Row: 423] [Column: 3] [Expected: Luke Sewell] [Actual: Nazar Lubchenko], 
[Row: 423] [Column: 5] [Expected: 10 NBS] [Actual: 51 Astor Place], 
[Row: 424] [Column: 1] [Expected: 7,639] [Actual: 7,505], 
[Row: 424] [Column: 2] [Expected: tbjorkmo] [Actual: lsewell], 
[Row: 424] [Column: 3] [Expected: Theo Bjorkmo] [Actual: Luke Sewell], 
[Row: 425] [Column: 1] [Expected: 7,693] [Actual: 7,639], 
[Row: 425] [Column: 2] [Expected: jng] [Actual: tbjorkmo], 
[Row: 425] [Column: 3] [Expected: Junwei Ng] [Actual: Theo Bjorkmo], 
[Row: 425] [Column: 5] [Expected: Singapore] [Actual: 10 NBS], 
[Row: 426] [Column: 1] [Expected: 7,745] [Actual: 7,693], 
[Row: 426] [Column: 2] [Expected: jtereshc] [Actual: jng], 
[Row: 426] [Column: 3] [Expected: Julie Tereshchenko] [Actual: Junwei Ng], 
[Row: 426] [Column: 5] [Expected: 51 Astor Place] [Actual: Singapore], 
[Row: 427] [Column: 1] [Expected: 7,536] [Actual: 7,745], 
[Row: 427] [Column: 2] [Expected: awestbro] [Actual: jtereshc], 
[Row: 427] [Column: 3] [Expected: Andrew Westbrook] [Actual: Julie Tereshchenko], 
[Row: 427] [Column: 4] [Expected: Front Office Technology] [Actual: Systems Trading], 
[Row: 428] [Column: 1] [Expected: 7,708] [Actual: 7,536], 
[Row: 428] [Column: 2] [Expected: elim] [Actual: awestbro], 
[Row: 428] [Column: 3] [Expected: Edward Lim] [Actual: Andrew Westbrook], 
[Row: 428] [Column: 4] [Expected: Systems Trading] [Actual: Front Office Technology], 
[Row: 428] [Column: 5] [Expected: 10 NBS] [Actual: 51 Astor Place], 
[Row: 429] [Column: 1] [Expected: 7,692] [Actual: 7,708], 
[Row: 429] [Column: 2] [Expected: oharrima] [Actual: elim], 
[Row: 429] [Column: 3] [Expected: Oliver Harriman] [Actual: Edward Lim], 
[Row: 430] [Column: 1] [Expected: 7,726] [Actual: 7,692], 
[Row: 430] [Column: 2] [Expected: ishpak] [Actual: oharrima], 
[Row: 430] [Column: 3] [Expected: Iuliia Shpak] [Actual: Oliver Harriman], 
[Row: 431] [Column: 1] [Expected: 7,838] [Actual: 7,726], 
[Row: 431] [Column: 2] [Expected: nheuer] [Actual: ishpak], 
[Row: 431] [Column: 3] [Expected: Nicolaus Heuer] [Actual: Iuliia Shpak], 
[Row: 432] [Column: 1] [Expected: 7,834] [Actual: 7,838], 
[Row: 432] [Column: 2] [Expected: vstazhyn] [Actual: nheuer], 
[Row: 432] [Column: 3] [Expected: Vlad Stazhynski] [Actual: Nicolaus Heuer], 
[Row: 433] [Column: 1] [Expected: 1,188] [Actual: 7,834], 
[Row: 433] [Column: 2] [Expected: mglennan] [Actual: vstazhyn], 
[Row: 433] [Column: 3] [Expected: Mike Glennan] [Actual: Vlad Stazhynski], 
[Row: 433] [Column: 5] [Expected: 200 Elm] [Actual: 10 NBS], 
[Row: 433] [Column: 6] [Expected: isttvequsasd1] [Actual: isttveqeuasd1], 
[Row: 434] [Column: 1] [Expected: 3] [Actual: 1,188], 
[Row: 434] [Column: 2] [Expected: stevee] [Actual: mglennan], 
[Row: 434] [Column: 3] [Expected: Steve Evans] [Actual: Mike Glennan], 
[Row: 435] [Column: 1] [Expected: 5,848] [Actual: 3], 
[Row: 435] [Column: 2] [Expected: owatson] [Actual: stevee], 
[Row: 435] [Column: 3] [Expected: Ollie Watson] [Actual: Steve Evans], 
[Row: 435] [Column: 5] [Expected: 10 NBS] [Actual: 200 Elm], 
[Row: 436] [Column: 1] [Expected: 5,867] [Actual: 5,848], 
[Row: 436] [Column: 2] [Expected: dgenkin] [Actual: owatson], 
[Row: 436] [Column: 3] [Expected: Dmitriy Genkin] [Actual: Ollie Watson], 
[Row: 436] [Column: 5] [Expected: 51 Astor Place] [Actual: 10 NBS], 
[Row: 437] [Column: 1] [Expected: 5,864] [Actual: 5,867], 
[Row: 437] [Column: 2] [Expected: cvoekler] [Actual: dgenkin], 
[Row: 437] [Column: 3] [Expected: Christopher Voekler] [Actual: Dmitriy Genkin], 
[Row: 438] [Column: 1] [Expected: 5,773] [Actual: 5,864], 
[Row: 438] [Column: 2] [Expected: slevin] [Actual: cvoekler], 
[Row: 438] [Column: 3] [Expected: Sergey Levin] [Actual: Christopher Voekler], 
[Row: 439] [Column: 1] [Expected: 5,897] [Actual: 5,773], 
[Row: 439] [Column: 2] [Expected: aodinaye] [Actual: slevin], 
[Row: 439] [Column: 3] [Expected: Alex Odinayev] [Actual: Sergey Levin], 
[Row: 440] [Column: 1] [Expected: 5,992] [Actual: 5,897], 
[Row: 440] [Column: 2] [Expected: wchapman] [Actual: aodinaye], 
[Row: 440] [Column: 3] [Expected: William Chapman] [Actual: Alex Odinayev], 
[Row: 440] [Column: 5] [Expected: 10 NBS] [Actual: 51 Astor Place], 
[Row: 441] [Column: 1] [Expected: 6,193] [Actual: 5,992], 
[Row: 441] [Column: 2] [Expected: vzhukov] [Actual: wchapman], 
[Row: 441] [Column: 3] [Expected: Slava Zhukov] [Actual: William Chapman], 
[Row: 441] [Column: 5] [Expected: 51 Astor Place] [Actual: 10 NBS], 
[Row: 442] [Column: 1] [Expected: 6,878] [Actual: 6,193], 
[Row: 442] [Column: 2] [Expected: byuan] [Actual: vzhukov], 
[Row: 442] [Column: 3] [Expected: Bo Yuan] [Actual: Slava Zhukov], 
[Row: 443] [Column: 1] [Expected: 6,973] [Actual: 6,878], 
[Row: 443] [Column: 2] [Expected: crolvung] [Actual: byuan], 
[Row: 443] [Column: 3] [Expected: Christian Rolvung] [Actual: Bo Yuan], 
[Row: 443] [Column: 5] [Expected: Sydney] [Actual: 51 Astor Place], 
[Row: 444] [Column: 1] [Expected: 6,954] [Actual: 6,973], 
[Row: 444] [Column: 2] [Expected: kjohnsto] [Actual: crolvung], 
[Row: 444] [Column: 3] [Expected: Kyle Johnston] [Actual: Christian Rolvung], 
[Row: 444] [Column: 5] [Expected: 51 Astor Place] [Actual: Sydney], 
[Row: 445] [Column: 1] [Expected: 7,095] [Actual: 6,954], 
[Row: 445] [Column: 2] [Expected: asamuel] [Actual: kjohnsto], 
[Row: 445] [Column: 3] [Expected: Alex Samuel] [Actual: Kyle Johnston], 
[Row: 446] [Column: 1] [Expected: 7,252] [Actual: 7,095], 
[Row: 446] [Column: 2] [Expected: ddini] [Actual: asamuel], 
[Row: 446] [Column: 3] [Expected: Dahir Dini] [Actual: Alex Samuel], 
[Row: 446] [Column: 5] [Expected: 10 NBS] [Actual: 51 Astor Place], 
[Row: 447] [Column: 1] [Expected: 7,306] [Actual: 7,252], 
[Row: 447] [Column: 2] [Expected: wdorsey] [Actual: ddini], 
[Row: 447] [Column: 3] [Expected: William Dorsey] [Actual: Dahir Dini], 
[Row: 448] [Column: 1] [Expected: 7,307] [Actual: 7,306], 
[Row: 448] [Column: 2] [Expected: rcartwri] [Actual: wdorsey], 
[Row: 448] [Column: 3] [Expected: Robert Cartwright] [Actual: William Dorsey], 
[Row: 449] [Column: 1] [Expected: 7,171] [Actual: 7,307], 
[Row: 449] [Column: 2] [Expected: matwood] [Actual: rcartwri], 
[Row: 449] [Column: 3] [Expected: Matthew Atwood] [Actual: Robert Cartwright], 
[Row: 449] [Column: 5] [Expected: 51 Astor Place] [Actual: 10 NBS], 
[Row: 450] [Column: 1] [Expected: 7,426] [Actual: 7,171], 
[Row: 450] [Column: 2] [Expected: fparisi] [Actual: matwood], 
[Row: 450] [Column: 3] [Expected: Fabio Parisi] [Actual: Matthew Atwood], 
[Row: 450] [Column: 5] [Expected: 10 NBS] [Actual: 51 Astor Place], 
[Row: 451] [Column: 1] [Expected: 7,440] [Actual: 7,426], 
[Row: 451] [Column: 2] [Expected: nfirth] [Actual: fparisi], 
[Row: 451] [Column: 3] [Expected: Nick Firth] [Actual: Fabio Parisi], 
[Row: 452] [Column: 1] [Expected: 7,594] [Actual: 7,440], 
[Row: 452] [Column: 2] [Expected: vpaskhav] [Actual: nfirth], 
[Row: 452] [Column: 3] [Expected: Victor Paskhaver] [Actual: Nick Firth], 
[Row: 452] [Column: 5] [Expected: 51 Astor Place] [Actual: 10 NBS], 
[Row: 453] [Column: 1] [Expected: 7,423] [Actual: 7,594], 
[Row: 453] [Column: 2] [Expected: nlubchen] [Actual: vpaskhav], 
[Row: 453] [Column: 3] [Expected: Nazar Lubchenko] [Actual: Victor Paskhaver], 
[Row: 454] [Column: 1] [Expected: 7,505] [Actual: 7,423], 
[Row: 454] [Column: 2] [Expected: lsewell] [Actual: nlubchen], 
[Row: 454] [Column: 3] [Expected: Luke Sewell] [Actual: Nazar Lubchenko], 
[Row: 454] [Column: 5] [Expected: 10 NBS] [Actual: 51 Astor Place], 
[Row: 455] [Column: 1] [Expected: 7,639] [Actual: 7,505], 
[Row: 455] [Column: 2] [Expected: tbjorkmo] [Actual: lsewell], 
[Row: 455] [Column: 3] [Expected: Theo Bjorkmo] [Actual: Luke Sewell], 
[Row: 456] [Column: 1] [Expected: 7,693] [Actual: 7,639], 
[Row: 456] [Column: 2] [Expected: jng] [Actual: tbjorkmo], 
[Row: 456] [Column: 3] [Expected: Junwei Ng] [Actual: Theo Bjorkmo], 
[Row: 456] [Column: 5] [Expected: Singapore] [Actual: 10 NBS], 
[Row: 457] [Column: 1] [Expected: 7,745] [Actual: 7,693], 
[Row: 457] [Column: 2] [Expected: jtereshc] [Actual: jng], 
[Row: 457] [Column: 3] [Expected: Julie Tereshchenko] [Actual: Junwei Ng], 
[Row: 457] [Column: 5] [Expected: 51 Astor Place] [Actual: Singapore], 
[Row: 458] [Column: 1] [Expected: 7,536] [Actual: 7,745], 
[Row: 458] [Column: 2] [Expected: awestbro] [Actual: jtereshc], 
[Row: 458] [Column: 3] [Expected: Andrew Westbrook] [Actual: Julie Tereshchenko], 
[Row: 458] [Column: 4] [Expected: Front Office Technology] [Actual: Systems Trading], 
[Row: 459] [Column: 1] [Expected: 7,784] [Actual: 7,536], 
[Row: 459] [Column: 2] [Expected: ldeleo] [Actual: awestbro], 
[Row: 459] [Column: 3] [Expected: Lorenzo De Leo] [Actual: Andrew Westbrook], 
[Row: 459] [Column: 4] [Expected: Systems Trading] [Actual: Front Office Technology], 
[Row: 459] [Column: 5] [Expected: France] [Actual: 51 Astor Place], 
[Row: 460] [Column: 1] [Expected: 7,708] [Actual: 7,784], 
[Row: 460] [Column: 2] [Expected: elim] [Actual: ldeleo], 
[Row: 460] [Column: 3] [Expected: Edward Lim] [Actual: Lorenzo De Leo], 
[Row: 460] [Column: 5] [Expected: 10 NBS] [Actual: France], 
[Row: 461] [Column: 1] [Expected: 7,692] [Actual: 7,708], 
[Row: 461] [Column: 2] [Expected: oharrima] [Actual: elim], 
[Row: 461] [Column: 3] [Expected: Oliver Harriman] [Actual: Edward Lim], 
[Row: 462] [Column: 1] [Expected: 7,726] [Actual: 7,692], 
[Row: 462] [Column: 2] [Expected: ishpak] [Actual: oharrima], 
[Row: 462] [Column: 3] [Expected: Iuliia Shpak] [Actual: Oliver Harriman], 
[Row: 463] [Column: 1] [Expected: 7,838] [Actual: 7,726], 
[Row: 463] [Column: 2] [Expected: nheuer] [Actual: ishpak], 
[Row: 463] [Column: 3] [Expected: Nicolaus Heuer] [Actual: Iuliia Shpak], 
[Row: 464] [Column: 1] [Expected: 7,834] [Actual: 7,838], 
[Row: 464] [Column: 2] [Expected: vstazhyn] [Actual: nheuer], 
[Row: 464] [Column: 3] [Expected: Vlad Stazhynski] [Actual: Nicolaus Heuer], 
[Row: 465] [Column: 1] [Expected: 1,188] [Actual: 7,834], 
[Row: 465] [Column: 2] [Expected: mglennan] [Actual: vstazhyn], 
[Row: 465] [Column: 3] [Expected: Mike Glennan] [Actual: Vlad Stazhynski], 
[Row: 465] [Column: 5] [Expected: 200 Elm] [Actual: 10 NBS], 
[Row: 465] [Column: 6] [Expected: isttvequstw1] [Actual: isttvequsasd1], 
[Row: 466] [Column: 1] [Expected: 3] [Actual: 1,188], 
[Row: 466] [Column: 2] [Expected: stevee] [Actual: mglennan], 
[Row: 466] [Column: 3] [Expected: Steve Evans] [Actual: Mike Glennan], 
[Row: 467] [Column: 1] [Expected: 5,545] [Actual: 3], 
[Row: 467] [Column: 2] [Expected: twynter] [Actual: stevee], 
[Row: 467] [Column: 3] [Expected: Tom Wynter] [Actual: Steve Evans], 
[Row: 468] [Column: 1] [Expected: 6,924] [Actual: 5,545], 
[Row: 468] [Column: 2] [Expected: fye] [Actual: twynter], 
[Row: 468] [Column: 3] [Expected: Fei Ye] [Actual: Tom Wynter], 
[Row: 469] [Column: 1] [Expected: 6,894] [Actual: 6,924], 
[Row: 469] [Column: 2] [Expected: rtoghrae] [Actual: fye], 
[Row: 469] [Column: 3] [Expected: Reza Toghraee] [Actual: Fei Ye], 
[Row: 470] [Column: 1] [Expected: 7,830] [Actual: 6,894], 
[Row: 470] [Column: 2] [Expected: jcasbon] [Actual: rtoghrae], 
[Row: 470] [Column: 3] [Expected: James Casbon] [Actual: Reza Toghraee], 
[Row: 470] [Column: 5] [Expected: 10 NBS] [Actual: 200 Elm], 
[Row: 471] [Column: 1] [Expected: 1,188] [Actual: 7,830], 
[Row: 471] [Column: 2] [Expected: mglennan] [Actual: jcasbon], 
[Row: 471] [Column: 3] [Expected: Mike Glennan] [Actual: James Casbon], 
[Row: 471] [Column: 5] [Expected: 200 Elm] [Actual: 10 NBS], 
[Row: 471] [Column: 6] [Expected: isttvfxasd1] [Actual: isttvequstw1], 
[Row: 472] [Column: 1] [Expected: 3] [Actual: 1,188], 
[Row: 472] [Column: 2] [Expected: stevee] [Actual: mglennan], 
[Row: 472] [Column: 3] [Expected: Steve Evans] [Actual: Mike Glennan], 
[Row: 473] [Column: 1] [Expected: 5,848] [Actual: 3], 
[Row: 473] [Column: 2] [Expected: owatson] [Actual: stevee], 
[Row: 473] [Column: 3] [Expected: Ollie Watson] [Actual: Steve Evans], 
[Row: 473] [Column: 5] [Expected: 10 NBS] [Actual: 200 Elm], 
[Row: 474] [Column: 1] [Expected: 5,867] [Actual: 5,848], 
[Row: 474] [Column: 2] [Expected: dgenkin] [Actual: owatson], 
[Row: 474] [Column: 3] [Expected: Dmitriy Genkin] [Actual: Ollie Watson], 
[Row: 474] [Column: 5] [Expected: 51 Astor Place] [Actual: 10 NBS], 
[Row: 475] [Column: 1] [Expected: 5,864] [Actual: 5,867], 
[Row: 475] [Column: 2] [Expected: cvoekler] [Actual: dgenkin], 
[Row: 475] [Column: 3] [Expected: Christopher Voekler] [Actual: Dmitriy Genkin], 
[Row: 476] [Column: 1] [Expected: 5,773] [Actual: 5,864], 
[Row: 476] [Column: 2] [Expected: slevin] [Actual: cvoekler], 
[Row: 476] [Column: 3] [Expected: Sergey Levin] [Actual: Christopher Voekler], 
[Row: 477] [Column: 1] [Expected: 5,897] [Actual: 5,773], 
[Row: 477] [Column: 2] [Expected: aodinaye] [Actual: slevin], 
[Row: 477] [Column: 3] [Expected: Alex Odinayev] [Actual: Sergey Levin], 
[Row: 478] [Column: 1] [Expected: 5,992] [Actual: 5,897], 
[Row: 478] [Column: 2] [Expected: wchapman] [Actual: aodinaye], 
[Row: 478] [Column: 3] [Expected: William Chapman] [Actual: Alex Odinayev], 
[Row: 478] [Column: 5] [Expected: 10 NBS] [Actual: 51 Astor Place], 
[Row: 479] [Column: 1] [Expected: 6,193] [Actual: 5,992], 
[Row: 479] [Column: 2] [Expected: vzhukov] [Actual: wchapman], 
[Row: 479] [Column: 3] [Expected: Slava Zhukov] [Actual: William Chapman], 
[Row: 479] [Column: 5] [Expected: 51 Astor Place] [Actual: 10 NBS], 
[Row: 480] [Column: 1] [Expected: 6,878] [Actual: 6,193], 
[Row: 480] [Column: 2] [Expected: byuan] [Actual: vzhukov], 
[Row: 480] [Column: 3] [Expected: Bo Yuan] [Actual: Slava Zhukov], 
[Row: 481] [Column: 1] [Expected: 6,973] [Actual: 6,878], 
[Row: 481] [Column: 2] [Expected: crolvung] [Actual: byuan], 
[Row: 481] [Column: 3] [Expected: Christian Rolvung] [Actual: Bo Yuan], 
[Row: 481] [Column: 5] [Expected: Sydney] [Actual: 51 Astor Place], 
[Row: 482] [Column: 1] [Expected: 6,954] [Actual: 6,973], 
[Row: 482] [Column: 2] [Expected: kjohnsto] [Actual: crolvung], 
[Row: 482] [Column: 3] [Expected: Kyle Johnston] [Actual: Christian Rolvung], 
[Row: 482] [Column: 5] [Expected: 51 Astor Place] [Actual: Sydney], 
[Row: 483] [Column: 1] [Expected: 7,095] [Actual: 6,954], 
[Row: 483] [Column: 2] [Expected: asamuel] [Actual: kjohnsto], 
[Row: 483] [Column: 3] [Expected: Alex Samuel] [Actual: Kyle Johnston], 
[Row: 484] [Column: 1] [Expected: 7,306] [Actual: 7,095], 
[Row: 484] [Column: 2] [Expected: wdorsey] [Actual: asamuel], 
[Row: 484] [Column: 3] [Expected: William Dorsey] [Actual: Alex Samuel], 
[Row: 484] [Column: 5] [Expected: 10 NBS] [Actual: 51 Astor Place], 
[Row: 485] [Column: 1] [Expected: 7,307] [Actual: 7,306], 
[Row: 485] [Column: 2] [Expected: rcartwri] [Actual: wdorsey], 
[Row: 485] [Column: 3] [Expected: Robert Cartwright] [Actual: William Dorsey], 
[Row: 486] [Column: 1] [Expected: 7,253] [Actual: 7,307], 
[Row: 486] [Column: 2] [Expected: acherner] [Actual: rcartwri], 
[Row: 486] [Column: 3] [Expected: Alex Cherner] [Actual: Robert Cartwright], 
[Row: 486] [Column: 5] [Expected: 51 Astor Place] [Actual: 10 NBS], 
[Row: 487] [Column: 1] [Expected: 7,569] [Actual: 7,253], 
[Row: 487] [Column: 2] [Expected: sstrugne] [Actual: acherner], 
[Row: 487] [Column: 3] [Expected: Sebastian Strugnell] [Actual: Alex Cherner], 
[Row: 487] [Column: 5] [Expected: 10 NBS] [Actual: 51 Astor Place], 
[Row: 488] [Column: 1] [Expected: 7,423] [Actual: 7,569], 
[Row: 488] [Column: 2] [Expected: nlubchen] [Actual: sstrugne], 
[Row: 488] [Column: 3] [Expected: Nazar Lubchenko] [Actual: Sebastian Strugnell], 
[Row: 488] [Column: 5] [Expected: 51 Astor Place] [Actual: 10 NBS], 
[Row: 489] [Column: 1] [Expected: 7,505] [Actual: 7,423], 
[Row: 489] [Column: 2] [Expected: lsewell] [Actual: nlubchen], 
[Row: 489] [Column: 3] [Expected: Luke Sewell] [Actual: Nazar Lubchenko], 
[Row: 489] [Column: 5] [Expected: 10 NBS] [Actual: 51 Astor Place], 
[Row: 490] [Column: 1] [Expected: 7,593] [Actual: 7,505], 
[Row: 490] [Column: 2] [Expected: choldswo] [Actual: lsewell], 
[Row: 490] [Column: 3] [Expected: Chris Holdsworth] [Actual: Luke Sewell], 
[Row: 491] [Column: 1] [Expected: 7,639] [Actual: 7,593], 
[Row: 491] [Column: 2] [Expected: tbjorkmo] [Actual: choldswo], 
[Row: 491] [Column: 3] [Expected: Theo Bjorkmo] [Actual: Chris Holdsworth], 
[Row: 492] [Column: 1] [Expected: 7,536] [Actual: 7,639], 
[Row: 492] [Column: 2] [Expected: awestbro] [Actual: tbjorkmo], 
[Row: 492] [Column: 3] [Expected: Andrew Westbrook] [Actual: Theo Bjorkmo], 
[Row: 492] [Column: 4] [Expected: Front Office Technology] [Actual: Systems Trading], 
[Row: 492] [Column: 5] [Expected: 51 Astor Place] [Actual: 10 NBS], 
[Row: 493] [Column: 1] [Expected: 7,708] [Actual: 7,536], 
[Row: 493] [Column: 2] [Expected: elim] [Actual: awestbro], 
[Row: 493] [Column: 3] [Expected: Edward Lim] [Actual: Andrew Westbrook], 
[Row: 493] [Column: 4] [Expected: Systems Trading] [Actual: Front Office Technology], 
[Row: 493] [Column: 5] [Expected: 10 NBS] [Actual: 51 Astor Place], 
[Row: 494] [Column: 1] [Expected: 7,809] [Actual: 7,708], 
[Row: 494] [Column: 2] [Expected: lwatts] [Actual: elim], 
[Row: 494] [Column: 3] [Expected: Laurence Watts] [Actual: Edward Lim], 
[Row: 495] [Column: 1] [Expected: 1,188] [Actual: 7,809], 
[Row: 495] [Column: 2] [Expected: mglennan] [Actual: lwatts], 
[Row: 495] [Column: 3] [Expected: Mike Glennan] [Actual: Laurence Watts], 
[Row: 495] [Column: 5] [Expected: 200 Elm] [Actual: 10 NBS], 
[Row: 495] [Column: 6] [Expected: isttvfxasd4] [Actual: isttvfxasd1], 
[Row: 496] [Column: 1] [Expected: 3] [Actual: 1,188], 
[Row: 496] [Column: 2] [Expected: stevee] [Actual: mglennan], 
[Row: 496] [Column: 3] [Expected: Steve Evans] [Actual: Mike Glennan], 
[Row: 497] [Column: 1] [Expected: 5,848] [Actual: 3], 
[Row: 497] [Column: 2] [Expected: owatson] [Actual: stevee], 
[Row: 497] [Column: 3] [Expected: Ollie Watson] [Actual: Steve Evans], 
[Row: 497] [Column: 5] [Expected: 10 NBS] [Actual: 200 Elm], 
[Row: 498] [Column: 1] [Expected: 5,867] [Actual: 5,848], 
[Row: 498] [Column: 2] [Expected: dgenkin] [Actual: owatson], 
[Row: 498] [Column: 3] [Expected: Dmitriy Genkin] [Actual: Ollie Watson], 
[Row: 498] [Column: 5] [Expected: 51 Astor Place] [Actual: 10 NBS], 
[Row: 499] [Column: 1] [Expected: 5,864] [Actual: 5,867], 
[Row: 499] [Column: 2] [Expected: cvoekler] [Actual: dgenkin], 
[Row: 499] [Column: 3] [Expected: Christopher Voekler] [Actual: Dmitriy Genkin], 
[Row: 500] [Column: 1] [Expected: 5,773] [Actual: 5,864], 
[Row: 500] [Column: 2] [Expected: slevin] [Actual: cvoekler], 
[Row: 500] [Column: 3] [Expected: Sergey Levin] [Actual: Christopher Voekler], 
[Row: 501] [Column: 1] [Expected: 5,897] [Actual: 5,773], 
[Row: 501] [Column: 2] [Expected: aodinaye] [Actual: slevin], 
[Row: 501] [Column: 3] [Expected: Alex Odinayev] [Actual: Sergey Levin], 
[Row: 502] [Column: 1] [Expected: 5,992] [Actual: 5,897], 
[Row: 502] [Column: 2] [Expected: wchapman] [Actual: aodinaye], 
[Row: 502] [Column: 3] [Expected: William Chapman] [Actual: Alex Odinayev], 
[Row: 502] [Column: 5] [Expected: 10 NBS] [Actual: 51 Astor Place], 
[Row: 503] [Column: 1] [Expected: 6,193] [Actual: 5,992], 
[Row: 503] [Column: 2] [Expected: vzhukov] [Actual: wchapman], 
[Row: 503] [Column: 3] [Expected: Slava Zhukov] [Actual: William Chapman], 
[Row: 503] [Column: 5] [Expected: 51 Astor Place] [Actual: 10 NBS], 
[Row: 504] [Column: 1] [Expected: 6,878] [Actual: 6,193], 
[Row: 504] [Column: 2] [Expected: byuan] [Actual: vzhukov], 
[Row: 504] [Column: 3] [Expected: Bo Yuan] [Actual: Slava Zhukov], 
[Row: 505] [Column: 1] [Expected: 6,973] [Actual: 6,878], 
[Row: 505] [Column: 2] [Expected: crolvung] [Actual: byuan], 
[Row: 505] [Column: 3] [Expected: Christian Rolvung] [Actual: Bo Yuan], 
[Row: 505] [Column: 5] [Expected: Sydney] [Actual: 51 Astor Place], 
[Row: 506] [Column: 1] [Expected: 6,954] [Actual: 6,973], 
[Row: 506] [Column: 2] [Expected: kjohnsto] [Actual: crolvung], 
[Row: 506] [Column: 3] [Expected: Kyle Johnston] [Actual: Christian Rolvung], 
[Row: 506] [Column: 5] [Expected: 51 Astor Place] [Actual: Sydney], 
[Row: 507] [Column: 1] [Expected: 7,095] [Actual: 6,954], 
[Row: 507] [Column: 2] [Expected: asamuel] [Actual: kjohnsto], 
[Row: 507] [Column: 3] [Expected: Alex Samuel] [Actual: Kyle Johnston], 
[Row: 508] [Column: 1] [Expected: 7,253] [Actual: 7,095], 
[Row: 508] [Column: 2] [Expected: acherner] [Actual: asamuel], 
[Row: 508] [Column: 3] [Expected: Alex Cherner] [Actual: Alex Samuel], 
[Row: 509] [Column: 1] [Expected: 7,569] [Actual: 7,253], 
[Row: 509] [Column: 2] [Expected: sstrugne] [Actual: acherner], 
[Row: 509] [Column: 3] [Expected: Sebastian Strugnell] [Actual: Alex Cherner], 
[Row: 509] [Column: 5] [Expected: 10 NBS] [Actual: 51 Astor Place], 
[Row: 510] [Column: 1] [Expected: 7,423] [Actual: 7,569], 
[Row: 510] [Column: 2] [Expected: nlubchen] [Actual: sstrugne], 
[Row: 510] [Column: 3] [Expected: Nazar Lubchenko] [Actual: Sebastian Strugnell], 
[Row: 510] [Column: 5] [Expected: 51 Astor Place] [Actual: 10 NBS], 
[Row: 511] [Column: 1] [Expected: 7,505] [Actual: 7,423], 
[Row: 511] [Column: 2] [Expected: lsewell] [Actual: nlubchen], 
[Row: 511] [Column: 3] [Expected: Luke Sewell] [Actual: Nazar Lubchenko], 
[Row: 511] [Column: 5] [Expected: 10 NBS] [Actual: 51 Astor Place], 
[Row: 512] [Column: 1] [Expected: 7,639] [Actual: 7,505], 
[Row: 512] [Column: 2] [Expected: tbjorkmo] [Actual: lsewell], 
[Row: 512] [Column: 3] [Expected: Theo Bjorkmo] [Actual: Luke Sewell], 
[Row: 513] [Column: 1] [Expected: 7,536] [Actual: 7,639], 
[Row: 513] [Column: 2] [Expected: awestbro] [Actual: tbjorkmo], 
[Row: 513] [Column: 3] [Expected: Andrew Westbrook] [Actual: Theo Bjorkmo], 
[Row: 513] [Column: 4] [Expected: Front Office Technology] [Actual: Systems Trading], 
[Row: 513] [Column: 5] [Expected: 51 Astor Place] [Actual: 10 NBS], 
[Row: 514] [Column: 1] [Expected: 7,708] [Actual: 7,536], 
[Row: 514] [Column: 2] [Expected: elim] [Actual: awestbro], 
[Row: 514] [Column: 3] [Expected: Edward Lim] [Actual: Andrew Westbrook], 
[Row: 514] [Column: 4] [Expected: Systems Trading] [Actual: Front Office Technology], 
[Row: 514] [Column: 5] [Expected: 10 NBS] [Actual: 51 Astor Place], 
[Row: 515] [Column: 1] [Expected: 7,809] [Actual: 7,708], 
[Row: 515] [Column: 2] [Expected: lwatts] [Actual: elim], 
[Row: 515] [Column: 3] [Expected: Laurence Watts] [Actual: Edward Lim], 
[Row: 516] [Column: 1] [Expected: 1,188] [Actual: 7,809], 
[Row: 516] [Column: 2] [Expected: mglennan] [Actual: lwatts], 
[Row: 516] [Column: 3] [Expected: Mike Glennan] [Actual: Laurence Watts], 
[Row: 516] [Column: 5] [Expected: 200 Elm] [Actual: 10 NBS], 
[Row: 516] [Column: 6] [Expected: isttvmaasd2] [Actual: isttvfxasd4], 
[Row: 517] [Column: 1] [Expected: 3] [Actual: 1,188], 
[Row: 517] [Column: 2] [Expected: stevee] [Actual: mglennan], 
[Row: 517] [Column: 3] [Expected: Steve Evans] [Actual: Mike Glennan], 
[Row: 518] [Column: 1] [Expected: 5,848] [Actual: 3], 
[Row: 518] [Column: 2] [Expected: owatson] [Actual: stevee], 
[Row: 518] [Column: 3] [Expected: Ollie Watson] [Actual: Steve Evans], 
[Row: 518] [Column: 5] [Expected: 10 NBS] [Actual: 200 Elm], 
[Row: 519] [Column: 1] [Expected: 5,867] [Actual: 5,848], 
[Row: 519] [Column: 2] [Expected: dgenkin] [Actual: owatson], 
[Row: 519] [Column: 3] [Expected: Dmitriy Genkin] [Actual: Ollie Watson], 
[Row: 519] [Column: 5] [Expected: 51 Astor Place] [Actual: 10 NBS], 
[Row: 520] [Column: 1] [Expected: 5,864] [Actual: 5,867], 
[Row: 520] [Column: 2] [Expected: cvoekler] [Actual: dgenkin], 
[Row: 520] [Column: 3] [Expected: Christopher Voekler] [Actual: Dmitriy Genkin], 
[Row: 521] [Column: 1] [Expected: 5,773] [Actual: 5,864], 
[Row: 521] [Column: 2] [Expected: slevin] [Actual: cvoekler], 
[Row: 521] [Column: 3] [Expected: Sergey Levin] [Actual: Christopher Voekler], 
[Row: 522] [Column: 1] [Expected: 5,897] [Actual: 5,773], 
[Row: 522] [Column: 2] [Expected: aodinaye] [Actual: slevin], 
[Row: 522] [Column: 3] [Expected: Alex Odinayev] [Actual: Sergey Levin], 
[Row: 523] [Column: 1] [Expected: 5,992] [Actual: 5,897], 
[Row: 523] [Column: 2] [Expected: wchapman] [Actual: aodinaye], 
[Row: 523] [Column: 3] [Expected: William Chapman] [Actual: Alex Odinayev], 
[Row: 523] [Column: 5] [Expected: 10 NBS] [Actual: 51 Astor Place], 
[Row: 524] [Column: 1] [Expected: 6,193] [Actual: 5,992], 
[Row: 524] [Column: 2] [Expected: vzhukov] [Actual: wchapman], 
[Row: 524] [Column: 3] [Expected: Slava Zhukov] [Actual: William Chapman], 
[Row: 524] [Column: 5] [Expected: 51 Astor Place] [Actual: 10 NBS], 
[Row: 525] [Column: 1] [Expected: 6,878] [Actual: 6,193], 
[Row: 525] [Column: 2] [Expected: byuan] [Actual: vzhukov], 
[Row: 525] [Column: 3] [Expected: Bo Yuan] [Actual: Slava Zhukov], 
[Row: 526] [Column: 1] [Expected: 6,973] [Actual: 6,878], 
[Row: 526] [Column: 2] [Expected: crolvung] [Actual: byuan], 
[Row: 526] [Column: 3] [Expected: Christian Rolvung] [Actual: Bo Yuan], 
[Row: 526] [Column: 5] [Expected: Sydney] [Actual: 51 Astor Place], 
[Row: 527] [Column: 1] [Expected: 7,095] [Actual: 6,973], 
[Row: 527] [Column: 2] [Expected: asamuel] [Actual: crolvung], 
[Row: 527] [Column: 3] [Expected: Alex Samuel] [Actual: Christian Rolvung], 
[Row: 527] [Column: 5] [Expected: 51 Astor Place] [Actual: Sydney], 
[Row: 528] [Column: 1] [Expected: 7,306] [Actual: 7,095], 
[Row: 528] [Column: 2] [Expected: wdorsey] [Actual: asamuel], 
[Row: 528] [Column: 3] [Expected: William Dorsey] [Actual: Alex Samuel], 
[Row: 528] [Column: 5] [Expected: 10 NBS] [Actual: 51 Astor Place], 
[Row: 529] [Column: 1] [Expected: 7,307] [Actual: 7,306], 
[Row: 529] [Column: 2] [Expected: rcartwri] [Actual: wdorsey], 
[Row: 529] [Column: 3] [Expected: Robert Cartwright] [Actual: William Dorsey], 
[Row: 530] [Column: 1] [Expected: 7,253] [Actual: 7,307], 
[Row: 530] [Column: 2] [Expected: acherner] [Actual: rcartwri], 
[Row: 530] [Column: 3] [Expected: Alex Cherner] [Actual: Robert Cartwright], 
[Row: 530] [Column: 5] [Expected: 51 Astor Place] [Actual: 10 NBS], 
[Row: 531] [Column: 1] [Expected: 7,440] [Actual: 7,253], 
[Row: 531] [Column: 2] [Expected: nfirth] [Actual: acherner], 
[Row: 531] [Column: 3] [Expected: Nick Firth] [Actual: Alex Cherner], 
[Row: 531] [Column: 5] [Expected: 10 NBS] [Actual: 51 Astor Place], 
[Row: 532] [Column: 1] [Expected: 7,423] [Actual: 7,440], 
[Row: 532] [Column: 2] [Expected: nlubchen] [Actual: nfirth], 
[Row: 532] [Column: 3] [Expected: Nazar Lubchenko] [Actual: Nick Firth], 
[Row: 532] [Column: 5] [Expected: 51 Astor Place] [Actual: 10 NBS], 
[Row: 533] [Column: 1] [Expected: 7,505] [Actual: 7,423], 
[Row: 533] [Column: 2] [Expected: lsewell] [Actual: nlubchen], 
[Row: 533] [Column: 3] [Expected: Luke Sewell] [Actual: Nazar Lubchenko], 
[Row: 533] [Column: 5] [Expected: 10 NBS] [Actual: 51 Astor Place], 
[Row: 534] [Column: 1] [Expected: 7,639] [Actual: 7,505], 
[Row: 534] [Column: 2] [Expected: tbjorkmo] [Actual: lsewell], 
[Row: 534] [Column: 3] [Expected: Theo Bjorkmo] [Actual: Luke Sewell], 
[Row: 535] [Column: 1] [Expected: 7,536] [Actual: 7,639], 
[Row: 535] [Column: 2] [Expected: awestbro] [Actual: tbjorkmo], 
[Row: 535] [Column: 3] [Expected: Andrew Westbrook] [Actual: Theo Bjorkmo], 
[Row: 535] [Column: 4] [Expected: Front Office Technology] [Actual: Systems Trading], 
[Row: 535] [Column: 5] [Expected: 51 Astor Place] [Actual: 10 NBS], 
[Row: 536] [Column: 1] [Expected: 7,708] [Actual: 7,536], 
[Row: 536] [Column: 2] [Expected: elim] [Actual: awestbro], 
[Row: 536] [Column: 3] [Expected: Edward Lim] [Actual: Andrew Westbrook], 
[Row: 536] [Column: 4] [Expected: Systems Trading] [Actual: Front Office Technology], 
[Row: 536] [Column: 5] [Expected: 10 NBS] [Actual: 51 Astor Place], 
[Row: 537] [Column: 1] [Expected: 7,809] [Actual: 7,708], 
[Row: 537] [Column: 2] [Expected: lwatts] [Actual: elim], 
[Row: 537] [Column: 3] [Expected: Laurence Watts] [Actual: Edward Lim], 
[Row: 538] [Column: 1] [Expected: 7,801] [Actual: 7,809], 
[Row: 538] [Column: 2] [Expected: vrigori] [Actual: lwatts], 
[Row: 538] [Column: 3] [Expected: Valentin Rigori] [Actual: Laurence Watts], 
[Row: 539] [Column: 1] [Expected: 7,834] [Actual: 7,801], 
[Row: 539] [Column: 2] [Expected: vstazhyn] [Actual: vrigori], 
[Row: 539] [Column: 3] [Expected: Vlad Stazhynski] [Actual: Valentin Rigori], 
[Row: 540] [Column: 1] [Expected: 1,188] [Actual: 7,834], 
[Row: 540] [Column: 2] [Expected: mglennan] [Actual: vstazhyn], 
[Row: 540] [Column: 3] [Expected: Mike Glennan] [Actual: Vlad Stazhynski], 
[Row: 540] [Column: 5] [Expected: 200 Elm] [Actual: 10 NBS], 
[Row: 540] [Column: 6] [Expected: isttvmaasd4] [Actual: isttvmaasd2], 
[Row: 541] [Column: 1] [Expected: 3] [Actual: 1,188], 
[Row: 541] [Column: 2] [Expected: stevee] [Actual: mglennan], 
[Row: 541] [Column: 3] [Expected: Steve Evans] [Actual: Mike Glennan], 
[Row: 542] [Column: 1] [Expected: 5,848] [Actual: 3], 
[Row: 542] [Column: 2] [Expected: owatson] [Actual: stevee], 
[Row: 542] [Column: 3] [Expected: Ollie Watson] [Actual: Steve Evans], 
[Row: 542] [Column: 5] [Expected: 10 NBS] [Actual: 200 Elm], 
[Row: 543] [Column: 1] [Expected: 5,867] [Actual: 5,848], 
[Row: 543] [Column: 2] [Expected: dgenkin] [Actual: owatson], 
[Row: 543] [Column: 3] [Expected: Dmitriy Genkin] [Actual: Ollie Watson], 
[Row: 543] [Column: 5] [Expected: 51 Astor Place] [Actual: 10 NBS], 
[Row: 544] [Column: 1] [Expected: 5,864] [Actual: 5,867], 
[Row: 544] [Column: 2] [Expected: cvoekler] [Actual: dgenkin], 
[Row: 544] [Column: 3] [Expected: Christopher Voekler] [Actual: Dmitriy Genkin], 
[Row: 545] [Column: 1] [Expected: 5,773] [Actual: 5,864], 
[Row: 545] [Column: 2] [Expected: slevin] [Actual: cvoekler], 
[Row: 545] [Column: 3] [Expected: Sergey Levin] [Actual: Christopher Voekler], 
[Row: 546] [Column: 1] [Expected: 5,897] [Actual: 5,773], 
[Row: 546] [Column: 2] [Expected: aodinaye] [Actual: slevin], 
[Row: 546] [Column: 3] [Expected: Alex Odinayev] [Actual: Sergey Levin], 
[Row: 547] [Column: 1] [Expected: 5,992] [Actual: 5,897], 
[Row: 547] [Column: 2] [Expected: wchapman] [Actual: aodinaye], 
[Row: 547] [Column: 3] [Expected: William Chapman] [Actual: Alex Odinayev], 
[Row: 547] [Column: 5] [Expected: 10 NBS] [Actual: 51 Astor Place], 
[Row: 548] [Column: 1] [Expected: 6,193] [Actual: 5,992], 
[Row: 548] [Column: 2] [Expected: vzhukov] [Actual: wchapman], 
[Row: 548] [Column: 3] [Expected: Slava Zhukov] [Actual: William Chapman], 
[Row: 548] [Column: 5] [Expected: 51 Astor Place] [Actual: 10 NBS], 
[Row: 549] [Column: 1] [Expected: 6,878] [Actual: 6,193], 
[Row: 549] [Column: 2] [Expected: byuan] [Actual: vzhukov], 
[Row: 549] [Column: 3] [Expected: Bo Yuan] [Actual: Slava Zhukov], 
[Row: 550] [Column: 1] [Expected: 6,973] [Actual: 6,878], 
[Row: 550] [Column: 2] [Expected: crolvung] [Actual: byuan], 
[Row: 550] [Column: 3] [Expected: Christian Rolvung] [Actual: Bo Yuan], 
[Row: 550] [Column: 5] [Expected: Sydney] [Actual: 51 Astor Place], 
[Row: 551] [Column: 1] [Expected: 7,095] [Actual: 6,973], 
[Row: 551] [Column: 2] [Expected: asamuel] [Actual: crolvung], 
[Row: 551] [Column: 3] [Expected: Alex Samuel] [Actual: Christian Rolvung], 
[Row: 551] [Column: 5] [Expected: 51 Astor Place] [Actual: Sydney], 
[Row: 552] [Column: 1] [Expected: 7,306] [Actual: 7,095], 
[Row: 552] [Column: 2] [Expected: wdorsey] [Actual: asamuel], 
[Row: 552] [Column: 3] [Expected: William Dorsey] [Actual: Alex Samuel], 
[Row: 552] [Column: 5] [Expected: 10 NBS] [Actual: 51 Astor Place], 
[Row: 553] [Column: 1] [Expected: 7,307] [Actual: 7,306], 
[Row: 553] [Column: 2] [Expected: rcartwri] [Actual: wdorsey], 
[Row: 553] [Column: 3] [Expected: Robert Cartwright] [Actual: William Dorsey], 
[Row: 554] [Column: 1] [Expected: 7,253] [Actual: 7,307], 
[Row: 554] [Column: 2] [Expected: acherner] [Actual: rcartwri], 
[Row: 554] [Column: 3] [Expected: Alex Cherner] [Actual: Robert Cartwright], 
[Row: 554] [Column: 5] [Expected: 51 Astor Place] [Actual: 10 NBS], 
[Row: 555] [Column: 1] [Expected: 7,440] [Actual: 7,253], 
[Row: 555] [Column: 2] [Expected: nfirth] [Actual: acherner], 
[Row: 555] [Column: 3] [Expected: Nick Firth] [Actual: Alex Cherner], 
[Row: 555] [Column: 5] [Expected: 10 NBS] [Actual: 51 Astor Place], 
[Row: 556] [Column: 1] [Expected: 7,423] [Actual: 7,440], 
[Row: 556] [Column: 2] [Expected: nlubchen] [Actual: nfirth], 
[Row: 556] [Column: 3] [Expected: Nazar Lubchenko] [Actual: Nick Firth], 
[Row: 556] [Column: 5] [Expected: 51 Astor Place] [Actual: 10 NBS], 
[Row: 557] [Column: 1] [Expected: 7,505] [Actual: 7,423], 
[Row: 557] [Column: 2] [Expected: lsewell] [Actual: nlubchen], 
[Row: 557] [Column: 3] [Expected: Luke Sewell] [Actual: Nazar Lubchenko], 
[Row: 557] [Column: 5] [Expected: 10 NBS] [Actual: 51 Astor Place], 
[Row: 558] [Column: 1] [Expected: 7,639] [Actual: 7,505], 
[Row: 558] [Column: 2] [Expected: tbjorkmo] [Actual: lsewell], 
[Row: 558] [Column: 3] [Expected: Theo Bjorkmo] [Actual: Luke Sewell], 
[Row: 559] [Column: 1] [Expected: 7,536] [Actual: 7,639], 
[Row: 559] [Column: 2] [Expected: awestbro] [Actual: tbjorkmo], 
[Row: 559] [Column: 3] [Expected: Andrew Westbrook] [Actual: Theo Bjorkmo], 
[Row: 559] [Column: 4] [Expected: Front Office Technology] [Actual: Systems Trading], 
[Row: 559] [Column: 5] [Expected: 51 Astor Place] [Actual: 10 NBS], 
[Row: 560] [Column: 1] [Expected: 7,708] [Actual: 7,536], 
[Row: 560] [Column: 2] [Expected: elim] [Actual: awestbro], 
[Row: 560] [Column: 3] [Expected: Edward Lim] [Actual: Andrew Westbrook], 
[Row: 560] [Column: 4] [Expected: Systems Trading] [Actual: Front Office Technology], 
[Row: 560] [Column: 5] [Expected: 10 NBS] [Actual: 51 Astor Place], 
[Row: 561] [Column: 1] [Expected: 7,809] [Actual: 7,708], 
[Row: 561] [Column: 2] [Expected: lwatts] [Actual: elim], 
[Row: 561] [Column: 3] [Expected: Laurence Watts] [Actual: Edward Lim], 
[Row: 562] [Column: 1] [Expected: 1,188] [Actual: 7,809], 
[Row: 562] [Column: 2] [Expected: mglennan] [Actual: lwatts], 
[Row: 562] [Column: 3] [Expected: Mike Glennan] [Actual: Laurence Watts], 
[Row: 562] [Column: 5] [Expected: 200 Elm] [Actual: 10 NBS], 
[Row: 562] [Column: 6] [Expected: isttvmatw1] [Actual: isttvmaasd4], 
[Row: 563] [Column: 1] [Expected: 3] [Actual: 1,188], 
[Row: 563] [Column: 2] [Expected: stevee] [Actual: mglennan], 
[Row: 563] [Column: 3] [Expected: Steve Evans] [Actual: Mike Glennan], 
[Row: 564] [Column: 1] [Expected: 5,848] [Actual: 3], 
[Row: 564] [Column: 2] [Expected: owatson] [Actual: stevee], 
[Row: 564] [Column: 3] [Expected: Ollie Watson] [Actual: Steve Evans], 
[Row: 564] [Column: 5] [Expected: 10 NBS] [Actual: 200 Elm], 
[Row: 565] [Column: 1] [Expected: 5,867] [Actual: 5,848], 
[Row: 565] [Column: 2] [Expected: dgenkin] [Actual: owatson], 
[Row: 565] [Column: 3] [Expected: Dmitriy Genkin] [Actual: Ollie Watson], 
[Row: 565] [Column: 5] [Expected: 51 Astor Place] [Actual: 10 NBS], 
[Row: 566] [Column: 1] [Expected: 5,773] [Actual: 5,867], 
[Row: 566] [Column: 2] [Expected: slevin] [Actual: dgenkin], 
[Row: 566] [Column: 3] [Expected: Sergey Levin] [Actual: Dmitriy Genkin], 
[Row: 567] [Column: 1] [Expected: 5,545] [Actual: 5,773], 
[Row: 567] [Column: 2] [Expected: twynter] [Actual: slevin], 
[Row: 567] [Column: 3] [Expected: Tom Wynter] [Actual: Sergey Levin], 
[Row: 567] [Column: 5] [Expected: 200 Elm] [Actual: 51 Astor Place], 
[Row: 568] [Column: 1] [Expected: 6,924] [Actual: 5,545], 
[Row: 568] [Column: 2] [Expected: fye] [Actual: twynter], 
[Row: 568] [Column: 3] [Expected: Fei Ye] [Actual: Tom Wynter], 
[Row: 569] [Column: 1] [Expected: 6,894] [Actual: 6,924], 
[Row: 569] [Column: 2] [Expected: rtoghrae] [Actual: fye], 
[Row: 569] [Column: 3] [Expected: Reza Toghraee] [Actual: Fei Ye], 
[Row: 570] [Column: 1] [Expected: 7,536] [Actual: 6,894], 
[Row: 570] [Column: 2] [Expected: awestbro] [Actual: rtoghrae], 
[Row: 570] [Column: 3] [Expected: Andrew Westbrook] [Actual: Reza Toghraee], 
[Row: 570] [Column: 4] [Expected: Front Office Technology] [Actual: Systems Trading], 
[Row: 570] [Column: 5] [Expected: 51 Astor Place] [Actual: 200 Elm], 
[Row: 571] [Column: 1] [Expected: 7,830] [Actual: 7,536], 
[Row: 571] [Column: 2] [Expected: jcasbon] [Actual: awestbro], 
[Row: 571] [Column: 3] [Expected: James Casbon] [Actual: Andrew Westbrook], 
[Row: 571] [Column: 4] [Expected: Systems Trading] [Actual: Front Office Technology], 
[Row: 571] [Column: 5] [Expected: 10 NBS] [Actual: 51 Astor Place], 
[Row: 572] [Column: 1] [Expected: 1,188] [Actual: 7,830], 
[Row: 572] [Column: 2] [Expected: mglennan] [Actual: jcasbon], 
[Row: 572] [Column: 3] [Expected: Mike Glennan] [Actual: James Casbon], 
[Row: 572] [Column: 5] [Expected: 200 Elm] [Actual: 10 NBS], 
[Row: 572] [Column: 6] [Expected: isttvmisc] [Actual: isttvmatw1], 
[Row: 573] [Column: 1] [Expected: 3] [Actual: 1,188], 
[Row: 573] [Column: 2] [Expected: stevee] [Actual: mglennan], 
[Row: 573] [Column: 3] [Expected: Steve Evans] [Actual: Mike Glennan], 
[Row: 574] [Column: 1] [Expected: 5,867] [Actual: 3], 
[Row: 574] [Column: 2] [Expected: dgenkin] [Actual: stevee], 
[Row: 574] [Column: 3] [Expected: Dmitriy Genkin] [Actual: Steve Evans], 
[Row: 574] [Column: 5] [Expected: 51 Astor Place] [Actual: 200 Elm], 
[Row: 575] [Column: 1] [Expected: 5,864] [Actual: 5,867], 
[Row: 575] [Column: 2] [Expected: cvoekler] [Actual: dgenkin], 
[Row: 575] [Column: 3] [Expected: Christopher Voekler] [Actual: Dmitriy Genkin], 
[Row: 576] [Column: 1] [Expected: 5,992] [Actual: 5,864], 
[Row: 576] [Column: 2] [Expected: wchapman] [Actual: cvoekler], 
[Row: 576] [Column: 3] [Expected: William Chapman] [Actual: Christopher Voekler], 
[Row: 576] [Column: 5] [Expected: 10 NBS] [Actual: 51 Astor Place], 
[Row: 577] [Column: 1] [Expected: 6,193] [Actual: 5,992], 
[Row: 577] [Column: 2] [Expected: vzhukov] [Actual: wchapman], 
[Row: 577] [Column: 3] [Expected: Slava Zhukov] [Actual: William Chapman], 
[Row: 577] [Column: 5] [Expected: 51 Astor Place] [Actual: 10 NBS], 
[Row: 578] [Column: 1] [Expected: 6,878] [Actual: 6,193], 
[Row: 578] [Column: 2] [Expected: byuan] [Actual: vzhukov], 
[Row: 578] [Column: 3] [Expected: Bo Yuan] [Actual: Slava Zhukov], 
[Row: 579] [Column: 1] [Expected: 7,745] [Actual: 6,878], 
[Row: 579] [Column: 2] [Expected: jtereshc] [Actual: byuan], 
[Row: 579] [Column: 3] [Expected: Julie Tereshchenko] [Actual: Bo Yuan], 
[Row: 580] [Column: 1] [Expected: 7,536] [Actual: 7,745], 
[Row: 580] [Column: 2] [Expected: awestbro] [Actual: jtereshc], 
[Row: 580] [Column: 3] [Expected: Andrew Westbrook] [Actual: Julie Tereshchenko], 
[Row: 580] [Column: 4] [Expected: Front Office Technology] [Actual: Systems Trading], 
[Row: 581] [Column: 1] [Expected: 7,692] [Actual: 7,536], 
[Row: 581] [Column: 2] [Expected: oharrima] [Actual: awestbro], 
[Row: 581] [Column: 3] [Expected: Oliver Harriman] [Actual: Andrew Westbrook], 
[Row: 581] [Column: 4] [Expected: Systems Trading] [Actual: Front Office Technology], 
[Row: 581] [Column: 5] [Expected: 10 NBS] [Actual: 51 Astor Place], 
[Row: 582] [Column: 1] [Expected: 1,188] [Actual: 7,692], 
[Row: 582] [Column: 2] [Expected: mglennan] [Actual: oharrima], 
[Row: 582] [Column: 3] [Expected: Mike Glennan] [Actual: Oliver Harriman], 
[Row: 582] [Column: 5] [Expected: 200 Elm] [Actual: 10 NBS], 
[Row: 582] [Column: 6] [Expected: isttvvolasd1] [Actual: isttvmisc], 
[Row: 583] [Column: 1] [Expected: 3] [Actual: 1,188], 
[Row: 583] [Column: 2] [Expected: stevee] [Actual: mglennan], 
[Row: 583] [Column: 3] [Expected: Steve Evans] [Actual: Mike Glennan], 
[Row: 584] [Column: 1] [Expected: 5,848] [Actual: 3], 
[Row: 584] [Column: 2] [Expected: owatson] [Actual: stevee], 
[Row: 584] [Column: 3] [Expected: Ollie Watson] [Actual: Steve Evans], 
[Row: 584] [Column: 5] [Expected: 10 NBS] [Actual: 200 Elm], 
[Row: 585] [Column: 1] [Expected: 5,867] [Actual: 5,848], 
[Row: 585] [Column: 2] [Expected: dgenkin] [Actual: owatson], 
[Row: 585] [Column: 3] [Expected: Dmitriy Genkin] [Actual: Ollie Watson], 
[Row: 585] [Column: 5] [Expected: 51 Astor Place] [Actual: 10 NBS], 
[Row: 586] [Column: 1] [Expected: 5,864] [Actual: 5,867], 
[Row: 586] [Column: 2] [Expected: cvoekler] [Actual: dgenkin], 
[Row: 586] [Column: 3] [Expected: Christopher Voekler] [Actual: Dmitriy Genkin], 
[Row: 587] [Column: 1] [Expected: 5,773] [Actual: 5,864], 
[Row: 587] [Column: 2] [Expected: slevin] [Actual: cvoekler], 
[Row: 587] [Column: 3] [Expected: Sergey Levin] [Actual: Christopher Voekler], 
[Row: 588] [Column: 1] [Expected: 6,193] [Actual: 5,773], 
[Row: 588] [Column: 2] [Expected: vzhukov] [Actual: slevin], 
[Row: 588] [Column: 3] [Expected: Slava Zhukov] [Actual: Sergey Levin], 
[Row: 589] [Column: 1] [Expected: 6,878] [Actual: 6,193], 
[Row: 589] [Column: 2] [Expected: byuan] [Actual: vzhukov], 
[Row: 589] [Column: 3] [Expected: Bo Yuan] [Actual: Slava Zhukov], 
[Row: 590] [Column: 1] [Expected: 6,973] [Actual: 6,878], 
[Row: 590] [Column: 2] [Expected: crolvung] [Actual: byuan], 
[Row: 590] [Column: 3] [Expected: Christian Rolvung] [Actual: Bo Yuan], 
[Row: 590] [Column: 5] [Expected: Sydney] [Actual: 51 Astor Place], 
[Row: 591] [Column: 1] [Expected: 7,423] [Actual: 6,973], 
[Row: 591] [Column: 2] [Expected: nlubchen] [Actual: crolvung], 
[Row: 591] [Column: 3] [Expected: Nazar Lubchenko] [Actual: Christian Rolvung], 
[Row: 591] [Column: 5] [Expected: 51 Astor Place] [Actual: Sydney], 
[Row: 592] [Column: 1] [Expected: 7,536] [Actual: 7,423], 
[Row: 592] [Column: 2] [Expected: awestbro] [Actual: nlubchen], 
[Row: 592] [Column: 3] [Expected: Andrew Westbrook] [Actual: Nazar Lubchenko], 
[Row: 592] [Column: 4] [Expected: Front Office Technology] [Actual: Systems Trading], 
[Row: 593] [Column: 1] [Expected: 7,784] [Actual: 7,536], 
[Row: 593] [Column: 2] [Expected: ldeleo] [Actual: awestbro], 
[Row: 593] [Column: 3] [Expected: Lorenzo De Leo] [Actual: Andrew Westbrook], 
[Row: 593] [Column: 4] [Expected: Systems Trading] [Actual: Front Office Technology], 
[Row: 593] [Column: 5] [Expected: France] [Actual: 51 Astor Place], 
[Row: 594] [Column: 1] [Expected: 7,821] [Actual: 7,784], 
[Row: 594] [Column: 2] [Expected: wreid] [Actual: ldeleo], 
[Row: 594] [Column: 3] [Expected: William Reid] [Actual: Lorenzo De Leo], 
[Row: 594] [Column: 5] [Expected: 10 NBS] [Actual: France], 
[Row: 595] [Column: 1] [Expected: 7,838] [Actual: 7,821], 
[Row: 595] [Column: 2] [Expected: nheuer] [Actual: wreid], 
[Row: 595] [Column: 3] [Expected: Nicolaus Heuer] [Actual: William Reid], 
[Row: 596] [Column: 1] [Expected: 1,188] [Actual: 7,838], 
[Row: 596] [Column: 2] [Expected: mglennan] [Actual: nheuer], 
[Row: 596] [Column: 3] [Expected: Mike Glennan] [Actual: Nicolaus Heuer], 
[Row: 596] [Column: 5] [Expected: 200 Elm] [Actual: 10 NBS], 
[Row: 596] [Column: 6] [Expected: isttvvolasd1lev] [Actual: isttvvolasd1], 
[Row: 597] [Column: 1] [Expected: 3] [Actual: 1,188], 
[Row: 597] [Column: 2] [Expected: stevee] [Actual: mglennan], 
[Row: 597] [Column: 3] [Expected: Steve Evans] [Actual: Mike Glennan], 
[Row: 598] [Column: 1] [Expected: 5,848] [Actual: 3], 
[Row: 598] [Column: 2] [Expected: owatson] [Actual: stevee], 
[Row: 598] [Column: 3] [Expected: Ollie Watson] [Actual: Steve Evans], 
[Row: 598] [Column: 5] [Expected: 10 NBS] [Actual: 200 Elm], 
[Row: 599] [Column: 1] [Expected: 5,867] [Actual: 5,848], 
[Row: 599] [Column: 2] [Expected: dgenkin] [Actual: owatson], 
[Row: 599] [Column: 3] [Expected: Dmitriy Genkin] [Actual: Ollie Watson], 
[Row: 599] [Column: 5] [Expected: 51 Astor Place] [Actual: 10 NBS], 
[Row: 600] [Column: 1] [Expected: 5,864] [Actual: 5,867], 
[Row: 600] [Column: 2] [Expected: cvoekler] [Actual: dgenkin], 
[Row: 600] [Column: 3] [Expected: Christopher Voekler] [Actual: Dmitriy Genkin], 
[Row: 601] [Column: 1] [Expected: 5,773] [Actual: 5,864], 
[Row: 601] [Column: 2] [Expected: slevin] [Actual: cvoekler], 
[Row: 601] [Column: 3] [Expected: Sergey Levin] [Actual: Christopher Voekler], 
[Row: 602] [Column: 1] [Expected: 6,193] [Actual: 5,773], 
[Row: 602] [Column: 2] [Expected: vzhukov] [Actual: slevin], 
[Row: 602] [Column: 3] [Expected: Slava Zhukov] [Actual: Sergey Levin], 
[Row: 603] [Column: 1] [Expected: 6,878] [Actual: 6,193], 
[Row: 603] [Column: 2] [Expected: byuan] [Actual: vzhukov], 
[Row: 603] [Column: 3] [Expected: Bo Yuan] [Actual: Slava Zhukov], 
[Row: 604] [Column: 1] [Expected: 6,973] [Actual: 6,878], 
[Row: 604] [Column: 2] [Expected: crolvung] [Actual: byuan], 
[Row: 604] [Column: 3] [Expected: Christian Rolvung] [Actual: Bo Yuan], 
[Row: 604] [Column: 5] [Expected: Sydney] [Actual: 51 Astor Place], 
[Row: 605] [Column: 1] [Expected: 7,423] [Actual: 6,973], 
[Row: 605] [Column: 2] [Expected: nlubchen] [Actual: crolvung], 
[Row: 605] [Column: 3] [Expected: Nazar Lubchenko] [Actual: Christian Rolvung], 
[Row: 605] [Column: 5] [Expected: 51 Astor Place] [Actual: Sydney], 
[Row: 606] [Column: 1] [Expected: 1,188] [Actual: 7,423], 
[Row: 606] [Column: 2] [Expected: mglennan] [Actual: nlubchen], 
[Row: 606] [Column: 3] [Expected: Mike Glennan] [Actual: Nazar Lubchenko], 
[Row: 606] [Column: 5] [Expected: 200 Elm] [Actual: 51 Astor Place], 
[Row: 606] [Column: 6] [Expected: isttvvolasd2] [Actual: isttvvolasd1lev], 
[Row: 607] [Column: 1] [Expected: 3] [Actual: 1,188], 
[Row: 607] [Column: 2] [Expected: stevee] [Actual: mglennan], 
[Row: 607] [Column: 3] [Expected: Steve Evans] [Actual: Mike Glennan], 
[Row: 608] [Column: 1] [Expected: 5,848] [Actual: 3], 
[Row: 608] [Column: 2] [Expected: owatson] [Actual: stevee], 
[Row: 608] [Column: 3] [Expected: Ollie Watson] [Actual: Steve Evans], 
[Row: 608] [Column: 5] [Expected: 10 NBS] [Actual: 200 Elm], 
[Row: 609] [Column: 1] [Expected: 5,867] [Actual: 5,848], 
[Row: 609] [Column: 2] [Expected: dgenkin] [Actual: owatson], 
[Row: 609] [Column: 3] [Expected: Dmitriy Genkin] [Actual: Ollie Watson], 
[Row: 609] [Column: 5] [Expected: 51 Astor Place] [Actual: 10 NBS], 
[Row: 610] [Column: 1] [Expected: 5,864] [Actual: 5,867], 
[Row: 610] [Column: 2] [Expected: cvoekler] [Actual: dgenkin], 
[Row: 610] [Column: 3] [Expected: Christopher Voekler] [Actual: Dmitriy Genkin], 
[Row: 611] [Column: 1] [Expected: 5,773] [Actual: 5,864], 
[Row: 611] [Column: 2] [Expected: slevin] [Actual: cvoekler], 
[Row: 611] [Column: 3] [Expected: Sergey Levin] [Actual: Christopher Voekler], 
[Row: 612] [Column: 1] [Expected: 6,193] [Actual: 5,773], 
[Row: 612] [Column: 2] [Expected: vzhukov] [Actual: slevin], 
[Row: 612] [Column: 3] [Expected: Slava Zhukov] [Actual: Sergey Levin], 
[Row: 613] [Column: 1] [Expected: 6,878] [Actual: 6,193], 
[Row: 613] [Column: 2] [Expected: byuan] [Actual: vzhukov], 
[Row: 613] [Column: 3] [Expected: Bo Yuan] [Actual: Slava Zhukov], 
[Row: 614] [Column: 1] [Expected: 6,973] [Actual: 6,878], 
[Row: 614] [Column: 2] [Expected: crolvung] [Actual: byuan], 
[Row: 614] [Column: 3] [Expected: Christian Rolvung] [Actual: Bo Yuan], 
[Row: 614] [Column: 5] [Expected: Sydney] [Actual: 51 Astor Place], 
[Row: 615] [Column: 1] [Expected: 7,423] [Actual: 6,973], 
[Row: 615] [Column: 2] [Expected: nlubchen] [Actual: crolvung], 
[Row: 615] [Column: 3] [Expected: Nazar Lubchenko] [Actual: Christian Rolvung], 
[Row: 615] [Column: 5] [Expected: 51 Astor Place] [Actual: Sydney], 
[Row: 616] [Column: 1] [Expected: 7,536] [Actual: 7,423], 
[Row: 616] [Column: 2] [Expected: awestbro] [Actual: nlubchen], 
[Row: 616] [Column: 3] [Expected: Andrew Westbrook] [Actual: Nazar Lubchenko], 
[Row: 616] [Column: 4] [Expected: Front Office Technology] [Actual: Systems Trading], 
[Row: 617] [Column: 1] [Expected: 7,784] [Actual: 7,536], 
[Row: 617] [Column: 2] [Expected: ldeleo] [Actual: awestbro], 
[Row: 617] [Column: 3] [Expected: Lorenzo De Leo] [Actual: Andrew Westbrook], 
[Row: 617] [Column: 4] [Expected: Systems Trading] [Actual: Front Office Technology], 
[Row: 617] [Column: 5] [Expected: France] [Actual: 51 Astor Place], 
[Row: 618] [Column: 1] [Expected: 7,821] [Actual: 7,784], 
[Row: 618] [Column: 2] [Expected: wreid] [Actual: ldeleo], 
[Row: 618] [Column: 3] [Expected: William Reid] [Actual: Lorenzo De Leo], 
[Row: 618] [Column: 5] [Expected: 10 NBS] [Actual: France], 
[Row: 619] [Column: 1] [Expected: 7,838] [Actual: 7,821], 
[Row: 619] [Column: 2] [Expected: nheuer] [Actual: wreid], 
[Row: 619] [Column: 3] [Expected: Nicolaus Heuer] [Actual: William Reid], 
[Row: 620] [Column: 1] [Expected: 1,188] [Actual: 7,838], 
[Row: 620] [Column: 2] [Expected: mglennan] [Actual: nheuer], 
[Row: 620] [Column: 3] [Expected: Mike Glennan] [Actual: Nicolaus Heuer], 
[Row: 620] [Column: 5] [Expected: 200 Elm] [Actual: 10 NBS], 
[Row: 620] [Column: 6] [Expected: isttvvolasd20] [Actual: isttvvolasd2], 
[Row: 621] [Column: 1] [Expected: 3] [Actual: 1,188], 
[Row: 621] [Column: 2] [Expected: stevee] [Actual: mglennan], 
[Row: 621] [Column: 3] [Expected: Steve Evans] [Actual: Mike Glennan], 
[Row: 622] [Column: 1] [Expected: 5,848] [Actual: 3], 
[Row: 622] [Column: 2] [Expected: owatson] [Actual: stevee], 
[Row: 622] [Column: 3] [Expected: Ollie Watson] [Actual: Steve Evans], 
[Row: 622] [Column: 5] [Expected: 10 NBS] [Actual: 200 Elm], 
[Row: 623] [Column: 1] [Expected: 5,867] [Actual: 5,848], 
[Row: 623] [Column: 2] [Expected: dgenkin] [Actual: owatson], 
[Row: 623] [Column: 3] [Expected: Dmitriy Genkin] [Actual: Ollie Watson], 
[Row: 623] [Column: 5] [Expected: 51 Astor Place] [Actual: 10 NBS], 
[Row: 624] [Column: 1] [Expected: 5,864] [Actual: 5,867], 
[Row: 624] [Column: 2] [Expected: cvoekler] [Actual: dgenkin], 
[Row: 624] [Column: 3] [Expected: Christopher Voekler] [Actual: Dmitriy Genkin], 
[Row: 625] [Column: 1] [Expected: 5,773] [Actual: 5,864], 
[Row: 625] [Column: 2] [Expected: slevin] [Actual: cvoekler], 
[Row: 625] [Column: 3] [Expected: Sergey Levin] [Actual: Christopher Voekler], 
[Row: 626] [Column: 1] [Expected: 6,193] [Actual: 5,773], 
[Row: 626] [Column: 2] [Expected: vzhukov] [Actual: slevin], 
[Row: 626] [Column: 3] [Expected: Slava Zhukov] [Actual: Sergey Levin], 
[Row: 627] [Column: 1] [Expected: 6,878] [Actual: 6,193], 
[Row: 627] [Column: 2] [Expected: byuan] [Actual: vzhukov], 
[Row: 627] [Column: 3] [Expected: Bo Yuan] [Actual: Slava Zhukov], 
[Row: 628] [Column: 1] [Expected: 6,973] [Actual: 6,878], 
[Row: 628] [Column: 2] [Expected: crolvung] [Actual: byuan], 
[Row: 628] [Column: 3] [Expected: Christian Rolvung] [Actual: Bo Yuan], 
[Row: 628] [Column: 5] [Expected: Sydney] [Actual: 51 Astor Place], 
[Row: 629] [Column: 1] [Expected: 7,423] [Actual: 6,973], 
[Row: 629] [Column: 2] [Expected: nlubchen] [Actual: crolvung], 
[Row: 629] [Column: 3] [Expected: Nazar Lubchenko] [Actual: Christian Rolvung], 
[Row: 629] [Column: 5] [Expected: 51 Astor Place] [Actual: Sydney], 
[Row: 630] [Column: 1] [Expected: 7,536] [Actual: 7,423], 
[Row: 630] [Column: 2] [Expected: awestbro] [Actual: nlubchen], 
[Row: 630] [Column: 3] [Expected: Andrew Westbrook] [Actual: Nazar Lubchenko], 
[Row: 630] [Column: 4] [Expected: Front Office Technology] [Actual: Systems Trading], 
[Row: 631] [Column: 1] [Expected: 7,784] [Actual: 7,536], 
[Row: 631] [Column: 2] [Expected: ldeleo] [Actual: awestbro], 
[Row: 631] [Column: 3] [Expected: Lorenzo De Leo] [Actual: Andrew Westbrook], 
[Row: 631] [Column: 4] [Expected: Systems Trading] [Actual: Front Office Technology], 
[Row: 631] [Column: 5] [Expected: France] [Actual: 51 Astor Place], 
[Row: 632] [Column: 1] [Expected: 7,821] [Actual: 7,784], 
[Row: 632] [Column: 2] [Expected: wreid] [Actual: ldeleo], 
[Row: 632] [Column: 3] [Expected: William Reid] [Actual: Lorenzo De Leo], 
[Row: 632] [Column: 5] [Expected: 10 NBS] [Actual: France], 
[Row: 633] [Column: 1] [Expected: 1,188] [Actual: 7,821], 
[Row: 633] [Column: 2] [Expected: mglennan] [Actual: wreid], 
[Row: 633] [Column: 3] [Expected: Mike Glennan] [Actual: William Reid], 
[Row: 633] [Column: 5] [Expected: 200 Elm] [Actual: 10 NBS], 
[Row: 633] [Column: 6] [Expected: isttvvolasd21] [Actual: isttvvolasd20], 
[Row: 634] [Column: 1] [Expected: 3] [Actual: 1,188], 
[Row: 634] [Column: 2] [Expected: stevee] [Actual: mglennan], 
[Row: 634] [Column: 3] [Expected: Steve Evans] [Actual: Mike Glennan], 
[Row: 635] [Column: 1] [Expected: 5,848] [Actual: 3], 
[Row: 635] [Column: 2] [Expected: owatson] [Actual: stevee], 
[Row: 635] [Column: 3] [Expected: Ollie Watson] [Actual: Steve Evans], 
[Row: 635] [Column: 5] [Expected: 10 NBS] [Actual: 200 Elm], 
[Row: 636] [Column: 1] [Expected: 5,867] [Actual: 5,848], 
[Row: 636] [Column: 2] [Expected: dgenkin] [Actual: owatson], 
[Row: 636] [Column: 3] [Expected: Dmitriy Genkin] [Actual: Ollie Watson], 
[Row: 636] [Column: 5] [Expected: 51 Astor Place] [Actual: 10 NBS], 
[Row: 637] [Column: 1] [Expected: 5,864] [Actual: 5,867], 
[Row: 637] [Column: 2] [Expected: cvoekler] [Actual: dgenkin], 
[Row: 637] [Column: 3] [Expected: Christopher Voekler] [Actual: Dmitriy Genkin], 
[Row: 638] [Column: 1] [Expected: 5,773] [Actual: 5,864], 
[Row: 638] [Column: 2] [Expected: slevin] [Actual: cvoekler], 
[Row: 638] [Column: 3] [Expected: Sergey Levin] [Actual: Christopher Voekler], 
[Row: 639] [Column: 1] [Expected: 6,193] [Actual: 5,773], 
[Row: 639] [Column: 2] [Expected: vzhukov] [Actual: slevin], 
[Row: 639] [Column: 3] [Expected: Slava Zhukov] [Actual: Sergey Levin], 
[Row: 640] [Column: 1] [Expected: 6,878] [Actual: 6,193], 
[Row: 640] [Column: 2] [Expected: byuan] [Actual: vzhukov], 
[Row: 640] [Column: 3] [Expected: Bo Yuan] [Actual: Slava Zhukov], 
[Row: 641] [Column: 1] [Expected: 6,973] [Actual: 6,878], 
[Row: 641] [Column: 2] [Expected: crolvung] [Actual: byuan], 
[Row: 641] [Column: 3] [Expected: Christian Rolvung] [Actual: Bo Yuan], 
[Row: 641] [Column: 5] [Expected: Sydney] [Actual: 51 Astor Place], 
[Row: 642] [Column: 1] [Expected: 7,423] [Actual: 6,973], 
[Row: 642] [Column: 2] [Expected: nlubchen] [Actual: crolvung], 
[Row: 642] [Column: 3] [Expected: Nazar Lubchenko] [Actual: Christian Rolvung], 
[Row: 642] [Column: 5] [Expected: 51 Astor Place] [Actual: Sydney], 
[Row: 643] [Column: 1] [Expected: 7,536] [Actual: 7,423], 
[Row: 643] [Column: 2] [Expected: awestbro] [Actual: nlubchen], 
[Row: 643] [Column: 3] [Expected: Andrew Westbrook] [Actual: Nazar Lubchenko], 
[Row: 643] [Column: 4] [Expected: Front Office Technology] [Actual: Systems Trading], 
[Row: 644] [Column: 1] [Expected: 7,784] [Actual: 7,536], 
[Row: 644] [Column: 2] [Expected: ldeleo] [Actual: awestbro], 
[Row: 644] [Column: 3] [Expected: Lorenzo De Leo] [Actual: Andrew Westbrook], 
[Row: 644] [Column: 4] [Expected: Systems Trading] [Actual: Front Office Technology], 
[Row: 644] [Column: 5] [Expected: France] [Actual: 51 Astor Place], 
[Row: 645] [Column: 1] [Expected: 7,821] [Actual: 7,784], 
[Row: 645] [Column: 2] [Expected: wreid] [Actual: ldeleo], 
[Row: 645] [Column: 3] [Expected: William Reid] [Actual: Lorenzo De Leo], 
[Row: 645] [Column: 5] [Expected: 10 NBS] [Actual: France], 
[Row: 646] [Column: 1] [Expected: 1,188] [Actual: 7,821], 
[Row: 646] [Column: 2] [Expected: mglennan] [Actual: wreid], 
[Row: 646] [Column: 3] [Expected: Mike Glennan] [Actual: William Reid], 
[Row: 646] [Column: 5] [Expected: 200 Elm] [Actual: 10 NBS], 
[Row: 646] [Column: 6] [Expected: isttvvolasd22] [Actual: isttvvolasd21], 
[Row: 647] [Column: 1] [Expected: 3] [Actual: 1,188], 
[Row: 647] [Column: 2] [Expected: stevee] [Actual: mglennan], 
[Row: 647] [Column: 3] [Expected: Steve Evans] [Actual: Mike Glennan], 
[Row: 648] [Column: 1] [Expected: 5,848] [Actual: 3], 
[Row: 648] [Column: 2] [Expected: owatson] [Actual: stevee], 
[Row: 648] [Column: 3] [Expected: Ollie Watson] [Actual: Steve Evans], 
[Row: 648] [Column: 5] [Expected: 10 NBS] [Actual: 200 Elm], 
[Row: 649] [Column: 1] [Expected: 5,867] [Actual: 5,848], 
[Row: 649] [Column: 2] [Expected: dgenkin] [Actual: owatson], 
[Row: 649] [Column: 3] [Expected: Dmitriy Genkin] [Actual: Ollie Watson], 
[Row: 649] [Column: 5] [Expected: 51 Astor Place] [Actual: 10 NBS], 
[Row: 650] [Column: 1] [Expected: 5,864] [Actual: 5,867], 
[Row: 650] [Column: 2] [Expected: cvoekler] [Actual: dgenkin], 
[Row: 650] [Column: 3] [Expected: Christopher Voekler] [Actual: Dmitriy Genkin], 
[Row: 651] [Column: 1] [Expected: 5,773] [Actual: 5,864], 
[Row: 651] [Column: 2] [Expected: slevin] [Actual: cvoekler], 
[Row: 651] [Column: 3] [Expected: Sergey Levin] [Actual: Christopher Voekler], 
[Row: 652] [Column: 1] [Expected: 6,193] [Actual: 5,773], 
[Row: 652] [Column: 2] [Expected: vzhukov] [Actual: slevin], 
[Row: 652] [Column: 3] [Expected: Slava Zhukov] [Actual: Sergey Levin], 
[Row: 653] [Column: 1] [Expected: 6,878] [Actual: 6,193], 
[Row: 653] [Column: 2] [Expected: byuan] [Actual: vzhukov], 
[Row: 653] [Column: 3] [Expected: Bo Yuan] [Actual: Slava Zhukov], 
[Row: 654] [Column: 1] [Expected: 6,973] [Actual: 6,878], 
[Row: 654] [Column: 2] [Expected: crolvung] [Actual: byuan], 
[Row: 654] [Column: 3] [Expected: Christian Rolvung] [Actual: Bo Yuan], 
[Row: 654] [Column: 5] [Expected: Sydney] [Actual: 51 Astor Place], 
[Row: 655] [Column: 1] [Expected: 7,423] [Actual: 6,973], 
[Row: 655] [Column: 2] [Expected: nlubchen] [Actual: crolvung], 
[Row: 655] [Column: 3] [Expected: Nazar Lubchenko] [Actual: Christian Rolvung], 
[Row: 655] [Column: 5] [Expected: 51 Astor Place] [Actual: Sydney], 
[Row: 656] [Column: 1] [Expected: 7,784] [Actual: 7,423], 
[Row: 656] [Column: 2] [Expected: ldeleo] [Actual: nlubchen], 
[Row: 656] [Column: 3] [Expected: Lorenzo De Leo] [Actual: Nazar Lubchenko], 
[Row: 656] [Column: 5] [Expected: France] [Actual: 51 Astor Place], 
[Row: 657] [Column: 1] [Expected: 7,821] [Actual: 7,784], 
[Row: 657] [Column: 2] [Expected: wreid] [Actual: ldeleo], 
[Row: 657] [Column: 3] [Expected: William Reid] [Actual: Lorenzo De Leo], 
[Row: 657] [Column: 5] [Expected: 10 NBS] [Actual: France], 
[Row: 658] [Column: 1] [Expected: 1,188] [Actual: 7,821], 
[Row: 658] [Column: 2] [Expected: mglennan] [Actual: wreid], 
[Row: 658] [Column: 3] [Expected: Mike Glennan] [Actual: William Reid], 
[Row: 658] [Column: 5] [Expected: 200 Elm] [Actual: 10 NBS], 
[Row: 658] [Column: 6] [Expected: isttvvolasd22lev] [Actual: isttvvolasd22], 
[Row: 659] [Column: 6] [Expected: isttvvolasd3] [Actual: isttvvolasd22lev], 
[Row: 660] [Column: 1] [Expected: 3] [Actual: 1,188], 
[Row: 660] [Column: 2] [Expected: stevee] [Actual: mglennan], 
[Row: 660] [Column: 3] [Expected: Steve Evans] [Actual: Mike Glennan], 
[Row: 661] [Column: 1] [Expected: 5,848] [Actual: 3], 
[Row: 661] [Column: 2] [Expected: owatson] [Actual: stevee], 
[Row: 661] [Column: 3] [Expected: Ollie Watson] [Actual: Steve Evans], 
[Row: 661] [Column: 5] [Expected: 10 NBS] [Actual: 200 Elm], 
[Row: 662] [Column: 1] [Expected: 5,867] [Actual: 5,848], 
[Row: 662] [Column: 2] [Expected: dgenkin] [Actual: owatson], 
[Row: 662] [Column: 3] [Expected: Dmitriy Genkin] [Actual: Ollie Watson], 
[Row: 662] [Column: 5] [Expected: 51 Astor Place] [Actual: 10 NBS], 
[Row: 663] [Column: 1] [Expected: 5,864] [Actual: 5,867], 
[Row: 663] [Column: 2] [Expected: cvoekler] [Actual: dgenkin], 
[Row: 663] [Column: 3] [Expected: Christopher Voekler] [Actual: Dmitriy Genkin], 
[Row: 664] [Column: 1] [Expected: 5,773] [Actual: 5,864], 
[Row: 664] [Column: 2] [Expected: slevin] [Actual: cvoekler], 
[Row: 664] [Column: 3] [Expected: Sergey Levin] [Actual: Christopher Voekler], 
[Row: 665] [Column: 1] [Expected: 6,193] [Actual: 5,773], 
[Row: 665] [Column: 2] [Expected: vzhukov] [Actual: slevin], 
[Row: 665] [Column: 3] [Expected: Slava Zhukov] [Actual: Sergey Levin], 
[Row: 666] [Column: 1] [Expected: 7,784] [Actual: 6,193], 
[Row: 666] [Column: 2] [Expected: ldeleo] [Actual: vzhukov], 
[Row: 666] [Column: 3] [Expected: Lorenzo De Leo] [Actual: Slava Zhukov], 
[Row: 666] [Column: 5] [Expected: France] [Actual: 51 Astor Place], 
[Row: 667] [Column: 1] [Expected: 1,188] [Actual: 7,784], 
[Row: 667] [Column: 2] [Expected: mglennan] [Actual: ldeleo], 
[Row: 667] [Column: 3] [Expected: Mike Glennan] [Actual: Lorenzo De Leo], 
[Row: 667] [Column: 5] [Expected: 200 Elm] [Actual: France], 
[Row: 667] [Column: 6] [Expected: isttvvolasd4] [Actual: isttvvolasd3], 
[Row: 668] [Column: 1] [Expected: 3] [Actual: 1,188], 
[Row: 668] [Column: 2] [Expected: stevee] [Actual: mglennan], 
[Row: 668] [Column: 3] [Expected: Steve Evans] [Actual: Mike Glennan], 
[Row: 669] [Column: 1] [Expected: 5,848] [Actual: 3], 
[Row: 669] [Column: 2] [Expected: owatson] [Actual: stevee], 
[Row: 669] [Column: 3] [Expected: Ollie Watson] [Actual: Steve Evans], 
[Row: 669] [Column: 5] [Expected: 10 NBS] [Actual: 200 Elm], 
[Row: 670] [Column: 1] [Expected: 5,867] [Actual: 5,848], 
[Row: 670] [Column: 2] [Expected: dgenkin] [Actual: owatson], 
[Row: 670] [Column: 3] [Expected: Dmitriy Genkin] [Actual: Ollie Watson], 
[Row: 670] [Column: 5] [Expected: 51 Astor Place] [Actual: 10 NBS], 
[Row: 671] [Column: 1] [Expected: 5,864] [Actual: 5,867], 
[Row: 671] [Column: 2] [Expected: cvoekler] [Actual: dgenkin], 
[Row: 671] [Column: 3] [Expected: Christopher Voekler] [Actual: Dmitriy Genkin], 
[Row: 672] [Column: 1] [Expected: 5,773] [Actual: 5,864], 
[Row: 672] [Column: 2] [Expected: slevin] [Actual: cvoekler], 
[Row: 672] [Column: 3] [Expected: Sergey Levin] [Actual: Christopher Voekler], 
[Row: 673] [Column: 1] [Expected: 6,193] [Actual: 5,773], 
[Row: 673] [Column: 2] [Expected: vzhukov] [Actual: slevin], 
[Row: 673] [Column: 3] [Expected: Slava Zhukov] [Actual: Sergey Levin], 
[Row: 674] [Column: 1] [Expected: 6,878] [Actual: 6,193], 
[Row: 674] [Column: 2] [Expected: byuan] [Actual: vzhukov], 
[Row: 674] [Column: 3] [Expected: Bo Yuan] [Actual: Slava Zhukov], 
[Row: 675] [Column: 1] [Expected: 6,973] [Actual: 6,878], 
[Row: 675] [Column: 2] [Expected: crolvung] [Actual: byuan], 
[Row: 675] [Column: 3] [Expected: Christian Rolvung] [Actual: Bo Yuan], 
[Row: 675] [Column: 5] [Expected: Sydney] [Actual: 51 Astor Place], 
[Row: 676] [Column: 1] [Expected: 7,423] [Actual: 6,973], 
[Row: 676] [Column: 2] [Expected: nlubchen] [Actual: crolvung], 
[Row: 676] [Column: 3] [Expected: Nazar Lubchenko] [Actual: Christian Rolvung], 
[Row: 676] [Column: 5] [Expected: 51 Astor Place] [Actual: Sydney], 
[Row: 677] [Column: 1] [Expected: 7,784] [Actual: 7,423], 
[Row: 677] [Column: 2] [Expected: ldeleo] [Actual: nlubchen], 
[Row: 677] [Column: 3] [Expected: Lorenzo De Leo] [Actual: Nazar Lubchenko], 
[Row: 677] [Column: 5] [Expected: France] [Actual: 51 Astor Place], 
[Row: 678] [Column: 1] [Expected: 7,821] [Actual: 7,784], 
[Row: 678] [Column: 2] [Expected: wreid] [Actual: ldeleo], 
[Row: 678] [Column: 3] [Expected: William Reid] [Actual: Lorenzo De Leo], 
[Row: 678] [Column: 5] [Expected: 10 NBS] [Actual: France], 
[Row: 679] [Column: 1] [Expected: 1,188] [Actual: 7,821], 
[Row: 679] [Column: 2] [Expected: mglennan] [Actual: wreid], 
[Row: 679] [Column: 3] [Expected: Mike Glennan] [Actual: William Reid], 
[Row: 679] [Column: 5] [Expected: 200 Elm] [Actual: 10 NBS], 
[Row: 679] [Column: 6] [Expected: isttvvolasd5] [Actual: isttvvolasd4], 
[Row: 680] [Column: 1] [Expected: 3] [Actual: 1,188], 
[Row: 680] [Column: 2] [Expected: stevee] [Actual: mglennan], 
[Row: 680] [Column: 3] [Expected: Steve Evans] [Actual: Mike Glennan], 
[Row: 681] [Column: 1] [Expected: 5,848] [Actual: 3], 
[Row: 681] [Column: 2] [Expected: owatson] [Actual: stevee], 
[Row: 681] [Column: 3] [Expected: Ollie Watson] [Actual: Steve Evans], 
[Row: 681] [Column: 5] [Expected: 10 NBS] [Actual: 200 Elm], 
[Row: 682] [Column: 1] [Expected: 5,867] [Actual: 5,848], 
[Row: 682] [Column: 2] [Expected: dgenkin] [Actual: owatson], 
[Row: 682] [Column: 3] [Expected: Dmitriy Genkin] [Actual: Ollie Watson], 
[Row: 682] [Column: 5] [Expected: 51 Astor Place] [Actual: 10 NBS], 
[Row: 683] [Column: 1] [Expected: 5,864] [Actual: 5,867], 
[Row: 683] [Column: 2] [Expected: cvoekler] [Actual: dgenkin], 
[Row: 683] [Column: 3] [Expected: Christopher Voekler] [Actual: Dmitriy Genkin], 
[Row: 684] [Column: 1] [Expected: 5,773] [Actual: 5,864], 
[Row: 684] [Column: 2] [Expected: slevin] [Actual: cvoekler], 
[Row: 684] [Column: 3] [Expected: Sergey Levin] [Actual: Christopher Voekler], 
[Row: 685] [Column: 1] [Expected: 6,193] [Actual: 5,773], 
[Row: 685] [Column: 2] [Expected: vzhukov] [Actual: slevin], 
[Row: 685] [Column: 3] [Expected: Slava Zhukov] [Actual: Sergey Levin], 
[Row: 686] [Column: 1] [Expected: 6,878] [Actual: 6,193], 
[Row: 686] [Column: 2] [Expected: byuan] [Actual: vzhukov], 
[Row: 686] [Column: 3] [Expected: Bo Yuan] [Actual: Slava Zhukov], 
[Row: 687] [Column: 1] [Expected: 6,973] [Actual: 6,878], 
[Row: 687] [Column: 2] [Expected: crolvung] [Actual: byuan], 
[Row: 687] [Column: 3] [Expected: Christian Rolvung] [Actual: Bo Yuan], 
[Row: 687] [Column: 5] [Expected: Sydney] [Actual: 51 Astor Place], 
[Row: 688] [Column: 1] [Expected: 7,423] [Actual: 6,973], 
[Row: 688] [Column: 2] [Expected: nlubchen] [Actual: crolvung], 
[Row: 688] [Column: 3] [Expected: Nazar Lubchenko] [Actual: Christian Rolvung], 
[Row: 688] [Column: 5] [Expected: 51 Astor Place] [Actual: Sydney], 
[Row: 689] [Column: 1] [Expected: 7,784] [Actual: 7,423], 
[Row: 689] [Column: 2] [Expected: ldeleo] [Actual: nlubchen], 
[Row: 689] [Column: 3] [Expected: Lorenzo De Leo] [Actual: Nazar Lubchenko], 
[Row: 689] [Column: 5] [Expected: France] [Actual: 51 Astor Place], 
[Row: 690] [Column: 1] [Expected: 7,821] [Actual: 7,784], 
[Row: 690] [Column: 2] [Expected: wreid] [Actual: ldeleo], 
[Row: 690] [Column: 3] [Expected: William Reid] [Actual: Lorenzo De Leo], 
[Row: 690] [Column: 5] [Expected: 10 NBS] [Actual: France], 
[Row: 691] [Column: 1] [Expected: 1,188] [Actual: 7,821], 
[Row: 691] [Column: 2] [Expected: mglennan] [Actual: wreid], 
[Row: 691] [Column: 3] [Expected: Mike Glennan] [Actual: William Reid], 
[Row: 691] [Column: 5] [Expected: 200 Elm] [Actual: 10 NBS], 
[Row: 691] [Column: 6] [Expected: isttvxSLlev] [Actual: isttvvolasd5], 
[Row: 692] [Column: 1] [Expected: 3] [Actual: 1,188], 
[Row: 692] [Column: 2] [Expected: stevee] [Actual: mglennan], 
[Row: 692] [Column: 3] [Expected: Steve Evans] [Actual: Mike Glennan], 
[Row: 693] [Column: 1] [Expected: 5,848] [Actual: 3], 
[Row: 693] [Column: 2] [Expected: owatson] [Actual: stevee], 
[Row: 693] [Column: 3] [Expected: Ollie Watson] [Actual: Steve Evans], 
[Row: 693] [Column: 5] [Expected: 10 NBS] [Actual: 200 Elm], 
[Row: 694] [Column: 1] [Expected: 5,867] [Actual: 5,848], 
[Row: 694] [Column: 2] [Expected: dgenkin] [Actual: owatson], 
[Row: 694] [Column: 3] [Expected: Dmitriy Genkin] [Actual: Ollie Watson], 
[Row: 694] [Column: 5] [Expected: 51 Astor Place] [Actual: 10 NBS], 
[Row: 695] [Column: 1] [Expected: 5,864] [Actual: 5,867], 
[Row: 695] [Column: 2] [Expected: cvoekler] [Actual: dgenkin], 
[Row: 695] [Column: 3] [Expected: Christopher Voekler] [Actual: Dmitriy Genkin], 
[Row: 696] [Column: 1] [Expected: 5,773] [Actual: 5,864], 
[Row: 696] [Column: 2] [Expected: slevin] [Actual: cvoekler], 
[Row: 696] [Column: 3] [Expected: Sergey Levin] [Actual: Christopher Voekler], 
[Row: 697] [Column: 1] [Expected: 5,897] [Actual: 5,773], 
[Row: 697] [Column: 2] [Expected: aodinaye] [Actual: slevin], 
[Row: 697] [Column: 3] [Expected: Alex Odinayev] [Actual: Sergey Levin], 
[Row: 698] [Column: 1] [Expected: 5,992] [Actual: 5,897], 
[Row: 698] [Column: 2] [Expected: wchapman] [Actual: aodinaye], 
[Row: 698] [Column: 3] [Expected: William Chapman] [Actual: Alex Odinayev], 
[Row: 698] [Column: 5] [Expected: 10 NBS] [Actual: 51 Astor Place], 
[Row: 699] [Column: 1] [Expected: 6,193] [Actual: 5,992], 
[Row: 699] [Column: 2] [Expected: vzhukov] [Actual: wchapman], 
[Row: 699] [Column: 3] [Expected: Slava Zhukov] [Actual: William Chapman], 
[Row: 699] [Column: 5] [Expected: 51 Astor Place] [Actual: 10 NBS], 
[Row: 700] [Column: 1] [Expected: 6,878] [Actual: 6,193], 
[Row: 700] [Column: 2] [Expected: byuan] [Actual: vzhukov], 
[Row: 700] [Column: 3] [Expected: Bo Yuan] [Actual: Slava Zhukov], 
[Row: 701] [Column: 1] [Expected: 6,973] [Actual: 6,878], 
[Row: 701] [Column: 2] [Expected: crolvung] [Actual: byuan], 
[Row: 701] [Column: 3] [Expected: Christian Rolvung] [Actual: Bo Yuan], 
[Row: 701] [Column: 5] [Expected: Sydney] [Actual: 51 Astor Place], 
[Row: 702] [Column: 1] [Expected: 7,095] [Actual: 6,973], 
[Row: 702] [Column: 2] [Expected: asamuel] [Actual: crolvung], 
[Row: 702] [Column: 3] [Expected: Alex Samuel] [Actual: Christian Rolvung], 
[Row: 702] [Column: 5] [Expected: 51 Astor Place] [Actual: Sydney], 
[Row: 703] [Column: 1] [Expected: 7,306] [Actual: 7,095], 
[Row: 703] [Column: 2] [Expected: wdorsey] [Actual: asamuel], 
[Row: 703] [Column: 3] [Expected: William Dorsey] [Actual: Alex Samuel], 
[Row: 703] [Column: 5] [Expected: 10 NBS] [Actual: 51 Astor Place], 
[Row: 704] [Column: 1] [Expected: 7,423] [Actual: 7,306], 
[Row: 704] [Column: 2] [Expected: nlubchen] [Actual: wdorsey], 
[Row: 704] [Column: 3] [Expected: Nazar Lubchenko] [Actual: William Dorsey], 
[Row: 704] [Column: 5] [Expected: 51 Astor Place] [Actual: 10 NBS], 
[Row: 705] [Column: 1] [Expected: 7,745] [Actual: 7,423], 
[Row: 705] [Column: 2] [Expected: jtereshc] [Actual: nlubchen], 
[Row: 705] [Column: 3] [Expected: Julie Tereshchenko] [Actual: Nazar Lubchenko], 
[Row: 706] [Column: 1] [Expected: 7,692] [Actual: 7,745], 
[Row: 706] [Column: 2] [Expected: oharrima] [Actual: jtereshc], 
[Row: 706] [Column: 3] [Expected: Oliver Harriman] [Actual: Julie Tereshchenko], 
[Row: 706] [Column: 5] [Expected: 10 NBS] [Actual: 51 Astor Place], 
[Row: 707] [Column: 1] [Expected: 1,188] [Actual: 7,692], 
[Row: 707] [Column: 2] [Expected: mglennan] [Actual: oharrima], 
[Row: 707] [Column: 3] [Expected: Mike Glennan] [Actual: Oliver Harriman], 
[Row: 707] [Column: 5] [Expected: 200 Elm] [Actual: 10 NBS], 
[Row: 707] [Column: 6] [Expected: isttvxcdsdlev] [Actual: isttvxSLlev], 
[Row: 708] [Column: 1] [Expected: 3] [Actual: 1,188], 
[Row: 708] [Column: 2] [Expected: stevee] [Actual: mglennan], 
[Row: 708] [Column: 3] [Expected: Steve Evans] [Actual: Mike Glennan], 
[Row: 709] [Column: 1] [Expected: 5,848] [Actual: 3], 
[Row: 709] [Column: 2] [Expected: owatson] [Actual: stevee], 
[Row: 709] [Column: 3] [Expected: Ollie Watson] [Actual: Steve Evans], 
[Row: 709] [Column: 5] [Expected: 10 NBS] [Actual: 200 Elm], 
[Row: 710] [Column: 1] [Expected: 5,773] [Actual: 5,848], 
[Row: 710] [Column: 2] [Expected: slevin] [Actual: owatson], 
[Row: 710] [Column: 3] [Expected: Sergey Levin] [Actual: Ollie Watson], 
[Row: 710] [Column: 5] [Expected: 51 Astor Place] [Actual: 10 NBS], 
[Row: 711] [Column: 1] [Expected: 7,095] [Actual: 5,773], 
[Row: 711] [Column: 2] [Expected: asamuel] [Actual: slevin], 
[Row: 711] [Column: 3] [Expected: Alex Samuel] [Actual: Sergey Levin], 
[Row: 712] [Column: 1] [Expected: 7,253] [Actual: 7,095], 
[Row: 712] [Column: 2] [Expected: acherner] [Actual: asamuel], 
[Row: 712] [Column: 3] [Expected: Alex Cherner] [Actual: Alex Samuel], 
[Row: 713] [Column: 1] [Expected: 7,594] [Actual: 7,253], 
[Row: 713] [Column: 2] [Expected: vpaskhav] [Actual: acherner], 
[Row: 713] [Column: 3] [Expected: Victor Paskhaver] [Actual: Alex Cherner], 
[Row: 714] [Column: 1] [Expected: 7,674] [Actual: 7,594], 
[Row: 714] [Column: 2] [Expected: cchin] [Actual: vpaskhav], 
[Row: 714] [Column: 3] [Expected: Chris Chin] [Actual: Victor Paskhaver], 
[Row: 715] [Column: 1] [Expected: 1,188] [Actual: 7,674], 
[Row: 715] [Column: 2] [Expected: mglennan] [Actual: cchin], 
[Row: 715] [Column: 3] [Expected: Mike Glennan] [Actual: Chris Chin], 
[Row: 715] [Column: 5] [Expected: 200 Elm] [Actual: 51 Astor Place], 
[Row: 715] [Column: 6] [Expected: isttvxmass1dlev] [Actual: isttvxcdsdlev], 
[Row: 716] [Column: 1] [Expected: 3] [Actual: 1,188], 
[Row: 716] [Column: 2] [Expected: stevee] [Actual: mglennan], 
[Row: 716] [Column: 3] [Expected: Steve Evans] [Actual: Mike Glennan], 
[Row: 717] [Column: 1] [Expected: 5,545] [Actual: 3], 
[Row: 717] [Column: 2] [Expected: twynter] [Actual: stevee], 
[Row: 717] [Column: 3] [Expected: Tom Wynter] [Actual: Steve Evans], 
[Row: 717] [Column: 6] [Expected: isttvxtwdlev] [Actual: isttvxmass1dlev], 
[Row: 718] [Column: 1] [Expected: 6,924] [Actual: 5,545], 
[Row: 718] [Column: 2] [Expected: fye] [Actual: twynter], 
[Row: 718] [Column: 3] [Expected: Fei Ye] [Actual: Tom Wynter], 
[Row: 719] [Column: 1] [Expected: 6,894] [Actual: 6,924], 
[Row: 719] [Column: 2] [Expected: rtoghrae] [Actual: fye], 
[Row: 719] [Column: 3] [Expected: Reza Toghraee] [Actual: Fei Ye], 
[Row: 720] [Column: 1] [Expected: 7,830] [Actual: 6,894], 
[Row: 720] [Column: 2] [Expected: jcasbon] [Actual: rtoghrae], 
[Row: 720] [Column: 3] [Expected: James Casbon] [Actual: Reza Toghraee], 
[Row: 720] [Column: 5] [Expected: 10 NBS] [Actual: 200 Elm], 
[Row: 721] [Column: 1] [Expected: 7,787] [Actual: 7,830], 
[Row: 721] [Column: 2] [Expected: lberkowi] [Actual: jcasbon], 
[Row: 721] [Column: 3] [Expected: Lee Berkowitz] [Actual: James Casbon], 
[Row: 721] [Column: 4] [Expected: Global Macro Trading] [Actual: Systems Trading], 
[Row: 721] [Column: 5] [Expected: 200 Elm] [Actual: 10 NBS], 
[Row: 721] [Column: 6] [Expected: lberkowi] [Actual: isttvxtwdlev], 
[Row: 722] [Column: 1] [Expected: 7,791] [Actual: 7,787], 
[Row: 722] [Column: 2] [Expected: kcheluka] [Actual: lberkowi], 
[Row: 722] [Column: 3] [Expected: Keerthi Cheluka] [Actual: Lee Berkowitz], 
[Row: 723] [Column: 1] [Expected: 7,862] [Actual: 7,791], 
[Row: 723] [Column: 2] [Expected: morsley] [Actual: kcheluka], 
[Row: 723] [Column: 3] [Expected: Mark Orsley] [Actual: Keerthi Cheluka], 
[Row: 724] [Column: 1] [Expected: 1,188] [Actual: 7,862], 
[Row: 724] [Column: 2] [Expected: mglennan] [Actual: morsley], 
[Row: 724] [Column: 3] [Expected: Mike Glennan] [Actual: Mark Orsley], 
[Row: 724] [Column: 4] [Expected: Systems Trading] [Actual: Global Macro Trading], 
[Row: 724] [Column: 6] [Expected: lttech] [Actual: lberkowi], 
[Row: 725] [Column: 1] [Expected: 5,047] [Actual: 1,188], 
[Row: 725] [Column: 2] [Expected: kniedfel] [Actual: mglennan], 
[Row: 725] [Column: 3] [Expected: Keith Niedfeldt] [Actual: Mike Glennan], 
[Row: 725] [Column: 4] [Expected: Global Macro Trading] [Actual: Systems Trading], 
[Row: 725] [Column: 5] [Expected: 51 Astor Place] [Actual: 200 Elm], 
[Row: 726] [Column: 1] [Expected: 629] [Actual: 5,047], 
[Row: 726] [Column: 2] [Expected: uhoffman] [Actual: kniedfel], 
[Row: 726] [Column: 3] [Expected: Ulrike Hoffmann-Burchardi] [Actual: Keith Niedfeldt], 
[Row: 727] [Column: 1] [Expected: 4,229] [Actual: 629], 
[Row: 727] [Column: 2] [Expected: okieran] [Actual: uhoffman], 
[Row: 727] [Column: 3] [Expected: Kieran O&#039;Donnell] [Actual: Ulrike Hoffmann-Burchardi], 
[Row: 728] [Column: 1] [Expected: 7,002] [Actual: 4,229], 
[Row: 728] [Column: 2] [Expected: slee] [Actual: okieran], 
[Row: 728] [Column: 3] [Expected: Sunyan Lee] [Actual: Kieran O&#039;Donnell], 
[Row: 729] [Column: 1] [Expected: 7,852] [Actual: 7,002], 
[Row: 729] [Column: 2] [Expected: drainvil] [Actual: slee], 
[Row: 729] [Column: 3] [Expected: David Rainville] [Actual: Sunyan Lee], 
[Row: 730] [Column: 1] [Expected: 5,396] [Actual: 7,852], 
[Row: 730] [Column: 2] [Expected: mmalbasi] [Actual: drainvil], 
[Row: 730] [Column: 3] [Expected: Mihail Malbasic] [Actual: David Rainville], 
[Row: 730] [Column: 5] [Expected: 10 NBS] [Actual: 51 Astor Place], 
[Row: 730] [Column: 6] [Expected: mmalbasi] [Actual: lttech], 
[Row: 731] [Column: 1] [Expected: 5,841] [Actual: 5,396], 
[Row: 731] [Column: 2] [Expected: mbilotti] [Actual: mmalbasi], 
[Row: 731] [Column: 3] [Expected: Michael Bilotti (Rebar)] [Actual: Mihail Malbasic], 
[Row: 731] [Column: 4] [Expected: IT Vendor Services] [Actual: Global Macro Trading], 
[Row: 731] [Column: 5] [Expected: Offsite - US Office] [Actual: 10 NBS], 
[Row: 732] [Column: 1] [Expected: 7,685] [Actual: 5,841], 
[Row: 732] [Column: 2] [Expected: dmilijan] [Actual: mbilotti], 
[Row: 732] [Column: 3] [Expected: Dusan Milijancevic] [Actual: Michael Bilotti (Rebar)], 
[Row: 732] [Column: 4] [Expected: Global Macro Trading] [Actual: IT Vendor Services], 
[Row: 732] [Column: 5] [Expected: 10 NBS] [Actual: Offsite - US Office], 
[Row: 733] [Column: 1] [Expected: 6,330] [Actual: 7,685], 
[Row: 733] [Column: 2] [Expected: nbhuta] [Actual: dmilijan], 
[Row: 733] [Column: 3] [Expected: Nick Bhuta] [Actual: Dusan Milijancevic], 
[Row: 733] [Column: 5] [Expected: 51 Astor Place] [Actual: 10 NBS], 
[Row: 733] [Column: 6] [Expected: nbhuta] [Actual: mmalbasi], 
[Row: 734] [Column: 1] [Expected: 7,430] [Actual: 6,330], 
[Row: 734] [Column: 2] [Expected: tstoffer] [Actual: nbhuta], 
[Row: 734] [Column: 3] [Expected: Tyler Stoffers] [Actual: Nick Bhuta], 
[Row: 735] [Column: 1] [Expected: 7,417] [Actual: 7,430], 
[Row: 735] [Column: 2] [Expected: dprakape] [Actual: tstoffer], 
[Row: 735] [Column: 3] [Expected: Dzmitry Prakapenka] [Actual: Tyler Stoffers], 
[Row: 736] [Column: 1] [Expected: 7,718] [Actual: 7,417], 
[Row: 736] [Column: 2] [Expected: fschoens] [Actual: dprakape], 
[Row: 736] [Column: 3] [Expected: Fred Schoenstein] [Actual: Dzmitry Prakapenka], 
[Row: 737] [Column: 1] [Expected: 7,766] [Actual: 7,718], 
[Row: 737] [Column: 2] [Expected: seans] [Actual: fschoens], 
[Row: 737] [Column: 3] [Expected: Sean Sullivan] [Actual: Fred Schoenstein], 
[Row: 738] [Column: 1] [Expected: 7,537] [Actual: 7,766], 
[Row: 738] [Column: 2] [Expected: qkhan] [Actual: seans], 
[Row: 738] [Column: 3] [Expected: Qasim Khan] [Actual: Sean Sullivan], 
[Row: 739] [Column: 1] [Expected: 7,610] [Actual: 7,537], 
[Row: 739] [Column: 2] [Expected: nsharma] [Actual: qkhan], 
[Row: 739] [Column: 3] [Expected: Nikhil Sharma] [Actual: Qasim Khan], 
[Row: 739] [Column: 6] [Expected: nsharma] [Actual: nbhuta], 
[Row: 740] [Column: 1] [Expected: 7,709] [Actual: 7,610], 
[Row: 740] [Column: 2] [Expected: ohawkins] [Actual: nsharma], 
[Row: 740] [Column: 3] [Expected: Ollie Hawkins] [Actual: Nikhil Sharma], 
[Row: 740] [Column: 5] [Expected: 10 NBS] [Actual: 51 Astor Place], 
[Row: 740] [Column: 6] [Expected: ohawkins] [Actual: nsharma], 
[Row: 741] [Column: 1] [Expected: 7,712] [Actual: 7,709], 
[Row: 741] [Column: 2] [Expected: carmitag] [Actual: ohawkins], 
[Row: 741] [Column: 3] [Expected: Charmaine Armitage-Caplan] [Actual: Ollie Hawkins], 
[Row: 742] [Column: 1] [Expected: 207] [Actual: 7,712], 
[Row: 742] [Column: 2] [Expected: albertoa] [Actual: carmitag], 
[Row: 742] [Column: 3] [Expected: Alberto Antonini] [Actual: Charmaine Armitage-Caplan], 
[Row: 742] [Column: 4] [Expected: Flow of Funds] [Actual: Global Macro Trading], 
[Row: 742] [Column: 5] [Expected: 51 Astor Place] [Actual: 10 NBS], 
[Row: 742] [Column: 6] [Expected: paul] [Actual: ohawkins], 
[Row: 743] [Column: 1] [Expected: 4,681] [Actual: 207], 
[Row: 743] [Column: 2] [Expected: kcheong] [Actual: albertoa], 
[Row: 743] [Column: 3] [Expected: Kenneth Cheong] [Actual: Alberto Antonini], 
[Row: 744] [Column: 1] [Expected: 987] [Actual: 4,681], 
[Row: 744] [Column: 2] [Expected: cdodman] [Actual: kcheong], 
[Row: 744] [Column: 3] [Expected: Colleen Dodman] [Actual: Kenneth Cheong], 
[Row: 744] [Column: 4] [Expected: PTJ Personal] [Actual: Flow of Funds], 
[Row: 744] [Column: 5] [Expected: Greenwich American Center] [Actual: 51 Astor Place], 
[Row: 745] [Column: 1] [Expected: 324] [Actual: 987], 
[Row: 745] [Column: 2] [Expected: jscranton] [Actual: cdodman], 
[Row: 745] [Column: 3] [Expected: John Scranton] [Actual: Colleen Dodman], 
[Row: 745] [Column: 4] [Expected: Market Strategy] [Actual: PTJ Personal], 
[Row: 745] [Column: 5] [Expected: 200 Elm] [Actual: Greenwich American Center], 
[Row: 746] [Column: 1] [Expected: 6,030] [Actual: 324], 
[Row: 746] [Column: 2] [Expected: spearson] [Actual: jscranton], 
[Row: 746] [Column: 3] [Expected: Steven Pearson] [Actual: John Scranton], 
[Row: 746] [Column: 4] [Expected: Flow of Funds] [Actual: Market Strategy], 
[Row: 746] [Column: 5] [Expected: 51 Astor Place] [Actual: 200 Elm], 
[Row: 747] [Column: 1] [Expected: 6,057] [Actual: 6,030], 
[Row: 747] [Column: 2] [Expected: clim] [Actual: spearson], 
[Row: 747] [Column: 3] [Expected: Curtis Lim] [Actual: Steven Pearson], 
[Row: 748] [Column: 1] [Expected: 7,758] [Actual: 6,057], 
[Row: 748] [Column: 2] [Expected: carolz] [Actual: clim], 
[Row: 748] [Column: 3] [Expected: Carol Zhang] [Actual: Curtis Lim], 
[Row: 749] [Column: 1] [Expected: 7,737] [Actual: 7,758], 
[Row: 749] [Column: 2] [Expected: dzhou] [Actual: carolz], 
[Row: 749] [Column: 3] [Expected: Daniel Zhou] [Actual: Carol Zhang], 
[Row: 750] [Column: 1] [Expected: 7,020] [Actual: 7,737], 
[Row: 750] [Column: 2] [Expected: jzhu] [Actual: dzhou], 
[Row: 750] [Column: 3] [Expected: Jessica Zhu] [Actual: Daniel Zhou], 
[Row: 751] [Column: 1] [Expected: 324] [Actual: 7,020], 
[Row: 751] [Column: 2] [Expected: jscranton] [Actual: jzhu], 
[Row: 751] [Column: 3] [Expected: John Scranton] [Actual: Jessica Zhu], 
[Row: 751] [Column: 4] [Expected: Market Strategy] [Actual: Flow of Funds], 
[Row: 751] [Column: 5] [Expected: 200 Elm] [Actual: 51 Astor Place], 
[Row: 751] [Column: 6] [Expected: paulinfl] [Actual: paul], 
[Row: 752] [Column: 6] [Expected: pauljwoffset] [Actual: paulinfl], 
[Row: 753] [Column: 6] [Expected: pauljwsyn] [Actual: pauljwoffset], 
[Row: 754] [Column: 1] [Expected: 207] [Actual: 324], 
[Row: 754] [Column: 2] [Expected: albertoa] [Actual: jscranton], 
[Row: 754] [Column: 3] [Expected: Alberto Antonini] [Actual: John Scranton], 
[Row: 754] [Column: 4] [Expected: Flow of Funds] [Actual: Market Strategy], 
[Row: 754] [Column: 5] [Expected: 51 Astor Place] [Actual: 200 Elm], 
[Row: 754] [Column: 6] [Expected: paullev] [Actual: pauljwsyn], 
[Row: 755] [Column: 1] [Expected: 4,681] [Actual: 207], 
[Row: 755] [Column: 2] [Expected: kcheong] [Actual: albertoa], 
[Row: 755] [Column: 3] [Expected: Kenneth Cheong] [Actual: Alberto Antonini], 
[Row: 756] [Column: 1] [Expected: 987] [Actual: 4,681], 
[Row: 756] [Column: 2] [Expected: cdodman] [Actual: kcheong], 
[Row: 756] [Column: 3] [Expected: Colleen Dodman] [Actual: Kenneth Cheong], 
[Row: 756] [Column: 4] [Expected: PTJ Personal] [Actual: Flow of Funds], 
[Row: 756] [Column: 5] [Expected: Greenwich American Center] [Actual: 51 Astor Place], 
[Row: 757] [Column: 1] [Expected: 324] [Actual: 987], 
[Row: 757] [Column: 2] [Expected: jscranton] [Actual: cdodman], 
[Row: 757] [Column: 3] [Expected: John Scranton] [Actual: Colleen Dodman], 
[Row: 757] [Column: 4] [Expected: Market Strategy] [Actual: PTJ Personal], 
[Row: 757] [Column: 5] [Expected: 200 Elm] [Actual: Greenwich American Center], 
[Row: 758] [Column: 1] [Expected: 7,758] [Actual: 324], 
[Row: 758] [Column: 2] [Expected: carolz] [Actual: jscranton], 
[Row: 758] [Column: 3] [Expected: Carol Zhang] [Actual: John Scranton], 
[Row: 758] [Column: 4] [Expected: Flow of Funds] [Actual: Market Strategy], 
[Row: 758] [Column: 5] [Expected: 51 Astor Place] [Actual: 200 Elm], 
[Row: 759] [Column: 1] [Expected: 5,186] [Actual: 7,758], 
[Row: 759] [Column: 2] [Expected: jgerstei] [Actual: carolz], 
[Row: 759] [Column: 3] [Expected: Jason Gerstein] [Actual: Carol Zhang], 
[Row: 759] [Column: 4] [Expected: Quant Initiatives] [Actual: Flow of Funds], 
[Row: 759] [Column: 6] [Expected: qistmajg1] [Actual: paullev], 
[Row: 760] [Column: 1] [Expected: 7,159] [Actual: 5,186], 
[Row: 760] [Column: 2] [Expected: vdobru] [Actual: jgerstei], 
[Row: 760] [Column: 3] [Expected: Vlad Dobru] [Actual: Jason Gerstein], 
[Row: 761] [Column: 1] [Expected: 7,074] [Actual: 7,159], 
[Row: 761] [Column: 2] [Expected: pchan] [Actual: vdobru], 
[Row: 761] [Column: 3] [Expected: Patrick Chan] [Actual: Vlad Dobru], 
[Row: 761] [Column: 5] [Expected: Singapore] [Actual: 51 Astor Place], 
[Row: 762] [Column: 1] [Expected: 7,846] [Actual: 7,074], 
[Row: 762] [Column: 2] [Expected: ychia] [Actual: pchan], 
[Row: 762] [Column: 3] [Expected: Yeow Khiang Chia] [Actual: Patrick Chan], 
[Row: 763] [Column: 1] [Expected: 5,186] [Actual: 7,846], 
[Row: 763] [Column: 2] [Expected: jgerstei] [Actual: ychia], 
[Row: 763] [Column: 3] [Expected: Jason Gerstein] [Actual: Yeow Khiang Chia], 
[Row: 763] [Column: 5] [Expected: 51 Astor Place] [Actual: Singapore], 
[Row: 763] [Column: 6] [Expected: qistmajg1hedge] [Actual: qistmajg1], 
[Row: 764] [Column: 1] [Expected: 7,159] [Actual: 5,186], 
[Row: 764] [Column: 2] [Expected: vdobru] [Actual: jgerstei], 
[Row: 764] [Column: 3] [Expected: Vlad Dobru] [Actual: Jason Gerstein], 
[Row: 765] [Column: 1] [Expected: 7,074] [Actual: 7,159], 
[Row: 765] [Column: 2] [Expected: pchan] [Actual: vdobru], 
[Row: 765] [Column: 3] [Expected: Patrick Chan] [Actual: Vlad Dobru], 
[Row: 765] [Column: 5] [Expected: Singapore] [Actual: 51 Astor Place], 
[Row: 766] [Column: 1] [Expected: 7,846] [Actual: 7,074], 
[Row: 766] [Column: 2] [Expected: ychia] [Actual: pchan], 
[Row: 766] [Column: 3] [Expected: Yeow Khiang Chia] [Actual: Patrick Chan], 
[Row: 767] [Column: 1] [Expected: 5,186] [Actual: 7,846], 
[Row: 767] [Column: 2] [Expected: jgerstei] [Actual: ychia], 
[Row: 767] [Column: 3] [Expected: Jason Gerstein] [Actual: Yeow Khiang Chia], 
[Row: 767] [Column: 5] [Expected: 51 Astor Place] [Actual: Singapore], 
[Row: 767] [Column: 6] [Expected: qistmajg1lev] [Actual: qistmajg1hedge], 
[Row: 768] [Column: 1] [Expected: 7,159] [Actual: 5,186], 
[Row: 768] [Column: 2] [Expected: vdobru] [Actual: jgerstei], 
[Row: 768] [Column: 3] [Expected: Vlad Dobru] [Actual: Jason Gerstein], 
[Row: 769] [Column: 1] [Expected: 7,074] [Actual: 7,159], 
[Row: 769] [Column: 2] [Expected: pchan] [Actual: vdobru], 
[Row: 769] [Column: 3] [Expected: Patrick Chan] [Actual: Vlad Dobru], 
[Row: 769] [Column: 5] [Expected: Singapore] [Actual: 51 Astor Place], 
[Row: 770] [Column: 1] [Expected: 7,846] [Actual: 7,074], 
[Row: 770] [Column: 2] [Expected: ychia] [Actual: pchan], 
[Row: 770] [Column: 3] [Expected: Yeow Khiang Chia] [Actual: Patrick Chan], 
[Row: 771] [Column: 1] [Expected: 4,478] [Actual: 7,846], 
[Row: 771] [Column: 2] [Expected: afox] [Actual: ychia], 
[Row: 771] [Column: 3] [Expected: Ashley Fox] [Actual: Yeow Khiang Chia], 
[Row: 771] [Column: 4] [Expected: Global Macro Trading] [Actual: Quant Initiatives], 
[Row: 771] [Column: 5] [Expected: 10 NBS] [Actual: Singapore], 
[Row: 771] [Column: 6] [Expected: rjackson] [Actual: qistmajg1lev], 
[Row: 772] [Column: 1] [Expected: 1,101] [Actual: 4,478], 
[Row: 772] [Column: 2] [Expected: rjackson] [Actual: afox], 
[Row: 772] [Column: 3] [Expected: Richard Jackson] [Actual: Ashley Fox], 
[Row: 773] [Column: 1] [Expected: 7,507] [Actual: 1,101], 
[Row: 773] [Column: 2] [Expected: joeg] [Actual: rjackson], 
[Row: 773] [Column: 3] [Expected: Joe Goodman] [Actual: Richard Jackson], 
[Row: 774] [Column: 1] [Expected: 7,789] [Actual: 7,507], 
[Row: 774] [Column: 2] [Expected: sschuste] [Actual: joeg], 
[Row: 774] [Column: 3] [Expected: Stuart Schuster] [Actual: Joe Goodman], 
[Row: 774] [Column: 5] [Expected: Offsite - US Office] [Actual: 10 NBS], 
[Row: 774] [Column: 6] [Expected: sschuste] [Actual: rjackson], 
[Row: 775] [Column: 1] [Expected: 7,858] [Actual: 7,789], 
[Row: 775] [Column: 2] [Expected: cwong] [Actual: sschuste], 
[Row: 775] [Column: 3] [Expected: Chee Mun Wong] [Actual: Stuart Schuster], 
[Row: 775] [Column: 5] [Expected: Singapore] [Actual: Offsite - US Office], 
[Row: 776] [Column: 1] [Expected: 131] [Actual: 7,858], 
[Row: 776] [Column: 2] [Expected: dcook] [Actual: cwong], 
[Row: 776] [Column: 3] [Expected: Daryl Cook] [Actual: Chee Mun Wong], 
[Row: 776] [Column: 4] [Expected: Systems Trading] [Actual: Global Macro Trading], 
[Row: 776] [Column: 5] [Expected: 10 NBS] [Actual: Singapore], 
[Row: 776] [Column: 6] [Expected: synfundma] [Actual: sschuste], 
[Row: 777] [Column: 1] [Expected: 3] [Actual: 131], 
[Row: 777] [Column: 2] [Expected: stevee] [Actual: dcook], 
[Row: 777] [Column: 3] [Expected: Steve Evans] [Actual: Daryl Cook], 
[Row: 777] [Column: 5] [Expected: 200 Elm] [Actual: 10 NBS], 
[Row: 778] [Column: 1] [Expected: 5,032] [Actual: 3], 
[Row: 778] [Column: 2] [Expected: abelinky] [Actual: stevee], 
[Row: 778] [Column: 3] [Expected: Alejandro Belinky] [Actual: Steve Evans], 
[Row: 778] [Column: 4] [Expected: Global Macro Trading] [Actual: Systems Trading], 
[Row: 779] [Column: 1] [Expected: 131] [Actual: 5,032], 
[Row: 779] [Column: 2] [Expected: dcook] [Actual: abelinky], 
[Row: 779] [Column: 3] [Expected: Daryl Cook] [Actual: Alejandro Belinky], 
[Row: 779] [Column: 4] [Expected: Systems Trading] [Actual: Global Macro Trading], 
[Row: 779] [Column: 5] [Expected: 10 NBS] [Actual: 200 Elm], 
[Row: 779] [Column: 6] [Expected: sysallab1] [Actual: synfundma], 
[Row: 780] [Column: 1] [Expected: 1,188] [Actual: 131], 
[Row: 780] [Column: 2] [Expected: mglennan] [Actual: dcook], 
[Row: 780] [Column: 3] [Expected: Mike Glennan] [Actual: Daryl Cook], 
[Row: 780] [Column: 5] [Expected: 200 Elm] [Actual: 10 NBS], 
[Row: 781] [Column: 1] [Expected: 3] [Actual: 1,188], 
[Row: 781] [Column: 2] [Expected: stevee] [Actual: mglennan], 
[Row: 781] [Column: 3] [Expected: Steve Evans] [Actual: Mike Glennan], 
[Row: 782] [Column: 1] [Expected: 5,032] [Actual: 3], 
[Row: 782] [Column: 2] [Expected: abelinky] [Actual: stevee], 
[Row: 782] [Column: 3] [Expected: Alejandro Belinky] [Actual: Steve Evans], 
[Row: 782] [Column: 4] [Expected: Global Macro Trading] [Actual: Systems Trading], 
[Row: 783] [Column: 1] [Expected: 6,799] [Actual: 5,032], 
[Row: 783] [Column: 2] [Expected: dyu] [Actual: abelinky], 
[Row: 783] [Column: 3] [Expected: Danny Yu] [Actual: Alejandro Belinky], 
[Row: 783] [Column: 5] [Expected: 51 Astor Place] [Actual: 200 Elm], 
[Row: 784] [Column: 1] [Expected: 1,188] [Actual: 6,799], 
[Row: 784] [Column: 2] [Expected: mglennan] [Actual: dyu], 
[Row: 784] [Column: 3] [Expected: Mike Glennan] [Actual: Danny Yu], 
[Row: 784] [Column: 4] [Expected: Systems Trading] [Actual: Global Macro Trading], 
[Row: 784] [Column: 5] [Expected: 200 Elm] [Actual: 51 Astor Place], 
[Row: 784] [Column: 6] [Expected: syseqased1] [Actual: sysallab1], 
[Row: 785] [Column: 1] [Expected: 5,047] [Actual: 1,188], 
[Row: 785] [Column: 2] [Expected: kniedfel] [Actual: mglennan], 
[Row: 785] [Column: 3] [Expected: Keith Niedfeldt] [Actual: Mike Glennan], 
[Row: 785] [Column: 4] [Expected: Global Macro Trading] [Actual: Systems Trading], 
[Row: 785] [Column: 5] [Expected: 51 Astor Place] [Actual: 200 Elm], 
[Row: 786] [Column: 1] [Expected: 629] [Actual: 5,047], 
[Row: 786] [Column: 2] [Expected: uhoffman] [Actual: kniedfel], 
[Row: 786] [Column: 3] [Expected: Ulrike Hoffmann-Burchardi] [Actual: Keith Niedfeldt], 
[Row: 787] [Column: 1] [Expected: 4,229] [Actual: 629], 
[Row: 787] [Column: 2] [Expected: okieran] [Actual: uhoffman], 
[Row: 787] [Column: 3] [Expected: Kieran O&#039;Donnell] [Actual: Ulrike Hoffmann-Burchardi], 
[Row: 788] [Column: 1] [Expected: 7,002] [Actual: 4,229], 
[Row: 788] [Column: 2] [Expected: slee] [Actual: okieran], 
[Row: 788] [Column: 3] [Expected: Sunyan Lee] [Actual: Kieran O&#039;Donnell], 
[Row: 789] [Column: 1] [Expected: 7,852] [Actual: 7,002], 
[Row: 789] [Column: 2] [Expected: drainvil] [Actual: slee], 
[Row: 789] [Column: 3] [Expected: David Rainville] [Actual: Sunyan Lee], 
[Row: 790] [Column: 1] [Expected: 1,188] [Actual: 7,852], 
[Row: 790] [Column: 2] [Expected: mglennan] [Actual: drainvil], 
[Row: 790] [Column: 3] [Expected: Mike Glennan] [Actual: David Rainville], 
[Row: 790] [Column: 4] [Expected: Systems Trading] [Actual: Global Macro Trading], 
[Row: 790] [Column: 5] [Expected: 200 Elm] [Actual: 51 Astor Place], 
[Row: 790] [Column: 6] [Expected: syseqeued1] [Actual: syseqased1], 
[Row: 791] [Column: 1] [Expected: 5,047] [Actual: 1,188], 
[Row: 791] [Column: 2] [Expected: kniedfel] [Actual: mglennan], 
[Row: 791] [Column: 3] [Expected: Keith Niedfeldt] [Actual: Mike Glennan], 
[Row: 791] [Column: 4] [Expected: Global Macro Trading] [Actual: Systems Trading], 
[Row: 791] [Column: 5] [Expected: 51 Astor Place] [Actual: 200 Elm], 
[Row: 792] [Column: 1] [Expected: 629] [Actual: 5,047], 
[Row: 792] [Column: 2] [Expected: uhoffman] [Actual: kniedfel], 
[Row: 792] [Column: 3] [Expected: Ulrike Hoffmann-Burchardi] [Actual: Keith Niedfeldt], 
[Row: 793] [Column: 1] [Expected: 4,229] [Actual: 629], 
[Row: 793] [Column: 2] [Expected: okieran] [Actual: uhoffman], 
[Row: 793] [Column: 3] [Expected: Kieran O&#039;Donnell] [Actual: Ulrike Hoffmann-Burchardi], 
[Row: 794] [Column: 1] [Expected: 7,002] [Actual: 4,229], 
[Row: 794] [Column: 2] [Expected: slee] [Actual: okieran], 
[Row: 794] [Column: 3] [Expected: Sunyan Lee] [Actual: Kieran O&#039;Donnell], 
[Row: 795] [Column: 1] [Expected: 7,852] [Actual: 7,002], 
[Row: 795] [Column: 2] [Expected: drainvil] [Actual: slee], 
[Row: 795] [Column: 3] [Expected: David Rainville] [Actual: Sunyan Lee], 
[Row: 796] [Column: 1] [Expected: 1,188] [Actual: 7,852], 
[Row: 796] [Column: 2] [Expected: mglennan] [Actual: drainvil], 
[Row: 796] [Column: 3] [Expected: Mike Glennan] [Actual: David Rainville], 
[Row: 796] [Column: 4] [Expected: Systems Trading] [Actual: Global Macro Trading], 
[Row: 796] [Column: 5] [Expected: 200 Elm] [Actual: 51 Astor Place], 
[Row: 796] [Column: 6] [Expected: syseqused1] [Actual: syseqeued1], 
[Row: 797] [Column: 1] [Expected: 5,047] [Actual: 1,188], 
[Row: 797] [Column: 2] [Expected: kniedfel] [Actual: mglennan], 
[Row: 797] [Column: 3] [Expected: Keith Niedfeldt] [Actual: Mike Glennan], 
[Row: 797] [Column: 4] [Expected: Global Macro Trading] [Actual: Systems Trading], 
[Row: 797] [Column: 5] [Expected: 51 Astor Place] [Actual: 200 Elm], 
[Row: 798] [Column: 1] [Expected: 629] [Actual: 5,047], 
[Row: 798] [Column: 2] [Expected: uhoffman] [Actual: kniedfel], 
[Row: 798] [Column: 3] [Expected: Ulrike Hoffmann-Burchardi] [Actual: Keith Niedfeldt], 
[Row: 799] [Column: 1] [Expected: 4,229] [Actual: 629], 
[Row: 799] [Column: 2] [Expected: okieran] [Actual: uhoffman], 
[Row: 799] [Column: 3] [Expected: Kieran O&#039;Donnell] [Actual: Ulrike Hoffmann-Burchardi], 
[Row: 800] [Column: 1] [Expected: 7,002] [Actual: 4,229], 
[Row: 800] [Column: 2] [Expected: slee] [Actual: okieran], 
[Row: 800] [Column: 3] [Expected: Sunyan Lee] [Actual: Kieran O&#039;Donnell], 
[Row: 801] [Column: 1] [Expected: 7,852] [Actual: 7,002], 
[Row: 801] [Column: 2] [Expected: drainvil] [Actual: slee], 
[Row: 801] [Column: 3] [Expected: David Rainville] [Actual: Sunyan Lee], 
[Row: 802] [Column: 1] [Expected: 131] [Actual: 7,852], 
[Row: 802] [Column: 2] [Expected: dcook] [Actual: drainvil], 
[Row: 802] [Column: 3] [Expected: Daryl Cook] [Actual: David Rainville], 
[Row: 802] [Column: 4] [Expected: Systems Trading] [Actual: Global Macro Trading], 
[Row: 802] [Column: 5] [Expected: 10 NBS] [Actual: 51 Astor Place], 
[Row: 802] [Column: 6] [Expected: sysfiab1] [Actual: syseqused1], 
[Row: 803] [Column: 1] [Expected: 1,188] [Actual: 131], 
[Row: 803] [Column: 2] [Expected: mglennan] [Actual: dcook], 
[Row: 803] [Column: 3] [Expected: Mike Glennan] [Actual: Daryl Cook], 
[Row: 803] [Column: 5] [Expected: 200 Elm] [Actual: 10 NBS], 
[Row: 804] [Column: 1] [Expected: 3] [Actual: 1,188], 
[Row: 804] [Column: 2] [Expected: stevee] [Actual: mglennan], 
[Row: 804] [Column: 3] [Expected: Steve Evans] [Actual: Mike Glennan], 
[Row: 805] [Column: 1] [Expected: 5,032] [Actual: 3], 
[Row: 805] [Column: 2] [Expected: abelinky] [Actual: stevee], 
[Row: 805] [Column: 3] [Expected: Alejandro Belinky] [Actual: Steve Evans], 
[Row: 805] [Column: 4] [Expected: Global Macro Trading] [Actual: Systems Trading], 
[Row: 806] [Column: 1] [Expected: 6,799] [Actual: 5,032], 
[Row: 806] [Column: 2] [Expected: dyu] [Actual: abelinky], 
[Row: 806] [Column: 3] [Expected: Danny Yu] [Actual: Alejandro Belinky], 
[Row: 806] [Column: 5] [Expected: 51 Astor Place] [Actual: 200 Elm], 
[Row: 807] [Column: 1] [Expected: 131] [Actual: 6,799], 
[Row: 807] [Column: 2] [Expected: dcook] [Actual: dyu], 
[Row: 807] [Column: 3] [Expected: Daryl Cook] [Actual: Danny Yu], 
[Row: 807] [Column: 4] [Expected: Systems Trading] [Actual: Global Macro Trading], 
[Row: 807] [Column: 5] [Expected: 10 NBS] [Actual: 51 Astor Place], 
[Row: 807] [Column: 6] [Expected: sysfiab2] [Actual: sysfiab1], 
[Row: 808] [Column: 1] [Expected: 1,188] [Actual: 131], 
[Row: 808] [Column: 2] [Expected: mglennan] [Actual: dcook], 
[Row: 808] [Column: 3] [Expected: Mike Glennan] [Actual: Daryl Cook], 
[Row: 808] [Column: 5] [Expected: 200 Elm] [Actual: 10 NBS], 
[Row: 809] [Column: 1] [Expected: 3] [Actual: 1,188], 
[Row: 809] [Column: 2] [Expected: stevee] [Actual: mglennan], 
[Row: 809] [Column: 3] [Expected: Steve Evans] [Actual: Mike Glennan], 
[Row: 810] [Column: 1] [Expected: 5,032] [Actual: 3], 
[Row: 810] [Column: 2] [Expected: abelinky] [Actual: stevee], 
[Row: 810] [Column: 3] [Expected: Alejandro Belinky] [Actual: Steve Evans], 
[Row: 810] [Column: 4] [Expected: Global Macro Trading] [Actual: Systems Trading], 
[Row: 811] [Column: 1] [Expected: 6,799] [Actual: 5,032], 
[Row: 811] [Column: 2] [Expected: dyu] [Actual: abelinky], 
[Row: 811] [Column: 3] [Expected: Danny Yu] [Actual: Alejandro Belinky], 
[Row: 811] [Column: 5] [Expected: 51 Astor Place] [Actual: 200 Elm], 
[Row: 812] [Column: 1] [Expected: 131] [Actual: 6,799], 
[Row: 812] [Column: 2] [Expected: dcook] [Actual: dyu], 
[Row: 812] [Column: 3] [Expected: Daryl Cook] [Actual: Danny Yu], 
[Row: 812] [Column: 4] [Expected: Systems Trading] [Actual: Global Macro Trading], 
[Row: 812] [Column: 5] [Expected: 10 NBS] [Actual: 51 Astor Place], 
[Row: 812] [Column: 6] [Expected: sysfiab2bvi] [Actual: sysfiab2], 
[Row: 813] [Column: 1] [Expected: 1,188] [Actual: 131], 
[Row: 813] [Column: 2] [Expected: mglennan] [Actual: dcook], 
[Row: 813] [Column: 3] [Expected: Mike Glennan] [Actual: Daryl Cook], 
[Row: 813] [Column: 5] [Expected: 200 Elm] [Actual: 10 NBS], 
[Row: 814] [Column: 1] [Expected: 3] [Actual: 1,188], 
[Row: 814] [Column: 2] [Expected: stevee] [Actual: mglennan], 
[Row: 814] [Column: 3] [Expected: Steve Evans] [Actual: Mike Glennan], 
[Row: 815] [Column: 1] [Expected: 5,032] [Actual: 3], 
[Row: 815] [Column: 2] [Expected: abelinky] [Actual: stevee], 
[Row: 815] [Column: 3] [Expected: Alejandro Belinky] [Actual: Steve Evans], 
[Row: 815] [Column: 4] [Expected: Global Macro Trading] [Actual: Systems Trading], 
[Row: 816] [Column: 1] [Expected: 6,799] [Actual: 5,032], 
[Row: 816] [Column: 2] [Expected: dyu] [Actual: abelinky], 
[Row: 816] [Column: 3] [Expected: Danny Yu] [Actual: Alejandro Belinky], 
[Row: 816] [Column: 5] [Expected: 51 Astor Place] [Actual: 200 Elm], 
[Row: 817] [Column: 1] [Expected: 131] [Actual: 6,799], 
[Row: 817] [Column: 2] [Expected: dcook] [Actual: dyu], 
[Row: 817] [Column: 3] [Expected: Daryl Cook] [Actual: Danny Yu], 
[Row: 817] [Column: 4] [Expected: Systems Trading] [Actual: Global Macro Trading], 
[Row: 817] [Column: 5] [Expected: 10 NBS] [Actual: 51 Astor Place], 
[Row: 817] [Column: 6] [Expected: sysfxaa1] [Actual: sysfiab2bvi], 
[Row: 818] [Column: 1] [Expected: 1,188] [Actual: 131], 
[Row: 818] [Column: 2] [Expected: mglennan] [Actual: dcook], 
[Row: 818] [Column: 3] [Expected: Mike Glennan] [Actual: Daryl Cook], 
[Row: 818] [Column: 5] [Expected: 200 Elm] [Actual: 10 NBS], 
[Row: 819] [Column: 1] [Expected: 3] [Actual: 1,188], 
[Row: 819] [Column: 2] [Expected: stevee] [Actual: mglennan], 
[Row: 819] [Column: 3] [Expected: Steve Evans] [Actual: Mike Glennan], 
[Row: 820] [Column: 1] [Expected: 5,032] [Actual: 3], 
[Row: 820] [Column: 2] [Expected: abelinky] [Actual: stevee], 
[Row: 820] [Column: 3] [Expected: Alejandro Belinky] [Actual: Steve Evans], 
[Row: 820] [Column: 4] [Expected: Global Macro Trading] [Actual: Systems Trading], 
[Row: 821] [Column: 1] [Expected: 6,799] [Actual: 5,032], 
[Row: 821] [Column: 2] [Expected: dyu] [Actual: abelinky], 
[Row: 821] [Column: 3] [Expected: Danny Yu] [Actual: Alejandro Belinky], 
[Row: 821] [Column: 5] [Expected: 51 Astor Place] [Actual: 200 Elm], 
[Row: 822] [Column: 1] [Expected: 131] [Actual: 6,799], 
[Row: 822] [Column: 2] [Expected: dcook] [Actual: dyu], 
[Row: 822] [Column: 3] [Expected: Daryl Cook] [Actual: Danny Yu], 
[Row: 822] [Column: 4] [Expected: Systems Trading] [Actual: Global Macro Trading], 
[Row: 822] [Column: 5] [Expected: 10 NBS] [Actual: 51 Astor Place], 
[Row: 822] [Column: 6] [Expected: sysfxaa1bvi] [Actual: sysfxaa1], 
[Row: 823] [Column: 1] [Expected: 1,188] [Actual: 131], 
[Row: 823] [Column: 2] [Expected: mglennan] [Actual: dcook], 
[Row: 823] [Column: 3] [Expected: Mike Glennan] [Actual: Daryl Cook], 
[Row: 823] [Column: 5] [Expected: 200 Elm] [Actual: 10 NBS], 
[Row: 824] [Column: 1] [Expected: 3] [Actual: 1,188], 
[Row: 824] [Column: 2] [Expected: stevee] [Actual: mglennan], 
[Row: 824] [Column: 3] [Expected: Steve Evans] [Actual: Mike Glennan], 
[Row: 825] [Column: 1] [Expected: 5,032] [Actual: 3], 
[Row: 825] [Column: 2] [Expected: abelinky] [Actual: stevee], 
[Row: 825] [Column: 3] [Expected: Alejandro Belinky] [Actual: Steve Evans], 
[Row: 825] [Column: 4] [Expected: Global Macro Trading] [Actual: Systems Trading], 
[Row: 826] [Column: 1] [Expected: 6,799] [Actual: 5,032], 
[Row: 826] [Column: 2] [Expected: dyu] [Actual: abelinky], 
[Row: 826] [Column: 3] [Expected: Danny Yu] [Actual: Alejandro Belinky], 
[Row: 826] [Column: 5] [Expected: 51 Astor Place] [Actual: 200 Elm], 
[Row: 827] [Column: 1] [Expected: 131] [Actual: 6,799], 
[Row: 827] [Column: 2] [Expected: dcook] [Actual: dyu], 
[Row: 827] [Column: 3] [Expected: Daryl Cook] [Actual: Danny Yu], 
[Row: 827] [Column: 4] [Expected: Systems Trading] [Actual: Global Macro Trading], 
[Row: 827] [Column: 5] [Expected: 10 NBS] [Actual: 51 Astor Place], 
[Row: 827] [Column: 6] [Expected: sysfxe7] [Actual: sysfxaa1bvi], 
[Row: 828] [Column: 1] [Expected: 1,188] [Actual: 131], 
[Row: 828] [Column: 2] [Expected: mglennan] [Actual: dcook], 
[Row: 828] [Column: 3] [Expected: Mike Glennan] [Actual: Daryl Cook], 
[Row: 828] [Column: 5] [Expected: 200 Elm] [Actual: 10 NBS], 
[Row: 829] [Column: 1] [Expected: 3] [Actual: 1,188], 
[Row: 829] [Column: 2] [Expected: stevee] [Actual: mglennan], 
[Row: 829] [Column: 3] [Expected: Steve Evans] [Actual: Mike Glennan], 
[Row: 830] [Column: 1] [Expected: 5,032] [Actual: 3], 
[Row: 830] [Column: 2] [Expected: abelinky] [Actual: stevee], 
[Row: 830] [Column: 3] [Expected: Alejandro Belinky] [Actual: Steve Evans], 
[Row: 830] [Column: 4] [Expected: Global Macro Trading] [Actual: Systems Trading], 
[Row: 831] [Column: 1] [Expected: 5,069] [Actual: 5,032], 
[Row: 831] [Column: 2] [Expected: phill] [Actual: abelinky], 
[Row: 831] [Column: 3] [Expected: Peter Hill] [Actual: Alejandro Belinky], 
[Row: 831] [Column: 4] [Expected: Systems Trading] [Actual: Global Macro Trading], 
[Row: 831] [Column: 5] [Expected: 10 NBS] [Actual: 200 Elm], 
[Row: 832] [Column: 1] [Expected: 131] [Actual: 5,069], 
[Row: 832] [Column: 2] [Expected: dcook] [Actual: phill], 
[Row: 832] [Column: 3] [Expected: Daryl Cook] [Actual: Peter Hill], 
[Row: 832] [Column: 6] [Expected: syshedge] [Actual: sysfxe7], 
[Row: 833] [Column: 1] [Expected: 1,188] [Actual: 131], 
[Row: 833] [Column: 2] [Expected: mglennan] [Actual: dcook], 
[Row: 833] [Column: 3] [Expected: Mike Glennan] [Actual: Daryl Cook], 
[Row: 833] [Column: 5] [Expected: 200 Elm] [Actual: 10 NBS], 
[Row: 834] [Column: 1] [Expected: 3] [Actual: 1,188], 
[Row: 834] [Column: 2] [Expected: stevee] [Actual: mglennan], 
[Row: 834] [Column: 3] [Expected: Steve Evans] [Actual: Mike Glennan], 
[Row: 835] [Column: 1] [Expected: 5,032] [Actual: 3], 
[Row: 835] [Column: 2] [Expected: abelinky] [Actual: stevee], 
[Row: 835] [Column: 3] [Expected: Alejandro Belinky] [Actual: Steve Evans], 
[Row: 835] [Column: 4] [Expected: Global Macro Trading] [Actual: Systems Trading], 
[Row: 836] [Column: 1] [Expected: 5,097] [Actual: 5,032], 
[Row: 836] [Column: 2] [Expected: aghose] [Actual: abelinky], 
[Row: 836] [Column: 3] [Expected: Abhishek Ghose] [Actual: Alejandro Belinky], 
[Row: 836] [Column: 4] [Expected: Flow of Funds] [Actual: Global Macro Trading], 
[Row: 836] [Column: 5] [Expected: 51 Astor Place] [Actual: 200 Elm], 
[Row: 837] [Column: 1] [Expected: 131] [Actual: 5,097], 
[Row: 837] [Column: 2] [Expected: dcook] [Actual: aghose], 
[Row: 837] [Column: 3] [Expected: Daryl Cook] [Actual: Abhishek Ghose], 
[Row: 837] [Column: 4] [Expected: Systems Trading] [Actual: Flow of Funds], 
[Row: 837] [Column: 5] [Expected: 10 NBS] [Actual: 51 Astor Place], 
[Row: 837] [Column: 6] [Expected: sysma10] [Actual: syshedge], 
[Row: 838] [Column: 1] [Expected: 1,188] [Actual: 131], 
[Row: 838] [Column: 2] [Expected: mglennan] [Actual: dcook], 
[Row: 838] [Column: 3] [Expected: Mike Glennan] [Actual: Daryl Cook], 
[Row: 838] [Column: 5] [Expected: 200 Elm] [Actual: 10 NBS], 
[Row: 839] [Column: 1] [Expected: 3] [Actual: 1,188], 
[Row: 839] [Column: 2] [Expected: stevee] [Actual: mglennan], 
[Row: 839] [Column: 3] [Expected: Steve Evans] [Actual: Mike Glennan], 
[Row: 840] [Column: 1] [Expected: 5,032] [Actual: 3], 
[Row: 840] [Column: 2] [Expected: abelinky] [Actual: stevee], 
[Row: 840] [Column: 3] [Expected: Alejandro Belinky] [Actual: Steve Evans], 
[Row: 840] [Column: 4] [Expected: Global Macro Trading] [Actual: Systems Trading], 
[Row: 841] [Column: 1] [Expected: 5,069] [Actual: 5,032], 
[Row: 841] [Column: 2] [Expected: phill] [Actual: abelinky], 
[Row: 841] [Column: 3] [Expected: Peter Hill] [Actual: Alejandro Belinky], 
[Row: 841] [Column: 4] [Expected: Systems Trading] [Actual: Global Macro Trading], 
[Row: 841] [Column: 5] [Expected: 10 NBS] [Actual: 200 Elm], 
[Row: 842] [Column: 1] [Expected: 131] [Actual: 5,069], 
[Row: 842] [Column: 2] [Expected: dcook] [Actual: phill], 
[Row: 842] [Column: 3] [Expected: Daryl Cook] [Actual: Peter Hill], 
[Row: 842] [Column: 6] [Expected: sysma11] [Actual: sysma10], 
[Row: 843] [Column: 1] [Expected: 1,188] [Actual: 131], 
[Row: 843] [Column: 2] [Expected: mglennan] [Actual: dcook], 
[Row: 843] [Column: 3] [Expected: Mike Glennan] [Actual: Daryl Cook], 
[Row: 843] [Column: 5] [Expected: 200 Elm] [Actual: 10 NBS], 
[Row: 844] [Column: 1] [Expected: 3] [Actual: 1,188], 
[Row: 844] [Column: 2] [Expected: stevee] [Actual: mglennan], 
[Row: 844] [Column: 3] [Expected: Steve Evans] [Actual: Mike Glennan], 
[Row: 845] [Column: 1] [Expected: 5,032] [Actual: 3], 
[Row: 845] [Column: 2] [Expected: abelinky] [Actual: stevee], 
[Row: 845] [Column: 3] [Expected: Alejandro Belinky] [Actual: Steve Evans], 
[Row: 845] [Column: 4] [Expected: Global Macro Trading] [Actual: Systems Trading], 
[Row: 846] [Column: 1] [Expected: 5,069] [Actual: 5,032], 
[Row: 846] [Column: 2] [Expected: phill] [Actual: abelinky], 
[Row: 846] [Column: 3] [Expected: Peter Hill] [Actual: Alejandro Belinky], 
[Row: 846] [Column: 4] [Expected: Systems Trading] [Actual: Global Macro Trading], 
[Row: 846] [Column: 5] [Expected: 10 NBS] [Actual: 200 Elm], 
[Row: 847] [Column: 1] [Expected: 131] [Actual: 5,069], 
[Row: 847] [Column: 2] [Expected: dcook] [Actual: phill], 
[Row: 847] [Column: 3] [Expected: Daryl Cook] [Actual: Peter Hill], 
[Row: 847] [Column: 6] [Expected: sysma23] [Actual: sysma11], 
[Row: 848] [Column: 1] [Expected: 1,188] [Actual: 131], 
[Row: 848] [Column: 2] [Expected: mglennan] [Actual: dcook], 
[Row: 848] [Column: 3] [Expected: Mike Glennan] [Actual: Daryl Cook], 
[Row: 848] [Column: 5] [Expected: 200 Elm] [Actual: 10 NBS], 
[Row: 849] [Column: 1] [Expected: 3] [Actual: 1,188], 
[Row: 849] [Column: 2] [Expected: stevee] [Actual: mglennan], 
[Row: 849] [Column: 3] [Expected: Steve Evans] [Actual: Mike Glennan], 
[Row: 850] [Column: 1] [Expected: 5,032] [Actual: 3], 
[Row: 850] [Column: 2] [Expected: abelinky] [Actual: stevee], 
[Row: 850] [Column: 3] [Expected: Alejandro Belinky] [Actual: Steve Evans], 
[Row: 850] [Column: 4] [Expected: Global Macro Trading] [Actual: Systems Trading], 
[Row: 851] [Column: 1] [Expected: 5,069] [Actual: 5,032], 
[Row: 851] [Column: 2] [Expected: phill] [Actual: abelinky], 
[Row: 851] [Column: 3] [Expected: Peter Hill] [Actual: Alejandro Belinky], 
[Row: 851] [Column: 4] [Expected: Systems Trading] [Actual: Global Macro Trading], 
[Row: 851] [Column: 5] [Expected: 10 NBS] [Actual: 200 Elm], 
[Row: 852] [Column: 1] [Expected: 131] [Actual: 5,069], 
[Row: 852] [Column: 2] [Expected: dcook] [Actual: phill], 
[Row: 852] [Column: 3] [Expected: Daryl Cook] [Actual: Peter Hill], 
[Row: 852] [Column: 6] [Expected: sysma6] [Actual: sysma23], 
[Row: 853] [Column: 1] [Expected: 1,188] [Actual: 131], 
[Row: 853] [Column: 2] [Expected: mglennan] [Actual: dcook], 
[Row: 853] [Column: 3] [Expected: Mike Glennan] [Actual: Daryl Cook], 
[Row: 853] [Column: 5] [Expected: 200 Elm] [Actual: 10 NBS], 
[Row: 854] [Column: 1] [Expected: 3] [Actual: 1,188], 
[Row: 854] [Column: 2] [Expected: stevee] [Actual: mglennan], 
[Row: 854] [Column: 3] [Expected: Steve Evans] [Actual: Mike Glennan], 
[Row: 855] [Column: 1] [Expected: 5,032] [Actual: 3], 
[Row: 855] [Column: 2] [Expected: abelinky] [Actual: stevee], 
[Row: 855] [Column: 3] [Expected: Alejandro Belinky] [Actual: Steve Evans], 
[Row: 855] [Column: 4] [Expected: Global Macro Trading] [Actual: Systems Trading], 
[Row: 856] [Column: 1] [Expected: 5,069] [Actual: 5,032], 
[Row: 856] [Column: 2] [Expected: phill] [Actual: abelinky], 
[Row: 856] [Column: 3] [Expected: Peter Hill] [Actual: Alejandro Belinky], 
[Row: 856] [Column: 4] [Expected: Systems Trading] [Actual: Global Macro Trading], 
[Row: 856] [Column: 5] [Expected: 10 NBS] [Actual: 200 Elm], 
[Row: 857] [Column: 1] [Expected: 131] [Actual: 5,069], 
[Row: 857] [Column: 2] [Expected: dcook] [Actual: phill], 
[Row: 857] [Column: 3] [Expected: Daryl Cook] [Actual: Peter Hill], 
[Row: 857] [Column: 6] [Expected: sysma62] [Actual: sysma6], 
[Row: 858] [Column: 1] [Expected: 5,032] [Actual: 131], 
[Row: 858] [Column: 2] [Expected: abelinky] [Actual: dcook], 
[Row: 858] [Column: 3] [Expected: Alejandro Belinky] [Actual: Daryl Cook], 
[Row: 858] [Column: 4] [Expected: Global Macro Trading] [Actual: Systems Trading], 
[Row: 858] [Column: 5] [Expected: 200 Elm] [Actual: 10 NBS], 
[Row: 859] [Column: 1] [Expected: 5,069] [Actual: 5,032], 
[Row: 859] [Column: 2] [Expected: phill] [Actual: abelinky], 
[Row: 859] [Column: 3] [Expected: Peter Hill] [Actual: Alejandro Belinky], 
[Row: 859] [Column: 4] [Expected: Systems Trading] [Actual: Global Macro Trading], 
[Row: 859] [Column: 5] [Expected: 10 NBS] [Actual: 200 Elm], 
[Row: 860] [Column: 1] [Expected: 131] [Actual: 5,069], 
[Row: 860] [Column: 2] [Expected: dcook] [Actual: phill], 
[Row: 860] [Column: 3] [Expected: Daryl Cook] [Actual: Peter Hill], 
[Row: 860] [Column: 6] [Expected: sysma7] [Actual: sysma62], 
[Row: 861] [Column: 1] [Expected: 1,188] [Actual: 131], 
[Row: 861] [Column: 2] [Expected: mglennan] [Actual: dcook], 
[Row: 861] [Column: 3] [Expected: Mike Glennan] [Actual: Daryl Cook], 
[Row: 861] [Column: 5] [Expected: 200 Elm] [Actual: 10 NBS], 
[Row: 862] [Column: 1] [Expected: 3] [Actual: 1,188], 
[Row: 862] [Column: 2] [Expected: stevee] [Actual: mglennan], 
[Row: 862] [Column: 3] [Expected: Steve Evans] [Actual: Mike Glennan], 
[Row: 863] [Column: 1] [Expected: 5,032] [Actual: 3], 
[Row: 863] [Column: 2] [Expected: abelinky] [Actual: stevee], 
[Row: 863] [Column: 3] [Expected: Alejandro Belinky] [Actual: Steve Evans], 
[Row: 863] [Column: 4] [Expected: Global Macro Trading] [Actual: Systems Trading], 
[Row: 864] [Column: 1] [Expected: 5,069] [Actual: 5,032], 
[Row: 864] [Column: 2] [Expected: phill] [Actual: abelinky], 
[Row: 864] [Column: 3] [Expected: Peter Hill] [Actual: Alejandro Belinky], 
[Row: 864] [Column: 4] [Expected: Systems Trading] [Actual: Global Macro Trading], 
[Row: 864] [Column: 5] [Expected: 10 NBS] [Actual: 200 Elm], 
[Row: 865] [Column: 1] [Expected: 131] [Actual: 5,069], 
[Row: 865] [Column: 2] [Expected: dcook] [Actual: phill], 
[Row: 865] [Column: 3] [Expected: Daryl Cook] [Actual: Peter Hill], 
[Row: 865] [Column: 6] [Expected: sysmaaa1] [Actual: sysma7], 
[Row: 866] [Column: 1] [Expected: 1,188] [Actual: 131], 
[Row: 866] [Column: 2] [Expected: mglennan] [Actual: dcook], 
[Row: 866] [Column: 3] [Expected: Mike Glennan] [Actual: Daryl Cook], 
[Row: 866] [Column: 5] [Expected: 200 Elm] [Actual: 10 NBS], 
[Row: 867] [Column: 1] [Expected: 3] [Actual: 1,188], 
[Row: 867] [Column: 2] [Expected: stevee] [Actual: mglennan], 
[Row: 867] [Column: 3] [Expected: Steve Evans] [Actual: Mike Glennan], 
[Row: 868] [Column: 1] [Expected: 5,032] [Actual: 3], 
[Row: 868] [Column: 2] [Expected: abelinky] [Actual: stevee], 
[Row: 868] [Column: 3] [Expected: Alejandro Belinky] [Actual: Steve Evans], 
[Row: 868] [Column: 4] [Expected: Global Macro Trading] [Actual: Systems Trading], 
[Row: 869] [Column: 1] [Expected: 6,799] [Actual: 5,032], 
[Row: 869] [Column: 2] [Expected: dyu] [Actual: abelinky], 
[Row: 869] [Column: 3] [Expected: Danny Yu] [Actual: Alejandro Belinky], 
[Row: 869] [Column: 5] [Expected: 51 Astor Place] [Actual: 200 Elm], 
[Row: 870] [Column: 1] [Expected: 131] [Actual: 6,799], 
[Row: 870] [Column: 2] [Expected: dcook] [Actual: dyu], 
[Row: 870] [Column: 3] [Expected: Daryl Cook] [Actual: Danny Yu], 
[Row: 870] [Column: 4] [Expected: Systems Trading] [Actual: Global Macro Trading], 
[Row: 870] [Column: 5] [Expected: 10 NBS] [Actual: 51 Astor Place], 
[Row: 870] [Column: 6] [Expected: sysmaaa1bvi] [Actual: sysmaaa1], 
[Row: 871] [Column: 1] [Expected: 1,188] [Actual: 131], 
[Row: 871] [Column: 2] [Expected: mglennan] [Actual: dcook], 
[Row: 871] [Column: 3] [Expected: Mike Glennan] [Actual: Daryl Cook], 
[Row: 871] [Column: 5] [Expected: 200 Elm] [Actual: 10 NBS], 
[Row: 872] [Column: 1] [Expected: 3] [Actual: 1,188], 
[Row: 872] [Column: 2] [Expected: stevee] [Actual: mglennan], 
[Row: 872] [Column: 3] [Expected: Steve Evans] [Actual: Mike Glennan], 
[Row: 873] [Column: 1] [Expected: 5,032] [Actual: 3], 
[Row: 873] [Column: 2] [Expected: abelinky] [Actual: stevee], 
[Row: 873] [Column: 3] [Expected: Alejandro Belinky] [Actual: Steve Evans], 
[Row: 873] [Column: 4] [Expected: Global Macro Trading] [Actual: Systems Trading], 
[Row: 874] [Column: 1] [Expected: 6,799] [Actual: 5,032], 
[Row: 874] [Column: 2] [Expected: dyu] [Actual: abelinky], 
[Row: 874] [Column: 3] [Expected: Danny Yu] [Actual: Alejandro Belinky], 
[Row: 874] [Column: 5] [Expected: 51 Astor Place] [Actual: 200 Elm], 
[Row: 875] [Column: 1] [Expected: 131] [Actual: 6,799], 
[Row: 875] [Column: 2] [Expected: dcook] [Actual: dyu], 
[Row: 875] [Column: 3] [Expected: Daryl Cook] [Actual: Danny Yu], 
[Row: 875] [Column: 4] [Expected: Systems Trading] [Actual: Global Macro Trading], 
[Row: 875] [Column: 5] [Expected: 10 NBS] [Actual: 51 Astor Place], 
[Row: 875] [Column: 6] [Expected: sysmaabco1] [Actual: sysmaaa1bvi], 
[Row: 876] [Column: 1] [Expected: 1,188] [Actual: 131], 
[Row: 876] [Column: 2] [Expected: mglennan] [Actual: dcook], 
[Row: 876] [Column: 3] [Expected: Mike Glennan] [Actual: Daryl Cook], 
[Row: 876] [Column: 5] [Expected: 200 Elm] [Actual: 10 NBS], 
[Row: 877] [Column: 1] [Expected: 3] [Actual: 1,188], 
[Row: 877] [Column: 2] [Expected: stevee] [Actual: mglennan], 
[Row: 877] [Column: 3] [Expected: Steve Evans] [Actual: Mike Glennan], 
[Row: 878] [Column: 1] [Expected: 5,032] [Actual: 3], 
[Row: 878] [Column: 2] [Expected: abelinky] [Actual: stevee], 
[Row: 878] [Column: 3] [Expected: Alejandro Belinky] [Actual: Steve Evans], 
[Row: 878] [Column: 4] [Expected: Global Macro Trading] [Actual: Systems Trading], 
[Row: 879] [Column: 1] [Expected: 6,799] [Actual: 5,032], 
[Row: 879] [Column: 2] [Expected: dyu] [Actual: abelinky], 
[Row: 879] [Column: 3] [Expected: Danny Yu] [Actual: Alejandro Belinky], 
[Row: 879] [Column: 5] [Expected: 51 Astor Place] [Actual: 200 Elm], 
[Row: 880] [Column: 1] [Expected: 1,188] [Actual: 6,799], 
[Row: 880] [Column: 2] [Expected: mglennan] [Actual: dyu], 
[Row: 880] [Column: 3] [Expected: Mike Glennan] [Actual: Danny Yu], 
[Row: 880] [Column: 4] [Expected: Systems Trading] [Actual: Global Macro Trading], 
[Row: 880] [Column: 5] [Expected: 200 Elm] [Actual: 51 Astor Place], 
[Row: 880] [Column: 6] [Expected: sysmaabco2] [Actual: sysmaabco1], 
[Row: 881] [Column: 1] [Expected: 5,032] [Actual: 1,188], 
[Row: 881] [Column: 2] [Expected: abelinky] [Actual: mglennan], 
[Row: 881] [Column: 3] [Expected: Alejandro Belinky] [Actual: Mike Glennan], 
[Row: 881] [Column: 4] [Expected: Global Macro Trading] [Actual: Systems Trading], 
[Row: 882] [Column: 1] [Expected: 6,799] [Actual: 5,032], 
[Row: 882] [Column: 2] [Expected: dyu] [Actual: abelinky], 
[Row: 882] [Column: 3] [Expected: Danny Yu] [Actual: Alejandro Belinky], 
[Row: 882] [Column: 5] [Expected: 51 Astor Place] [Actual: 200 Elm], 
[Row: 883] [Column: 1] [Expected: 7,555] [Actual: 6,799], 
[Row: 883] [Column: 2] [Expected: wcao] [Actual: dyu], 
[Row: 883] [Column: 3] [Expected: Wei Cao] [Actual: Danny Yu], 
[Row: 883] [Column: 5] [Expected: 200 Elm] [Actual: 51 Astor Place], 
[Row: 884] [Column: 1] [Expected: 131] [Actual: 7,555], 
[Row: 884] [Column: 2] [Expected: dcook] [Actual: wcao], 
[Row: 884] [Column: 3] [Expected: Daryl Cook] [Actual: Wei Cao], 
[Row: 884] [Column: 4] [Expected: Systems Trading] [Actual: Global Macro Trading], 
[Row: 884] [Column: 5] [Expected: 10 NBS] [Actual: 200 Elm], 
[Row: 884] [Column: 6] [Expected: sysmaabeq1] [Actual: sysmaabco2], 
[Row: 885] [Column: 1] [Expected: 1,188] [Actual: 131], 
[Row: 885] [Column: 2] [Expected: mglennan] [Actual: dcook], 
[Row: 885] [Column: 3] [Expected: Mike Glennan] [Actual: Daryl Cook], 
[Row: 885] [Column: 5] [Expected: 200 Elm] [Actual: 10 NBS], 
[Row: 886] [Column: 1] [Expected: 3] [Actual: 1,188], 
[Row: 886] [Column: 2] [Expected: stevee] [Actual: mglennan], 
[Row: 886] [Column: 3] [Expected: Steve Evans] [Actual: Mike Glennan], 
[Row: 887] [Column: 1] [Expected: 5,032] [Actual: 3], 
[Row: 887] [Column: 2] [Expected: abelinky] [Actual: stevee], 
[Row: 887] [Column: 3] [Expected: Alejandro Belinky] [Actual: Steve Evans], 
[Row: 887] [Column: 4] [Expected: Global Macro Trading] [Actual: Systems Trading], 
[Row: 888] [Column: 1] [Expected: 6,799] [Actual: 5,032], 
[Row: 888] [Column: 2] [Expected: dyu] [Actual: abelinky], 
[Row: 888] [Column: 3] [Expected: Danny Yu] [Actual: Alejandro Belinky], 
[Row: 888] [Column: 5] [Expected: 51 Astor Place] [Actual: 200 Elm], 
[Row: 889] [Column: 1] [Expected: 131] [Actual: 6,799], 
[Row: 889] [Column: 2] [Expected: dcook] [Actual: dyu], 
[Row: 889] [Column: 3] [Expected: Daryl Cook] [Actual: Danny Yu], 
[Row: 889] [Column: 4] [Expected: Systems Trading] [Actual: Global Macro Trading], 
[Row: 889] [Column: 5] [Expected: 10 NBS] [Actual: 51 Astor Place], 
[Row: 889] [Column: 6] [Expected: sysmaabeq1f] [Actual: sysmaabeq1], 
[Row: 890] [Column: 1] [Expected: 1,188] [Actual: 131], 
[Row: 890] [Column: 2] [Expected: mglennan] [Actual: dcook], 
[Row: 890] [Column: 3] [Expected: Mike Glennan] [Actual: Daryl Cook], 
[Row: 890] [Column: 5] [Expected: 200 Elm] [Actual: 10 NBS], 
[Row: 891] [Column: 1] [Expected: 3] [Actual: 1,188], 
[Row: 891] [Column: 2] [Expected: stevee] [Actual: mglennan], 
[Row: 891] [Column: 3] [Expected: Steve Evans] [Actual: Mike Glennan], 
[Row: 892] [Column: 1] [Expected: 5,032] [Actual: 3], 
[Row: 892] [Column: 2] [Expected: abelinky] [Actual: stevee], 
[Row: 892] [Column: 3] [Expected: Alejandro Belinky] [Actual: Steve Evans], 
[Row: 892] [Column: 4] [Expected: Global Macro Trading] [Actual: Systems Trading], 
[Row: 893] [Column: 1] [Expected: 6,799] [Actual: 5,032], 
[Row: 893] [Column: 2] [Expected: dyu] [Actual: abelinky], 
[Row: 893] [Column: 3] [Expected: Danny Yu] [Actual: Alejandro Belinky], 
[Row: 893] [Column: 5] [Expected: 51 Astor Place] [Actual: 200 Elm], 
[Row: 894] [Column: 1] [Expected: 5,032] [Actual: 6,799], 
[Row: 894] [Column: 2] [Expected: abelinky] [Actual: dyu], 
[Row: 894] [Column: 3] [Expected: Alejandro Belinky] [Actual: Danny Yu], 
[Row: 894] [Column: 5] [Expected: 200 Elm] [Actual: 51 Astor Place], 
[Row: 894] [Column: 6] [Expected: sysmaabeq2] [Actual: sysmaabeq1f], 
[Row: 895] [Column: 1] [Expected: 6,799] [Actual: 5,032], 
[Row: 895] [Column: 2] [Expected: dyu] [Actual: abelinky], 
[Row: 895] [Column: 3] [Expected: Danny Yu] [Actual: Alejandro Belinky], 
[Row: 895] [Column: 5] [Expected: 51 Astor Place] [Actual: 200 Elm], 
[Row: 896] [Column: 1] [Expected: 7,555] [Actual: 6,799], 
[Row: 896] [Column: 2] [Expected: wcao] [Actual: dyu], 
[Row: 896] [Column: 3] [Expected: Wei Cao] [Actual: Danny Yu], 
[Row: 896] [Column: 5] [Expected: 200 Elm] [Actual: 51 Astor Place], 
[Row: 897] [Column: 1] [Expected: 6,415] [Actual: 7,555], 
[Row: 897] [Column: 2] [Expected: jsolorza] [Actual: wcao], 
[Row: 897] [Column: 3] [Expected: Juan Pablo Solorzano Margain] [Actual: Wei Cao], 
[Row: 897] [Column: 4] [Expected: Global Research] [Actual: Global Macro Trading], 
[Row: 897] [Column: 5] [Expected: 51 Astor Place] [Actual: 200 Elm], 
[Row: 897] [Column: 6] [Expected: sysmadmtv] [Actual: sysmaabeq2], 
[Row: 898] [Column: 1] [Expected: 131] [Actual: 6,415], 
[Row: 898] [Column: 2] [Expected: dcook] [Actual: jsolorza], 
[Row: 898] [Column: 3] [Expected: Daryl Cook] [Actual: Juan Pablo Solorzano Margain], 
[Row: 898] [Column: 4] [Expected: Systems Trading] [Actual: Global Research], 
[Row: 898] [Column: 5] [Expected: 10 NBS] [Actual: 51 Astor Place], 
[Row: 898] [Column: 6] [Expected: sysmarebal] [Actual: sysmadmtv], 
[Row: 899] [Column: 1] [Expected: 1,188] [Actual: 131], 
[Row: 899] [Column: 2] [Expected: mglennan] [Actual: dcook], 
[Row: 899] [Column: 3] [Expected: Mike Glennan] [Actual: Daryl Cook], 
[Row: 899] [Column: 5] [Expected: 200 Elm] [Actual: 10 NBS], 
[Row: 900] [Column: 1] [Expected: 3] [Actual: 1,188], 
[Row: 900] [Column: 2] [Expected: stevee] [Actual: mglennan], 
[Row: 900] [Column: 3] [Expected: Steve Evans] [Actual: Mike Glennan], 
[Row: 901] [Column: 1] [Expected: 5,032] [Actual: 3], 
[Row: 901] [Column: 2] [Expected: abelinky] [Actual: stevee], 
[Row: 901] [Column: 3] [Expected: Alejandro Belinky] [Actual: Steve Evans], 
[Row: 901] [Column: 4] [Expected: Global Macro Trading] [Actual: Systems Trading], 
[Row: 902] [Column: 1] [Expected: 5,069] [Actual: 5,032], 
[Row: 902] [Column: 2] [Expected: phill] [Actual: abelinky], 
[Row: 902] [Column: 3] [Expected: Peter Hill] [Actual: Alejandro Belinky], 
[Row: 902] [Column: 4] [Expected: Systems Trading] [Actual: Global Macro Trading], 
[Row: 902] [Column: 5] [Expected: 10 NBS] [Actual: 200 Elm], 
[Row: 903] [Column: 1] [Expected: 131] [Actual: 5,069], 
[Row: 903] [Column: 2] [Expected: dcook] [Actual: phill], 
[Row: 903] [Column: 3] [Expected: Daryl Cook] [Actual: Peter Hill], 
[Row: 903] [Column: 6] [Expected: sysmi2] [Actual: sysmarebal], 
[Row: 904] [Column: 1] [Expected: 1,188] [Actual: 131], 
[Row: 904] [Column: 2] [Expected: mglennan] [Actual: dcook], 
[Row: 904] [Column: 3] [Expected: Mike Glennan] [Actual: Daryl Cook], 
[Row: 904] [Column: 5] [Expected: 200 Elm] [Actual: 10 NBS], 
[Row: 905] [Column: 1] [Expected: 3] [Actual: 1,188], 
[Row: 905] [Column: 2] [Expected: stevee] [Actual: mglennan], 
[Row: 905] [Column: 3] [Expected: Steve Evans] [Actual: Mike Glennan], 
[Row: 906] [Column: 1] [Expected: 5,032] [Actual: 3], 
[Row: 906] [Column: 2] [Expected: abelinky] [Actual: stevee], 
[Row: 906] [Column: 3] [Expected: Alejandro Belinky] [Actual: Steve Evans], 
[Row: 906] [Column: 4] [Expected: Global Macro Trading] [Actual: Systems Trading], 
[Row: 907] [Column: 1] [Expected: 5,069] [Actual: 5,032], 
[Row: 907] [Column: 2] [Expected: phill] [Actual: abelinky], 
[Row: 907] [Column: 3] [Expected: Peter Hill] [Actual: Alejandro Belinky], 
[Row: 907] [Column: 4] [Expected: Systems Trading] [Actual: Global Macro Trading], 
[Row: 907] [Column: 5] [Expected: 10 NBS] [Actual: 200 Elm], 
[Row: 908] [Column: 1] [Expected: 131] [Actual: 5,069], 
[Row: 908] [Column: 2] [Expected: dcook] [Actual: phill], 
[Row: 908] [Column: 3] [Expected: Daryl Cook] [Actual: Peter Hill], 
[Row: 908] [Column: 6] [Expected: sysmi7] [Actual: sysmi2], 
[Row: 909] [Column: 1] [Expected: 1,188] [Actual: 131], 
[Row: 909] [Column: 2] [Expected: mglennan] [Actual: dcook], 
[Row: 909] [Column: 3] [Expected: Mike Glennan] [Actual: Daryl Cook], 
[Row: 909] [Column: 5] [Expected: 200 Elm] [Actual: 10 NBS], 
[Row: 910] [Column: 1] [Expected: 3] [Actual: 1,188], 
[Row: 910] [Column: 2] [Expected: stevee] [Actual: mglennan], 
[Row: 910] [Column: 3] [Expected: Steve Evans] [Actual: Mike Glennan], 
[Row: 911] [Column: 1] [Expected: 5,032] [Actual: 3], 
[Row: 911] [Column: 2] [Expected: abelinky] [Actual: stevee], 
[Row: 911] [Column: 3] [Expected: Alejandro Belinky] [Actual: Steve Evans], 
[Row: 911] [Column: 4] [Expected: Global Macro Trading] [Actual: Systems Trading], 
[Row: 912] [Column: 1] [Expected: 5,069] [Actual: 5,032], 
[Row: 912] [Column: 2] [Expected: phill] [Actual: abelinky], 
[Row: 912] [Column: 3] [Expected: Peter Hill] [Actual: Alejandro Belinky], 
[Row: 912] [Column: 4] [Expected: Systems Trading] [Actual: Global Macro Trading], 
[Row: 912] [Column: 5] [Expected: 10 NBS] [Actual: 200 Elm], 
[Row: 913] [Column: 1] [Expected: 131] [Actual: 5,069], 
[Row: 913] [Column: 2] [Expected: dcook] [Actual: phill], 
[Row: 913] [Column: 3] [Expected: Daryl Cook] [Actual: Peter Hill], 
[Row: 913] [Column: 6] [Expected: systest] [Actual: sysmi7], 
[Row: 914] [Column: 1] [Expected: 1,188] [Actual: 131], 
[Row: 914] [Column: 2] [Expected: mglennan] [Actual: dcook], 
[Row: 914] [Column: 3] [Expected: Mike Glennan] [Actual: Daryl Cook], 
[Row: 914] [Column: 5] [Expected: 200 Elm] [Actual: 10 NBS], 
[Row: 915] [Column: 1] [Expected: 3] [Actual: 1,188], 
[Row: 915] [Column: 2] [Expected: stevee] [Actual: mglennan], 
[Row: 915] [Column: 3] [Expected: Steve Evans] [Actual: Mike Glennan], 
[Row: 916] [Column: 1] [Expected: 5,032] [Actual: 3], 
[Row: 916] [Column: 2] [Expected: abelinky] [Actual: stevee], 
[Row: 916] [Column: 3] [Expected: Alejandro Belinky] [Actual: Steve Evans], 
[Row: 916] [Column: 4] [Expected: Global Macro Trading] [Actual: Systems Trading], 
[Row: 917] [Column: 1] [Expected: 5,471] [Actual: 5,032], 
[Row: 917] [Column: 2] [Expected: editchfi] [Actual: abelinky], 
[Row: 917] [Column: 3] [Expected: Erik Ditchfield (Rebar)] [Actual: Alejandro Belinky], 
[Row: 917] [Column: 4] [Expected: IT Vendor Services] [Actual: Global Macro Trading], 
[Row: 917] [Column: 5] [Expected: Offsite - US Office] [Actual: 200 Elm]">
      <![CDATA[java.lang.AssertionError: The following asserts failed:

[Row: 53] [Column: 1] [Expected: 5,859] [Actual: 5,471], 
[Row: 53] [Column: 2] [Expected: dporat] [Actual: editchfi], 
[Row: 53] [Column: 3] [Expected: Dov Porat (CITCO)] [Actual: Erik Ditchfield (Rebar)], 
[Row: 53] [Column: 4] [Expected: CITCO] [Actual: IT Vendor Services], 
[Row: 53] [Column: 5] [Expected: CITCO NJ - MO] [Actual: Offsite - US Office], 
[Row: 54] [Column: 1] [Expected: 5,840] [Actual: 5,859], 
[Row: 54] [Column: 2] [Expected: smehta] [Actual: dporat], 
[Row: 54] [Column: 3] [Expected: Surbhi Mehta] [Actual: Dov Porat (CITCO)], 
[Row: 54] [Column: 4] [Expected: IR & Product Development] [Actual: CITCO], 
[Row: 54] [Column: 5] [Expected: 200 Elm] [Actual: CITCO NJ - MO], 
[Row: 55] [Column: 1] [Expected: 5,551] [Actual: 5,840], 
[Row: 55] [Column: 2] [Expected: ffeiyang] [Actual: smehta], 
[Row: 55] [Column: 3] [Expected: Fen Fei Yang] [Actual: Surbhi Mehta], 
[Row: 55] [Column: 4] [Expected: Software Development] [Actual: IR & Product Development], 
[Row: 56] [Column: 1] [Expected: 5,901] [Actual: 5,551], 
[Row: 56] [Column: 2] [Expected: mcangian] [Actual: ffeiyang], 
[Row: 56] [Column: 3] [Expected: Michael Cangiano (CITCO)] [Actual: Fen Fei Yang], 
[Row: 56] [Column: 4] [Expected: CITCO] [Actual: Software Development], 
[Row: 56] [Column: 5] [Expected: CITCO MAL - RPT] [Actual: 200 Elm], 
[Row: 57] [Column: 1] [Expected: 5,463] [Actual: 5,901], 
[Row: 57] [Column: 2] [Expected: mhayes] [Actual: mcangian], 
[Row: 57] [Column: 3] [Expected: Matthew Hayes] [Actual: Michael Cangiano (CITCO)], 
[Row: 57] [Column: 4] [Expected: Global Execution] [Actual: CITCO], 
[Row: 57] [Column: 5] [Expected: 200 Elm] [Actual: CITCO MAL - RPT], 
[Row: 58] [Column: 1] [Expected: 6,103] [Actual: 5,463], 
[Row: 58] [Column: 2] [Expected: tegan] [Actual: mhayes], 
[Row: 58] [Column: 3] [Expected: Thomas Egan (CITCO)] [Actual: Matthew Hayes], 
[Row: 58] [Column: 4] [Expected: CITCO] [Actual: Global Execution], 
[Row: 58] [Column: 5] [Expected: CITCO NJ - RISK&V] [Actual: 200 Elm], 
[Row: 59] [Column: 1] [Expected: 6,148] [Actual: 6,103], 
[Row: 59] [Column: 2] [Expected: hshim] [Actual: tegan], 
[Row: 59] [Column: 3] [Expected: Hosup Shim (CITCO)] [Actual: Thomas Egan (CITCO)], 
[Row: 59] [Column: 5] [Expected: CITCO NJ - TAX] [Actual: CITCO NJ - RISK&V], 
[Row: 60] [Column: 1] [Expected: 4,824] [Actual: 6,148], 
[Row: 60] [Column: 2] [Expected: pkhemraj] [Actual: hshim], 
[Row: 60] [Column: 3] [Expected: Prem Khemraj (Benchmark)] [Actual: Hosup Shim (CITCO)], 
[Row: 60] [Column: 4] [Expected: Financial Reporting] [Actual: CITCO], 
[Row: 60] [Column: 5] [Expected: 200 Elm] [Actual: CITCO NJ - TAX], 
[Row: 61] [Column: 1] [Expected: 6,019] [Actual: 4,824], 
[Row: 61] [Column: 2] [Expected: skollipa] [Actual: pkhemraj], 
[Row: 61] [Column: 3] [Expected: Suresh Kollipara] [Actual: Prem Khemraj (Benchmark)], 
[Row: 61] [Column: 4] [Expected: Software Development] [Actual: Financial Reporting], 
[Row: 62] [Column: 1] [Expected: 6,196] [Actual: 6,019], 
[Row: 62] [Column: 2] [Expected: sgriffee] [Actual: skollipa], 
[Row: 62] [Column: 3] [Expected: Steve Griffee] [Actual: Suresh Kollipara], 
[Row: 62] [Column: 4] [Expected: IT Customer Services & Support] [Actual: Software Development], 
[Row: 63] [Column: 1] [Expected: 4,359] [Actual: 6,196], 
[Row: 63] [Column: 2] [Expected: arivera] [Actual: sgriffee], 
[Row: 63] [Column: 3] [Expected: Anita Sbarra] [Actual: Steve Griffee], 
[Row: 63] [Column: 4] [Expected: Financial Reporting] [Actual: IT Customer Services & Support], 
[Row: 63] [Column: 5] [Expected: Palm Beach] [Actual: 200 Elm], 
[Row: 64] [Column: 1] [Expected: 4,659] [Actual: 4,359], 
[Row: 64] [Column: 2] [Expected: sking] [Actual: arivera], 
[Row: 64] [Column: 3] [Expected: Shaun King] [Actual: Anita Sbarra], 
[Row: 64] [Column: 4] [Expected: Executive] [Actual: Financial Reporting], 
[Row: 64] [Column: 5] [Expected: 10 NBS] [Actual: Palm Beach], 
[Row: 65] [Column: 1] [Expected: 6,303] [Actual: 4,659], 
[Row: 65] [Column: 2] [Expected: emiller] [Actual: sking], 
[Row: 65] [Column: 3] [Expected: Emily Miller (CITCO)] [Actual: Shaun King], 
[Row: 65] [Column: 4] [Expected: CITCO] [Actual: Executive], 
[Row: 65] [Column: 5] [Expected: CITCO MAL - RPT] [Actual: 10 NBS], 
[Row: 66] [Column: 1] [Expected: 6,327] [Actual: 6,303], 
[Row: 66] [Column: 2] [Expected: mbicknel] [Actual: emiller], 
[Row: 66] [Column: 3] [Expected: Michael Bicknell] [Actual: Emily Miller (CITCO)], 
[Row: 66] [Column: 4] [Expected: Collateral Management] [Actual: CITCO], 
[Row: 66] [Column: 5] [Expected: 200 Elm] [Actual: CITCO MAL - RPT], 
[Row: 67] [Column: 1] [Expected: 6,326] [Actual: 6,327], 
[Row: 67] [Column: 2] [Expected: dgreen] [Actual: mbicknel], 
[Row: 67] [Column: 3] [Expected: Damien Green] [Actual: Michael Bicknell], 
[Row: 67] [Column: 4] [Expected: Business Mgmt and Analysis] [Actual: Collateral Management], 
[Row: 68] [Column: 1] [Expected: 6,385] [Actual: 6,326], 
[Row: 68] [Column: 2] [Expected: szhou] [Actual: dgreen], 
[Row: 68] [Column: 3] [Expected: Sean Zhou] [Actual: Damien Green], 
[Row: 68] [Column: 4] [Expected: Portfolio Oversight] [Actual: Business Mgmt and Analysis], 
[Row: 68] [Column: 5] [Expected: 51 Astor Place] [Actual: 200 Elm], 
[Row: 69] [Column: 1] [Expected: 6,402] [Actual: 6,385], 
[Row: 69] [Column: 2] [Expected: caaronso] [Actual: szhou], 
[Row: 69] [Column: 3] [Expected: Christian Aaronson (CITCO)] [Actual: Sean Zhou], 
[Row: 69] [Column: 4] [Expected: CITCO] [Actual: Portfolio Oversight], 
[Row: 69] [Column: 5] [Expected: CITCO MAL - PE] [Actual: 51 Astor Place], 
[Row: 70] [Column: 1] [Expected: 6,405] [Actual: 6,402], 
[Row: 70] [Column: 2] [Expected: kekelly] [Actual: caaronso], 
[Row: 70] [Column: 3] [Expected: Kelly Kelly (CITCO)] [Actual: Christian Aaronson (CITCO)], 
[Row: 70] [Column: 5] [Expected: CITCO MAL - RPT] [Actual: CITCO MAL - PE], 
[Row: 71] [Column: 1] [Expected: 6,431] [Actual: 6,405], 
[Row: 71] [Column: 2] [Expected: rgold] [Actual: kekelly], 
[Row: 71] [Column: 3] [Expected: Robert Gold] [Actual: Kelly Kelly (CITCO)], 
[Row: 71] [Column: 4] [Expected: Global Execution] [Actual: CITCO], 
[Row: 71] [Column: 5] [Expected: 10 NBS] [Actual: CITCO MAL - RPT], 
[Row: 72] [Column: 1] [Expected: 6,523] [Actual: 6,431], 
[Row: 72] [Column: 2] [Expected: jhay] [Actual: rgold], 
[Row: 72] [Column: 3] [Expected: Jacquelyn Hay] [Actual: Robert Gold], 
[Row: 72] [Column: 4] [Expected: Operations] [Actual: Global Execution], 
[Row: 72] [Column: 5] [Expected: 200 Elm] [Actual: 10 NBS], 
[Row: 73] [Column: 1] [Expected: 6,565] [Actual: 6,523], 
[Row: 73] [Column: 2] [Expected: jizhou] [Actual: jhay], 
[Row: 73] [Column: 3] [Expected: Josh Zhou (CITCO)] [Actual: Jacquelyn Hay], 
[Row: 73] [Column: 4] [Expected: CITCO] [Actual: Operations], 
[Row: 73] [Column: 5] [Expected: CITCO NJ - OPS] [Actual: 200 Elm], 
[Row: 74] [Column: 1] [Expected: 6,580] [Actual: 6,565], 
[Row: 74] [Column: 2] [Expected: ttirapan] [Actual: jizhou], 
[Row: 74] [Column: 3] [Expected: Thomas Tirapani (ExHI)] [Actual: Josh Zhou (CITCO)], 
[Row: 74] [Column: 4] [Expected: Software Development] [Actual: CITCO], 
[Row: 74] [Column: 5] [Expected: Offsite - Non-US Office] [Actual: CITCO NJ - OPS], 
[Row: 75] [Column: 1] [Expected: 6,573] [Actual: 6,580], 
[Row: 75] [Column: 2] [Expected: schiu] [Actual: ttirapan], 
[Row: 75] [Column: 3] [Expected: Sammi Chiu (CITCO)] [Actual: Thomas Tirapani (ExHI)], 
[Row: 75] [Column: 4] [Expected: CITCO] [Actual: Software Development], 
[Row: 75] [Column: 5] [Expected: CITCO NJ - MO] [Actual: Offsite - Non-US Office], 
[Row: 76] [Column: 1] [Expected: 5,647] [Actual: 6,573], 
[Row: 76] [Column: 2] [Expected: kzdunek] [Actual: schiu], 
[Row: 76] [Column: 3] [Expected: Kamil Zdunek] [Actual: Sammi Chiu (CITCO)], 
[Row: 76] [Column: 4] [Expected: Global Execution] [Actual: CITCO], 
[Row: 76] [Column: 5] [Expected: 200 Elm] [Actual: CITCO NJ - MO], 
[Row: 77] [Column: 1] [Expected: 6,597] [Actual: 5,647], 
[Row: 77] [Column: 2] [Expected: snagaraj] [Actual: kzdunek], 
[Row: 77] [Column: 3] [Expected: Nag Nagarajan] [Actual: Kamil Zdunek], 
[Row: 77] [Column: 4] [Expected: Portfolio Oversight] [Actual: Global Execution], 
[Row: 77] [Column: 5] [Expected: 51 Astor Place] [Actual: 200 Elm], 
[Row: 78] [Column: 1] [Expected: 6,627] [Actual: 6,597], 
[Row: 78] [Column: 2] [Expected: alai] [Actual: snagaraj], 
[Row: 78] [Column: 3] [Expected: Albert Lai (CITCO)] [Actual: Nag Nagarajan], 
[Row: 78] [Column: 4] [Expected: CITCO] [Actual: Portfolio Oversight], 
[Row: 78] [Column: 5] [Expected: CITCO NJ - OPS] [Actual: 51 Astor Place], 
[Row: 79] [Column: 1] [Expected: 6,654] [Actual: 6,627], 
[Row: 79] [Column: 2] [Expected: spemmasa] [Actual: alai], 
[Row: 79] [Column: 3] [Expected: Siva Pemmasani (CITCO)] [Actual: Albert Lai (CITCO)], 
[Row: 79] [Column: 5] [Expected: CITCO NJ - RISK&V] [Actual: CITCO NJ - OPS], 
[Row: 80] [Column: 1] [Expected: 6,581] [Actual: 6,654], 
[Row: 80] [Column: 2] [Expected: amirdita] [Actual: spemmasa], 
[Row: 80] [Column: 3] [Expected: Antoinette Mirdita] [Actual: Siva Pemmasani (CITCO)], 
[Row: 80] [Column: 4] [Expected: Financial Reporting] [Actual: CITCO], 
[Row: 80] [Column: 5] [Expected: 200 Elm] [Actual: CITCO NJ - RISK&V], 
[Row: 81] [Column: 1] [Expected: 6,740] [Actual: 6,581], 
[Row: 81] [Column: 2] [Expected: ckirby] [Actual: amirdita], 
[Row: 81] [Column: 3] [Expected: Charlie Kirby] [Actual: Antoinette Mirdita], 
[Row: 81] [Column: 4] [Expected: Trade Support] [Actual: Financial Reporting], 
[Row: 81] [Column: 5] [Expected: 10 NBS] [Actual: 200 Elm], 
[Row: 82] [Column: 1] [Expected: 6,714] [Actual: 6,740], 
[Row: 82] [Column: 2] [Expected: cabergas] [Actual: ckirby], 
[Row: 82] [Column: 3] [Expected: Cedric Abergas (CITCO)] [Actual: Charlie Kirby], 
[Row: 82] [Column: 4] [Expected: CITCO] [Actual: Trade Support], 
[Row: 82] [Column: 5] [Expected: CITCO MLA - TRD CAP] [Actual: 10 NBS], 
[Row: 83] [Column: 1] [Expected: 6,717] [Actual: 6,714], 
[Row: 83] [Column: 2] [Expected: syamamiy] [Actual: cabergas], 
[Row: 83] [Column: 3] [Expected: Shinji Yamamiya (CITCO)] [Actual: Cedric Abergas (CITCO)], 
[Row: 84] [Column: 1] [Expected: 6,746] [Actual: 6,717], 
[Row: 84] [Column: 2] [Expected: mfan] [Actual: syamamiy], 
[Row: 84] [Column: 3] [Expected: Mike Fan] [Actual: Shinji Yamamiya (CITCO)], 
[Row: 84] [Column: 4] [Expected: Operations] [Actual: CITCO], 
[Row: 84] [Column: 5] [Expected: Singapore] [Actual: CITCO MLA - TRD CAP], 
[Row: 85] [Column: 1] [Expected: 6,775] [Actual: 6,746], 
[Row: 85] [Column: 2] [Expected: pgovinda] [Actual: mfan], 
[Row: 85] [Column: 3] [Expected: Praba Govindan (Princeton Group)] [Actual: Mike Fan], 
[Row: 85] [Column: 4] [Expected: Software Development] [Actual: Operations], 
[Row: 85] [Column: 5] [Expected: 200 Elm] [Actual: Singapore], 
[Row: 86] [Column: 1] [Expected: 6,783] [Actual: 6,775], 
[Row: 86] [Column: 2] [Expected: asaliern] [Actual: pgovinda], 
[Row: 86] [Column: 3] [Expected: Adriana Amarillo] [Actual: Praba Govindan (Princeton Group)], 
[Row: 86] [Column: 4] [Expected: Financial Reporting] [Actual: Software Development], 
[Row: 87] [Column: 1] [Expected: 6,805] [Actual: 6,783], 
[Row: 87] [Column: 2] [Expected: crudd] [Actual: asaliern], 
[Row: 87] [Column: 3] [Expected: Colin Rudd (ExHI)] [Actual: Adriana Amarillo], 
[Row: 87] [Column: 4] [Expected: Software Development] [Actual: Financial Reporting], 
[Row: 87] [Column: 5] [Expected: Offsite - US Office] [Actual: 200 Elm], 
[Row: 88] [Column: 1] [Expected: 6,822] [Actual: 6,805], 
[Row: 88] [Column: 2] [Expected: vshlivko] [Actual: crudd], 
[Row: 88] [Column: 3] [Expected: Val Shlivko] [Actual: Colin Rudd (ExHI)], 
[Row: 88] [Column: 4] [Expected: Business Mgmt and Analysis] [Actual: Software Development], 
[Row: 88] [Column: 5] [Expected: 51 Astor Place] [Actual: Offsite - US Office], 
[Row: 89] [Column: 1] [Expected: 6,836] [Actual: 6,822], 
[Row: 89] [Column: 2] [Expected: msokolow] [Actual: vshlivko], 
[Row: 89] [Column: 3] [Expected: Maciej Sokolowski] [Actual: Val Shlivko], 
[Row: 89] [Column: 4] [Expected: IT Data Services] [Actual: Business Mgmt and Analysis], 
[Row: 89] [Column: 5] [Expected: 10 NBS] [Actual: 51 Astor Place], 
[Row: 90] [Column: 1] [Expected: 6,888] [Actual: 6,836], 
[Row: 90] [Column: 2] [Expected: kthompso] [Actual: msokolow], 
[Row: 90] [Column: 3] [Expected: Kendal Thompson (CITCO)] [Actual: Maciej Sokolowski], 
[Row: 90] [Column: 4] [Expected: CITCO] [Actual: IT Data Services], 
[Row: 90] [Column: 5] [Expected: CITCO HFX - DIV] [Actual: 10 NBS], 
[Row: 91] [Column: 1] [Expected: 6,902] [Actual: 6,888], 
[Row: 91] [Column: 2] [Expected: btodorov] [Actual: kthompso], 
[Row: 91] [Column: 3] [Expected: Boban Todorovic (Accordia)] [Actual: Kendal Thompson (CITCO)], 
[Row: 91] [Column: 4] [Expected: Software Development] [Actual: CITCO], 
[Row: 91] [Column: 5] [Expected: 51 Astor Place] [Actual: CITCO HFX - DIV], 
[Row: 92] [Column: 1] [Expected: 6,903] [Actual: 6,902], 
[Row: 92] [Column: 2] [Expected: gstankov] [Actual: btodorov], 
[Row: 92] [Column: 3] [Expected: Goran Stankovic (Accordia)] [Actual: Boban Todorovic (Accordia)], 
[Row: 92] [Column: 5] [Expected: Offsite - Non-US Office] [Actual: 51 Astor Place], 
[Row: 93] [Column: 1] [Expected: 6,918] [Actual: 6,903], 
[Row: 93] [Column: 2] [Expected: mgould] [Actual: gstankov], 
[Row: 93] [Column: 3] [Expected: Michael Gould] [Actual: Goran Stankovic (Accordia)], 
[Row: 93] [Column: 5] [Expected: 10 NBS] [Actual: Offsite - Non-US Office], 
[Row: 94] [Column: 1] [Expected: 6,179] [Actual: 6,918], 
[Row: 94] [Column: 2] [Expected: sanjap] [Actual: mgould], 
[Row: 94] [Column: 3] [Expected: Sanja Paunovic (Accordia)] [Actual: Michael Gould], 
[Row: 94] [Column: 5] [Expected: Offsite - Non-US Office] [Actual: 10 NBS], 
[Row: 95] [Column: 1] [Expected: 6,308] [Actual: 6,179], 
[Row: 95] [Column: 2] [Expected: sabrashi] [Actual: sanjap], 
[Row: 95] [Column: 3] [Expected: Sergey Abrashin] [Actual: Sanja Paunovic (Accordia)], 
[Row: 95] [Column: 5] [Expected: 200 Elm] [Actual: Offsite - Non-US Office], 
[Row: 96] [Column: 1] [Expected: 6,930] [Actual: 6,308], 
[Row: 96] [Column: 2] [Expected: jrangelo] [Actual: sabrashi], 
[Row: 96] [Column: 3] [Expected: Jelena Rangelov (Accordia)] [Actual: Sergey Abrashin], 
[Row: 96] [Column: 4] [Expected: Business Mgmt and Analysis] [Actual: Software Development], 
[Row: 96] [Column: 5] [Expected: Offsite - Non-US Office] [Actual: 200 Elm], 
[Row: 97] [Column: 1] [Expected: 6,153] [Actual: 6,930], 
[Row: 97] [Column: 2] [Expected: lkuznets] [Actual: jrangelo], 
[Row: 97] [Column: 3] [Expected: Leonid Kuznetsov] [Actual: Jelena Rangelov (Accordia)], 
[Row: 97] [Column: 4] [Expected: IT Customer Services & Support] [Actual: Business Mgmt and Analysis], 
[Row: 97] [Column: 5] [Expected: 10 NBS] [Actual: Offsite - Non-US Office], 
[Row: 98] [Column: 1] [Expected: 6,927] [Actual: 6,153], 
[Row: 98] [Column: 2] [Expected: srayudu] [Actual: lkuznets], 
[Row: 98] [Column: 3] [Expected: Suneetha Rayudu] [Actual: Leonid Kuznetsov], 
[Row: 98] [Column: 4] [Expected: Software Development] [Actual: IT Customer Services & Support], 
[Row: 98] [Column: 5] [Expected: 200 Elm] [Actual: 10 NBS], 
[Row: 99] [Column: 1] [Expected: 7,024] [Actual: 6,927], 
[Row: 99] [Column: 2] [Expected: rwothers] [Actual: srayudu], 
[Row: 99] [Column: 3] [Expected: Russell Wotherspoon] [Actual: Suneetha Rayudu], 
[Row: 99] [Column: 4] [Expected: IT Customer Services & Support] [Actual: Software Development], 
[Row: 99] [Column: 5] [Expected: 10 NBS] [Actual: 200 Elm], 
[Row: 100] [Column: 1] [Expected: 7,040] [Actual: 7,024], 
[Row: 100] [Column: 2] [Expected: mstojano] [Actual: rwothers], 
[Row: 100] [Column: 3] [Expected: Milos Stojanovic (Accordia)] [Actual: Russell Wotherspoon], 
[Row: 100] [Column: 4] [Expected: Business Mgmt and Analysis] [Actual: IT Customer Services & Support], 
[Row: 100] [Column: 5] [Expected: Offsite - Non-US Office] [Actual: 10 NBS], 
[Row: 101] [Column: 1] [Expected: 7,046] [Actual: 7,040], 
[Row: 101] [Column: 2] [Expected: ivhuang] [Actual: mstojano], 
[Row: 101] [Column: 3] [Expected: Ivy Huang (Citco)] [Actual: Milos Stojanovic (Accordia)], 
[Row: 101] [Column: 4] [Expected: CITCO] [Actual: Business Mgmt and Analysis], 
[Row: 101] [Column: 5] [Expected: CITCO MAL - RPT] [Actual: Offsite - Non-US Office], 
[Row: 102] [Column: 1] [Expected: 7,058] [Actual: 7,046], 
[Row: 102] [Column: 2] [Expected: jcooksey] [Actual: ivhuang], 
[Row: 102] [Column: 3] [Expected: James Cooksey] [Actual: Ivy Huang (Citco)], 
[Row: 102] [Column: 4] [Expected: Operations] [Actual: CITCO], 
[Row: 102] [Column: 5] [Expected: 200 Elm] [Actual: CITCO MAL - RPT], 
[Row: 103] [Column: 1] [Expected: 7,051] [Actual: 7,058], 
[Row: 103] [Column: 2] [Expected: aafricano] [Actual: jcooksey], 
[Row: 103] [Column: 3] [Expected: Aileen Africano (Citco)] [Actual: James Cooksey], 
[Row: 103] [Column: 4] [Expected: CITCO] [Actual: Operations], 
[Row: 103] [Column: 5] [Expected: CITCO MNL - RPT] [Actual: 200 Elm], 
[Row: 104] [Column: 1] [Expected: 7,025] [Actual: 7,051], 
[Row: 104] [Column: 2] [Expected: yfernand] [Actual: aafricano], 
[Row: 104] [Column: 3] [Expected: Yohan Fernando] [Actual: Aileen Africano (Citco)], 
[Row: 104] [Column: 4] [Expected: Software Development] [Actual: CITCO], 
[Row: 104] [Column: 5] [Expected: 10 NBS] [Actual: CITCO MNL - RPT], 
[Row: 105] [Column: 1] [Expected: 7,092] [Actual: 7,025], 
[Row: 105] [Column: 2] [Expected: plagrima] [Actual: yfernand], 
[Row: 105] [Column: 3] [Expected: Peter Lagrimas (Citco)] [Actual: Yohan Fernando], 
[Row: 105] [Column: 4] [Expected: CITCO] [Actual: Software Development], 
[Row: 105] [Column: 5] [Expected: CITCO NJ - MO] [Actual: 10 NBS], 
[Row: 106] [Column: 1] [Expected: 7,117] [Actual: 7,092], 
[Row: 106] [Column: 2] [Expected: jli] [Actual: plagrima], 
[Row: 106] [Column: 3] [Expected: Jennifer Li (Princeton Consulting)] [Actual: Peter Lagrimas (Citco)], 
[Row: 106] [Column: 4] [Expected: IT Data Services] [Actual: CITCO], 
[Row: 106] [Column: 5] [Expected: Offsite - US Office] [Actual: CITCO NJ - MO], 
[Row: 107] [Column: 1] [Expected: 7,170] [Actual: 7,117], 
[Row: 107] [Column: 2] [Expected: dfebbrai] [Actual: jli], 
[Row: 107] [Column: 3] [Expected: Donald Febbraio (ExHI)] [Actual: Jennifer Li (Princeton Consulting)], 
[Row: 107] [Column: 4] [Expected: Software Development] [Actual: IT Data Services], 
[Row: 108] [Column: 1] [Expected: 7,190] [Actual: 7,170], 
[Row: 108] [Column: 2] [Expected: silic] [Actual: dfebbrai], 
[Row: 108] [Column: 3] [Expected: Sasha Ilic (Accordia)] [Actual: Donald Febbraio (ExHI)], 
[Row: 108] [Column: 5] [Expected: Offsite - Non-US Office] [Actual: Offsite - US Office], 
[Row: 109] [Column: 1] [Expected: 7,194] [Actual: 7,190], 
[Row: 109] [Column: 2] [Expected: clu] [Actual: silic], 
[Row: 109] [Column: 3] [Expected: Chensheng Lu] [Actual: Sasha Ilic (Accordia)], 
[Row: 109] [Column: 4] [Expected: Risk Management] [Actual: Software Development], 
[Row: 109] [Column: 5] [Expected: 10 NBS] [Actual: Offsite - Non-US Office], 
[Row: 110] [Column: 1] [Expected: 141] [Actual: 7,194], 
[Row: 110] [Column: 2] [Expected: sgorbey] [Actual: clu], 
[Row: 110] [Column: 3] [Expected: Susi Gorbey] [Actual: Chensheng Lu], 
[Row: 110] [Column: 4] [Expected: Quantitative Strategies Oversi] [Actual: Risk Management], 
[Row: 111] [Column: 1] [Expected: 7,207] [Actual: 141], 
[Row: 111] [Column: 2] [Expected: hboongal] [Actual: sgorbey], 
[Row: 111] [Column: 3] [Expected: Hazel Boongaling (Citco)] [Actual: Susi Gorbey], 
[Row: 111] [Column: 4] [Expected: CITCO] [Actual: Quantitative Strategies Oversi], 
[Row: 111] [Column: 5] [Expected: CITCO MNL - RPT] [Actual: 10 NBS], 
[Row: 112] [Column: 1] [Expected: 6,503] [Actual: 7,207], 
[Row: 112] [Column: 2] [Expected: mhassan] [Actual: hboongal], 
[Row: 112] [Column: 3] [Expected: Muriam Hassan] [Actual: Hazel Boongaling (Citco)], 
[Row: 112] [Column: 4] [Expected: Legal and Compliance] [Actual: CITCO], 
[Row: 112] [Column: 5] [Expected: 10 NBS] [Actual: CITCO MNL - RPT], 
[Row: 113] [Column: 1] [Expected: 6,578] [Actual: 6,503], 
[Row: 113] [Column: 2] [Expected: gsalazar] [Actual: mhassan], 
[Row: 113] [Column: 3] [Expected: Gabriela Salazar (CITCO)] [Actual: Muriam Hassan], 
[Row: 113] [Column: 4] [Expected: CITCO] [Actual: Legal and Compliance], 
[Row: 113] [Column: 5] [Expected: CITCO NJ - RISK&V] [Actual: 10 NBS], 
[Row: 114] [Column: 1] [Expected: 7,243] [Actual: 6,578], 
[Row: 114] [Column: 2] [Expected: kramoso] [Actual: gsalazar], 
[Row: 114] [Column: 3] [Expected: Katrina Ramoso (Citco)] [Actual: Gabriela Salazar (CITCO)], 
[Row: 114] [Column: 5] [Expected: CITCO MLA - OPS] [Actual: CITCO NJ - RISK&V], 
[Row: 115] [Column: 1] [Expected: 7,246] [Actual: 7,243], 
[Row: 115] [Column: 2] [Expected: ralcanta] [Actual: kramoso], 
[Row: 115] [Column: 3] [Expected: Rocel Alcantara (Citco)] [Actual: Katrina Ramoso (Citco)], 
[Row: 116] [Column: 1] [Expected: 7,244] [Actual: 7,246], 
[Row: 116] [Column: 2] [Expected: pcorpuz] [Actual: ralcanta], 
[Row: 116] [Column: 3] [Expected: Pearly Corpuz (Citco)] [Actual: Rocel Alcantara (Citco)], 
[Row: 117] [Column: 1] [Expected: 7,262] [Actual: 7,244], 
[Row: 117] [Column: 2] [Expected: gjohn] [Actual: pcorpuz], 
[Row: 117] [Column: 3] [Expected: Gina John (Citco)] [Actual: Pearly Corpuz (Citco)], 
[Row: 117] [Column: 5] [Expected: CITCO MAL - RPT] [Actual: CITCO MLA - OPS], 
[Row: 118] [Column: 1] [Expected: 6,105] [Actual: 7,262], 
[Row: 118] [Column: 2] [Expected: dtan] [Actual: gjohn], 
[Row: 118] [Column: 3] [Expected: Danny Tan (CITCO)] [Actual: Gina John (Citco)], 
[Row: 118] [Column: 5] [Expected: CITCO NJ - OPS] [Actual: CITCO MAL - RPT], 
[Row: 119] [Column: 1] [Expected: 7,234] [Actual: 6,105], 
[Row: 119] [Column: 2] [Expected: jfullam] [Actual: dtan], 
[Row: 119] [Column: 3] [Expected: John Fullam] [Actual: Danny Tan (CITCO)], 
[Row: 119] [Column: 4] [Expected: Software Development] [Actual: CITCO], 
[Row: 119] [Column: 5] [Expected: 200 Elm] [Actual: CITCO NJ - OPS], 
[Row: 120] [Column: 1] [Expected: 7,247] [Actual: 7,234], 
[Row: 120] [Column: 2] [Expected: jvoong] [Actual: jfullam], 
[Row: 120] [Column: 3] [Expected: Johnny Voong (Citco)] [Actual: John Fullam], 
[Row: 120] [Column: 4] [Expected: CITCO] [Actual: Software Development], 
[Row: 120] [Column: 5] [Expected: CITCO NJ - MO] [Actual: 200 Elm], 
[Row: 121] [Column: 1] [Expected: 6,161] [Actual: 7,247], 
[Row: 121] [Column: 2] [Expected: lgiorgia] [Actual: jvoong], 
[Row: 121] [Column: 3] [Expected: Lorenzo Giorgianni] [Actual: Johnny Voong (Citco)], 
[Row: 121] [Column: 4] [Expected: Global Research] [Actual: CITCO], 
[Row: 121] [Column: 5] [Expected: 51 Astor Place] [Actual: CITCO NJ - MO], 
[Row: 122] [Column: 1] [Expected: 7,094] [Actual: 6,161], 
[Row: 122] [Column: 2] [Expected: nstojano] [Actual: lgiorgia], 
[Row: 122] [Column: 3] [Expected: Nenad Stojanovic (Accordia)] [Actual: Lorenzo Giorgianni], 
[Row: 122] [Column: 4] [Expected: IT Customer Services & Support] [Actual: Global Research], 
[Row: 122] [Column: 5] [Expected: Offsite - Non-US Office] [Actual: 51 Astor Place], 
[Row: 123] [Column: 1] [Expected: 4,320] [Actual: 7,094], 
[Row: 123] [Column: 2] [Expected: rhowes] [Actual: nstojano], 
[Row: 123] [Column: 3] [Expected: Robin Howes] [Actual: Nenad Stojanovic (Accordia)], 
[Row: 123] [Column: 4] [Expected: Operations] [Actual: IT Customer Services & Support], 
[Row: 123] [Column: 5] [Expected: 200 Elm] [Actual: Offsite - Non-US Office], 
[Row: 124] [Column: 1] [Expected: 7,338] [Actual: 4,320], 
[Row: 124] [Column: 2] [Expected: rwiederh] [Actual: rhowes], 
[Row: 124] [Column: 3] [Expected: Raymond Wiederhold] [Actual: Robin Howes], 
[Row: 124] [Column: 4] [Expected: Middle Office] [Actual: Operations], 
[Row: 125] [Column: 1] [Expected: 7,337] [Actual: 7,338], 
[Row: 125] [Column: 2] [Expected: dfrischm] [Actual: rwiederh], 
[Row: 125] [Column: 3] [Expected: Daniel Frischman] [Actual: Raymond Wiederhold], 
[Row: 125] [Column: 4] [Expected: Collateral Management] [Actual: Middle Office], 
[Row: 126] [Column: 1] [Expected: 6,798] [Actual: 7,337], 
[Row: 126] [Column: 2] [Expected: spalmrot] [Actual: dfrischm], 
[Row: 126] [Column: 3] [Expected: Stephen Palmroth] [Actual: Daniel Frischman], 
[Row: 126] [Column: 4] [Expected: IT Customer Services & Support] [Actual: Collateral Management], 
[Row: 127] [Column: 1] [Expected: 7,347] [Actual: 6,798], 
[Row: 127] [Column: 2] [Expected: kwojtas] [Actual: spalmrot], 
[Row: 127] [Column: 3] [Expected: Kris Wojtas] [Actual: Stephen Palmroth], 
[Row: 127] [Column: 4] [Expected: Operations] [Actual: IT Customer Services & Support], 
[Row: 127] [Column: 5] [Expected: 10 NBS] [Actual: 200 Elm], 
[Row: 128] [Column: 1] [Expected: 7,312] [Actual: 7,347], 
[Row: 128] [Column: 2] [Expected: czhang] [Actual: kwojtas], 
[Row: 128] [Column: 3] [Expected: Cheng (Craig) Zhang (Citco)] [Actual: Kris Wojtas], 
[Row: 128] [Column: 4] [Expected: CITCO] [Actual: Operations], 
[Row: 128] [Column: 5] [Expected: CITCO HFX - DIV] [Actual: 10 NBS], 
[Row: 129] [Column: 1] [Expected: 7,350] [Actual: 7,312], 
[Row: 129] [Column: 2] [Expected: ghuang] [Actual: czhang], 
[Row: 129] [Column: 3] [Expected: Gengwei (Kevin) Huang (Citco)] [Actual: Cheng (Craig) Zhang (Citco)], 
[Row: 130] [Column: 1] [Expected: 7,342] [Actual: 7,350], 
[Row: 130] [Column: 2] [Expected: jgalvin] [Actual: ghuang], 
[Row: 130] [Column: 3] [Expected: James Galvin (Citco)] [Actual: Gengwei (Kevin) Huang (Citco)], 
[Row: 130] [Column: 5] [Expected: CITCO NJ - OPS] [Actual: CITCO HFX - DIV], 
[Row: 131] [Column: 1] [Expected: 7,365] [Actual: 7,342], 
[Row: 131] [Column: 2] [Expected: tseto] [Actual: jgalvin], 
[Row: 131] [Column: 3] [Expected: Tim Seto] [Actual: James Galvin (Citco)], 
[Row: 131] [Column: 4] [Expected: Treasury / Credit] [Actual: CITCO], 
[Row: 131] [Column: 5] [Expected: 51 Astor Place] [Actual: CITCO NJ - OPS], 
[Row: 132] [Column: 1] [Expected: 4,141] [Actual: 7,365], 
[Row: 132] [Column: 2] [Expected: tlodge] [Actual: tseto], 
[Row: 132] [Column: 3] [Expected: Toby Lodge] [Actual: Tim Seto], 
[Row: 132] [Column: 4] [Expected: Tax] [Actual: Treasury / Credit], 
[Row: 132] [Column: 5] [Expected: 10 NBS] [Actual: 51 Astor Place], 
[Row: 133] [Column: 1] [Expected: 7,375] [Actual: 4,141], 
[Row: 133] [Column: 2] [Expected: bchee] [Actual: tlodge], 
[Row: 133] [Column: 3] [Expected: Ben Chee] [Actual: Toby Lodge], 
[Row: 133] [Column: 4] [Expected: Operations] [Actual: Tax], 
[Row: 133] [Column: 5] [Expected: Singapore] [Actual: 10 NBS], 
[Row: 134] [Column: 1] [Expected: 6,923] [Actual: 7,375], 
[Row: 134] [Column: 2] [Expected: dkostic] [Actual: bchee], 
[Row: 134] [Column: 3] [Expected: Dejan Kostic (Accordia)] [Actual: Ben Chee], 
[Row: 134] [Column: 4] [Expected: IT Customer Services & Support] [Actual: Operations], 
[Row: 134] [Column: 5] [Expected: Offsite - Non-US Office] [Actual: Singapore], 
[Row: 135] [Column: 1] [Expected: 7,386] [Actual: 6,923], 
[Row: 135] [Column: 2] [Expected: robertm] [Actual: dkostic], 
[Row: 135] [Column: 3] [Expected: Robert McHale] [Actual: Dejan Kostic (Accordia)], 
[Row: 135] [Column: 4] [Expected: Middle Office] [Actual: IT Customer Services & Support], 
[Row: 135] [Column: 5] [Expected: 51 Astor Place] [Actual: Offsite - Non-US Office], 
[Row: 136] [Column: 1] [Expected: 7,391] [Actual: 7,386], 
[Row: 136] [Column: 2] [Expected: kvega] [Actual: robertm], 
[Row: 136] [Column: 3] [Expected: Krizia Kaye Vega (Citco)] [Actual: Robert McHale], 
[Row: 136] [Column: 4] [Expected: CITCO] [Actual: Middle Office], 
[Row: 136] [Column: 5] [Expected: CITCO MNL - RPT] [Actual: 51 Astor Place], 
[Row: 137] [Column: 1] [Expected: 7,390] [Actual: 7,391], 
[Row: 137] [Column: 2] [Expected: avong] [Actual: kvega], 
[Row: 137] [Column: 3] [Expected: Anthony Vong (Citco)] [Actual: Krizia Kaye Vega (Citco)], 
[Row: 137] [Column: 5] [Expected: CITCO MAL - RPT] [Actual: CITCO MNL - RPT], 
[Row: 138] [Column: 1] [Expected: 7,408] [Actual: 7,390], 
[Row: 138] [Column: 2] [Expected: kjackson] [Actual: avong], 
[Row: 138] [Column: 3] [Expected: Keith Jackson (Citco)] [Actual: Anthony Vong (Citco)], 
[Row: 138] [Column: 5] [Expected: CITCO NJ - OPS] [Actual: CITCO MAL - RPT], 
[Row: 139] [Column: 1] [Expected: 5,924] [Actual: 7,408], 
[Row: 139] [Column: 2] [Expected: mnedelto] [Actual: kjackson], 
[Row: 139] [Column: 3] [Expected: Michael Nedelton (CITCO)] [Actual: Keith Jackson (Citco)], 
[Row: 140] [Column: 1] [Expected: 6,295] [Actual: 5,924], 
[Row: 140] [Column: 2] [Expected: dwillis] [Actual: mnedelto], 
[Row: 140] [Column: 3] [Expected: Dominic Willis] [Actual: Michael Nedelton (CITCO)], 
[Row: 140] [Column: 4] [Expected: Trade Support] [Actual: CITCO], 
[Row: 140] [Column: 5] [Expected: 51 Astor Place] [Actual: CITCO NJ - OPS], 
[Row: 141] [Column: 1] [Expected: 7,416] [Actual: 6,295], 
[Row: 141] [Column: 2] [Expected: klaguard] [Actual: dwillis], 
[Row: 141] [Column: 3] [Expected: Kathlynn Laguardia] [Actual: Dominic Willis], 
[Row: 141] [Column: 4] [Expected: IT Customer Services & Support] [Actual: Trade Support], 
[Row: 142] [Column: 1] [Expected: 7,288] [Actual: 7,416], 
[Row: 142] [Column: 2] [Expected: cfu] [Actual: klaguard], 
[Row: 142] [Column: 3] [Expected: Chris Fu (Citco)] [Actual: Kathlynn Laguardia], 
[Row: 142] [Column: 4] [Expected: CITCO] [Actual: IT Customer Services & Support], 
[Row: 142] [Column: 5] [Expected: CITCO NJ - OPS] [Actual: 51 Astor Place], 
[Row: 143] [Column: 1] [Expected: 7,289] [Actual: 7,288], 
[Row: 143] [Column: 2] [Expected: dtellier] [Actual: cfu], 
[Row: 143] [Column: 3] [Expected: Daniel Tellier (Citco)] [Actual: Chris Fu (Citco)], 
[Row: 144] [Column: 1] [Expected: 7,424] [Actual: 7,289], 
[Row: 144] [Column: 2] [Expected: mdowling] [Actual: dtellier], 
[Row: 144] [Column: 3] [Expected: Mike Dowling (Citco)] [Actual: Daniel Tellier (Citco)], 
[Row: 145] [Column: 1] [Expected: 7,399] [Actual: 7,424], 
[Row: 145] [Column: 2] [Expected: aleung] [Actual: mdowling], 
[Row: 145] [Column: 3] [Expected: Andrew Leung (Citco)] [Actual: Mike Dowling (Citco)], 
[Row: 145] [Column: 5] [Expected: CITCO NJ - MO] [Actual: CITCO NJ - OPS], 
[Row: 146] [Column: 1] [Expected: 7,435] [Actual: 7,399], 
[Row: 146] [Column: 2] [Expected: kemery] [Actual: aleung], 
[Row: 146] [Column: 3] [Expected: Kyle Emery] [Actual: Andrew Leung (Citco)], 
[Row: 146] [Column: 4] [Expected: Middle Office] [Actual: CITCO], 
[Row: 146] [Column: 5] [Expected: 51 Astor Place] [Actual: CITCO NJ - MO], 
[Row: 147] [Column: 1] [Expected: 7,400] [Actual: 7,435], 
[Row: 147] [Column: 2] [Expected: ajoseph] [Actual: kemery], 
[Row: 147] [Column: 3] [Expected: Anil Joseph] [Actual: Kyle Emery], 
[Row: 147] [Column: 4] [Expected: Tax] [Actual: Middle Office], 
[Row: 147] [Column: 5] [Expected: 200 Elm] [Actual: 51 Astor Place], 
[Row: 148] [Column: 1] [Expected: 7,451] [Actual: 7,400], 
[Row: 148] [Column: 2] [Expected: seano] [Actual: ajoseph], 
[Row: 148] [Column: 3] [Expected: Sean O'Neil] [Actual: Anil Joseph], 
[Row: 148] [Column: 4] [Expected: CITCO] [Actual: Tax], 
[Row: 148] [Column: 5] [Expected: CITCO HFX - OPS] [Actual: 200 Elm], 
[Row: 149] [Column: 1] [Expected: 7,448] [Actual: 7,451], 
[Row: 149] [Column: 2] [Expected: yujiang] [Actual: seano], 
[Row: 149] [Column: 3] [Expected: Yulin Jiang] [Actual: Sean O'Neil], 
[Row: 149] [Column: 4] [Expected: Portfolio Oversight] [Actual: CITCO], 
[Row: 149] [Column: 5] [Expected: 51 Astor Place] [Actual: CITCO HFX - OPS], 
[Row: 150] [Column: 1] [Expected: 7,500] [Actual: 7,448], 
[Row: 150] [Column: 2] [Expected: anelson] [Actual: yujiang], 
[Row: 150] [Column: 3] [Expected: Alex Nelson] [Actual: Yulin Jiang], 
[Row: 150] [Column: 4] [Expected: IT Data Services] [Actual: Portfolio Oversight], 
[Row: 150] [Column: 5] [Expected: 200 Elm] [Actual: 51 Astor Place], 
[Row: 151] [Column: 1] [Expected: 7,503] [Actual: 7,500], 
[Row: 151] [Column: 2] [Expected: nkapadia] [Actual: anelson], 
[Row: 151] [Column: 3] [Expected: Nikhil Kapadia (CITCO)] [Actual: Alex Nelson], 
[Row: 151] [Column: 4] [Expected: CITCO] [Actual: IT Data Services], 
[Row: 151] [Column: 5] [Expected: CITCO NJ - OPS] [Actual: 200 Elm], 
[Row: 152] [Column: 1] [Expected: 7,504] [Actual: 7,503], 
[Row: 152] [Column: 2] [Expected: sandeeps] [Actual: nkapadia], 
[Row: 152] [Column: 3] [Expected: Sandeep Sharma (CITCO)] [Actual: Nikhil Kapadia (CITCO)], 
[Row: 153] [Column: 1] [Expected: 7,497] [Actual: 7,504], 
[Row: 153] [Column: 2] [Expected: mvulovic] [Actual: sandeeps], 
[Row: 153] [Column: 3] [Expected: Mirko Vulovic (Accordia)] [Actual: Sandeep Sharma (CITCO)], 
[Row: 153] [Column: 4] [Expected: Software Development] [Actual: CITCO], 
[Row: 153] [Column: 5] [Expected: Offsite - US Office] [Actual: CITCO NJ - OPS], 
[Row: 154] [Column: 1] [Expected: 7,544] [Actual: 7,497], 
[Row: 154] [Column: 2] [Expected: jtabarno] [Actual: mvulovic], 
[Row: 154] [Column: 3] [Expected: Joanne Tabarno (Citco)] [Actual: Mirko Vulovic (Accordia)], 
[Row: 154] [Column: 4] [Expected: CITCO] [Actual: Software Development], 
[Row: 154] [Column: 5] [Expected: CITCO MNL - RPT] [Actual: Offsite - US Office], 
[Row: 155] [Column: 1] [Expected: 7,541] [Actual: 7,544], 
[Row: 155] [Column: 2] [Expected: vvincent] [Actual: jtabarno], 
[Row: 155] [Column: 3] [Expected: Valerian Vincent (Citco)] [Actual: Joanne Tabarno (Citco)], 
[Row: 155] [Column: 5] [Expected: CITCO NJ - OPS] [Actual: CITCO MNL - RPT], 
[Row: 156] [Column: 1] [Expected: 7,542] [Actual: 7,541], 
[Row: 156] [Column: 2] [Expected: nitins] [Actual: vvincent], 
[Row: 156] [Column: 3] [Expected: Nitin Singh (Citco)] [Actual: Valerian Vincent (Citco)], 
[Row: 157] [Column: 1] [Expected: 7,556] [Actual: 7,542], 
[Row: 157] [Column: 2] [Expected: poonams] [Actual: nitins], 
[Row: 157] [Column: 3] [Expected: Poonam Sharma] [Actual: Nitin Singh (Citco)], 
[Row: 157] [Column: 4] [Expected: Legal and Compliance] [Actual: CITCO], 
[Row: 157] [Column: 5] [Expected: 51 Astor Place] [Actual: CITCO NJ - OPS], 
[Row: 158] [Column: 1] [Expected: 7,585] [Actual: 7,556], 
[Row: 158] [Column: 2] [Expected: shouston] [Actual: poonams], 
[Row: 158] [Column: 3] [Expected: Stuart Houston] [Actual: Poonam Sharma], 
[Row: 158] [Column: 4] [Expected: Operations] [Actual: Legal and Compliance], 
[Row: 158] [Column: 5] [Expected: 10 NBS] [Actual: 51 Astor Place], 
[Row: 159] [Column: 1] [Expected: 7,599] [Actual: 7,585], 
[Row: 159] [Column: 2] [Expected: jyung] [Actual: shouston], 
[Row: 159] [Column: 3] [Expected: Jonathan Yung] [Actual: Stuart Houston], 
[Row: 159] [Column: 4] [Expected: Middle Office] [Actual: Operations], 
[Row: 160] [Column: 1] [Expected: 7,616] [Actual: 7,599], 
[Row: 160] [Column: 2] [Expected: pdurnfor] [Actual: jyung], 
[Row: 160] [Column: 3] [Expected: Piers Durnford] [Actual: Jonathan Yung], 
[Row: 160] [Column: 4] [Expected: Operations] [Actual: Middle Office], 
[Row: 161] [Column: 1] [Expected: 6,859] [Actual: 7,616], 
[Row: 161] [Column: 2] [Expected: lfranco] [Actual: pdurnfor], 
[Row: 161] [Column: 3] [Expected: Lori Franco] [Actual: Piers Durnford], 
[Row: 161] [Column: 4] [Expected: Financial Reporting] [Actual: Operations], 
[Row: 161] [Column: 5] [Expected: Palm Beach] [Actual: 10 NBS], 
[Row: 162] [Column: 1] [Expected: 7,629] [Actual: 6,859], 
[Row: 162] [Column: 2] [Expected: smuthu] [Actual: lfranco], 
[Row: 162] [Column: 3] [Expected: Shankar Muthu] [Actual: Lori Franco], 
[Row: 162] [Column: 4] [Expected: IT Customer Services & Support] [Actual: Financial Reporting], 
[Row: 162] [Column: 5] [Expected: Singapore] [Actual: Palm Beach], 
[Row: 163] [Column: 1] [Expected: 6,358] [Actual: 7,629], 
[Row: 163] [Column: 2] [Expected: ikorzhev] [Actual: smuthu], 
[Row: 163] [Column: 3] [Expected: Inna Korzhevskaya] [Actual: Shankar Muthu], 
[Row: 163] [Column: 4] [Expected: Tax] [Actual: IT Customer Services & Support], 
[Row: 163] [Column: 5] [Expected: 10 NBS] [Actual: Singapore], 
[Row: 164] [Column: 1] [Expected: 7,352] [Actual: 6,358], 
[Row: 164] [Column: 2] [Expected: ischuckm] [Actual: ikorzhev], 
[Row: 164] [Column: 3] [Expected: Ivy Schuckman (Untract Early)] [Actual: Inna Korzhevskaya], 
[Row: 164] [Column: 4] [Expected: Financial Reporting] [Actual: Tax], 
[Row: 164] [Column: 5] [Expected: Offsite - US Office] [Actual: 10 NBS], 
[Row: 165] [Column: 1] [Expected: 7,358] [Actual: 7,352], 
[Row: 165] [Column: 2] [Expected: rslootma] [Actual: ischuckm], 
[Row: 165] [Column: 3] [Expected: Robert Slootmaker (Untracht Early)] [Actual: Ivy Schuckman (Untract Early)], 
[Row: 166] [Column: 1] [Expected: 7,353] [Actual: 7,358], 
[Row: 166] [Column: 2] [Expected: adevita] [Actual: rslootma], 
[Row: 166] [Column: 3] [Expected: Adria DeVita (Untracht Early)] [Actual: Robert Slootmaker (Untracht Early)], 
[Row: 167] [Column: 1] [Expected: 7,631] [Actual: 7,353], 
[Row: 167] [Column: 2] [Expected: zrankov] [Actual: adevita], 
[Row: 167] [Column: 3] [Expected: Zdravko Rankov] [Actual: Adria DeVita (Untracht Early)], 
[Row: 167] [Column: 4] [Expected: IT Data Services] [Actual: Financial Reporting], 
[Row: 167] [Column: 5] [Expected: 10 NBS] [Actual: Offsite - US Office], 
[Row: 168] [Column: 1] [Expected: 7,551] [Actual: 7,631], 
[Row: 168] [Column: 2] [Expected: elam] [Actual: zrankov], 
[Row: 168] [Column: 3] [Expected: Eric Lam (Citco)] [Actual: Zdravko Rankov], 
[Row: 168] [Column: 4] [Expected: CITCO] [Actual: IT Data Services], 
[Row: 168] [Column: 5] [Expected: CITCO NJ - MO] [Actual: 10 NBS], 
[Row: 169] [Column: 1] [Expected: 7,547] [Actual: 7,551], 
[Row: 169] [Column: 2] [Expected: mzhou] [Actual: elam], 
[Row: 169] [Column: 3] [Expected: Mingyi Zhou (Citco)] [Actual: Eric Lam (Citco)], 
[Row: 170] [Column: 1] [Expected: 7,548] [Actual: 7,547], 
[Row: 170] [Column: 2] [Expected: shenry] [Actual: mzhou], 
[Row: 170] [Column: 3] [Expected: Spencer Henry (Citco)] [Actual: Mingyi Zhou (Citco)], 
[Row: 171] [Column: 1] [Expected: 7,357] [Actual: 7,548], 
[Row: 171] [Column: 2] [Expected: swalker] [Actual: shenry], 
[Row: 171] [Column: 3] [Expected: Steven Walker (Untracht Early)] [Actual: Spencer Henry (Citco)], 
[Row: 171] [Column: 4] [Expected: Financial Reporting] [Actual: CITCO], 
[Row: 171] [Column: 5] [Expected: Offsite - US Office] [Actual: CITCO NJ - MO], 
[Row: 172] [Column: 1] [Expected: 7,579] [Actual: 7,357], 
[Row: 172] [Column: 2] [Expected: cmckinle] [Actual: swalker], 
[Row: 172] [Column: 3] [Expected: Colin McKinley] [Actual: Steven Walker (Untracht Early)], 
[Row: 172] [Column: 4] [Expected: Software Development] [Actual: Financial Reporting], 
[Row: 172] [Column: 5] [Expected: 200 Elm] [Actual: Offsite - US Office], 
[Row: 173] [Column: 1] [Expected: 7,657] [Actual: 7,579], 
[Row: 173] [Column: 2] [Expected: ihadero] [Actual: cmckinle], 
[Row: 173] [Column: 3] [Expected: Isral Hadero (Citco)] [Actual: Colin McKinley], 
[Row: 173] [Column: 4] [Expected: CITCO] [Actual: Software Development], 
[Row: 173] [Column: 5] [Expected: CITCO MAL - RPT] [Actual: 200 Elm], 
[Row: 174] [Column: 1] [Expected: 7,669] [Actual: 7,657], 
[Row: 174] [Column: 2] [Expected: amyz] [Actual: ihadero], 
[Row: 174] [Column: 3] [Expected: Amy Zhang] [Actual: Isral Hadero (Citco)], 
[Row: 174] [Column: 4] [Expected: Tax] [Actual: CITCO], 
[Row: 174] [Column: 5] [Expected: 200 Elm] [Actual: CITCO MAL - RPT], 
[Row: 175] [Column: 1] [Expected: 7,441] [Actual: 7,669], 
[Row: 175] [Column: 2] [Expected: cscala] [Actual: amyz], 
[Row: 175] [Column: 3] [Expected: Chelsea Scala] [Actual: Amy Zhang], 
[Row: 175] [Column: 4] [Expected: IT Data Services] [Actual: Tax], 
[Row: 176] [Column: 1] [Expected: 7,689] [Actual: 7,441], 
[Row: 176] [Column: 2] [Expected: hthompso] [Actual: cscala], 
[Row: 176] [Column: 3] [Expected: Hector Thompson] [Actual: Chelsea Scala], 
[Row: 176] [Column: 4] [Expected: Legal and Compliance] [Actual: IT Data Services], 
[Row: 176] [Column: 5] [Expected: 10 NBS] [Actual: 200 Elm], 
[Row: 177] [Column: 1] [Expected: 7,604] [Actual: 7,689], 
[Row: 177] [Column: 2] [Expected: djanjevi] [Actual: hthompso], 
[Row: 177] [Column: 3] [Expected: Dragoje Janjevic (Accordia)] [Actual: Hector Thompson], 
[Row: 177] [Column: 4] [Expected: Business Mgmt and Analysis] [Actual: Legal and Compliance], 
[Row: 177] [Column: 5] [Expected: Offsite - Non-US Office] [Actual: 10 NBS], 
[Row: 178] [Column: 1] [Expected: 7,687] [Actual: 7,604], 
[Row: 178] [Column: 2] [Expected: pprykhod] [Actual: djanjevi], 
[Row: 178] [Column: 3] [Expected: Petro Prykhodko (Luxoft)] [Actual: Dragoje Janjevic (Accordia)], 
[Row: 178] [Column: 4] [Expected: Software Development] [Actual: Business Mgmt and Analysis], 
[Row: 179] [Column: 1] [Expected: 7,705] [Actual: 7,687], 
[Row: 179] [Column: 2] [Expected: aravisha] [Actual: pprykhod], 
[Row: 179] [Column: 3] [Expected: Aditi Ravishankar] [Actual: Petro Prykhodko (Luxoft)], 
[Row: 179] [Column: 4] [Expected: Risk Management] [Actual: Software Development], 
[Row: 179] [Column: 5] [Expected: 10 NBS] [Actual: Offsite - Non-US Office], 
[Row: 180] [Column: 1] [Expected: 1,022] [Actual: 7,705], 
[Row: 180] [Column: 2] [Expected: mluizza] [Actual: aravisha], 
[Row: 180] [Column: 3] [Expected: Matthew Luizza] [Actual: Aditi Ravishankar], 
[Row: 180] [Column: 4] [Expected: Facilities] [Actual: Risk Management], 
[Row: 180] [Column: 5] [Expected: 200 Elm] [Actual: 10 NBS], 
[Row: 181] [Column: 1] [Expected: 7,736] [Actual: 1,022], 
[Row: 181] [Column: 2] [Expected: rchauhan] [Actual: mluizza], 
[Row: 181] [Column: 3] [Expected: Rahul Chauhan] [Actual: Matthew Luizza], 
[Row: 181] [Column: 4] [Expected: Risk Management] [Actual: Facilities], 
[Row: 181] [Column: 5] [Expected: 51 Astor Place] [Actual: 200 Elm], 
[Row: 182] [Column: 1] [Expected: 7,721] [Actual: 7,736], 
[Row: 182] [Column: 2] [Expected: rbelchad] [Actual: rchauhan], 
[Row: 182] [Column: 3] [Expected: Rahul Belchade (Citco)] [Actual: Rahul Chauhan], 
[Row: 182] [Column: 4] [Expected: CITCO] [Actual: Risk Management], 
[Row: 182] [Column: 5] [Expected: CITCO NJ - OPS] [Actual: 51 Astor Place], 
[Row: 183] [Column: 1] [Expected: 7,747] [Actual: 7,721], 
[Row: 183] [Column: 2] [Expected: smcauley] [Actual: rbelchad], 
[Row: 183] [Column: 3] [Expected: Shawn McAuley] [Actual: Rahul Belchade (Citco)], 
[Row: 183] [Column: 4] [Expected: Financial Reporting] [Actual: CITCO], 
[Row: 183] [Column: 5] [Expected: 200 Elm] [Actual: CITCO NJ - OPS], 
[Row: 184] [Column: 1] [Expected: 7,748] [Actual: 7,747], 
[Row: 184] [Column: 2] [Expected: ssilva] [Actual: smcauley], 
[Row: 184] [Column: 3] [Expected: Stephanie Silva] [Actual: Shawn McAuley], 
[Row: 184] [Column: 4] [Expected: Facilities] [Actual: Financial Reporting], 
[Row: 185] [Column: 1] [Expected: 7,746] [Actual: 7,748], 
[Row: 185] [Column: 2] [Expected: smazumda] [Actual: ssilva], 
[Row: 185] [Column: 3] [Expected: Sanjay Mazumdar] [Actual: Stephanie Silva], 
[Row: 185] [Column: 4] [Expected: Business Mgmt and Analysis] [Actual: Facilities], 
[Row: 185] [Column: 5] [Expected: 10 NBS] [Actual: 200 Elm], 
[Row: 186] [Column: 1] [Expected: 7,613] [Actual: 7,746], 
[Row: 186] [Column: 2] [Expected: oyurkivs] [Actual: smazumda], 
[Row: 186] [Column: 3] [Expected: Oleg Yurkivskyy (Luxoft)] [Actual: Sanjay Mazumdar], 
[Row: 186] [Column: 4] [Expected: Software Development] [Actual: Business Mgmt and Analysis], 
[Row: 186] [Column: 5] [Expected: Offsite - Non-US Office] [Actual: 10 NBS], 
[Row: 187] [Column: 1] [Expected: 4,777] [Actual: 7,613], 
[Row: 187] [Column: 2] [Expected: mtyson] [Actual: oyurkivs], 
[Row: 187] [Column: 3] [Expected: Matthew Tyson] [Actual: Oleg Yurkivskyy (Luxoft)], 
[Row: 187] [Column: 4] [Expected: IT Customer Services & Support] [Actual: Software Development], 
[Row: 187] [Column: 5] [Expected: 200 Elm] [Actual: Offsite - Non-US Office], 
[Row: 188] [Column: 1] [Expected: 7,757] [Actual: 4,777], 
[Row: 188] [Column: 2] [Expected: asai] [Actual: mtyson], 
[Row: 188] [Column: 3] [Expected: Ambika Sai (NIIT)] [Actual: Matthew Tyson], 
[Row: 188] [Column: 4] [Expected: IT Data Services] [Actual: IT Customer Services & Support], 
[Row: 188] [Column: 5] [Expected: Offsite - Non-US Office] [Actual: 200 Elm], 
[Row: 189] [Column: 1] [Expected: 7,696] [Actual: 7,757], 
[Row: 189] [Column: 2] [Expected: melissar] [Actual: asai], 
[Row: 189] [Column: 3] [Expected: Melissa Rivera (Citco)] [Actual: Ambika Sai (NIIT)], 
[Row: 189] [Column: 4] [Expected: CITCO] [Actual: IT Data Services], 
[Row: 189] [Column: 5] [Expected: CITCO MNL - RPT] [Actual: Offsite - Non-US Office], 
[Row: 190] [Column: 1] [Expected: 7,700] [Actual: 7,696], 
[Row: 190] [Column: 2] [Expected: nyacoub] [Actual: melissar], 
[Row: 190] [Column: 3] [Expected: Nour Yacoub] [Actual: Melissa Rivera (Citco)], 
[Row: 190] [Column: 4] [Expected: Tax] [Actual: CITCO], 
[Row: 190] [Column: 5] [Expected: 200 Elm] [Actual: CITCO MNL - RPT], 
[Row: 191] [Column: 1] [Expected: 7,771] [Actual: 7,700], 
[Row: 191] [Column: 2] [Expected: aadil] [Actual: nyacoub], 
[Row: 191] [Column: 3] [Expected: Azfar Adil] [Actual: Nour Yacoub], 
[Row: 191] [Column: 4] [Expected: Risk Management] [Actual: Tax], 
[Row: 191] [Column: 5] [Expected: 51 Astor Place] [Actual: 200 Elm], 
[Row: 192] [Column: 1] [Expected: 7,105] [Actual: 7,771], 
[Row: 192] [Column: 2] [Expected: swithers] [Actual: aadil], 
[Row: 192] [Column: 3] [Expected: Skye Withers] [Actual: Azfar Adil], 
[Row: 192] [Column: 4] [Expected: IT Customer Services & Support] [Actual: Risk Management], 
[Row: 192] [Column: 5] [Expected: 10 NBS] [Actual: 51 Astor Place], 
[Row: 193] [Column: 1] [Expected: 7,778] [Actual: 7,105], 
[Row: 193] [Column: 2] [Expected: jche] [Actual: swithers], 
[Row: 193] [Column: 3] [Expected: Joy Che] [Actual: Skye Withers], 
[Row: 193] [Column: 4] [Expected: Middle Office] [Actual: IT Customer Services & Support], 
[Row: 193] [Column: 5] [Expected: 51 Astor Place] [Actual: 10 NBS], 
[Row: 194] [Column: 1] [Expected: 7,783] [Actual: 7,778], 
[Row: 194] [Column: 2] [Expected: mdimassi] [Actual: jche], 
[Row: 194] [Column: 3] [Expected: Menel Dimassi] [Actual: Joy Che], 
[Row: 194] [Column: 4] [Expected: Operations] [Actual: Middle Office], 
[Row: 194] [Column: 5] [Expected: 200 Elm] [Actual: 51 Astor Place], 
[Row: 195] [Column: 1] [Expected: 7,780] [Actual: 7,783], 
[Row: 195] [Column: 2] [Expected: jtodd] [Actual: mdimassi], 
[Row: 195] [Column: 3] [Expected: Jason Todd] [Actual: Menel Dimassi], 
[Row: 195] [Column: 4] [Expected: Office of the CTO] [Actual: Operations], 
[Row: 196] [Column: 1] [Expected: 7,777] [Actual: 7,780], 
[Row: 196] [Column: 2] [Expected: jhaynes] [Actual: jtodd], 
[Row: 196] [Column: 3] [Expected: John Haynes (ExHI)] [Actual: Jason Todd], 
[Row: 196] [Column: 4] [Expected: Software Development] [Actual: Office of the CTO], 
[Row: 196] [Column: 5] [Expected: Offsite - US Office] [Actual: 200 Elm], 
[Row: 197] [Column: 1] [Expected: 7,768] [Actual: 7,777], 
[Row: 197] [Column: 2] [Expected: bbednar] [Actual: jhaynes], 
[Row: 197] [Column: 3] [Expected: Brianna Bednar (EY)] [Actual: John Haynes (ExHI)], 
[Row: 197] [Column: 4] [Expected: Financial Reporting] [Actual: Software Development], 
[Row: 198] [Column: 1] [Expected: 7,767] [Actual: 7,768], 
[Row: 198] [Column: 2] [Expected: acicchet] [Actual: bbednar], 
[Row: 198] [Column: 3] [Expected: Anthony Cicchetti (EY)] [Actual: Brianna Bednar (EY)], 
[Row: 199] [Column: 1] [Expected: 6,939] [Actual: 7,767], 
[Row: 199] [Column: 2] [Expected: dioffe] [Actual: acicchet], 
[Row: 199] [Column: 3] [Expected: Dimitry Ioffe] [Actual: Anthony Cicchetti (EY)], 
[Row: 199] [Column: 4] [Expected: IT Customer Services & Support] [Actual: Financial Reporting], 
[Row: 199] [Column: 5] [Expected: 51 Astor Place] [Actual: Offsite - US Office], 
[Row: 200] [Column: 1] [Expected: 7,672] [Actual: 6,939], 
[Row: 200] [Column: 2] [Expected: rhanraha] [Actual: dioffe], 
[Row: 200] [Column: 3] [Expected: Ryan Hanrahan (Citco)] [Actual: Dimitry Ioffe], 
[Row: 200] [Column: 4] [Expected: CITCO] [Actual: IT Customer Services & Support], 
[Row: 200] [Column: 5] [Expected: CITCO MAL - RPT] [Actual: 51 Astor Place], 
[Row: 201] [Column: 1] [Expected: 7,812] [Actual: 7,672], 
[Row: 201] [Column: 2] [Expected: jwang] [Actual: rhanraha], 
[Row: 201] [Column: 3] [Expected: Jue Wang (Citco)] [Actual: Ryan Hanrahan (Citco)], 
[Row: 201] [Column: 5] [Expected: CITCO NJ - OPS] [Actual: CITCO MAL - RPT], 
[Row: 202] [Column: 1] [Expected: 7,321] [Actual: 7,812], 
[Row: 202] [Column: 2] [Expected: lcompani] [Actual: jwang], 
[Row: 202] [Column: 3] [Expected: Lisa Companion (Citco)] [Actual: Jue Wang (Citco)], 
[Row: 202] [Column: 5] [Expected: CITCO HFX - DIV] [Actual: CITCO NJ - OPS], 
[Row: 203] [Column: 1] [Expected: 7,271] [Actual: 7,321], 
[Row: 203] [Column: 2] [Expected: mzhang] [Actual: lcompani], 
[Row: 203] [Column: 3] [Expected: Muting Zhang (Citco)] [Actual: Lisa Companion (Citco)], 
[Row: 203] [Column: 5] [Expected: CITCO HFX - OPS] [Actual: CITCO HFX - DIV], 
[Row: 204] [Column: 1] [Expected: 7,199] [Actual: 7,271], 
[Row: 204] [Column: 2] [Expected: jbardos] [Actual: mzhang], 
[Row: 204] [Column: 3] [Expected: Jacob Bardos (Citco)] [Actual: Muting Zhang (Citco)], 
[Row: 205] [Column: 1] [Expected: 7,772] [Actual: 7,199], 
[Row: 205] [Column: 2] [Expected: xxue] [Actual: jbardos], 
[Row: 205] [Column: 3] [Expected: Xiaojun Xue (Citco)] [Actual: Jacob Bardos (Citco)], 
[Row: 205] [Column: 5] [Expected: CITCO HFX - DIV] [Actual: CITCO HFX - OPS], 
[Row: 206] [Column: 1] [Expected: 7,635] [Actual: 7,772], 
[Row: 206] [Column: 2] [Expected: jmacinty] [Actual: xxue], 
[Row: 206] [Column: 3] [Expected: Josh Macintyre (Citco)] [Actual: Xiaojun Xue (Citco)], 
[Row: 207] [Column: 1] [Expected: 7,811] [Actual: 7,635], 
[Row: 207] [Column: 2] [Expected: achanged] [Actual: jmacinty], 
[Row: 207] [Column: 3] [Expected: Abhishek Changede (Citco)] [Actual: Josh Macintyre (Citco)], 
[Row: 207] [Column: 5] [Expected: CITCO MLA - OPS] [Actual: CITCO HFX - DIV], 
[Row: 208] [Column: 1] [Expected: 7,813] [Actual: 7,811], 
[Row: 208] [Column: 2] [Expected: rqu] [Actual: achanged], 
[Row: 208] [Column: 3] [Expected: Ruixuan Qu (Citco)] [Actual: Abhishek Changede (Citco)], 
[Row: 208] [Column: 5] [Expected: CITCO NJ - OPS] [Actual: CITCO MLA - OPS], 
[Row: 209] [Column: 1] [Expected: 7,823] [Actual: 7,813], 
[Row: 209] [Column: 2] [Expected: ssingh] [Actual: rqu], 
[Row: 209] [Column: 3] [Expected: Swati Singh (NIIT)] [Actual: Ruixuan Qu (Citco)], 
[Row: 209] [Column: 4] [Expected: IT Data Services] [Actual: CITCO], 
[Row: 209] [Column: 5] [Expected: Offsite - Non-US Office] [Actual: CITCO NJ - OPS], 
[Row: 210] [Column: 1] [Expected: 7,822] [Actual: 7,823], 
[Row: 210] [Column: 2] [Expected: kmalhotr] [Actual: ssingh], 
[Row: 210] [Column: 3] [Expected: Kartik Malhotra (NIIT)] [Actual: Swati Singh (NIIT)], 
[Row: 211] [Column: 1] [Expected: 7,739] [Actual: 7,822], 
[Row: 211] [Column: 2] [Expected: jtartagl] [Actual: kmalhotr], 
[Row: 211] [Column: 3] [Expected: John Tartaglia] [Actual: Kartik Malhotra (NIIT)], 
[Row: 211] [Column: 4] [Expected: Collateral Management] [Actual: IT Data Services], 
[Row: 211] [Column: 5] [Expected: Offsite - US Office] [Actual: Offsite - Non-US Office], 
[Row: 212] [Column: 1] [Expected: 7,832] [Actual: 7,739], 
[Row: 212] [Column: 2] [Expected: vsharma] [Actual: jtartagl], 
[Row: 212] [Column: 3] [Expected: Vishal Sharma (Citco)] [Actual: John Tartaglia], 
[Row: 212] [Column: 4] [Expected: CITCO] [Actual: Collateral Management], 
[Row: 212] [Column: 5] [Expected: CITCO NJ - OPS] [Actual: Offsite - US Office], 
[Row: 213] [Column: 1] [Expected: 7,831] [Actual: 7,832], 
[Row: 213] [Column: 2] [Expected: sbiswas] [Actual: vsharma], 
[Row: 213] [Column: 3] [Expected: Sandeepan Biswas (Citco)] [Actual: Vishal Sharma (Citco)], 
[Row: 214] [Column: 1] [Expected: 7,836] [Actual: 7,831], 
[Row: 214] [Column: 2] [Expected: dovadyk] [Actual: sbiswas], 
[Row: 214] [Column: 3] [Expected: Dmytro Ovadyk (Luxoft)] [Actual: Sandeepan Biswas (Citco)], 
[Row: 214] [Column: 4] [Expected: Software Development] [Actual: CITCO], 
[Row: 214] [Column: 5] [Expected: Offsite - Non-US Office] [Actual: CITCO NJ - OPS], 
[Row: 215] [Column: 1] [Expected: 5,769] [Actual: 7,836], 
[Row: 215] [Column: 2] [Expected: chrisd] [Actual: dovadyk], 
[Row: 215] [Column: 3] [Expected: Chris Davis] [Actual: Dmytro Ovadyk (Luxoft)], 
[Row: 215] [Column: 4] [Expected: Legal and Compliance] [Actual: Software Development], 
[Row: 215] [Column: 5] [Expected: 51 Astor Place] [Actual: Offsite - Non-US Office], 
[Row: 216] [Column: 1] [Expected: 7,027] [Actual: 5,769], 
[Row: 216] [Column: 2] [Expected: jsandhu] [Actual: chrisd], 
[Row: 216] [Column: 3] [Expected: Jujhar Sandhu] [Actual: Chris Davis], 
[Row: 216] [Column: 4] [Expected: Software Development] [Actual: Legal and Compliance], 
[Row: 216] [Column: 5] [Expected: 10 NBS] [Actual: 51 Astor Place], 
[Row: 217] [Column: 1] [Expected: 7,841] [Actual: 7,027], 
[Row: 217] [Column: 2] [Expected: gdelacer] [Actual: jsandhu], 
[Row: 217] [Column: 3] [Expected: Gabriela De La Cerda] [Actual: Jujhar Sandhu], 
[Row: 218] [Column: 1] [Expected: 7,643] [Actual: 7,841], 
[Row: 218] [Column: 2] [Expected: okiktiev] [Actual: gdelacer], 
[Row: 218] [Column: 3] [Expected: Oleg Kiktiev (Luxoft)] [Actual: Gabriela De La Cerda], 
[Row: 218] [Column: 5] [Expected: Offsite - Non-US Office] [Actual: 10 NBS], 
[Row: 219] [Column: 1] [Expected: 5,904] [Actual: 7,643], 
[Row: 219] [Column: 2] [Expected: edukhan] [Actual: okiktiev], 
[Row: 219] [Column: 3] [Expected: Eduard Dukhan (Open Systems)] [Actual: Oleg Kiktiev (Luxoft)], 
[Row: 219] [Column: 4] [Expected: IT Customer Services & Support] [Actual: Software Development], 
[Row: 219] [Column: 5] [Expected: 51 Astor Place] [Actual: Offsite - Non-US Office], 
[Row: 220] [Column: 1] [Expected: 7,867] [Actual: 5,904], 
[Row: 220] [Column: 2] [Expected: yibrahim] [Actual: edukhan], 
[Row: 220] [Column: 3] [Expected: Yasser Ibrahim] [Actual: Eduard Dukhan (Open Systems)], 
[Row: 220] [Column: 4] [Expected: Operations] [Actual: IT Customer Services & Support], 
[Row: 220] [Column: 5] [Expected: 200 Elm] [Actual: 51 Astor Place], 
[Row: 221] [Column: 1] [Expected: 267] [Actual: 7,867], 
[Row: 221] [Column: 2] [Expected: pjones] [Actual: yibrahim], 
[Row: 221] [Column: 3] [Expected: Paul Jones] [Actual: Yasser Ibrahim], 
[Row: 221] [Column: 4] [Expected: Chief Investment Office] [Actual: Operations], 
[Row: 221] [Column: 5] [Expected: Palm Beach] [Actual: 200 Elm], 
[Row: 221] [Column: 6] [Expected: ! - Most Traders] [Actual: ! - All Traders], 
[Row: 222] [Column: 1] [Expected: 131] [Actual: 267], 
[Row: 222] [Column: 2] [Expected: dcook] [Actual: pjones], 
[Row: 222] [Column: 3] [Expected: Daryl Cook] [Actual: Paul Jones], 
[Row: 222] [Column: 4] [Expected: Systems Trading] [Actual: Chief Investment Office], 
[Row: 222] [Column: 5] [Expected: 10 NBS] [Actual: Palm Beach], 
[Row: 222] [Column: 6] [Expected: FxDesk] [Actual: ! - Most Traders], 
[Row: 223] [Column: 1] [Expected: 1,188] [Actual: 131], 
[Row: 223] [Column: 2] [Expected: mglennan] [Actual: dcook], 
[Row: 223] [Column: 3] [Expected: Mike Glennan] [Actual: Daryl Cook], 
[Row: 223] [Column: 5] [Expected: 200 Elm] [Actual: 10 NBS], 
[Row: 224] [Column: 1] [Expected: 3] [Actual: 1,188], 
[Row: 224] [Column: 2] [Expected: stevee] [Actual: mglennan], 
[Row: 224] [Column: 3] [Expected: Steve Evans] [Actual: Mike Glennan], 
[Row: 225] [Column: 1] [Expected: 5,032] [Actual: 3], 
[Row: 225] [Column: 2] [Expected: abelinky] [Actual: stevee], 
[Row: 225] [Column: 3] [Expected: Alejandro Belinky] [Actual: Steve Evans], 
[Row: 225] [Column: 4] [Expected: Global Macro Trading] [Actual: Systems Trading], 
[Row: 226] [Column: 1] [Expected: 987] [Actual: 5,032], 
[Row: 226] [Column: 2] [Expected: cdodman] [Actual: abelinky], 
[Row: 226] [Column: 3] [Expected: Colleen Dodman] [Actual: Alejandro Belinky], 
[Row: 226] [Column: 4] [Expected: PTJ Personal] [Actual: Global Macro Trading], 
[Row: 226] [Column: 5] [Expected: Greenwich American Center] [Actual: 200 Elm], 
[Row: 226] [Column: 6] [Expected: Hedge] [Actual: FxDesk], 
[Row: 227] [Column: 6] [Expected: Treasury] [Actual: Hedge], 
[Row: 228] [Column: 1] [Expected: 4,478] [Actual: 987], 
[Row: 228] [Column: 2] [Expected: afox] [Actual: cdodman], 
[Row: 228] [Column: 3] [Expected: Ashley Fox] [Actual: Colleen Dodman], 
[Row: 228] [Column: 4] [Expected: Global Macro Trading] [Actual: PTJ Personal], 
[Row: 228] [Column: 5] [Expected: 10 NBS] [Actual: Greenwich American Center], 
[Row: 228] [Column: 6] [Expected: afox] [Actual: Treasury], 
[Row: 229] [Column: 1] [Expected: 1,101] [Actual: 4,478], 
[Row: 229] [Column: 2] [Expected: rjackson] [Actual: afox], 
[Row: 229] [Column: 3] [Expected: Richard Jackson] [Actual: Ashley Fox], 
[Row: 230] [Column: 1] [Expected: 7,507] [Actual: 1,101], 
[Row: 230] [Column: 2] [Expected: joeg] [Actual: rjackson], 
[Row: 230] [Column: 3] [Expected: Joe Goodman] [Actual: Richard Jackson], 
[Row: 231] [Column: 1] [Expected: 7,529] [Actual: 7,507], 
[Row: 231] [Column: 2] [Expected: asiwji] [Actual: joeg], 
[Row: 231] [Column: 3] [Expected: Abbas Siwji] [Actual: Joe Goodman], 
[Row: 231] [Column: 6] [Expected: asiwji] [Actual: afox], 
[Row: 232] [Column: 1] [Expected: 7,524] [Actual: 7,529], 
[Row: 232] [Column: 2] [Expected: cnesti] [Actual: asiwji], 
[Row: 232] [Column: 3] [Expected: Cristiano Nesti] [Actual: Abbas Siwji], 
[Row: 233] [Column: 1] [Expected: 7,071] [Actual: 7,524], 
[Row: 233] [Column: 2] [Expected: atanna] [Actual: cnesti], 
[Row: 233] [Column: 3] [Expected: Amit Tanna] [Actual: Cristiano Nesti], 
[Row: 233] [Column: 6] [Expected: atanna] [Actual: asiwji], 
[Row: 234] [Column: 1] [Expected: 7,715] [Actual: 7,071], 
[Row: 234] [Column: 2] [Expected: plamaa] [Actual: atanna], 
[Row: 234] [Column: 3] [Expected: Patrick Lamaa] [Actual: Amit Tanna], 
[Row: 235] [Column: 1] [Expected: 7,857] [Actual: 7,715], 
[Row: 235] [Column: 2] [Expected: nwanvari] [Actual: plamaa], 
[Row: 235] [Column: 3] [Expected: Neev Wanvari] [Actual: Patrick Lamaa], 
[Row: 236] [Column: 1] [Expected: 6,330] [Actual: 7,857], 
[Row: 236] [Column: 2] [Expected: nbhuta] [Actual: nwanvari], 
[Row: 236] [Column: 3] [Expected: Nick Bhuta] [Actual: Neev Wanvari], 
[Row: 236] [Column: 5] [Expected: 51 Astor Place] [Actual: 10 NBS], 
[Row: 236] [Column: 6] [Expected: bmckenna] [Actual: atanna], 
[Row: 237] [Column: 1] [Expected: 7,827] [Actual: 6,330], 
[Row: 237] [Column: 2] [Expected: bmckenna] [Actual: nbhuta], 
[Row: 237] [Column: 3] [Expected: Bill McKenna] [Actual: Nick Bhuta], 
[Row: 238] [Column: 1] [Expected: 7,728] [Actual: 7,827], 
[Row: 238] [Column: 2] [Expected: danielp] [Actual: bmckenna], 
[Row: 238] [Column: 3] [Expected: Daniel Pelletier (other)] [Actual: Bill McKenna], 
[Row: 238] [Column: 5] [Expected: Offsite - US Office] [Actual: 51 Astor Place], 
[Row: 238] [Column: 6] [Expected: catalan] [Actual: bmckenna], 
[Row: 239] [Column: 1] [Expected: 7,732] [Actual: 7,728], 
[Row: 239] [Column: 2] [Expected: yorams] [Actual: danielp], 
[Row: 239] [Column: 3] [Expected: Yoram Sussmann (other)] [Actual: Daniel Pelletier (other)], 
[Row: 240] [Column: 1] [Expected: 7,729] [Actual: 7,732], 
[Row: 240] [Column: 2] [Expected: hunterg] [Actual: yorams], 
[Row: 240] [Column: 3] [Expected: Hunter Gassman (other)] [Actual: Yoram Sussmann (other)], 
[Row: 241] [Column: 1] [Expected: 7,499] [Actual: 7,729], 
[Row: 241] [Column: 2] [Expected: cdery] [Actual: hunterg], 
[Row: 241] [Column: 3] [Expected: Christian Dery] [Actual: Hunter Gassman (other)], 
[Row: 241] [Column: 5] [Expected: Singapore] [Actual: Offsite - US Office], 
[Row: 241] [Column: 6] [Expected: cdery] [Actual: catalan], 
[Row: 242] [Column: 1] [Expected: 7,522] [Actual: 7,499], 
[Row: 242] [Column: 2] [Expected: jlow] [Actual: cdery], 
[Row: 242] [Column: 3] [Expected: Jonathan Low] [Actual: Christian Dery], 
[Row: 243] [Column: 1] [Expected: 207] [Actual: 7,522], 
[Row: 243] [Column: 2] [Expected: albertoa] [Actual: jlow], 
[Row: 243] [Column: 3] [Expected: Alberto Antonini] [Actual: Jonathan Low], 
[Row: 243] [Column: 4] [Expected: Flow of Funds] [Actual: Global Macro Trading], 
[Row: 243] [Column: 5] [Expected: 51 Astor Place] [Actual: Singapore], 
[Row: 243] [Column: 6] [Expected: corphedge] [Actual: cdery], 
[Row: 244] [Column: 1] [Expected: 324] [Actual: 207], 
[Row: 244] [Column: 2] [Expected: jscranton] [Actual: albertoa], 
[Row: 244] [Column: 3] [Expected: John Scranton] [Actual: Alberto Antonini], 
[Row: 244] [Column: 4] [Expected: Market Strategy] [Actual: Flow of Funds], 
[Row: 244] [Column: 5] [Expected: 200 Elm] [Actual: 51 Astor Place], 
[Row: 245] [Column: 1] [Expected: 7,659] [Actual: 324], 
[Row: 245] [Column: 2] [Expected: crobinso] [Actual: jscranton], 
[Row: 245] [Column: 3] [Expected: Craig Robinson] [Actual: John Scranton], 
[Row: 245] [Column: 4] [Expected: Global Macro Trading] [Actual: Market Strategy], 
[Row: 245] [Column: 5] [Expected: 10 NBS] [Actual: 200 Elm], 
[Row: 245] [Column: 6] [Expected: crobinso] [Actual: corphedge], 
[Row: 246] [Column: 1] [Expected: 6,531] [Actual: 7,659], 
[Row: 246] [Column: 2] [Expected: edabora] [Actual: crobinso], 
[Row: 246] [Column: 3] [Expected: Emil Dabora] [Actual: Craig Robinson], 
[Row: 246] [Column: 4] [Expected: Global Event Driven Equity Tdg] [Actual: Global Macro Trading], 
[Row: 246] [Column: 5] [Expected: Boston] [Actual: 10 NBS], 
[Row: 246] [Column: 6] [Expected: edabora] [Actual: crobinso], 
[Row: 247] [Column: 1] [Expected: 6,547] [Actual: 6,531], 
[Row: 247] [Column: 2] [Expected: tcollier] [Actual: edabora], 
[Row: 247] [Column: 3] [Expected: Timothy Collier] [Actual: Emil Dabora], 
[Row: 248] [Column: 1] [Expected: 6,785] [Actual: 6,547], 
[Row: 248] [Column: 2] [Expected: eharwood] [Actual: tcollier], 
[Row: 248] [Column: 3] [Expected: Eric Harwood] [Actual: Timothy Collier], 
[Row: 249] [Column: 1] [Expected: 7,763] [Actual: 6,785], 
[Row: 249] [Column: 2] [Expected: cmelcher] [Actual: eharwood], 
[Row: 249] [Column: 3] [Expected: Craig Melcher] [Actual: Eric Harwood], 
[Row: 250] [Column: 1] [Expected: 6,531] [Actual: 7,763], 
[Row: 250] [Column: 2] [Expected: edabora] [Actual: cmelcher], 
[Row: 250] [Column: 3] [Expected: Emil Dabora] [Actual: Craig Melcher], 
[Row: 250] [Column: 6] [Expected: edaboralev] [Actual: edabora], 
[Row: 251] [Column: 1] [Expected: 6,547] [Actual: 6,531], 
[Row: 251] [Column: 2] [Expected: tcollier] [Actual: edabora], 
[Row: 251] [Column: 3] [Expected: Timothy Collier] [Actual: Emil Dabora], 
[Row: 252] [Column: 1] [Expected: 6,785] [Actual: 6,547], 
[Row: 252] [Column: 2] [Expected: eharwood] [Actual: tcollier], 
[Row: 252] [Column: 3] [Expected: Eric Harwood] [Actual: Timothy Collier], 
[Row: 253] [Column: 1] [Expected: 7,763] [Actual: 6,785], 
[Row: 253] [Column: 2] [Expected: cmelcher] [Actual: eharwood], 
[Row: 253] [Column: 3] [Expected: Craig Melcher] [Actual: Eric Harwood], 
[Row: 254] [Column: 1] [Expected: 6,531] [Actual: 7,763], 
[Row: 254] [Column: 2] [Expected: edabora] [Actual: cmelcher], 
[Row: 254] [Column: 3] [Expected: Emil Dabora] [Actual: Craig Melcher], 
[Row: 254] [Column: 6] [Expected: edaboraspac] [Actual: edaboralev], 
[Row: 255] [Column: 1] [Expected: 6,547] [Actual: 6,531], 
[Row: 255] [Column: 2] [Expected: tcollier] [Actual: edabora], 
[Row: 255] [Column: 3] [Expected: Timothy Collier] [Actual: Emil Dabora], 
[Row: 256] [Column: 1] [Expected: 6,785] [Actual: 6,547], 
[Row: 256] [Column: 2] [Expected: eharwood] [Actual: tcollier], 
[Row: 256] [Column: 3] [Expected: Eric Harwood] [Actual: Timothy Collier], 
[Row: 257] [Column: 1] [Expected: 7,763] [Actual: 6,785], 
[Row: 257] [Column: 2] [Expected: cmelcher] [Actual: eharwood], 
[Row: 257] [Column: 3] [Expected: Craig Melcher] [Actual: Eric Harwood], 
[Row: 258] [Column: 1] [Expected: 207] [Actual: 7,763], 
[Row: 258] [Column: 2] [Expected: albertoa] [Actual: cmelcher], 
[Row: 258] [Column: 3] [Expected: Alberto Antonini] [Actual: Craig Melcher], 
[Row: 258] [Column: 4] [Expected: Flow of Funds] [Actual: Global Event Driven Equity Tdg], 
[Row: 258] [Column: 5] [Expected: 51 Astor Place] [Actual: Boston], 
[Row: 258] [Column: 6] [Expected: fof] [Actual: edaboraspac], 
[Row: 259] [Column: 1] [Expected: 4,681] [Actual: 207], 
[Row: 259] [Column: 2] [Expected: kcheong] [Actual: albertoa], 
[Row: 259] [Column: 3] [Expected: Kenneth Cheong] [Actual: Alberto Antonini], 
[Row: 260] [Column: 1] [Expected: 324] [Actual: 4,681], 
[Row: 260] [Column: 2] [Expected: jscranton] [Actual: kcheong], 
[Row: 260] [Column: 3] [Expected: John Scranton] [Actual: Kenneth Cheong], 
[Row: 260] [Column: 4] [Expected: Market Strategy] [Actual: Flow of Funds], 
[Row: 260] [Column: 5] [Expected: 200 Elm] [Actual: 51 Astor Place], 
[Row: 261] [Column: 1] [Expected: 5,567] [Actual: 324], 
[Row: 261] [Column: 2] [Expected: chehmeye] [Actual: jscranton], 
[Row: 261] [Column: 3] [Expected: Christopher Hehmeyer] [Actual: John Scranton], 
[Row: 261] [Column: 4] [Expected: Flow of Funds] [Actual: Market Strategy], 
[Row: 261] [Column: 5] [Expected: 51 Astor Place] [Actual: 200 Elm], 
[Row: 262] [Column: 1] [Expected: 6,030] [Actual: 5,567], 
[Row: 262] [Column: 2] [Expected: spearson] [Actual: chehmeye], 
[Row: 262] [Column: 3] [Expected: Steven Pearson] [Actual: Christopher Hehmeyer], 
[Row: 263] [Column: 1] [Expected: 6,328] [Actual: 6,030], 
[Row: 263] [Column: 2] [Expected: nwahid] [Actual: spearson], 
[Row: 263] [Column: 3] [Expected: Naeem Wahid] [Actual: Steven Pearson], 
[Row: 263] [Column: 5] [Expected: 10 NBS] [Actual: 51 Astor Place], 
[Row: 264] [Column: 1] [Expected: 6,057] [Actual: 6,328], 
[Row: 264] [Column: 2] [Expected: clim] [Actual: nwahid], 
[Row: 264] [Column: 3] [Expected: Curtis Lim] [Actual: Naeem Wahid], 
[Row: 264] [Column: 5] [Expected: 51 Astor Place] [Actual: 10 NBS], 
[Row: 265] [Column: 1] [Expected: 7,758] [Actual: 6,057], 
[Row: 265] [Column: 2] [Expected: carolz] [Actual: clim], 
[Row: 265] [Column: 3] [Expected: Carol Zhang] [Actual: Curtis Lim], 
[Row: 266] [Column: 1] [Expected: 7,737] [Actual: 7,758], 
[Row: 266] [Column: 2] [Expected: dzhou] [Actual: carolz], 
[Row: 266] [Column: 3] [Expected: Daniel Zhou] [Actual: Carol Zhang], 
[Row: 267] [Column: 1] [Expected: 7,020] [Actual: 7,737], 
[Row: 267] [Column: 2] [Expected: jzhu] [Actual: dzhou], 
[Row: 267] [Column: 3] [Expected: Jessica Zhu] [Actual: Daniel Zhou], 
[Row: 268] [Column: 1] [Expected: 207] [Actual: 7,020], 
[Row: 268] [Column: 2] [Expected: albertoa] [Actual: jzhu], 
[Row: 268] [Column: 3] [Expected: Alberto Antonini] [Actual: Jessica Zhu], 
[Row: 268] [Column: 6] [Expected: fofatt] [Actual: fof], 
[Row: 269] [Column: 1] [Expected: 4,681] [Actual: 207], 
[Row: 269] [Column: 2] [Expected: kcheong] [Actual: albertoa], 
[Row: 269] [Column: 3] [Expected: Kenneth Cheong] [Actual: Alberto Antonini], 
[Row: 270] [Column: 1] [Expected: 324] [Actual: 4,681], 
[Row: 270] [Column: 2] [Expected: jscranton] [Actual: kcheong], 
[Row: 270] [Column: 3] [Expected: John Scranton] [Actual: Kenneth Cheong], 
[Row: 270] [Column: 4] [Expected: Market Strategy] [Actual: Flow of Funds], 
[Row: 270] [Column: 5] [Expected: 200 Elm] [Actual: 51 Astor Place], 
[Row: 271] [Column: 1] [Expected: 5,567] [Actual: 324], 
[Row: 271] [Column: 2] [Expected: chehmeye] [Actual: jscranton], 
[Row: 271] [Column: 3] [Expected: Christopher Hehmeyer] [Actual: John Scranton], 
[Row: 271] [Column: 4] [Expected: Flow of Funds] [Actual: Market Strategy], 
[Row: 271] [Column: 5] [Expected: 51 Astor Place] [Actual: 200 Elm], 
[Row: 272] [Column: 1] [Expected: 6,030] [Actual: 5,567], 
[Row: 272] [Column: 2] [Expected: spearson] [Actual: chehmeye], 
[Row: 272] [Column: 3] [Expected: Steven Pearson] [Actual: Christopher Hehmeyer], 
[Row: 273] [Column: 1] [Expected: 6,328] [Actual: 6,030], 
[Row: 273] [Column: 2] [Expected: nwahid] [Actual: spearson], 
[Row: 273] [Column: 3] [Expected: Naeem Wahid] [Actual: Steven Pearson], 
[Row: 273] [Column: 5] [Expected: 10 NBS] [Actual: 51 Astor Place], 
[Row: 274] [Column: 1] [Expected: 6,057] [Actual: 6,328], 
[Row: 274] [Column: 2] [Expected: clim] [Actual: nwahid], 
[Row: 274] [Column: 3] [Expected: Curtis Lim] [Actual: Naeem Wahid], 
[Row: 274] [Column: 5] [Expected: 51 Astor Place] [Actual: 10 NBS], 
[Row: 275] [Column: 1] [Expected: 7,758] [Actual: 6,057], 
[Row: 275] [Column: 2] [Expected: carolz] [Actual: clim], 
[Row: 275] [Column: 3] [Expected: Carol Zhang] [Actual: Curtis Lim], 
[Row: 276] [Column: 1] [Expected: 7,737] [Actual: 7,758], 
[Row: 276] [Column: 2] [Expected: dzhou] [Actual: carolz], 
[Row: 276] [Column: 3] [Expected: Daniel Zhou] [Actual: Carol Zhang], 
[Row: 277] [Column: 1] [Expected: 7,020] [Actual: 7,737], 
[Row: 277] [Column: 2] [Expected: jzhu] [Actual: dzhou], 
[Row: 277] [Column: 3] [Expected: Jessica Zhu] [Actual: Daniel Zhou], 
[Row: 278] [Column: 1] [Expected: 5,567] [Actual: 7,020], 
[Row: 278] [Column: 2] [Expected: chehmeye] [Actual: jzhu], 
[Row: 278] [Column: 3] [Expected: Christopher Hehmeyer] [Actual: Jessica Zhu], 
[Row: 278] [Column: 6] [Expected: fofcomm] [Actual: fofatt], 
[Row: 279] [Column: 1] [Expected: 6,030] [Actual: 5,567], 
[Row: 279] [Column: 2] [Expected: spearson] [Actual: chehmeye], 
[Row: 279] [Column: 3] [Expected: Steven Pearson] [Actual: Christopher Hehmeyer], 
[Row: 280] [Column: 1] [Expected: 6,328] [Actual: 6,030], 
[Row: 280] [Column: 2] [Expected: nwahid] [Actual: spearson], 
[Row: 280] [Column: 3] [Expected: Naeem Wahid] [Actual: Steven Pearson], 
[Row: 280] [Column: 5] [Expected: 10 NBS] [Actual: 51 Astor Place], 
[Row: 281] [Column: 1] [Expected: 6,057] [Actual: 6,328], 
[Row: 281] [Column: 2] [Expected: clim] [Actual: nwahid], 
[Row: 281] [Column: 3] [Expected: Curtis Lim] [Actual: Naeem Wahid], 
[Row: 281] [Column: 5] [Expected: 51 Astor Place] [Actual: 10 NBS], 
[Row: 282] [Column: 1] [Expected: 6,030] [Actual: 6,057], 
[Row: 282] [Column: 2] [Expected: spearson] [Actual: clim], 
[Row: 282] [Column: 3] [Expected: Steven Pearson] [Actual: Curtis Lim], 
[Row: 282] [Column: 6] [Expected: fofsys1] [Actual: fofcomm], 
[Row: 283] [Column: 1] [Expected: 5,097] [Actual: 6,030], 
[Row: 283] [Column: 2] [Expected: aghose] [Actual: spearson], 
[Row: 283] [Column: 3] [Expected: Abhishek Ghose] [Actual: Steven Pearson], 
[Row: 284] [Column: 1] [Expected: 6,057] [Actual: 5,097], 
[Row: 284] [Column: 2] [Expected: clim] [Actual: aghose], 
[Row: 284] [Column: 3] [Expected: Curtis Lim] [Actual: Abhishek Ghose], 
[Row: 285] [Column: 1] [Expected: 7,737] [Actual: 6,057], 
[Row: 285] [Column: 2] [Expected: dzhou] [Actual: clim], 
[Row: 285] [Column: 3] [Expected: Daniel Zhou] [Actual: Curtis Lim], 
[Row: 286] [Column: 1] [Expected: 7,020] [Actual: 7,737], 
[Row: 286] [Column: 2] [Expected: jzhu] [Actual: dzhou], 
[Row: 286] [Column: 3] [Expected: Jessica Zhu] [Actual: Daniel Zhou], 
[Row: 287] [Column: 1] [Expected: 4,259] [Actual: 7,020], 
[Row: 287] [Column: 2] [Expected: icalcraf] [Actual: jzhu], 
[Row: 287] [Column: 3] [Expected: Ian Calcraft] [Actual: Jessica Zhu], 
[Row: 287] [Column: 4] [Expected: Global Macro Trading] [Actual: Flow of Funds], 
[Row: 287] [Column: 5] [Expected: 10 NBS] [Actual: 51 Astor Place], 
[Row: 287] [Column: 6] [Expected: icalcraf] [Actual: fofsys1], 
[Row: 288] [Column: 1] [Expected: 5,567] [Actual: 4,259], 
[Row: 288] [Column: 2] [Expected: chehmeye] [Actual: icalcraf], 
[Row: 288] [Column: 3] [Expected: Christopher Hehmeyer] [Actual: Ian Calcraft], 
[Row: 288] [Column: 4] [Expected: Flow of Funds] [Actual: Global Macro Trading], 
[Row: 288] [Column: 5] [Expected: 51 Astor Place] [Actual: 10 NBS], 
[Row: 288] [Column: 6] [Expected: ifofcomm] [Actual: icalcraf], 
[Row: 289] [Column: 1] [Expected: 6,030] [Actual: 5,567], 
[Row: 289] [Column: 2] [Expected: spearson] [Actual: chehmeye], 
[Row: 289] [Column: 3] [Expected: Steven Pearson] [Actual: Christopher Hehmeyer], 
[Row: 290] [Column: 1] [Expected: 6,328] [Actual: 6,030], 
[Row: 290] [Column: 2] [Expected: nwahid] [Actual: spearson], 
[Row: 290] [Column: 3] [Expected: Naeem Wahid] [Actual: Steven Pearson], 
[Row: 290] [Column: 5] [Expected: 10 NBS] [Actual: 51 Astor Place], 
[Row: 291] [Column: 1] [Expected: 6,057] [Actual: 6,328], 
[Row: 291] [Column: 2] [Expected: clim] [Actual: nwahid], 
[Row: 291] [Column: 3] [Expected: Curtis Lim] [Actual: Naeem Wahid], 
[Row: 291] [Column: 5] [Expected: 51 Astor Place] [Actual: 10 NBS], 
[Row: 292] [Column: 1] [Expected: 1,188] [Actual: 6,057], 
[Row: 292] [Column: 2] [Expected: mglennan] [Actual: clim], 
[Row: 292] [Column: 3] [Expected: Mike Glennan] [Actual: Curtis Lim], 
[Row: 292] [Column: 4] [Expected: Systems Trading] [Actual: Flow of Funds], 
[Row: 292] [Column: 5] [Expected: 200 Elm] [Actual: 51 Astor Place], 
[Row: 292] [Column: 6] [Expected: isttvav3lev] [Actual: ifofcomm], 
[Row: 293] [Column: 6] [Expected: isttvcbdav3] [Actual: isttvav3lev], 
[Row: 294] [Column: 1] [Expected: 3] [Actual: 1,188], 
[Row: 294] [Column: 2] [Expected: stevee] [Actual: mglennan], 
[Row: 294] [Column: 3] [Expected: Steve Evans] [Actual: Mike Glennan], 
[Row: 295] [Column: 1] [Expected: 5,848] [Actual: 3], 
[Row: 295] [Column: 2] [Expected: owatson] [Actual: stevee], 
[Row: 295] [Column: 3] [Expected: Ollie Watson] [Actual: Steve Evans], 
[Row: 295] [Column: 5] [Expected: 10 NBS] [Actual: 200 Elm], 
[Row: 296] [Column: 1] [Expected: 5,773] [Actual: 5,848], 
[Row: 296] [Column: 2] [Expected: slevin] [Actual: owatson], 
[Row: 296] [Column: 3] [Expected: Sergey Levin] [Actual: Ollie Watson], 
[Row: 296] [Column: 5] [Expected: 51 Astor Place] [Actual: 10 NBS], 
[Row: 297] [Column: 1] [Expected: 7,095] [Actual: 5,773], 
[Row: 297] [Column: 2] [Expected: asamuel] [Actual: slevin], 
[Row: 297] [Column: 3] [Expected: Alex Samuel] [Actual: Sergey Levin], 
[Row: 298] [Column: 1] [Expected: 7,253] [Actual: 7,095], 
[Row: 298] [Column: 2] [Expected: acherner] [Actual: asamuel], 
[Row: 298] [Column: 3] [Expected: Alex Cherner] [Actual: Alex Samuel], 
[Row: 299] [Column: 1] [Expected: 7,594] [Actual: 7,253], 
[Row: 299] [Column: 2] [Expected: vpaskhav] [Actual: acherner], 
[Row: 299] [Column: 3] [Expected: Victor Paskhaver] [Actual: Alex Cherner], 
[Row: 300] [Column: 1] [Expected: 7,536] [Actual: 7,594], 
[Row: 300] [Column: 2] [Expected: awestbro] [Actual: vpaskhav], 
[Row: 300] [Column: 3] [Expected: Andrew Westbrook] [Actual: Victor Paskhaver], 
[Row: 300] [Column: 4] [Expected: Front Office Technology] [Actual: Systems Trading], 
[Row: 301] [Column: 1] [Expected: 7,674] [Actual: 7,536], 
[Row: 301] [Column: 2] [Expected: cchin] [Actual: awestbro], 
[Row: 301] [Column: 3] [Expected: Chris Chin] [Actual: Andrew Westbrook], 
[Row: 301] [Column: 4] [Expected: Systems Trading] [Actual: Front Office Technology], 
[Row: 302] [Column: 1] [Expected: 1,188] [Actual: 7,674], 
[Row: 302] [Column: 2] [Expected: mglennan] [Actual: cchin], 
[Row: 302] [Column: 3] [Expected: Mike Glennan] [Actual: Chris Chin], 
[Row: 302] [Column: 5] [Expected: 200 Elm] [Actual: 51 Astor Place], 
[Row: 302] [Column: 6] [Expected: isttvcbdav3e] [Actual: isttvcbdav3], 
[Row: 303] [Column: 1] [Expected: 3] [Actual: 1,188], 
[Row: 303] [Column: 2] [Expected: stevee] [Actual: mglennan], 
[Row: 303] [Column: 3] [Expected: Steve Evans] [Actual: Mike Glennan], 
[Row: 304] [Column: 1] [Expected: 5,848] [Actual: 3], 
[Row: 304] [Column: 2] [Expected: owatson] [Actual: stevee], 
[Row: 304] [Column: 3] [Expected: Ollie Watson] [Actual: Steve Evans], 
[Row: 304] [Column: 5] [Expected: 10 NBS] [Actual: 200 Elm], 
[Row: 305] [Column: 1] [Expected: 5,773] [Actual: 5,848], 
[Row: 305] [Column: 2] [Expected: slevin] [Actual: owatson], 
[Row: 305] [Column: 3] [Expected: Sergey Levin] [Actual: Ollie Watson], 
[Row: 305] [Column: 5] [Expected: 51 Astor Place] [Actual: 10 NBS], 
[Row: 306] [Column: 1] [Expected: 7,095] [Actual: 5,773], 
[Row: 306] [Column: 2] [Expected: asamuel] [Actual: slevin], 
[Row: 306] [Column: 3] [Expected: Alex Samuel] [Actual: Sergey Levin], 
[Row: 307] [Column: 1] [Expected: 7,253] [Actual: 7,095], 
[Row: 307] [Column: 2] [Expected: acherner] [Actual: asamuel], 
[Row: 307] [Column: 3] [Expected: Alex Cherner] [Actual: Alex Samuel], 
[Row: 308] [Column: 1] [Expected: 7,440] [Actual: 7,253], 
[Row: 308] [Column: 2] [Expected: nfirth] [Actual: acherner], 
[Row: 308] [Column: 3] [Expected: Nick Firth] [Actual: Alex Cherner], 
[Row: 308] [Column: 5] [Expected: 10 NBS] [Actual: 51 Astor Place], 
[Row: 309] [Column: 1] [Expected: 7,594] [Actual: 7,440], 
[Row: 309] [Column: 2] [Expected: vpaskhav] [Actual: nfirth], 
[Row: 309] [Column: 3] [Expected: Victor Paskhaver] [Actual: Nick Firth], 
[Row: 309] [Column: 5] [Expected: 51 Astor Place] [Actual: 10 NBS], 
[Row: 310] [Column: 1] [Expected: 7,536] [Actual: 7,594], 
[Row: 310] [Column: 2] [Expected: awestbro] [Actual: vpaskhav], 
[Row: 310] [Column: 3] [Expected: Andrew Westbrook] [Actual: Victor Paskhaver], 
[Row: 310] [Column: 4] [Expected: Front Office Technology] [Actual: Systems Trading], 
[Row: 311] [Column: 1] [Expected: 7,674] [Actual: 7,536], 
[Row: 311] [Column: 2] [Expected: cchin] [Actual: awestbro], 
[Row: 311] [Column: 3] [Expected: Chris Chin] [Actual: Andrew Westbrook], 
[Row: 311] [Column: 4] [Expected: Systems Trading] [Actual: Front Office Technology], 
[Row: 312] [Column: 1] [Expected: 1,188] [Actual: 7,674], 
[Row: 312] [Column: 2] [Expected: mglennan] [Actual: cchin], 
[Row: 312] [Column: 3] [Expected: Mike Glennan] [Actual: Chris Chin], 
[Row: 312] [Column: 5] [Expected: 200 Elm] [Actual: 51 Astor Place], 
[Row: 312] [Column: 6] [Expected: isttvcbdav4] [Actual: isttvcbdav3e], 
[Row: 313] [Column: 1] [Expected: 3] [Actual: 1,188], 
[Row: 313] [Column: 2] [Expected: stevee] [Actual: mglennan], 
[Row: 313] [Column: 3] [Expected: Steve Evans] [Actual: Mike Glennan], 
[Row: 314] [Column: 1] [Expected: 5,848] [Actual: 3], 
[Row: 314] [Column: 2] [Expected: owatson] [Actual: stevee], 
[Row: 314] [Column: 3] [Expected: Ollie Watson] [Actual: Steve Evans], 
[Row: 314] [Column: 5] [Expected: 10 NBS] [Actual: 200 Elm], 
[Row: 315] [Column: 1] [Expected: 5,773] [Actual: 5,848], 
[Row: 315] [Column: 2] [Expected: slevin] [Actual: owatson], 
[Row: 315] [Column: 3] [Expected: Sergey Levin] [Actual: Ollie Watson], 
[Row: 315] [Column: 5] [Expected: 51 Astor Place] [Actual: 10 NBS], 
[Row: 316] [Column: 1] [Expected: 7,095] [Actual: 5,773], 
[Row: 316] [Column: 2] [Expected: asamuel] [Actual: slevin], 
[Row: 316] [Column: 3] [Expected: Alex Samuel] [Actual: Sergey Levin], 
[Row: 317] [Column: 1] [Expected: 7,253] [Actual: 7,095], 
[Row: 317] [Column: 2] [Expected: acherner] [Actual: asamuel], 
[Row: 317] [Column: 3] [Expected: Alex Cherner] [Actual: Alex Samuel], 
[Row: 318] [Column: 1] [Expected: 7,594] [Actual: 7,253], 
[Row: 318] [Column: 2] [Expected: vpaskhav] [Actual: acherner], 
[Row: 318] [Column: 3] [Expected: Victor Paskhaver] [Actual: Alex Cherner], 
[Row: 319] [Column: 1] [Expected: 7,536] [Actual: 7,594], 
[Row: 319] [Column: 2] [Expected: awestbro] [Actual: vpaskhav], 
[Row: 319] [Column: 3] [Expected: Andrew Westbrook] [Actual: Victor Paskhaver], 
[Row: 319] [Column: 4] [Expected: Front Office Technology] [Actual: Systems Trading], 
[Row: 320] [Column: 1] [Expected: 7,674] [Actual: 7,536], 
[Row: 320] [Column: 2] [Expected: cchin] [Actual: awestbro], 
[Row: 320] [Column: 3] [Expected: Chris Chin] [Actual: Andrew Westbrook], 
[Row: 320] [Column: 4] [Expected: Systems Trading] [Actual: Front Office Technology], 
[Row: 321] [Column: 1] [Expected: 1,188] [Actual: 7,674], 
[Row: 321] [Column: 2] [Expected: mglennan] [Actual: cchin], 
[Row: 321] [Column: 3] [Expected: Mike Glennan] [Actual: Chris Chin], 
[Row: 321] [Column: 5] [Expected: 200 Elm] [Actual: 51 Astor Place], 
[Row: 321] [Column: 6] [Expected: isttvcdsav1] [Actual: isttvcbdav4], 
[Row: 322] [Column: 1] [Expected: 3] [Actual: 1,188], 
[Row: 322] [Column: 2] [Expected: stevee] [Actual: mglennan], 
[Row: 322] [Column: 3] [Expected: Steve Evans] [Actual: Mike Glennan], 
[Row: 323] [Column: 1] [Expected: 5,848] [Actual: 3], 
[Row: 323] [Column: 2] [Expected: owatson] [Actual: stevee], 
[Row: 323] [Column: 3] [Expected: Ollie Watson] [Actual: Steve Evans], 
[Row: 323] [Column: 5] [Expected: 10 NBS] [Actual: 200 Elm], 
[Row: 324] [Column: 1] [Expected: 5,773] [Actual: 5,848], 
[Row: 324] [Column: 2] [Expected: slevin] [Actual: owatson], 
[Row: 324] [Column: 3] [Expected: Sergey Levin] [Actual: Ollie Watson], 
[Row: 324] [Column: 5] [Expected: 51 Astor Place] [Actual: 10 NBS], 
[Row: 325] [Column: 1] [Expected: 7,095] [Actual: 5,773], 
[Row: 325] [Column: 2] [Expected: asamuel] [Actual: slevin], 
[Row: 325] [Column: 3] [Expected: Alex Samuel] [Actual: Sergey Levin], 
[Row: 326] [Column: 1] [Expected: 7,253] [Actual: 7,095], 
[Row: 326] [Column: 2] [Expected: acherner] [Actual: asamuel], 
[Row: 326] [Column: 3] [Expected: Alex Cherner] [Actual: Alex Samuel], 
[Row: 327] [Column: 1] [Expected: 7,594] [Actual: 7,253], 
[Row: 327] [Column: 2] [Expected: vpaskhav] [Actual: acherner], 
[Row: 327] [Column: 3] [Expected: Victor Paskhaver] [Actual: Alex Cherner], 
[Row: 328] [Column: 1] [Expected: 7,536] [Actual: 7,594], 
[Row: 328] [Column: 2] [Expected: awestbro] [Actual: vpaskhav], 
[Row: 328] [Column: 3] [Expected: Andrew Westbrook] [Actual: Victor Paskhaver], 
[Row: 328] [Column: 4] [Expected: Front Office Technology] [Actual: Systems Trading], 
[Row: 329] [Column: 1] [Expected: 7,674] [Actual: 7,536], 
[Row: 329] [Column: 2] [Expected: cchin] [Actual: awestbro], 
[Row: 329] [Column: 3] [Expected: Chris Chin] [Actual: Andrew Westbrook], 
[Row: 329] [Column: 4] [Expected: Systems Trading] [Actual: Front Office Technology], 
[Row: 330] [Column: 1] [Expected: 1,188] [Actual: 7,674], 
[Row: 330] [Column: 2] [Expected: mglennan] [Actual: cchin], 
[Row: 330] [Column: 3] [Expected: Mike Glennan] [Actual: Chris Chin], 
[Row: 330] [Column: 5] [Expected: 200 Elm] [Actual: 51 Astor Place], 
[Row: 330] [Column: 6] [Expected: isttvcdsav2] [Actual: isttvcdsav1], 
[Row: 331] [Column: 1] [Expected: 3] [Actual: 1,188], 
[Row: 331] [Column: 2] [Expected: stevee] [Actual: mglennan], 
[Row: 331] [Column: 3] [Expected: Steve Evans] [Actual: Mike Glennan], 
[Row: 332] [Column: 1] [Expected: 5,848] [Actual: 3], 
[Row: 332] [Column: 2] [Expected: owatson] [Actual: stevee], 
[Row: 332] [Column: 3] [Expected: Ollie Watson] [Actual: Steve Evans], 
[Row: 332] [Column: 5] [Expected: 10 NBS] [Actual: 200 Elm], 
[Row: 333] [Column: 1] [Expected: 5,773] [Actual: 5,848], 
[Row: 333] [Column: 2] [Expected: slevin] [Actual: owatson], 
[Row: 333] [Column: 3] [Expected: Sergey Levin] [Actual: Ollie Watson], 
[Row: 333] [Column: 5] [Expected: 51 Astor Place] [Actual: 10 NBS], 
[Row: 334] [Column: 1] [Expected: 7,253] [Actual: 5,773], 
[Row: 334] [Column: 2] [Expected: acherner] [Actual: slevin], 
[Row: 334] [Column: 3] [Expected: Alex Cherner] [Actual: Sergey Levin], 
[Row: 335] [Column: 1] [Expected: 7,594] [Actual: 7,253], 
[Row: 335] [Column: 2] [Expected: vpaskhav] [Actual: acherner], 
[Row: 335] [Column: 3] [Expected: Victor Paskhaver] [Actual: Alex Cherner], 
[Row: 336] [Column: 1] [Expected: 7,674] [Actual: 7,594], 
[Row: 336] [Column: 2] [Expected: cchin] [Actual: vpaskhav], 
[Row: 336] [Column: 3] [Expected: Chris Chin] [Actual: Victor Paskhaver], 
[Row: 337] [Column: 1] [Expected: 1,188] [Actual: 7,674], 
[Row: 337] [Column: 2] [Expected: mglennan] [Actual: cchin], 
[Row: 337] [Column: 3] [Expected: Mike Glennan] [Actual: Chris Chin], 
[Row: 337] [Column: 5] [Expected: 200 Elm] [Actual: 51 Astor Place], 
[Row: 337] [Column: 6] [Expected: isttvcdxav5] [Actual: isttvcdsav2], 
[Row: 338] [Column: 1] [Expected: 3] [Actual: 1,188], 
[Row: 338] [Column: 2] [Expected: stevee] [Actual: mglennan], 
[Row: 338] [Column: 3] [Expected: Steve Evans] [Actual: Mike Glennan], 
[Row: 339] [Column: 1] [Expected: 5,848] [Actual: 3], 
[Row: 339] [Column: 2] [Expected: owatson] [Actual: stevee], 
[Row: 339] [Column: 3] [Expected: Ollie Watson] [Actual: Steve Evans], 
[Row: 339] [Column: 5] [Expected: 10 NBS] [Actual: 200 Elm], 
[Row: 340] [Column: 1] [Expected: 5,773] [Actual: 5,848], 
[Row: 340] [Column: 2] [Expected: slevin] [Actual: owatson], 
[Row: 340] [Column: 3] [Expected: Sergey Levin] [Actual: Ollie Watson], 
[Row: 340] [Column: 5] [Expected: 51 Astor Place] [Actual: 10 NBS], 
[Row: 341] [Column: 1] [Expected: 7,095] [Actual: 5,773], 
[Row: 341] [Column: 2] [Expected: asamuel] [Actual: slevin], 
[Row: 341] [Column: 3] [Expected: Alex Samuel] [Actual: Sergey Levin], 
[Row: 342] [Column: 1] [Expected: 7,253] [Actual: 7,095], 
[Row: 342] [Column: 2] [Expected: acherner] [Actual: asamuel], 
[Row: 342] [Column: 3] [Expected: Alex Cherner] [Actual: Alex Samuel], 
[Row: 343] [Column: 1] [Expected: 7,594] [Actual: 7,253], 
[Row: 343] [Column: 2] [Expected: vpaskhav] [Actual: acherner], 
[Row: 343] [Column: 3] [Expected: Victor Paskhaver] [Actual: Alex Cherner], 
[Row: 344] [Column: 1] [Expected: 7,536] [Actual: 7,594], 
[Row: 344] [Column: 2] [Expected: awestbro] [Actual: vpaskhav], 
[Row: 344] [Column: 3] [Expected: Andrew Westbrook] [Actual: Victor Paskhaver], 
[Row: 344] [Column: 4] [Expected: Front Office Technology] [Actual: Systems Trading], 
[Row: 345] [Column: 1] [Expected: 7,674] [Actual: 7,536], 
[Row: 345] [Column: 2] [Expected: cchin] [Actual: awestbro], 
[Row: 345] [Column: 3] [Expected: Chris Chin] [Actual: Andrew Westbrook], 
[Row: 345] [Column: 4] [Expected: Systems Trading] [Actual: Front Office Technology], 
[Row: 346] [Column: 1] [Expected: 1,188] [Actual: 7,674], 
[Row: 346] [Column: 2] [Expected: mglennan] [Actual: cchin], 
[Row: 346] [Column: 3] [Expected: Mike Glennan] [Actual: Chris Chin], 
[Row: 346] [Column: 5] [Expected: 200 Elm] [Actual: 51 Astor Place], 
[Row: 346] [Column: 6] [Expected: isttveqSLlev] [Actual: isttvcdxav5], 
[Row: 347] [Column: 1] [Expected: 3] [Actual: 1,188], 
[Row: 347] [Column: 2] [Expected: stevee] [Actual: mglennan], 
[Row: 347] [Column: 3] [Expected: Steve Evans] [Actual: Mike Glennan], 
[Row: 348] [Column: 1] [Expected: 5,848] [Actual: 3], 
[Row: 348] [Column: 2] [Expected: owatson] [Actual: stevee], 
[Row: 348] [Column: 3] [Expected: Ollie Watson] [Actual: Steve Evans], 
[Row: 348] [Column: 5] [Expected: 10 NBS] [Actual: 200 Elm], 
[Row: 349] [Column: 1] [Expected: 5,867] [Actual: 5,848], 
[Row: 349] [Column: 2] [Expected: dgenkin] [Actual: owatson], 
[Row: 349] [Column: 3] [Expected: Dmitriy Genkin] [Actual: Ollie Watson], 
[Row: 349] [Column: 5] [Expected: 51 Astor Place] [Actual: 10 NBS], 
[Row: 350] [Column: 1] [Expected: 5,864] [Actual: 5,867], 
[Row: 350] [Column: 2] [Expected: cvoekler] [Actual: dgenkin], 
[Row: 350] [Column: 3] [Expected: Christopher Voekler] [Actual: Dmitriy Genkin], 
[Row: 351] [Column: 1] [Expected: 5,773] [Actual: 5,864], 
[Row: 351] [Column: 2] [Expected: slevin] [Actual: cvoekler], 
[Row: 351] [Column: 3] [Expected: Sergey Levin] [Actual: Christopher Voekler], 
[Row: 352] [Column: 1] [Expected: 5,897] [Actual: 5,773], 
[Row: 352] [Column: 2] [Expected: aodinaye] [Actual: slevin], 
[Row: 352] [Column: 3] [Expected: Alex Odinayev] [Actual: Sergey Levin], 
[Row: 353] [Column: 1] [Expected: 5,992] [Actual: 5,897], 
[Row: 353] [Column: 2] [Expected: wchapman] [Actual: aodinaye], 
[Row: 353] [Column: 3] [Expected: William Chapman] [Actual: Alex Odinayev], 
[Row: 353] [Column: 5] [Expected: 10 NBS] [Actual: 51 Astor Place], 
[Row: 354] [Column: 1] [Expected: 6,193] [Actual: 5,992], 
[Row: 354] [Column: 2] [Expected: vzhukov] [Actual: wchapman], 
[Row: 354] [Column: 3] [Expected: Slava Zhukov] [Actual: William Chapman], 
[Row: 354] [Column: 5] [Expected: 51 Astor Place] [Actual: 10 NBS], 
[Row: 355] [Column: 1] [Expected: 6,878] [Actual: 6,193], 
[Row: 355] [Column: 2] [Expected: byuan] [Actual: vzhukov], 
[Row: 355] [Column: 3] [Expected: Bo Yuan] [Actual: Slava Zhukov], 
[Row: 356] [Column: 1] [Expected: 6,973] [Actual: 6,878], 
[Row: 356] [Column: 2] [Expected: crolvung] [Actual: byuan], 
[Row: 356] [Column: 3] [Expected: Christian Rolvung] [Actual: Bo Yuan], 
[Row: 356] [Column: 5] [Expected: Sydney] [Actual: 51 Astor Place], 
[Row: 357] [Column: 1] [Expected: 6,954] [Actual: 6,973], 
[Row: 357] [Column: 2] [Expected: kjohnsto] [Actual: crolvung], 
[Row: 357] [Column: 3] [Expected: Kyle Johnston] [Actual: Christian Rolvung], 
[Row: 357] [Column: 5] [Expected: 51 Astor Place] [Actual: Sydney], 
[Row: 358] [Column: 1] [Expected: 7,095] [Actual: 6,954], 
[Row: 358] [Column: 2] [Expected: asamuel] [Actual: kjohnsto], 
[Row: 358] [Column: 3] [Expected: Alex Samuel] [Actual: Kyle Johnston], 
[Row: 359] [Column: 1] [Expected: 7,307] [Actual: 7,095], 
[Row: 359] [Column: 2] [Expected: rcartwri] [Actual: asamuel], 
[Row: 359] [Column: 3] [Expected: Robert Cartwright] [Actual: Alex Samuel], 
[Row: 359] [Column: 5] [Expected: 10 NBS] [Actual: 51 Astor Place], 
[Row: 360] [Column: 1] [Expected: 7,171] [Actual: 7,307], 
[Row: 360] [Column: 2] [Expected: matwood] [Actual: rcartwri], 
[Row: 360] [Column: 3] [Expected: Matthew Atwood] [Actual: Robert Cartwright], 
[Row: 360] [Column: 5] [Expected: 51 Astor Place] [Actual: 10 NBS], 
[Row: 361] [Column: 1] [Expected: 7,440] [Actual: 7,171], 
[Row: 361] [Column: 2] [Expected: nfirth] [Actual: matwood], 
[Row: 361] [Column: 3] [Expected: Nick Firth] [Actual: Matthew Atwood], 
[Row: 361] [Column: 5] [Expected: 10 NBS] [Actual: 51 Astor Place], 
[Row: 362] [Column: 1] [Expected: 7,594] [Actual: 7,440], 
[Row: 362] [Column: 2] [Expected: vpaskhav] [Actual: nfirth], 
[Row: 362] [Column: 3] [Expected: Victor Paskhaver] [Actual: Nick Firth], 
[Row: 362] [Column: 5] [Expected: 51 Astor Place] [Actual: 10 NBS], 
[Row: 363] [Column: 1] [Expected: 7,423] [Actual: 7,594], 
[Row: 363] [Column: 2] [Expected: nlubchen] [Actual: vpaskhav], 
[Row: 363] [Column: 3] [Expected: Nazar Lubchenko] [Actual: Victor Paskhaver], 
[Row: 364] [Column: 1] [Expected: 7,505] [Actual: 7,423], 
[Row: 364] [Column: 2] [Expected: lsewell] [Actual: nlubchen], 
[Row: 364] [Column: 3] [Expected: Luke Sewell] [Actual: Nazar Lubchenko], 
[Row: 364] [Column: 5] [Expected: 10 NBS] [Actual: 51 Astor Place], 
[Row: 365] [Column: 1] [Expected: 7,639] [Actual: 7,505], 
[Row: 365] [Column: 2] [Expected: tbjorkmo] [Actual: lsewell], 
[Row: 365] [Column: 3] [Expected: Theo Bjorkmo] [Actual: Luke Sewell], 
[Row: 366] [Column: 1] [Expected: 7,745] [Actual: 7,639], 
[Row: 366] [Column: 2] [Expected: jtereshc] [Actual: tbjorkmo], 
[Row: 366] [Column: 3] [Expected: Julie Tereshchenko] [Actual: Theo Bjorkmo], 
[Row: 366] [Column: 5] [Expected: 51 Astor Place] [Actual: 10 NBS], 
[Row: 367] [Column: 1] [Expected: 7,536] [Actual: 7,745], 
[Row: 367] [Column: 2] [Expected: awestbro] [Actual: jtereshc], 
[Row: 367] [Column: 3] [Expected: Andrew Westbrook] [Actual: Julie Tereshchenko], 
[Row: 367] [Column: 4] [Expected: Front Office Technology] [Actual: Systems Trading], 
[Row: 368] [Column: 1] [Expected: 7,708] [Actual: 7,536], 
[Row: 368] [Column: 2] [Expected: elim] [Actual: awestbro], 
[Row: 368] [Column: 3] [Expected: Edward Lim] [Actual: Andrew Westbrook], 
[Row: 368] [Column: 4] [Expected: Systems Trading] [Actual: Front Office Technology], 
[Row: 368] [Column: 5] [Expected: 10 NBS] [Actual: 51 Astor Place], 
[Row: 369] [Column: 1] [Expected: 7,692] [Actual: 7,708], 
[Row: 369] [Column: 2] [Expected: oharrima] [Actual: elim], 
[Row: 369] [Column: 3] [Expected: Oliver Harriman] [Actual: Edward Lim], 
[Row: 370] [Column: 1] [Expected: 7,726] [Actual: 7,692], 
[Row: 370] [Column: 2] [Expected: ishpak] [Actual: oharrima], 
[Row: 370] [Column: 3] [Expected: Iuliia Shpak] [Actual: Oliver Harriman], 
[Row: 371] [Column: 1] [Expected: 1,188] [Actual: 7,726], 
[Row: 371] [Column: 2] [Expected: mglennan] [Actual: ishpak], 
[Row: 371] [Column: 3] [Expected: Mike Glennan] [Actual: Iuliia Shpak], 
[Row: 371] [Column: 5] [Expected: 200 Elm] [Actual: 10 NBS], 
[Row: 371] [Column: 6] [Expected: isttveqasasd1] [Actual: isttveqSLlev], 
[Row: 372] [Column: 1] [Expected: 3] [Actual: 1,188], 
[Row: 372] [Column: 2] [Expected: stevee] [Actual: mglennan], 
[Row: 372] [Column: 3] [Expected: Steve Evans] [Actual: Mike Glennan], 
[Row: 373] [Column: 1] [Expected: 5,848] [Actual: 3], 
[Row: 373] [Column: 2] [Expected: owatson] [Actual: stevee], 
[Row: 373] [Column: 3] [Expected: Ollie Watson] [Actual: Steve Evans], 
[Row: 373] [Column: 5] [Expected: 10 NBS] [Actual: 200 Elm], 
[Row: 374] [Column: 1] [Expected: 5,867] [Actual: 5,848], 
[Row: 374] [Column: 2] [Expected: dgenkin] [Actual: owatson], 
[Row: 374] [Column: 3] [Expected: Dmitriy Genkin] [Actual: Ollie Watson], 
[Row: 374] [Column: 5] [Expected: 51 Astor Place] [Actual: 10 NBS], 
[Row: 375] [Column: 1] [Expected: 5,864] [Actual: 5,867], 
[Row: 375] [Column: 2] [Expected: cvoekler] [Actual: dgenkin], 
[Row: 375] [Column: 3] [Expected: Christopher Voekler] [Actual: Dmitriy Genkin], 
[Row: 376] [Column: 1] [Expected: 5,773] [Actual: 5,864], 
[Row: 376] [Column: 2] [Expected: slevin] [Actual: cvoekler], 
[Row: 376] [Column: 3] [Expected: Sergey Levin] [Actual: Christopher Voekler], 
[Row: 377] [Column: 1] [Expected: 5,897] [Actual: 5,773], 
[Row: 377] [Column: 2] [Expected: aodinaye] [Actual: slevin], 
[Row: 377] [Column: 3] [Expected: Alex Odinayev] [Actual: Sergey Levin], 
[Row: 378] [Column: 1] [Expected: 5,992] [Actual: 5,897], 
[Row: 378] [Column: 2] [Expected: wchapman] [Actual: aodinaye], 
[Row: 378] [Column: 3] [Expected: William Chapman] [Actual: Alex Odinayev], 
[Row: 378] [Column: 5] [Expected: 10 NBS] [Actual: 51 Astor Place], 
[Row: 379] [Column: 1] [Expected: 6,193] [Actual: 5,992], 
[Row: 379] [Column: 2] [Expected: vzhukov] [Actual: wchapman], 
[Row: 379] [Column: 3] [Expected: Slava Zhukov] [Actual: William Chapman], 
[Row: 379] [Column: 5] [Expected: 51 Astor Place] [Actual: 10 NBS], 
[Row: 380] [Column: 1] [Expected: 6,878] [Actual: 6,193], 
[Row: 380] [Column: 2] [Expected: byuan] [Actual: vzhukov], 
[Row: 380] [Column: 3] [Expected: Bo Yuan] [Actual: Slava Zhukov], 
[Row: 381] [Column: 1] [Expected: 6,973] [Actual: 6,878], 
[Row: 381] [Column: 2] [Expected: crolvung] [Actual: byuan], 
[Row: 381] [Column: 3] [Expected: Christian Rolvung] [Actual: Bo Yuan], 
[Row: 381] [Column: 5] [Expected: Sydney] [Actual: 51 Astor Place], 
[Row: 382] [Column: 1] [Expected: 6,954] [Actual: 6,973], 
[Row: 382] [Column: 2] [Expected: kjohnsto] [Actual: crolvung], 
[Row: 382] [Column: 3] [Expected: Kyle Johnston] [Actual: Christian Rolvung], 
[Row: 382] [Column: 5] [Expected: 51 Astor Place] [Actual: Sydney], 
[Row: 383] [Column: 1] [Expected: 7,095] [Actual: 6,954], 
[Row: 383] [Column: 2] [Expected: asamuel] [Actual: kjohnsto], 
[Row: 383] [Column: 3] [Expected: Alex Samuel] [Actual: Kyle Johnston], 
[Row: 384] [Column: 1] [Expected: 7,252] [Actual: 7,095], 
[Row: 384] [Column: 2] [Expected: ddini] [Actual: asamuel], 
[Row: 384] [Column: 3] [Expected: Dahir Dini] [Actual: Alex Samuel], 
[Row: 384] [Column: 5] [Expected: 10 NBS] [Actual: 51 Astor Place], 
[Row: 385] [Column: 1] [Expected: 7,306] [Actual: 7,252], 
[Row: 385] [Column: 2] [Expected: wdorsey] [Actual: ddini], 
[Row: 385] [Column: 3] [Expected: William Dorsey] [Actual: Dahir Dini], 
[Row: 386] [Column: 1] [Expected: 7,307] [Actual: 7,306], 
[Row: 386] [Column: 2] [Expected: rcartwri] [Actual: wdorsey], 
[Row: 386] [Column: 3] [Expected: Robert Cartwright] [Actual: William Dorsey], 
[Row: 387] [Column: 1] [Expected: 7,171] [Actual: 7,307], 
[Row: 387] [Column: 2] [Expected: matwood] [Actual: rcartwri], 
[Row: 387] [Column: 3] [Expected: Matthew Atwood] [Actual: Robert Cartwright], 
[Row: 387] [Column: 5] [Expected: 51 Astor Place] [Actual: 10 NBS], 
[Row: 388] [Column: 1] [Expected: 7,426] [Actual: 7,171], 
[Row: 388] [Column: 2] [Expected: fparisi] [Actual: matwood], 
[Row: 388] [Column: 3] [Expected: Fabio Parisi] [Actual: Matthew Atwood], 
[Row: 388] [Column: 5] [Expected: 10 NBS] [Actual: 51 Astor Place], 
[Row: 389] [Column: 1] [Expected: 7,440] [Actual: 7,426], 
[Row: 389] [Column: 2] [Expected: nfirth] [Actual: fparisi], 
[Row: 389] [Column: 3] [Expected: Nick Firth] [Actual: Fabio Parisi], 
[Row: 390] [Column: 1] [Expected: 7,594] [Actual: 7,440], 
[Row: 390] [Column: 2] [Expected: vpaskhav] [Actual: nfirth], 
[Row: 390] [Column: 3] [Expected: Victor Paskhaver] [Actual: Nick Firth], 
[Row: 390] [Column: 5] [Expected: 51 Astor Place] [Actual: 10 NBS], 
[Row: 391] [Column: 1] [Expected: 7,423] [Actual: 7,594], 
[Row: 391] [Column: 2] [Expected: nlubchen] [Actual: vpaskhav], 
[Row: 391] [Column: 3] [Expected: Nazar Lubchenko] [Actual: Victor Paskhaver], 
[Row: 392] [Column: 1] [Expected: 7,505] [Actual: 7,423], 
[Row: 392] [Column: 2] [Expected: lsewell] [Actual: nlubchen], 
[Row: 392] [Column: 3] [Expected: Luke Sewell] [Actual: Nazar Lubchenko], 
[Row: 392] [Column: 5] [Expected: 10 NBS] [Actual: 51 Astor Place], 
[Row: 393] [Column: 1] [Expected: 7,639] [Actual: 7,505], 
[Row: 393] [Column: 2] [Expected: tbjorkmo] [Actual: lsewell], 
[Row: 393] [Column: 3] [Expected: Theo Bjorkmo] [Actual: Luke Sewell], 
[Row: 394] [Column: 1] [Expected: 7,693] [Actual: 7,639], 
[Row: 394] [Column: 2] [Expected: jng] [Actual: tbjorkmo], 
[Row: 394] [Column: 3] [Expected: Junwei Ng] [Actual: Theo Bjorkmo], 
[Row: 394] [Column: 5] [Expected: Singapore] [Actual: 10 NBS], 
[Row: 395] [Column: 1] [Expected: 7,745] [Actual: 7,693], 
[Row: 395] [Column: 2] [Expected: jtereshc] [Actual: jng], 
[Row: 395] [Column: 3] [Expected: Julie Tereshchenko] [Actual: Junwei Ng], 
[Row: 395] [Column: 5] [Expected: 51 Astor Place] [Actual: Singapore], 
[Row: 396] [Column: 1] [Expected: 7,536] [Actual: 7,745], 
[Row: 396] [Column: 2] [Expected: awestbro] [Actual: jtereshc], 
[Row: 396] [Column: 3] [Expected: Andrew Westbrook] [Actual: Julie Tereshchenko], 
[Row: 396] [Column: 4] [Expected: Front Office Technology] [Actual: Systems Trading], 
[Row: 397] [Column: 1] [Expected: 7,708] [Actual: 7,536], 
[Row: 397] [Column: 2] [Expected: elim] [Actual: awestbro], 
[Row: 397] [Column: 3] [Expected: Edward Lim] [Actual: Andrew Westbrook], 
[Row: 397] [Column: 4] [Expected: Systems Trading] [Actual: Front Office Technology], 
[Row: 397] [Column: 5] [Expected: 10 NBS] [Actual: 51 Astor Place], 
[Row: 398] [Column: 1] [Expected: 7,692] [Actual: 7,708], 
[Row: 398] [Column: 2] [Expected: oharrima] [Actual: elim], 
[Row: 398] [Column: 3] [Expected: Oliver Harriman] [Actual: Edward Lim], 
[Row: 399] [Column: 1] [Expected: 7,726] [Actual: 7,692], 
[Row: 399] [Column: 2] [Expected: ishpak] [Actual: oharrima], 
[Row: 399] [Column: 3] [Expected: Iuliia Shpak] [Actual: Oliver Harriman], 
[Row: 400] [Column: 1] [Expected: 7,838] [Actual: 7,726], 
[Row: 400] [Column: 2] [Expected: nheuer] [Actual: ishpak], 
[Row: 400] [Column: 3] [Expected: Nicolaus Heuer] [Actual: Iuliia Shpak], 
[Row: 401] [Column: 1] [Expected: 7,834] [Actual: 7,838], 
[Row: 401] [Column: 2] [Expected: vstazhyn] [Actual: nheuer], 
[Row: 401] [Column: 3] [Expected: Vlad Stazhynski] [Actual: Nicolaus Heuer], 
[Row: 402] [Column: 1] [Expected: 1,188] [Actual: 7,834], 
[Row: 402] [Column: 2] [Expected: mglennan] [Actual: vstazhyn], 
[Row: 402] [Column: 3] [Expected: Mike Glennan] [Actual: Vlad Stazhynski], 
[Row: 402] [Column: 5] [Expected: 200 Elm] [Actual: 10 NBS], 
[Row: 402] [Column: 6] [Expected: isttveqeuasd1] [Actual: isttveqasasd1], 
[Row: 403] [Column: 1] [Expected: 3] [Actual: 1,188], 
[Row: 403] [Column: 2] [Expected: stevee] [Actual: mglennan], 
[Row: 403] [Column: 3] [Expected: Steve Evans] [Actual: Mike Glennan], 
[Row: 404] [Column: 1] [Expected: 5,848] [Actual: 3], 
[Row: 404] [Column: 2] [Expected: owatson] [Actual: stevee], 
[Row: 404] [Column: 3] [Expected: Ollie Watson] [Actual: Steve Evans], 
[Row: 404] [Column: 5] [Expected: 10 NBS] [Actual: 200 Elm], 
[Row: 405] [Column: 1] [Expected: 5,867] [Actual: 5,848], 
[Row: 405] [Column: 2] [Expected: dgenkin] [Actual: owatson], 
[Row: 405] [Column: 3] [Expected: Dmitriy Genkin] [Actual: Ollie Watson], 
[Row: 405] [Column: 5] [Expected: 51 Astor Place] [Actual: 10 NBS], 
[Row: 406] [Column: 1] [Expected: 5,864] [Actual: 5,867], 
[Row: 406] [Column: 2] [Expected: cvoekler] [Actual: dgenkin], 
[Row: 406] [Column: 3] [Expected: Christopher Voekler] [Actual: Dmitriy Genkin], 
[Row: 407] [Column: 1] [Expected: 5,773] [Actual: 5,864], 
[Row: 407] [Column: 2] [Expected: slevin] [Actual: cvoekler], 
[Row: 407] [Column: 3] [Expected: Sergey Levin] [Actual: Christopher Voekler], 
[Row: 408] [Column: 1] [Expected: 5,897] [Actual: 5,773], 
[Row: 408] [Column: 2] [Expected: aodinaye] [Actual: slevin], 
[Row: 408] [Column: 3] [Expected: Alex Odinayev] [Actual: Sergey Levin], 
[Row: 409] [Column: 1] [Expected: 5,992] [Actual: 5,897], 
[Row: 409] [Column: 2] [Expected: wchapman] [Actual: aodinaye], 
[Row: 409] [Column: 3] [Expected: William Chapman] [Actual: Alex Odinayev], 
[Row: 409] [Column: 5] [Expected: 10 NBS] [Actual: 51 Astor Place], 
[Row: 410] [Column: 1] [Expected: 6,193] [Actual: 5,992], 
[Row: 410] [Column: 2] [Expected: vzhukov] [Actual: wchapman], 
[Row: 410] [Column: 3] [Expected: Slava Zhukov] [Actual: William Chapman], 
[Row: 410] [Column: 5] [Expected: 51 Astor Place] [Actual: 10 NBS], 
[Row: 411] [Column: 1] [Expected: 6,878] [Actual: 6,193], 
[Row: 411] [Column: 2] [Expected: byuan] [Actual: vzhukov], 
[Row: 411] [Column: 3] [Expected: Bo Yuan] [Actual: Slava Zhukov], 
[Row: 412] [Column: 1] [Expected: 6,973] [Actual: 6,878], 
[Row: 412] [Column: 2] [Expected: crolvung] [Actual: byuan], 
[Row: 412] [Column: 3] [Expected: Christian Rolvung] [Actual: Bo Yuan], 
[Row: 412] [Column: 5] [Expected: Sydney] [Actual: 51 Astor Place], 
[Row: 413] [Column: 1] [Expected: 6,954] [Actual: 6,973], 
[Row: 413] [Column: 2] [Expected: kjohnsto] [Actual: crolvung], 
[Row: 413] [Column: 3] [Expected: Kyle Johnston] [Actual: Christian Rolvung], 
[Row: 413] [Column: 5] [Expected: 51 Astor Place] [Actual: Sydney], 
[Row: 414] [Column: 1] [Expected: 7,095] [Actual: 6,954], 
[Row: 414] [Column: 2] [Expected: asamuel] [Actual: kjohnsto], 
[Row: 414] [Column: 3] [Expected: Alex Samuel] [Actual: Kyle Johnston], 
[Row: 415] [Column: 1] [Expected: 7,252] [Actual: 7,095], 
[Row: 415] [Column: 2] [Expected: ddini] [Actual: asamuel], 
[Row: 415] [Column: 3] [Expected: Dahir Dini] [Actual: Alex Samuel], 
[Row: 415] [Column: 5] [Expected: 10 NBS] [Actual: 51 Astor Place], 
[Row: 416] [Column: 1] [Expected: 7,306] [Actual: 7,252], 
[Row: 416] [Column: 2] [Expected: wdorsey] [Actual: ddini], 
[Row: 416] [Column: 3] [Expected: William Dorsey] [Actual: Dahir Dini], 
[Row: 417] [Column: 1] [Expected: 7,307] [Actual: 7,306], 
[Row: 417] [Column: 2] [Expected: rcartwri] [Actual: wdorsey], 
[Row: 417] [Column: 3] [Expected: Robert Cartwright] [Actual: William Dorsey], 
[Row: 418] [Column: 1] [Expected: 7,171] [Actual: 7,307], 
[Row: 418] [Column: 2] [Expected: matwood] [Actual: rcartwri], 
[Row: 418] [Column: 3] [Expected: Matthew Atwood] [Actual: Robert Cartwright], 
[Row: 418] [Column: 5] [Expected: 51 Astor Place] [Actual: 10 NBS], 
[Row: 419] [Column: 1] [Expected: 7,426] [Actual: 7,171], 
[Row: 419] [Column: 2] [Expected: fparisi] [Actual: matwood], 
[Row: 419] [Column: 3] [Expected: Fabio Parisi] [Actual: Matthew Atwood], 
[Row: 419] [Column: 5] [Expected: 10 NBS] [Actual: 51 Astor Place], 
[Row: 420] [Column: 1] [Expected: 7,440] [Actual: 7,426], 
[Row: 420] [Column: 2] [Expected: nfirth] [Actual: fparisi], 
[Row: 420] [Column: 3] [Expected: Nick Firth] [Actual: Fabio Parisi], 
[Row: 421] [Column: 1] [Expected: 7,594] [Actual: 7,440], 
[Row: 421] [Column: 2] [Expected: vpaskhav] [Actual: nfirth], 
[Row: 421] [Column: 3] [Expected: Victor Paskhaver] [Actual: Nick Firth], 
[Row: 421] [Column: 5] [Expected: 51 Astor Place] [Actual: 10 NBS], 
[Row: 422] [Column: 1] [Expected: 7,423] [Actual: 7,594], 
[Row: 422] [Column: 2] [Expected: nlubchen] [Actual: vpaskhav], 
[Row: 422] [Column: 3] [Expected: Nazar Lubchenko] [Actual: Victor Paskhaver], 
[Row: 423] [Column: 1] [Expected: 7,505] [Actual: 7,423], 
[Row: 423] [Column: 2] [Expected: lsewell] [Actual: nlubchen], 
[Row: 423] [Column: 3] [Expected: Luke Sewell] [Actual: Nazar Lubchenko], 
[Row: 423] [Column: 5] [Expected: 10 NBS] [Actual: 51 Astor Place], 
[Row: 424] [Column: 1] [Expected: 7,639] [Actual: 7,505], 
[Row: 424] [Column: 2] [Expected: tbjorkmo] [Actual: lsewell], 
[Row: 424] [Column: 3] [Expected: Theo Bjorkmo] [Actual: Luke Sewell], 
[Row: 425] [Column: 1] [Expected: 7,693] [Actual: 7,639], 
[Row: 425] [Column: 2] [Expected: jng] [Actual: tbjorkmo], 
[Row: 425] [Column: 3] [Expected: Junwei Ng] [Actual: Theo Bjorkmo], 
[Row: 425] [Column: 5] [Expected: Singapore] [Actual: 10 NBS], 
[Row: 426] [Column: 1] [Expected: 7,745] [Actual: 7,693], 
[Row: 426] [Column: 2] [Expected: jtereshc] [Actual: jng], 
[Row: 426] [Column: 3] [Expected: Julie Tereshchenko] [Actual: Junwei Ng], 
[Row: 426] [Column: 5] [Expected: 51 Astor Place] [Actual: Singapore], 
[Row: 427] [Column: 1] [Expected: 7,536] [Actual: 7,745], 
[Row: 427] [Column: 2] [Expected: awestbro] [Actual: jtereshc], 
[Row: 427] [Column: 3] [Expected: Andrew Westbrook] [Actual: Julie Tereshchenko], 
[Row: 427] [Column: 4] [Expected: Front Office Technology] [Actual: Systems Trading], 
[Row: 428] [Column: 1] [Expected: 7,708] [Actual: 7,536], 
[Row: 428] [Column: 2] [Expected: elim] [Actual: awestbro], 
[Row: 428] [Column: 3] [Expected: Edward Lim] [Actual: Andrew Westbrook], 
[Row: 428] [Column: 4] [Expected: Systems Trading] [Actual: Front Office Technology], 
[Row: 428] [Column: 5] [Expected: 10 NBS] [Actual: 51 Astor Place], 
[Row: 429] [Column: 1] [Expected: 7,692] [Actual: 7,708], 
[Row: 429] [Column: 2] [Expected: oharrima] [Actual: elim], 
[Row: 429] [Column: 3] [Expected: Oliver Harriman] [Actual: Edward Lim], 
[Row: 430] [Column: 1] [Expected: 7,726] [Actual: 7,692], 
[Row: 430] [Column: 2] [Expected: ishpak] [Actual: oharrima], 
[Row: 430] [Column: 3] [Expected: Iuliia Shpak] [Actual: Oliver Harriman], 
[Row: 431] [Column: 1] [Expected: 7,838] [Actual: 7,726], 
[Row: 431] [Column: 2] [Expected: nheuer] [Actual: ishpak], 
[Row: 431] [Column: 3] [Expected: Nicolaus Heuer] [Actual: Iuliia Shpak], 
[Row: 432] [Column: 1] [Expected: 7,834] [Actual: 7,838], 
[Row: 432] [Column: 2] [Expected: vstazhyn] [Actual: nheuer], 
[Row: 432] [Column: 3] [Expected: Vlad Stazhynski] [Actual: Nicolaus Heuer], 
[Row: 433] [Column: 1] [Expected: 1,188] [Actual: 7,834], 
[Row: 433] [Column: 2] [Expected: mglennan] [Actual: vstazhyn], 
[Row: 433] [Column: 3] [Expected: Mike Glennan] [Actual: Vlad Stazhynski], 
[Row: 433] [Column: 5] [Expected: 200 Elm] [Actual: 10 NBS], 
[Row: 433] [Column: 6] [Expected: isttvequsasd1] [Actual: isttveqeuasd1], 
[Row: 434] [Column: 1] [Expected: 3] [Actual: 1,188], 
[Row: 434] [Column: 2] [Expected: stevee] [Actual: mglennan], 
[Row: 434] [Column: 3] [Expected: Steve Evans] [Actual: Mike Glennan], 
[Row: 435] [Column: 1] [Expected: 5,848] [Actual: 3], 
[Row: 435] [Column: 2] [Expected: owatson] [Actual: stevee], 
[Row: 435] [Column: 3] [Expected: Ollie Watson] [Actual: Steve Evans], 
[Row: 435] [Column: 5] [Expected: 10 NBS] [Actual: 200 Elm], 
[Row: 436] [Column: 1] [Expected: 5,867] [Actual: 5,848], 
[Row: 436] [Column: 2] [Expected: dgenkin] [Actual: owatson], 
[Row: 436] [Column: 3] [Expected: Dmitriy Genkin] [Actual: Ollie Watson], 
[Row: 436] [Column: 5] [Expected: 51 Astor Place] [Actual: 10 NBS], 
[Row: 437] [Column: 1] [Expected: 5,864] [Actual: 5,867], 
[Row: 437] [Column: 2] [Expected: cvoekler] [Actual: dgenkin], 
[Row: 437] [Column: 3] [Expected: Christopher Voekler] [Actual: Dmitriy Genkin], 
[Row: 438] [Column: 1] [Expected: 5,773] [Actual: 5,864], 
[Row: 438] [Column: 2] [Expected: slevin] [Actual: cvoekler], 
[Row: 438] [Column: 3] [Expected: Sergey Levin] [Actual: Christopher Voekler], 
[Row: 439] [Column: 1] [Expected: 5,897] [Actual: 5,773], 
[Row: 439] [Column: 2] [Expected: aodinaye] [Actual: slevin], 
[Row: 439] [Column: 3] [Expected: Alex Odinayev] [Actual: Sergey Levin], 
[Row: 440] [Column: 1] [Expected: 5,992] [Actual: 5,897], 
[Row: 440] [Column: 2] [Expected: wchapman] [Actual: aodinaye], 
[Row: 440] [Column: 3] [Expected: William Chapman] [Actual: Alex Odinayev], 
[Row: 440] [Column: 5] [Expected: 10 NBS] [Actual: 51 Astor Place], 
[Row: 441] [Column: 1] [Expected: 6,193] [Actual: 5,992], 
[Row: 441] [Column: 2] [Expected: vzhukov] [Actual: wchapman], 
[Row: 441] [Column: 3] [Expected: Slava Zhukov] [Actual: William Chapman], 
[Row: 441] [Column: 5] [Expected: 51 Astor Place] [Actual: 10 NBS], 
[Row: 442] [Column: 1] [Expected: 6,878] [Actual: 6,193], 
[Row: 442] [Column: 2] [Expected: byuan] [Actual: vzhukov], 
[Row: 442] [Column: 3] [Expected: Bo Yuan] [Actual: Slava Zhukov], 
[Row: 443] [Column: 1] [Expected: 6,973] [Actual: 6,878], 
[Row: 443] [Column: 2] [Expected: crolvung] [Actual: byuan], 
[Row: 443] [Column: 3] [Expected: Christian Rolvung] [Actual: Bo Yuan], 
[Row: 443] [Column: 5] [Expected: Sydney] [Actual: 51 Astor Place], 
[Row: 444] [Column: 1] [Expected: 6,954] [Actual: 6,973], 
[Row: 444] [Column: 2] [Expected: kjohnsto] [Actual: crolvung], 
[Row: 444] [Column: 3] [Expected: Kyle Johnston] [Actual: Christian Rolvung], 
[Row: 444] [Column: 5] [Expected: 51 Astor Place] [Actual: Sydney], 
[Row: 445] [Column: 1] [Expected: 7,095] [Actual: 6,954], 
[Row: 445] [Column: 2] [Expected: asamuel] [Actual: kjohnsto], 
[Row: 445] [Column: 3] [Expected: Alex Samuel] [Actual: Kyle Johnston], 
[Row: 446] [Column: 1] [Expected: 7,252] [Actual: 7,095], 
[Row: 446] [Column: 2] [Expected: ddini] [Actual: asamuel], 
[Row: 446] [Column: 3] [Expected: Dahir Dini] [Actual: Alex Samuel], 
[Row: 446] [Column: 5] [Expected: 10 NBS] [Actual: 51 Astor Place], 
[Row: 447] [Column: 1] [Expected: 7,306] [Actual: 7,252], 
[Row: 447] [Column: 2] [Expected: wdorsey] [Actual: ddini], 
[Row: 447] [Column: 3] [Expected: William Dorsey] [Actual: Dahir Dini], 
[Row: 448] [Column: 1] [Expected: 7,307] [Actual: 7,306], 
[Row: 448] [Column: 2] [Expected: rcartwri] [Actual: wdorsey], 
[Row: 448] [Column: 3] [Expected: Robert Cartwright] [Actual: William Dorsey], 
[Row: 449] [Column: 1] [Expected: 7,171] [Actual: 7,307], 
[Row: 449] [Column: 2] [Expected: matwood] [Actual: rcartwri], 
[Row: 449] [Column: 3] [Expected: Matthew Atwood] [Actual: Robert Cartwright], 
[Row: 449] [Column: 5] [Expected: 51 Astor Place] [Actual: 10 NBS], 
[Row: 450] [Column: 1] [Expected: 7,426] [Actual: 7,171], 
[Row: 450] [Column: 2] [Expected: fparisi] [Actual: matwood], 
[Row: 450] [Column: 3] [Expected: Fabio Parisi] [Actual: Matthew Atwood], 
[Row: 450] [Column: 5] [Expected: 10 NBS] [Actual: 51 Astor Place], 
[Row: 451] [Column: 1] [Expected: 7,440] [Actual: 7,426], 
[Row: 451] [Column: 2] [Expected: nfirth] [Actual: fparisi], 
[Row: 451] [Column: 3] [Expected: Nick Firth] [Actual: Fabio Parisi], 
[Row: 452] [Column: 1] [Expected: 7,594] [Actual: 7,440], 
[Row: 452] [Column: 2] [Expected: vpaskhav] [Actual: nfirth], 
[Row: 452] [Column: 3] [Expected: Victor Paskhaver] [Actual: Nick Firth], 
[Row: 452] [Column: 5] [Expected: 51 Astor Place] [Actual: 10 NBS], 
[Row: 453] [Column: 1] [Expected: 7,423] [Actual: 7,594], 
[Row: 453] [Column: 2] [Expected: nlubchen] [Actual: vpaskhav], 
[Row: 453] [Column: 3] [Expected: Nazar Lubchenko] [Actual: Victor Paskhaver], 
[Row: 454] [Column: 1] [Expected: 7,505] [Actual: 7,423], 
[Row: 454] [Column: 2] [Expected: lsewell] [Actual: nlubchen], 
[Row: 454] [Column: 3] [Expected: Luke Sewell] [Actual: Nazar Lubchenko], 
[Row: 454] [Column: 5] [Expected: 10 NBS] [Actual: 51 Astor Place], 
[Row: 455] [Column: 1] [Expected: 7,639] [Actual: 7,505], 
[Row: 455] [Column: 2] [Expected: tbjorkmo] [Actual: lsewell], 
[Row: 455] [Column: 3] [Expected: Theo Bjorkmo] [Actual: Luke Sewell], 
[Row: 456] [Column: 1] [Expected: 7,693] [Actual: 7,639], 
[Row: 456] [Column: 2] [Expected: jng] [Actual: tbjorkmo], 
[Row: 456] [Column: 3] [Expected: Junwei Ng] [Actual: Theo Bjorkmo], 
[Row: 456] [Column: 5] [Expected: Singapore] [Actual: 10 NBS], 
[Row: 457] [Column: 1] [Expected: 7,745] [Actual: 7,693], 
[Row: 457] [Column: 2] [Expected: jtereshc] [Actual: jng], 
[Row: 457] [Column: 3] [Expected: Julie Tereshchenko] [Actual: Junwei Ng], 
[Row: 457] [Column: 5] [Expected: 51 Astor Place] [Actual: Singapore], 
[Row: 458] [Column: 1] [Expected: 7,536] [Actual: 7,745], 
[Row: 458] [Column: 2] [Expected: awestbro] [Actual: jtereshc], 
[Row: 458] [Column: 3] [Expected: Andrew Westbrook] [Actual: Julie Tereshchenko], 
[Row: 458] [Column: 4] [Expected: Front Office Technology] [Actual: Systems Trading], 
[Row: 459] [Column: 1] [Expected: 7,784] [Actual: 7,536], 
[Row: 459] [Column: 2] [Expected: ldeleo] [Actual: awestbro], 
[Row: 459] [Column: 3] [Expected: Lorenzo De Leo] [Actual: Andrew Westbrook], 
[Row: 459] [Column: 4] [Expected: Systems Trading] [Actual: Front Office Technology], 
[Row: 459] [Column: 5] [Expected: France] [Actual: 51 Astor Place], 
[Row: 460] [Column: 1] [Expected: 7,708] [Actual: 7,784], 
[Row: 460] [Column: 2] [Expected: elim] [Actual: ldeleo], 
[Row: 460] [Column: 3] [Expected: Edward Lim] [Actual: Lorenzo De Leo], 
[Row: 460] [Column: 5] [Expected: 10 NBS] [Actual: France], 
[Row: 461] [Column: 1] [Expected: 7,692] [Actual: 7,708], 
[Row: 461] [Column: 2] [Expected: oharrima] [Actual: elim], 
[Row: 461] [Column: 3] [Expected: Oliver Harriman] [Actual: Edward Lim], 
[Row: 462] [Column: 1] [Expected: 7,726] [Actual: 7,692], 
[Row: 462] [Column: 2] [Expected: ishpak] [Actual: oharrima], 
[Row: 462] [Column: 3] [Expected: Iuliia Shpak] [Actual: Oliver Harriman], 
[Row: 463] [Column: 1] [Expected: 7,838] [Actual: 7,726], 
[Row: 463] [Column: 2] [Expected: nheuer] [Actual: ishpak], 
[Row: 463] [Column: 3] [Expected: Nicolaus Heuer] [Actual: Iuliia Shpak], 
[Row: 464] [Column: 1] [Expected: 7,834] [Actual: 7,838], 
[Row: 464] [Column: 2] [Expected: vstazhyn] [Actual: nheuer], 
[Row: 464] [Column: 3] [Expected: Vlad Stazhynski] [Actual: Nicolaus Heuer], 
[Row: 465] [Column: 1] [Expected: 1,188] [Actual: 7,834], 
[Row: 465] [Column: 2] [Expected: mglennan] [Actual: vstazhyn], 
[Row: 465] [Column: 3] [Expected: Mike Glennan] [Actual: Vlad Stazhynski], 
[Row: 465] [Column: 5] [Expected: 200 Elm] [Actual: 10 NBS], 
[Row: 465] [Column: 6] [Expected: isttvequstw1] [Actual: isttvequsasd1], 
[Row: 466] [Column: 1] [Expected: 3] [Actual: 1,188], 
[Row: 466] [Column: 2] [Expected: stevee] [Actual: mglennan], 
[Row: 466] [Column: 3] [Expected: Steve Evans] [Actual: Mike Glennan], 
[Row: 467] [Column: 1] [Expected: 5,545] [Actual: 3], 
[Row: 467] [Column: 2] [Expected: twynter] [Actual: stevee], 
[Row: 467] [Column: 3] [Expected: Tom Wynter] [Actual: Steve Evans], 
[Row: 468] [Column: 1] [Expected: 6,924] [Actual: 5,545], 
[Row: 468] [Column: 2] [Expected: fye] [Actual: twynter], 
[Row: 468] [Column: 3] [Expected: Fei Ye] [Actual: Tom Wynter], 
[Row: 469] [Column: 1] [Expected: 6,894] [Actual: 6,924], 
[Row: 469] [Column: 2] [Expected: rtoghrae] [Actual: fye], 
[Row: 469] [Column: 3] [Expected: Reza Toghraee] [Actual: Fei Ye], 
[Row: 470] [Column: 1] [Expected: 7,830] [Actual: 6,894], 
[Row: 470] [Column: 2] [Expected: jcasbon] [Actual: rtoghrae], 
[Row: 470] [Column: 3] [Expected: James Casbon] [Actual: Reza Toghraee], 
[Row: 470] [Column: 5] [Expected: 10 NBS] [Actual: 200 Elm], 
[Row: 471] [Column: 1] [Expected: 1,188] [Actual: 7,830], 
[Row: 471] [Column: 2] [Expected: mglennan] [Actual: jcasbon], 
[Row: 471] [Column: 3] [Expected: Mike Glennan] [Actual: James Casbon], 
[Row: 471] [Column: 5] [Expected: 200 Elm] [Actual: 10 NBS], 
[Row: 471] [Column: 6] [Expected: isttvfxasd1] [Actual: isttvequstw1], 
[Row: 472] [Column: 1] [Expected: 3] [Actual: 1,188], 
[Row: 472] [Column: 2] [Expected: stevee] [Actual: mglennan], 
[Row: 472] [Column: 3] [Expected: Steve Evans] [Actual: Mike Glennan], 
[Row: 473] [Column: 1] [Expected: 5,848] [Actual: 3], 
[Row: 473] [Column: 2] [Expected: owatson] [Actual: stevee], 
[Row: 473] [Column: 3] [Expected: Ollie Watson] [Actual: Steve Evans], 
[Row: 473] [Column: 5] [Expected: 10 NBS] [Actual: 200 Elm], 
[Row: 474] [Column: 1] [Expected: 5,867] [Actual: 5,848], 
[Row: 474] [Column: 2] [Expected: dgenkin] [Actual: owatson], 
[Row: 474] [Column: 3] [Expected: Dmitriy Genkin] [Actual: Ollie Watson], 
[Row: 474] [Column: 5] [Expected: 51 Astor Place] [Actual: 10 NBS], 
[Row: 475] [Column: 1] [Expected: 5,864] [Actual: 5,867], 
[Row: 475] [Column: 2] [Expected: cvoekler] [Actual: dgenkin], 
[Row: 475] [Column: 3] [Expected: Christopher Voekler] [Actual: Dmitriy Genkin], 
[Row: 476] [Column: 1] [Expected: 5,773] [Actual: 5,864], 
[Row: 476] [Column: 2] [Expected: slevin] [Actual: cvoekler], 
[Row: 476] [Column: 3] [Expected: Sergey Levin] [Actual: Christopher Voekler], 
[Row: 477] [Column: 1] [Expected: 5,897] [Actual: 5,773], 
[Row: 477] [Column: 2] [Expected: aodinaye] [Actual: slevin], 
[Row: 477] [Column: 3] [Expected: Alex Odinayev] [Actual: Sergey Levin], 
[Row: 478] [Column: 1] [Expected: 5,992] [Actual: 5,897], 
[Row: 478] [Column: 2] [Expected: wchapman] [Actual: aodinaye], 
[Row: 478] [Column: 3] [Expected: William Chapman] [Actual: Alex Odinayev], 
[Row: 478] [Column: 5] [Expected: 10 NBS] [Actual: 51 Astor Place], 
[Row: 479] [Column: 1] [Expected: 6,193] [Actual: 5,992], 
[Row: 479] [Column: 2] [Expected: vzhukov] [Actual: wchapman], 
[Row: 479] [Column: 3] [Expected: Slava Zhukov] [Actual: William Chapman], 
[Row: 479] [Column: 5] [Expected: 51 Astor Place] [Actual: 10 NBS], 
[Row: 480] [Column: 1] [Expected: 6,878] [Actual: 6,193], 
[Row: 480] [Column: 2] [Expected: byuan] [Actual: vzhukov], 
[Row: 480] [Column: 3] [Expected: Bo Yuan] [Actual: Slava Zhukov], 
[Row: 481] [Column: 1] [Expected: 6,973] [Actual: 6,878], 
[Row: 481] [Column: 2] [Expected: crolvung] [Actual: byuan], 
[Row: 481] [Column: 3] [Expected: Christian Rolvung] [Actual: Bo Yuan], 
[Row: 481] [Column: 5] [Expected: Sydney] [Actual: 51 Astor Place], 
[Row: 482] [Column: 1] [Expected: 6,954] [Actual: 6,973], 
[Row: 482] [Column: 2] [Expected: kjohnsto] [Actual: crolvung], 
[Row: 482] [Column: 3] [Expected: Kyle Johnston] [Actual: Christian Rolvung], 
[Row: 482] [Column: 5] [Expected: 51 Astor Place] [Actual: Sydney], 
[Row: 483] [Column: 1] [Expected: 7,095] [Actual: 6,954], 
[Row: 483] [Column: 2] [Expected: asamuel] [Actual: kjohnsto], 
[Row: 483] [Column: 3] [Expected: Alex Samuel] [Actual: Kyle Johnston], 
[Row: 484] [Column: 1] [Expected: 7,306] [Actual: 7,095], 
[Row: 484] [Column: 2] [Expected: wdorsey] [Actual: asamuel], 
[Row: 484] [Column: 3] [Expected: William Dorsey] [Actual: Alex Samuel], 
[Row: 484] [Column: 5] [Expected: 10 NBS] [Actual: 51 Astor Place], 
[Row: 485] [Column: 1] [Expected: 7,307] [Actual: 7,306], 
[Row: 485] [Column: 2] [Expected: rcartwri] [Actual: wdorsey], 
[Row: 485] [Column: 3] [Expected: Robert Cartwright] [Actual: William Dorsey], 
[Row: 486] [Column: 1] [Expected: 7,253] [Actual: 7,307], 
[Row: 486] [Column: 2] [Expected: acherner] [Actual: rcartwri], 
[Row: 486] [Column: 3] [Expected: Alex Cherner] [Actual: Robert Cartwright], 
[Row: 486] [Column: 5] [Expected: 51 Astor Place] [Actual: 10 NBS], 
[Row: 487] [Column: 1] [Expected: 7,569] [Actual: 7,253], 
[Row: 487] [Column: 2] [Expected: sstrugne] [Actual: acherner], 
[Row: 487] [Column: 3] [Expected: Sebastian Strugnell] [Actual: Alex Cherner], 
[Row: 487] [Column: 5] [Expected: 10 NBS] [Actual: 51 Astor Place], 
[Row: 488] [Column: 1] [Expected: 7,423] [Actual: 7,569], 
[Row: 488] [Column: 2] [Expected: nlubchen] [Actual: sstrugne], 
[Row: 488] [Column: 3] [Expected: Nazar Lubchenko] [Actual: Sebastian Strugnell], 
[Row: 488] [Column: 5] [Expected: 51 Astor Place] [Actual: 10 NBS], 
[Row: 489] [Column: 1] [Expected: 7,505] [Actual: 7,423], 
[Row: 489] [Column: 2] [Expected: lsewell] [Actual: nlubchen], 
[Row: 489] [Column: 3] [Expected: Luke Sewell] [Actual: Nazar Lubchenko], 
[Row: 489] [Column: 5] [Expected: 10 NBS] [Actual: 51 Astor Place], 
[Row: 490] [Column: 1] [Expected: 7,593] [Actual: 7,505], 
[Row: 490] [Column: 2] [Expected: choldswo] [Actual: lsewell], 
[Row: 490] [Column: 3] [Expected: Chris Holdsworth] [Actual: Luke Sewell], 
[Row: 491] [Column: 1] [Expected: 7,639] [Actual: 7,593], 
[Row: 491] [Column: 2] [Expected: tbjorkmo] [Actual: choldswo], 
[Row: 491] [Column: 3] [Expected: Theo Bjorkmo] [Actual: Chris Holdsworth], 
[Row: 492] [Column: 1] [Expected: 7,536] [Actual: 7,639], 
[Row: 492] [Column: 2] [Expected: awestbro] [Actual: tbjorkmo], 
[Row: 492] [Column: 3] [Expected: Andrew Westbrook] [Actual: Theo Bjorkmo], 
[Row: 492] [Column: 4] [Expected: Front Office Technology] [Actual: Systems Trading], 
[Row: 492] [Column: 5] [Expected: 51 Astor Place] [Actual: 10 NBS], 
[Row: 493] [Column: 1] [Expected: 7,708] [Actual: 7,536], 
[Row: 493] [Column: 2] [Expected: elim] [Actual: awestbro], 
[Row: 493] [Column: 3] [Expected: Edward Lim] [Actual: Andrew Westbrook], 
[Row: 493] [Column: 4] [Expected: Systems Trading] [Actual: Front Office Technology], 
[Row: 493] [Column: 5] [Expected: 10 NBS] [Actual: 51 Astor Place], 
[Row: 494] [Column: 1] [Expected: 7,809] [Actual: 7,708], 
[Row: 494] [Column: 2] [Expected: lwatts] [Actual: elim], 
[Row: 494] [Column: 3] [Expected: Laurence Watts] [Actual: Edward Lim], 
[Row: 495] [Column: 1] [Expected: 1,188] [Actual: 7,809], 
[Row: 495] [Column: 2] [Expected: mglennan] [Actual: lwatts], 
[Row: 495] [Column: 3] [Expected: Mike Glennan] [Actual: Laurence Watts], 
[Row: 495] [Column: 5] [Expected: 200 Elm] [Actual: 10 NBS], 
[Row: 495] [Column: 6] [Expected: isttvfxasd4] [Actual: isttvfxasd1], 
[Row: 496] [Column: 1] [Expected: 3] [Actual: 1,188], 
[Row: 496] [Column: 2] [Expected: stevee] [Actual: mglennan], 
[Row: 496] [Column: 3] [Expected: Steve Evans] [Actual: Mike Glennan], 
[Row: 497] [Column: 1] [Expected: 5,848] [Actual: 3], 
[Row: 497] [Column: 2] [Expected: owatson] [Actual: stevee], 
[Row: 497] [Column: 3] [Expected: Ollie Watson] [Actual: Steve Evans], 
[Row: 497] [Column: 5] [Expected: 10 NBS] [Actual: 200 Elm], 
[Row: 498] [Column: 1] [Expected: 5,867] [Actual: 5,848], 
[Row: 498] [Column: 2] [Expected: dgenkin] [Actual: owatson], 
[Row: 498] [Column: 3] [Expected: Dmitriy Genkin] [Actual: Ollie Watson], 
[Row: 498] [Column: 5] [Expected: 51 Astor Place] [Actual: 10 NBS], 
[Row: 499] [Column: 1] [Expected: 5,864] [Actual: 5,867], 
[Row: 499] [Column: 2] [Expected: cvoekler] [Actual: dgenkin], 
[Row: 499] [Column: 3] [Expected: Christopher Voekler] [Actual: Dmitriy Genkin], 
[Row: 500] [Column: 1] [Expected: 5,773] [Actual: 5,864], 
[Row: 500] [Column: 2] [Expected: slevin] [Actual: cvoekler], 
[Row: 500] [Column: 3] [Expected: Sergey Levin] [Actual: Christopher Voekler], 
[Row: 501] [Column: 1] [Expected: 5,897] [Actual: 5,773], 
[Row: 501] [Column: 2] [Expected: aodinaye] [Actual: slevin], 
[Row: 501] [Column: 3] [Expected: Alex Odinayev] [Actual: Sergey Levin], 
[Row: 502] [Column: 1] [Expected: 5,992] [Actual: 5,897], 
[Row: 502] [Column: 2] [Expected: wchapman] [Actual: aodinaye], 
[Row: 502] [Column: 3] [Expected: William Chapman] [Actual: Alex Odinayev], 
[Row: 502] [Column: 5] [Expected: 10 NBS] [Actual: 51 Astor Place], 
[Row: 503] [Column: 1] [Expected: 6,193] [Actual: 5,992], 
[Row: 503] [Column: 2] [Expected: vzhukov] [Actual: wchapman], 
[Row: 503] [Column: 3] [Expected: Slava Zhukov] [Actual: William Chapman], 
[Row: 503] [Column: 5] [Expected: 51 Astor Place] [Actual: 10 NBS], 
[Row: 504] [Column: 1] [Expected: 6,878] [Actual: 6,193], 
[Row: 504] [Column: 2] [Expected: byuan] [Actual: vzhukov], 
[Row: 504] [Column: 3] [Expected: Bo Yuan] [Actual: Slava Zhukov], 
[Row: 505] [Column: 1] [Expected: 6,973] [Actual: 6,878], 
[Row: 505] [Column: 2] [Expected: crolvung] [Actual: byuan], 
[Row: 505] [Column: 3] [Expected: Christian Rolvung] [Actual: Bo Yuan], 
[Row: 505] [Column: 5] [Expected: Sydney] [Actual: 51 Astor Place], 
[Row: 506] [Column: 1] [Expected: 6,954] [Actual: 6,973], 
[Row: 506] [Column: 2] [Expected: kjohnsto] [Actual: crolvung], 
[Row: 506] [Column: 3] [Expected: Kyle Johnston] [Actual: Christian Rolvung], 
[Row: 506] [Column: 5] [Expected: 51 Astor Place] [Actual: Sydney], 
[Row: 507] [Column: 1] [Expected: 7,095] [Actual: 6,954], 
[Row: 507] [Column: 2] [Expected: asamuel] [Actual: kjohnsto], 
[Row: 507] [Column: 3] [Expected: Alex Samuel] [Actual: Kyle Johnston], 
[Row: 508] [Column: 1] [Expected: 7,253] [Actual: 7,095], 
[Row: 508] [Column: 2] [Expected: acherner] [Actual: asamuel], 
[Row: 508] [Column: 3] [Expected: Alex Cherner] [Actual: Alex Samuel], 
[Row: 509] [Column: 1] [Expected: 7,569] [Actual: 7,253], 
[Row: 509] [Column: 2] [Expected: sstrugne] [Actual: acherner], 
[Row: 509] [Column: 3] [Expected: Sebastian Strugnell] [Actual: Alex Cherner], 
[Row: 509] [Column: 5] [Expected: 10 NBS] [Actual: 51 Astor Place], 
[Row: 510] [Column: 1] [Expected: 7,423] [Actual: 7,569], 
[Row: 510] [Column: 2] [Expected: nlubchen] [Actual: sstrugne], 
[Row: 510] [Column: 3] [Expected: Nazar Lubchenko] [Actual: Sebastian Strugnell], 
[Row: 510] [Column: 5] [Expected: 51 Astor Place] [Actual: 10 NBS], 
[Row: 511] [Column: 1] [Expected: 7,505] [Actual: 7,423], 
[Row: 511] [Column: 2] [Expected: lsewell] [Actual: nlubchen], 
[Row: 511] [Column: 3] [Expected: Luke Sewell] [Actual: Nazar Lubchenko], 
[Row: 511] [Column: 5] [Expected: 10 NBS] [Actual: 51 Astor Place], 
[Row: 512] [Column: 1] [Expected: 7,639] [Actual: 7,505], 
[Row: 512] [Column: 2] [Expected: tbjorkmo] [Actual: lsewell], 
[Row: 512] [Column: 3] [Expected: Theo Bjorkmo] [Actual: Luke Sewell], 
[Row: 513] [Column: 1] [Expected: 7,536] [Actual: 7,639], 
[Row: 513] [Column: 2] [Expected: awestbro] [Actual: tbjorkmo], 
[Row: 513] [Column: 3] [Expected: Andrew Westbrook] [Actual: Theo Bjorkmo], 
[Row: 513] [Column: 4] [Expected: Front Office Technology] [Actual: Systems Trading], 
[Row: 513] [Column: 5] [Expected: 51 Astor Place] [Actual: 10 NBS], 
[Row: 514] [Column: 1] [Expected: 7,708] [Actual: 7,536], 
[Row: 514] [Column: 2] [Expected: elim] [Actual: awestbro], 
[Row: 514] [Column: 3] [Expected: Edward Lim] [Actual: Andrew Westbrook], 
[Row: 514] [Column: 4] [Expected: Systems Trading] [Actual: Front Office Technology], 
[Row: 514] [Column: 5] [Expected: 10 NBS] [Actual: 51 Astor Place], 
[Row: 515] [Column: 1] [Expected: 7,809] [Actual: 7,708], 
[Row: 515] [Column: 2] [Expected: lwatts] [Actual: elim], 
[Row: 515] [Column: 3] [Expected: Laurence Watts] [Actual: Edward Lim], 
[Row: 516] [Column: 1] [Expected: 1,188] [Actual: 7,809], 
[Row: 516] [Column: 2] [Expected: mglennan] [Actual: lwatts], 
[Row: 516] [Column: 3] [Expected: Mike Glennan] [Actual: Laurence Watts], 
[Row: 516] [Column: 5] [Expected: 200 Elm] [Actual: 10 NBS], 
[Row: 516] [Column: 6] [Expected: isttvmaasd2] [Actual: isttvfxasd4], 
[Row: 517] [Column: 1] [Expected: 3] [Actual: 1,188], 
[Row: 517] [Column: 2] [Expected: stevee] [Actual: mglennan], 
[Row: 517] [Column: 3] [Expected: Steve Evans] [Actual: Mike Glennan], 
[Row: 518] [Column: 1] [Expected: 5,848] [Actual: 3], 
[Row: 518] [Column: 2] [Expected: owatson] [Actual: stevee], 
[Row: 518] [Column: 3] [Expected: Ollie Watson] [Actual: Steve Evans], 
[Row: 518] [Column: 5] [Expected: 10 NBS] [Actual: 200 Elm], 
[Row: 519] [Column: 1] [Expected: 5,867] [Actual: 5,848], 
[Row: 519] [Column: 2] [Expected: dgenkin] [Actual: owatson], 
[Row: 519] [Column: 3] [Expected: Dmitriy Genkin] [Actual: Ollie Watson], 
[Row: 519] [Column: 5] [Expected: 51 Astor Place] [Actual: 10 NBS], 
[Row: 520] [Column: 1] [Expected: 5,864] [Actual: 5,867], 
[Row: 520] [Column: 2] [Expected: cvoekler] [Actual: dgenkin], 
[Row: 520] [Column: 3] [Expected: Christopher Voekler] [Actual: Dmitriy Genkin], 
[Row: 521] [Column: 1] [Expected: 5,773] [Actual: 5,864], 
[Row: 521] [Column: 2] [Expected: slevin] [Actual: cvoekler], 
[Row: 521] [Column: 3] [Expected: Sergey Levin] [Actual: Christopher Voekler], 
[Row: 522] [Column: 1] [Expected: 5,897] [Actual: 5,773], 
[Row: 522] [Column: 2] [Expected: aodinaye] [Actual: slevin], 
[Row: 522] [Column: 3] [Expected: Alex Odinayev] [Actual: Sergey Levin], 
[Row: 523] [Column: 1] [Expected: 5,992] [Actual: 5,897], 
[Row: 523] [Column: 2] [Expected: wchapman] [Actual: aodinaye], 
[Row: 523] [Column: 3] [Expected: William Chapman] [Actual: Alex Odinayev], 
[Row: 523] [Column: 5] [Expected: 10 NBS] [Actual: 51 Astor Place], 
[Row: 524] [Column: 1] [Expected: 6,193] [Actual: 5,992], 
[Row: 524] [Column: 2] [Expected: vzhukov] [Actual: wchapman], 
[Row: 524] [Column: 3] [Expected: Slava Zhukov] [Actual: William Chapman], 
[Row: 524] [Column: 5] [Expected: 51 Astor Place] [Actual: 10 NBS], 
[Row: 525] [Column: 1] [Expected: 6,878] [Actual: 6,193], 
[Row: 525] [Column: 2] [Expected: byuan] [Actual: vzhukov], 
[Row: 525] [Column: 3] [Expected: Bo Yuan] [Actual: Slava Zhukov], 
[Row: 526] [Column: 1] [Expected: 6,973] [Actual: 6,878], 
[Row: 526] [Column: 2] [Expected: crolvung] [Actual: byuan], 
[Row: 526] [Column: 3] [Expected: Christian Rolvung] [Actual: Bo Yuan], 
[Row: 526] [Column: 5] [Expected: Sydney] [Actual: 51 Astor Place], 
[Row: 527] [Column: 1] [Expected: 7,095] [Actual: 6,973], 
[Row: 527] [Column: 2] [Expected: asamuel] [Actual: crolvung], 
[Row: 527] [Column: 3] [Expected: Alex Samuel] [Actual: Christian Rolvung], 
[Row: 527] [Column: 5] [Expected: 51 Astor Place] [Actual: Sydney], 
[Row: 528] [Column: 1] [Expected: 7,306] [Actual: 7,095], 
[Row: 528] [Column: 2] [Expected: wdorsey] [Actual: asamuel], 
[Row: 528] [Column: 3] [Expected: William Dorsey] [Actual: Alex Samuel], 
[Row: 528] [Column: 5] [Expected: 10 NBS] [Actual: 51 Astor Place], 
[Row: 529] [Column: 1] [Expected: 7,307] [Actual: 7,306], 
[Row: 529] [Column: 2] [Expected: rcartwri] [Actual: wdorsey], 
[Row: 529] [Column: 3] [Expected: Robert Cartwright] [Actual: William Dorsey], 
[Row: 530] [Column: 1] [Expected: 7,253] [Actual: 7,307], 
[Row: 530] [Column: 2] [Expected: acherner] [Actual: rcartwri], 
[Row: 530] [Column: 3] [Expected: Alex Cherner] [Actual: Robert Cartwright], 
[Row: 530] [Column: 5] [Expected: 51 Astor Place] [Actual: 10 NBS], 
[Row: 531] [Column: 1] [Expected: 7,440] [Actual: 7,253], 
[Row: 531] [Column: 2] [Expected: nfirth] [Actual: acherner], 
[Row: 531] [Column: 3] [Expected: Nick Firth] [Actual: Alex Cherner], 
[Row: 531] [Column: 5] [Expected: 10 NBS] [Actual: 51 Astor Place], 
[Row: 532] [Column: 1] [Expected: 7,423] [Actual: 7,440], 
[Row: 532] [Column: 2] [Expected: nlubchen] [Actual: nfirth], 
[Row: 532] [Column: 3] [Expected: Nazar Lubchenko] [Actual: Nick Firth], 
[Row: 532] [Column: 5] [Expected: 51 Astor Place] [Actual: 10 NBS], 
[Row: 533] [Column: 1] [Expected: 7,505] [Actual: 7,423], 
[Row: 533] [Column: 2] [Expected: lsewell] [Actual: nlubchen], 
[Row: 533] [Column: 3] [Expected: Luke Sewell] [Actual: Nazar Lubchenko], 
[Row: 533] [Column: 5] [Expected: 10 NBS] [Actual: 51 Astor Place], 
[Row: 534] [Column: 1] [Expected: 7,639] [Actual: 7,505], 
[Row: 534] [Column: 2] [Expected: tbjorkmo] [Actual: lsewell], 
[Row: 534] [Column: 3] [Expected: Theo Bjorkmo] [Actual: Luke Sewell], 
[Row: 535] [Column: 1] [Expected: 7,536] [Actual: 7,639], 
[Row: 535] [Column: 2] [Expected: awestbro] [Actual: tbjorkmo], 
[Row: 535] [Column: 3] [Expected: Andrew Westbrook] [Actual: Theo Bjorkmo], 
[Row: 535] [Column: 4] [Expected: Front Office Technology] [Actual: Systems Trading], 
[Row: 535] [Column: 5] [Expected: 51 Astor Place] [Actual: 10 NBS], 
[Row: 536] [Column: 1] [Expected: 7,708] [Actual: 7,536], 
[Row: 536] [Column: 2] [Expected: elim] [Actual: awestbro], 
[Row: 536] [Column: 3] [Expected: Edward Lim] [Actual: Andrew Westbrook], 
[Row: 536] [Column: 4] [Expected: Systems Trading] [Actual: Front Office Technology], 
[Row: 536] [Column: 5] [Expected: 10 NBS] [Actual: 51 Astor Place], 
[Row: 537] [Column: 1] [Expected: 7,809] [Actual: 7,708], 
[Row: 537] [Column: 2] [Expected: lwatts] [Actual: elim], 
[Row: 537] [Column: 3] [Expected: Laurence Watts] [Actual: Edward Lim], 
[Row: 538] [Column: 1] [Expected: 7,801] [Actual: 7,809], 
[Row: 538] [Column: 2] [Expected: vrigori] [Actual: lwatts], 
[Row: 538] [Column: 3] [Expected: Valentin Rigori] [Actual: Laurence Watts], 
[Row: 539] [Column: 1] [Expected: 7,834] [Actual: 7,801], 
[Row: 539] [Column: 2] [Expected: vstazhyn] [Actual: vrigori], 
[Row: 539] [Column: 3] [Expected: Vlad Stazhynski] [Actual: Valentin Rigori], 
[Row: 540] [Column: 1] [Expected: 1,188] [Actual: 7,834], 
[Row: 540] [Column: 2] [Expected: mglennan] [Actual: vstazhyn], 
[Row: 540] [Column: 3] [Expected: Mike Glennan] [Actual: Vlad Stazhynski], 
[Row: 540] [Column: 5] [Expected: 200 Elm] [Actual: 10 NBS], 
[Row: 540] [Column: 6] [Expected: isttvmaasd4] [Actual: isttvmaasd2], 
[Row: 541] [Column: 1] [Expected: 3] [Actual: 1,188], 
[Row: 541] [Column: 2] [Expected: stevee] [Actual: mglennan], 
[Row: 541] [Column: 3] [Expected: Steve Evans] [Actual: Mike Glennan], 
[Row: 542] [Column: 1] [Expected: 5,848] [Actual: 3], 
[Row: 542] [Column: 2] [Expected: owatson] [Actual: stevee], 
[Row: 542] [Column: 3] [Expected: Ollie Watson] [Actual: Steve Evans], 
[Row: 542] [Column: 5] [Expected: 10 NBS] [Actual: 200 Elm], 
[Row: 543] [Column: 1] [Expected: 5,867] [Actual: 5,848], 
[Row: 543] [Column: 2] [Expected: dgenkin] [Actual: owatson], 
[Row: 543] [Column: 3] [Expected: Dmitriy Genkin] [Actual: Ollie Watson], 
[Row: 543] [Column: 5] [Expected: 51 Astor Place] [Actual: 10 NBS], 
[Row: 544] [Column: 1] [Expected: 5,864] [Actual: 5,867], 
[Row: 544] [Column: 2] [Expected: cvoekler] [Actual: dgenkin], 
[Row: 544] [Column: 3] [Expected: Christopher Voekler] [Actual: Dmitriy Genkin], 
[Row: 545] [Column: 1] [Expected: 5,773] [Actual: 5,864], 
[Row: 545] [Column: 2] [Expected: slevin] [Actual: cvoekler], 
[Row: 545] [Column: 3] [Expected: Sergey Levin] [Actual: Christopher Voekler], 
[Row: 546] [Column: 1] [Expected: 5,897] [Actual: 5,773], 
[Row: 546] [Column: 2] [Expected: aodinaye] [Actual: slevin], 
[Row: 546] [Column: 3] [Expected: Alex Odinayev] [Actual: Sergey Levin], 
[Row: 547] [Column: 1] [Expected: 5,992] [Actual: 5,897], 
[Row: 547] [Column: 2] [Expected: wchapman] [Actual: aodinaye], 
[Row: 547] [Column: 3] [Expected: William Chapman] [Actual: Alex Odinayev], 
[Row: 547] [Column: 5] [Expected: 10 NBS] [Actual: 51 Astor Place], 
[Row: 548] [Column: 1] [Expected: 6,193] [Actual: 5,992], 
[Row: 548] [Column: 2] [Expected: vzhukov] [Actual: wchapman], 
[Row: 548] [Column: 3] [Expected: Slava Zhukov] [Actual: William Chapman], 
[Row: 548] [Column: 5] [Expected: 51 Astor Place] [Actual: 10 NBS], 
[Row: 549] [Column: 1] [Expected: 6,878] [Actual: 6,193], 
[Row: 549] [Column: 2] [Expected: byuan] [Actual: vzhukov], 
[Row: 549] [Column: 3] [Expected: Bo Yuan] [Actual: Slava Zhukov], 
[Row: 550] [Column: 1] [Expected: 6,973] [Actual: 6,878], 
[Row: 550] [Column: 2] [Expected: crolvung] [Actual: byuan], 
[Row: 550] [Column: 3] [Expected: Christian Rolvung] [Actual: Bo Yuan], 
[Row: 550] [Column: 5] [Expected: Sydney] [Actual: 51 Astor Place], 
[Row: 551] [Column: 1] [Expected: 7,095] [Actual: 6,973], 
[Row: 551] [Column: 2] [Expected: asamuel] [Actual: crolvung], 
[Row: 551] [Column: 3] [Expected: Alex Samuel] [Actual: Christian Rolvung], 
[Row: 551] [Column: 5] [Expected: 51 Astor Place] [Actual: Sydney], 
[Row: 552] [Column: 1] [Expected: 7,306] [Actual: 7,095], 
[Row: 552] [Column: 2] [Expected: wdorsey] [Actual: asamuel], 
[Row: 552] [Column: 3] [Expected: William Dorsey] [Actual: Alex Samuel], 
[Row: 552] [Column: 5] [Expected: 10 NBS] [Actual: 51 Astor Place], 
[Row: 553] [Column: 1] [Expected: 7,307] [Actual: 7,306], 
[Row: 553] [Column: 2] [Expected: rcartwri] [Actual: wdorsey], 
[Row: 553] [Column: 3] [Expected: Robert Cartwright] [Actual: William Dorsey], 
[Row: 554] [Column: 1] [Expected: 7,253] [Actual: 7,307], 
[Row: 554] [Column: 2] [Expected: acherner] [Actual: rcartwri], 
[Row: 554] [Column: 3] [Expected: Alex Cherner] [Actual: Robert Cartwright], 
[Row: 554] [Column: 5] [Expected: 51 Astor Place] [Actual: 10 NBS], 
[Row: 555] [Column: 1] [Expected: 7,440] [Actual: 7,253], 
[Row: 555] [Column: 2] [Expected: nfirth] [Actual: acherner], 
[Row: 555] [Column: 3] [Expected: Nick Firth] [Actual: Alex Cherner], 
[Row: 555] [Column: 5] [Expected: 10 NBS] [Actual: 51 Astor Place], 
[Row: 556] [Column: 1] [Expected: 7,423] [Actual: 7,440], 
[Row: 556] [Column: 2] [Expected: nlubchen] [Actual: nfirth], 
[Row: 556] [Column: 3] [Expected: Nazar Lubchenko] [Actual: Nick Firth], 
[Row: 556] [Column: 5] [Expected: 51 Astor Place] [Actual: 10 NBS], 
[Row: 557] [Column: 1] [Expected: 7,505] [Actual: 7,423], 
[Row: 557] [Column: 2] [Expected: lsewell] [Actual: nlubchen], 
[Row: 557] [Column: 3] [Expected: Luke Sewell] [Actual: Nazar Lubchenko], 
[Row: 557] [Column: 5] [Expected: 10 NBS] [Actual: 51 Astor Place], 
[Row: 558] [Column: 1] [Expected: 7,639] [Actual: 7,505], 
[Row: 558] [Column: 2] [Expected: tbjorkmo] [Actual: lsewell], 
[Row: 558] [Column: 3] [Expected: Theo Bjorkmo] [Actual: Luke Sewell], 
[Row: 559] [Column: 1] [Expected: 7,536] [Actual: 7,639], 
[Row: 559] [Column: 2] [Expected: awestbro] [Actual: tbjorkmo], 
[Row: 559] [Column: 3] [Expected: Andrew Westbrook] [Actual: Theo Bjorkmo], 
[Row: 559] [Column: 4] [Expected: Front Office Technology] [Actual: Systems Trading], 
[Row: 559] [Column: 5] [Expected: 51 Astor Place] [Actual: 10 NBS], 
[Row: 560] [Column: 1] [Expected: 7,708] [Actual: 7,536], 
[Row: 560] [Column: 2] [Expected: elim] [Actual: awestbro], 
[Row: 560] [Column: 3] [Expected: Edward Lim] [Actual: Andrew Westbrook], 
[Row: 560] [Column: 4] [Expected: Systems Trading] [Actual: Front Office Technology], 
[Row: 560] [Column: 5] [Expected: 10 NBS] [Actual: 51 Astor Place], 
[Row: 561] [Column: 1] [Expected: 7,809] [Actual: 7,708], 
[Row: 561] [Column: 2] [Expected: lwatts] [Actual: elim], 
[Row: 561] [Column: 3] [Expected: Laurence Watts] [Actual: Edward Lim], 
[Row: 562] [Column: 1] [Expected: 1,188] [Actual: 7,809], 
[Row: 562] [Column: 2] [Expected: mglennan] [Actual: lwatts], 
[Row: 562] [Column: 3] [Expected: Mike Glennan] [Actual: Laurence Watts], 
[Row: 562] [Column: 5] [Expected: 200 Elm] [Actual: 10 NBS], 
[Row: 562] [Column: 6] [Expected: isttvmatw1] [Actual: isttvmaasd4], 
[Row: 563] [Column: 1] [Expected: 3] [Actual: 1,188], 
[Row: 563] [Column: 2] [Expected: stevee] [Actual: mglennan], 
[Row: 563] [Column: 3] [Expected: Steve Evans] [Actual: Mike Glennan], 
[Row: 564] [Column: 1] [Expected: 5,848] [Actual: 3], 
[Row: 564] [Column: 2] [Expected: owatson] [Actual: stevee], 
[Row: 564] [Column: 3] [Expected: Ollie Watson] [Actual: Steve Evans], 
[Row: 564] [Column: 5] [Expected: 10 NBS] [Actual: 200 Elm], 
[Row: 565] [Column: 1] [Expected: 5,867] [Actual: 5,848], 
[Row: 565] [Column: 2] [Expected: dgenkin] [Actual: owatson], 
[Row: 565] [Column: 3] [Expected: Dmitriy Genkin] [Actual: Ollie Watson], 
[Row: 565] [Column: 5] [Expected: 51 Astor Place] [Actual: 10 NBS], 
[Row: 566] [Column: 1] [Expected: 5,773] [Actual: 5,867], 
[Row: 566] [Column: 2] [Expected: slevin] [Actual: dgenkin], 
[Row: 566] [Column: 3] [Expected: Sergey Levin] [Actual: Dmitriy Genkin], 
[Row: 567] [Column: 1] [Expected: 5,545] [Actual: 5,773], 
[Row: 567] [Column: 2] [Expected: twynter] [Actual: slevin], 
[Row: 567] [Column: 3] [Expected: Tom Wynter] [Actual: Sergey Levin], 
[Row: 567] [Column: 5] [Expected: 200 Elm] [Actual: 51 Astor Place], 
[Row: 568] [Column: 1] [Expected: 6,924] [Actual: 5,545], 
[Row: 568] [Column: 2] [Expected: fye] [Actual: twynter], 
[Row: 568] [Column: 3] [Expected: Fei Ye] [Actual: Tom Wynter], 
[Row: 569] [Column: 1] [Expected: 6,894] [Actual: 6,924], 
[Row: 569] [Column: 2] [Expected: rtoghrae] [Actual: fye], 
[Row: 569] [Column: 3] [Expected: Reza Toghraee] [Actual: Fei Ye], 
[Row: 570] [Column: 1] [Expected: 7,536] [Actual: 6,894], 
[Row: 570] [Column: 2] [Expected: awestbro] [Actual: rtoghrae], 
[Row: 570] [Column: 3] [Expected: Andrew Westbrook] [Actual: Reza Toghraee], 
[Row: 570] [Column: 4] [Expected: Front Office Technology] [Actual: Systems Trading], 
[Row: 570] [Column: 5] [Expected: 51 Astor Place] [Actual: 200 Elm], 
[Row: 571] [Column: 1] [Expected: 7,830] [Actual: 7,536], 
[Row: 571] [Column: 2] [Expected: jcasbon] [Actual: awestbro], 
[Row: 571] [Column: 3] [Expected: James Casbon] [Actual: Andrew Westbrook], 
[Row: 571] [Column: 4] [Expected: Systems Trading] [Actual: Front Office Technology], 
[Row: 571] [Column: 5] [Expected: 10 NBS] [Actual: 51 Astor Place], 
[Row: 572] [Column: 1] [Expected: 1,188] [Actual: 7,830], 
[Row: 572] [Column: 2] [Expected: mglennan] [Actual: jcasbon], 
[Row: 572] [Column: 3] [Expected: Mike Glennan] [Actual: James Casbon], 
[Row: 572] [Column: 5] [Expected: 200 Elm] [Actual: 10 NBS], 
[Row: 572] [Column: 6] [Expected: isttvmisc] [Actual: isttvmatw1], 
[Row: 573] [Column: 1] [Expected: 3] [Actual: 1,188], 
[Row: 573] [Column: 2] [Expected: stevee] [Actual: mglennan], 
[Row: 573] [Column: 3] [Expected: Steve Evans] [Actual: Mike Glennan], 
[Row: 574] [Column: 1] [Expected: 5,867] [Actual: 3], 
[Row: 574] [Column: 2] [Expected: dgenkin] [Actual: stevee], 
[Row: 574] [Column: 3] [Expected: Dmitriy Genkin] [Actual: Steve Evans], 
[Row: 574] [Column: 5] [Expected: 51 Astor Place] [Actual: 200 Elm], 
[Row: 575] [Column: 1] [Expected: 5,864] [Actual: 5,867], 
[Row: 575] [Column: 2] [Expected: cvoekler] [Actual: dgenkin], 
[Row: 575] [Column: 3] [Expected: Christopher Voekler] [Actual: Dmitriy Genkin], 
[Row: 576] [Column: 1] [Expected: 5,992] [Actual: 5,864], 
[Row: 576] [Column: 2] [Expected: wchapman] [Actual: cvoekler], 
[Row: 576] [Column: 3] [Expected: William Chapman] [Actual: Christopher Voekler], 
[Row: 576] [Column: 5] [Expected: 10 NBS] [Actual: 51 Astor Place], 
[Row: 577] [Column: 1] [Expected: 6,193] [Actual: 5,992], 
[Row: 577] [Column: 2] [Expected: vzhukov] [Actual: wchapman], 
[Row: 577] [Column: 3] [Expected: Slava Zhukov] [Actual: William Chapman], 
[Row: 577] [Column: 5] [Expected: 51 Astor Place] [Actual: 10 NBS], 
[Row: 578] [Column: 1] [Expected: 6,878] [Actual: 6,193], 
[Row: 578] [Column: 2] [Expected: byuan] [Actual: vzhukov], 
[Row: 578] [Column: 3] [Expected: Bo Yuan] [Actual: Slava Zhukov], 
[Row: 579] [Column: 1] [Expected: 7,745] [Actual: 6,878], 
[Row: 579] [Column: 2] [Expected: jtereshc] [Actual: byuan], 
[Row: 579] [Column: 3] [Expected: Julie Tereshchenko] [Actual: Bo Yuan], 
[Row: 580] [Column: 1] [Expected: 7,536] [Actual: 7,745], 
[Row: 580] [Column: 2] [Expected: awestbro] [Actual: jtereshc], 
[Row: 580] [Column: 3] [Expected: Andrew Westbrook] [Actual: Julie Tereshchenko], 
[Row: 580] [Column: 4] [Expected: Front Office Technology] [Actual: Systems Trading], 
[Row: 581] [Column: 1] [Expected: 7,692] [Actual: 7,536], 
[Row: 581] [Column: 2] [Expected: oharrima] [Actual: awestbro], 
[Row: 581] [Column: 3] [Expected: Oliver Harriman] [Actual: Andrew Westbrook], 
[Row: 581] [Column: 4] [Expected: Systems Trading] [Actual: Front Office Technology], 
[Row: 581] [Column: 5] [Expected: 10 NBS] [Actual: 51 Astor Place], 
[Row: 582] [Column: 1] [Expected: 1,188] [Actual: 7,692], 
[Row: 582] [Column: 2] [Expected: mglennan] [Actual: oharrima], 
[Row: 582] [Column: 3] [Expected: Mike Glennan] [Actual: Oliver Harriman], 
[Row: 582] [Column: 5] [Expected: 200 Elm] [Actual: 10 NBS], 
[Row: 582] [Column: 6] [Expected: isttvvolasd1] [Actual: isttvmisc], 
[Row: 583] [Column: 1] [Expected: 3] [Actual: 1,188], 
[Row: 583] [Column: 2] [Expected: stevee] [Actual: mglennan], 
[Row: 583] [Column: 3] [Expected: Steve Evans] [Actual: Mike Glennan], 
[Row: 584] [Column: 1] [Expected: 5,848] [Actual: 3], 
[Row: 584] [Column: 2] [Expected: owatson] [Actual: stevee], 
[Row: 584] [Column: 3] [Expected: Ollie Watson] [Actual: Steve Evans], 
[Row: 584] [Column: 5] [Expected: 10 NBS] [Actual: 200 Elm], 
[Row: 585] [Column: 1] [Expected: 5,867] [Actual: 5,848], 
[Row: 585] [Column: 2] [Expected: dgenkin] [Actual: owatson], 
[Row: 585] [Column: 3] [Expected: Dmitriy Genkin] [Actual: Ollie Watson], 
[Row: 585] [Column: 5] [Expected: 51 Astor Place] [Actual: 10 NBS], 
[Row: 586] [Column: 1] [Expected: 5,864] [Actual: 5,867], 
[Row: 586] [Column: 2] [Expected: cvoekler] [Actual: dgenkin], 
[Row: 586] [Column: 3] [Expected: Christopher Voekler] [Actual: Dmitriy Genkin], 
[Row: 587] [Column: 1] [Expected: 5,773] [Actual: 5,864], 
[Row: 587] [Column: 2] [Expected: slevin] [Actual: cvoekler], 
[Row: 587] [Column: 3] [Expected: Sergey Levin] [Actual: Christopher Voekler], 
[Row: 588] [Column: 1] [Expected: 6,193] [Actual: 5,773], 
[Row: 588] [Column: 2] [Expected: vzhukov] [Actual: slevin], 
[Row: 588] [Column: 3] [Expected: Slava Zhukov] [Actual: Sergey Levin], 
[Row: 589] [Column: 1] [Expected: 6,878] [Actual: 6,193], 
[Row: 589] [Column: 2] [Expected: byuan] [Actual: vzhukov], 
[Row: 589] [Column: 3] [Expected: Bo Yuan] [Actual: Slava Zhukov], 
[Row: 590] [Column: 1] [Expected: 6,973] [Actual: 6,878], 
[Row: 590] [Column: 2] [Expected: crolvung] [Actual: byuan], 
[Row: 590] [Column: 3] [Expected: Christian Rolvung] [Actual: Bo Yuan], 
[Row: 590] [Column: 5] [Expected: Sydney] [Actual: 51 Astor Place], 
[Row: 591] [Column: 1] [Expected: 7,423] [Actual: 6,973], 
[Row: 591] [Column: 2] [Expected: nlubchen] [Actual: crolvung], 
[Row: 591] [Column: 3] [Expected: Nazar Lubchenko] [Actual: Christian Rolvung], 
[Row: 591] [Column: 5] [Expected: 51 Astor Place] [Actual: Sydney], 
[Row: 592] [Column: 1] [Expected: 7,536] [Actual: 7,423], 
[Row: 592] [Column: 2] [Expected: awestbro] [Actual: nlubchen], 
[Row: 592] [Column: 3] [Expected: Andrew Westbrook] [Actual: Nazar Lubchenko], 
[Row: 592] [Column: 4] [Expected: Front Office Technology] [Actual: Systems Trading], 
[Row: 593] [Column: 1] [Expected: 7,784] [Actual: 7,536], 
[Row: 593] [Column: 2] [Expected: ldeleo] [Actual: awestbro], 
[Row: 593] [Column: 3] [Expected: Lorenzo De Leo] [Actual: Andrew Westbrook], 
[Row: 593] [Column: 4] [Expected: Systems Trading] [Actual: Front Office Technology], 
[Row: 593] [Column: 5] [Expected: France] [Actual: 51 Astor Place], 
[Row: 594] [Column: 1] [Expected: 7,821] [Actual: 7,784], 
[Row: 594] [Column: 2] [Expected: wreid] [Actual: ldeleo], 
[Row: 594] [Column: 3] [Expected: William Reid] [Actual: Lorenzo De Leo], 
[Row: 594] [Column: 5] [Expected: 10 NBS] [Actual: France], 
[Row: 595] [Column: 1] [Expected: 7,838] [Actual: 7,821], 
[Row: 595] [Column: 2] [Expected: nheuer] [Actual: wreid], 
[Row: 595] [Column: 3] [Expected: Nicolaus Heuer] [Actual: William Reid], 
[Row: 596] [Column: 1] [Expected: 1,188] [Actual: 7,838], 
[Row: 596] [Column: 2] [Expected: mglennan] [Actual: nheuer], 
[Row: 596] [Column: 3] [Expected: Mike Glennan] [Actual: Nicolaus Heuer], 
[Row: 596] [Column: 5] [Expected: 200 Elm] [Actual: 10 NBS], 
[Row: 596] [Column: 6] [Expected: isttvvolasd1lev] [Actual: isttvvolasd1], 
[Row: 597] [Column: 1] [Expected: 3] [Actual: 1,188], 
[Row: 597] [Column: 2] [Expected: stevee] [Actual: mglennan], 
[Row: 597] [Column: 3] [Expected: Steve Evans] [Actual: Mike Glennan], 
[Row: 598] [Column: 1] [Expected: 5,848] [Actual: 3], 
[Row: 598] [Column: 2] [Expected: owatson] [Actual: stevee], 
[Row: 598] [Column: 3] [Expected: Ollie Watson] [Actual: Steve Evans], 
[Row: 598] [Column: 5] [Expected: 10 NBS] [Actual: 200 Elm], 
[Row: 599] [Column: 1] [Expected: 5,867] [Actual: 5,848], 
[Row: 599] [Column: 2] [Expected: dgenkin] [Actual: owatson], 
[Row: 599] [Column: 3] [Expected: Dmitriy Genkin] [Actual: Ollie Watson], 
[Row: 599] [Column: 5] [Expected: 51 Astor Place] [Actual: 10 NBS], 
[Row: 600] [Column: 1] [Expected: 5,864] [Actual: 5,867], 
[Row: 600] [Column: 2] [Expected: cvoekler] [Actual: dgenkin], 
[Row: 600] [Column: 3] [Expected: Christopher Voekler] [Actual: Dmitriy Genkin], 
[Row: 601] [Column: 1] [Expected: 5,773] [Actual: 5,864], 
[Row: 601] [Column: 2] [Expected: slevin] [Actual: cvoekler], 
[Row: 601] [Column: 3] [Expected: Sergey Levin] [Actual: Christopher Voekler], 
[Row: 602] [Column: 1] [Expected: 6,193] [Actual: 5,773], 
[Row: 602] [Column: 2] [Expected: vzhukov] [Actual: slevin], 
[Row: 602] [Column: 3] [Expected: Slava Zhukov] [Actual: Sergey Levin], 
[Row: 603] [Column: 1] [Expected: 6,878] [Actual: 6,193], 
[Row: 603] [Column: 2] [Expected: byuan] [Actual: vzhukov], 
[Row: 603] [Column: 3] [Expected: Bo Yuan] [Actual: Slava Zhukov], 
[Row: 604] [Column: 1] [Expected: 6,973] [Actual: 6,878], 
[Row: 604] [Column: 2] [Expected: crolvung] [Actual: byuan], 
[Row: 604] [Column: 3] [Expected: Christian Rolvung] [Actual: Bo Yuan], 
[Row: 604] [Column: 5] [Expected: Sydney] [Actual: 51 Astor Place], 
[Row: 605] [Column: 1] [Expected: 7,423] [Actual: 6,973], 
[Row: 605] [Column: 2] [Expected: nlubchen] [Actual: crolvung], 
[Row: 605] [Column: 3] [Expected: Nazar Lubchenko] [Actual: Christian Rolvung], 
[Row: 605] [Column: 5] [Expected: 51 Astor Place] [Actual: Sydney], 
[Row: 606] [Column: 1] [Expected: 1,188] [Actual: 7,423], 
[Row: 606] [Column: 2] [Expected: mglennan] [Actual: nlubchen], 
[Row: 606] [Column: 3] [Expected: Mike Glennan] [Actual: Nazar Lubchenko], 
[Row: 606] [Column: 5] [Expected: 200 Elm] [Actual: 51 Astor Place], 
[Row: 606] [Column: 6] [Expected: isttvvolasd2] [Actual: isttvvolasd1lev], 
[Row: 607] [Column: 1] [Expected: 3] [Actual: 1,188], 
[Row: 607] [Column: 2] [Expected: stevee] [Actual: mglennan], 
[Row: 607] [Column: 3] [Expected: Steve Evans] [Actual: Mike Glennan], 
[Row: 608] [Column: 1] [Expected: 5,848] [Actual: 3], 
[Row: 608] [Column: 2] [Expected: owatson] [Actual: stevee], 
[Row: 608] [Column: 3] [Expected: Ollie Watson] [Actual: Steve Evans], 
[Row: 608] [Column: 5] [Expected: 10 NBS] [Actual: 200 Elm], 
[Row: 609] [Column: 1] [Expected: 5,867] [Actual: 5,848], 
[Row: 609] [Column: 2] [Expected: dgenkin] [Actual: owatson], 
[Row: 609] [Column: 3] [Expected: Dmitriy Genkin] [Actual: Ollie Watson], 
[Row: 609] [Column: 5] [Expected: 51 Astor Place] [Actual: 10 NBS], 
[Row: 610] [Column: 1] [Expected: 5,864] [Actual: 5,867], 
[Row: 610] [Column: 2] [Expected: cvoekler] [Actual: dgenkin], 
[Row: 610] [Column: 3] [Expected: Christopher Voekler] [Actual: Dmitriy Genkin], 
[Row: 611] [Column: 1] [Expected: 5,773] [Actual: 5,864], 
[Row: 611] [Column: 2] [Expected: slevin] [Actual: cvoekler], 
[Row: 611] [Column: 3] [Expected: Sergey Levin] [Actual: Christopher Voekler], 
[Row: 612] [Column: 1] [Expected: 6,193] [Actual: 5,773], 
[Row: 612] [Column: 2] [Expected: vzhukov] [Actual: slevin], 
[Row: 612] [Column: 3] [Expected: Slava Zhukov] [Actual: Sergey Levin], 
[Row: 613] [Column: 1] [Expected: 6,878] [Actual: 6,193], 
[Row: 613] [Column: 2] [Expected: byuan] [Actual: vzhukov], 
[Row: 613] [Column: 3] [Expected: Bo Yuan] [Actual: Slava Zhukov], 
[Row: 614] [Column: 1] [Expected: 6,973] [Actual: 6,878], 
[Row: 614] [Column: 2] [Expected: crolvung] [Actual: byuan], 
[Row: 614] [Column: 3] [Expected: Christian Rolvung] [Actual: Bo Yuan], 
[Row: 614] [Column: 5] [Expected: Sydney] [Actual: 51 Astor Place], 
[Row: 615] [Column: 1] [Expected: 7,423] [Actual: 6,973], 
[Row: 615] [Column: 2] [Expected: nlubchen] [Actual: crolvung], 
[Row: 615] [Column: 3] [Expected: Nazar Lubchenko] [Actual: Christian Rolvung], 
[Row: 615] [Column: 5] [Expected: 51 Astor Place] [Actual: Sydney], 
[Row: 616] [Column: 1] [Expected: 7,536] [Actual: 7,423], 
[Row: 616] [Column: 2] [Expected: awestbro] [Actual: nlubchen], 
[Row: 616] [Column: 3] [Expected: Andrew Westbrook] [Actual: Nazar Lubchenko], 
[Row: 616] [Column: 4] [Expected: Front Office Technology] [Actual: Systems Trading], 
[Row: 617] [Column: 1] [Expected: 7,784] [Actual: 7,536], 
[Row: 617] [Column: 2] [Expected: ldeleo] [Actual: awestbro], 
[Row: 617] [Column: 3] [Expected: Lorenzo De Leo] [Actual: Andrew Westbrook], 
[Row: 617] [Column: 4] [Expected: Systems Trading] [Actual: Front Office Technology], 
[Row: 617] [Column: 5] [Expected: France] [Actual: 51 Astor Place], 
[Row: 618] [Column: 1] [Expected: 7,821] [Actual: 7,784], 
[Row: 618] [Column: 2] [Expected: wreid] [Actual: ldeleo], 
[Row: 618] [Column: 3] [Expected: William Reid] [Actual: Lorenzo De Leo], 
[Row: 618] [Column: 5] [Expected: 10 NBS] [Actual: France], 
[Row: 619] [Column: 1] [Expected: 7,838] [Actual: 7,821], 
[Row: 619] [Column: 2] [Expected: nheuer] [Actual: wreid], 
[Row: 619] [Column: 3] [Expected: Nicolaus Heuer] [Actual: William Reid], 
[Row: 620] [Column: 1] [Expected: 1,188] [Actual: 7,838], 
[Row: 620] [Column: 2] [Expected: mglennan] [Actual: nheuer], 
[Row: 620] [Column: 3] [Expected: Mike Glennan] [Actual: Nicolaus Heuer], 
[Row: 620] [Column: 5] [Expected: 200 Elm] [Actual: 10 NBS], 
[Row: 620] [Column: 6] [Expected: isttvvolasd20] [Actual: isttvvolasd2], 
[Row: 621] [Column: 1] [Expected: 3] [Actual: 1,188], 
[Row: 621] [Column: 2] [Expected: stevee] [Actual: mglennan], 
[Row: 621] [Column: 3] [Expected: Steve Evans] [Actual: Mike Glennan], 
[Row: 622] [Column: 1] [Expected: 5,848] [Actual: 3], 
[Row: 622] [Column: 2] [Expected: owatson] [Actual: stevee], 
[Row: 622] [Column: 3] [Expected: Ollie Watson] [Actual: Steve Evans], 
[Row: 622] [Column: 5] [Expected: 10 NBS] [Actual: 200 Elm], 
[Row: 623] [Column: 1] [Expected: 5,867] [Actual: 5,848], 
[Row: 623] [Column: 2] [Expected: dgenkin] [Actual: owatson], 
[Row: 623] [Column: 3] [Expected: Dmitriy Genkin] [Actual: Ollie Watson], 
[Row: 623] [Column: 5] [Expected: 51 Astor Place] [Actual: 10 NBS], 
[Row: 624] [Column: 1] [Expected: 5,864] [Actual: 5,867], 
[Row: 624] [Column: 2] [Expected: cvoekler] [Actual: dgenkin], 
[Row: 624] [Column: 3] [Expected: Christopher Voekler] [Actual: Dmitriy Genkin], 
[Row: 625] [Column: 1] [Expected: 5,773] [Actual: 5,864], 
[Row: 625] [Column: 2] [Expected: slevin] [Actual: cvoekler], 
[Row: 625] [Column: 3] [Expected: Sergey Levin] [Actual: Christopher Voekler], 
[Row: 626] [Column: 1] [Expected: 6,193] [Actual: 5,773], 
[Row: 626] [Column: 2] [Expected: vzhukov] [Actual: slevin], 
[Row: 626] [Column: 3] [Expected: Slava Zhukov] [Actual: Sergey Levin], 
[Row: 627] [Column: 1] [Expected: 6,878] [Actual: 6,193], 
[Row: 627] [Column: 2] [Expected: byuan] [Actual: vzhukov], 
[Row: 627] [Column: 3] [Expected: Bo Yuan] [Actual: Slava Zhukov], 
[Row: 628] [Column: 1] [Expected: 6,973] [Actual: 6,878], 
[Row: 628] [Column: 2] [Expected: crolvung] [Actual: byuan], 
[Row: 628] [Column: 3] [Expected: Christian Rolvung] [Actual: Bo Yuan], 
[Row: 628] [Column: 5] [Expected: Sydney] [Actual: 51 Astor Place], 
[Row: 629] [Column: 1] [Expected: 7,423] [Actual: 6,973], 
[Row: 629] [Column: 2] [Expected: nlubchen] [Actual: crolvung], 
[Row: 629] [Column: 3] [Expected: Nazar Lubchenko] [Actual: Christian Rolvung], 
[Row: 629] [Column: 5] [Expected: 51 Astor Place] [Actual: Sydney], 
[Row: 630] [Column: 1] [Expected: 7,536] [Actual: 7,423], 
[Row: 630] [Column: 2] [Expected: awestbro] [Actual: nlubchen], 
[Row: 630] [Column: 3] [Expected: Andrew Westbrook] [Actual: Nazar Lubchenko], 
[Row: 630] [Column: 4] [Expected: Front Office Technology] [Actual: Systems Trading], 
[Row: 631] [Column: 1] [Expected: 7,784] [Actual: 7,536], 
[Row: 631] [Column: 2] [Expected: ldeleo] [Actual: awestbro], 
[Row: 631] [Column: 3] [Expected: Lorenzo De Leo] [Actual: Andrew Westbrook], 
[Row: 631] [Column: 4] [Expected: Systems Trading] [Actual: Front Office Technology], 
[Row: 631] [Column: 5] [Expected: France] [Actual: 51 Astor Place], 
[Row: 632] [Column: 1] [Expected: 7,821] [Actual: 7,784], 
[Row: 632] [Column: 2] [Expected: wreid] [Actual: ldeleo], 
[Row: 632] [Column: 3] [Expected: William Reid] [Actual: Lorenzo De Leo], 
[Row: 632] [Column: 5] [Expected: 10 NBS] [Actual: France], 
[Row: 633] [Column: 1] [Expected: 1,188] [Actual: 7,821], 
[Row: 633] [Column: 2] [Expected: mglennan] [Actual: wreid], 
[Row: 633] [Column: 3] [Expected: Mike Glennan] [Actual: William Reid], 
[Row: 633] [Column: 5] [Expected: 200 Elm] [Actual: 10 NBS], 
[Row: 633] [Column: 6] [Expected: isttvvolasd21] [Actual: isttvvolasd20], 
[Row: 634] [Column: 1] [Expected: 3] [Actual: 1,188], 
[Row: 634] [Column: 2] [Expected: stevee] [Actual: mglennan], 
[Row: 634] [Column: 3] [Expected: Steve Evans] [Actual: Mike Glennan], 
[Row: 635] [Column: 1] [Expected: 5,848] [Actual: 3], 
[Row: 635] [Column: 2] [Expected: owatson] [Actual: stevee], 
[Row: 635] [Column: 3] [Expected: Ollie Watson] [Actual: Steve Evans], 
[Row: 635] [Column: 5] [Expected: 10 NBS] [Actual: 200 Elm], 
[Row: 636] [Column: 1] [Expected: 5,867] [Actual: 5,848], 
[Row: 636] [Column: 2] [Expected: dgenkin] [Actual: owatson], 
[Row: 636] [Column: 3] [Expected: Dmitriy Genkin] [Actual: Ollie Watson], 
[Row: 636] [Column: 5] [Expected: 51 Astor Place] [Actual: 10 NBS], 
[Row: 637] [Column: 1] [Expected: 5,864] [Actual: 5,867], 
[Row: 637] [Column: 2] [Expected: cvoekler] [Actual: dgenkin], 
[Row: 637] [Column: 3] [Expected: Christopher Voekler] [Actual: Dmitriy Genkin], 
[Row: 638] [Column: 1] [Expected: 5,773] [Actual: 5,864], 
[Row: 638] [Column: 2] [Expected: slevin] [Actual: cvoekler], 
[Row: 638] [Column: 3] [Expected: Sergey Levin] [Actual: Christopher Voekler], 
[Row: 639] [Column: 1] [Expected: 6,193] [Actual: 5,773], 
[Row: 639] [Column: 2] [Expected: vzhukov] [Actual: slevin], 
[Row: 639] [Column: 3] [Expected: Slava Zhukov] [Actual: Sergey Levin], 
[Row: 640] [Column: 1] [Expected: 6,878] [Actual: 6,193], 
[Row: 640] [Column: 2] [Expected: byuan] [Actual: vzhukov], 
[Row: 640] [Column: 3] [Expected: Bo Yuan] [Actual: Slava Zhukov], 
[Row: 641] [Column: 1] [Expected: 6,973] [Actual: 6,878], 
[Row: 641] [Column: 2] [Expected: crolvung] [Actual: byuan], 
[Row: 641] [Column: 3] [Expected: Christian Rolvung] [Actual: Bo Yuan], 
[Row: 641] [Column: 5] [Expected: Sydney] [Actual: 51 Astor Place], 
[Row: 642] [Column: 1] [Expected: 7,423] [Actual: 6,973], 
[Row: 642] [Column: 2] [Expected: nlubchen] [Actual: crolvung], 
[Row: 642] [Column: 3] [Expected: Nazar Lubchenko] [Actual: Christian Rolvung], 
[Row: 642] [Column: 5] [Expected: 51 Astor Place] [Actual: Sydney], 
[Row: 643] [Column: 1] [Expected: 7,536] [Actual: 7,423], 
[Row: 643] [Column: 2] [Expected: awestbro] [Actual: nlubchen], 
[Row: 643] [Column: 3] [Expected: Andrew Westbrook] [Actual: Nazar Lubchenko], 
[Row: 643] [Column: 4] [Expected: Front Office Technology] [Actual: Systems Trading], 
[Row: 644] [Column: 1] [Expected: 7,784] [Actual: 7,536], 
[Row: 644] [Column: 2] [Expected: ldeleo] [Actual: awestbro], 
[Row: 644] [Column: 3] [Expected: Lorenzo De Leo] [Actual: Andrew Westbrook], 
[Row: 644] [Column: 4] [Expected: Systems Trading] [Actual: Front Office Technology], 
[Row: 644] [Column: 5] [Expected: France] [Actual: 51 Astor Place], 
[Row: 645] [Column: 1] [Expected: 7,821] [Actual: 7,784], 
[Row: 645] [Column: 2] [Expected: wreid] [Actual: ldeleo], 
[Row: 645] [Column: 3] [Expected: William Reid] [Actual: Lorenzo De Leo], 
[Row: 645] [Column: 5] [Expected: 10 NBS] [Actual: France], 
[Row: 646] [Column: 1] [Expected: 1,188] [Actual: 7,821], 
[Row: 646] [Column: 2] [Expected: mglennan] [Actual: wreid], 
[Row: 646] [Column: 3] [Expected: Mike Glennan] [Actual: William Reid], 
[Row: 646] [Column: 5] [Expected: 200 Elm] [Actual: 10 NBS], 
[Row: 646] [Column: 6] [Expected: isttvvolasd22] [Actual: isttvvolasd21], 
[Row: 647] [Column: 1] [Expected: 3] [Actual: 1,188], 
[Row: 647] [Column: 2] [Expected: stevee] [Actual: mglennan], 
[Row: 647] [Column: 3] [Expected: Steve Evans] [Actual: Mike Glennan], 
[Row: 648] [Column: 1] [Expected: 5,848] [Actual: 3], 
[Row: 648] [Column: 2] [Expected: owatson] [Actual: stevee], 
[Row: 648] [Column: 3] [Expected: Ollie Watson] [Actual: Steve Evans], 
[Row: 648] [Column: 5] [Expected: 10 NBS] [Actual: 200 Elm], 
[Row: 649] [Column: 1] [Expected: 5,867] [Actual: 5,848], 
[Row: 649] [Column: 2] [Expected: dgenkin] [Actual: owatson], 
[Row: 649] [Column: 3] [Expected: Dmitriy Genkin] [Actual: Ollie Watson], 
[Row: 649] [Column: 5] [Expected: 51 Astor Place] [Actual: 10 NBS], 
[Row: 650] [Column: 1] [Expected: 5,864] [Actual: 5,867], 
[Row: 650] [Column: 2] [Expected: cvoekler] [Actual: dgenkin], 
[Row: 650] [Column: 3] [Expected: Christopher Voekler] [Actual: Dmitriy Genkin], 
[Row: 651] [Column: 1] [Expected: 5,773] [Actual: 5,864], 
[Row: 651] [Column: 2] [Expected: slevin] [Actual: cvoekler], 
[Row: 651] [Column: 3] [Expected: Sergey Levin] [Actual: Christopher Voekler], 
[Row: 652] [Column: 1] [Expected: 6,193] [Actual: 5,773], 
[Row: 652] [Column: 2] [Expected: vzhukov] [Actual: slevin], 
[Row: 652] [Column: 3] [Expected: Slava Zhukov] [Actual: Sergey Levin], 
[Row: 653] [Column: 1] [Expected: 6,878] [Actual: 6,193], 
[Row: 653] [Column: 2] [Expected: byuan] [Actual: vzhukov], 
[Row: 653] [Column: 3] [Expected: Bo Yuan] [Actual: Slava Zhukov], 
[Row: 654] [Column: 1] [Expected: 6,973] [Actual: 6,878], 
[Row: 654] [Column: 2] [Expected: crolvung] [Actual: byuan], 
[Row: 654] [Column: 3] [Expected: Christian Rolvung] [Actual: Bo Yuan], 
[Row: 654] [Column: 5] [Expected: Sydney] [Actual: 51 Astor Place], 
[Row: 655] [Column: 1] [Expected: 7,423] [Actual: 6,973], 
[Row: 655] [Column: 2] [Expected: nlubchen] [Actual: crolvung], 
[Row: 655] [Column: 3] [Expected: Nazar Lubchenko] [Actual: Christian Rolvung], 
[Row: 655] [Column: 5] [Expected: 51 Astor Place] [Actual: Sydney], 
[Row: 656] [Column: 1] [Expected: 7,784] [Actual: 7,423], 
[Row: 656] [Column: 2] [Expected: ldeleo] [Actual: nlubchen], 
[Row: 656] [Column: 3] [Expected: Lorenzo De Leo] [Actual: Nazar Lubchenko], 
[Row: 656] [Column: 5] [Expected: France] [Actual: 51 Astor Place], 
[Row: 657] [Column: 1] [Expected: 7,821] [Actual: 7,784], 
[Row: 657] [Column: 2] [Expected: wreid] [Actual: ldeleo], 
[Row: 657] [Column: 3] [Expected: William Reid] [Actual: Lorenzo De Leo], 
[Row: 657] [Column: 5] [Expected: 10 NBS] [Actual: France], 
[Row: 658] [Column: 1] [Expected: 1,188] [Actual: 7,821], 
[Row: 658] [Column: 2] [Expected: mglennan] [Actual: wreid], 
[Row: 658] [Column: 3] [Expected: Mike Glennan] [Actual: William Reid], 
[Row: 658] [Column: 5] [Expected: 200 Elm] [Actual: 10 NBS], 
[Row: 658] [Column: 6] [Expected: isttvvolasd22lev] [Actual: isttvvolasd22], 
[Row: 659] [Column: 6] [Expected: isttvvolasd3] [Actual: isttvvolasd22lev], 
[Row: 660] [Column: 1] [Expected: 3] [Actual: 1,188], 
[Row: 660] [Column: 2] [Expected: stevee] [Actual: mglennan], 
[Row: 660] [Column: 3] [Expected: Steve Evans] [Actual: Mike Glennan], 
[Row: 661] [Column: 1] [Expected: 5,848] [Actual: 3], 
[Row: 661] [Column: 2] [Expected: owatson] [Actual: stevee], 
[Row: 661] [Column: 3] [Expected: Ollie Watson] [Actual: Steve Evans], 
[Row: 661] [Column: 5] [Expected: 10 NBS] [Actual: 200 Elm], 
[Row: 662] [Column: 1] [Expected: 5,867] [Actual: 5,848], 
[Row: 662] [Column: 2] [Expected: dgenkin] [Actual: owatson], 
[Row: 662] [Column: 3] [Expected: Dmitriy Genkin] [Actual: Ollie Watson], 
[Row: 662] [Column: 5] [Expected: 51 Astor Place] [Actual: 10 NBS], 
[Row: 663] [Column: 1] [Expected: 5,864] [Actual: 5,867], 
[Row: 663] [Column: 2] [Expected: cvoekler] [Actual: dgenkin], 
[Row: 663] [Column: 3] [Expected: Christopher Voekler] [Actual: Dmitriy Genkin], 
[Row: 664] [Column: 1] [Expected: 5,773] [Actual: 5,864], 
[Row: 664] [Column: 2] [Expected: slevin] [Actual: cvoekler], 
[Row: 664] [Column: 3] [Expected: Sergey Levin] [Actual: Christopher Voekler], 
[Row: 665] [Column: 1] [Expected: 6,193] [Actual: 5,773], 
[Row: 665] [Column: 2] [Expected: vzhukov] [Actual: slevin], 
[Row: 665] [Column: 3] [Expected: Slava Zhukov] [Actual: Sergey Levin], 
[Row: 666] [Column: 1] [Expected: 7,784] [Actual: 6,193], 
[Row: 666] [Column: 2] [Expected: ldeleo] [Actual: vzhukov], 
[Row: 666] [Column: 3] [Expected: Lorenzo De Leo] [Actual: Slava Zhukov], 
[Row: 666] [Column: 5] [Expected: France] [Actual: 51 Astor Place], 
[Row: 667] [Column: 1] [Expected: 1,188] [Actual: 7,784], 
[Row: 667] [Column: 2] [Expected: mglennan] [Actual: ldeleo], 
[Row: 667] [Column: 3] [Expected: Mike Glennan] [Actual: Lorenzo De Leo], 
[Row: 667] [Column: 5] [Expected: 200 Elm] [Actual: France], 
[Row: 667] [Column: 6] [Expected: isttvvolasd4] [Actual: isttvvolasd3], 
[Row: 668] [Column: 1] [Expected: 3] [Actual: 1,188], 
[Row: 668] [Column: 2] [Expected: stevee] [Actual: mglennan], 
[Row: 668] [Column: 3] [Expected: Steve Evans] [Actual: Mike Glennan], 
[Row: 669] [Column: 1] [Expected: 5,848] [Actual: 3], 
[Row: 669] [Column: 2] [Expected: owatson] [Actual: stevee], 
[Row: 669] [Column: 3] [Expected: Ollie Watson] [Actual: Steve Evans], 
[Row: 669] [Column: 5] [Expected: 10 NBS] [Actual: 200 Elm], 
[Row: 670] [Column: 1] [Expected: 5,867] [Actual: 5,848], 
[Row: 670] [Column: 2] [Expected: dgenkin] [Actual: owatson], 
[Row: 670] [Column: 3] [Expected: Dmitriy Genkin] [Actual: Ollie Watson], 
[Row: 670] [Column: 5] [Expected: 51 Astor Place] [Actual: 10 NBS], 
[Row: 671] [Column: 1] [Expected: 5,864] [Actual: 5,867], 
[Row: 671] [Column: 2] [Expected: cvoekler] [Actual: dgenkin], 
[Row: 671] [Column: 3] [Expected: Christopher Voekler] [Actual: Dmitriy Genkin], 
[Row: 672] [Column: 1] [Expected: 5,773] [Actual: 5,864], 
[Row: 672] [Column: 2] [Expected: slevin] [Actual: cvoekler], 
[Row: 672] [Column: 3] [Expected: Sergey Levin] [Actual: Christopher Voekler], 
[Row: 673] [Column: 1] [Expected: 6,193] [Actual: 5,773], 
[Row: 673] [Column: 2] [Expected: vzhukov] [Actual: slevin], 
[Row: 673] [Column: 3] [Expected: Slava Zhukov] [Actual: Sergey Levin], 
[Row: 674] [Column: 1] [Expected: 6,878] [Actual: 6,193], 
[Row: 674] [Column: 2] [Expected: byuan] [Actual: vzhukov], 
[Row: 674] [Column: 3] [Expected: Bo Yuan] [Actual: Slava Zhukov], 
[Row: 675] [Column: 1] [Expected: 6,973] [Actual: 6,878], 
[Row: 675] [Column: 2] [Expected: crolvung] [Actual: byuan], 
[Row: 675] [Column: 3] [Expected: Christian Rolvung] [Actual: Bo Yuan], 
[Row: 675] [Column: 5] [Expected: Sydney] [Actual: 51 Astor Place], 
[Row: 676] [Column: 1] [Expected: 7,423] [Actual: 6,973], 
[Row: 676] [Column: 2] [Expected: nlubchen] [Actual: crolvung], 
[Row: 676] [Column: 3] [Expected: Nazar Lubchenko] [Actual: Christian Rolvung], 
[Row: 676] [Column: 5] [Expected: 51 Astor Place] [Actual: Sydney], 
[Row: 677] [Column: 1] [Expected: 7,784] [Actual: 7,423], 
[Row: 677] [Column: 2] [Expected: ldeleo] [Actual: nlubchen], 
[Row: 677] [Column: 3] [Expected: Lorenzo De Leo] [Actual: Nazar Lubchenko], 
[Row: 677] [Column: 5] [Expected: France] [Actual: 51 Astor Place], 
[Row: 678] [Column: 1] [Expected: 7,821] [Actual: 7,784], 
[Row: 678] [Column: 2] [Expected: wreid] [Actual: ldeleo], 
[Row: 678] [Column: 3] [Expected: William Reid] [Actual: Lorenzo De Leo], 
[Row: 678] [Column: 5] [Expected: 10 NBS] [Actual: France], 
[Row: 679] [Column: 1] [Expected: 1,188] [Actual: 7,821], 
[Row: 679] [Column: 2] [Expected: mglennan] [Actual: wreid], 
[Row: 679] [Column: 3] [Expected: Mike Glennan] [Actual: William Reid], 
[Row: 679] [Column: 5] [Expected: 200 Elm] [Actual: 10 NBS], 
[Row: 679] [Column: 6] [Expected: isttvvolasd5] [Actual: isttvvolasd4], 
[Row: 680] [Column: 1] [Expected: 3] [Actual: 1,188], 
[Row: 680] [Column: 2] [Expected: stevee] [Actual: mglennan], 
[Row: 680] [Column: 3] [Expected: Steve Evans] [Actual: Mike Glennan], 
[Row: 681] [Column: 1] [Expected: 5,848] [Actual: 3], 
[Row: 681] [Column: 2] [Expected: owatson] [Actual: stevee], 
[Row: 681] [Column: 3] [Expected: Ollie Watson] [Actual: Steve Evans], 
[Row: 681] [Column: 5] [Expected: 10 NBS] [Actual: 200 Elm], 
[Row: 682] [Column: 1] [Expected: 5,867] [Actual: 5,848], 
[Row: 682] [Column: 2] [Expected: dgenkin] [Actual: owatson], 
[Row: 682] [Column: 3] [Expected: Dmitriy Genkin] [Actual: Ollie Watson], 
[Row: 682] [Column: 5] [Expected: 51 Astor Place] [Actual: 10 NBS], 
[Row: 683] [Column: 1] [Expected: 5,864] [Actual: 5,867], 
[Row: 683] [Column: 2] [Expected: cvoekler] [Actual: dgenkin], 
[Row: 683] [Column: 3] [Expected: Christopher Voekler] [Actual: Dmitriy Genkin], 
[Row: 684] [Column: 1] [Expected: 5,773] [Actual: 5,864], 
[Row: 684] [Column: 2] [Expected: slevin] [Actual: cvoekler], 
[Row: 684] [Column: 3] [Expected: Sergey Levin] [Actual: Christopher Voekler], 
[Row: 685] [Column: 1] [Expected: 6,193] [Actual: 5,773], 
[Row: 685] [Column: 2] [Expected: vzhukov] [Actual: slevin], 
[Row: 685] [Column: 3] [Expected: Slava Zhukov] [Actual: Sergey Levin], 
[Row: 686] [Column: 1] [Expected: 6,878] [Actual: 6,193], 
[Row: 686] [Column: 2] [Expected: byuan] [Actual: vzhukov], 
[Row: 686] [Column: 3] [Expected: Bo Yuan] [Actual: Slava Zhukov], 
[Row: 687] [Column: 1] [Expected: 6,973] [Actual: 6,878], 
[Row: 687] [Column: 2] [Expected: crolvung] [Actual: byuan], 
[Row: 687] [Column: 3] [Expected: Christian Rolvung] [Actual: Bo Yuan], 
[Row: 687] [Column: 5] [Expected: Sydney] [Actual: 51 Astor Place], 
[Row: 688] [Column: 1] [Expected: 7,423] [Actual: 6,973], 
[Row: 688] [Column: 2] [Expected: nlubchen] [Actual: crolvung], 
[Row: 688] [Column: 3] [Expected: Nazar Lubchenko] [Actual: Christian Rolvung], 
[Row: 688] [Column: 5] [Expected: 51 Astor Place] [Actual: Sydney], 
[Row: 689] [Column: 1] [Expected: 7,784] [Actual: 7,423], 
[Row: 689] [Column: 2] [Expected: ldeleo] [Actual: nlubchen], 
[Row: 689] [Column: 3] [Expected: Lorenzo De Leo] [Actual: Nazar Lubchenko], 
[Row: 689] [Column: 5] [Expected: France] [Actual: 51 Astor Place], 
[Row: 690] [Column: 1] [Expected: 7,821] [Actual: 7,784], 
[Row: 690] [Column: 2] [Expected: wreid] [Actual: ldeleo], 
[Row: 690] [Column: 3] [Expected: William Reid] [Actual: Lorenzo De Leo], 
[Row: 690] [Column: 5] [Expected: 10 NBS] [Actual: France], 
[Row: 691] [Column: 1] [Expected: 1,188] [Actual: 7,821], 
[Row: 691] [Column: 2] [Expected: mglennan] [Actual: wreid], 
[Row: 691] [Column: 3] [Expected: Mike Glennan] [Actual: William Reid], 
[Row: 691] [Column: 5] [Expected: 200 Elm] [Actual: 10 NBS], 
[Row: 691] [Column: 6] [Expected: isttvxSLlev] [Actual: isttvvolasd5], 
[Row: 692] [Column: 1] [Expected: 3] [Actual: 1,188], 
[Row: 692] [Column: 2] [Expected: stevee] [Actual: mglennan], 
[Row: 692] [Column: 3] [Expected: Steve Evans] [Actual: Mike Glennan], 
[Row: 693] [Column: 1] [Expected: 5,848] [Actual: 3], 
[Row: 693] [Column: 2] [Expected: owatson] [Actual: stevee], 
[Row: 693] [Column: 3] [Expected: Ollie Watson] [Actual: Steve Evans], 
[Row: 693] [Column: 5] [Expected: 10 NBS] [Actual: 200 Elm], 
[Row: 694] [Column: 1] [Expected: 5,867] [Actual: 5,848], 
[Row: 694] [Column: 2] [Expected: dgenkin] [Actual: owatson], 
[Row: 694] [Column: 3] [Expected: Dmitriy Genkin] [Actual: Ollie Watson], 
[Row: 694] [Column: 5] [Expected: 51 Astor Place] [Actual: 10 NBS], 
[Row: 695] [Column: 1] [Expected: 5,864] [Actual: 5,867], 
[Row: 695] [Column: 2] [Expected: cvoekler] [Actual: dgenkin], 
[Row: 695] [Column: 3] [Expected: Christopher Voekler] [Actual: Dmitriy Genkin], 
[Row: 696] [Column: 1] [Expected: 5,773] [Actual: 5,864], 
[Row: 696] [Column: 2] [Expected: slevin] [Actual: cvoekler], 
[Row: 696] [Column: 3] [Expected: Sergey Levin] [Actual: Christopher Voekler], 
[Row: 697] [Column: 1] [Expected: 5,897] [Actual: 5,773], 
[Row: 697] [Column: 2] [Expected: aodinaye] [Actual: slevin], 
[Row: 697] [Column: 3] [Expected: Alex Odinayev] [Actual: Sergey Levin], 
[Row: 698] [Column: 1] [Expected: 5,992] [Actual: 5,897], 
[Row: 698] [Column: 2] [Expected: wchapman] [Actual: aodinaye], 
[Row: 698] [Column: 3] [Expected: William Chapman] [Actual: Alex Odinayev], 
[Row: 698] [Column: 5] [Expected: 10 NBS] [Actual: 51 Astor Place], 
[Row: 699] [Column: 1] [Expected: 6,193] [Actual: 5,992], 
[Row: 699] [Column: 2] [Expected: vzhukov] [Actual: wchapman], 
[Row: 699] [Column: 3] [Expected: Slava Zhukov] [Actual: William Chapman], 
[Row: 699] [Column: 5] [Expected: 51 Astor Place] [Actual: 10 NBS], 
[Row: 700] [Column: 1] [Expected: 6,878] [Actual: 6,193], 
[Row: 700] [Column: 2] [Expected: byuan] [Actual: vzhukov], 
[Row: 700] [Column: 3] [Expected: Bo Yuan] [Actual: Slava Zhukov], 
[Row: 701] [Column: 1] [Expected: 6,973] [Actual: 6,878], 
[Row: 701] [Column: 2] [Expected: crolvung] [Actual: byuan], 
[Row: 701] [Column: 3] [Expected: Christian Rolvung] [Actual: Bo Yuan], 
[Row: 701] [Column: 5] [Expected: Sydney] [Actual: 51 Astor Place], 
[Row: 702] [Column: 1] [Expected: 7,095] [Actual: 6,973], 
[Row: 702] [Column: 2] [Expected: asamuel] [Actual: crolvung], 
[Row: 702] [Column: 3] [Expected: Alex Samuel] [Actual: Christian Rolvung], 
[Row: 702] [Column: 5] [Expected: 51 Astor Place] [Actual: Sydney], 
[Row: 703] [Column: 1] [Expected: 7,306] [Actual: 7,095], 
[Row: 703] [Column: 2] [Expected: wdorsey] [Actual: asamuel], 
[Row: 703] [Column: 3] [Expected: William Dorsey] [Actual: Alex Samuel], 
[Row: 703] [Column: 5] [Expected: 10 NBS] [Actual: 51 Astor Place], 
[Row: 704] [Column: 1] [Expected: 7,423] [Actual: 7,306], 
[Row: 704] [Column: 2] [Expected: nlubchen] [Actual: wdorsey], 
[Row: 704] [Column: 3] [Expected: Nazar Lubchenko] [Actual: William Dorsey], 
[Row: 704] [Column: 5] [Expected: 51 Astor Place] [Actual: 10 NBS], 
[Row: 705] [Column: 1] [Expected: 7,745] [Actual: 7,423], 
[Row: 705] [Column: 2] [Expected: jtereshc] [Actual: nlubchen], 
[Row: 705] [Column: 3] [Expected: Julie Tereshchenko] [Actual: Nazar Lubchenko], 
[Row: 706] [Column: 1] [Expected: 7,692] [Actual: 7,745], 
[Row: 706] [Column: 2] [Expected: oharrima] [Actual: jtereshc], 
[Row: 706] [Column: 3] [Expected: Oliver Harriman] [Actual: Julie Tereshchenko], 
[Row: 706] [Column: 5] [Expected: 10 NBS] [Actual: 51 Astor Place], 
[Row: 707] [Column: 1] [Expected: 1,188] [Actual: 7,692], 
[Row: 707] [Column: 2] [Expected: mglennan] [Actual: oharrima], 
[Row: 707] [Column: 3] [Expected: Mike Glennan] [Actual: Oliver Harriman], 
[Row: 707] [Column: 5] [Expected: 200 Elm] [Actual: 10 NBS], 
[Row: 707] [Column: 6] [Expected: isttvxcdsdlev] [Actual: isttvxSLlev], 
[Row: 708] [Column: 1] [Expected: 3] [Actual: 1,188], 
[Row: 708] [Column: 2] [Expected: stevee] [Actual: mglennan], 
[Row: 708] [Column: 3] [Expected: Steve Evans] [Actual: Mike Glennan], 
[Row: 709] [Column: 1] [Expected: 5,848] [Actual: 3], 
[Row: 709] [Column: 2] [Expected: owatson] [Actual: stevee], 
[Row: 709] [Column: 3] [Expected: Ollie Watson] [Actual: Steve Evans], 
[Row: 709] [Column: 5] [Expected: 10 NBS] [Actual: 200 Elm], 
[Row: 710] [Column: 1] [Expected: 5,773] [Actual: 5,848], 
[Row: 710] [Column: 2] [Expected: slevin] [Actual: owatson], 
[Row: 710] [Column: 3] [Expected: Sergey Levin] [Actual: Ollie Watson], 
[Row: 710] [Column: 5] [Expected: 51 Astor Place] [Actual: 10 NBS], 
[Row: 711] [Column: 1] [Expected: 7,095] [Actual: 5,773], 
[Row: 711] [Column: 2] [Expected: asamuel] [Actual: slevin], 
[Row: 711] [Column: 3] [Expected: Alex Samuel] [Actual: Sergey Levin], 
[Row: 712] [Column: 1] [Expected: 7,253] [Actual: 7,095], 
[Row: 712] [Column: 2] [Expected: acherner] [Actual: asamuel], 
[Row: 712] [Column: 3] [Expected: Alex Cherner] [Actual: Alex Samuel], 
[Row: 713] [Column: 1] [Expected: 7,594] [Actual: 7,253], 
[Row: 713] [Column: 2] [Expected: vpaskhav] [Actual: acherner], 
[Row: 713] [Column: 3] [Expected: Victor Paskhaver] [Actual: Alex Cherner], 
[Row: 714] [Column: 1] [Expected: 7,674] [Actual: 7,594], 
[Row: 714] [Column: 2] [Expected: cchin] [Actual: vpaskhav], 
[Row: 714] [Column: 3] [Expected: Chris Chin] [Actual: Victor Paskhaver], 
[Row: 715] [Column: 1] [Expected: 1,188] [Actual: 7,674], 
[Row: 715] [Column: 2] [Expected: mglennan] [Actual: cchin], 
[Row: 715] [Column: 3] [Expected: Mike Glennan] [Actual: Chris Chin], 
[Row: 715] [Column: 5] [Expected: 200 Elm] [Actual: 51 Astor Place], 
[Row: 715] [Column: 6] [Expected: isttvxmass1dlev] [Actual: isttvxcdsdlev], 
[Row: 716] [Column: 1] [Expected: 3] [Actual: 1,188], 
[Row: 716] [Column: 2] [Expected: stevee] [Actual: mglennan], 
[Row: 716] [Column: 3] [Expected: Steve Evans] [Actual: Mike Glennan], 
[Row: 717] [Column: 1] [Expected: 5,545] [Actual: 3], 
[Row: 717] [Column: 2] [Expected: twynter] [Actual: stevee], 
[Row: 717] [Column: 3] [Expected: Tom Wynter] [Actual: Steve Evans], 
[Row: 717] [Column: 6] [Expected: isttvxtwdlev] [Actual: isttvxmass1dlev], 
[Row: 718] [Column: 1] [Expected: 6,924] [Actual: 5,545], 
[Row: 718] [Column: 2] [Expected: fye] [Actual: twynter], 
[Row: 718] [Column: 3] [Expected: Fei Ye] [Actual: Tom Wynter], 
[Row: 719] [Column: 1] [Expected: 6,894] [Actual: 6,924], 
[Row: 719] [Column: 2] [Expected: rtoghrae] [Actual: fye], 
[Row: 719] [Column: 3] [Expected: Reza Toghraee] [Actual: Fei Ye], 
[Row: 720] [Column: 1] [Expected: 7,830] [Actual: 6,894], 
[Row: 720] [Column: 2] [Expected: jcasbon] [Actual: rtoghrae], 
[Row: 720] [Column: 3] [Expected: James Casbon] [Actual: Reza Toghraee], 
[Row: 720] [Column: 5] [Expected: 10 NBS] [Actual: 200 Elm], 
[Row: 721] [Column: 1] [Expected: 7,787] [Actual: 7,830], 
[Row: 721] [Column: 2] [Expected: lberkowi] [Actual: jcasbon], 
[Row: 721] [Column: 3] [Expected: Lee Berkowitz] [Actual: James Casbon], 
[Row: 721] [Column: 4] [Expected: Global Macro Trading] [Actual: Systems Trading], 
[Row: 721] [Column: 5] [Expected: 200 Elm] [Actual: 10 NBS], 
[Row: 721] [Column: 6] [Expected: lberkowi] [Actual: isttvxtwdlev], 
[Row: 722] [Column: 1] [Expected: 7,791] [Actual: 7,787], 
[Row: 722] [Column: 2] [Expected: kcheluka] [Actual: lberkowi], 
[Row: 722] [Column: 3] [Expected: Keerthi Cheluka] [Actual: Lee Berkowitz], 
[Row: 723] [Column: 1] [Expected: 7,862] [Actual: 7,791], 
[Row: 723] [Column: 2] [Expected: morsley] [Actual: kcheluka], 
[Row: 723] [Column: 3] [Expected: Mark Orsley] [Actual: Keerthi Cheluka], 
[Row: 724] [Column: 1] [Expected: 1,188] [Actual: 7,862], 
[Row: 724] [Column: 2] [Expected: mglennan] [Actual: morsley], 
[Row: 724] [Column: 3] [Expected: Mike Glennan] [Actual: Mark Orsley], 
[Row: 724] [Column: 4] [Expected: Systems Trading] [Actual: Global Macro Trading], 
[Row: 724] [Column: 6] [Expected: lttech] [Actual: lberkowi], 
[Row: 725] [Column: 1] [Expected: 5,047] [Actual: 1,188], 
[Row: 725] [Column: 2] [Expected: kniedfel] [Actual: mglennan], 
[Row: 725] [Column: 3] [Expected: Keith Niedfeldt] [Actual: Mike Glennan], 
[Row: 725] [Column: 4] [Expected: Global Macro Trading] [Actual: Systems Trading], 
[Row: 725] [Column: 5] [Expected: 51 Astor Place] [Actual: 200 Elm], 
[Row: 726] [Column: 1] [Expected: 629] [Actual: 5,047], 
[Row: 726] [Column: 2] [Expected: uhoffman] [Actual: kniedfel], 
[Row: 726] [Column: 3] [Expected: Ulrike Hoffmann-Burchardi] [Actual: Keith Niedfeldt], 
[Row: 727] [Column: 1] [Expected: 4,229] [Actual: 629], 
[Row: 727] [Column: 2] [Expected: okieran] [Actual: uhoffman], 
[Row: 727] [Column: 3] [Expected: Kieran O'Donnell] [Actual: Ulrike Hoffmann-Burchardi], 
[Row: 728] [Column: 1] [Expected: 7,002] [Actual: 4,229], 
[Row: 728] [Column: 2] [Expected: slee] [Actual: okieran], 
[Row: 728] [Column: 3] [Expected: Sunyan Lee] [Actual: Kieran O'Donnell], 
[Row: 729] [Column: 1] [Expected: 7,852] [Actual: 7,002], 
[Row: 729] [Column: 2] [Expected: drainvil] [Actual: slee], 
[Row: 729] [Column: 3] [Expected: David Rainville] [Actual: Sunyan Lee], 
[Row: 730] [Column: 1] [Expected: 5,396] [Actual: 7,852], 
[Row: 730] [Column: 2] [Expected: mmalbasi] [Actual: drainvil], 
[Row: 730] [Column: 3] [Expected: Mihail Malbasic] [Actual: David Rainville], 
[Row: 730] [Column: 5] [Expected: 10 NBS] [Actual: 51 Astor Place], 
[Row: 730] [Column: 6] [Expected: mmalbasi] [Actual: lttech], 
[Row: 731] [Column: 1] [Expected: 5,841] [Actual: 5,396], 
[Row: 731] [Column: 2] [Expected: mbilotti] [Actual: mmalbasi], 
[Row: 731] [Column: 3] [Expected: Michael Bilotti (Rebar)] [Actual: Mihail Malbasic], 
[Row: 731] [Column: 4] [Expected: IT Vendor Services] [Actual: Global Macro Trading], 
[Row: 731] [Column: 5] [Expected: Offsite - US Office] [Actual: 10 NBS], 
[Row: 732] [Column: 1] [Expected: 7,685] [Actual: 5,841], 
[Row: 732] [Column: 2] [Expected: dmilijan] [Actual: mbilotti], 
[Row: 732] [Column: 3] [Expected: Dusan Milijancevic] [Actual: Michael Bilotti (Rebar)], 
[Row: 732] [Column: 4] [Expected: Global Macro Trading] [Actual: IT Vendor Services], 
[Row: 732] [Column: 5] [Expected: 10 NBS] [Actual: Offsite - US Office], 
[Row: 733] [Column: 1] [Expected: 6,330] [Actual: 7,685], 
[Row: 733] [Column: 2] [Expected: nbhuta] [Actual: dmilijan], 
[Row: 733] [Column: 3] [Expected: Nick Bhuta] [Actual: Dusan Milijancevic], 
[Row: 733] [Column: 5] [Expected: 51 Astor Place] [Actual: 10 NBS], 
[Row: 733] [Column: 6] [Expected: nbhuta] [Actual: mmalbasi], 
[Row: 734] [Column: 1] [Expected: 7,430] [Actual: 6,330], 
[Row: 734] [Column: 2] [Expected: tstoffer] [Actual: nbhuta], 
[Row: 734] [Column: 3] [Expected: Tyler Stoffers] [Actual: Nick Bhuta], 
[Row: 735] [Column: 1] [Expected: 7,417] [Actual: 7,430], 
[Row: 735] [Column: 2] [Expected: dprakape] [Actual: tstoffer], 
[Row: 735] [Column: 3] [Expected: Dzmitry Prakapenka] [Actual: Tyler Stoffers], 
[Row: 736] [Column: 1] [Expected: 7,718] [Actual: 7,417], 
[Row: 736] [Column: 2] [Expected: fschoens] [Actual: dprakape], 
[Row: 736] [Column: 3] [Expected: Fred Schoenstein] [Actual: Dzmitry Prakapenka], 
[Row: 737] [Column: 1] [Expected: 7,766] [Actual: 7,718], 
[Row: 737] [Column: 2] [Expected: seans] [Actual: fschoens], 
[Row: 737] [Column: 3] [Expected: Sean Sullivan] [Actual: Fred Schoenstein], 
[Row: 738] [Column: 1] [Expected: 7,537] [Actual: 7,766], 
[Row: 738] [Column: 2] [Expected: qkhan] [Actual: seans], 
[Row: 738] [Column: 3] [Expected: Qasim Khan] [Actual: Sean Sullivan], 
[Row: 739] [Column: 1] [Expected: 7,610] [Actual: 7,537], 
[Row: 739] [Column: 2] [Expected: nsharma] [Actual: qkhan], 
[Row: 739] [Column: 3] [Expected: Nikhil Sharma] [Actual: Qasim Khan], 
[Row: 739] [Column: 6] [Expected: nsharma] [Actual: nbhuta], 
[Row: 740] [Column: 1] [Expected: 7,709] [Actual: 7,610], 
[Row: 740] [Column: 2] [Expected: ohawkins] [Actual: nsharma], 
[Row: 740] [Column: 3] [Expected: Ollie Hawkins] [Actual: Nikhil Sharma], 
[Row: 740] [Column: 5] [Expected: 10 NBS] [Actual: 51 Astor Place], 
[Row: 740] [Column: 6] [Expected: ohawkins] [Actual: nsharma], 
[Row: 741] [Column: 1] [Expected: 7,712] [Actual: 7,709], 
[Row: 741] [Column: 2] [Expected: carmitag] [Actual: ohawkins], 
[Row: 741] [Column: 3] [Expected: Charmaine Armitage-Caplan] [Actual: Ollie Hawkins], 
[Row: 742] [Column: 1] [Expected: 207] [Actual: 7,712], 
[Row: 742] [Column: 2] [Expected: albertoa] [Actual: carmitag], 
[Row: 742] [Column: 3] [Expected: Alberto Antonini] [Actual: Charmaine Armitage-Caplan], 
[Row: 742] [Column: 4] [Expected: Flow of Funds] [Actual: Global Macro Trading], 
[Row: 742] [Column: 5] [Expected: 51 Astor Place] [Actual: 10 NBS], 
[Row: 742] [Column: 6] [Expected: paul] [Actual: ohawkins], 
[Row: 743] [Column: 1] [Expected: 4,681] [Actual: 207], 
[Row: 743] [Column: 2] [Expected: kcheong] [Actual: albertoa], 
[Row: 743] [Column: 3] [Expected: Kenneth Cheong] [Actual: Alberto Antonini], 
[Row: 744] [Column: 1] [Expected: 987] [Actual: 4,681], 
[Row: 744] [Column: 2] [Expected: cdodman] [Actual: kcheong], 
[Row: 744] [Column: 3] [Expected: Colleen Dodman] [Actual: Kenneth Cheong], 
[Row: 744] [Column: 4] [Expected: PTJ Personal] [Actual: Flow of Funds], 
[Row: 744] [Column: 5] [Expected: Greenwich American Center] [Actual: 51 Astor Place], 
[Row: 745] [Column: 1] [Expected: 324] [Actual: 987], 
[Row: 745] [Column: 2] [Expected: jscranton] [Actual: cdodman], 
[Row: 745] [Column: 3] [Expected: John Scranton] [Actual: Colleen Dodman], 
[Row: 745] [Column: 4] [Expected: Market Strategy] [Actual: PTJ Personal], 
[Row: 745] [Column: 5] [Expected: 200 Elm] [Actual: Greenwich American Center], 
[Row: 746] [Column: 1] [Expected: 6,030] [Actual: 324], 
[Row: 746] [Column: 2] [Expected: spearson] [Actual: jscranton], 
[Row: 746] [Column: 3] [Expected: Steven Pearson] [Actual: John Scranton], 
[Row: 746] [Column: 4] [Expected: Flow of Funds] [Actual: Market Strategy], 
[Row: 746] [Column: 5] [Expected: 51 Astor Place] [Actual: 200 Elm], 
[Row: 747] [Column: 1] [Expected: 6,057] [Actual: 6,030], 
[Row: 747] [Column: 2] [Expected: clim] [Actual: spearson], 
[Row: 747] [Column: 3] [Expected: Curtis Lim] [Actual: Steven Pearson], 
[Row: 748] [Column: 1] [Expected: 7,758] [Actual: 6,057], 
[Row: 748] [Column: 2] [Expected: carolz] [Actual: clim], 
[Row: 748] [Column: 3] [Expected: Carol Zhang] [Actual: Curtis Lim], 
[Row: 749] [Column: 1] [Expected: 7,737] [Actual: 7,758], 
[Row: 749] [Column: 2] [Expected: dzhou] [Actual: carolz], 
[Row: 749] [Column: 3] [Expected: Daniel Zhou] [Actual: Carol Zhang], 
[Row: 750] [Column: 1] [Expected: 7,020] [Actual: 7,737], 
[Row: 750] [Column: 2] [Expected: jzhu] [Actual: dzhou], 
[Row: 750] [Column: 3] [Expected: Jessica Zhu] [Actual: Daniel Zhou], 
[Row: 751] [Column: 1] [Expected: 324] [Actual: 7,020], 
[Row: 751] [Column: 2] [Expected: jscranton] [Actual: jzhu], 
[Row: 751] [Column: 3] [Expected: John Scranton] [Actual: Jessica Zhu], 
[Row: 751] [Column: 4] [Expected: Market Strategy] [Actual: Flow of Funds], 
[Row: 751] [Column: 5] [Expected: 200 Elm] [Actual: 51 Astor Place], 
[Row: 751] [Column: 6] [Expected: paulinfl] [Actual: paul], 
[Row: 752] [Column: 6] [Expected: pauljwoffset] [Actual: paulinfl], 
[Row: 753] [Column: 6] [Expected: pauljwsyn] [Actual: pauljwoffset], 
[Row: 754] [Column: 1] [Expected: 207] [Actual: 324], 
[Row: 754] [Column: 2] [Expected: albertoa] [Actual: jscranton], 
[Row: 754] [Column: 3] [Expected: Alberto Antonini] [Actual: John Scranton], 
[Row: 754] [Column: 4] [Expected: Flow of Funds] [Actual: Market Strategy], 
[Row: 754] [Column: 5] [Expected: 51 Astor Place] [Actual: 200 Elm], 
[Row: 754] [Column: 6] [Expected: paullev] [Actual: pauljwsyn], 
[Row: 755] [Column: 1] [Expected: 4,681] [Actual: 207], 
[Row: 755] [Column: 2] [Expected: kcheong] [Actual: albertoa], 
[Row: 755] [Column: 3] [Expected: Kenneth Cheong] [Actual: Alberto Antonini], 
[Row: 756] [Column: 1] [Expected: 987] [Actual: 4,681], 
[Row: 756] [Column: 2] [Expected: cdodman] [Actual: kcheong], 
[Row: 756] [Column: 3] [Expected: Colleen Dodman] [Actual: Kenneth Cheong], 
[Row: 756] [Column: 4] [Expected: PTJ Personal] [Actual: Flow of Funds], 
[Row: 756] [Column: 5] [Expected: Greenwich American Center] [Actual: 51 Astor Place], 
[Row: 757] [Column: 1] [Expected: 324] [Actual: 987], 
[Row: 757] [Column: 2] [Expected: jscranton] [Actual: cdodman], 
[Row: 757] [Column: 3] [Expected: John Scranton] [Actual: Colleen Dodman], 
[Row: 757] [Column: 4] [Expected: Market Strategy] [Actual: PTJ Personal], 
[Row: 757] [Column: 5] [Expected: 200 Elm] [Actual: Greenwich American Center], 
[Row: 758] [Column: 1] [Expected: 7,758] [Actual: 324], 
[Row: 758] [Column: 2] [Expected: carolz] [Actual: jscranton], 
[Row: 758] [Column: 3] [Expected: Carol Zhang] [Actual: John Scranton], 
[Row: 758] [Column: 4] [Expected: Flow of Funds] [Actual: Market Strategy], 
[Row: 758] [Column: 5] [Expected: 51 Astor Place] [Actual: 200 Elm], 
[Row: 759] [Column: 1] [Expected: 5,186] [Actual: 7,758], 
[Row: 759] [Column: 2] [Expected: jgerstei] [Actual: carolz], 
[Row: 759] [Column: 3] [Expected: Jason Gerstein] [Actual: Carol Zhang], 
[Row: 759] [Column: 4] [Expected: Quant Initiatives] [Actual: Flow of Funds], 
[Row: 759] [Column: 6] [Expected: qistmajg1] [Actual: paullev], 
[Row: 760] [Column: 1] [Expected: 7,159] [Actual: 5,186], 
[Row: 760] [Column: 2] [Expected: vdobru] [Actual: jgerstei], 
[Row: 760] [Column: 3] [Expected: Vlad Dobru] [Actual: Jason Gerstein], 
[Row: 761] [Column: 1] [Expected: 7,074] [Actual: 7,159], 
[Row: 761] [Column: 2] [Expected: pchan] [Actual: vdobru], 
[Row: 761] [Column: 3] [Expected: Patrick Chan] [Actual: Vlad Dobru], 
[Row: 761] [Column: 5] [Expected: Singapore] [Actual: 51 Astor Place], 
[Row: 762] [Column: 1] [Expected: 7,846] [Actual: 7,074], 
[Row: 762] [Column: 2] [Expected: ychia] [Actual: pchan], 
[Row: 762] [Column: 3] [Expected: Yeow Khiang Chia] [Actual: Patrick Chan], 
[Row: 763] [Column: 1] [Expected: 5,186] [Actual: 7,846], 
[Row: 763] [Column: 2] [Expected: jgerstei] [Actual: ychia], 
[Row: 763] [Column: 3] [Expected: Jason Gerstein] [Actual: Yeow Khiang Chia], 
[Row: 763] [Column: 5] [Expected: 51 Astor Place] [Actual: Singapore], 
[Row: 763] [Column: 6] [Expected: qistmajg1hedge] [Actual: qistmajg1], 
[Row: 764] [Column: 1] [Expected: 7,159] [Actual: 5,186], 
[Row: 764] [Column: 2] [Expected: vdobru] [Actual: jgerstei], 
[Row: 764] [Column: 3] [Expected: Vlad Dobru] [Actual: Jason Gerstein], 
[Row: 765] [Column: 1] [Expected: 7,074] [Actual: 7,159], 
[Row: 765] [Column: 2] [Expected: pchan] [Actual: vdobru], 
[Row: 765] [Column: 3] [Expected: Patrick Chan] [Actual: Vlad Dobru], 
[Row: 765] [Column: 5] [Expected: Singapore] [Actual: 51 Astor Place], 
[Row: 766] [Column: 1] [Expected: 7,846] [Actual: 7,074], 
[Row: 766] [Column: 2] [Expected: ychia] [Actual: pchan], 
[Row: 766] [Column: 3] [Expected: Yeow Khiang Chia] [Actual: Patrick Chan], 
[Row: 767] [Column: 1] [Expected: 5,186] [Actual: 7,846], 
[Row: 767] [Column: 2] [Expected: jgerstei] [Actual: ychia], 
[Row: 767] [Column: 3] [Expected: Jason Gerstein] [Actual: Yeow Khiang Chia], 
[Row: 767] [Column: 5] [Expected: 51 Astor Place] [Actual: Singapore], 
[Row: 767] [Column: 6] [Expected: qistmajg1lev] [Actual: qistmajg1hedge], 
[Row: 768] [Column: 1] [Expected: 7,159] [Actual: 5,186], 
[Row: 768] [Column: 2] [Expected: vdobru] [Actual: jgerstei], 
[Row: 768] [Column: 3] [Expected: Vlad Dobru] [Actual: Jason Gerstein], 
[Row: 769] [Column: 1] [Expected: 7,074] [Actual: 7,159], 
[Row: 769] [Column: 2] [Expected: pchan] [Actual: vdobru], 
[Row: 769] [Column: 3] [Expected: Patrick Chan] [Actual: Vlad Dobru], 
[Row: 769] [Column: 5] [Expected: Singapore] [Actual: 51 Astor Place], 
[Row: 770] [Column: 1] [Expected: 7,846] [Actual: 7,074], 
[Row: 770] [Column: 2] [Expected: ychia] [Actual: pchan], 
[Row: 770] [Column: 3] [Expected: Yeow Khiang Chia] [Actual: Patrick Chan], 
[Row: 771] [Column: 1] [Expected: 4,478] [Actual: 7,846], 
[Row: 771] [Column: 2] [Expected: afox] [Actual: ychia], 
[Row: 771] [Column: 3] [Expected: Ashley Fox] [Actual: Yeow Khiang Chia], 
[Row: 771] [Column: 4] [Expected: Global Macro Trading] [Actual: Quant Initiatives], 
[Row: 771] [Column: 5] [Expected: 10 NBS] [Actual: Singapore], 
[Row: 771] [Column: 6] [Expected: rjackson] [Actual: qistmajg1lev], 
[Row: 772] [Column: 1] [Expected: 1,101] [Actual: 4,478], 
[Row: 772] [Column: 2] [Expected: rjackson] [Actual: afox], 
[Row: 772] [Column: 3] [Expected: Richard Jackson] [Actual: Ashley Fox], 
[Row: 773] [Column: 1] [Expected: 7,507] [Actual: 1,101], 
[Row: 773] [Column: 2] [Expected: joeg] [Actual: rjackson], 
[Row: 773] [Column: 3] [Expected: Joe Goodman] [Actual: Richard Jackson], 
[Row: 774] [Column: 1] [Expected: 7,789] [Actual: 7,507], 
[Row: 774] [Column: 2] [Expected: sschuste] [Actual: joeg], 
[Row: 774] [Column: 3] [Expected: Stuart Schuster] [Actual: Joe Goodman], 
[Row: 774] [Column: 5] [Expected: Offsite - US Office] [Actual: 10 NBS], 
[Row: 774] [Column: 6] [Expected: sschuste] [Actual: rjackson], 
[Row: 775] [Column: 1] [Expected: 7,858] [Actual: 7,789], 
[Row: 775] [Column: 2] [Expected: cwong] [Actual: sschuste], 
[Row: 775] [Column: 3] [Expected: Chee Mun Wong] [Actual: Stuart Schuster], 
[Row: 775] [Column: 5] [Expected: Singapore] [Actual: Offsite - US Office], 
[Row: 776] [Column: 1] [Expected: 131] [Actual: 7,858], 
[Row: 776] [Column: 2] [Expected: dcook] [Actual: cwong], 
[Row: 776] [Column: 3] [Expected: Daryl Cook] [Actual: Chee Mun Wong], 
[Row: 776] [Column: 4] [Expected: Systems Trading] [Actual: Global Macro Trading], 
[Row: 776] [Column: 5] [Expected: 10 NBS] [Actual: Singapore], 
[Row: 776] [Column: 6] [Expected: synfundma] [Actual: sschuste], 
[Row: 777] [Column: 1] [Expected: 3] [Actual: 131], 
[Row: 777] [Column: 2] [Expected: stevee] [Actual: dcook], 
[Row: 777] [Column: 3] [Expected: Steve Evans] [Actual: Daryl Cook], 
[Row: 777] [Column: 5] [Expected: 200 Elm] [Actual: 10 NBS], 
[Row: 778] [Column: 1] [Expected: 5,032] [Actual: 3], 
[Row: 778] [Column: 2] [Expected: abelinky] [Actual: stevee], 
[Row: 778] [Column: 3] [Expected: Alejandro Belinky] [Actual: Steve Evans], 
[Row: 778] [Column: 4] [Expected: Global Macro Trading] [Actual: Systems Trading], 
[Row: 779] [Column: 1] [Expected: 131] [Actual: 5,032], 
[Row: 779] [Column: 2] [Expected: dcook] [Actual: abelinky], 
[Row: 779] [Column: 3] [Expected: Daryl Cook] [Actual: Alejandro Belinky], 
[Row: 779] [Column: 4] [Expected: Systems Trading] [Actual: Global Macro Trading], 
[Row: 779] [Column: 5] [Expected: 10 NBS] [Actual: 200 Elm], 
[Row: 779] [Column: 6] [Expected: sysallab1] [Actual: synfundma], 
[Row: 780] [Column: 1] [Expected: 1,188] [Actual: 131], 
[Row: 780] [Column: 2] [Expected: mglennan] [Actual: dcook], 
[Row: 780] [Column: 3] [Expected: Mike Glennan] [Actual: Daryl Cook], 
[Row: 780] [Column: 5] [Expected: 200 Elm] [Actual: 10 NBS], 
[Row: 781] [Column: 1] [Expected: 3] [Actual: 1,188], 
[Row: 781] [Column: 2] [Expected: stevee] [Actual: mglennan], 
[Row: 781] [Column: 3] [Expected: Steve Evans] [Actual: Mike Glennan], 
[Row: 782] [Column: 1] [Expected: 5,032] [Actual: 3], 
[Row: 782] [Column: 2] [Expected: abelinky] [Actual: stevee], 
[Row: 782] [Column: 3] [Expected: Alejandro Belinky] [Actual: Steve Evans], 
[Row: 782] [Column: 4] [Expected: Global Macro Trading] [Actual: Systems Trading], 
[Row: 783] [Column: 1] [Expected: 6,799] [Actual: 5,032], 
[Row: 783] [Column: 2] [Expected: dyu] [Actual: abelinky], 
[Row: 783] [Column: 3] [Expected: Danny Yu] [Actual: Alejandro Belinky], 
[Row: 783] [Column: 5] [Expected: 51 Astor Place] [Actual: 200 Elm], 
[Row: 784] [Column: 1] [Expected: 1,188] [Actual: 6,799], 
[Row: 784] [Column: 2] [Expected: mglennan] [Actual: dyu], 
[Row: 784] [Column: 3] [Expected: Mike Glennan] [Actual: Danny Yu], 
[Row: 784] [Column: 4] [Expected: Systems Trading] [Actual: Global Macro Trading], 
[Row: 784] [Column: 5] [Expected: 200 Elm] [Actual: 51 Astor Place], 
[Row: 784] [Column: 6] [Expected: syseqased1] [Actual: sysallab1], 
[Row: 785] [Column: 1] [Expected: 5,047] [Actual: 1,188], 
[Row: 785] [Column: 2] [Expected: kniedfel] [Actual: mglennan], 
[Row: 785] [Column: 3] [Expected: Keith Niedfeldt] [Actual: Mike Glennan], 
[Row: 785] [Column: 4] [Expected: Global Macro Trading] [Actual: Systems Trading], 
[Row: 785] [Column: 5] [Expected: 51 Astor Place] [Actual: 200 Elm], 
[Row: 786] [Column: 1] [Expected: 629] [Actual: 5,047], 
[Row: 786] [Column: 2] [Expected: uhoffman] [Actual: kniedfel], 
[Row: 786] [Column: 3] [Expected: Ulrike Hoffmann-Burchardi] [Actual: Keith Niedfeldt], 
[Row: 787] [Column: 1] [Expected: 4,229] [Actual: 629], 
[Row: 787] [Column: 2] [Expected: okieran] [Actual: uhoffman], 
[Row: 787] [Column: 3] [Expected: Kieran O'Donnell] [Actual: Ulrike Hoffmann-Burchardi], 
[Row: 788] [Column: 1] [Expected: 7,002] [Actual: 4,229], 
[Row: 788] [Column: 2] [Expected: slee] [Actual: okieran], 
[Row: 788] [Column: 3] [Expected: Sunyan Lee] [Actual: Kieran O'Donnell], 
[Row: 789] [Column: 1] [Expected: 7,852] [Actual: 7,002], 
[Row: 789] [Column: 2] [Expected: drainvil] [Actual: slee], 
[Row: 789] [Column: 3] [Expected: David Rainville] [Actual: Sunyan Lee], 
[Row: 790] [Column: 1] [Expected: 1,188] [Actual: 7,852], 
[Row: 790] [Column: 2] [Expected: mglennan] [Actual: drainvil], 
[Row: 790] [Column: 3] [Expected: Mike Glennan] [Actual: David Rainville], 
[Row: 790] [Column: 4] [Expected: Systems Trading] [Actual: Global Macro Trading], 
[Row: 790] [Column: 5] [Expected: 200 Elm] [Actual: 51 Astor Place], 
[Row: 790] [Column: 6] [Expected: syseqeued1] [Actual: syseqased1], 
[Row: 791] [Column: 1] [Expected: 5,047] [Actual: 1,188], 
[Row: 791] [Column: 2] [Expected: kniedfel] [Actual: mglennan], 
[Row: 791] [Column: 3] [Expected: Keith Niedfeldt] [Actual: Mike Glennan], 
[Row: 791] [Column: 4] [Expected: Global Macro Trading] [Actual: Systems Trading], 
[Row: 791] [Column: 5] [Expected: 51 Astor Place] [Actual: 200 Elm], 
[Row: 792] [Column: 1] [Expected: 629] [Actual: 5,047], 
[Row: 792] [Column: 2] [Expected: uhoffman] [Actual: kniedfel], 
[Row: 792] [Column: 3] [Expected: Ulrike Hoffmann-Burchardi] [Actual: Keith Niedfeldt], 
[Row: 793] [Column: 1] [Expected: 4,229] [Actual: 629], 
[Row: 793] [Column: 2] [Expected: okieran] [Actual: uhoffman], 
[Row: 793] [Column: 3] [Expected: Kieran O'Donnell] [Actual: Ulrike Hoffmann-Burchardi], 
[Row: 794] [Column: 1] [Expected: 7,002] [Actual: 4,229], 
[Row: 794] [Column: 2] [Expected: slee] [Actual: okieran], 
[Row: 794] [Column: 3] [Expected: Sunyan Lee] [Actual: Kieran O'Donnell], 
[Row: 795] [Column: 1] [Expected: 7,852] [Actual: 7,002], 
[Row: 795] [Column: 2] [Expected: drainvil] [Actual: slee], 
[Row: 795] [Column: 3] [Expected: David Rainville] [Actual: Sunyan Lee], 
[Row: 796] [Column: 1] [Expected: 1,188] [Actual: 7,852], 
[Row: 796] [Column: 2] [Expected: mglennan] [Actual: drainvil], 
[Row: 796] [Column: 3] [Expected: Mike Glennan] [Actual: David Rainville], 
[Row: 796] [Column: 4] [Expected: Systems Trading] [Actual: Global Macro Trading], 
[Row: 796] [Column: 5] [Expected: 200 Elm] [Actual: 51 Astor Place], 
[Row: 796] [Column: 6] [Expected: syseqused1] [Actual: syseqeued1], 
[Row: 797] [Column: 1] [Expected: 5,047] [Actual: 1,188], 
[Row: 797] [Column: 2] [Expected: kniedfel] [Actual: mglennan], 
[Row: 797] [Column: 3] [Expected: Keith Niedfeldt] [Actual: Mike Glennan], 
[Row: 797] [Column: 4] [Expected: Global Macro Trading] [Actual: Systems Trading], 
[Row: 797] [Column: 5] [Expected: 51 Astor Place] [Actual: 200 Elm], 
[Row: 798] [Column: 1] [Expected: 629] [Actual: 5,047], 
[Row: 798] [Column: 2] [Expected: uhoffman] [Actual: kniedfel], 
[Row: 798] [Column: 3] [Expected: Ulrike Hoffmann-Burchardi] [Actual: Keith Niedfeldt], 
[Row: 799] [Column: 1] [Expected: 4,229] [Actual: 629], 
[Row: 799] [Column: 2] [Expected: okieran] [Actual: uhoffman], 
[Row: 799] [Column: 3] [Expected: Kieran O'Donnell] [Actual: Ulrike Hoffmann-Burchardi], 
[Row: 800] [Column: 1] [Expected: 7,002] [Actual: 4,229], 
[Row: 800] [Column: 2] [Expected: slee] [Actual: okieran], 
[Row: 800] [Column: 3] [Expected: Sunyan Lee] [Actual: Kieran O'Donnell], 
[Row: 801] [Column: 1] [Expected: 7,852] [Actual: 7,002], 
[Row: 801] [Column: 2] [Expected: drainvil] [Actual: slee], 
[Row: 801] [Column: 3] [Expected: David Rainville] [Actual: Sunyan Lee], 
[Row: 802] [Column: 1] [Expected: 131] [Actual: 7,852], 
[Row: 802] [Column: 2] [Expected: dcook] [Actual: drainvil], 
[Row: 802] [Column: 3] [Expected: Daryl Cook] [Actual: David Rainville], 
[Row: 802] [Column: 4] [Expected: Systems Trading] [Actual: Global Macro Trading], 
[Row: 802] [Column: 5] [Expected: 10 NBS] [Actual: 51 Astor Place], 
[Row: 802] [Column: 6] [Expected: sysfiab1] [Actual: syseqused1], 
[Row: 803] [Column: 1] [Expected: 1,188] [Actual: 131], 
[Row: 803] [Column: 2] [Expected: mglennan] [Actual: dcook], 
[Row: 803] [Column: 3] [Expected: Mike Glennan] [Actual: Daryl Cook], 
[Row: 803] [Column: 5] [Expected: 200 Elm] [Actual: 10 NBS], 
[Row: 804] [Column: 1] [Expected: 3] [Actual: 1,188], 
[Row: 804] [Column: 2] [Expected: stevee] [Actual: mglennan], 
[Row: 804] [Column: 3] [Expected: Steve Evans] [Actual: Mike Glennan], 
[Row: 805] [Column: 1] [Expected: 5,032] [Actual: 3], 
[Row: 805] [Column: 2] [Expected: abelinky] [Actual: stevee], 
[Row: 805] [Column: 3] [Expected: Alejandro Belinky] [Actual: Steve Evans], 
[Row: 805] [Column: 4] [Expected: Global Macro Trading] [Actual: Systems Trading], 
[Row: 806] [Column: 1] [Expected: 6,799] [Actual: 5,032], 
[Row: 806] [Column: 2] [Expected: dyu] [Actual: abelinky], 
[Row: 806] [Column: 3] [Expected: Danny Yu] [Actual: Alejandro Belinky], 
[Row: 806] [Column: 5] [Expected: 51 Astor Place] [Actual: 200 Elm], 
[Row: 807] [Column: 1] [Expected: 131] [Actual: 6,799], 
[Row: 807] [Column: 2] [Expected: dcook] [Actual: dyu], 
[Row: 807] [Column: 3] [Expected: Daryl Cook] [Actual: Danny Yu], 
[Row: 807] [Column: 4] [Expected: Systems Trading] [Actual: Global Macro Trading], 
[Row: 807] [Column: 5] [Expected: 10 NBS] [Actual: 51 Astor Place], 
[Row: 807] [Column: 6] [Expected: sysfiab2] [Actual: sysfiab1], 
[Row: 808] [Column: 1] [Expected: 1,188] [Actual: 131], 
[Row: 808] [Column: 2] [Expected: mglennan] [Actual: dcook], 
[Row: 808] [Column: 3] [Expected: Mike Glennan] [Actual: Daryl Cook], 
[Row: 808] [Column: 5] [Expected: 200 Elm] [Actual: 10 NBS], 
[Row: 809] [Column: 1] [Expected: 3] [Actual: 1,188], 
[Row: 809] [Column: 2] [Expected: stevee] [Actual: mglennan], 
[Row: 809] [Column: 3] [Expected: Steve Evans] [Actual: Mike Glennan], 
[Row: 810] [Column: 1] [Expected: 5,032] [Actual: 3], 
[Row: 810] [Column: 2] [Expected: abelinky] [Actual: stevee], 
[Row: 810] [Column: 3] [Expected: Alejandro Belinky] [Actual: Steve Evans], 
[Row: 810] [Column: 4] [Expected: Global Macro Trading] [Actual: Systems Trading], 
[Row: 811] [Column: 1] [Expected: 6,799] [Actual: 5,032], 
[Row: 811] [Column: 2] [Expected: dyu] [Actual: abelinky], 
[Row: 811] [Column: 3] [Expected: Danny Yu] [Actual: Alejandro Belinky], 
[Row: 811] [Column: 5] [Expected: 51 Astor Place] [Actual: 200 Elm], 
[Row: 812] [Column: 1] [Expected: 131] [Actual: 6,799], 
[Row: 812] [Column: 2] [Expected: dcook] [Actual: dyu], 
[Row: 812] [Column: 3] [Expected: Daryl Cook] [Actual: Danny Yu], 
[Row: 812] [Column: 4] [Expected: Systems Trading] [Actual: Global Macro Trading], 
[Row: 812] [Column: 5] [Expected: 10 NBS] [Actual: 51 Astor Place], 
[Row: 812] [Column: 6] [Expected: sysfiab2bvi] [Actual: sysfiab2], 
[Row: 813] [Column: 1] [Expected: 1,188] [Actual: 131], 
[Row: 813] [Column: 2] [Expected: mglennan] [Actual: dcook], 
[Row: 813] [Column: 3] [Expected: Mike Glennan] [Actual: Daryl Cook], 
[Row: 813] [Column: 5] [Expected: 200 Elm] [Actual: 10 NBS], 
[Row: 814] [Column: 1] [Expected: 3] [Actual: 1,188], 
[Row: 814] [Column: 2] [Expected: stevee] [Actual: mglennan], 
[Row: 814] [Column: 3] [Expected: Steve Evans] [Actual: Mike Glennan], 
[Row: 815] [Column: 1] [Expected: 5,032] [Actual: 3], 
[Row: 815] [Column: 2] [Expected: abelinky] [Actual: stevee], 
[Row: 815] [Column: 3] [Expected: Alejandro Belinky] [Actual: Steve Evans], 
[Row: 815] [Column: 4] [Expected: Global Macro Trading] [Actual: Systems Trading], 
[Row: 816] [Column: 1] [Expected: 6,799] [Actual: 5,032], 
[Row: 816] [Column: 2] [Expected: dyu] [Actual: abelinky], 
[Row: 816] [Column: 3] [Expected: Danny Yu] [Actual: Alejandro Belinky], 
[Row: 816] [Column: 5] [Expected: 51 Astor Place] [Actual: 200 Elm], 
[Row: 817] [Column: 1] [Expected: 131] [Actual: 6,799], 
[Row: 817] [Column: 2] [Expected: dcook] [Actual: dyu], 
[Row: 817] [Column: 3] [Expected: Daryl Cook] [Actual: Danny Yu], 
[Row: 817] [Column: 4] [Expected: Systems Trading] [Actual: Global Macro Trading], 
[Row: 817] [Column: 5] [Expected: 10 NBS] [Actual: 51 Astor Place], 
[Row: 817] [Column: 6] [Expected: sysfxaa1] [Actual: sysfiab2bvi], 
[Row: 818] [Column: 1] [Expected: 1,188] [Actual: 131], 
[Row: 818] [Column: 2] [Expected: mglennan] [Actual: dcook], 
[Row: 818] [Column: 3] [Expected: Mike Glennan] [Actual: Daryl Cook], 
[Row: 818] [Column: 5] [Expected: 200 Elm] [Actual: 10 NBS], 
[Row: 819] [Column: 1] [Expected: 3] [Actual: 1,188], 
[Row: 819] [Column: 2] [Expected: stevee] [Actual: mglennan], 
[Row: 819] [Column: 3] [Expected: Steve Evans] [Actual: Mike Glennan], 
[Row: 820] [Column: 1] [Expected: 5,032] [Actual: 3], 
[Row: 820] [Column: 2] [Expected: abelinky] [Actual: stevee], 
[Row: 820] [Column: 3] [Expected: Alejandro Belinky] [Actual: Steve Evans], 
[Row: 820] [Column: 4] [Expected: Global Macro Trading] [Actual: Systems Trading], 
[Row: 821] [Column: 1] [Expected: 6,799] [Actual: 5,032], 
[Row: 821] [Column: 2] [Expected: dyu] [Actual: abelinky], 
[Row: 821] [Column: 3] [Expected: Danny Yu] [Actual: Alejandro Belinky], 
[Row: 821] [Column: 5] [Expected: 51 Astor Place] [Actual: 200 Elm], 
[Row: 822] [Column: 1] [Expected: 131] [Actual: 6,799], 
[Row: 822] [Column: 2] [Expected: dcook] [Actual: dyu], 
[Row: 822] [Column: 3] [Expected: Daryl Cook] [Actual: Danny Yu], 
[Row: 822] [Column: 4] [Expected: Systems Trading] [Actual: Global Macro Trading], 
[Row: 822] [Column: 5] [Expected: 10 NBS] [Actual: 51 Astor Place], 
[Row: 822] [Column: 6] [Expected: sysfxaa1bvi] [Actual: sysfxaa1], 
[Row: 823] [Column: 1] [Expected: 1,188] [Actual: 131], 
[Row: 823] [Column: 2] [Expected: mglennan] [Actual: dcook], 
[Row: 823] [Column: 3] [Expected: Mike Glennan] [Actual: Daryl Cook], 
[Row: 823] [Column: 5] [Expected: 200 Elm] [Actual: 10 NBS], 
[Row: 824] [Column: 1] [Expected: 3] [Actual: 1,188], 
[Row: 824] [Column: 2] [Expected: stevee] [Actual: mglennan], 
[Row: 824] [Column: 3] [Expected: Steve Evans] [Actual: Mike Glennan], 
[Row: 825] [Column: 1] [Expected: 5,032] [Actual: 3], 
[Row: 825] [Column: 2] [Expected: abelinky] [Actual: stevee], 
[Row: 825] [Column: 3] [Expected: Alejandro Belinky] [Actual: Steve Evans], 
[Row: 825] [Column: 4] [Expected: Global Macro Trading] [Actual: Systems Trading], 
[Row: 826] [Column: 1] [Expected: 6,799] [Actual: 5,032], 
[Row: 826] [Column: 2] [Expected: dyu] [Actual: abelinky], 
[Row: 826] [Column: 3] [Expected: Danny Yu] [Actual: Alejandro Belinky], 
[Row: 826] [Column: 5] [Expected: 51 Astor Place] [Actual: 200 Elm], 
[Row: 827] [Column: 1] [Expected: 131] [Actual: 6,799], 
[Row: 827] [Column: 2] [Expected: dcook] [Actual: dyu], 
[Row: 827] [Column: 3] [Expected: Daryl Cook] [Actual: Danny Yu], 
[Row: 827] [Column: 4] [Expected: Systems Trading] [Actual: Global Macro Trading], 
[Row: 827] [Column: 5] [Expected: 10 NBS] [Actual: 51 Astor Place], 
[Row: 827] [Column: 6] [Expected: sysfxe7] [Actual: sysfxaa1bvi], 
[Row: 828] [Column: 1] [Expected: 1,188] [Actual: 131], 
[Row: 828] [Column: 2] [Expected: mglennan] [Actual: dcook], 
[Row: 828] [Column: 3] [Expected: Mike Glennan] [Actual: Daryl Cook], 
[Row: 828] [Column: 5] [Expected: 200 Elm] [Actual: 10 NBS], 
[Row: 829] [Column: 1] [Expected: 3] [Actual: 1,188], 
[Row: 829] [Column: 2] [Expected: stevee] [Actual: mglennan], 
[Row: 829] [Column: 3] [Expected: Steve Evans] [Actual: Mike Glennan], 
[Row: 830] [Column: 1] [Expected: 5,032] [Actual: 3], 
[Row: 830] [Column: 2] [Expected: abelinky] [Actual: stevee], 
[Row: 830] [Column: 3] [Expected: Alejandro Belinky] [Actual: Steve Evans], 
[Row: 830] [Column: 4] [Expected: Global Macro Trading] [Actual: Systems Trading], 
[Row: 831] [Column: 1] [Expected: 5,069] [Actual: 5,032], 
[Row: 831] [Column: 2] [Expected: phill] [Actual: abelinky], 
[Row: 831] [Column: 3] [Expected: Peter Hill] [Actual: Alejandro Belinky], 
[Row: 831] [Column: 4] [Expected: Systems Trading] [Actual: Global Macro Trading], 
[Row: 831] [Column: 5] [Expected: 10 NBS] [Actual: 200 Elm], 
[Row: 832] [Column: 1] [Expected: 131] [Actual: 5,069], 
[Row: 832] [Column: 2] [Expected: dcook] [Actual: phill], 
[Row: 832] [Column: 3] [Expected: Daryl Cook] [Actual: Peter Hill], 
[Row: 832] [Column: 6] [Expected: syshedge] [Actual: sysfxe7], 
[Row: 833] [Column: 1] [Expected: 1,188] [Actual: 131], 
[Row: 833] [Column: 2] [Expected: mglennan] [Actual: dcook], 
[Row: 833] [Column: 3] [Expected: Mike Glennan] [Actual: Daryl Cook], 
[Row: 833] [Column: 5] [Expected: 200 Elm] [Actual: 10 NBS], 
[Row: 834] [Column: 1] [Expected: 3] [Actual: 1,188], 
[Row: 834] [Column: 2] [Expected: stevee] [Actual: mglennan], 
[Row: 834] [Column: 3] [Expected: Steve Evans] [Actual: Mike Glennan], 
[Row: 835] [Column: 1] [Expected: 5,032] [Actual: 3], 
[Row: 835] [Column: 2] [Expected: abelinky] [Actual: stevee], 
[Row: 835] [Column: 3] [Expected: Alejandro Belinky] [Actual: Steve Evans], 
[Row: 835] [Column: 4] [Expected: Global Macro Trading] [Actual: Systems Trading], 
[Row: 836] [Column: 1] [Expected: 5,097] [Actual: 5,032], 
[Row: 836] [Column: 2] [Expected: aghose] [Actual: abelinky], 
[Row: 836] [Column: 3] [Expected: Abhishek Ghose] [Actual: Alejandro Belinky], 
[Row: 836] [Column: 4] [Expected: Flow of Funds] [Actual: Global Macro Trading], 
[Row: 836] [Column: 5] [Expected: 51 Astor Place] [Actual: 200 Elm], 
[Row: 837] [Column: 1] [Expected: 131] [Actual: 5,097], 
[Row: 837] [Column: 2] [Expected: dcook] [Actual: aghose], 
[Row: 837] [Column: 3] [Expected: Daryl Cook] [Actual: Abhishek Ghose], 
[Row: 837] [Column: 4] [Expected: Systems Trading] [Actual: Flow of Funds], 
[Row: 837] [Column: 5] [Expected: 10 NBS] [Actual: 51 Astor Place], 
[Row: 837] [Column: 6] [Expected: sysma10] [Actual: syshedge], 
[Row: 838] [Column: 1] [Expected: 1,188] [Actual: 131], 
[Row: 838] [Column: 2] [Expected: mglennan] [Actual: dcook], 
[Row: 838] [Column: 3] [Expected: Mike Glennan] [Actual: Daryl Cook], 
[Row: 838] [Column: 5] [Expected: 200 Elm] [Actual: 10 NBS], 
[Row: 839] [Column: 1] [Expected: 3] [Actual: 1,188], 
[Row: 839] [Column: 2] [Expected: stevee] [Actual: mglennan], 
[Row: 839] [Column: 3] [Expected: Steve Evans] [Actual: Mike Glennan], 
[Row: 840] [Column: 1] [Expected: 5,032] [Actual: 3], 
[Row: 840] [Column: 2] [Expected: abelinky] [Actual: stevee], 
[Row: 840] [Column: 3] [Expected: Alejandro Belinky] [Actual: Steve Evans], 
[Row: 840] [Column: 4] [Expected: Global Macro Trading] [Actual: Systems Trading], 
[Row: 841] [Column: 1] [Expected: 5,069] [Actual: 5,032], 
[Row: 841] [Column: 2] [Expected: phill] [Actual: abelinky], 
[Row: 841] [Column: 3] [Expected: Peter Hill] [Actual: Alejandro Belinky], 
[Row: 841] [Column: 4] [Expected: Systems Trading] [Actual: Global Macro Trading], 
[Row: 841] [Column: 5] [Expected: 10 NBS] [Actual: 200 Elm], 
[Row: 842] [Column: 1] [Expected: 131] [Actual: 5,069], 
[Row: 842] [Column: 2] [Expected: dcook] [Actual: phill], 
[Row: 842] [Column: 3] [Expected: Daryl Cook] [Actual: Peter Hill], 
[Row: 842] [Column: 6] [Expected: sysma11] [Actual: sysma10], 
[Row: 843] [Column: 1] [Expected: 1,188] [Actual: 131], 
[Row: 843] [Column: 2] [Expected: mglennan] [Actual: dcook], 
[Row: 843] [Column: 3] [Expected: Mike Glennan] [Actual: Daryl Cook], 
[Row: 843] [Column: 5] [Expected: 200 Elm] [Actual: 10 NBS], 
[Row: 844] [Column: 1] [Expected: 3] [Actual: 1,188], 
[Row: 844] [Column: 2] [Expected: stevee] [Actual: mglennan], 
[Row: 844] [Column: 3] [Expected: Steve Evans] [Actual: Mike Glennan], 
[Row: 845] [Column: 1] [Expected: 5,032] [Actual: 3], 
[Row: 845] [Column: 2] [Expected: abelinky] [Actual: stevee], 
[Row: 845] [Column: 3] [Expected: Alejandro Belinky] [Actual: Steve Evans], 
[Row: 845] [Column: 4] [Expected: Global Macro Trading] [Actual: Systems Trading], 
[Row: 846] [Column: 1] [Expected: 5,069] [Actual: 5,032], 
[Row: 846] [Column: 2] [Expected: phill] [Actual: abelinky], 
[Row: 846] [Column: 3] [Expected: Peter Hill] [Actual: Alejandro Belinky], 
[Row: 846] [Column: 4] [Expected: Systems Trading] [Actual: Global Macro Trading], 
[Row: 846] [Column: 5] [Expected: 10 NBS] [Actual: 200 Elm], 
[Row: 847] [Column: 1] [Expected: 131] [Actual: 5,069], 
[Row: 847] [Column: 2] [Expected: dcook] [Actual: phill], 
[Row: 847] [Column: 3] [Expected: Daryl Cook] [Actual: Peter Hill], 
[Row: 847] [Column: 6] [Expected: sysma23] [Actual: sysma11], 
[Row: 848] [Column: 1] [Expected: 1,188] [Actual: 131], 
[Row: 848] [Column: 2] [Expected: mglennan] [Actual: dcook], 
[Row: 848] [Column: 3] [Expected: Mike Glennan] [Actual: Daryl Cook], 
[Row: 848] [Column: 5] [Expected: 200 Elm] [Actual: 10 NBS], 
[Row: 849] [Column: 1] [Expected: 3] [Actual: 1,188], 
[Row: 849] [Column: 2] [Expected: stevee] [Actual: mglennan], 
[Row: 849] [Column: 3] [Expected: Steve Evans] [Actual: Mike Glennan], 
[Row: 850] [Column: 1] [Expected: 5,032] [Actual: 3], 
[Row: 850] [Column: 2] [Expected: abelinky] [Actual: stevee], 
[Row: 850] [Column: 3] [Expected: Alejandro Belinky] [Actual: Steve Evans], 
[Row: 850] [Column: 4] [Expected: Global Macro Trading] [Actual: Systems Trading], 
[Row: 851] [Column: 1] [Expected: 5,069] [Actual: 5,032], 
[Row: 851] [Column: 2] [Expected: phill] [Actual: abelinky], 
[Row: 851] [Column: 3] [Expected: Peter Hill] [Actual: Alejandro Belinky], 
[Row: 851] [Column: 4] [Expected: Systems Trading] [Actual: Global Macro Trading], 
[Row: 851] [Column: 5] [Expected: 10 NBS] [Actual: 200 Elm], 
[Row: 852] [Column: 1] [Expected: 131] [Actual: 5,069], 
[Row: 852] [Column: 2] [Expected: dcook] [Actual: phill], 
[Row: 852] [Column: 3] [Expected: Daryl Cook] [Actual: Peter Hill], 
[Row: 852] [Column: 6] [Expected: sysma6] [Actual: sysma23], 
[Row: 853] [Column: 1] [Expected: 1,188] [Actual: 131], 
[Row: 853] [Column: 2] [Expected: mglennan] [Actual: dcook], 
[Row: 853] [Column: 3] [Expected: Mike Glennan] [Actual: Daryl Cook], 
[Row: 853] [Column: 5] [Expected: 200 Elm] [Actual: 10 NBS], 
[Row: 854] [Column: 1] [Expected: 3] [Actual: 1,188], 
[Row: 854] [Column: 2] [Expected: stevee] [Actual: mglennan], 
[Row: 854] [Column: 3] [Expected: Steve Evans] [Actual: Mike Glennan], 
[Row: 855] [Column: 1] [Expected: 5,032] [Actual: 3], 
[Row: 855] [Column: 2] [Expected: abelinky] [Actual: stevee], 
[Row: 855] [Column: 3] [Expected: Alejandro Belinky] [Actual: Steve Evans], 
[Row: 855] [Column: 4] [Expected: Global Macro Trading] [Actual: Systems Trading], 
[Row: 856] [Column: 1] [Expected: 5,069] [Actual: 5,032], 
[Row: 856] [Column: 2] [Expected: phill] [Actual: abelinky], 
[Row: 856] [Column: 3] [Expected: Peter Hill] [Actual: Alejandro Belinky], 
[Row: 856] [Column: 4] [Expected: Systems Trading] [Actual: Global Macro Trading], 
[Row: 856] [Column: 5] [Expected: 10 NBS] [Actual: 200 Elm], 
[Row: 857] [Column: 1] [Expected: 131] [Actual: 5,069], 
[Row: 857] [Column: 2] [Expected: dcook] [Actual: phill], 
[Row: 857] [Column: 3] [Expected: Daryl Cook] [Actual: Peter Hill], 
[Row: 857] [Column: 6] [Expected: sysma62] [Actual: sysma6], 
[Row: 858] [Column: 1] [Expected: 5,032] [Actual: 131], 
[Row: 858] [Column: 2] [Expected: abelinky] [Actual: dcook], 
[Row: 858] [Column: 3] [Expected: Alejandro Belinky] [Actual: Daryl Cook], 
[Row: 858] [Column: 4] [Expected: Global Macro Trading] [Actual: Systems Trading], 
[Row: 858] [Column: 5] [Expected: 200 Elm] [Actual: 10 NBS], 
[Row: 859] [Column: 1] [Expected: 5,069] [Actual: 5,032], 
[Row: 859] [Column: 2] [Expected: phill] [Actual: abelinky], 
[Row: 859] [Column: 3] [Expected: Peter Hill] [Actual: Alejandro Belinky], 
[Row: 859] [Column: 4] [Expected: Systems Trading] [Actual: Global Macro Trading], 
[Row: 859] [Column: 5] [Expected: 10 NBS] [Actual: 200 Elm], 
[Row: 860] [Column: 1] [Expected: 131] [Actual: 5,069], 
[Row: 860] [Column: 2] [Expected: dcook] [Actual: phill], 
[Row: 860] [Column: 3] [Expected: Daryl Cook] [Actual: Peter Hill], 
[Row: 860] [Column: 6] [Expected: sysma7] [Actual: sysma62], 
[Row: 861] [Column: 1] [Expected: 1,188] [Actual: 131], 
[Row: 861] [Column: 2] [Expected: mglennan] [Actual: dcook], 
[Row: 861] [Column: 3] [Expected: Mike Glennan] [Actual: Daryl Cook], 
[Row: 861] [Column: 5] [Expected: 200 Elm] [Actual: 10 NBS], 
[Row: 862] [Column: 1] [Expected: 3] [Actual: 1,188], 
[Row: 862] [Column: 2] [Expected: stevee] [Actual: mglennan], 
[Row: 862] [Column: 3] [Expected: Steve Evans] [Actual: Mike Glennan], 
[Row: 863] [Column: 1] [Expected: 5,032] [Actual: 3], 
[Row: 863] [Column: 2] [Expected: abelinky] [Actual: stevee], 
[Row: 863] [Column: 3] [Expected: Alejandro Belinky] [Actual: Steve Evans], 
[Row: 863] [Column: 4] [Expected: Global Macro Trading] [Actual: Systems Trading], 
[Row: 864] [Column: 1] [Expected: 5,069] [Actual: 5,032], 
[Row: 864] [Column: 2] [Expected: phill] [Actual: abelinky], 
[Row: 864] [Column: 3] [Expected: Peter Hill] [Actual: Alejandro Belinky], 
[Row: 864] [Column: 4] [Expected: Systems Trading] [Actual: Global Macro Trading], 
[Row: 864] [Column: 5] [Expected: 10 NBS] [Actual: 200 Elm], 
[Row: 865] [Column: 1] [Expected: 131] [Actual: 5,069], 
[Row: 865] [Column: 2] [Expected: dcook] [Actual: phill], 
[Row: 865] [Column: 3] [Expected: Daryl Cook] [Actual: Peter Hill], 
[Row: 865] [Column: 6] [Expected: sysmaaa1] [Actual: sysma7], 
[Row: 866] [Column: 1] [Expected: 1,188] [Actual: 131], 
[Row: 866] [Column: 2] [Expected: mglennan] [Actual: dcook], 
[Row: 866] [Column: 3] [Expected: Mike Glennan] [Actual: Daryl Cook], 
[Row: 866] [Column: 5] [Expected: 200 Elm] [Actual: 10 NBS], 
[Row: 867] [Column: 1] [Expected: 3] [Actual: 1,188], 
[Row: 867] [Column: 2] [Expected: stevee] [Actual: mglennan], 
[Row: 867] [Column: 3] [Expected: Steve Evans] [Actual: Mike Glennan], 
[Row: 868] [Column: 1] [Expected: 5,032] [Actual: 3], 
[Row: 868] [Column: 2] [Expected: abelinky] [Actual: stevee], 
[Row: 868] [Column: 3] [Expected: Alejandro Belinky] [Actual: Steve Evans], 
[Row: 868] [Column: 4] [Expected: Global Macro Trading] [Actual: Systems Trading], 
[Row: 869] [Column: 1] [Expected: 6,799] [Actual: 5,032], 
[Row: 869] [Column: 2] [Expected: dyu] [Actual: abelinky], 
[Row: 869] [Column: 3] [Expected: Danny Yu] [Actual: Alejandro Belinky], 
[Row: 869] [Column: 5] [Expected: 51 Astor Place] [Actual: 200 Elm], 
[Row: 870] [Column: 1] [Expected: 131] [Actual: 6,799], 
[Row: 870] [Column: 2] [Expected: dcook] [Actual: dyu], 
[Row: 870] [Column: 3] [Expected: Daryl Cook] [Actual: Danny Yu], 
[Row: 870] [Column: 4] [Expected: Systems Trading] [Actual: Global Macro Trading], 
[Row: 870] [Column: 5] [Expected: 10 NBS] [Actual: 51 Astor Place], 
[Row: 870] [Column: 6] [Expected: sysmaaa1bvi] [Actual: sysmaaa1], 
[Row: 871] [Column: 1] [Expected: 1,188] [Actual: 131], 
[Row: 871] [Column: 2] [Expected: mglennan] [Actual: dcook], 
[Row: 871] [Column: 3] [Expected: Mike Glennan] [Actual: Daryl Cook], 
[Row: 871] [Column: 5] [Expected: 200 Elm] [Actual: 10 NBS], 
[Row: 872] [Column: 1] [Expected: 3] [Actual: 1,188], 
[Row: 872] [Column: 2] [Expected: stevee] [Actual: mglennan], 
[Row: 872] [Column: 3] [Expected: Steve Evans] [Actual: Mike Glennan], 
[Row: 873] [Column: 1] [Expected: 5,032] [Actual: 3], 
[Row: 873] [Column: 2] [Expected: abelinky] [Actual: stevee], 
[Row: 873] [Column: 3] [Expected: Alejandro Belinky] [Actual: Steve Evans], 
[Row: 873] [Column: 4] [Expected: Global Macro Trading] [Actual: Systems Trading], 
[Row: 874] [Column: 1] [Expected: 6,799] [Actual: 5,032], 
[Row: 874] [Column: 2] [Expected: dyu] [Actual: abelinky], 
[Row: 874] [Column: 3] [Expected: Danny Yu] [Actual: Alejandro Belinky], 
[Row: 874] [Column: 5] [Expected: 51 Astor Place] [Actual: 200 Elm], 
[Row: 875] [Column: 1] [Expected: 131] [Actual: 6,799], 
[Row: 875] [Column: 2] [Expected: dcook] [Actual: dyu], 
[Row: 875] [Column: 3] [Expected: Daryl Cook] [Actual: Danny Yu], 
[Row: 875] [Column: 4] [Expected: Systems Trading] [Actual: Global Macro Trading], 
[Row: 875] [Column: 5] [Expected: 10 NBS] [Actual: 51 Astor Place], 
[Row: 875] [Column: 6] [Expected: sysmaabco1] [Actual: sysmaaa1bvi], 
[Row: 876] [Column: 1] [Expected: 1,188] [Actual: 131], 
[Row: 876] [Column: 2] [Expected: mglennan] [Actual: dcook], 
[Row: 876] [Column: 3] [Expected: Mike Glennan] [Actual: Daryl Cook], 
[Row: 876] [Column: 5] [Expected: 200 Elm] [Actual: 10 NBS], 
[Row: 877] [Column: 1] [Expected: 3] [Actual: 1,188], 
[Row: 877] [Column: 2] [Expected: stevee] [Actual: mglennan], 
[Row: 877] [Column: 3] [Expected: Steve Evans] [Actual: Mike Glennan], 
[Row: 878] [Column: 1] [Expected: 5,032] [Actual: 3], 
[Row: 878] [Column: 2] [Expected: abelinky] [Actual: stevee], 
[Row: 878] [Column: 3] [Expected: Alejandro Belinky] [Actual: Steve Evans], 
[Row: 878] [Column: 4] [Expected: Global Macro Trading] [Actual: Systems Trading], 
[Row: 879] [Column: 1] [Expected: 6,799] [Actual: 5,032], 
[Row: 879] [Column: 2] [Expected: dyu] [Actual: abelinky], 
[Row: 879] [Column: 3] [Expected: Danny Yu] [Actual: Alejandro Belinky], 
[Row: 879] [Column: 5] [Expected: 51 Astor Place] [Actual: 200 Elm], 
[Row: 880] [Column: 1] [Expected: 1,188] [Actual: 6,799], 
[Row: 880] [Column: 2] [Expected: mglennan] [Actual: dyu], 
[Row: 880] [Column: 3] [Expected: Mike Glennan] [Actual: Danny Yu], 
[Row: 880] [Column: 4] [Expected: Systems Trading] [Actual: Global Macro Trading], 
[Row: 880] [Column: 5] [Expected: 200 Elm] [Actual: 51 Astor Place], 
[Row: 880] [Column: 6] [Expected: sysmaabco2] [Actual: sysmaabco1], 
[Row: 881] [Column: 1] [Expected: 5,032] [Actual: 1,188], 
[Row: 881] [Column: 2] [Expected: abelinky] [Actual: mglennan], 
[Row: 881] [Column: 3] [Expected: Alejandro Belinky] [Actual: Mike Glennan], 
[Row: 881] [Column: 4] [Expected: Global Macro Trading] [Actual: Systems Trading], 
[Row: 882] [Column: 1] [Expected: 6,799] [Actual: 5,032], 
[Row: 882] [Column: 2] [Expected: dyu] [Actual: abelinky], 
[Row: 882] [Column: 3] [Expected: Danny Yu] [Actual: Alejandro Belinky], 
[Row: 882] [Column: 5] [Expected: 51 Astor Place] [Actual: 200 Elm], 
[Row: 883] [Column: 1] [Expected: 7,555] [Actual: 6,799], 
[Row: 883] [Column: 2] [Expected: wcao] [Actual: dyu], 
[Row: 883] [Column: 3] [Expected: Wei Cao] [Actual: Danny Yu], 
[Row: 883] [Column: 5] [Expected: 200 Elm] [Actual: 51 Astor Place], 
[Row: 884] [Column: 1] [Expected: 131] [Actual: 7,555], 
[Row: 884] [Column: 2] [Expected: dcook] [Actual: wcao], 
[Row: 884] [Column: 3] [Expected: Daryl Cook] [Actual: Wei Cao], 
[Row: 884] [Column: 4] [Expected: Systems Trading] [Actual: Global Macro Trading], 
[Row: 884] [Column: 5] [Expected: 10 NBS] [Actual: 200 Elm], 
[Row: 884] [Column: 6] [Expected: sysmaabeq1] [Actual: sysmaabco2], 
[Row: 885] [Column: 1] [Expected: 1,188] [Actual: 131], 
[Row: 885] [Column: 2] [Expected: mglennan] [Actual: dcook], 
[Row: 885] [Column: 3] [Expected: Mike Glennan] [Actual: Daryl Cook], 
[Row: 885] [Column: 5] [Expected: 200 Elm] [Actual: 10 NBS], 
[Row: 886] [Column: 1] [Expected: 3] [Actual: 1,188], 
[Row: 886] [Column: 2] [Expected: stevee] [Actual: mglennan], 
[Row: 886] [Column: 3] [Expected: Steve Evans] [Actual: Mike Glennan], 
[Row: 887] [Column: 1] [Expected: 5,032] [Actual: 3], 
[Row: 887] [Column: 2] [Expected: abelinky] [Actual: stevee], 
[Row: 887] [Column: 3] [Expected: Alejandro Belinky] [Actual: Steve Evans], 
[Row: 887] [Column: 4] [Expected: Global Macro Trading] [Actual: Systems Trading], 
[Row: 888] [Column: 1] [Expected: 6,799] [Actual: 5,032], 
[Row: 888] [Column: 2] [Expected: dyu] [Actual: abelinky], 
[Row: 888] [Column: 3] [Expected: Danny Yu] [Actual: Alejandro Belinky], 
[Row: 888] [Column: 5] [Expected: 51 Astor Place] [Actual: 200 Elm], 
[Row: 889] [Column: 1] [Expected: 131] [Actual: 6,799], 
[Row: 889] [Column: 2] [Expected: dcook] [Actual: dyu], 
[Row: 889] [Column: 3] [Expected: Daryl Cook] [Actual: Danny Yu], 
[Row: 889] [Column: 4] [Expected: Systems Trading] [Actual: Global Macro Trading], 
[Row: 889] [Column: 5] [Expected: 10 NBS] [Actual: 51 Astor Place], 
[Row: 889] [Column: 6] [Expected: sysmaabeq1f] [Actual: sysmaabeq1], 
[Row: 890] [Column: 1] [Expected: 1,188] [Actual: 131], 
[Row: 890] [Column: 2] [Expected: mglennan] [Actual: dcook], 
[Row: 890] [Column: 3] [Expected: Mike Glennan] [Actual: Daryl Cook], 
[Row: 890] [Column: 5] [Expected: 200 Elm] [Actual: 10 NBS], 
[Row: 891] [Column: 1] [Expected: 3] [Actual: 1,188], 
[Row: 891] [Column: 2] [Expected: stevee] [Actual: mglennan], 
[Row: 891] [Column: 3] [Expected: Steve Evans] [Actual: Mike Glennan], 
[Row: 892] [Column: 1] [Expected: 5,032] [Actual: 3], 
[Row: 892] [Column: 2] [Expected: abelinky] [Actual: stevee], 
[Row: 892] [Column: 3] [Expected: Alejandro Belinky] [Actual: Steve Evans], 
[Row: 892] [Column: 4] [Expected: Global Macro Trading] [Actual: Systems Trading], 
[Row: 893] [Column: 1] [Expected: 6,799] [Actual: 5,032], 
[Row: 893] [Column: 2] [Expected: dyu] [Actual: abelinky], 
[Row: 893] [Column: 3] [Expected: Danny Yu] [Actual: Alejandro Belinky], 
[Row: 893] [Column: 5] [Expected: 51 Astor Place] [Actual: 200 Elm], 
[Row: 894] [Column: 1] [Expected: 5,032] [Actual: 6,799], 
[Row: 894] [Column: 2] [Expected: abelinky] [Actual: dyu], 
[Row: 894] [Column: 3] [Expected: Alejandro Belinky] [Actual: Danny Yu], 
[Row: 894] [Column: 5] [Expected: 200 Elm] [Actual: 51 Astor Place], 
[Row: 894] [Column: 6] [Expected: sysmaabeq2] [Actual: sysmaabeq1f], 
[Row: 895] [Column: 1] [Expected: 6,799] [Actual: 5,032], 
[Row: 895] [Column: 2] [Expected: dyu] [Actual: abelinky], 
[Row: 895] [Column: 3] [Expected: Danny Yu] [Actual: Alejandro Belinky], 
[Row: 895] [Column: 5] [Expected: 51 Astor Place] [Actual: 200 Elm], 
[Row: 896] [Column: 1] [Expected: 7,555] [Actual: 6,799], 
[Row: 896] [Column: 2] [Expected: wcao] [Actual: dyu], 
[Row: 896] [Column: 3] [Expected: Wei Cao] [Actual: Danny Yu], 
[Row: 896] [Column: 5] [Expected: 200 Elm] [Actual: 51 Astor Place], 
[Row: 897] [Column: 1] [Expected: 6,415] [Actual: 7,555], 
[Row: 897] [Column: 2] [Expected: jsolorza] [Actual: wcao], 
[Row: 897] [Column: 3] [Expected: Juan Pablo Solorzano Margain] [Actual: Wei Cao], 
[Row: 897] [Column: 4] [Expected: Global Research] [Actual: Global Macro Trading], 
[Row: 897] [Column: 5] [Expected: 51 Astor Place] [Actual: 200 Elm], 
[Row: 897] [Column: 6] [Expected: sysmadmtv] [Actual: sysmaabeq2], 
[Row: 898] [Column: 1] [Expected: 131] [Actual: 6,415], 
[Row: 898] [Column: 2] [Expected: dcook] [Actual: jsolorza], 
[Row: 898] [Column: 3] [Expected: Daryl Cook] [Actual: Juan Pablo Solorzano Margain], 
[Row: 898] [Column: 4] [Expected: Systems Trading] [Actual: Global Research], 
[Row: 898] [Column: 5] [Expected: 10 NBS] [Actual: 51 Astor Place], 
[Row: 898] [Column: 6] [Expected: sysmarebal] [Actual: sysmadmtv], 
[Row: 899] [Column: 1] [Expected: 1,188] [Actual: 131], 
[Row: 899] [Column: 2] [Expected: mglennan] [Actual: dcook], 
[Row: 899] [Column: 3] [Expected: Mike Glennan] [Actual: Daryl Cook], 
[Row: 899] [Column: 5] [Expected: 200 Elm] [Actual: 10 NBS], 
[Row: 900] [Column: 1] [Expected: 3] [Actual: 1,188], 
[Row: 900] [Column: 2] [Expected: stevee] [Actual: mglennan], 
[Row: 900] [Column: 3] [Expected: Steve Evans] [Actual: Mike Glennan], 
[Row: 901] [Column: 1] [Expected: 5,032] [Actual: 3], 
[Row: 901] [Column: 2] [Expected: abelinky] [Actual: stevee], 
[Row: 901] [Column: 3] [Expected: Alejandro Belinky] [Actual: Steve Evans], 
[Row: 901] [Column: 4] [Expected: Global Macro Trading] [Actual: Systems Trading], 
[Row: 902] [Column: 1] [Expected: 5,069] [Actual: 5,032], 
[Row: 902] [Column: 2] [Expected: phill] [Actual: abelinky], 
[Row: 902] [Column: 3] [Expected: Peter Hill] [Actual: Alejandro Belinky], 
[Row: 902] [Column: 4] [Expected: Systems Trading] [Actual: Global Macro Trading], 
[Row: 902] [Column: 5] [Expected: 10 NBS] [Actual: 200 Elm], 
[Row: 903] [Column: 1] [Expected: 131] [Actual: 5,069], 
[Row: 903] [Column: 2] [Expected: dcook] [Actual: phill], 
[Row: 903] [Column: 3] [Expected: Daryl Cook] [Actual: Peter Hill], 
[Row: 903] [Column: 6] [Expected: sysmi2] [Actual: sysmarebal], 
[Row: 904] [Column: 1] [Expected: 1,188] [Actual: 131], 
[Row: 904] [Column: 2] [Expected: mglennan] [Actual: dcook], 
[Row: 904] [Column: 3] [Expected: Mike Glennan] [Actual: Daryl Cook], 
[Row: 904] [Column: 5] [Expected: 200 Elm] [Actual: 10 NBS], 
[Row: 905] [Column: 1] [Expected: 3] [Actual: 1,188], 
[Row: 905] [Column: 2] [Expected: stevee] [Actual: mglennan], 
[Row: 905] [Column: 3] [Expected: Steve Evans] [Actual: Mike Glennan], 
[Row: 906] [Column: 1] [Expected: 5,032] [Actual: 3], 
[Row: 906] [Column: 2] [Expected: abelinky] [Actual: stevee], 
[Row: 906] [Column: 3] [Expected: Alejandro Belinky] [Actual: Steve Evans], 
[Row: 906] [Column: 4] [Expected: Global Macro Trading] [Actual: Systems Trading], 
[Row: 907] [Column: 1] [Expected: 5,069] [Actual: 5,032], 
[Row: 907] [Column: 2] [Expected: phill] [Actual: abelinky], 
[Row: 907] [Column: 3] [Expected: Peter Hill] [Actual: Alejandro Belinky], 
[Row: 907] [Column: 4] [Expected: Systems Trading] [Actual: Global Macro Trading], 
[Row: 907] [Column: 5] [Expected: 10 NBS] [Actual: 200 Elm], 
[Row: 908] [Column: 1] [Expected: 131] [Actual: 5,069], 
[Row: 908] [Column: 2] [Expected: dcook] [Actual: phill], 
[Row: 908] [Column: 3] [Expected: Daryl Cook] [Actual: Peter Hill], 
[Row: 908] [Column: 6] [Expected: sysmi7] [Actual: sysmi2], 
[Row: 909] [Column: 1] [Expected: 1,188] [Actual: 131], 
[Row: 909] [Column: 2] [Expected: mglennan] [Actual: dcook], 
[Row: 909] [Column: 3] [Expected: Mike Glennan] [Actual: Daryl Cook], 
[Row: 909] [Column: 5] [Expected: 200 Elm] [Actual: 10 NBS], 
[Row: 910] [Column: 1] [Expected: 3] [Actual: 1,188], 
[Row: 910] [Column: 2] [Expected: stevee] [Actual: mglennan], 
[Row: 910] [Column: 3] [Expected: Steve Evans] [Actual: Mike Glennan], 
[Row: 911] [Column: 1] [Expected: 5,032] [Actual: 3], 
[Row: 911] [Column: 2] [Expected: abelinky] [Actual: stevee], 
[Row: 911] [Column: 3] [Expected: Alejandro Belinky] [Actual: Steve Evans], 
[Row: 911] [Column: 4] [Expected: Global Macro Trading] [Actual: Systems Trading], 
[Row: 912] [Column: 1] [Expected: 5,069] [Actual: 5,032], 
[Row: 912] [Column: 2] [Expected: phill] [Actual: abelinky], 
[Row: 912] [Column: 3] [Expected: Peter Hill] [Actual: Alejandro Belinky], 
[Row: 912] [Column: 4] [Expected: Systems Trading] [Actual: Global Macro Trading], 
[Row: 912] [Column: 5] [Expected: 10 NBS] [Actual: 200 Elm], 
[Row: 913] [Column: 1] [Expected: 131] [Actual: 5,069], 
[Row: 913] [Column: 2] [Expected: dcook] [Actual: phill], 
[Row: 913] [Column: 3] [Expected: Daryl Cook] [Actual: Peter Hill], 
[Row: 913] [Column: 6] [Expected: systest] [Actual: sysmi7], 
[Row: 914] [Column: 1] [Expected: 1,188] [Actual: 131], 
[Row: 914] [Column: 2] [Expected: mglennan] [Actual: dcook], 
[Row: 914] [Column: 3] [Expected: Mike Glennan] [Actual: Daryl Cook], 
[Row: 914] [Column: 5] [Expected: 200 Elm] [Actual: 10 NBS], 
[Row: 915] [Column: 1] [Expected: 3] [Actual: 1,188], 
[Row: 915] [Column: 2] [Expected: stevee] [Actual: mglennan], 
[Row: 915] [Column: 3] [Expected: Steve Evans] [Actual: Mike Glennan], 
[Row: 916] [Column: 1] [Expected: 5,032] [Actual: 3], 
[Row: 916] [Column: 2] [Expected: abelinky] [Actual: stevee], 
[Row: 916] [Column: 3] [Expected: Alejandro Belinky] [Actual: Steve Evans], 
[Row: 916] [Column: 4] [Expected: Global Macro Trading] [Actual: Systems Trading], 
[Row: 917] [Column: 1] [Expected: 5,471] [Actual: 5,032], 
[Row: 917] [Column: 2] [Expected: editchfi] [Actual: abelinky], 
[Row: 917] [Column: 3] [Expected: Erik Ditchfield (Rebar)] [Actual: Alejandro Belinky], 
[Row: 917] [Column: 4] [Expected: IT Vendor Services] [Actual: Global Macro Trading], 
[Row: 917] [Column: 5] [Expected: Offsite - US Office] [Actual: 200 Elm]
	at org.testng.asserts.SoftAssert.assertAll(SoftAssert.java:38)
	at com.tudor.swag.tests.utils.SoftAssertSwag.assertAll(SoftAssertSwag.java:490)
	at com.tudor.swag.tests.suites.common.SwagletSuite.verifyAlphaData(SwagletSuite.java:432)
	at com.tudor.swag.tests.suites.ItAdminSuite.verifyData(ItAdminSuite.java:22)
	at sun.reflect.NativeMethodAccessorImpl.invoke0(Native Method)
	at sun.reflect.NativeMethodAccessorImpl.invoke(NativeMethodAccessorImpl.java:62)
	at sun.reflect.DelegatingMethodAccessorImpl.invoke(DelegatingMethodAccessorImpl.java:43)
	at java.lang.reflect.Method.invoke(Method.java:498)
	at org.testng.internal.MethodInvocationHelper.invokeMethod(MethodInvocationHelper.java:84)
	at org.testng.internal.Invoker.invokeMethod(Invoker.java:714)
	at org.testng.internal.Invoker.invokeTestMethod(Invoker.java:901)
	at org.testng.internal.Invoker.invokeTestMethods(Invoker.java:1231)
	at org.testng.internal.TestMethodWorker.invokeTestMethods(TestMethodWorker.java:127)
	at org.testng.internal.TestMethodWorker.run(TestMethodWorker.java:111)
	at org.testng.TestRunner.privateRun(TestRunner.java:767)
	at org.testng.TestRunner.run(TestRunner.java:617)
	at org.testng.SuiteRunner.runTest(SuiteRunner.java:334)
	at org.testng.SuiteRunner.access$000(SuiteRunner.java:37)
	at org.testng.SuiteRunner$SuiteWorker.run(SuiteRunner.java:368)
	at org.testng.internal.thread.ThreadUtil$2.call(ThreadUtil.java:64)
	at java.util.concurrent.FutureTask.run(FutureTask.java:266)
	at java.util.concurrent.ThreadPoolExecutor.runWorker(ThreadPoolExecutor.java:1149)
	at java.util.concurrent.ThreadPoolExecutor$Worker.run(ThreadPoolExecutor.java:624)
	at java.lang.Thread.run(Thread.java:748)
]]>
    </error>
  </testcase> <!-- verifyData -->
  <testcase name="verifyData" time="8.367" classname="com.tudor.swag.tests.suites.ItAdminSuite">
    <error type="java.lang.AssertionError" message="Actual row count is not equal as expected expected [514] but found [515]">
      <![CDATA[java.lang.AssertionError: Actual row count is not equal as expected expected [514] but found [515]
	at org.testng.Assert.fail(Assert.java:94)
	at org.testng.Assert.failNotEquals(Assert.java:494)
	at org.testng.Assert.assertEquals(Assert.java:123)
	at org.testng.Assert.assertEquals(Assert.java:370)
	at com.tudor.swag.tests.utils.SoftAssertSwag.assertTableData(SoftAssertSwag.java:223)
	at com.tudor.swag.tests.suites.common.SwagletSuite.verifyAlphaData(SwagletSuite.java:431)
	at com.tudor.swag.tests.suites.ItAdminSuite.verifyData(ItAdminSuite.java:22)
	at sun.reflect.NativeMethodAccessorImpl.invoke0(Native Method)
	at sun.reflect.NativeMethodAccessorImpl.invoke(NativeMethodAccessorImpl.java:62)
	at sun.reflect.DelegatingMethodAccessorImpl.invoke(DelegatingMethodAccessorImpl.java:43)
	at java.lang.reflect.Method.invoke(Method.java:498)
	at org.testng.internal.MethodInvocationHelper.invokeMethod(MethodInvocationHelper.java:84)
	at org.testng.internal.Invoker.invokeMethod(Invoker.java:714)
	at org.testng.internal.Invoker.invokeTestMethod(Invoker.java:901)
	at org.testng.internal.Invoker.invokeTestMethods(Invoker.java:1231)
	at org.testng.internal.TestMethodWorker.invokeTestMethods(TestMethodWorker.java:127)
	at org.testng.internal.TestMethodWorker.run(TestMethodWorker.java:111)
	at org.testng.TestRunner.privateRun(TestRunner.java:767)
	at org.testng.TestRunner.run(TestRunner.java:617)
	at org.testng.SuiteRunner.runTest(SuiteRunner.java:334)
	at org.testng.SuiteRunner.access$000(SuiteRunner.java:37)
	at org.testng.SuiteRunner$SuiteWorker.run(SuiteRunner.java:368)
	at org.testng.internal.thread.ThreadUtil$2.call(ThreadUtil.java:64)
	at java.util.concurrent.FutureTask.run(FutureTask.java:266)
	at java.util.concurrent.ThreadPoolExecutor.runWorker(ThreadPoolExecutor.java:1149)
	at java.util.concurrent.ThreadPoolExecutor$Worker.run(ThreadPoolExecutor.java:624)
	at java.lang.Thread.run(Thread.java:748)
]]>
    </error>
  </testcase> <!-- verifyData -->
  <testcase name="verifyData" time="5.344" classname="com.tudor.swag.tests.suites.ItAdminSuite">
    <error type="java.lang.AssertionError" message="Actual row count is not equal as expected expected [156] but found [157]">
      <![CDATA[java.lang.AssertionError: Actual row count is not equal as expected expected [156] but found [157]
	at org.testng.Assert.fail(Assert.java:94)
	at org.testng.Assert.failNotEquals(Assert.java:494)
	at org.testng.Assert.assertEquals(Assert.java:123)
	at org.testng.Assert.assertEquals(Assert.java:370)
	at com.tudor.swag.tests.utils.SoftAssertSwag.assertTableData(SoftAssertSwag.java:223)
	at com.tudor.swag.tests.suites.common.SwagletSuite.verifyAlphaData(SwagletSuite.java:431)
	at com.tudor.swag.tests.suites.ItAdminSuite.verifyData(ItAdminSuite.java:22)
	at sun.reflect.NativeMethodAccessorImpl.invoke0(Native Method)
	at sun.reflect.NativeMethodAccessorImpl.invoke(NativeMethodAccessorImpl.java:62)
	at sun.reflect.DelegatingMethodAccessorImpl.invoke(DelegatingMethodAccessorImpl.java:43)
	at java.lang.reflect.Method.invoke(Method.java:498)
	at org.testng.internal.MethodInvocationHelper.invokeMethod(MethodInvocationHelper.java:84)
	at org.testng.internal.Invoker.invokeMethod(Invoker.java:714)
	at org.testng.internal.Invoker.invokeTestMethod(Invoker.java:901)
	at org.testng.internal.Invoker.invokeTestMethods(Invoker.java:1231)
	at org.testng.internal.TestMethodWorker.invokeTestMethods(TestMethodWorker.java:127)
	at org.testng.internal.TestMethodWorker.run(TestMethodWorker.java:111)
	at org.testng.TestRunner.privateRun(TestRunner.java:767)
	at org.testng.TestRunner.run(TestRunner.java:617)
	at org.testng.SuiteRunner.runTest(SuiteRunner.java:334)
	at org.testng.SuiteRunner.access$000(SuiteRunner.java:37)
	at org.testng.SuiteRunner$SuiteWorker.run(SuiteRunner.java:368)
	at org.testng.internal.thread.ThreadUtil$2.call(ThreadUtil.java:64)
	at java.util.concurrent.FutureTask.run(FutureTask.java:266)
	at java.util.concurrent.ThreadPoolExecutor.runWorker(ThreadPoolExecutor.java:1149)
	at java.util.concurrent.ThreadPoolExecutor$Worker.run(ThreadPoolExecutor.java:624)
	at java.lang.Thread.run(Thread.java:748)
]]>
    </error>
  </testcase> <!-- verifyData -->
  <testcase name="verifyData" time="38.144" classname="com.tudor.swag.tests.suites.ItAdminSuite">
    <error type="java.lang.AssertionError" message="Actual row count is not equal as expected expected [604] but found [815]">
      <![CDATA[java.lang.AssertionError: Actual row count is not equal as expected expected [604] but found [815]
	at org.testng.Assert.fail(Assert.java:94)
	at org.testng.Assert.failNotEquals(Assert.java:494)
	at org.testng.Assert.assertEquals(Assert.java:123)
	at org.testng.Assert.assertEquals(Assert.java:370)
	at com.tudor.swag.tests.utils.SoftAssertSwag.assertTableData(SoftAssertSwag.java:223)
	at com.tudor.swag.tests.suites.common.SwagletSuite.verifyAlphaData(SwagletSuite.java:431)
	at com.tudor.swag.tests.suites.ItAdminSuite.verifyData(ItAdminSuite.java:22)
	at sun.reflect.NativeMethodAccessorImpl.invoke0(Native Method)
	at sun.reflect.NativeMethodAccessorImpl.invoke(NativeMethodAccessorImpl.java:62)
	at sun.reflect.DelegatingMethodAccessorImpl.invoke(DelegatingMethodAccessorImpl.java:43)
	at java.lang.reflect.Method.invoke(Method.java:498)
	at org.testng.internal.MethodInvocationHelper.invokeMethod(MethodInvocationHelper.java:84)
	at org.testng.internal.Invoker.invokeMethod(Invoker.java:714)
	at org.testng.internal.Invoker.invokeTestMethod(Invoker.java:901)
	at org.testng.internal.Invoker.invokeTestMethods(Invoker.java:1231)
	at org.testng.internal.TestMethodWorker.invokeTestMethods(TestMethodWorker.java:127)
	at org.testng.internal.TestMethodWorker.run(TestMethodWorker.java:111)
	at org.testng.TestRunner.privateRun(TestRunner.java:767)
	at org.testng.TestRunner.run(TestRunner.java:617)
	at org.testng.SuiteRunner.runTest(SuiteRunner.java:334)
	at org.testng.SuiteRunner.access$000(SuiteRunner.java:37)
	at org.testng.SuiteRunner$SuiteWorker.run(SuiteRunner.java:368)
	at org.testng.internal.thread.ThreadUtil$2.call(ThreadUtil.java:64)
	at java.util.concurrent.FutureTask.run(FutureTask.java:266)
	at java.util.concurrent.ThreadPoolExecutor.runWorker(ThreadPoolExecutor.java:1149)
	at java.util.concurrent.ThreadPoolExecutor$Worker.run(ThreadPoolExecutor.java:624)
	at java.lang.Thread.run(Thread.java:748)
]]>
    </error>
  </testcase> <!-- verifyData -->
  <testcase name="verifyData" time="29.288" classname="com.tudor.swag.tests.suites.ItAdminSuite">
    <error type="java.lang.AssertionError" message="The following asserts failed:

[Row: 53] [Column: 1] [Expected: 5,859] [Actual: 5,471], 
[Row: 53] [Column: 2] [Expected: dporat] [Actual: editchfi], 
[Row: 53] [Column: 3] [Expected: Dov Porat (CITCO)] [Actual: Erik Ditchfield (Rebar)], 
[Row: 53] [Column: 4] [Expected: CITCO] [Actual: IT Vendor Services], 
[Row: 53] [Column: 5] [Expected: CITCO NJ - MO] [Actual: Offsite - US Office], 
[Row: 54] [Column: 1] [Expected: 5,840] [Actual: 5,859], 
[Row: 54] [Column: 2] [Expected: smehta] [Actual: dporat], 
[Row: 54] [Column: 3] [Expected: Surbhi Mehta] [Actual: Dov Porat (CITCO)], 
[Row: 54] [Column: 4] [Expected: IR &amp; Product Development] [Actual: CITCO], 
[Row: 54] [Column: 5] [Expected: 200 Elm] [Actual: CITCO NJ - MO], 
[Row: 55] [Column: 1] [Expected: 5,551] [Actual: 5,840], 
[Row: 55] [Column: 2] [Expected: ffeiyang] [Actual: smehta], 
[Row: 55] [Column: 3] [Expected: Fen Fei Yang] [Actual: Surbhi Mehta], 
[Row: 55] [Column: 4] [Expected: Software Development] [Actual: IR &amp; Product Development], 
[Row: 56] [Column: 1] [Expected: 5,901] [Actual: 5,551], 
[Row: 56] [Column: 2] [Expected: mcangian] [Actual: ffeiyang], 
[Row: 56] [Column: 3] [Expected: Michael Cangiano (CITCO)] [Actual: Fen Fei Yang], 
[Row: 56] [Column: 4] [Expected: CITCO] [Actual: Software Development], 
[Row: 56] [Column: 5] [Expected: CITCO MAL - RPT] [Actual: 200 Elm], 
[Row: 57] [Column: 1] [Expected: 5,463] [Actual: 5,901], 
[Row: 57] [Column: 2] [Expected: mhayes] [Actual: mcangian], 
[Row: 57] [Column: 3] [Expected: Matthew Hayes] [Actual: Michael Cangiano (CITCO)], 
[Row: 57] [Column: 4] [Expected: Global Execution] [Actual: CITCO], 
[Row: 57] [Column: 5] [Expected: 200 Elm] [Actual: CITCO MAL - RPT], 
[Row: 58] [Column: 1] [Expected: 6,103] [Actual: 5,463], 
[Row: 58] [Column: 2] [Expected: tegan] [Actual: mhayes], 
[Row: 58] [Column: 3] [Expected: Thomas Egan (CITCO)] [Actual: Matthew Hayes], 
[Row: 58] [Column: 4] [Expected: CITCO] [Actual: Global Execution], 
[Row: 58] [Column: 5] [Expected: CITCO NJ - RISK&amp;V] [Actual: 200 Elm], 
[Row: 59] [Column: 1] [Expected: 6,148] [Actual: 6,103], 
[Row: 59] [Column: 2] [Expected: hshim] [Actual: tegan], 
[Row: 59] [Column: 3] [Expected: Hosup Shim (CITCO)] [Actual: Thomas Egan (CITCO)], 
[Row: 59] [Column: 5] [Expected: CITCO NJ - TAX] [Actual: CITCO NJ - RISK&amp;V], 
[Row: 60] [Column: 1] [Expected: 4,824] [Actual: 6,148], 
[Row: 60] [Column: 2] [Expected: pkhemraj] [Actual: hshim], 
[Row: 60] [Column: 3] [Expected: Prem Khemraj (Benchmark)] [Actual: Hosup Shim (CITCO)], 
[Row: 60] [Column: 4] [Expected: Financial Reporting] [Actual: CITCO], 
[Row: 60] [Column: 5] [Expected: 200 Elm] [Actual: CITCO NJ - TAX], 
[Row: 61] [Column: 1] [Expected: 6,019] [Actual: 4,824], 
[Row: 61] [Column: 2] [Expected: skollipa] [Actual: pkhemraj], 
[Row: 61] [Column: 3] [Expected: Suresh Kollipara] [Actual: Prem Khemraj (Benchmark)], 
[Row: 61] [Column: 4] [Expected: Software Development] [Actual: Financial Reporting], 
[Row: 62] [Column: 1] [Expected: 6,196] [Actual: 6,019], 
[Row: 62] [Column: 2] [Expected: sgriffee] [Actual: skollipa], 
[Row: 62] [Column: 3] [Expected: Steve Griffee] [Actual: Suresh Kollipara], 
[Row: 62] [Column: 4] [Expected: IT Customer Services &amp; Support] [Actual: Software Development], 
[Row: 63] [Column: 1] [Expected: 4,359] [Actual: 6,196], 
[Row: 63] [Column: 2] [Expected: arivera] [Actual: sgriffee], 
[Row: 63] [Column: 3] [Expected: Anita Sbarra] [Actual: Steve Griffee], 
[Row: 63] [Column: 4] [Expected: Financial Reporting] [Actual: IT Customer Services &amp; Support], 
[Row: 63] [Column: 5] [Expected: Palm Beach] [Actual: 200 Elm], 
[Row: 64] [Column: 1] [Expected: 4,659] [Actual: 4,359], 
[Row: 64] [Column: 2] [Expected: sking] [Actual: arivera], 
[Row: 64] [Column: 3] [Expected: Shaun King] [Actual: Anita Sbarra], 
[Row: 64] [Column: 4] [Expected: Executive] [Actual: Financial Reporting], 
[Row: 64] [Column: 5] [Expected: 10 NBS] [Actual: Palm Beach], 
[Row: 65] [Column: 1] [Expected: 6,303] [Actual: 4,659], 
[Row: 65] [Column: 2] [Expected: emiller] [Actual: sking], 
[Row: 65] [Column: 3] [Expected: Emily Miller (CITCO)] [Actual: Shaun King], 
[Row: 65] [Column: 4] [Expected: CITCO] [Actual: Executive], 
[Row: 65] [Column: 5] [Expected: CITCO MAL - RPT] [Actual: 10 NBS], 
[Row: 66] [Column: 1] [Expected: 6,327] [Actual: 6,303], 
[Row: 66] [Column: 2] [Expected: mbicknel] [Actual: emiller], 
[Row: 66] [Column: 3] [Expected: Michael Bicknell] [Actual: Emily Miller (CITCO)], 
[Row: 66] [Column: 4] [Expected: Collateral Management] [Actual: CITCO], 
[Row: 66] [Column: 5] [Expected: 200 Elm] [Actual: CITCO MAL - RPT], 
[Row: 67] [Column: 1] [Expected: 6,326] [Actual: 6,327], 
[Row: 67] [Column: 2] [Expected: dgreen] [Actual: mbicknel], 
[Row: 67] [Column: 3] [Expected: Damien Green] [Actual: Michael Bicknell], 
[Row: 67] [Column: 4] [Expected: Business Mgmt and Analysis] [Actual: Collateral Management], 
[Row: 68] [Column: 1] [Expected: 6,385] [Actual: 6,326], 
[Row: 68] [Column: 2] [Expected: szhou] [Actual: dgreen], 
[Row: 68] [Column: 3] [Expected: Sean Zhou] [Actual: Damien Green], 
[Row: 68] [Column: 4] [Expected: Portfolio Oversight] [Actual: Business Mgmt and Analysis], 
[Row: 68] [Column: 5] [Expected: 51 Astor Place] [Actual: 200 Elm], 
[Row: 69] [Column: 1] [Expected: 6,402] [Actual: 6,385], 
[Row: 69] [Column: 2] [Expected: caaronso] [Actual: szhou], 
[Row: 69] [Column: 3] [Expected: Christian Aaronson (CITCO)] [Actual: Sean Zhou], 
[Row: 69] [Column: 4] [Expected: CITCO] [Actual: Portfolio Oversight], 
[Row: 69] [Column: 5] [Expected: CITCO MAL - PE] [Actual: 51 Astor Place], 
[Row: 70] [Column: 1] [Expected: 6,405] [Actual: 6,402], 
[Row: 70] [Column: 2] [Expected: kekelly] [Actual: caaronso], 
[Row: 70] [Column: 3] [Expected: Kelly Kelly (CITCO)] [Actual: Christian Aaronson (CITCO)], 
[Row: 70] [Column: 5] [Expected: CITCO MAL - RPT] [Actual: CITCO MAL - PE], 
[Row: 71] [Column: 1] [Expected: 6,431] [Actual: 6,405], 
[Row: 71] [Column: 2] [Expected: rgold] [Actual: kekelly], 
[Row: 71] [Column: 3] [Expected: Robert Gold] [Actual: Kelly Kelly (CITCO)], 
[Row: 71] [Column: 4] [Expected: Global Execution] [Actual: CITCO], 
[Row: 71] [Column: 5] [Expected: 10 NBS] [Actual: CITCO MAL - RPT], 
[Row: 72] [Column: 1] [Expected: 6,523] [Actual: 6,431], 
[Row: 72] [Column: 2] [Expected: jhay] [Actual: rgold], 
[Row: 72] [Column: 3] [Expected: Jacquelyn Hay] [Actual: Robert Gold], 
[Row: 72] [Column: 4] [Expected: Operations] [Actual: Global Execution], 
[Row: 72] [Column: 5] [Expected: 200 Elm] [Actual: 10 NBS], 
[Row: 73] [Column: 1] [Expected: 6,565] [Actual: 6,523], 
[Row: 73] [Column: 2] [Expected: jizhou] [Actual: jhay], 
[Row: 73] [Column: 3] [Expected: Josh Zhou (CITCO)] [Actual: Jacquelyn Hay], 
[Row: 73] [Column: 4] [Expected: CITCO] [Actual: Operations], 
[Row: 73] [Column: 5] [Expected: CITCO NJ - OPS] [Actual: 200 Elm], 
[Row: 74] [Column: 1] [Expected: 6,580] [Actual: 6,565], 
[Row: 74] [Column: 2] [Expected: ttirapan] [Actual: jizhou], 
[Row: 74] [Column: 3] [Expected: Thomas Tirapani (ExHI)] [Actual: Josh Zhou (CITCO)], 
[Row: 74] [Column: 4] [Expected: Software Development] [Actual: CITCO], 
[Row: 74] [Column: 5] [Expected: Offsite - Non-US Office] [Actual: CITCO NJ - OPS], 
[Row: 75] [Column: 1] [Expected: 6,573] [Actual: 6,580], 
[Row: 75] [Column: 2] [Expected: schiu] [Actual: ttirapan], 
[Row: 75] [Column: 3] [Expected: Sammi Chiu (CITCO)] [Actual: Thomas Tirapani (ExHI)], 
[Row: 75] [Column: 4] [Expected: CITCO] [Actual: Software Development], 
[Row: 75] [Column: 5] [Expected: CITCO NJ - MO] [Actual: Offsite - Non-US Office], 
[Row: 76] [Column: 1] [Expected: 5,647] [Actual: 6,573], 
[Row: 76] [Column: 2] [Expected: kzdunek] [Actual: schiu], 
[Row: 76] [Column: 3] [Expected: Kamil Zdunek] [Actual: Sammi Chiu (CITCO)], 
[Row: 76] [Column: 4] [Expected: Global Execution] [Actual: CITCO], 
[Row: 76] [Column: 5] [Expected: 200 Elm] [Actual: CITCO NJ - MO], 
[Row: 77] [Column: 1] [Expected: 6,597] [Actual: 5,647], 
[Row: 77] [Column: 2] [Expected: snagaraj] [Actual: kzdunek], 
[Row: 77] [Column: 3] [Expected: Nag Nagarajan] [Actual: Kamil Zdunek], 
[Row: 77] [Column: 4] [Expected: Portfolio Oversight] [Actual: Global Execution], 
[Row: 77] [Column: 5] [Expected: 51 Astor Place] [Actual: 200 Elm], 
[Row: 78] [Column: 1] [Expected: 6,627] [Actual: 6,597], 
[Row: 78] [Column: 2] [Expected: alai] [Actual: snagaraj], 
[Row: 78] [Column: 3] [Expected: Albert Lai (CITCO)] [Actual: Nag Nagarajan], 
[Row: 78] [Column: 4] [Expected: CITCO] [Actual: Portfolio Oversight], 
[Row: 78] [Column: 5] [Expected: CITCO NJ - OPS] [Actual: 51 Astor Place], 
[Row: 79] [Column: 1] [Expected: 6,654] [Actual: 6,627], 
[Row: 79] [Column: 2] [Expected: spemmasa] [Actual: alai], 
[Row: 79] [Column: 3] [Expected: Siva Pemmasani (CITCO)] [Actual: Albert Lai (CITCO)], 
[Row: 79] [Column: 5] [Expected: CITCO NJ - RISK&amp;V] [Actual: CITCO NJ - OPS], 
[Row: 80] [Column: 1] [Expected: 6,581] [Actual: 6,654], 
[Row: 80] [Column: 2] [Expected: amirdita] [Actual: spemmasa], 
[Row: 80] [Column: 3] [Expected: Antoinette Mirdita] [Actual: Siva Pemmasani (CITCO)], 
[Row: 80] [Column: 4] [Expected: Financial Reporting] [Actual: CITCO], 
[Row: 80] [Column: 5] [Expected: 200 Elm] [Actual: CITCO NJ - RISK&amp;V], 
[Row: 81] [Column: 1] [Expected: 6,740] [Actual: 6,581], 
[Row: 81] [Column: 2] [Expected: ckirby] [Actual: amirdita], 
[Row: 81] [Column: 3] [Expected: Charlie Kirby] [Actual: Antoinette Mirdita], 
[Row: 81] [Column: 4] [Expected: Trade Support] [Actual: Financial Reporting], 
[Row: 81] [Column: 5] [Expected: 10 NBS] [Actual: 200 Elm], 
[Row: 82] [Column: 1] [Expected: 6,714] [Actual: 6,740], 
[Row: 82] [Column: 2] [Expected: cabergas] [Actual: ckirby], 
[Row: 82] [Column: 3] [Expected: Cedric Abergas (CITCO)] [Actual: Charlie Kirby], 
[Row: 82] [Column: 4] [Expected: CITCO] [Actual: Trade Support], 
[Row: 82] [Column: 5] [Expected: CITCO MLA - TRD CAP] [Actual: 10 NBS], 
[Row: 83] [Column: 1] [Expected: 6,717] [Actual: 6,714], 
[Row: 83] [Column: 2] [Expected: syamamiy] [Actual: cabergas], 
[Row: 83] [Column: 3] [Expected: Shinji Yamamiya (CITCO)] [Actual: Cedric Abergas (CITCO)], 
[Row: 84] [Column: 1] [Expected: 6,746] [Actual: 6,717], 
[Row: 84] [Column: 2] [Expected: mfan] [Actual: syamamiy], 
[Row: 84] [Column: 3] [Expected: Mike Fan] [Actual: Shinji Yamamiya (CITCO)], 
[Row: 84] [Column: 4] [Expected: Operations] [Actual: CITCO], 
[Row: 84] [Column: 5] [Expected: Singapore] [Actual: CITCO MLA - TRD CAP], 
[Row: 85] [Column: 1] [Expected: 6,775] [Actual: 6,746], 
[Row: 85] [Column: 2] [Expected: pgovinda] [Actual: mfan], 
[Row: 85] [Column: 3] [Expected: Praba Govindan (Princeton Group)] [Actual: Mike Fan], 
[Row: 85] [Column: 4] [Expected: Software Development] [Actual: Operations], 
[Row: 85] [Column: 5] [Expected: 200 Elm] [Actual: Singapore], 
[Row: 86] [Column: 1] [Expected: 6,783] [Actual: 6,775], 
[Row: 86] [Column: 2] [Expected: asaliern] [Actual: pgovinda], 
[Row: 86] [Column: 3] [Expected: Adriana Amarillo] [Actual: Praba Govindan (Princeton Group)], 
[Row: 86] [Column: 4] [Expected: Financial Reporting] [Actual: Software Development], 
[Row: 87] [Column: 1] [Expected: 6,805] [Actual: 6,783], 
[Row: 87] [Column: 2] [Expected: crudd] [Actual: asaliern], 
[Row: 87] [Column: 3] [Expected: Colin Rudd (ExHI)] [Actual: Adriana Amarillo], 
[Row: 87] [Column: 4] [Expected: Software Development] [Actual: Financial Reporting], 
[Row: 87] [Column: 5] [Expected: Offsite - US Office] [Actual: 200 Elm], 
[Row: 88] [Column: 1] [Expected: 6,822] [Actual: 6,805], 
[Row: 88] [Column: 2] [Expected: vshlivko] [Actual: crudd], 
[Row: 88] [Column: 3] [Expected: Val Shlivko] [Actual: Colin Rudd (ExHI)], 
[Row: 88] [Column: 4] [Expected: Business Mgmt and Analysis] [Actual: Software Development], 
[Row: 88] [Column: 5] [Expected: 51 Astor Place] [Actual: Offsite - US Office], 
[Row: 89] [Column: 1] [Expected: 6,836] [Actual: 6,822], 
[Row: 89] [Column: 2] [Expected: msokolow] [Actual: vshlivko], 
[Row: 89] [Column: 3] [Expected: Maciej Sokolowski] [Actual: Val Shlivko], 
[Row: 89] [Column: 4] [Expected: IT Data Services] [Actual: Business Mgmt and Analysis], 
[Row: 89] [Column: 5] [Expected: 10 NBS] [Actual: 51 Astor Place], 
[Row: 90] [Column: 1] [Expected: 6,888] [Actual: 6,836], 
[Row: 90] [Column: 2] [Expected: kthompso] [Actual: msokolow], 
[Row: 90] [Column: 3] [Expected: Kendal Thompson (CITCO)] [Actual: Maciej Sokolowski], 
[Row: 90] [Column: 4] [Expected: CITCO] [Actual: IT Data Services], 
[Row: 90] [Column: 5] [Expected: CITCO HFX - DIV] [Actual: 10 NBS], 
[Row: 91] [Column: 1] [Expected: 6,902] [Actual: 6,888], 
[Row: 91] [Column: 2] [Expected: btodorov] [Actual: kthompso], 
[Row: 91] [Column: 3] [Expected: Boban Todorovic (Accordia)] [Actual: Kendal Thompson (CITCO)], 
[Row: 91] [Column: 4] [Expected: Software Development] [Actual: CITCO], 
[Row: 91] [Column: 5] [Expected: 51 Astor Place] [Actual: CITCO HFX - DIV], 
[Row: 92] [Column: 1] [Expected: 6,903] [Actual: 6,902], 
[Row: 92] [Column: 2] [Expected: gstankov] [Actual: btodorov], 
[Row: 92] [Column: 3] [Expected: Goran Stankovic (Accordia)] [Actual: Boban Todorovic (Accordia)], 
[Row: 92] [Column: 5] [Expected: Offsite - Non-US Office] [Actual: 51 Astor Place], 
[Row: 93] [Column: 1] [Expected: 6,918] [Actual: 6,903], 
[Row: 93] [Column: 2] [Expected: mgould] [Actual: gstankov], 
[Row: 93] [Column: 3] [Expected: Michael Gould] [Actual: Goran Stankovic (Accordia)], 
[Row: 93] [Column: 5] [Expected: 10 NBS] [Actual: Offsite - Non-US Office], 
[Row: 94] [Column: 1] [Expected: 6,179] [Actual: 6,918], 
[Row: 94] [Column: 2] [Expected: sanjap] [Actual: mgould], 
[Row: 94] [Column: 3] [Expected: Sanja Paunovic (Accordia)] [Actual: Michael Gould], 
[Row: 94] [Column: 5] [Expected: Offsite - Non-US Office] [Actual: 10 NBS], 
[Row: 95] [Column: 1] [Expected: 6,308] [Actual: 6,179], 
[Row: 95] [Column: 2] [Expected: sabrashi] [Actual: sanjap], 
[Row: 95] [Column: 3] [Expected: Sergey Abrashin] [Actual: Sanja Paunovic (Accordia)], 
[Row: 95] [Column: 5] [Expected: 200 Elm] [Actual: Offsite - Non-US Office], 
[Row: 96] [Column: 1] [Expected: 6,930] [Actual: 6,308], 
[Row: 96] [Column: 2] [Expected: jrangelo] [Actual: sabrashi], 
[Row: 96] [Column: 3] [Expected: Jelena Rangelov (Accordia)] [Actual: Sergey Abrashin], 
[Row: 96] [Column: 4] [Expected: Business Mgmt and Analysis] [Actual: Software Development], 
[Row: 96] [Column: 5] [Expected: Offsite - Non-US Office] [Actual: 200 Elm], 
[Row: 97] [Column: 1] [Expected: 6,153] [Actual: 6,930], 
[Row: 97] [Column: 2] [Expected: lkuznets] [Actual: jrangelo], 
[Row: 97] [Column: 3] [Expected: Leonid Kuznetsov] [Actual: Jelena Rangelov (Accordia)], 
[Row: 97] [Column: 4] [Expected: IT Customer Services &amp; Support] [Actual: Business Mgmt and Analysis], 
[Row: 97] [Column: 5] [Expected: 10 NBS] [Actual: Offsite - Non-US Office], 
[Row: 98] [Column: 1] [Expected: 6,927] [Actual: 6,153], 
[Row: 98] [Column: 2] [Expected: srayudu] [Actual: lkuznets], 
[Row: 98] [Column: 3] [Expected: Suneetha Rayudu] [Actual: Leonid Kuznetsov], 
[Row: 98] [Column: 4] [Expected: Software Development] [Actual: IT Customer Services &amp; Support], 
[Row: 98] [Column: 5] [Expected: 200 Elm] [Actual: 10 NBS], 
[Row: 99] [Column: 1] [Expected: 7,024] [Actual: 6,927], 
[Row: 99] [Column: 2] [Expected: rwothers] [Actual: srayudu], 
[Row: 99] [Column: 3] [Expected: Russell Wotherspoon] [Actual: Suneetha Rayudu], 
[Row: 99] [Column: 4] [Expected: IT Customer Services &amp; Support] [Actual: Software Development], 
[Row: 99] [Column: 5] [Expected: 10 NBS] [Actual: 200 Elm], 
[Row: 100] [Column: 1] [Expected: 7,040] [Actual: 7,024], 
[Row: 100] [Column: 2] [Expected: mstojano] [Actual: rwothers], 
[Row: 100] [Column: 3] [Expected: Milos Stojanovic (Accordia)] [Actual: Russell Wotherspoon], 
[Row: 100] [Column: 4] [Expected: Business Mgmt and Analysis] [Actual: IT Customer Services &amp; Support], 
[Row: 100] [Column: 5] [Expected: Offsite - Non-US Office] [Actual: 10 NBS], 
[Row: 101] [Column: 1] [Expected: 7,046] [Actual: 7,040], 
[Row: 101] [Column: 2] [Expected: ivhuang] [Actual: mstojano], 
[Row: 101] [Column: 3] [Expected: Ivy Huang (Citco)] [Actual: Milos Stojanovic (Accordia)], 
[Row: 101] [Column: 4] [Expected: CITCO] [Actual: Business Mgmt and Analysis], 
[Row: 101] [Column: 5] [Expected: CITCO MAL - RPT] [Actual: Offsite - Non-US Office], 
[Row: 102] [Column: 1] [Expected: 7,058] [Actual: 7,046], 
[Row: 102] [Column: 2] [Expected: jcooksey] [Actual: ivhuang], 
[Row: 102] [Column: 3] [Expected: James Cooksey] [Actual: Ivy Huang (Citco)], 
[Row: 102] [Column: 4] [Expected: Operations] [Actual: CITCO], 
[Row: 102] [Column: 5] [Expected: 200 Elm] [Actual: CITCO MAL - RPT], 
[Row: 103] [Column: 1] [Expected: 7,051] [Actual: 7,058], 
[Row: 103] [Column: 2] [Expected: aafricano] [Actual: jcooksey], 
[Row: 103] [Column: 3] [Expected: Aileen Africano (Citco)] [Actual: James Cooksey], 
[Row: 103] [Column: 4] [Expected: CITCO] [Actual: Operations], 
[Row: 103] [Column: 5] [Expected: CITCO MNL - RPT] [Actual: 200 Elm], 
[Row: 104] [Column: 1] [Expected: 7,025] [Actual: 7,051], 
[Row: 104] [Column: 2] [Expected: yfernand] [Actual: aafricano], 
[Row: 104] [Column: 3] [Expected: Yohan Fernando] [Actual: Aileen Africano (Citco)], 
[Row: 104] [Column: 4] [Expected: Software Development] [Actual: CITCO], 
[Row: 104] [Column: 5] [Expected: 10 NBS] [Actual: CITCO MNL - RPT], 
[Row: 105] [Column: 1] [Expected: 7,092] [Actual: 7,025], 
[Row: 105] [Column: 2] [Expected: plagrima] [Actual: yfernand], 
[Row: 105] [Column: 3] [Expected: Peter Lagrimas (Citco)] [Actual: Yohan Fernando], 
[Row: 105] [Column: 4] [Expected: CITCO] [Actual: Software Development], 
[Row: 105] [Column: 5] [Expected: CITCO NJ - MO] [Actual: 10 NBS], 
[Row: 106] [Column: 1] [Expected: 7,117] [Actual: 7,092], 
[Row: 106] [Column: 2] [Expected: jli] [Actual: plagrima], 
[Row: 106] [Column: 3] [Expected: Jennifer Li (Princeton Consulting)] [Actual: Peter Lagrimas (Citco)], 
[Row: 106] [Column: 4] [Expected: IT Data Services] [Actual: CITCO], 
[Row: 106] [Column: 5] [Expected: Offsite - US Office] [Actual: CITCO NJ - MO], 
[Row: 107] [Column: 1] [Expected: 7,170] [Actual: 7,117], 
[Row: 107] [Column: 2] [Expected: dfebbrai] [Actual: jli], 
[Row: 107] [Column: 3] [Expected: Donald Febbraio (ExHI)] [Actual: Jennifer Li (Princeton Consulting)], 
[Row: 107] [Column: 4] [Expected: Software Development] [Actual: IT Data Services], 
[Row: 108] [Column: 1] [Expected: 7,190] [Actual: 7,170], 
[Row: 108] [Column: 2] [Expected: silic] [Actual: dfebbrai], 
[Row: 108] [Column: 3] [Expected: Sasha Ilic (Accordia)] [Actual: Donald Febbraio (ExHI)], 
[Row: 108] [Column: 5] [Expected: Offsite - Non-US Office] [Actual: Offsite - US Office], 
[Row: 109] [Column: 1] [Expected: 7,194] [Actual: 7,190], 
[Row: 109] [Column: 2] [Expected: clu] [Actual: silic], 
[Row: 109] [Column: 3] [Expected: Chensheng Lu] [Actual: Sasha Ilic (Accordia)], 
[Row: 109] [Column: 4] [Expected: Risk Management] [Actual: Software Development], 
[Row: 109] [Column: 5] [Expected: 10 NBS] [Actual: Offsite - Non-US Office], 
[Row: 110] [Column: 1] [Expected: 141] [Actual: 7,194], 
[Row: 110] [Column: 2] [Expected: sgorbey] [Actual: clu], 
[Row: 110] [Column: 3] [Expected: Susi Gorbey] [Actual: Chensheng Lu], 
[Row: 110] [Column: 4] [Expected: Quantitative Strategies Oversi] [Actual: Risk Management], 
[Row: 111] [Column: 1] [Expected: 7,207] [Actual: 141], 
[Row: 111] [Column: 2] [Expected: hboongal] [Actual: sgorbey], 
[Row: 111] [Column: 3] [Expected: Hazel Boongaling (Citco)] [Actual: Susi Gorbey], 
[Row: 111] [Column: 4] [Expected: CITCO] [Actual: Quantitative Strategies Oversi], 
[Row: 111] [Column: 5] [Expected: CITCO MNL - RPT] [Actual: 10 NBS], 
[Row: 112] [Column: 1] [Expected: 6,503] [Actual: 7,207], 
[Row: 112] [Column: 2] [Expected: mhassan] [Actual: hboongal], 
[Row: 112] [Column: 3] [Expected: Muriam Hassan] [Actual: Hazel Boongaling (Citco)], 
[Row: 112] [Column: 4] [Expected: Legal and Compliance] [Actual: CITCO], 
[Row: 112] [Column: 5] [Expected: 10 NBS] [Actual: CITCO MNL - RPT], 
[Row: 113] [Column: 1] [Expected: 6,578] [Actual: 6,503], 
[Row: 113] [Column: 2] [Expected: gsalazar] [Actual: mhassan], 
[Row: 113] [Column: 3] [Expected: Gabriela Salazar (CITCO)] [Actual: Muriam Hassan], 
[Row: 113] [Column: 4] [Expected: CITCO] [Actual: Legal and Compliance], 
[Row: 113] [Column: 5] [Expected: CITCO NJ - RISK&amp;V] [Actual: 10 NBS], 
[Row: 114] [Column: 1] [Expected: 7,243] [Actual: 6,578], 
[Row: 114] [Column: 2] [Expected: kramoso] [Actual: gsalazar], 
[Row: 114] [Column: 3] [Expected: Katrina Ramoso (Citco)] [Actual: Gabriela Salazar (CITCO)], 
[Row: 114] [Column: 5] [Expected: CITCO MLA - OPS] [Actual: CITCO NJ - RISK&amp;V], 
[Row: 115] [Column: 1] [Expected: 7,246] [Actual: 7,243], 
[Row: 115] [Column: 2] [Expected: ralcanta] [Actual: kramoso], 
[Row: 115] [Column: 3] [Expected: Rocel Alcantara (Citco)] [Actual: Katrina Ramoso (Citco)], 
[Row: 116] [Column: 1] [Expected: 7,244] [Actual: 7,246], 
[Row: 116] [Column: 2] [Expected: pcorpuz] [Actual: ralcanta], 
[Row: 116] [Column: 3] [Expected: Pearly Corpuz (Citco)] [Actual: Rocel Alcantara (Citco)], 
[Row: 117] [Column: 1] [Expected: 7,262] [Actual: 7,244], 
[Row: 117] [Column: 2] [Expected: gjohn] [Actual: pcorpuz], 
[Row: 117] [Column: 3] [Expected: Gina John (Citco)] [Actual: Pearly Corpuz (Citco)], 
[Row: 117] [Column: 5] [Expected: CITCO MAL - RPT] [Actual: CITCO MLA - OPS], 
[Row: 118] [Column: 1] [Expected: 6,105] [Actual: 7,262], 
[Row: 118] [Column: 2] [Expected: dtan] [Actual: gjohn], 
[Row: 118] [Column: 3] [Expected: Danny Tan (CITCO)] [Actual: Gina John (Citco)], 
[Row: 118] [Column: 5] [Expected: CITCO NJ - OPS] [Actual: CITCO MAL - RPT], 
[Row: 119] [Column: 1] [Expected: 7,234] [Actual: 6,105], 
[Row: 119] [Column: 2] [Expected: jfullam] [Actual: dtan], 
[Row: 119] [Column: 3] [Expected: John Fullam] [Actual: Danny Tan (CITCO)], 
[Row: 119] [Column: 4] [Expected: Software Development] [Actual: CITCO], 
[Row: 119] [Column: 5] [Expected: 200 Elm] [Actual: CITCO NJ - OPS], 
[Row: 120] [Column: 1] [Expected: 7,247] [Actual: 7,234], 
[Row: 120] [Column: 2] [Expected: jvoong] [Actual: jfullam], 
[Row: 120] [Column: 3] [Expected: Johnny Voong (Citco)] [Actual: John Fullam], 
[Row: 120] [Column: 4] [Expected: CITCO] [Actual: Software Development], 
[Row: 120] [Column: 5] [Expected: CITCO NJ - MO] [Actual: 200 Elm], 
[Row: 121] [Column: 1] [Expected: 6,161] [Actual: 7,247], 
[Row: 121] [Column: 2] [Expected: lgiorgia] [Actual: jvoong], 
[Row: 121] [Column: 3] [Expected: Lorenzo Giorgianni] [Actual: Johnny Voong (Citco)], 
[Row: 121] [Column: 4] [Expected: Global Research] [Actual: CITCO], 
[Row: 121] [Column: 5] [Expected: 51 Astor Place] [Actual: CITCO NJ - MO], 
[Row: 122] [Column: 1] [Expected: 7,094] [Actual: 6,161], 
[Row: 122] [Column: 2] [Expected: nstojano] [Actual: lgiorgia], 
[Row: 122] [Column: 3] [Expected: Nenad Stojanovic (Accordia)] [Actual: Lorenzo Giorgianni], 
[Row: 122] [Column: 4] [Expected: IT Customer Services &amp; Support] [Actual: Global Research], 
[Row: 122] [Column: 5] [Expected: Offsite - Non-US Office] [Actual: 51 Astor Place], 
[Row: 123] [Column: 1] [Expected: 4,320] [Actual: 7,094], 
[Row: 123] [Column: 2] [Expected: rhowes] [Actual: nstojano], 
[Row: 123] [Column: 3] [Expected: Robin Howes] [Actual: Nenad Stojanovic (Accordia)], 
[Row: 123] [Column: 4] [Expected: Operations] [Actual: IT Customer Services &amp; Support], 
[Row: 123] [Column: 5] [Expected: 200 Elm] [Actual: Offsite - Non-US Office], 
[Row: 124] [Column: 1] [Expected: 7,338] [Actual: 4,320], 
[Row: 124] [Column: 2] [Expected: rwiederh] [Actual: rhowes], 
[Row: 124] [Column: 3] [Expected: Raymond Wiederhold] [Actual: Robin Howes], 
[Row: 124] [Column: 4] [Expected: Middle Office] [Actual: Operations], 
[Row: 125] [Column: 1] [Expected: 7,337] [Actual: 7,338], 
[Row: 125] [Column: 2] [Expected: dfrischm] [Actual: rwiederh], 
[Row: 125] [Column: 3] [Expected: Daniel Frischman] [Actual: Raymond Wiederhold], 
[Row: 125] [Column: 4] [Expected: Collateral Management] [Actual: Middle Office], 
[Row: 126] [Column: 1] [Expected: 6,798] [Actual: 7,337], 
[Row: 126] [Column: 2] [Expected: spalmrot] [Actual: dfrischm], 
[Row: 126] [Column: 3] [Expected: Stephen Palmroth] [Actual: Daniel Frischman], 
[Row: 126] [Column: 4] [Expected: IT Customer Services &amp; Support] [Actual: Collateral Management], 
[Row: 127] [Column: 1] [Expected: 7,347] [Actual: 6,798], 
[Row: 127] [Column: 2] [Expected: kwojtas] [Actual: spalmrot], 
[Row: 127] [Column: 3] [Expected: Kris Wojtas] [Actual: Stephen Palmroth], 
[Row: 127] [Column: 4] [Expected: Operations] [Actual: IT Customer Services &amp; Support], 
[Row: 127] [Column: 5] [Expected: 10 NBS] [Actual: 200 Elm], 
[Row: 128] [Column: 1] [Expected: 7,312] [Actual: 7,347], 
[Row: 128] [Column: 2] [Expected: czhang] [Actual: kwojtas], 
[Row: 128] [Column: 3] [Expected: Cheng (Craig) Zhang (Citco)] [Actual: Kris Wojtas], 
[Row: 128] [Column: 4] [Expected: CITCO] [Actual: Operations], 
[Row: 128] [Column: 5] [Expected: CITCO HFX - DIV] [Actual: 10 NBS], 
[Row: 129] [Column: 1] [Expected: 7,350] [Actual: 7,312], 
[Row: 129] [Column: 2] [Expected: ghuang] [Actual: czhang], 
[Row: 129] [Column: 3] [Expected: Gengwei (Kevin) Huang (Citco)] [Actual: Cheng (Craig) Zhang (Citco)], 
[Row: 130] [Column: 1] [Expected: 7,342] [Actual: 7,350], 
[Row: 130] [Column: 2] [Expected: jgalvin] [Actual: ghuang], 
[Row: 130] [Column: 3] [Expected: James Galvin (Citco)] [Actual: Gengwei (Kevin) Huang (Citco)], 
[Row: 130] [Column: 5] [Expected: CITCO NJ - OPS] [Actual: CITCO HFX - DIV], 
[Row: 131] [Column: 1] [Expected: 7,365] [Actual: 7,342], 
[Row: 131] [Column: 2] [Expected: tseto] [Actual: jgalvin], 
[Row: 131] [Column: 3] [Expected: Tim Seto] [Actual: James Galvin (Citco)], 
[Row: 131] [Column: 4] [Expected: Treasury / Credit] [Actual: CITCO], 
[Row: 131] [Column: 5] [Expected: 51 Astor Place] [Actual: CITCO NJ - OPS], 
[Row: 132] [Column: 1] [Expected: 4,141] [Actual: 7,365], 
[Row: 132] [Column: 2] [Expected: tlodge] [Actual: tseto], 
[Row: 132] [Column: 3] [Expected: Toby Lodge] [Actual: Tim Seto], 
[Row: 132] [Column: 4] [Expected: Tax] [Actual: Treasury / Credit], 
[Row: 132] [Column: 5] [Expected: 10 NBS] [Actual: 51 Astor Place], 
[Row: 133] [Column: 1] [Expected: 7,375] [Actual: 4,141], 
[Row: 133] [Column: 2] [Expected: bchee] [Actual: tlodge], 
[Row: 133] [Column: 3] [Expected: Ben Chee] [Actual: Toby Lodge], 
[Row: 133] [Column: 4] [Expected: Operations] [Actual: Tax], 
[Row: 133] [Column: 5] [Expected: Singapore] [Actual: 10 NBS], 
[Row: 134] [Column: 1] [Expected: 6,923] [Actual: 7,375], 
[Row: 134] [Column: 2] [Expected: dkostic] [Actual: bchee], 
[Row: 134] [Column: 3] [Expected: Dejan Kostic (Accordia)] [Actual: Ben Chee], 
[Row: 134] [Column: 4] [Expected: IT Customer Services &amp; Support] [Actual: Operations], 
[Row: 134] [Column: 5] [Expected: Offsite - Non-US Office] [Actual: Singapore], 
[Row: 135] [Column: 1] [Expected: 7,386] [Actual: 6,923], 
[Row: 135] [Column: 2] [Expected: robertm] [Actual: dkostic], 
[Row: 135] [Column: 3] [Expected: Robert McHale] [Actual: Dejan Kostic (Accordia)], 
[Row: 135] [Column: 4] [Expected: Middle Office] [Actual: IT Customer Services &amp; Support], 
[Row: 135] [Column: 5] [Expected: 51 Astor Place] [Actual: Offsite - Non-US Office], 
[Row: 136] [Column: 1] [Expected: 7,391] [Actual: 7,386], 
[Row: 136] [Column: 2] [Expected: kvega] [Actual: robertm], 
[Row: 136] [Column: 3] [Expected: Krizia Kaye Vega (Citco)] [Actual: Robert McHale], 
[Row: 136] [Column: 4] [Expected: CITCO] [Actual: Middle Office], 
[Row: 136] [Column: 5] [Expected: CITCO MNL - RPT] [Actual: 51 Astor Place], 
[Row: 137] [Column: 1] [Expected: 7,390] [Actual: 7,391], 
[Row: 137] [Column: 2] [Expected: avong] [Actual: kvega], 
[Row: 137] [Column: 3] [Expected: Anthony Vong (Citco)] [Actual: Krizia Kaye Vega (Citco)], 
[Row: 137] [Column: 5] [Expected: CITCO MAL - RPT] [Actual: CITCO MNL - RPT], 
[Row: 138] [Column: 1] [Expected: 7,408] [Actual: 7,390], 
[Row: 138] [Column: 2] [Expected: kjackson] [Actual: avong], 
[Row: 138] [Column: 3] [Expected: Keith Jackson (Citco)] [Actual: Anthony Vong (Citco)], 
[Row: 138] [Column: 5] [Expected: CITCO NJ - OPS] [Actual: CITCO MAL - RPT], 
[Row: 139] [Column: 1] [Expected: 5,924] [Actual: 7,408], 
[Row: 139] [Column: 2] [Expected: mnedelto] [Actual: kjackson], 
[Row: 139] [Column: 3] [Expected: Michael Nedelton (CITCO)] [Actual: Keith Jackson (Citco)], 
[Row: 140] [Column: 1] [Expected: 6,295] [Actual: 5,924], 
[Row: 140] [Column: 2] [Expected: dwillis] [Actual: mnedelto], 
[Row: 140] [Column: 3] [Expected: Dominic Willis] [Actual: Michael Nedelton (CITCO)], 
[Row: 140] [Column: 4] [Expected: Trade Support] [Actual: CITCO], 
[Row: 140] [Column: 5] [Expected: 51 Astor Place] [Actual: CITCO NJ - OPS], 
[Row: 141] [Column: 1] [Expected: 7,416] [Actual: 6,295], 
[Row: 141] [Column: 2] [Expected: klaguard] [Actual: dwillis], 
[Row: 141] [Column: 3] [Expected: Kathlynn Laguardia] [Actual: Dominic Willis], 
[Row: 141] [Column: 4] [Expected: IT Customer Services &amp; Support] [Actual: Trade Support], 
[Row: 142] [Column: 1] [Expected: 7,288] [Actual: 7,416], 
[Row: 142] [Column: 2] [Expected: cfu] [Actual: klaguard], 
[Row: 142] [Column: 3] [Expected: Chris Fu (Citco)] [Actual: Kathlynn Laguardia], 
[Row: 142] [Column: 4] [Expected: CITCO] [Actual: IT Customer Services &amp; Support], 
[Row: 142] [Column: 5] [Expected: CITCO NJ - OPS] [Actual: 51 Astor Place], 
[Row: 143] [Column: 1] [Expected: 7,289] [Actual: 7,288], 
[Row: 143] [Column: 2] [Expected: dtellier] [Actual: cfu], 
[Row: 143] [Column: 3] [Expected: Daniel Tellier (Citco)] [Actual: Chris Fu (Citco)], 
[Row: 144] [Column: 1] [Expected: 7,424] [Actual: 7,289], 
[Row: 144] [Column: 2] [Expected: mdowling] [Actual: dtellier], 
[Row: 144] [Column: 3] [Expected: Mike Dowling (Citco)] [Actual: Daniel Tellier (Citco)], 
[Row: 145] [Column: 1] [Expected: 7,399] [Actual: 7,424], 
[Row: 145] [Column: 2] [Expected: aleung] [Actual: mdowling], 
[Row: 145] [Column: 3] [Expected: Andrew Leung (Citco)] [Actual: Mike Dowling (Citco)], 
[Row: 145] [Column: 5] [Expected: CITCO NJ - MO] [Actual: CITCO NJ - OPS], 
[Row: 146] [Column: 1] [Expected: 7,435] [Actual: 7,399], 
[Row: 146] [Column: 2] [Expected: kemery] [Actual: aleung], 
[Row: 146] [Column: 3] [Expected: Kyle Emery] [Actual: Andrew Leung (Citco)], 
[Row: 146] [Column: 4] [Expected: Middle Office] [Actual: CITCO], 
[Row: 146] [Column: 5] [Expected: 51 Astor Place] [Actual: CITCO NJ - MO], 
[Row: 147] [Column: 1] [Expected: 7,400] [Actual: 7,435], 
[Row: 147] [Column: 2] [Expected: ajoseph] [Actual: kemery], 
[Row: 147] [Column: 3] [Expected: Anil Joseph] [Actual: Kyle Emery], 
[Row: 147] [Column: 4] [Expected: Tax] [Actual: Middle Office], 
[Row: 147] [Column: 5] [Expected: 200 Elm] [Actual: 51 Astor Place], 
[Row: 148] [Column: 1] [Expected: 7,451] [Actual: 7,400], 
[Row: 148] [Column: 2] [Expected: seano] [Actual: ajoseph], 
[Row: 148] [Column: 3] [Expected: Sean O&#039;Neil] [Actual: Anil Joseph], 
[Row: 148] [Column: 4] [Expected: CITCO] [Actual: Tax], 
[Row: 148] [Column: 5] [Expected: CITCO HFX - OPS] [Actual: 200 Elm], 
[Row: 149] [Column: 1] [Expected: 7,448] [Actual: 7,451], 
[Row: 149] [Column: 2] [Expected: yujiang] [Actual: seano], 
[Row: 149] [Column: 3] [Expected: Yulin Jiang] [Actual: Sean O&#039;Neil], 
[Row: 149] [Column: 4] [Expected: Portfolio Oversight] [Actual: CITCO], 
[Row: 149] [Column: 5] [Expected: 51 Astor Place] [Actual: CITCO HFX - OPS], 
[Row: 150] [Column: 1] [Expected: 7,500] [Actual: 7,448], 
[Row: 150] [Column: 2] [Expected: anelson] [Actual: yujiang], 
[Row: 150] [Column: 3] [Expected: Alex Nelson] [Actual: Yulin Jiang], 
[Row: 150] [Column: 4] [Expected: IT Data Services] [Actual: Portfolio Oversight], 
[Row: 150] [Column: 5] [Expected: 200 Elm] [Actual: 51 Astor Place], 
[Row: 151] [Column: 1] [Expected: 7,503] [Actual: 7,500], 
[Row: 151] [Column: 2] [Expected: nkapadia] [Actual: anelson], 
[Row: 151] [Column: 3] [Expected: Nikhil Kapadia (CITCO)] [Actual: Alex Nelson], 
[Row: 151] [Column: 4] [Expected: CITCO] [Actual: IT Data Services], 
[Row: 151] [Column: 5] [Expected: CITCO NJ - OPS] [Actual: 200 Elm], 
[Row: 152] [Column: 1] [Expected: 7,504] [Actual: 7,503], 
[Row: 152] [Column: 2] [Expected: sandeeps] [Actual: nkapadia], 
[Row: 152] [Column: 3] [Expected: Sandeep Sharma (CITCO)] [Actual: Nikhil Kapadia (CITCO)], 
[Row: 153] [Column: 1] [Expected: 7,497] [Actual: 7,504], 
[Row: 153] [Column: 2] [Expected: mvulovic] [Actual: sandeeps], 
[Row: 153] [Column: 3] [Expected: Mirko Vulovic (Accordia)] [Actual: Sandeep Sharma (CITCO)], 
[Row: 153] [Column: 4] [Expected: Software Development] [Actual: CITCO], 
[Row: 153] [Column: 5] [Expected: Offsite - US Office] [Actual: CITCO NJ - OPS], 
[Row: 154] [Column: 1] [Expected: 7,544] [Actual: 7,497], 
[Row: 154] [Column: 2] [Expected: jtabarno] [Actual: mvulovic], 
[Row: 154] [Column: 3] [Expected: Joanne Tabarno (Citco)] [Actual: Mirko Vulovic (Accordia)], 
[Row: 154] [Column: 4] [Expected: CITCO] [Actual: Software Development], 
[Row: 154] [Column: 5] [Expected: CITCO MNL - RPT] [Actual: Offsite - US Office], 
[Row: 155] [Column: 1] [Expected: 7,541] [Actual: 7,544], 
[Row: 155] [Column: 2] [Expected: vvincent] [Actual: jtabarno], 
[Row: 155] [Column: 3] [Expected: Valerian Vincent (Citco)] [Actual: Joanne Tabarno (Citco)], 
[Row: 155] [Column: 5] [Expected: CITCO NJ - OPS] [Actual: CITCO MNL - RPT], 
[Row: 156] [Column: 1] [Expected: 7,542] [Actual: 7,541], 
[Row: 156] [Column: 2] [Expected: nitins] [Actual: vvincent], 
[Row: 156] [Column: 3] [Expected: Nitin Singh (Citco)] [Actual: Valerian Vincent (Citco)], 
[Row: 157] [Column: 1] [Expected: 7,556] [Actual: 7,542], 
[Row: 157] [Column: 2] [Expected: poonams] [Actual: nitins], 
[Row: 157] [Column: 3] [Expected: Poonam Sharma] [Actual: Nitin Singh (Citco)], 
[Row: 157] [Column: 4] [Expected: Legal and Compliance] [Actual: CITCO], 
[Row: 157] [Column: 5] [Expected: 51 Astor Place] [Actual: CITCO NJ - OPS], 
[Row: 158] [Column: 1] [Expected: 7,585] [Actual: 7,556], 
[Row: 158] [Column: 2] [Expected: shouston] [Actual: poonams], 
[Row: 158] [Column: 3] [Expected: Stuart Houston] [Actual: Poonam Sharma], 
[Row: 158] [Column: 4] [Expected: Operations] [Actual: Legal and Compliance], 
[Row: 158] [Column: 5] [Expected: 10 NBS] [Actual: 51 Astor Place], 
[Row: 159] [Column: 1] [Expected: 7,599] [Actual: 7,585], 
[Row: 159] [Column: 2] [Expected: jyung] [Actual: shouston], 
[Row: 159] [Column: 3] [Expected: Jonathan Yung] [Actual: Stuart Houston], 
[Row: 159] [Column: 4] [Expected: Middle Office] [Actual: Operations], 
[Row: 160] [Column: 1] [Expected: 7,616] [Actual: 7,599], 
[Row: 160] [Column: 2] [Expected: pdurnfor] [Actual: jyung], 
[Row: 160] [Column: 3] [Expected: Piers Durnford] [Actual: Jonathan Yung], 
[Row: 160] [Column: 4] [Expected: Operations] [Actual: Middle Office], 
[Row: 161] [Column: 1] [Expected: 6,859] [Actual: 7,616], 
[Row: 161] [Column: 2] [Expected: lfranco] [Actual: pdurnfor], 
[Row: 161] [Column: 3] [Expected: Lori Franco] [Actual: Piers Durnford], 
[Row: 161] [Column: 4] [Expected: Financial Reporting] [Actual: Operations], 
[Row: 161] [Column: 5] [Expected: Palm Beach] [Actual: 10 NBS], 
[Row: 162] [Column: 1] [Expected: 7,629] [Actual: 6,859], 
[Row: 162] [Column: 2] [Expected: smuthu] [Actual: lfranco], 
[Row: 162] [Column: 3] [Expected: Shankar Muthu] [Actual: Lori Franco], 
[Row: 162] [Column: 4] [Expected: IT Customer Services &amp; Support] [Actual: Financial Reporting], 
[Row: 162] [Column: 5] [Expected: Singapore] [Actual: Palm Beach], 
[Row: 163] [Column: 1] [Expected: 6,358] [Actual: 7,629], 
[Row: 163] [Column: 2] [Expected: ikorzhev] [Actual: smuthu], 
[Row: 163] [Column: 3] [Expected: Inna Korzhevskaya] [Actual: Shankar Muthu], 
[Row: 163] [Column: 4] [Expected: Tax] [Actual: IT Customer Services &amp; Support], 
[Row: 163] [Column: 5] [Expected: 10 NBS] [Actual: Singapore], 
[Row: 164] [Column: 1] [Expected: 7,352] [Actual: 6,358], 
[Row: 164] [Column: 2] [Expected: ischuckm] [Actual: ikorzhev], 
[Row: 164] [Column: 3] [Expected: Ivy Schuckman (Untract Early)] [Actual: Inna Korzhevskaya], 
[Row: 164] [Column: 4] [Expected: Financial Reporting] [Actual: Tax], 
[Row: 164] [Column: 5] [Expected: Offsite - US Office] [Actual: 10 NBS], 
[Row: 165] [Column: 1] [Expected: 7,358] [Actual: 7,352], 
[Row: 165] [Column: 2] [Expected: rslootma] [Actual: ischuckm], 
[Row: 165] [Column: 3] [Expected: Robert Slootmaker (Untracht Early)] [Actual: Ivy Schuckman (Untract Early)], 
[Row: 166] [Column: 1] [Expected: 7,353] [Actual: 7,358], 
[Row: 166] [Column: 2] [Expected: adevita] [Actual: rslootma], 
[Row: 166] [Column: 3] [Expected: Adria DeVita (Untracht Early)] [Actual: Robert Slootmaker (Untracht Early)], 
[Row: 167] [Column: 1] [Expected: 7,631] [Actual: 7,353], 
[Row: 167] [Column: 2] [Expected: zrankov] [Actual: adevita], 
[Row: 167] [Column: 3] [Expected: Zdravko Rankov] [Actual: Adria DeVita (Untracht Early)], 
[Row: 167] [Column: 4] [Expected: IT Data Services] [Actual: Financial Reporting], 
[Row: 167] [Column: 5] [Expected: 10 NBS] [Actual: Offsite - US Office], 
[Row: 168] [Column: 1] [Expected: 7,551] [Actual: 7,631], 
[Row: 168] [Column: 2] [Expected: elam] [Actual: zrankov], 
[Row: 168] [Column: 3] [Expected: Eric Lam (Citco)] [Actual: Zdravko Rankov], 
[Row: 168] [Column: 4] [Expected: CITCO] [Actual: IT Data Services], 
[Row: 168] [Column: 5] [Expected: CITCO NJ - MO] [Actual: 10 NBS], 
[Row: 169] [Column: 1] [Expected: 7,547] [Actual: 7,551], 
[Row: 169] [Column: 2] [Expected: mzhou] [Actual: elam], 
[Row: 169] [Column: 3] [Expected: Mingyi Zhou (Citco)] [Actual: Eric Lam (Citco)], 
[Row: 170] [Column: 1] [Expected: 7,548] [Actual: 7,547], 
[Row: 170] [Column: 2] [Expected: shenry] [Actual: mzhou], 
[Row: 170] [Column: 3] [Expected: Spencer Henry (Citco)] [Actual: Mingyi Zhou (Citco)], 
[Row: 171] [Column: 1] [Expected: 7,357] [Actual: 7,548], 
[Row: 171] [Column: 2] [Expected: swalker] [Actual: shenry], 
[Row: 171] [Column: 3] [Expected: Steven Walker (Untracht Early)] [Actual: Spencer Henry (Citco)], 
[Row: 171] [Column: 4] [Expected: Financial Reporting] [Actual: CITCO], 
[Row: 171] [Column: 5] [Expected: Offsite - US Office] [Actual: CITCO NJ - MO], 
[Row: 172] [Column: 1] [Expected: 7,579] [Actual: 7,357], 
[Row: 172] [Column: 2] [Expected: cmckinle] [Actual: swalker], 
[Row: 172] [Column: 3] [Expected: Colin McKinley] [Actual: Steven Walker (Untracht Early)], 
[Row: 172] [Column: 4] [Expected: Software Development] [Actual: Financial Reporting], 
[Row: 172] [Column: 5] [Expected: 200 Elm] [Actual: Offsite - US Office], 
[Row: 173] [Column: 1] [Expected: 7,657] [Actual: 7,579], 
[Row: 173] [Column: 2] [Expected: ihadero] [Actual: cmckinle], 
[Row: 173] [Column: 3] [Expected: Isral Hadero (Citco)] [Actual: Colin McKinley], 
[Row: 173] [Column: 4] [Expected: CITCO] [Actual: Software Development], 
[Row: 173] [Column: 5] [Expected: CITCO MAL - RPT] [Actual: 200 Elm], 
[Row: 174] [Column: 1] [Expected: 7,669] [Actual: 7,657], 
[Row: 174] [Column: 2] [Expected: amyz] [Actual: ihadero], 
[Row: 174] [Column: 3] [Expected: Amy Zhang] [Actual: Isral Hadero (Citco)], 
[Row: 174] [Column: 4] [Expected: Tax] [Actual: CITCO], 
[Row: 174] [Column: 5] [Expected: 200 Elm] [Actual: CITCO MAL - RPT], 
[Row: 175] [Column: 1] [Expected: 7,441] [Actual: 7,669], 
[Row: 175] [Column: 2] [Expected: cscala] [Actual: amyz], 
[Row: 175] [Column: 3] [Expected: Chelsea Scala] [Actual: Amy Zhang], 
[Row: 175] [Column: 4] [Expected: IT Data Services] [Actual: Tax], 
[Row: 176] [Column: 1] [Expected: 7,689] [Actual: 7,441], 
[Row: 176] [Column: 2] [Expected: hthompso] [Actual: cscala], 
[Row: 176] [Column: 3] [Expected: Hector Thompson] [Actual: Chelsea Scala], 
[Row: 176] [Column: 4] [Expected: Legal and Compliance] [Actual: IT Data Services], 
[Row: 176] [Column: 5] [Expected: 10 NBS] [Actual: 200 Elm], 
[Row: 177] [Column: 1] [Expected: 7,604] [Actual: 7,689], 
[Row: 177] [Column: 2] [Expected: djanjevi] [Actual: hthompso], 
[Row: 177] [Column: 3] [Expected: Dragoje Janjevic (Accordia)] [Actual: Hector Thompson], 
[Row: 177] [Column: 4] [Expected: Business Mgmt and Analysis] [Actual: Legal and Compliance], 
[Row: 177] [Column: 5] [Expected: Offsite - Non-US Office] [Actual: 10 NBS], 
[Row: 178] [Column: 1] [Expected: 7,687] [Actual: 7,604], 
[Row: 178] [Column: 2] [Expected: pprykhod] [Actual: djanjevi], 
[Row: 178] [Column: 3] [Expected: Petro Prykhodko (Luxoft)] [Actual: Dragoje Janjevic (Accordia)], 
[Row: 178] [Column: 4] [Expected: Software Development] [Actual: Business Mgmt and Analysis], 
[Row: 179] [Column: 1] [Expected: 7,705] [Actual: 7,687], 
[Row: 179] [Column: 2] [Expected: aravisha] [Actual: pprykhod], 
[Row: 179] [Column: 3] [Expected: Aditi Ravishankar] [Actual: Petro Prykhodko (Luxoft)], 
[Row: 179] [Column: 4] [Expected: Risk Management] [Actual: Software Development], 
[Row: 179] [Column: 5] [Expected: 10 NBS] [Actual: Offsite - Non-US Office], 
[Row: 180] [Column: 1] [Expected: 1,022] [Actual: 7,705], 
[Row: 180] [Column: 2] [Expected: mluizza] [Actual: aravisha], 
[Row: 180] [Column: 3] [Expected: Matthew Luizza] [Actual: Aditi Ravishankar], 
[Row: 180] [Column: 4] [Expected: Facilities] [Actual: Risk Management], 
[Row: 180] [Column: 5] [Expected: 200 Elm] [Actual: 10 NBS], 
[Row: 181] [Column: 1] [Expected: 7,736] [Actual: 1,022], 
[Row: 181] [Column: 2] [Expected: rchauhan] [Actual: mluizza], 
[Row: 181] [Column: 3] [Expected: Rahul Chauhan] [Actual: Matthew Luizza], 
[Row: 181] [Column: 4] [Expected: Risk Management] [Actual: Facilities], 
[Row: 181] [Column: 5] [Expected: 51 Astor Place] [Actual: 200 Elm], 
[Row: 182] [Column: 1] [Expected: 7,721] [Actual: 7,736], 
[Row: 182] [Column: 2] [Expected: rbelchad] [Actual: rchauhan], 
[Row: 182] [Column: 3] [Expected: Rahul Belchade (Citco)] [Actual: Rahul Chauhan], 
[Row: 182] [Column: 4] [Expected: CITCO] [Actual: Risk Management], 
[Row: 182] [Column: 5] [Expected: CITCO NJ - OPS] [Actual: 51 Astor Place], 
[Row: 183] [Column: 1] [Expected: 7,747] [Actual: 7,721], 
[Row: 183] [Column: 2] [Expected: smcauley] [Actual: rbelchad], 
[Row: 183] [Column: 3] [Expected: Shawn McAuley] [Actual: Rahul Belchade (Citco)], 
[Row: 183] [Column: 4] [Expected: Financial Reporting] [Actual: CITCO], 
[Row: 183] [Column: 5] [Expected: 200 Elm] [Actual: CITCO NJ - OPS], 
[Row: 184] [Column: 1] [Expected: 7,748] [Actual: 7,747], 
[Row: 184] [Column: 2] [Expected: ssilva] [Actual: smcauley], 
[Row: 184] [Column: 3] [Expected: Stephanie Silva] [Actual: Shawn McAuley], 
[Row: 184] [Column: 4] [Expected: Facilities] [Actual: Financial Reporting], 
[Row: 185] [Column: 1] [Expected: 7,746] [Actual: 7,748], 
[Row: 185] [Column: 2] [Expected: smazumda] [Actual: ssilva], 
[Row: 185] [Column: 3] [Expected: Sanjay Mazumdar] [Actual: Stephanie Silva], 
[Row: 185] [Column: 4] [Expected: Business Mgmt and Analysis] [Actual: Facilities], 
[Row: 185] [Column: 5] [Expected: 10 NBS] [Actual: 200 Elm], 
[Row: 186] [Column: 1] [Expected: 7,613] [Actual: 7,746], 
[Row: 186] [Column: 2] [Expected: oyurkivs] [Actual: smazumda], 
[Row: 186] [Column: 3] [Expected: Oleg Yurkivskyy (Luxoft)] [Actual: Sanjay Mazumdar], 
[Row: 186] [Column: 4] [Expected: Software Development] [Actual: Business Mgmt and Analysis], 
[Row: 186] [Column: 5] [Expected: Offsite - Non-US Office] [Actual: 10 NBS], 
[Row: 187] [Column: 1] [Expected: 4,777] [Actual: 7,613], 
[Row: 187] [Column: 2] [Expected: mtyson] [Actual: oyurkivs], 
[Row: 187] [Column: 3] [Expected: Matthew Tyson] [Actual: Oleg Yurkivskyy (Luxoft)], 
[Row: 187] [Column: 4] [Expected: IT Customer Services &amp; Support] [Actual: Software Development], 
[Row: 187] [Column: 5] [Expected: 200 Elm] [Actual: Offsite - Non-US Office], 
[Row: 188] [Column: 1] [Expected: 7,757] [Actual: 4,777], 
[Row: 188] [Column: 2] [Expected: asai] [Actual: mtyson], 
[Row: 188] [Column: 3] [Expected: Ambika Sai (NIIT)] [Actual: Matthew Tyson], 
[Row: 188] [Column: 4] [Expected: IT Data Services] [Actual: IT Customer Services &amp; Support], 
[Row: 188] [Column: 5] [Expected: Offsite - Non-US Office] [Actual: 200 Elm], 
[Row: 189] [Column: 1] [Expected: 7,696] [Actual: 7,757], 
[Row: 189] [Column: 2] [Expected: melissar] [Actual: asai], 
[Row: 189] [Column: 3] [Expected: Melissa Rivera (Citco)] [Actual: Ambika Sai (NIIT)], 
[Row: 189] [Column: 4] [Expected: CITCO] [Actual: IT Data Services], 
[Row: 189] [Column: 5] [Expected: CITCO MNL - RPT] [Actual: Offsite - Non-US Office], 
[Row: 190] [Column: 1] [Expected: 7,700] [Actual: 7,696], 
[Row: 190] [Column: 2] [Expected: nyacoub] [Actual: melissar], 
[Row: 190] [Column: 3] [Expected: Nour Yacoub] [Actual: Melissa Rivera (Citco)], 
[Row: 190] [Column: 4] [Expected: Tax] [Actual: CITCO], 
[Row: 190] [Column: 5] [Expected: 200 Elm] [Actual: CITCO MNL - RPT], 
[Row: 191] [Column: 1] [Expected: 7,771] [Actual: 7,700], 
[Row: 191] [Column: 2] [Expected: aadil] [Actual: nyacoub], 
[Row: 191] [Column: 3] [Expected: Azfar Adil] [Actual: Nour Yacoub], 
[Row: 191] [Column: 4] [Expected: Risk Management] [Actual: Tax], 
[Row: 191] [Column: 5] [Expected: 51 Astor Place] [Actual: 200 Elm], 
[Row: 192] [Column: 1] [Expected: 7,105] [Actual: 7,771], 
[Row: 192] [Column: 2] [Expected: swithers] [Actual: aadil], 
[Row: 192] [Column: 3] [Expected: Skye Withers] [Actual: Azfar Adil], 
[Row: 192] [Column: 4] [Expected: IT Customer Services &amp; Support] [Actual: Risk Management], 
[Row: 192] [Column: 5] [Expected: 10 NBS] [Actual: 51 Astor Place], 
[Row: 193] [Column: 1] [Expected: 7,778] [Actual: 7,105], 
[Row: 193] [Column: 2] [Expected: jche] [Actual: swithers], 
[Row: 193] [Column: 3] [Expected: Joy Che] [Actual: Skye Withers], 
[Row: 193] [Column: 4] [Expected: Middle Office] [Actual: IT Customer Services &amp; Support], 
[Row: 193] [Column: 5] [Expected: 51 Astor Place] [Actual: 10 NBS], 
[Row: 194] [Column: 1] [Expected: 7,783] [Actual: 7,778], 
[Row: 194] [Column: 2] [Expected: mdimassi] [Actual: jche], 
[Row: 194] [Column: 3] [Expected: Menel Dimassi] [Actual: Joy Che], 
[Row: 194] [Column: 4] [Expected: Operations] [Actual: Middle Office], 
[Row: 194] [Column: 5] [Expected: 200 Elm] [Actual: 51 Astor Place], 
[Row: 195] [Column: 1] [Expected: 7,780] [Actual: 7,783], 
[Row: 195] [Column: 2] [Expected: jtodd] [Actual: mdimassi], 
[Row: 195] [Column: 3] [Expected: Jason Todd] [Actual: Menel Dimassi], 
[Row: 195] [Column: 4] [Expected: Office of the CTO] [Actual: Operations], 
[Row: 196] [Column: 1] [Expected: 7,777] [Actual: 7,780], 
[Row: 196] [Column: 2] [Expected: jhaynes] [Actual: jtodd], 
[Row: 196] [Column: 3] [Expected: John Haynes (ExHI)] [Actual: Jason Todd], 
[Row: 196] [Column: 4] [Expected: Software Development] [Actual: Office of the CTO], 
[Row: 196] [Column: 5] [Expected: Offsite - US Office] [Actual: 200 Elm], 
[Row: 197] [Column: 1] [Expected: 7,768] [Actual: 7,777], 
[Row: 197] [Column: 2] [Expected: bbednar] [Actual: jhaynes], 
[Row: 197] [Column: 3] [Expected: Brianna Bednar (EY)] [Actual: John Haynes (ExHI)], 
[Row: 197] [Column: 4] [Expected: Financial Reporting] [Actual: Software Development], 
[Row: 198] [Column: 1] [Expected: 7,767] [Actual: 7,768], 
[Row: 198] [Column: 2] [Expected: acicchet] [Actual: bbednar], 
[Row: 198] [Column: 3] [Expected: Anthony Cicchetti (EY)] [Actual: Brianna Bednar (EY)], 
[Row: 199] [Column: 1] [Expected: 6,939] [Actual: 7,767], 
[Row: 199] [Column: 2] [Expected: dioffe] [Actual: acicchet], 
[Row: 199] [Column: 3] [Expected: Dimitry Ioffe] [Actual: Anthony Cicchetti (EY)], 
[Row: 199] [Column: 4] [Expected: IT Customer Services &amp; Support] [Actual: Financial Reporting], 
[Row: 199] [Column: 5] [Expected: 51 Astor Place] [Actual: Offsite - US Office], 
[Row: 200] [Column: 1] [Expected: 7,672] [Actual: 6,939], 
[Row: 200] [Column: 2] [Expected: rhanraha] [Actual: dioffe], 
[Row: 200] [Column: 3] [Expected: Ryan Hanrahan (Citco)] [Actual: Dimitry Ioffe], 
[Row: 200] [Column: 4] [Expected: CITCO] [Actual: IT Customer Services &amp; Support], 
[Row: 200] [Column: 5] [Expected: CITCO MAL - RPT] [Actual: 51 Astor Place], 
[Row: 201] [Column: 1] [Expected: 7,812] [Actual: 7,672], 
[Row: 201] [Column: 2] [Expected: jwang] [Actual: rhanraha], 
[Row: 201] [Column: 3] [Expected: Jue Wang (Citco)] [Actual: Ryan Hanrahan (Citco)], 
[Row: 201] [Column: 5] [Expected: CITCO NJ - OPS] [Actual: CITCO MAL - RPT], 
[Row: 202] [Column: 1] [Expected: 7,321] [Actual: 7,812], 
[Row: 202] [Column: 2] [Expected: lcompani] [Actual: jwang], 
[Row: 202] [Column: 3] [Expected: Lisa Companion (Citco)] [Actual: Jue Wang (Citco)], 
[Row: 202] [Column: 5] [Expected: CITCO HFX - DIV] [Actual: CITCO NJ - OPS], 
[Row: 203] [Column: 1] [Expected: 7,271] [Actual: 7,321], 
[Row: 203] [Column: 2] [Expected: mzhang] [Actual: lcompani], 
[Row: 203] [Column: 3] [Expected: Muting Zhang (Citco)] [Actual: Lisa Companion (Citco)], 
[Row: 203] [Column: 5] [Expected: CITCO HFX - OPS] [Actual: CITCO HFX - DIV], 
[Row: 204] [Column: 1] [Expected: 7,199] [Actual: 7,271], 
[Row: 204] [Column: 2] [Expected: jbardos] [Actual: mzhang], 
[Row: 204] [Column: 3] [Expected: Jacob Bardos (Citco)] [Actual: Muting Zhang (Citco)], 
[Row: 205] [Column: 1] [Expected: 7,772] [Actual: 7,199], 
[Row: 205] [Column: 2] [Expected: xxue] [Actual: jbardos], 
[Row: 205] [Column: 3] [Expected: Xiaojun Xue (Citco)] [Actual: Jacob Bardos (Citco)], 
[Row: 205] [Column: 5] [Expected: CITCO HFX - DIV] [Actual: CITCO HFX - OPS], 
[Row: 206] [Column: 1] [Expected: 7,635] [Actual: 7,772], 
[Row: 206] [Column: 2] [Expected: jmacinty] [Actual: xxue], 
[Row: 206] [Column: 3] [Expected: Josh Macintyre (Citco)] [Actual: Xiaojun Xue (Citco)], 
[Row: 207] [Column: 1] [Expected: 7,811] [Actual: 7,635], 
[Row: 207] [Column: 2] [Expected: achanged] [Actual: jmacinty], 
[Row: 207] [Column: 3] [Expected: Abhishek Changede (Citco)] [Actual: Josh Macintyre (Citco)], 
[Row: 207] [Column: 5] [Expected: CITCO MLA - OPS] [Actual: CITCO HFX - DIV], 
[Row: 208] [Column: 1] [Expected: 7,813] [Actual: 7,811], 
[Row: 208] [Column: 2] [Expected: rqu] [Actual: achanged], 
[Row: 208] [Column: 3] [Expected: Ruixuan Qu (Citco)] [Actual: Abhishek Changede (Citco)], 
[Row: 208] [Column: 5] [Expected: CITCO NJ - OPS] [Actual: CITCO MLA - OPS], 
[Row: 209] [Column: 1] [Expected: 7,823] [Actual: 7,813], 
[Row: 209] [Column: 2] [Expected: ssingh] [Actual: rqu], 
[Row: 209] [Column: 3] [Expected: Swati Singh (NIIT)] [Actual: Ruixuan Qu (Citco)], 
[Row: 209] [Column: 4] [Expected: IT Data Services] [Actual: CITCO], 
[Row: 209] [Column: 5] [Expected: Offsite - Non-US Office] [Actual: CITCO NJ - OPS], 
[Row: 210] [Column: 1] [Expected: 7,822] [Actual: 7,823], 
[Row: 210] [Column: 2] [Expected: kmalhotr] [Actual: ssingh], 
[Row: 210] [Column: 3] [Expected: Kartik Malhotra (NIIT)] [Actual: Swati Singh (NIIT)], 
[Row: 211] [Column: 1] [Expected: 7,739] [Actual: 7,822], 
[Row: 211] [Column: 2] [Expected: jtartagl] [Actual: kmalhotr], 
[Row: 211] [Column: 3] [Expected: John Tartaglia] [Actual: Kartik Malhotra (NIIT)], 
[Row: 211] [Column: 4] [Expected: Collateral Management] [Actual: IT Data Services], 
[Row: 211] [Column: 5] [Expected: Offsite - US Office] [Actual: Offsite - Non-US Office], 
[Row: 212] [Column: 1] [Expected: 7,832] [Actual: 7,739], 
[Row: 212] [Column: 2] [Expected: vsharma] [Actual: jtartagl], 
[Row: 212] [Column: 3] [Expected: Vishal Sharma (Citco)] [Actual: John Tartaglia], 
[Row: 212] [Column: 4] [Expected: CITCO] [Actual: Collateral Management], 
[Row: 212] [Column: 5] [Expected: CITCO NJ - OPS] [Actual: Offsite - US Office], 
[Row: 213] [Column: 1] [Expected: 7,831] [Actual: 7,832], 
[Row: 213] [Column: 2] [Expected: sbiswas] [Actual: vsharma], 
[Row: 213] [Column: 3] [Expected: Sandeepan Biswas (Citco)] [Actual: Vishal Sharma (Citco)], 
[Row: 214] [Column: 1] [Expected: 7,836] [Actual: 7,831], 
[Row: 214] [Column: 2] [Expected: dovadyk] [Actual: sbiswas], 
[Row: 214] [Column: 3] [Expected: Dmytro Ovadyk (Luxoft)] [Actual: Sandeepan Biswas (Citco)], 
[Row: 214] [Column: 4] [Expected: Software Development] [Actual: CITCO], 
[Row: 214] [Column: 5] [Expected: Offsite - Non-US Office] [Actual: CITCO NJ - OPS], 
[Row: 215] [Column: 1] [Expected: 5,769] [Actual: 7,836], 
[Row: 215] [Column: 2] [Expected: chrisd] [Actual: dovadyk], 
[Row: 215] [Column: 3] [Expected: Chris Davis] [Actual: Dmytro Ovadyk (Luxoft)], 
[Row: 215] [Column: 4] [Expected: Legal and Compliance] [Actual: Software Development], 
[Row: 215] [Column: 5] [Expected: 51 Astor Place] [Actual: Offsite - Non-US Office], 
[Row: 216] [Column: 1] [Expected: 7,027] [Actual: 5,769], 
[Row: 216] [Column: 2] [Expected: jsandhu] [Actual: chrisd], 
[Row: 216] [Column: 3] [Expected: Jujhar Sandhu] [Actual: Chris Davis], 
[Row: 216] [Column: 4] [Expected: Software Development] [Actual: Legal and Compliance], 
[Row: 216] [Column: 5] [Expected: 10 NBS] [Actual: 51 Astor Place], 
[Row: 217] [Column: 1] [Expected: 7,841] [Actual: 7,027], 
[Row: 217] [Column: 2] [Expected: gdelacer] [Actual: jsandhu], 
[Row: 217] [Column: 3] [Expected: Gabriela De La Cerda] [Actual: Jujhar Sandhu], 
[Row: 218] [Column: 1] [Expected: 7,643] [Actual: 7,841], 
[Row: 218] [Column: 2] [Expected: okiktiev] [Actual: gdelacer], 
[Row: 218] [Column: 3] [Expected: Oleg Kiktiev (Luxoft)] [Actual: Gabriela De La Cerda], 
[Row: 218] [Column: 5] [Expected: Offsite - Non-US Office] [Actual: 10 NBS], 
[Row: 219] [Column: 1] [Expected: 5,904] [Actual: 7,643], 
[Row: 219] [Column: 2] [Expected: edukhan] [Actual: okiktiev], 
[Row: 219] [Column: 3] [Expected: Eduard Dukhan (Open Systems)] [Actual: Oleg Kiktiev (Luxoft)], 
[Row: 219] [Column: 4] [Expected: IT Customer Services &amp; Support] [Actual: Software Development], 
[Row: 219] [Column: 5] [Expected: 51 Astor Place] [Actual: Offsite - Non-US Office], 
[Row: 220] [Column: 1] [Expected: 7,867] [Actual: 5,904], 
[Row: 220] [Column: 2] [Expected: yibrahim] [Actual: edukhan], 
[Row: 220] [Column: 3] [Expected: Yasser Ibrahim] [Actual: Eduard Dukhan (Open Systems)], 
[Row: 220] [Column: 4] [Expected: Operations] [Actual: IT Customer Services &amp; Support], 
[Row: 220] [Column: 5] [Expected: 200 Elm] [Actual: 51 Astor Place], 
[Row: 221] [Column: 1] [Expected: 267] [Actual: 7,867], 
[Row: 221] [Column: 2] [Expected: pjones] [Actual: yibrahim], 
[Row: 221] [Column: 3] [Expected: Paul Jones] [Actual: Yasser Ibrahim], 
[Row: 221] [Column: 4] [Expected: Chief Investment Office] [Actual: Operations], 
[Row: 221] [Column: 5] [Expected: Palm Beach] [Actual: 200 Elm], 
[Row: 221] [Column: 6] [Expected: ! - Most Traders] [Actual: ! - All Traders], 
[Row: 222] [Column: 1] [Expected: 131] [Actual: 267], 
[Row: 222] [Column: 2] [Expected: dcook] [Actual: pjones], 
[Row: 222] [Column: 3] [Expected: Daryl Cook] [Actual: Paul Jones], 
[Row: 222] [Column: 4] [Expected: Systems Trading] [Actual: Chief Investment Office], 
[Row: 222] [Column: 5] [Expected: 10 NBS] [Actual: Palm Beach], 
[Row: 222] [Column: 6] [Expected: FxDesk] [Actual: ! - Most Traders], 
[Row: 223] [Column: 1] [Expected: 1,188] [Actual: 131], 
[Row: 223] [Column: 2] [Expected: mglennan] [Actual: dcook], 
[Row: 223] [Column: 3] [Expected: Mike Glennan] [Actual: Daryl Cook], 
[Row: 223] [Column: 5] [Expected: 200 Elm] [Actual: 10 NBS], 
[Row: 224] [Column: 1] [Expected: 3] [Actual: 1,188], 
[Row: 224] [Column: 2] [Expected: stevee] [Actual: mglennan], 
[Row: 224] [Column: 3] [Expected: Steve Evans] [Actual: Mike Glennan], 
[Row: 225] [Column: 1] [Expected: 5,032] [Actual: 3], 
[Row: 225] [Column: 2] [Expected: abelinky] [Actual: stevee], 
[Row: 225] [Column: 3] [Expected: Alejandro Belinky] [Actual: Steve Evans], 
[Row: 225] [Column: 4] [Expected: Global Macro Trading] [Actual: Systems Trading], 
[Row: 226] [Column: 1] [Expected: 987] [Actual: 5,032], 
[Row: 226] [Column: 2] [Expected: cdodman] [Actual: abelinky], 
[Row: 226] [Column: 3] [Expected: Colleen Dodman] [Actual: Alejandro Belinky], 
[Row: 226] [Column: 4] [Expected: PTJ Personal] [Actual: Global Macro Trading], 
[Row: 226] [Column: 5] [Expected: Greenwich American Center] [Actual: 200 Elm], 
[Row: 226] [Column: 6] [Expected: Hedge] [Actual: FxDesk], 
[Row: 227] [Column: 6] [Expected: Treasury] [Actual: Hedge], 
[Row: 228] [Column: 1] [Expected: 4,478] [Actual: 987], 
[Row: 228] [Column: 2] [Expected: afox] [Actual: cdodman], 
[Row: 228] [Column: 3] [Expected: Ashley Fox] [Actual: Colleen Dodman], 
[Row: 228] [Column: 4] [Expected: Global Macro Trading] [Actual: PTJ Personal], 
[Row: 228] [Column: 5] [Expected: 10 NBS] [Actual: Greenwich American Center], 
[Row: 228] [Column: 6] [Expected: afox] [Actual: Treasury], 
[Row: 229] [Column: 1] [Expected: 1,101] [Actual: 4,478], 
[Row: 229] [Column: 2] [Expected: rjackson] [Actual: afox], 
[Row: 229] [Column: 3] [Expected: Richard Jackson] [Actual: Ashley Fox], 
[Row: 230] [Column: 1] [Expected: 7,507] [Actual: 1,101], 
[Row: 230] [Column: 2] [Expected: joeg] [Actual: rjackson], 
[Row: 230] [Column: 3] [Expected: Joe Goodman] [Actual: Richard Jackson], 
[Row: 231] [Column: 1] [Expected: 7,529] [Actual: 7,507], 
[Row: 231] [Column: 2] [Expected: asiwji] [Actual: joeg], 
[Row: 231] [Column: 3] [Expected: Abbas Siwji] [Actual: Joe Goodman], 
[Row: 231] [Column: 6] [Expected: asiwji] [Actual: afox], 
[Row: 232] [Column: 1] [Expected: 7,524] [Actual: 7,529], 
[Row: 232] [Column: 2] [Expected: cnesti] [Actual: asiwji], 
[Row: 232] [Column: 3] [Expected: Cristiano Nesti] [Actual: Abbas Siwji], 
[Row: 233] [Column: 1] [Expected: 7,071] [Actual: 7,524], 
[Row: 233] [Column: 2] [Expected: atanna] [Actual: cnesti], 
[Row: 233] [Column: 3] [Expected: Amit Tanna] [Actual: Cristiano Nesti], 
[Row: 233] [Column: 6] [Expected: atanna] [Actual: asiwji], 
[Row: 234] [Column: 1] [Expected: 7,715] [Actual: 7,071], 
[Row: 234] [Column: 2] [Expected: plamaa] [Actual: atanna], 
[Row: 234] [Column: 3] [Expected: Patrick Lamaa] [Actual: Amit Tanna], 
[Row: 235] [Column: 1] [Expected: 7,857] [Actual: 7,715], 
[Row: 235] [Column: 2] [Expected: nwanvari] [Actual: plamaa], 
[Row: 235] [Column: 3] [Expected: Neev Wanvari] [Actual: Patrick Lamaa], 
[Row: 236] [Column: 1] [Expected: 6,330] [Actual: 7,857], 
[Row: 236] [Column: 2] [Expected: nbhuta] [Actual: nwanvari], 
[Row: 236] [Column: 3] [Expected: Nick Bhuta] [Actual: Neev Wanvari], 
[Row: 236] [Column: 5] [Expected: 51 Astor Place] [Actual: 10 NBS], 
[Row: 236] [Column: 6] [Expected: bmckenna] [Actual: atanna], 
[Row: 237] [Column: 1] [Expected: 7,827] [Actual: 6,330], 
[Row: 237] [Column: 2] [Expected: bmckenna] [Actual: nbhuta], 
[Row: 237] [Column: 3] [Expected: Bill McKenna] [Actual: Nick Bhuta], 
[Row: 238] [Column: 1] [Expected: 7,728] [Actual: 7,827], 
[Row: 238] [Column: 2] [Expected: danielp] [Actual: bmckenna], 
[Row: 238] [Column: 3] [Expected: Daniel Pelletier (other)] [Actual: Bill McKenna], 
[Row: 238] [Column: 5] [Expected: Offsite - US Office] [Actual: 51 Astor Place], 
[Row: 238] [Column: 6] [Expected: catalan] [Actual: bmckenna], 
[Row: 239] [Column: 1] [Expected: 7,732] [Actual: 7,728], 
[Row: 239] [Column: 2] [Expected: yorams] [Actual: danielp], 
[Row: 239] [Column: 3] [Expected: Yoram Sussmann (other)] [Actual: Daniel Pelletier (other)], 
[Row: 240] [Column: 1] [Expected: 7,729] [Actual: 7,732], 
[Row: 240] [Column: 2] [Expected: hunterg] [Actual: yorams], 
[Row: 240] [Column: 3] [Expected: Hunter Gassman (other)] [Actual: Yoram Sussmann (other)], 
[Row: 241] [Column: 1] [Expected: 7,499] [Actual: 7,729], 
[Row: 241] [Column: 2] [Expected: cdery] [Actual: hunterg], 
[Row: 241] [Column: 3] [Expected: Christian Dery] [Actual: Hunter Gassman (other)], 
[Row: 241] [Column: 5] [Expected: Singapore] [Actual: Offsite - US Office], 
[Row: 241] [Column: 6] [Expected: cdery] [Actual: catalan], 
[Row: 242] [Column: 1] [Expected: 7,522] [Actual: 7,499], 
[Row: 242] [Column: 2] [Expected: jlow] [Actual: cdery], 
[Row: 242] [Column: 3] [Expected: Jonathan Low] [Actual: Christian Dery], 
[Row: 243] [Column: 1] [Expected: 207] [Actual: 7,522], 
[Row: 243] [Column: 2] [Expected: albertoa] [Actual: jlow], 
[Row: 243] [Column: 3] [Expected: Alberto Antonini] [Actual: Jonathan Low], 
[Row: 243] [Column: 4] [Expected: Flow of Funds] [Actual: Global Macro Trading], 
[Row: 243] [Column: 5] [Expected: 51 Astor Place] [Actual: Singapore], 
[Row: 243] [Column: 6] [Expected: corphedge] [Actual: cdery], 
[Row: 244] [Column: 1] [Expected: 324] [Actual: 207], 
[Row: 244] [Column: 2] [Expected: jscranton] [Actual: albertoa], 
[Row: 244] [Column: 3] [Expected: John Scranton] [Actual: Alberto Antonini], 
[Row: 244] [Column: 4] [Expected: Market Strategy] [Actual: Flow of Funds], 
[Row: 244] [Column: 5] [Expected: 200 Elm] [Actual: 51 Astor Place], 
[Row: 245] [Column: 1] [Expected: 7,659] [Actual: 324], 
[Row: 245] [Column: 2] [Expected: crobinso] [Actual: jscranton], 
[Row: 245] [Column: 3] [Expected: Craig Robinson] [Actual: John Scranton], 
[Row: 245] [Column: 4] [Expected: Global Macro Trading] [Actual: Market Strategy], 
[Row: 245] [Column: 5] [Expected: 10 NBS] [Actual: 200 Elm], 
[Row: 245] [Column: 6] [Expected: crobinso] [Actual: corphedge], 
[Row: 246] [Column: 1] [Expected: 6,531] [Actual: 7,659], 
[Row: 246] [Column: 2] [Expected: edabora] [Actual: crobinso], 
[Row: 246] [Column: 3] [Expected: Emil Dabora] [Actual: Craig Robinson], 
[Row: 246] [Column: 4] [Expected: Global Event Driven Equity Tdg] [Actual: Global Macro Trading], 
[Row: 246] [Column: 5] [Expected: Boston] [Actual: 10 NBS], 
[Row: 246] [Column: 6] [Expected: edabora] [Actual: crobinso], 
[Row: 247] [Column: 1] [Expected: 6,547] [Actual: 6,531], 
[Row: 247] [Column: 2] [Expected: tcollier] [Actual: edabora], 
[Row: 247] [Column: 3] [Expected: Timothy Collier] [Actual: Emil Dabora], 
[Row: 248] [Column: 1] [Expected: 6,785] [Actual: 6,547], 
[Row: 248] [Column: 2] [Expected: eharwood] [Actual: tcollier], 
[Row: 248] [Column: 3] [Expected: Eric Harwood] [Actual: Timothy Collier], 
[Row: 249] [Column: 1] [Expected: 7,763] [Actual: 6,785], 
[Row: 249] [Column: 2] [Expected: cmelcher] [Actual: eharwood], 
[Row: 249] [Column: 3] [Expected: Craig Melcher] [Actual: Eric Harwood], 
[Row: 250] [Column: 1] [Expected: 6,531] [Actual: 7,763], 
[Row: 250] [Column: 2] [Expected: edabora] [Actual: cmelcher], 
[Row: 250] [Column: 3] [Expected: Emil Dabora] [Actual: Craig Melcher], 
[Row: 250] [Column: 6] [Expected: edaboralev] [Actual: edabora], 
[Row: 251] [Column: 1] [Expected: 6,547] [Actual: 6,531], 
[Row: 251] [Column: 2] [Expected: tcollier] [Actual: edabora], 
[Row: 251] [Column: 3] [Expected: Timothy Collier] [Actual: Emil Dabora], 
[Row: 252] [Column: 1] [Expected: 6,785] [Actual: 6,547], 
[Row: 252] [Column: 2] [Expected: eharwood] [Actual: tcollier], 
[Row: 252] [Column: 3] [Expected: Eric Harwood] [Actual: Timothy Collier], 
[Row: 253] [Column: 1] [Expected: 7,763] [Actual: 6,785], 
[Row: 253] [Column: 2] [Expected: cmelcher] [Actual: eharwood], 
[Row: 253] [Column: 3] [Expected: Craig Melcher] [Actual: Eric Harwood], 
[Row: 254] [Column: 1] [Expected: 6,531] [Actual: 7,763], 
[Row: 254] [Column: 2] [Expected: edabora] [Actual: cmelcher], 
[Row: 254] [Column: 3] [Expected: Emil Dabora] [Actual: Craig Melcher], 
[Row: 254] [Column: 6] [Expected: edaboraspac] [Actual: edaboralev], 
[Row: 255] [Column: 1] [Expected: 6,547] [Actual: 6,531], 
[Row: 255] [Column: 2] [Expected: tcollier] [Actual: edabora], 
[Row: 255] [Column: 3] [Expected: Timothy Collier] [Actual: Emil Dabora], 
[Row: 256] [Column: 1] [Expected: 6,785] [Actual: 6,547], 
[Row: 256] [Column: 2] [Expected: eharwood] [Actual: tcollier], 
[Row: 256] [Column: 3] [Expected: Eric Harwood] [Actual: Timothy Collier], 
[Row: 257] [Column: 1] [Expected: 7,763] [Actual: 6,785], 
[Row: 257] [Column: 2] [Expected: cmelcher] [Actual: eharwood], 
[Row: 257] [Column: 3] [Expected: Craig Melcher] [Actual: Eric Harwood], 
[Row: 258] [Column: 1] [Expected: 207] [Actual: 7,763], 
[Row: 258] [Column: 2] [Expected: albertoa] [Actual: cmelcher], 
[Row: 258] [Column: 3] [Expected: Alberto Antonini] [Actual: Craig Melcher], 
[Row: 258] [Column: 4] [Expected: Flow of Funds] [Actual: Global Event Driven Equity Tdg], 
[Row: 258] [Column: 5] [Expected: 51 Astor Place] [Actual: Boston], 
[Row: 258] [Column: 6] [Expected: fof] [Actual: edaboraspac], 
[Row: 259] [Column: 1] [Expected: 4,681] [Actual: 207], 
[Row: 259] [Column: 2] [Expected: kcheong] [Actual: albertoa], 
[Row: 259] [Column: 3] [Expected: Kenneth Cheong] [Actual: Alberto Antonini], 
[Row: 260] [Column: 1] [Expected: 324] [Actual: 4,681], 
[Row: 260] [Column: 2] [Expected: jscranton] [Actual: kcheong], 
[Row: 260] [Column: 3] [Expected: John Scranton] [Actual: Kenneth Cheong], 
[Row: 260] [Column: 4] [Expected: Market Strategy] [Actual: Flow of Funds], 
[Row: 260] [Column: 5] [Expected: 200 Elm] [Actual: 51 Astor Place], 
[Row: 261] [Column: 1] [Expected: 5,567] [Actual: 324], 
[Row: 261] [Column: 2] [Expected: chehmeye] [Actual: jscranton], 
[Row: 261] [Column: 3] [Expected: Christopher Hehmeyer] [Actual: John Scranton], 
[Row: 261] [Column: 4] [Expected: Flow of Funds] [Actual: Market Strategy], 
[Row: 261] [Column: 5] [Expected: 51 Astor Place] [Actual: 200 Elm], 
[Row: 262] [Column: 1] [Expected: 6,030] [Actual: 5,567], 
[Row: 262] [Column: 2] [Expected: spearson] [Actual: chehmeye], 
[Row: 262] [Column: 3] [Expected: Steven Pearson] [Actual: Christopher Hehmeyer], 
[Row: 263] [Column: 1] [Expected: 6,328] [Actual: 6,030], 
[Row: 263] [Column: 2] [Expected: nwahid] [Actual: spearson], 
[Row: 263] [Column: 3] [Expected: Naeem Wahid] [Actual: Steven Pearson], 
[Row: 263] [Column: 5] [Expected: 10 NBS] [Actual: 51 Astor Place], 
[Row: 264] [Column: 1] [Expected: 6,057] [Actual: 6,328], 
[Row: 264] [Column: 2] [Expected: clim] [Actual: nwahid], 
[Row: 264] [Column: 3] [Expected: Curtis Lim] [Actual: Naeem Wahid], 
[Row: 264] [Column: 5] [Expected: 51 Astor Place] [Actual: 10 NBS], 
[Row: 265] [Column: 1] [Expected: 7,758] [Actual: 6,057], 
[Row: 265] [Column: 2] [Expected: carolz] [Actual: clim], 
[Row: 265] [Column: 3] [Expected: Carol Zhang] [Actual: Curtis Lim], 
[Row: 266] [Column: 1] [Expected: 7,737] [Actual: 7,758], 
[Row: 266] [Column: 2] [Expected: dzhou] [Actual: carolz], 
[Row: 266] [Column: 3] [Expected: Daniel Zhou] [Actual: Carol Zhang], 
[Row: 267] [Column: 1] [Expected: 7,020] [Actual: 7,737], 
[Row: 267] [Column: 2] [Expected: jzhu] [Actual: dzhou], 
[Row: 267] [Column: 3] [Expected: Jessica Zhu] [Actual: Daniel Zhou], 
[Row: 268] [Column: 1] [Expected: 207] [Actual: 7,020], 
[Row: 268] [Column: 2] [Expected: albertoa] [Actual: jzhu], 
[Row: 268] [Column: 3] [Expected: Alberto Antonini] [Actual: Jessica Zhu], 
[Row: 268] [Column: 6] [Expected: fofatt] [Actual: fof], 
[Row: 269] [Column: 1] [Expected: 4,681] [Actual: 207], 
[Row: 269] [Column: 2] [Expected: kcheong] [Actual: albertoa], 
[Row: 269] [Column: 3] [Expected: Kenneth Cheong] [Actual: Alberto Antonini], 
[Row: 270] [Column: 1] [Expected: 324] [Actual: 4,681], 
[Row: 270] [Column: 2] [Expected: jscranton] [Actual: kcheong], 
[Row: 270] [Column: 3] [Expected: John Scranton] [Actual: Kenneth Cheong], 
[Row: 270] [Column: 4] [Expected: Market Strategy] [Actual: Flow of Funds], 
[Row: 270] [Column: 5] [Expected: 200 Elm] [Actual: 51 Astor Place], 
[Row: 271] [Column: 1] [Expected: 5,567] [Actual: 324], 
[Row: 271] [Column: 2] [Expected: chehmeye] [Actual: jscranton], 
[Row: 271] [Column: 3] [Expected: Christopher Hehmeyer] [Actual: John Scranton], 
[Row: 271] [Column: 4] [Expected: Flow of Funds] [Actual: Market Strategy], 
[Row: 271] [Column: 5] [Expected: 51 Astor Place] [Actual: 200 Elm], 
[Row: 272] [Column: 1] [Expected: 6,030] [Actual: 5,567], 
[Row: 272] [Column: 2] [Expected: spearson] [Actual: chehmeye], 
[Row: 272] [Column: 3] [Expected: Steven Pearson] [Actual: Christopher Hehmeyer], 
[Row: 273] [Column: 1] [Expected: 6,328] [Actual: 6,030], 
[Row: 273] [Column: 2] [Expected: nwahid] [Actual: spearson], 
[Row: 273] [Column: 3] [Expected: Naeem Wahid] [Actual: Steven Pearson], 
[Row: 273] [Column: 5] [Expected: 10 NBS] [Actual: 51 Astor Place], 
[Row: 274] [Column: 1] [Expected: 6,057] [Actual: 6,328], 
[Row: 274] [Column: 2] [Expected: clim] [Actual: nwahid], 
[Row: 274] [Column: 3] [Expected: Curtis Lim] [Actual: Naeem Wahid], 
[Row: 274] [Column: 5] [Expected: 51 Astor Place] [Actual: 10 NBS], 
[Row: 275] [Column: 1] [Expected: 7,758] [Actual: 6,057], 
[Row: 275] [Column: 2] [Expected: carolz] [Actual: clim], 
[Row: 275] [Column: 3] [Expected: Carol Zhang] [Actual: Curtis Lim], 
[Row: 276] [Column: 1] [Expected: 7,737] [Actual: 7,758], 
[Row: 276] [Column: 2] [Expected: dzhou] [Actual: carolz], 
[Row: 276] [Column: 3] [Expected: Daniel Zhou] [Actual: Carol Zhang], 
[Row: 277] [Column: 1] [Expected: 7,020] [Actual: 7,737], 
[Row: 277] [Column: 2] [Expected: jzhu] [Actual: dzhou], 
[Row: 277] [Column: 3] [Expected: Jessica Zhu] [Actual: Daniel Zhou], 
[Row: 278] [Column: 1] [Expected: 5,567] [Actual: 7,020], 
[Row: 278] [Column: 2] [Expected: chehmeye] [Actual: jzhu], 
[Row: 278] [Column: 3] [Expected: Christopher Hehmeyer] [Actual: Jessica Zhu], 
[Row: 278] [Column: 6] [Expected: fofcomm] [Actual: fofatt], 
[Row: 279] [Column: 1] [Expected: 6,030] [Actual: 5,567], 
[Row: 279] [Column: 2] [Expected: spearson] [Actual: chehmeye], 
[Row: 279] [Column: 3] [Expected: Steven Pearson] [Actual: Christopher Hehmeyer], 
[Row: 280] [Column: 1] [Expected: 6,328] [Actual: 6,030], 
[Row: 280] [Column: 2] [Expected: nwahid] [Actual: spearson], 
[Row: 280] [Column: 3] [Expected: Naeem Wahid] [Actual: Steven Pearson], 
[Row: 280] [Column: 5] [Expected: 10 NBS] [Actual: 51 Astor Place], 
[Row: 281] [Column: 1] [Expected: 6,057] [Actual: 6,328], 
[Row: 281] [Column: 2] [Expected: clim] [Actual: nwahid], 
[Row: 281] [Column: 3] [Expected: Curtis Lim] [Actual: Naeem Wahid], 
[Row: 281] [Column: 5] [Expected: 51 Astor Place] [Actual: 10 NBS], 
[Row: 282] [Column: 1] [Expected: 6,030] [Actual: 6,057], 
[Row: 282] [Column: 2] [Expected: spearson] [Actual: clim], 
[Row: 282] [Column: 3] [Expected: Steven Pearson] [Actual: Curtis Lim], 
[Row: 282] [Column: 6] [Expected: fofsys1] [Actual: fofcomm], 
[Row: 283] [Column: 1] [Expected: 5,097] [Actual: 6,030], 
[Row: 283] [Column: 2] [Expected: aghose] [Actual: spearson], 
[Row: 283] [Column: 3] [Expected: Abhishek Ghose] [Actual: Steven Pearson], 
[Row: 284] [Column: 1] [Expected: 6,057] [Actual: 5,097], 
[Row: 284] [Column: 2] [Expected: clim] [Actual: aghose], 
[Row: 284] [Column: 3] [Expected: Curtis Lim] [Actual: Abhishek Ghose], 
[Row: 285] [Column: 1] [Expected: 7,737] [Actual: 6,057], 
[Row: 285] [Column: 2] [Expected: dzhou] [Actual: clim], 
[Row: 285] [Column: 3] [Expected: Daniel Zhou] [Actual: Curtis Lim], 
[Row: 286] [Column: 1] [Expected: 7,020] [Actual: 7,737], 
[Row: 286] [Column: 2] [Expected: jzhu] [Actual: dzhou], 
[Row: 286] [Column: 3] [Expected: Jessica Zhu] [Actual: Daniel Zhou], 
[Row: 287] [Column: 1] [Expected: 4,259] [Actual: 7,020], 
[Row: 287] [Column: 2] [Expected: icalcraf] [Actual: jzhu], 
[Row: 287] [Column: 3] [Expected: Ian Calcraft] [Actual: Jessica Zhu], 
[Row: 287] [Column: 4] [Expected: Global Macro Trading] [Actual: Flow of Funds], 
[Row: 287] [Column: 5] [Expected: 10 NBS] [Actual: 51 Astor Place], 
[Row: 287] [Column: 6] [Expected: icalcraf] [Actual: fofsys1], 
[Row: 288] [Column: 1] [Expected: 5,567] [Actual: 4,259], 
[Row: 288] [Column: 2] [Expected: chehmeye] [Actual: icalcraf], 
[Row: 288] [Column: 3] [Expected: Christopher Hehmeyer] [Actual: Ian Calcraft], 
[Row: 288] [Column: 4] [Expected: Flow of Funds] [Actual: Global Macro Trading], 
[Row: 288] [Column: 5] [Expected: 51 Astor Place] [Actual: 10 NBS], 
[Row: 288] [Column: 6] [Expected: ifofcomm] [Actual: icalcraf], 
[Row: 289] [Column: 1] [Expected: 6,030] [Actual: 5,567], 
[Row: 289] [Column: 2] [Expected: spearson] [Actual: chehmeye], 
[Row: 289] [Column: 3] [Expected: Steven Pearson] [Actual: Christopher Hehmeyer], 
[Row: 290] [Column: 1] [Expected: 6,328] [Actual: 6,030], 
[Row: 290] [Column: 2] [Expected: nwahid] [Actual: spearson], 
[Row: 290] [Column: 3] [Expected: Naeem Wahid] [Actual: Steven Pearson], 
[Row: 290] [Column: 5] [Expected: 10 NBS] [Actual: 51 Astor Place], 
[Row: 291] [Column: 1] [Expected: 6,057] [Actual: 6,328], 
[Row: 291] [Column: 2] [Expected: clim] [Actual: nwahid], 
[Row: 291] [Column: 3] [Expected: Curtis Lim] [Actual: Naeem Wahid], 
[Row: 291] [Column: 5] [Expected: 51 Astor Place] [Actual: 10 NBS], 
[Row: 292] [Column: 1] [Expected: 1,188] [Actual: 6,057], 
[Row: 292] [Column: 2] [Expected: mglennan] [Actual: clim], 
[Row: 292] [Column: 3] [Expected: Mike Glennan] [Actual: Curtis Lim], 
[Row: 292] [Column: 4] [Expected: Systems Trading] [Actual: Flow of Funds], 
[Row: 292] [Column: 5] [Expected: 200 Elm] [Actual: 51 Astor Place], 
[Row: 292] [Column: 6] [Expected: isttvav3lev] [Actual: ifofcomm], 
[Row: 293] [Column: 6] [Expected: isttvcbdav3] [Actual: isttvav3lev], 
[Row: 294] [Column: 1] [Expected: 3] [Actual: 1,188], 
[Row: 294] [Column: 2] [Expected: stevee] [Actual: mglennan], 
[Row: 294] [Column: 3] [Expected: Steve Evans] [Actual: Mike Glennan], 
[Row: 295] [Column: 1] [Expected: 5,848] [Actual: 3], 
[Row: 295] [Column: 2] [Expected: owatson] [Actual: stevee], 
[Row: 295] [Column: 3] [Expected: Ollie Watson] [Actual: Steve Evans], 
[Row: 295] [Column: 5] [Expected: 10 NBS] [Actual: 200 Elm], 
[Row: 296] [Column: 1] [Expected: 5,773] [Actual: 5,848], 
[Row: 296] [Column: 2] [Expected: slevin] [Actual: owatson], 
[Row: 296] [Column: 3] [Expected: Sergey Levin] [Actual: Ollie Watson], 
[Row: 296] [Column: 5] [Expected: 51 Astor Place] [Actual: 10 NBS], 
[Row: 297] [Column: 1] [Expected: 7,095] [Actual: 5,773], 
[Row: 297] [Column: 2] [Expected: asamuel] [Actual: slevin], 
[Row: 297] [Column: 3] [Expected: Alex Samuel] [Actual: Sergey Levin], 
[Row: 298] [Column: 1] [Expected: 7,253] [Actual: 7,095], 
[Row: 298] [Column: 2] [Expected: acherner] [Actual: asamuel], 
[Row: 298] [Column: 3] [Expected: Alex Cherner] [Actual: Alex Samuel], 
[Row: 299] [Column: 1] [Expected: 7,594] [Actual: 7,253], 
[Row: 299] [Column: 2] [Expected: vpaskhav] [Actual: acherner], 
[Row: 299] [Column: 3] [Expected: Victor Paskhaver] [Actual: Alex Cherner], 
[Row: 300] [Column: 1] [Expected: 7,536] [Actual: 7,594], 
[Row: 300] [Column: 2] [Expected: awestbro] [Actual: vpaskhav], 
[Row: 300] [Column: 3] [Expected: Andrew Westbrook] [Actual: Victor Paskhaver], 
[Row: 300] [Column: 4] [Expected: Front Office Technology] [Actual: Systems Trading], 
[Row: 301] [Column: 1] [Expected: 7,674] [Actual: 7,536], 
[Row: 301] [Column: 2] [Expected: cchin] [Actual: awestbro], 
[Row: 301] [Column: 3] [Expected: Chris Chin] [Actual: Andrew Westbrook], 
[Row: 301] [Column: 4] [Expected: Systems Trading] [Actual: Front Office Technology], 
[Row: 302] [Column: 1] [Expected: 1,188] [Actual: 7,674], 
[Row: 302] [Column: 2] [Expected: mglennan] [Actual: cchin], 
[Row: 302] [Column: 3] [Expected: Mike Glennan] [Actual: Chris Chin], 
[Row: 302] [Column: 5] [Expected: 200 Elm] [Actual: 51 Astor Place], 
[Row: 302] [Column: 6] [Expected: isttvcbdav3e] [Actual: isttvcbdav3], 
[Row: 303] [Column: 1] [Expected: 3] [Actual: 1,188], 
[Row: 303] [Column: 2] [Expected: stevee] [Actual: mglennan], 
[Row: 303] [Column: 3] [Expected: Steve Evans] [Actual: Mike Glennan], 
[Row: 304] [Column: 1] [Expected: 5,848] [Actual: 3], 
[Row: 304] [Column: 2] [Expected: owatson] [Actual: stevee], 
[Row: 304] [Column: 3] [Expected: Ollie Watson] [Actual: Steve Evans], 
[Row: 304] [Column: 5] [Expected: 10 NBS] [Actual: 200 Elm], 
[Row: 305] [Column: 1] [Expected: 5,773] [Actual: 5,848], 
[Row: 305] [Column: 2] [Expected: slevin] [Actual: owatson], 
[Row: 305] [Column: 3] [Expected: Sergey Levin] [Actual: Ollie Watson], 
[Row: 305] [Column: 5] [Expected: 51 Astor Place] [Actual: 10 NBS], 
[Row: 306] [Column: 1] [Expected: 7,095] [Actual: 5,773], 
[Row: 306] [Column: 2] [Expected: asamuel] [Actual: slevin], 
[Row: 306] [Column: 3] [Expected: Alex Samuel] [Actual: Sergey Levin], 
[Row: 307] [Column: 1] [Expected: 7,253] [Actual: 7,095], 
[Row: 307] [Column: 2] [Expected: acherner] [Actual: asamuel], 
[Row: 307] [Column: 3] [Expected: Alex Cherner] [Actual: Alex Samuel], 
[Row: 308] [Column: 1] [Expected: 7,440] [Actual: 7,253], 
[Row: 308] [Column: 2] [Expected: nfirth] [Actual: acherner], 
[Row: 308] [Column: 3] [Expected: Nick Firth] [Actual: Alex Cherner], 
[Row: 308] [Column: 5] [Expected: 10 NBS] [Actual: 51 Astor Place], 
[Row: 309] [Column: 1] [Expected: 7,594] [Actual: 7,440], 
[Row: 309] [Column: 2] [Expected: vpaskhav] [Actual: nfirth], 
[Row: 309] [Column: 3] [Expected: Victor Paskhaver] [Actual: Nick Firth], 
[Row: 309] [Column: 5] [Expected: 51 Astor Place] [Actual: 10 NBS], 
[Row: 310] [Column: 1] [Expected: 7,536] [Actual: 7,594], 
[Row: 310] [Column: 2] [Expected: awestbro] [Actual: vpaskhav], 
[Row: 310] [Column: 3] [Expected: Andrew Westbrook] [Actual: Victor Paskhaver], 
[Row: 310] [Column: 4] [Expected: Front Office Technology] [Actual: Systems Trading], 
[Row: 311] [Column: 1] [Expected: 7,674] [Actual: 7,536], 
[Row: 311] [Column: 2] [Expected: cchin] [Actual: awestbro], 
[Row: 311] [Column: 3] [Expected: Chris Chin] [Actual: Andrew Westbrook], 
[Row: 311] [Column: 4] [Expected: Systems Trading] [Actual: Front Office Technology], 
[Row: 312] [Column: 1] [Expected: 1,188] [Actual: 7,674], 
[Row: 312] [Column: 2] [Expected: mglennan] [Actual: cchin], 
[Row: 312] [Column: 3] [Expected: Mike Glennan] [Actual: Chris Chin], 
[Row: 312] [Column: 5] [Expected: 200 Elm] [Actual: 51 Astor Place], 
[Row: 312] [Column: 6] [Expected: isttvcbdav4] [Actual: isttvcbdav3e], 
[Row: 313] [Column: 1] [Expected: 3] [Actual: 1,188], 
[Row: 313] [Column: 2] [Expected: stevee] [Actual: mglennan], 
[Row: 313] [Column: 3] [Expected: Steve Evans] [Actual: Mike Glennan], 
[Row: 314] [Column: 1] [Expected: 5,848] [Actual: 3], 
[Row: 314] [Column: 2] [Expected: owatson] [Actual: stevee], 
[Row: 314] [Column: 3] [Expected: Ollie Watson] [Actual: Steve Evans], 
[Row: 314] [Column: 5] [Expected: 10 NBS] [Actual: 200 Elm], 
[Row: 315] [Column: 1] [Expected: 5,773] [Actual: 5,848], 
[Row: 315] [Column: 2] [Expected: slevin] [Actual: owatson], 
[Row: 315] [Column: 3] [Expected: Sergey Levin] [Actual: Ollie Watson], 
[Row: 315] [Column: 5] [Expected: 51 Astor Place] [Actual: 10 NBS], 
[Row: 316] [Column: 1] [Expected: 7,095] [Actual: 5,773], 
[Row: 316] [Column: 2] [Expected: asamuel] [Actual: slevin], 
[Row: 316] [Column: 3] [Expected: Alex Samuel] [Actual: Sergey Levin], 
[Row: 317] [Column: 1] [Expected: 7,253] [Actual: 7,095], 
[Row: 317] [Column: 2] [Expected: acherner] [Actual: asamuel], 
[Row: 317] [Column: 3] [Expected: Alex Cherner] [Actual: Alex Samuel], 
[Row: 318] [Column: 1] [Expected: 7,594] [Actual: 7,253], 
[Row: 318] [Column: 2] [Expected: vpaskhav] [Actual: acherner], 
[Row: 318] [Column: 3] [Expected: Victor Paskhaver] [Actual: Alex Cherner], 
[Row: 319] [Column: 1] [Expected: 7,536] [Actual: 7,594], 
[Row: 319] [Column: 2] [Expected: awestbro] [Actual: vpaskhav], 
[Row: 319] [Column: 3] [Expected: Andrew Westbrook] [Actual: Victor Paskhaver], 
[Row: 319] [Column: 4] [Expected: Front Office Technology] [Actual: Systems Trading], 
[Row: 320] [Column: 1] [Expected: 7,674] [Actual: 7,536], 
[Row: 320] [Column: 2] [Expected: cchin] [Actual: awestbro], 
[Row: 320] [Column: 3] [Expected: Chris Chin] [Actual: Andrew Westbrook], 
[Row: 320] [Column: 4] [Expected: Systems Trading] [Actual: Front Office Technology], 
[Row: 321] [Column: 1] [Expected: 1,188] [Actual: 7,674], 
[Row: 321] [Column: 2] [Expected: mglennan] [Actual: cchin], 
[Row: 321] [Column: 3] [Expected: Mike Glennan] [Actual: Chris Chin], 
[Row: 321] [Column: 5] [Expected: 200 Elm] [Actual: 51 Astor Place], 
[Row: 321] [Column: 6] [Expected: isttvcdsav1] [Actual: isttvcbdav4], 
[Row: 322] [Column: 1] [Expected: 3] [Actual: 1,188], 
[Row: 322] [Column: 2] [Expected: stevee] [Actual: mglennan], 
[Row: 322] [Column: 3] [Expected: Steve Evans] [Actual: Mike Glennan], 
[Row: 323] [Column: 1] [Expected: 5,848] [Actual: 3], 
[Row: 323] [Column: 2] [Expected: owatson] [Actual: stevee], 
[Row: 323] [Column: 3] [Expected: Ollie Watson] [Actual: Steve Evans], 
[Row: 323] [Column: 5] [Expected: 10 NBS] [Actual: 200 Elm], 
[Row: 324] [Column: 1] [Expected: 5,773] [Actual: 5,848], 
[Row: 324] [Column: 2] [Expected: slevin] [Actual: owatson], 
[Row: 324] [Column: 3] [Expected: Sergey Levin] [Actual: Ollie Watson], 
[Row: 324] [Column: 5] [Expected: 51 Astor Place] [Actual: 10 NBS], 
[Row: 325] [Column: 1] [Expected: 7,095] [Actual: 5,773], 
[Row: 325] [Column: 2] [Expected: asamuel] [Actual: slevin], 
[Row: 325] [Column: 3] [Expected: Alex Samuel] [Actual: Sergey Levin], 
[Row: 326] [Column: 1] [Expected: 7,253] [Actual: 7,095], 
[Row: 326] [Column: 2] [Expected: acherner] [Actual: asamuel], 
[Row: 326] [Column: 3] [Expected: Alex Cherner] [Actual: Alex Samuel], 
[Row: 327] [Column: 1] [Expected: 7,594] [Actual: 7,253], 
[Row: 327] [Column: 2] [Expected: vpaskhav] [Actual: acherner], 
[Row: 327] [Column: 3] [Expected: Victor Paskhaver] [Actual: Alex Cherner], 
[Row: 328] [Column: 1] [Expected: 7,536] [Actual: 7,594], 
[Row: 328] [Column: 2] [Expected: awestbro] [Actual: vpaskhav], 
[Row: 328] [Column: 3] [Expected: Andrew Westbrook] [Actual: Victor Paskhaver], 
[Row: 328] [Column: 4] [Expected: Front Office Technology] [Actual: Systems Trading], 
[Row: 329] [Column: 1] [Expected: 7,674] [Actual: 7,536], 
[Row: 329] [Column: 2] [Expected: cchin] [Actual: awestbro], 
[Row: 329] [Column: 3] [Expected: Chris Chin] [Actual: Andrew Westbrook], 
[Row: 329] [Column: 4] [Expected: Systems Trading] [Actual: Front Office Technology], 
[Row: 330] [Column: 1] [Expected: 1,188] [Actual: 7,674], 
[Row: 330] [Column: 2] [Expected: mglennan] [Actual: cchin], 
[Row: 330] [Column: 3] [Expected: Mike Glennan] [Actual: Chris Chin], 
[Row: 330] [Column: 5] [Expected: 200 Elm] [Actual: 51 Astor Place], 
[Row: 330] [Column: 6] [Expected: isttvcdsav2] [Actual: isttvcdsav1], 
[Row: 331] [Column: 1] [Expected: 3] [Actual: 1,188], 
[Row: 331] [Column: 2] [Expected: stevee] [Actual: mglennan], 
[Row: 331] [Column: 3] [Expected: Steve Evans] [Actual: Mike Glennan], 
[Row: 332] [Column: 1] [Expected: 5,848] [Actual: 3], 
[Row: 332] [Column: 2] [Expected: owatson] [Actual: stevee], 
[Row: 332] [Column: 3] [Expected: Ollie Watson] [Actual: Steve Evans], 
[Row: 332] [Column: 5] [Expected: 10 NBS] [Actual: 200 Elm], 
[Row: 333] [Column: 1] [Expected: 5,773] [Actual: 5,848], 
[Row: 333] [Column: 2] [Expected: slevin] [Actual: owatson], 
[Row: 333] [Column: 3] [Expected: Sergey Levin] [Actual: Ollie Watson], 
[Row: 333] [Column: 5] [Expected: 51 Astor Place] [Actual: 10 NBS], 
[Row: 334] [Column: 1] [Expected: 7,253] [Actual: 5,773], 
[Row: 334] [Column: 2] [Expected: acherner] [Actual: slevin], 
[Row: 334] [Column: 3] [Expected: Alex Cherner] [Actual: Sergey Levin], 
[Row: 335] [Column: 1] [Expected: 7,594] [Actual: 7,253], 
[Row: 335] [Column: 2] [Expected: vpaskhav] [Actual: acherner], 
[Row: 335] [Column: 3] [Expected: Victor Paskhaver] [Actual: Alex Cherner], 
[Row: 336] [Column: 1] [Expected: 7,674] [Actual: 7,594], 
[Row: 336] [Column: 2] [Expected: cchin] [Actual: vpaskhav], 
[Row: 336] [Column: 3] [Expected: Chris Chin] [Actual: Victor Paskhaver], 
[Row: 337] [Column: 1] [Expected: 1,188] [Actual: 7,674], 
[Row: 337] [Column: 2] [Expected: mglennan] [Actual: cchin], 
[Row: 337] [Column: 3] [Expected: Mike Glennan] [Actual: Chris Chin], 
[Row: 337] [Column: 5] [Expected: 200 Elm] [Actual: 51 Astor Place], 
[Row: 337] [Column: 6] [Expected: isttvcdxav5] [Actual: isttvcdsav2], 
[Row: 338] [Column: 1] [Expected: 3] [Actual: 1,188], 
[Row: 338] [Column: 2] [Expected: stevee] [Actual: mglennan], 
[Row: 338] [Column: 3] [Expected: Steve Evans] [Actual: Mike Glennan], 
[Row: 339] [Column: 1] [Expected: 5,848] [Actual: 3], 
[Row: 339] [Column: 2] [Expected: owatson] [Actual: stevee], 
[Row: 339] [Column: 3] [Expected: Ollie Watson] [Actual: Steve Evans], 
[Row: 339] [Column: 5] [Expected: 10 NBS] [Actual: 200 Elm], 
[Row: 340] [Column: 1] [Expected: 5,773] [Actual: 5,848], 
[Row: 340] [Column: 2] [Expected: slevin] [Actual: owatson], 
[Row: 340] [Column: 3] [Expected: Sergey Levin] [Actual: Ollie Watson], 
[Row: 340] [Column: 5] [Expected: 51 Astor Place] [Actual: 10 NBS], 
[Row: 341] [Column: 1] [Expected: 7,095] [Actual: 5,773], 
[Row: 341] [Column: 2] [Expected: asamuel] [Actual: slevin], 
[Row: 341] [Column: 3] [Expected: Alex Samuel] [Actual: Sergey Levin], 
[Row: 342] [Column: 1] [Expected: 7,253] [Actual: 7,095], 
[Row: 342] [Column: 2] [Expected: acherner] [Actual: asamuel], 
[Row: 342] [Column: 3] [Expected: Alex Cherner] [Actual: Alex Samuel], 
[Row: 343] [Column: 1] [Expected: 7,594] [Actual: 7,253], 
[Row: 343] [Column: 2] [Expected: vpaskhav] [Actual: acherner], 
[Row: 343] [Column: 3] [Expected: Victor Paskhaver] [Actual: Alex Cherner], 
[Row: 344] [Column: 1] [Expected: 7,536] [Actual: 7,594], 
[Row: 344] [Column: 2] [Expected: awestbro] [Actual: vpaskhav], 
[Row: 344] [Column: 3] [Expected: Andrew Westbrook] [Actual: Victor Paskhaver], 
[Row: 344] [Column: 4] [Expected: Front Office Technology] [Actual: Systems Trading], 
[Row: 345] [Column: 1] [Expected: 7,674] [Actual: 7,536], 
[Row: 345] [Column: 2] [Expected: cchin] [Actual: awestbro], 
[Row: 345] [Column: 3] [Expected: Chris Chin] [Actual: Andrew Westbrook], 
[Row: 345] [Column: 4] [Expected: Systems Trading] [Actual: Front Office Technology], 
[Row: 346] [Column: 1] [Expected: 1,188] [Actual: 7,674], 
[Row: 346] [Column: 2] [Expected: mglennan] [Actual: cchin], 
[Row: 346] [Column: 3] [Expected: Mike Glennan] [Actual: Chris Chin], 
[Row: 346] [Column: 5] [Expected: 200 Elm] [Actual: 51 Astor Place], 
[Row: 346] [Column: 6] [Expected: isttveqSLlev] [Actual: isttvcdxav5], 
[Row: 347] [Column: 1] [Expected: 3] [Actual: 1,188], 
[Row: 347] [Column: 2] [Expected: stevee] [Actual: mglennan], 
[Row: 347] [Column: 3] [Expected: Steve Evans] [Actual: Mike Glennan], 
[Row: 348] [Column: 1] [Expected: 5,848] [Actual: 3], 
[Row: 348] [Column: 2] [Expected: owatson] [Actual: stevee], 
[Row: 348] [Column: 3] [Expected: Ollie Watson] [Actual: Steve Evans], 
[Row: 348] [Column: 5] [Expected: 10 NBS] [Actual: 200 Elm], 
[Row: 349] [Column: 1] [Expected: 5,867] [Actual: 5,848], 
[Row: 349] [Column: 2] [Expected: dgenkin] [Actual: owatson], 
[Row: 349] [Column: 3] [Expected: Dmitriy Genkin] [Actual: Ollie Watson], 
[Row: 349] [Column: 5] [Expected: 51 Astor Place] [Actual: 10 NBS], 
[Row: 350] [Column: 1] [Expected: 5,864] [Actual: 5,867], 
[Row: 350] [Column: 2] [Expected: cvoekler] [Actual: dgenkin], 
[Row: 350] [Column: 3] [Expected: Christopher Voekler] [Actual: Dmitriy Genkin], 
[Row: 351] [Column: 1] [Expected: 5,773] [Actual: 5,864], 
[Row: 351] [Column: 2] [Expected: slevin] [Actual: cvoekler], 
[Row: 351] [Column: 3] [Expected: Sergey Levin] [Actual: Christopher Voekler], 
[Row: 352] [Column: 1] [Expected: 5,897] [Actual: 5,773], 
[Row: 352] [Column: 2] [Expected: aodinaye] [Actual: slevin], 
[Row: 352] [Column: 3] [Expected: Alex Odinayev] [Actual: Sergey Levin], 
[Row: 353] [Column: 1] [Expected: 5,992] [Actual: 5,897], 
[Row: 353] [Column: 2] [Expected: wchapman] [Actual: aodinaye], 
[Row: 353] [Column: 3] [Expected: William Chapman] [Actual: Alex Odinayev], 
[Row: 353] [Column: 5] [Expected: 10 NBS] [Actual: 51 Astor Place], 
[Row: 354] [Column: 1] [Expected: 6,193] [Actual: 5,992], 
[Row: 354] [Column: 2] [Expected: vzhukov] [Actual: wchapman], 
[Row: 354] [Column: 3] [Expected: Slava Zhukov] [Actual: William Chapman], 
[Row: 354] [Column: 5] [Expected: 51 Astor Place] [Actual: 10 NBS], 
[Row: 355] [Column: 1] [Expected: 6,878] [Actual: 6,193], 
[Row: 355] [Column: 2] [Expected: byuan] [Actual: vzhukov], 
[Row: 355] [Column: 3] [Expected: Bo Yuan] [Actual: Slava Zhukov], 
[Row: 356] [Column: 1] [Expected: 6,973] [Actual: 6,878], 
[Row: 356] [Column: 2] [Expected: crolvung] [Actual: byuan], 
[Row: 356] [Column: 3] [Expected: Christian Rolvung] [Actual: Bo Yuan], 
[Row: 356] [Column: 5] [Expected: Sydney] [Actual: 51 Astor Place], 
[Row: 357] [Column: 1] [Expected: 6,954] [Actual: 6,973], 
[Row: 357] [Column: 2] [Expected: kjohnsto] [Actual: crolvung], 
[Row: 357] [Column: 3] [Expected: Kyle Johnston] [Actual: Christian Rolvung], 
[Row: 357] [Column: 5] [Expected: 51 Astor Place] [Actual: Sydney], 
[Row: 358] [Column: 1] [Expected: 7,095] [Actual: 6,954], 
[Row: 358] [Column: 2] [Expected: asamuel] [Actual: kjohnsto], 
[Row: 358] [Column: 3] [Expected: Alex Samuel] [Actual: Kyle Johnston], 
[Row: 359] [Column: 1] [Expected: 7,307] [Actual: 7,095], 
[Row: 359] [Column: 2] [Expected: rcartwri] [Actual: asamuel], 
[Row: 359] [Column: 3] [Expected: Robert Cartwright] [Actual: Alex Samuel], 
[Row: 359] [Column: 5] [Expected: 10 NBS] [Actual: 51 Astor Place], 
[Row: 360] [Column: 1] [Expected: 7,171] [Actual: 7,307], 
[Row: 360] [Column: 2] [Expected: matwood] [Actual: rcartwri], 
[Row: 360] [Column: 3] [Expected: Matthew Atwood] [Actual: Robert Cartwright], 
[Row: 360] [Column: 5] [Expected: 51 Astor Place] [Actual: 10 NBS], 
[Row: 361] [Column: 1] [Expected: 7,440] [Actual: 7,171], 
[Row: 361] [Column: 2] [Expected: nfirth] [Actual: matwood], 
[Row: 361] [Column: 3] [Expected: Nick Firth] [Actual: Matthew Atwood], 
[Row: 361] [Column: 5] [Expected: 10 NBS] [Actual: 51 Astor Place], 
[Row: 362] [Column: 1] [Expected: 7,594] [Actual: 7,440], 
[Row: 362] [Column: 2] [Expected: vpaskhav] [Actual: nfirth], 
[Row: 362] [Column: 3] [Expected: Victor Paskhaver] [Actual: Nick Firth], 
[Row: 362] [Column: 5] [Expected: 51 Astor Place] [Actual: 10 NBS], 
[Row: 363] [Column: 1] [Expected: 7,423] [Actual: 7,594], 
[Row: 363] [Column: 2] [Expected: nlubchen] [Actual: vpaskhav], 
[Row: 363] [Column: 3] [Expected: Nazar Lubchenko] [Actual: Victor Paskhaver], 
[Row: 364] [Column: 1] [Expected: 7,505] [Actual: 7,423], 
[Row: 364] [Column: 2] [Expected: lsewell] [Actual: nlubchen], 
[Row: 364] [Column: 3] [Expected: Luke Sewell] [Actual: Nazar Lubchenko], 
[Row: 364] [Column: 5] [Expected: 10 NBS] [Actual: 51 Astor Place], 
[Row: 365] [Column: 1] [Expected: 7,639] [Actual: 7,505], 
[Row: 365] [Column: 2] [Expected: tbjorkmo] [Actual: lsewell], 
[Row: 365] [Column: 3] [Expected: Theo Bjorkmo] [Actual: Luke Sewell], 
[Row: 366] [Column: 1] [Expected: 7,745] [Actual: 7,639], 
[Row: 366] [Column: 2] [Expected: jtereshc] [Actual: tbjorkmo], 
[Row: 366] [Column: 3] [Expected: Julie Tereshchenko] [Actual: Theo Bjorkmo], 
[Row: 366] [Column: 5] [Expected: 51 Astor Place] [Actual: 10 NBS], 
[Row: 367] [Column: 1] [Expected: 7,536] [Actual: 7,745], 
[Row: 367] [Column: 2] [Expected: awestbro] [Actual: jtereshc], 
[Row: 367] [Column: 3] [Expected: Andrew Westbrook] [Actual: Julie Tereshchenko], 
[Row: 367] [Column: 4] [Expected: Front Office Technology] [Actual: Systems Trading], 
[Row: 368] [Column: 1] [Expected: 7,708] [Actual: 7,536], 
[Row: 368] [Column: 2] [Expected: elim] [Actual: awestbro], 
[Row: 368] [Column: 3] [Expected: Edward Lim] [Actual: Andrew Westbrook], 
[Row: 368] [Column: 4] [Expected: Systems Trading] [Actual: Front Office Technology], 
[Row: 368] [Column: 5] [Expected: 10 NBS] [Actual: 51 Astor Place], 
[Row: 369] [Column: 1] [Expected: 7,692] [Actual: 7,708], 
[Row: 369] [Column: 2] [Expected: oharrima] [Actual: elim], 
[Row: 369] [Column: 3] [Expected: Oliver Harriman] [Actual: Edward Lim], 
[Row: 370] [Column: 1] [Expected: 7,726] [Actual: 7,692], 
[Row: 370] [Column: 2] [Expected: ishpak] [Actual: oharrima], 
[Row: 370] [Column: 3] [Expected: Iuliia Shpak] [Actual: Oliver Harriman], 
[Row: 371] [Column: 1] [Expected: 1,188] [Actual: 7,726], 
[Row: 371] [Column: 2] [Expected: mglennan] [Actual: ishpak], 
[Row: 371] [Column: 3] [Expected: Mike Glennan] [Actual: Iuliia Shpak], 
[Row: 371] [Column: 5] [Expected: 200 Elm] [Actual: 10 NBS], 
[Row: 371] [Column: 6] [Expected: isttveqasasd1] [Actual: isttveqSLlev], 
[Row: 372] [Column: 1] [Expected: 3] [Actual: 1,188], 
[Row: 372] [Column: 2] [Expected: stevee] [Actual: mglennan], 
[Row: 372] [Column: 3] [Expected: Steve Evans] [Actual: Mike Glennan], 
[Row: 373] [Column: 1] [Expected: 5,848] [Actual: 3], 
[Row: 373] [Column: 2] [Expected: owatson] [Actual: stevee], 
[Row: 373] [Column: 3] [Expected: Ollie Watson] [Actual: Steve Evans], 
[Row: 373] [Column: 5] [Expected: 10 NBS] [Actual: 200 Elm], 
[Row: 374] [Column: 1] [Expected: 5,867] [Actual: 5,848], 
[Row: 374] [Column: 2] [Expected: dgenkin] [Actual: owatson], 
[Row: 374] [Column: 3] [Expected: Dmitriy Genkin] [Actual: Ollie Watson], 
[Row: 374] [Column: 5] [Expected: 51 Astor Place] [Actual: 10 NBS], 
[Row: 375] [Column: 1] [Expected: 5,864] [Actual: 5,867], 
[Row: 375] [Column: 2] [Expected: cvoekler] [Actual: dgenkin], 
[Row: 375] [Column: 3] [Expected: Christopher Voekler] [Actual: Dmitriy Genkin], 
[Row: 376] [Column: 1] [Expected: 5,773] [Actual: 5,864], 
[Row: 376] [Column: 2] [Expected: slevin] [Actual: cvoekler], 
[Row: 376] [Column: 3] [Expected: Sergey Levin] [Actual: Christopher Voekler], 
[Row: 377] [Column: 1] [Expected: 5,897] [Actual: 5,773], 
[Row: 377] [Column: 2] [Expected: aodinaye] [Actual: slevin], 
[Row: 377] [Column: 3] [Expected: Alex Odinayev] [Actual: Sergey Levin], 
[Row: 378] [Column: 1] [Expected: 5,992] [Actual: 5,897], 
[Row: 378] [Column: 2] [Expected: wchapman] [Actual: aodinaye], 
[Row: 378] [Column: 3] [Expected: William Chapman] [Actual: Alex Odinayev], 
[Row: 378] [Column: 5] [Expected: 10 NBS] [Actual: 51 Astor Place], 
[Row: 379] [Column: 1] [Expected: 6,193] [Actual: 5,992], 
[Row: 379] [Column: 2] [Expected: vzhukov] [Actual: wchapman], 
[Row: 379] [Column: 3] [Expected: Slava Zhukov] [Actual: William Chapman], 
[Row: 379] [Column: 5] [Expected: 51 Astor Place] [Actual: 10 NBS], 
[Row: 380] [Column: 1] [Expected: 6,878] [Actual: 6,193], 
[Row: 380] [Column: 2] [Expected: byuan] [Actual: vzhukov], 
[Row: 380] [Column: 3] [Expected: Bo Yuan] [Actual: Slava Zhukov], 
[Row: 381] [Column: 1] [Expected: 6,973] [Actual: 6,878], 
[Row: 381] [Column: 2] [Expected: crolvung] [Actual: byuan], 
[Row: 381] [Column: 3] [Expected: Christian Rolvung] [Actual: Bo Yuan], 
[Row: 381] [Column: 5] [Expected: Sydney] [Actual: 51 Astor Place], 
[Row: 382] [Column: 1] [Expected: 6,954] [Actual: 6,973], 
[Row: 382] [Column: 2] [Expected: kjohnsto] [Actual: crolvung], 
[Row: 382] [Column: 3] [Expected: Kyle Johnston] [Actual: Christian Rolvung], 
[Row: 382] [Column: 5] [Expected: 51 Astor Place] [Actual: Sydney], 
[Row: 383] [Column: 1] [Expected: 7,095] [Actual: 6,954], 
[Row: 383] [Column: 2] [Expected: asamuel] [Actual: kjohnsto], 
[Row: 383] [Column: 3] [Expected: Alex Samuel] [Actual: Kyle Johnston], 
[Row: 384] [Column: 1] [Expected: 7,252] [Actual: 7,095], 
[Row: 384] [Column: 2] [Expected: ddini] [Actual: asamuel], 
[Row: 384] [Column: 3] [Expected: Dahir Dini] [Actual: Alex Samuel], 
[Row: 384] [Column: 5] [Expected: 10 NBS] [Actual: 51 Astor Place], 
[Row: 385] [Column: 1] [Expected: 7,306] [Actual: 7,252], 
[Row: 385] [Column: 2] [Expected: wdorsey] [Actual: ddini], 
[Row: 385] [Column: 3] [Expected: William Dorsey] [Actual: Dahir Dini], 
[Row: 386] [Column: 1] [Expected: 7,307] [Actual: 7,306], 
[Row: 386] [Column: 2] [Expected: rcartwri] [Actual: wdorsey], 
[Row: 386] [Column: 3] [Expected: Robert Cartwright] [Actual: William Dorsey], 
[Row: 387] [Column: 1] [Expected: 7,171] [Actual: 7,307], 
[Row: 387] [Column: 2] [Expected: matwood] [Actual: rcartwri], 
[Row: 387] [Column: 3] [Expected: Matthew Atwood] [Actual: Robert Cartwright], 
[Row: 387] [Column: 5] [Expected: 51 Astor Place] [Actual: 10 NBS], 
[Row: 388] [Column: 1] [Expected: 7,426] [Actual: 7,171], 
[Row: 388] [Column: 2] [Expected: fparisi] [Actual: matwood], 
[Row: 388] [Column: 3] [Expected: Fabio Parisi] [Actual: Matthew Atwood], 
[Row: 388] [Column: 5] [Expected: 10 NBS] [Actual: 51 Astor Place], 
[Row: 389] [Column: 1] [Expected: 7,440] [Actual: 7,426], 
[Row: 389] [Column: 2] [Expected: nfirth] [Actual: fparisi], 
[Row: 389] [Column: 3] [Expected: Nick Firth] [Actual: Fabio Parisi], 
[Row: 390] [Column: 1] [Expected: 7,594] [Actual: 7,440], 
[Row: 390] [Column: 2] [Expected: vpaskhav] [Actual: nfirth], 
[Row: 390] [Column: 3] [Expected: Victor Paskhaver] [Actual: Nick Firth], 
[Row: 390] [Column: 5] [Expected: 51 Astor Place] [Actual: 10 NBS], 
[Row: 391] [Column: 1] [Expected: 7,423] [Actual: 7,594], 
[Row: 391] [Column: 2] [Expected: nlubchen] [Actual: vpaskhav], 
[Row: 391] [Column: 3] [Expected: Nazar Lubchenko] [Actual: Victor Paskhaver], 
[Row: 392] [Column: 1] [Expected: 7,505] [Actual: 7,423], 
[Row: 392] [Column: 2] [Expected: lsewell] [Actual: nlubchen], 
[Row: 392] [Column: 3] [Expected: Luke Sewell] [Actual: Nazar Lubchenko], 
[Row: 392] [Column: 5] [Expected: 10 NBS] [Actual: 51 Astor Place], 
[Row: 393] [Column: 1] [Expected: 7,639] [Actual: 7,505], 
[Row: 393] [Column: 2] [Expected: tbjorkmo] [Actual: lsewell], 
[Row: 393] [Column: 3] [Expected: Theo Bjorkmo] [Actual: Luke Sewell], 
[Row: 394] [Column: 1] [Expected: 7,693] [Actual: 7,639], 
[Row: 394] [Column: 2] [Expected: jng] [Actual: tbjorkmo], 
[Row: 394] [Column: 3] [Expected: Junwei Ng] [Actual: Theo Bjorkmo], 
[Row: 394] [Column: 5] [Expected: Singapore] [Actual: 10 NBS], 
[Row: 395] [Column: 1] [Expected: 7,745] [Actual: 7,693], 
[Row: 395] [Column: 2] [Expected: jtereshc] [Actual: jng], 
[Row: 395] [Column: 3] [Expected: Julie Tereshchenko] [Actual: Junwei Ng], 
[Row: 395] [Column: 5] [Expected: 51 Astor Place] [Actual: Singapore], 
[Row: 396] [Column: 1] [Expected: 7,536] [Actual: 7,745], 
[Row: 396] [Column: 2] [Expected: awestbro] [Actual: jtereshc], 
[Row: 396] [Column: 3] [Expected: Andrew Westbrook] [Actual: Julie Tereshchenko], 
[Row: 396] [Column: 4] [Expected: Front Office Technology] [Actual: Systems Trading], 
[Row: 397] [Column: 1] [Expected: 7,708] [Actual: 7,536], 
[Row: 397] [Column: 2] [Expected: elim] [Actual: awestbro], 
[Row: 397] [Column: 3] [Expected: Edward Lim] [Actual: Andrew Westbrook], 
[Row: 397] [Column: 4] [Expected: Systems Trading] [Actual: Front Office Technology], 
[Row: 397] [Column: 5] [Expected: 10 NBS] [Actual: 51 Astor Place], 
[Row: 398] [Column: 1] [Expected: 7,692] [Actual: 7,708], 
[Row: 398] [Column: 2] [Expected: oharrima] [Actual: elim], 
[Row: 398] [Column: 3] [Expected: Oliver Harriman] [Actual: Edward Lim], 
[Row: 399] [Column: 1] [Expected: 7,726] [Actual: 7,692], 
[Row: 399] [Column: 2] [Expected: ishpak] [Actual: oharrima], 
[Row: 399] [Column: 3] [Expected: Iuliia Shpak] [Actual: Oliver Harriman], 
[Row: 400] [Column: 1] [Expected: 7,838] [Actual: 7,726], 
[Row: 400] [Column: 2] [Expected: nheuer] [Actual: ishpak], 
[Row: 400] [Column: 3] [Expected: Nicolaus Heuer] [Actual: Iuliia Shpak], 
[Row: 401] [Column: 1] [Expected: 7,834] [Actual: 7,838], 
[Row: 401] [Column: 2] [Expected: vstazhyn] [Actual: nheuer], 
[Row: 401] [Column: 3] [Expected: Vlad Stazhynski] [Actual: Nicolaus Heuer], 
[Row: 402] [Column: 1] [Expected: 1,188] [Actual: 7,834], 
[Row: 402] [Column: 2] [Expected: mglennan] [Actual: vstazhyn], 
[Row: 402] [Column: 3] [Expected: Mike Glennan] [Actual: Vlad Stazhynski], 
[Row: 402] [Column: 5] [Expected: 200 Elm] [Actual: 10 NBS], 
[Row: 402] [Column: 6] [Expected: isttveqeuasd1] [Actual: isttveqasasd1], 
[Row: 403] [Column: 1] [Expected: 3] [Actual: 1,188], 
[Row: 403] [Column: 2] [Expected: stevee] [Actual: mglennan], 
[Row: 403] [Column: 3] [Expected: Steve Evans] [Actual: Mike Glennan], 
[Row: 404] [Column: 1] [Expected: 5,848] [Actual: 3], 
[Row: 404] [Column: 2] [Expected: owatson] [Actual: stevee], 
[Row: 404] [Column: 3] [Expected: Ollie Watson] [Actual: Steve Evans], 
[Row: 404] [Column: 5] [Expected: 10 NBS] [Actual: 200 Elm], 
[Row: 405] [Column: 1] [Expected: 5,867] [Actual: 5,848], 
[Row: 405] [Column: 2] [Expected: dgenkin] [Actual: owatson], 
[Row: 405] [Column: 3] [Expected: Dmitriy Genkin] [Actual: Ollie Watson], 
[Row: 405] [Column: 5] [Expected: 51 Astor Place] [Actual: 10 NBS], 
[Row: 406] [Column: 1] [Expected: 5,864] [Actual: 5,867], 
[Row: 406] [Column: 2] [Expected: cvoekler] [Actual: dgenkin], 
[Row: 406] [Column: 3] [Expected: Christopher Voekler] [Actual: Dmitriy Genkin], 
[Row: 407] [Column: 1] [Expected: 5,773] [Actual: 5,864], 
[Row: 407] [Column: 2] [Expected: slevin] [Actual: cvoekler], 
[Row: 407] [Column: 3] [Expected: Sergey Levin] [Actual: Christopher Voekler], 
[Row: 408] [Column: 1] [Expected: 5,897] [Actual: 5,773], 
[Row: 408] [Column: 2] [Expected: aodinaye] [Actual: slevin], 
[Row: 408] [Column: 3] [Expected: Alex Odinayev] [Actual: Sergey Levin], 
[Row: 409] [Column: 1] [Expected: 5,992] [Actual: 5,897], 
[Row: 409] [Column: 2] [Expected: wchapman] [Actual: aodinaye], 
[Row: 409] [Column: 3] [Expected: William Chapman] [Actual: Alex Odinayev], 
[Row: 409] [Column: 5] [Expected: 10 NBS] [Actual: 51 Astor Place], 
[Row: 410] [Column: 1] [Expected: 6,193] [Actual: 5,992], 
[Row: 410] [Column: 2] [Expected: vzhukov] [Actual: wchapman], 
[Row: 410] [Column: 3] [Expected: Slava Zhukov] [Actual: William Chapman], 
[Row: 410] [Column: 5] [Expected: 51 Astor Place] [Actual: 10 NBS], 
[Row: 411] [Column: 1] [Expected: 6,878] [Actual: 6,193], 
[Row: 411] [Column: 2] [Expected: byuan] [Actual: vzhukov], 
[Row: 411] [Column: 3] [Expected: Bo Yuan] [Actual: Slava Zhukov], 
[Row: 412] [Column: 1] [Expected: 6,973] [Actual: 6,878], 
[Row: 412] [Column: 2] [Expected: crolvung] [Actual: byuan], 
[Row: 412] [Column: 3] [Expected: Christian Rolvung] [Actual: Bo Yuan], 
[Row: 412] [Column: 5] [Expected: Sydney] [Actual: 51 Astor Place], 
[Row: 413] [Column: 1] [Expected: 6,954] [Actual: 6,973], 
[Row: 413] [Column: 2] [Expected: kjohnsto] [Actual: crolvung], 
[Row: 413] [Column: 3] [Expected: Kyle Johnston] [Actual: Christian Rolvung], 
[Row: 413] [Column: 5] [Expected: 51 Astor Place] [Actual: Sydney], 
[Row: 414] [Column: 1] [Expected: 7,095] [Actual: 6,954], 
[Row: 414] [Column: 2] [Expected: asamuel] [Actual: kjohnsto], 
[Row: 414] [Column: 3] [Expected: Alex Samuel] [Actual: Kyle Johnston], 
[Row: 415] [Column: 1] [Expected: 7,252] [Actual: 7,095], 
[Row: 415] [Column: 2] [Expected: ddini] [Actual: asamuel], 
[Row: 415] [Column: 3] [Expected: Dahir Dini] [Actual: Alex Samuel], 
[Row: 415] [Column: 5] [Expected: 10 NBS] [Actual: 51 Astor Place], 
[Row: 416] [Column: 1] [Expected: 7,306] [Actual: 7,252], 
[Row: 416] [Column: 2] [Expected: wdorsey] [Actual: ddini], 
[Row: 416] [Column: 3] [Expected: William Dorsey] [Actual: Dahir Dini], 
[Row: 417] [Column: 1] [Expected: 7,307] [Actual: 7,306], 
[Row: 417] [Column: 2] [Expected: rcartwri] [Actual: wdorsey], 
[Row: 417] [Column: 3] [Expected: Robert Cartwright] [Actual: William Dorsey], 
[Row: 418] [Column: 1] [Expected: 7,171] [Actual: 7,307], 
[Row: 418] [Column: 2] [Expected: matwood] [Actual: rcartwri], 
[Row: 418] [Column: 3] [Expected: Matthew Atwood] [Actual: Robert Cartwright], 
[Row: 418] [Column: 5] [Expected: 51 Astor Place] [Actual: 10 NBS], 
[Row: 419] [Column: 1] [Expected: 7,426] [Actual: 7,171], 
[Row: 419] [Column: 2] [Expected: fparisi] [Actual: matwood], 
[Row: 419] [Column: 3] [Expected: Fabio Parisi] [Actual: Matthew Atwood], 
[Row: 419] [Column: 5] [Expected: 10 NBS] [Actual: 51 Astor Place], 
[Row: 420] [Column: 1] [Expected: 7,440] [Actual: 7,426], 
[Row: 420] [Column: 2] [Expected: nfirth] [Actual: fparisi], 
[Row: 420] [Column: 3] [Expected: Nick Firth] [Actual: Fabio Parisi], 
[Row: 421] [Column: 1] [Expected: 7,594] [Actual: 7,440], 
[Row: 421] [Column: 2] [Expected: vpaskhav] [Actual: nfirth], 
[Row: 421] [Column: 3] [Expected: Victor Paskhaver] [Actual: Nick Firth], 
[Row: 421] [Column: 5] [Expected: 51 Astor Place] [Actual: 10 NBS], 
[Row: 422] [Column: 1] [Expected: 7,423] [Actual: 7,594], 
[Row: 422] [Column: 2] [Expected: nlubchen] [Actual: vpaskhav], 
[Row: 422] [Column: 3] [Expected: Nazar Lubchenko] [Actual: Victor Paskhaver], 
[Row: 423] [Column: 1] [Expected: 7,505] [Actual: 7,423], 
[Row: 423] [Column: 2] [Expected: lsewell] [Actual: nlubchen], 
[Row: 423] [Column: 3] [Expected: Luke Sewell] [Actual: Nazar Lubchenko], 
[Row: 423] [Column: 5] [Expected: 10 NBS] [Actual: 51 Astor Place], 
[Row: 424] [Column: 1] [Expected: 7,639] [Actual: 7,505], 
[Row: 424] [Column: 2] [Expected: tbjorkmo] [Actual: lsewell], 
[Row: 424] [Column: 3] [Expected: Theo Bjorkmo] [Actual: Luke Sewell], 
[Row: 425] [Column: 1] [Expected: 7,693] [Actual: 7,639], 
[Row: 425] [Column: 2] [Expected: jng] [Actual: tbjorkmo], 
[Row: 425] [Column: 3] [Expected: Junwei Ng] [Actual: Theo Bjorkmo], 
[Row: 425] [Column: 5] [Expected: Singapore] [Actual: 10 NBS], 
[Row: 426] [Column: 1] [Expected: 7,745] [Actual: 7,693], 
[Row: 426] [Column: 2] [Expected: jtereshc] [Actual: jng], 
[Row: 426] [Column: 3] [Expected: Julie Tereshchenko] [Actual: Junwei Ng], 
[Row: 426] [Column: 5] [Expected: 51 Astor Place] [Actual: Singapore], 
[Row: 427] [Column: 1] [Expected: 7,536] [Actual: 7,745], 
[Row: 427] [Column: 2] [Expected: awestbro] [Actual: jtereshc], 
[Row: 427] [Column: 3] [Expected: Andrew Westbrook] [Actual: Julie Tereshchenko], 
[Row: 427] [Column: 4] [Expected: Front Office Technology] [Actual: Systems Trading], 
[Row: 428] [Column: 1] [Expected: 7,708] [Actual: 7,536], 
[Row: 428] [Column: 2] [Expected: elim] [Actual: awestbro], 
[Row: 428] [Column: 3] [Expected: Edward Lim] [Actual: Andrew Westbrook], 
[Row: 428] [Column: 4] [Expected: Systems Trading] [Actual: Front Office Technology], 
[Row: 428] [Column: 5] [Expected: 10 NBS] [Actual: 51 Astor Place], 
[Row: 429] [Column: 1] [Expected: 7,692] [Actual: 7,708], 
[Row: 429] [Column: 2] [Expected: oharrima] [Actual: elim], 
[Row: 429] [Column: 3] [Expected: Oliver Harriman] [Actual: Edward Lim], 
[Row: 430] [Column: 1] [Expected: 7,726] [Actual: 7,692], 
[Row: 430] [Column: 2] [Expected: ishpak] [Actual: oharrima], 
[Row: 430] [Column: 3] [Expected: Iuliia Shpak] [Actual: Oliver Harriman], 
[Row: 431] [Column: 1] [Expected: 7,838] [Actual: 7,726], 
[Row: 431] [Column: 2] [Expected: nheuer] [Actual: ishpak], 
[Row: 431] [Column: 3] [Expected: Nicolaus Heuer] [Actual: Iuliia Shpak], 
[Row: 432] [Column: 1] [Expected: 7,834] [Actual: 7,838], 
[Row: 432] [Column: 2] [Expected: vstazhyn] [Actual: nheuer], 
[Row: 432] [Column: 3] [Expected: Vlad Stazhynski] [Actual: Nicolaus Heuer], 
[Row: 433] [Column: 1] [Expected: 1,188] [Actual: 7,834], 
[Row: 433] [Column: 2] [Expected: mglennan] [Actual: vstazhyn], 
[Row: 433] [Column: 3] [Expected: Mike Glennan] [Actual: Vlad Stazhynski], 
[Row: 433] [Column: 5] [Expected: 200 Elm] [Actual: 10 NBS], 
[Row: 433] [Column: 6] [Expected: isttvequsasd1] [Actual: isttveqeuasd1], 
[Row: 434] [Column: 1] [Expected: 3] [Actual: 1,188], 
[Row: 434] [Column: 2] [Expected: stevee] [Actual: mglennan], 
[Row: 434] [Column: 3] [Expected: Steve Evans] [Actual: Mike Glennan], 
[Row: 435] [Column: 1] [Expected: 5,848] [Actual: 3], 
[Row: 435] [Column: 2] [Expected: owatson] [Actual: stevee], 
[Row: 435] [Column: 3] [Expected: Ollie Watson] [Actual: Steve Evans], 
[Row: 435] [Column: 5] [Expected: 10 NBS] [Actual: 200 Elm], 
[Row: 436] [Column: 1] [Expected: 5,867] [Actual: 5,848], 
[Row: 436] [Column: 2] [Expected: dgenkin] [Actual: owatson], 
[Row: 436] [Column: 3] [Expected: Dmitriy Genkin] [Actual: Ollie Watson], 
[Row: 436] [Column: 5] [Expected: 51 Astor Place] [Actual: 10 NBS], 
[Row: 437] [Column: 1] [Expected: 5,864] [Actual: 5,867], 
[Row: 437] [Column: 2] [Expected: cvoekler] [Actual: dgenkin], 
[Row: 437] [Column: 3] [Expected: Christopher Voekler] [Actual: Dmitriy Genkin], 
[Row: 438] [Column: 1] [Expected: 5,773] [Actual: 5,864], 
[Row: 438] [Column: 2] [Expected: slevin] [Actual: cvoekler], 
[Row: 438] [Column: 3] [Expected: Sergey Levin] [Actual: Christopher Voekler], 
[Row: 439] [Column: 1] [Expected: 5,897] [Actual: 5,773], 
[Row: 439] [Column: 2] [Expected: aodinaye] [Actual: slevin], 
[Row: 439] [Column: 3] [Expected: Alex Odinayev] [Actual: Sergey Levin], 
[Row: 440] [Column: 1] [Expected: 5,992] [Actual: 5,897], 
[Row: 440] [Column: 2] [Expected: wchapman] [Actual: aodinaye], 
[Row: 440] [Column: 3] [Expected: William Chapman] [Actual: Alex Odinayev], 
[Row: 440] [Column: 5] [Expected: 10 NBS] [Actual: 51 Astor Place], 
[Row: 441] [Column: 1] [Expected: 6,193] [Actual: 5,992], 
[Row: 441] [Column: 2] [Expected: vzhukov] [Actual: wchapman], 
[Row: 441] [Column: 3] [Expected: Slava Zhukov] [Actual: William Chapman], 
[Row: 441] [Column: 5] [Expected: 51 Astor Place] [Actual: 10 NBS], 
[Row: 442] [Column: 1] [Expected: 6,878] [Actual: 6,193], 
[Row: 442] [Column: 2] [Expected: byuan] [Actual: vzhukov], 
[Row: 442] [Column: 3] [Expected: Bo Yuan] [Actual: Slava Zhukov], 
[Row: 443] [Column: 1] [Expected: 6,973] [Actual: 6,878], 
[Row: 443] [Column: 2] [Expected: crolvung] [Actual: byuan], 
[Row: 443] [Column: 3] [Expected: Christian Rolvung] [Actual: Bo Yuan], 
[Row: 443] [Column: 5] [Expected: Sydney] [Actual: 51 Astor Place], 
[Row: 444] [Column: 1] [Expected: 6,954] [Actual: 6,973], 
[Row: 444] [Column: 2] [Expected: kjohnsto] [Actual: crolvung], 
[Row: 444] [Column: 3] [Expected: Kyle Johnston] [Actual: Christian Rolvung], 
[Row: 444] [Column: 5] [Expected: 51 Astor Place] [Actual: Sydney], 
[Row: 445] [Column: 1] [Expected: 7,095] [Actual: 6,954], 
[Row: 445] [Column: 2] [Expected: asamuel] [Actual: kjohnsto], 
[Row: 445] [Column: 3] [Expected: Alex Samuel] [Actual: Kyle Johnston], 
[Row: 446] [Column: 1] [Expected: 7,252] [Actual: 7,095], 
[Row: 446] [Column: 2] [Expected: ddini] [Actual: asamuel], 
[Row: 446] [Column: 3] [Expected: Dahir Dini] [Actual: Alex Samuel], 
[Row: 446] [Column: 5] [Expected: 10 NBS] [Actual: 51 Astor Place], 
[Row: 447] [Column: 1] [Expected: 7,306] [Actual: 7,252], 
[Row: 447] [Column: 2] [Expected: wdorsey] [Actual: ddini], 
[Row: 447] [Column: 3] [Expected: William Dorsey] [Actual: Dahir Dini], 
[Row: 448] [Column: 1] [Expected: 7,307] [Actual: 7,306], 
[Row: 448] [Column: 2] [Expected: rcartwri] [Actual: wdorsey], 
[Row: 448] [Column: 3] [Expected: Robert Cartwright] [Actual: William Dorsey], 
[Row: 449] [Column: 1] [Expected: 7,171] [Actual: 7,307], 
[Row: 449] [Column: 2] [Expected: matwood] [Actual: rcartwri], 
[Row: 449] [Column: 3] [Expected: Matthew Atwood] [Actual: Robert Cartwright], 
[Row: 449] [Column: 5] [Expected: 51 Astor Place] [Actual: 10 NBS], 
[Row: 450] [Column: 1] [Expected: 7,426] [Actual: 7,171], 
[Row: 450] [Column: 2] [Expected: fparisi] [Actual: matwood], 
[Row: 450] [Column: 3] [Expected: Fabio Parisi] [Actual: Matthew Atwood], 
[Row: 450] [Column: 5] [Expected: 10 NBS] [Actual: 51 Astor Place], 
[Row: 451] [Column: 1] [Expected: 7,440] [Actual: 7,426], 
[Row: 451] [Column: 2] [Expected: nfirth] [Actual: fparisi], 
[Row: 451] [Column: 3] [Expected: Nick Firth] [Actual: Fabio Parisi], 
[Row: 452] [Column: 1] [Expected: 7,594] [Actual: 7,440], 
[Row: 452] [Column: 2] [Expected: vpaskhav] [Actual: nfirth], 
[Row: 452] [Column: 3] [Expected: Victor Paskhaver] [Actual: Nick Firth], 
[Row: 452] [Column: 5] [Expected: 51 Astor Place] [Actual: 10 NBS], 
[Row: 453] [Column: 1] [Expected: 7,423] [Actual: 7,594], 
[Row: 453] [Column: 2] [Expected: nlubchen] [Actual: vpaskhav], 
[Row: 453] [Column: 3] [Expected: Nazar Lubchenko] [Actual: Victor Paskhaver], 
[Row: 454] [Column: 1] [Expected: 7,505] [Actual: 7,423], 
[Row: 454] [Column: 2] [Expected: lsewell] [Actual: nlubchen], 
[Row: 454] [Column: 3] [Expected: Luke Sewell] [Actual: Nazar Lubchenko], 
[Row: 454] [Column: 5] [Expected: 10 NBS] [Actual: 51 Astor Place], 
[Row: 455] [Column: 1] [Expected: 7,639] [Actual: 7,505], 
[Row: 455] [Column: 2] [Expected: tbjorkmo] [Actual: lsewell], 
[Row: 455] [Column: 3] [Expected: Theo Bjorkmo] [Actual: Luke Sewell], 
[Row: 456] [Column: 1] [Expected: 7,693] [Actual: 7,639], 
[Row: 456] [Column: 2] [Expected: jng] [Actual: tbjorkmo], 
[Row: 456] [Column: 3] [Expected: Junwei Ng] [Actual: Theo Bjorkmo], 
[Row: 456] [Column: 5] [Expected: Singapore] [Actual: 10 NBS], 
[Row: 457] [Column: 1] [Expected: 7,745] [Actual: 7,693], 
[Row: 457] [Column: 2] [Expected: jtereshc] [Actual: jng], 
[Row: 457] [Column: 3] [Expected: Julie Tereshchenko] [Actual: Junwei Ng], 
[Row: 457] [Column: 5] [Expected: 51 Astor Place] [Actual: Singapore], 
[Row: 458] [Column: 1] [Expected: 7,536] [Actual: 7,745], 
[Row: 458] [Column: 2] [Expected: awestbro] [Actual: jtereshc], 
[Row: 458] [Column: 3] [Expected: Andrew Westbrook] [Actual: Julie Tereshchenko], 
[Row: 458] [Column: 4] [Expected: Front Office Technology] [Actual: Systems Trading], 
[Row: 459] [Column: 1] [Expected: 7,784] [Actual: 7,536], 
[Row: 459] [Column: 2] [Expected: ldeleo] [Actual: awestbro], 
[Row: 459] [Column: 3] [Expected: Lorenzo De Leo] [Actual: Andrew Westbrook], 
[Row: 459] [Column: 4] [Expected: Systems Trading] [Actual: Front Office Technology], 
[Row: 459] [Column: 5] [Expected: France] [Actual: 51 Astor Place], 
[Row: 460] [Column: 1] [Expected: 7,708] [Actual: 7,784], 
[Row: 460] [Column: 2] [Expected: elim] [Actual: ldeleo], 
[Row: 460] [Column: 3] [Expected: Edward Lim] [Actual: Lorenzo De Leo], 
[Row: 460] [Column: 5] [Expected: 10 NBS] [Actual: France], 
[Row: 461] [Column: 1] [Expected: 7,692] [Actual: 7,708], 
[Row: 461] [Column: 2] [Expected: oharrima] [Actual: elim], 
[Row: 461] [Column: 3] [Expected: Oliver Harriman] [Actual: Edward Lim], 
[Row: 462] [Column: 1] [Expected: 7,726] [Actual: 7,692], 
[Row: 462] [Column: 2] [Expected: ishpak] [Actual: oharrima], 
[Row: 462] [Column: 3] [Expected: Iuliia Shpak] [Actual: Oliver Harriman], 
[Row: 463] [Column: 1] [Expected: 7,838] [Actual: 7,726], 
[Row: 463] [Column: 2] [Expected: nheuer] [Actual: ishpak], 
[Row: 463] [Column: 3] [Expected: Nicolaus Heuer] [Actual: Iuliia Shpak], 
[Row: 464] [Column: 1] [Expected: 7,834] [Actual: 7,838], 
[Row: 464] [Column: 2] [Expected: vstazhyn] [Actual: nheuer], 
[Row: 464] [Column: 3] [Expected: Vlad Stazhynski] [Actual: Nicolaus Heuer], 
[Row: 465] [Column: 1] [Expected: 1,188] [Actual: 7,834], 
[Row: 465] [Column: 2] [Expected: mglennan] [Actual: vstazhyn], 
[Row: 465] [Column: 3] [Expected: Mike Glennan] [Actual: Vlad Stazhynski], 
[Row: 465] [Column: 5] [Expected: 200 Elm] [Actual: 10 NBS], 
[Row: 465] [Column: 6] [Expected: isttvequstw1] [Actual: isttvequsasd1], 
[Row: 466] [Column: 1] [Expected: 3] [Actual: 1,188], 
[Row: 466] [Column: 2] [Expected: stevee] [Actual: mglennan], 
[Row: 466] [Column: 3] [Expected: Steve Evans] [Actual: Mike Glennan], 
[Row: 467] [Column: 1] [Expected: 5,545] [Actual: 3], 
[Row: 467] [Column: 2] [Expected: twynter] [Actual: stevee], 
[Row: 467] [Column: 3] [Expected: Tom Wynter] [Actual: Steve Evans], 
[Row: 468] [Column: 1] [Expected: 6,924] [Actual: 5,545], 
[Row: 468] [Column: 2] [Expected: fye] [Actual: twynter], 
[Row: 468] [Column: 3] [Expected: Fei Ye] [Actual: Tom Wynter], 
[Row: 469] [Column: 1] [Expected: 6,894] [Actual: 6,924], 
[Row: 469] [Column: 2] [Expected: rtoghrae] [Actual: fye], 
[Row: 469] [Column: 3] [Expected: Reza Toghraee] [Actual: Fei Ye], 
[Row: 470] [Column: 1] [Expected: 7,830] [Actual: 6,894], 
[Row: 470] [Column: 2] [Expected: jcasbon] [Actual: rtoghrae], 
[Row: 470] [Column: 3] [Expected: James Casbon] [Actual: Reza Toghraee], 
[Row: 470] [Column: 5] [Expected: 10 NBS] [Actual: 200 Elm], 
[Row: 471] [Column: 1] [Expected: 1,188] [Actual: 7,830], 
[Row: 471] [Column: 2] [Expected: mglennan] [Actual: jcasbon], 
[Row: 471] [Column: 3] [Expected: Mike Glennan] [Actual: James Casbon], 
[Row: 471] [Column: 5] [Expected: 200 Elm] [Actual: 10 NBS], 
[Row: 471] [Column: 6] [Expected: isttvfxasd1] [Actual: isttvequstw1], 
[Row: 472] [Column: 1] [Expected: 3] [Actual: 1,188], 
[Row: 472] [Column: 2] [Expected: stevee] [Actual: mglennan], 
[Row: 472] [Column: 3] [Expected: Steve Evans] [Actual: Mike Glennan], 
[Row: 473] [Column: 1] [Expected: 5,848] [Actual: 3], 
[Row: 473] [Column: 2] [Expected: owatson] [Actual: stevee], 
[Row: 473] [Column: 3] [Expected: Ollie Watson] [Actual: Steve Evans], 
[Row: 473] [Column: 5] [Expected: 10 NBS] [Actual: 200 Elm], 
[Row: 474] [Column: 1] [Expected: 5,867] [Actual: 5,848], 
[Row: 474] [Column: 2] [Expected: dgenkin] [Actual: owatson], 
[Row: 474] [Column: 3] [Expected: Dmitriy Genkin] [Actual: Ollie Watson], 
[Row: 474] [Column: 5] [Expected: 51 Astor Place] [Actual: 10 NBS], 
[Row: 475] [Column: 1] [Expected: 5,864] [Actual: 5,867], 
[Row: 475] [Column: 2] [Expected: cvoekler] [Actual: dgenkin], 
[Row: 475] [Column: 3] [Expected: Christopher Voekler] [Actual: Dmitriy Genkin], 
[Row: 476] [Column: 1] [Expected: 5,773] [Actual: 5,864], 
[Row: 476] [Column: 2] [Expected: slevin] [Actual: cvoekler], 
[Row: 476] [Column: 3] [Expected: Sergey Levin] [Actual: Christopher Voekler], 
[Row: 477] [Column: 1] [Expected: 5,897] [Actual: 5,773], 
[Row: 477] [Column: 2] [Expected: aodinaye] [Actual: slevin], 
[Row: 477] [Column: 3] [Expected: Alex Odinayev] [Actual: Sergey Levin], 
[Row: 478] [Column: 1] [Expected: 5,992] [Actual: 5,897], 
[Row: 478] [Column: 2] [Expected: wchapman] [Actual: aodinaye], 
[Row: 478] [Column: 3] [Expected: William Chapman] [Actual: Alex Odinayev], 
[Row: 478] [Column: 5] [Expected: 10 NBS] [Actual: 51 Astor Place], 
[Row: 479] [Column: 1] [Expected: 6,193] [Actual: 5,992], 
[Row: 479] [Column: 2] [Expected: vzhukov] [Actual: wchapman], 
[Row: 479] [Column: 3] [Expected: Slava Zhukov] [Actual: William Chapman], 
[Row: 479] [Column: 5] [Expected: 51 Astor Place] [Actual: 10 NBS], 
[Row: 480] [Column: 1] [Expected: 6,878] [Actual: 6,193], 
[Row: 480] [Column: 2] [Expected: byuan] [Actual: vzhukov], 
[Row: 480] [Column: 3] [Expected: Bo Yuan] [Actual: Slava Zhukov], 
[Row: 481] [Column: 1] [Expected: 6,973] [Actual: 6,878], 
[Row: 481] [Column: 2] [Expected: crolvung] [Actual: byuan], 
[Row: 481] [Column: 3] [Expected: Christian Rolvung] [Actual: Bo Yuan], 
[Row: 481] [Column: 5] [Expected: Sydney] [Actual: 51 Astor Place], 
[Row: 482] [Column: 1] [Expected: 6,954] [Actual: 6,973], 
[Row: 482] [Column: 2] [Expected: kjohnsto] [Actual: crolvung], 
[Row: 482] [Column: 3] [Expected: Kyle Johnston] [Actual: Christian Rolvung], 
[Row: 482] [Column: 5] [Expected: 51 Astor Place] [Actual: Sydney], 
[Row: 483] [Column: 1] [Expected: 7,095] [Actual: 6,954], 
[Row: 483] [Column: 2] [Expected: asamuel] [Actual: kjohnsto], 
[Row: 483] [Column: 3] [Expected: Alex Samuel] [Actual: Kyle Johnston], 
[Row: 484] [Column: 1] [Expected: 7,306] [Actual: 7,095], 
[Row: 484] [Column: 2] [Expected: wdorsey] [Actual: asamuel], 
[Row: 484] [Column: 3] [Expected: William Dorsey] [Actual: Alex Samuel], 
[Row: 484] [Column: 5] [Expected: 10 NBS] [Actual: 51 Astor Place], 
[Row: 485] [Column: 1] [Expected: 7,307] [Actual: 7,306], 
[Row: 485] [Column: 2] [Expected: rcartwri] [Actual: wdorsey], 
[Row: 485] [Column: 3] [Expected: Robert Cartwright] [Actual: William Dorsey], 
[Row: 486] [Column: 1] [Expected: 7,253] [Actual: 7,307], 
[Row: 486] [Column: 2] [Expected: acherner] [Actual: rcartwri], 
[Row: 486] [Column: 3] [Expected: Alex Cherner] [Actual: Robert Cartwright], 
[Row: 486] [Column: 5] [Expected: 51 Astor Place] [Actual: 10 NBS], 
[Row: 487] [Column: 1] [Expected: 7,569] [Actual: 7,253], 
[Row: 487] [Column: 2] [Expected: sstrugne] [Actual: acherner], 
[Row: 487] [Column: 3] [Expected: Sebastian Strugnell] [Actual: Alex Cherner], 
[Row: 487] [Column: 5] [Expected: 10 NBS] [Actual: 51 Astor Place], 
[Row: 488] [Column: 1] [Expected: 7,423] [Actual: 7,569], 
[Row: 488] [Column: 2] [Expected: nlubchen] [Actual: sstrugne], 
[Row: 488] [Column: 3] [Expected: Nazar Lubchenko] [Actual: Sebastian Strugnell], 
[Row: 488] [Column: 5] [Expected: 51 Astor Place] [Actual: 10 NBS], 
[Row: 489] [Column: 1] [Expected: 7,505] [Actual: 7,423], 
[Row: 489] [Column: 2] [Expected: lsewell] [Actual: nlubchen], 
[Row: 489] [Column: 3] [Expected: Luke Sewell] [Actual: Nazar Lubchenko], 
[Row: 489] [Column: 5] [Expected: 10 NBS] [Actual: 51 Astor Place], 
[Row: 490] [Column: 1] [Expected: 7,593] [Actual: 7,505], 
[Row: 490] [Column: 2] [Expected: choldswo] [Actual: lsewell], 
[Row: 490] [Column: 3] [Expected: Chris Holdsworth] [Actual: Luke Sewell], 
[Row: 491] [Column: 1] [Expected: 7,639] [Actual: 7,593], 
[Row: 491] [Column: 2] [Expected: tbjorkmo] [Actual: choldswo], 
[Row: 491] [Column: 3] [Expected: Theo Bjorkmo] [Actual: Chris Holdsworth], 
[Row: 492] [Column: 1] [Expected: 7,536] [Actual: 7,639], 
[Row: 492] [Column: 2] [Expected: awestbro] [Actual: tbjorkmo], 
[Row: 492] [Column: 3] [Expected: Andrew Westbrook] [Actual: Theo Bjorkmo], 
[Row: 492] [Column: 4] [Expected: Front Office Technology] [Actual: Systems Trading], 
[Row: 492] [Column: 5] [Expected: 51 Astor Place] [Actual: 10 NBS], 
[Row: 493] [Column: 1] [Expected: 7,708] [Actual: 7,536], 
[Row: 493] [Column: 2] [Expected: elim] [Actual: awestbro], 
[Row: 493] [Column: 3] [Expected: Edward Lim] [Actual: Andrew Westbrook], 
[Row: 493] [Column: 4] [Expected: Systems Trading] [Actual: Front Office Technology], 
[Row: 493] [Column: 5] [Expected: 10 NBS] [Actual: 51 Astor Place], 
[Row: 494] [Column: 1] [Expected: 7,809] [Actual: 7,708], 
[Row: 494] [Column: 2] [Expected: lwatts] [Actual: elim], 
[Row: 494] [Column: 3] [Expected: Laurence Watts] [Actual: Edward Lim], 
[Row: 495] [Column: 1] [Expected: 1,188] [Actual: 7,809], 
[Row: 495] [Column: 2] [Expected: mglennan] [Actual: lwatts], 
[Row: 495] [Column: 3] [Expected: Mike Glennan] [Actual: Laurence Watts], 
[Row: 495] [Column: 5] [Expected: 200 Elm] [Actual: 10 NBS], 
[Row: 495] [Column: 6] [Expected: isttvfxasd4] [Actual: isttvfxasd1], 
[Row: 496] [Column: 1] [Expected: 3] [Actual: 1,188], 
[Row: 496] [Column: 2] [Expected: stevee] [Actual: mglennan], 
[Row: 496] [Column: 3] [Expected: Steve Evans] [Actual: Mike Glennan], 
[Row: 497] [Column: 1] [Expected: 5,848] [Actual: 3], 
[Row: 497] [Column: 2] [Expected: owatson] [Actual: stevee], 
[Row: 497] [Column: 3] [Expected: Ollie Watson] [Actual: Steve Evans], 
[Row: 497] [Column: 5] [Expected: 10 NBS] [Actual: 200 Elm], 
[Row: 498] [Column: 1] [Expected: 5,867] [Actual: 5,848], 
[Row: 498] [Column: 2] [Expected: dgenkin] [Actual: owatson], 
[Row: 498] [Column: 3] [Expected: Dmitriy Genkin] [Actual: Ollie Watson], 
[Row: 498] [Column: 5] [Expected: 51 Astor Place] [Actual: 10 NBS], 
[Row: 499] [Column: 1] [Expected: 5,864] [Actual: 5,867], 
[Row: 499] [Column: 2] [Expected: cvoekler] [Actual: dgenkin], 
[Row: 499] [Column: 3] [Expected: Christopher Voekler] [Actual: Dmitriy Genkin], 
[Row: 500] [Column: 1] [Expected: 5,773] [Actual: 5,864], 
[Row: 500] [Column: 2] [Expected: slevin] [Actual: cvoekler], 
[Row: 500] [Column: 3] [Expected: Sergey Levin] [Actual: Christopher Voekler], 
[Row: 501] [Column: 1] [Expected: 5,897] [Actual: 5,773], 
[Row: 501] [Column: 2] [Expected: aodinaye] [Actual: slevin], 
[Row: 501] [Column: 3] [Expected: Alex Odinayev] [Actual: Sergey Levin], 
[Row: 502] [Column: 1] [Expected: 5,992] [Actual: 5,897], 
[Row: 502] [Column: 2] [Expected: wchapman] [Actual: aodinaye], 
[Row: 502] [Column: 3] [Expected: William Chapman] [Actual: Alex Odinayev], 
[Row: 502] [Column: 5] [Expected: 10 NBS] [Actual: 51 Astor Place], 
[Row: 503] [Column: 1] [Expected: 6,193] [Actual: 5,992], 
[Row: 503] [Column: 2] [Expected: vzhukov] [Actual: wchapman], 
[Row: 503] [Column: 3] [Expected: Slava Zhukov] [Actual: William Chapman], 
[Row: 503] [Column: 5] [Expected: 51 Astor Place] [Actual: 10 NBS], 
[Row: 504] [Column: 1] [Expected: 6,878] [Actual: 6,193], 
[Row: 504] [Column: 2] [Expected: byuan] [Actual: vzhukov], 
[Row: 504] [Column: 3] [Expected: Bo Yuan] [Actual: Slava Zhukov], 
[Row: 505] [Column: 1] [Expected: 6,973] [Actual: 6,878], 
[Row: 505] [Column: 2] [Expected: crolvung] [Actual: byuan], 
[Row: 505] [Column: 3] [Expected: Christian Rolvung] [Actual: Bo Yuan], 
[Row: 505] [Column: 5] [Expected: Sydney] [Actual: 51 Astor Place], 
[Row: 506] [Column: 1] [Expected: 6,954] [Actual: 6,973], 
[Row: 506] [Column: 2] [Expected: kjohnsto] [Actual: crolvung], 
[Row: 506] [Column: 3] [Expected: Kyle Johnston] [Actual: Christian Rolvung], 
[Row: 506] [Column: 5] [Expected: 51 Astor Place] [Actual: Sydney], 
[Row: 507] [Column: 1] [Expected: 7,095] [Actual: 6,954], 
[Row: 507] [Column: 2] [Expected: asamuel] [Actual: kjohnsto], 
[Row: 507] [Column: 3] [Expected: Alex Samuel] [Actual: Kyle Johnston], 
[Row: 508] [Column: 1] [Expected: 7,253] [Actual: 7,095], 
[Row: 508] [Column: 2] [Expected: acherner] [Actual: asamuel], 
[Row: 508] [Column: 3] [Expected: Alex Cherner] [Actual: Alex Samuel], 
[Row: 509] [Column: 1] [Expected: 7,569] [Actual: 7,253], 
[Row: 509] [Column: 2] [Expected: sstrugne] [Actual: acherner], 
[Row: 509] [Column: 3] [Expected: Sebastian Strugnell] [Actual: Alex Cherner], 
[Row: 509] [Column: 5] [Expected: 10 NBS] [Actual: 51 Astor Place], 
[Row: 510] [Column: 1] [Expected: 7,423] [Actual: 7,569], 
[Row: 510] [Column: 2] [Expected: nlubchen] [Actual: sstrugne], 
[Row: 510] [Column: 3] [Expected: Nazar Lubchenko] [Actual: Sebastian Strugnell], 
[Row: 510] [Column: 5] [Expected: 51 Astor Place] [Actual: 10 NBS], 
[Row: 511] [Column: 1] [Expected: 7,505] [Actual: 7,423], 
[Row: 511] [Column: 2] [Expected: lsewell] [Actual: nlubchen], 
[Row: 511] [Column: 3] [Expected: Luke Sewell] [Actual: Nazar Lubchenko], 
[Row: 511] [Column: 5] [Expected: 10 NBS] [Actual: 51 Astor Place], 
[Row: 512] [Column: 1] [Expected: 7,639] [Actual: 7,505], 
[Row: 512] [Column: 2] [Expected: tbjorkmo] [Actual: lsewell], 
[Row: 512] [Column: 3] [Expected: Theo Bjorkmo] [Actual: Luke Sewell], 
[Row: 513] [Column: 1] [Expected: 7,536] [Actual: 7,639], 
[Row: 513] [Column: 2] [Expected: awestbro] [Actual: tbjorkmo], 
[Row: 513] [Column: 3] [Expected: Andrew Westbrook] [Actual: Theo Bjorkmo], 
[Row: 513] [Column: 4] [Expected: Front Office Technology] [Actual: Systems Trading], 
[Row: 513] [Column: 5] [Expected: 51 Astor Place] [Actual: 10 NBS], 
[Row: 514] [Column: 1] [Expected: 7,708] [Actual: 7,536], 
[Row: 514] [Column: 2] [Expected: elim] [Actual: awestbro], 
[Row: 514] [Column: 3] [Expected: Edward Lim] [Actual: Andrew Westbrook], 
[Row: 514] [Column: 4] [Expected: Systems Trading] [Actual: Front Office Technology], 
[Row: 514] [Column: 5] [Expected: 10 NBS] [Actual: 51 Astor Place], 
[Row: 515] [Column: 1] [Expected: 7,809] [Actual: 7,708], 
[Row: 515] [Column: 2] [Expected: lwatts] [Actual: elim], 
[Row: 515] [Column: 3] [Expected: Laurence Watts] [Actual: Edward Lim], 
[Row: 516] [Column: 1] [Expected: 1,188] [Actual: 7,809], 
[Row: 516] [Column: 2] [Expected: mglennan] [Actual: lwatts], 
[Row: 516] [Column: 3] [Expected: Mike Glennan] [Actual: Laurence Watts], 
[Row: 516] [Column: 5] [Expected: 200 Elm] [Actual: 10 NBS], 
[Row: 516] [Column: 6] [Expected: isttvmaasd2] [Actual: isttvfxasd4], 
[Row: 517] [Column: 1] [Expected: 3] [Actual: 1,188], 
[Row: 517] [Column: 2] [Expected: stevee] [Actual: mglennan], 
[Row: 517] [Column: 3] [Expected: Steve Evans] [Actual: Mike Glennan], 
[Row: 518] [Column: 1] [Expected: 5,848] [Actual: 3], 
[Row: 518] [Column: 2] [Expected: owatson] [Actual: stevee], 
[Row: 518] [Column: 3] [Expected: Ollie Watson] [Actual: Steve Evans], 
[Row: 518] [Column: 5] [Expected: 10 NBS] [Actual: 200 Elm], 
[Row: 519] [Column: 1] [Expected: 5,867] [Actual: 5,848], 
[Row: 519] [Column: 2] [Expected: dgenkin] [Actual: owatson], 
[Row: 519] [Column: 3] [Expected: Dmitriy Genkin] [Actual: Ollie Watson], 
[Row: 519] [Column: 5] [Expected: 51 Astor Place] [Actual: 10 NBS], 
[Row: 520] [Column: 1] [Expected: 5,864] [Actual: 5,867], 
[Row: 520] [Column: 2] [Expected: cvoekler] [Actual: dgenkin], 
[Row: 520] [Column: 3] [Expected: Christopher Voekler] [Actual: Dmitriy Genkin], 
[Row: 521] [Column: 1] [Expected: 5,773] [Actual: 5,864], 
[Row: 521] [Column: 2] [Expected: slevin] [Actual: cvoekler], 
[Row: 521] [Column: 3] [Expected: Sergey Levin] [Actual: Christopher Voekler], 
[Row: 522] [Column: 1] [Expected: 5,897] [Actual: 5,773], 
[Row: 522] [Column: 2] [Expected: aodinaye] [Actual: slevin], 
[Row: 522] [Column: 3] [Expected: Alex Odinayev] [Actual: Sergey Levin], 
[Row: 523] [Column: 1] [Expected: 5,992] [Actual: 5,897], 
[Row: 523] [Column: 2] [Expected: wchapman] [Actual: aodinaye], 
[Row: 523] [Column: 3] [Expected: William Chapman] [Actual: Alex Odinayev], 
[Row: 523] [Column: 5] [Expected: 10 NBS] [Actual: 51 Astor Place], 
[Row: 524] [Column: 1] [Expected: 6,193] [Actual: 5,992], 
[Row: 524] [Column: 2] [Expected: vzhukov] [Actual: wchapman], 
[Row: 524] [Column: 3] [Expected: Slava Zhukov] [Actual: William Chapman], 
[Row: 524] [Column: 5] [Expected: 51 Astor Place] [Actual: 10 NBS], 
[Row: 525] [Column: 1] [Expected: 6,878] [Actual: 6,193], 
[Row: 525] [Column: 2] [Expected: byuan] [Actual: vzhukov], 
[Row: 525] [Column: 3] [Expected: Bo Yuan] [Actual: Slava Zhukov], 
[Row: 526] [Column: 1] [Expected: 6,973] [Actual: 6,878], 
[Row: 526] [Column: 2] [Expected: crolvung] [Actual: byuan], 
[Row: 526] [Column: 3] [Expected: Christian Rolvung] [Actual: Bo Yuan], 
[Row: 526] [Column: 5] [Expected: Sydney] [Actual: 51 Astor Place], 
[Row: 527] [Column: 1] [Expected: 7,095] [Actual: 6,973], 
[Row: 527] [Column: 2] [Expected: asamuel] [Actual: crolvung], 
[Row: 527] [Column: 3] [Expected: Alex Samuel] [Actual: Christian Rolvung], 
[Row: 527] [Column: 5] [Expected: 51 Astor Place] [Actual: Sydney], 
[Row: 528] [Column: 1] [Expected: 7,306] [Actual: 7,095], 
[Row: 528] [Column: 2] [Expected: wdorsey] [Actual: asamuel], 
[Row: 528] [Column: 3] [Expected: William Dorsey] [Actual: Alex Samuel], 
[Row: 528] [Column: 5] [Expected: 10 NBS] [Actual: 51 Astor Place], 
[Row: 529] [Column: 1] [Expected: 7,307] [Actual: 7,306], 
[Row: 529] [Column: 2] [Expected: rcartwri] [Actual: wdorsey], 
[Row: 529] [Column: 3] [Expected: Robert Cartwright] [Actual: William Dorsey], 
[Row: 530] [Column: 1] [Expected: 7,253] [Actual: 7,307], 
[Row: 530] [Column: 2] [Expected: acherner] [Actual: rcartwri], 
[Row: 530] [Column: 3] [Expected: Alex Cherner] [Actual: Robert Cartwright], 
[Row: 530] [Column: 5] [Expected: 51 Astor Place] [Actual: 10 NBS], 
[Row: 531] [Column: 1] [Expected: 7,440] [Actual: 7,253], 
[Row: 531] [Column: 2] [Expected: nfirth] [Actual: acherner], 
[Row: 531] [Column: 3] [Expected: Nick Firth] [Actual: Alex Cherner], 
[Row: 531] [Column: 5] [Expected: 10 NBS] [Actual: 51 Astor Place], 
[Row: 532] [Column: 1] [Expected: 7,423] [Actual: 7,440], 
[Row: 532] [Column: 2] [Expected: nlubchen] [Actual: nfirth], 
[Row: 532] [Column: 3] [Expected: Nazar Lubchenko] [Actual: Nick Firth], 
[Row: 532] [Column: 5] [Expected: 51 Astor Place] [Actual: 10 NBS], 
[Row: 533] [Column: 1] [Expected: 7,505] [Actual: 7,423], 
[Row: 533] [Column: 2] [Expected: lsewell] [Actual: nlubchen], 
[Row: 533] [Column: 3] [Expected: Luke Sewell] [Actual: Nazar Lubchenko], 
[Row: 533] [Column: 5] [Expected: 10 NBS] [Actual: 51 Astor Place], 
[Row: 534] [Column: 1] [Expected: 7,639] [Actual: 7,505], 
[Row: 534] [Column: 2] [Expected: tbjorkmo] [Actual: lsewell], 
[Row: 534] [Column: 3] [Expected: Theo Bjorkmo] [Actual: Luke Sewell], 
[Row: 535] [Column: 1] [Expected: 7,536] [Actual: 7,639], 
[Row: 535] [Column: 2] [Expected: awestbro] [Actual: tbjorkmo], 
[Row: 535] [Column: 3] [Expected: Andrew Westbrook] [Actual: Theo Bjorkmo], 
[Row: 535] [Column: 4] [Expected: Front Office Technology] [Actual: Systems Trading], 
[Row: 535] [Column: 5] [Expected: 51 Astor Place] [Actual: 10 NBS], 
[Row: 536] [Column: 1] [Expected: 7,708] [Actual: 7,536], 
[Row: 536] [Column: 2] [Expected: elim] [Actual: awestbro], 
[Row: 536] [Column: 3] [Expected: Edward Lim] [Actual: Andrew Westbrook], 
[Row: 536] [Column: 4] [Expected: Systems Trading] [Actual: Front Office Technology], 
[Row: 536] [Column: 5] [Expected: 10 NBS] [Actual: 51 Astor Place], 
[Row: 537] [Column: 1] [Expected: 7,809] [Actual: 7,708], 
[Row: 537] [Column: 2] [Expected: lwatts] [Actual: elim], 
[Row: 537] [Column: 3] [Expected: Laurence Watts] [Actual: Edward Lim], 
[Row: 538] [Column: 1] [Expected: 7,801] [Actual: 7,809], 
[Row: 538] [Column: 2] [Expected: vrigori] [Actual: lwatts], 
[Row: 538] [Column: 3] [Expected: Valentin Rigori] [Actual: Laurence Watts], 
[Row: 539] [Column: 1] [Expected: 7,834] [Actual: 7,801], 
[Row: 539] [Column: 2] [Expected: vstazhyn] [Actual: vrigori], 
[Row: 539] [Column: 3] [Expected: Vlad Stazhynski] [Actual: Valentin Rigori], 
[Row: 540] [Column: 1] [Expected: 1,188] [Actual: 7,834], 
[Row: 540] [Column: 2] [Expected: mglennan] [Actual: vstazhyn], 
[Row: 540] [Column: 3] [Expected: Mike Glennan] [Actual: Vlad Stazhynski], 
[Row: 540] [Column: 5] [Expected: 200 Elm] [Actual: 10 NBS], 
[Row: 540] [Column: 6] [Expected: isttvmaasd4] [Actual: isttvmaasd2], 
[Row: 541] [Column: 1] [Expected: 3] [Actual: 1,188], 
[Row: 541] [Column: 2] [Expected: stevee] [Actual: mglennan], 
[Row: 541] [Column: 3] [Expected: Steve Evans] [Actual: Mike Glennan], 
[Row: 542] [Column: 1] [Expected: 5,848] [Actual: 3], 
[Row: 542] [Column: 2] [Expected: owatson] [Actual: stevee], 
[Row: 542] [Column: 3] [Expected: Ollie Watson] [Actual: Steve Evans], 
[Row: 542] [Column: 5] [Expected: 10 NBS] [Actual: 200 Elm], 
[Row: 543] [Column: 1] [Expected: 5,867] [Actual: 5,848], 
[Row: 543] [Column: 2] [Expected: dgenkin] [Actual: owatson], 
[Row: 543] [Column: 3] [Expected: Dmitriy Genkin] [Actual: Ollie Watson], 
[Row: 543] [Column: 5] [Expected: 51 Astor Place] [Actual: 10 NBS], 
[Row: 544] [Column: 1] [Expected: 5,864] [Actual: 5,867], 
[Row: 544] [Column: 2] [Expected: cvoekler] [Actual: dgenkin], 
[Row: 544] [Column: 3] [Expected: Christopher Voekler] [Actual: Dmitriy Genkin], 
[Row: 545] [Column: 1] [Expected: 5,773] [Actual: 5,864], 
[Row: 545] [Column: 2] [Expected: slevin] [Actual: cvoekler], 
[Row: 545] [Column: 3] [Expected: Sergey Levin] [Actual: Christopher Voekler], 
[Row: 546] [Column: 1] [Expected: 5,897] [Actual: 5,773], 
[Row: 546] [Column: 2] [Expected: aodinaye] [Actual: slevin], 
[Row: 546] [Column: 3] [Expected: Alex Odinayev] [Actual: Sergey Levin], 
[Row: 547] [Column: 1] [Expected: 5,992] [Actual: 5,897], 
[Row: 547] [Column: 2] [Expected: wchapman] [Actual: aodinaye], 
[Row: 547] [Column: 3] [Expected: William Chapman] [Actual: Alex Odinayev], 
[Row: 547] [Column: 5] [Expected: 10 NBS] [Actual: 51 Astor Place], 
[Row: 548] [Column: 1] [Expected: 6,193] [Actual: 5,992], 
[Row: 548] [Column: 2] [Expected: vzhukov] [Actual: wchapman], 
[Row: 548] [Column: 3] [Expected: Slava Zhukov] [Actual: William Chapman], 
[Row: 548] [Column: 5] [Expected: 51 Astor Place] [Actual: 10 NBS], 
[Row: 549] [Column: 1] [Expected: 6,878] [Actual: 6,193], 
[Row: 549] [Column: 2] [Expected: byuan] [Actual: vzhukov], 
[Row: 549] [Column: 3] [Expected: Bo Yuan] [Actual: Slava Zhukov], 
[Row: 550] [Column: 1] [Expected: 6,973] [Actual: 6,878], 
[Row: 550] [Column: 2] [Expected: crolvung] [Actual: byuan], 
[Row: 550] [Column: 3] [Expected: Christian Rolvung] [Actual: Bo Yuan], 
[Row: 550] [Column: 5] [Expected: Sydney] [Actual: 51 Astor Place], 
[Row: 551] [Column: 1] [Expected: 7,095] [Actual: 6,973], 
[Row: 551] [Column: 2] [Expected: asamuel] [Actual: crolvung], 
[Row: 551] [Column: 3] [Expected: Alex Samuel] [Actual: Christian Rolvung], 
[Row: 551] [Column: 5] [Expected: 51 Astor Place] [Actual: Sydney], 
[Row: 552] [Column: 1] [Expected: 7,306] [Actual: 7,095], 
[Row: 552] [Column: 2] [Expected: wdorsey] [Actual: asamuel], 
[Row: 552] [Column: 3] [Expected: William Dorsey] [Actual: Alex Samuel], 
[Row: 552] [Column: 5] [Expected: 10 NBS] [Actual: 51 Astor Place], 
[Row: 553] [Column: 1] [Expected: 7,307] [Actual: 7,306], 
[Row: 553] [Column: 2] [Expected: rcartwri] [Actual: wdorsey], 
[Row: 553] [Column: 3] [Expected: Robert Cartwright] [Actual: William Dorsey], 
[Row: 554] [Column: 1] [Expected: 7,253] [Actual: 7,307], 
[Row: 554] [Column: 2] [Expected: acherner] [Actual: rcartwri], 
[Row: 554] [Column: 3] [Expected: Alex Cherner] [Actual: Robert Cartwright], 
[Row: 554] [Column: 5] [Expected: 51 Astor Place] [Actual: 10 NBS], 
[Row: 555] [Column: 1] [Expected: 7,440] [Actual: 7,253], 
[Row: 555] [Column: 2] [Expected: nfirth] [Actual: acherner], 
[Row: 555] [Column: 3] [Expected: Nick Firth] [Actual: Alex Cherner], 
[Row: 555] [Column: 5] [Expected: 10 NBS] [Actual: 51 Astor Place], 
[Row: 556] [Column: 1] [Expected: 7,423] [Actual: 7,440], 
[Row: 556] [Column: 2] [Expected: nlubchen] [Actual: nfirth], 
[Row: 556] [Column: 3] [Expected: Nazar Lubchenko] [Actual: Nick Firth], 
[Row: 556] [Column: 5] [Expected: 51 Astor Place] [Actual: 10 NBS], 
[Row: 557] [Column: 1] [Expected: 7,505] [Actual: 7,423], 
[Row: 557] [Column: 2] [Expected: lsewell] [Actual: nlubchen], 
[Row: 557] [Column: 3] [Expected: Luke Sewell] [Actual: Nazar Lubchenko], 
[Row: 557] [Column: 5] [Expected: 10 NBS] [Actual: 51 Astor Place], 
[Row: 558] [Column: 1] [Expected: 7,639] [Actual: 7,505], 
[Row: 558] [Column: 2] [Expected: tbjorkmo] [Actual: lsewell], 
[Row: 558] [Column: 3] [Expected: Theo Bjorkmo] [Actual: Luke Sewell], 
[Row: 559] [Column: 1] [Expected: 7,536] [Actual: 7,639], 
[Row: 559] [Column: 2] [Expected: awestbro] [Actual: tbjorkmo], 
[Row: 559] [Column: 3] [Expected: Andrew Westbrook] [Actual: Theo Bjorkmo], 
[Row: 559] [Column: 4] [Expected: Front Office Technology] [Actual: Systems Trading], 
[Row: 559] [Column: 5] [Expected: 51 Astor Place] [Actual: 10 NBS], 
[Row: 560] [Column: 1] [Expected: 7,708] [Actual: 7,536], 
[Row: 560] [Column: 2] [Expected: elim] [Actual: awestbro], 
[Row: 560] [Column: 3] [Expected: Edward Lim] [Actual: Andrew Westbrook], 
[Row: 560] [Column: 4] [Expected: Systems Trading] [Actual: Front Office Technology], 
[Row: 560] [Column: 5] [Expected: 10 NBS] [Actual: 51 Astor Place], 
[Row: 561] [Column: 1] [Expected: 7,809] [Actual: 7,708], 
[Row: 561] [Column: 2] [Expected: lwatts] [Actual: elim], 
[Row: 561] [Column: 3] [Expected: Laurence Watts] [Actual: Edward Lim], 
[Row: 562] [Column: 1] [Expected: 1,188] [Actual: 7,809], 
[Row: 562] [Column: 2] [Expected: mglennan] [Actual: lwatts], 
[Row: 562] [Column: 3] [Expected: Mike Glennan] [Actual: Laurence Watts], 
[Row: 562] [Column: 5] [Expected: 200 Elm] [Actual: 10 NBS], 
[Row: 562] [Column: 6] [Expected: isttvmatw1] [Actual: isttvmaasd4], 
[Row: 563] [Column: 1] [Expected: 3] [Actual: 1,188], 
[Row: 563] [Column: 2] [Expected: stevee] [Actual: mglennan], 
[Row: 563] [Column: 3] [Expected: Steve Evans] [Actual: Mike Glennan], 
[Row: 564] [Column: 1] [Expected: 5,848] [Actual: 3], 
[Row: 564] [Column: 2] [Expected: owatson] [Actual: stevee], 
[Row: 564] [Column: 3] [Expected: Ollie Watson] [Actual: Steve Evans], 
[Row: 564] [Column: 5] [Expected: 10 NBS] [Actual: 200 Elm], 
[Row: 565] [Column: 1] [Expected: 5,867] [Actual: 5,848], 
[Row: 565] [Column: 2] [Expected: dgenkin] [Actual: owatson], 
[Row: 565] [Column: 3] [Expected: Dmitriy Genkin] [Actual: Ollie Watson], 
[Row: 565] [Column: 5] [Expected: 51 Astor Place] [Actual: 10 NBS], 
[Row: 566] [Column: 1] [Expected: 5,773] [Actual: 5,867], 
[Row: 566] [Column: 2] [Expected: slevin] [Actual: dgenkin], 
[Row: 566] [Column: 3] [Expected: Sergey Levin] [Actual: Dmitriy Genkin], 
[Row: 567] [Column: 1] [Expected: 5,545] [Actual: 5,773], 
[Row: 567] [Column: 2] [Expected: twynter] [Actual: slevin], 
[Row: 567] [Column: 3] [Expected: Tom Wynter] [Actual: Sergey Levin], 
[Row: 567] [Column: 5] [Expected: 200 Elm] [Actual: 51 Astor Place], 
[Row: 568] [Column: 1] [Expected: 6,924] [Actual: 5,545], 
[Row: 568] [Column: 2] [Expected: fye] [Actual: twynter], 
[Row: 568] [Column: 3] [Expected: Fei Ye] [Actual: Tom Wynter], 
[Row: 569] [Column: 1] [Expected: 6,894] [Actual: 6,924], 
[Row: 569] [Column: 2] [Expected: rtoghrae] [Actual: fye], 
[Row: 569] [Column: 3] [Expected: Reza Toghraee] [Actual: Fei Ye], 
[Row: 570] [Column: 1] [Expected: 7,536] [Actual: 6,894], 
[Row: 570] [Column: 2] [Expected: awestbro] [Actual: rtoghrae], 
[Row: 570] [Column: 3] [Expected: Andrew Westbrook] [Actual: Reza Toghraee], 
[Row: 570] [Column: 4] [Expected: Front Office Technology] [Actual: Systems Trading], 
[Row: 570] [Column: 5] [Expected: 51 Astor Place] [Actual: 200 Elm], 
[Row: 571] [Column: 1] [Expected: 7,830] [Actual: 7,536], 
[Row: 571] [Column: 2] [Expected: jcasbon] [Actual: awestbro], 
[Row: 571] [Column: 3] [Expected: James Casbon] [Actual: Andrew Westbrook], 
[Row: 571] [Column: 4] [Expected: Systems Trading] [Actual: Front Office Technology], 
[Row: 571] [Column: 5] [Expected: 10 NBS] [Actual: 51 Astor Place], 
[Row: 572] [Column: 1] [Expected: 1,188] [Actual: 7,830], 
[Row: 572] [Column: 2] [Expected: mglennan] [Actual: jcasbon], 
[Row: 572] [Column: 3] [Expected: Mike Glennan] [Actual: James Casbon], 
[Row: 572] [Column: 5] [Expected: 200 Elm] [Actual: 10 NBS], 
[Row: 572] [Column: 6] [Expected: isttvmisc] [Actual: isttvmatw1], 
[Row: 573] [Column: 1] [Expected: 3] [Actual: 1,188], 
[Row: 573] [Column: 2] [Expected: stevee] [Actual: mglennan], 
[Row: 573] [Column: 3] [Expected: Steve Evans] [Actual: Mike Glennan], 
[Row: 574] [Column: 1] [Expected: 5,867] [Actual: 3], 
[Row: 574] [Column: 2] [Expected: dgenkin] [Actual: stevee], 
[Row: 574] [Column: 3] [Expected: Dmitriy Genkin] [Actual: Steve Evans], 
[Row: 574] [Column: 5] [Expected: 51 Astor Place] [Actual: 200 Elm], 
[Row: 575] [Column: 1] [Expected: 5,864] [Actual: 5,867], 
[Row: 575] [Column: 2] [Expected: cvoekler] [Actual: dgenkin], 
[Row: 575] [Column: 3] [Expected: Christopher Voekler] [Actual: Dmitriy Genkin], 
[Row: 576] [Column: 1] [Expected: 5,992] [Actual: 5,864], 
[Row: 576] [Column: 2] [Expected: wchapman] [Actual: cvoekler], 
[Row: 576] [Column: 3] [Expected: William Chapman] [Actual: Christopher Voekler], 
[Row: 576] [Column: 5] [Expected: 10 NBS] [Actual: 51 Astor Place], 
[Row: 577] [Column: 1] [Expected: 6,193] [Actual: 5,992], 
[Row: 577] [Column: 2] [Expected: vzhukov] [Actual: wchapman], 
[Row: 577] [Column: 3] [Expected: Slava Zhukov] [Actual: William Chapman], 
[Row: 577] [Column: 5] [Expected: 51 Astor Place] [Actual: 10 NBS], 
[Row: 578] [Column: 1] [Expected: 6,878] [Actual: 6,193], 
[Row: 578] [Column: 2] [Expected: byuan] [Actual: vzhukov], 
[Row: 578] [Column: 3] [Expected: Bo Yuan] [Actual: Slava Zhukov], 
[Row: 579] [Column: 1] [Expected: 7,745] [Actual: 6,878], 
[Row: 579] [Column: 2] [Expected: jtereshc] [Actual: byuan], 
[Row: 579] [Column: 3] [Expected: Julie Tereshchenko] [Actual: Bo Yuan], 
[Row: 580] [Column: 1] [Expected: 7,536] [Actual: 7,745], 
[Row: 580] [Column: 2] [Expected: awestbro] [Actual: jtereshc], 
[Row: 580] [Column: 3] [Expected: Andrew Westbrook] [Actual: Julie Tereshchenko], 
[Row: 580] [Column: 4] [Expected: Front Office Technology] [Actual: Systems Trading], 
[Row: 581] [Column: 1] [Expected: 7,692] [Actual: 7,536], 
[Row: 581] [Column: 2] [Expected: oharrima] [Actual: awestbro], 
[Row: 581] [Column: 3] [Expected: Oliver Harriman] [Actual: Andrew Westbrook], 
[Row: 581] [Column: 4] [Expected: Systems Trading] [Actual: Front Office Technology], 
[Row: 581] [Column: 5] [Expected: 10 NBS] [Actual: 51 Astor Place], 
[Row: 582] [Column: 1] [Expected: 1,188] [Actual: 7,692], 
[Row: 582] [Column: 2] [Expected: mglennan] [Actual: oharrima], 
[Row: 582] [Column: 3] [Expected: Mike Glennan] [Actual: Oliver Harriman], 
[Row: 582] [Column: 5] [Expected: 200 Elm] [Actual: 10 NBS], 
[Row: 582] [Column: 6] [Expected: isttvvolasd1] [Actual: isttvmisc], 
[Row: 583] [Column: 1] [Expected: 3] [Actual: 1,188], 
[Row: 583] [Column: 2] [Expected: stevee] [Actual: mglennan], 
[Row: 583] [Column: 3] [Expected: Steve Evans] [Actual: Mike Glennan], 
[Row: 584] [Column: 1] [Expected: 5,848] [Actual: 3], 
[Row: 584] [Column: 2] [Expected: owatson] [Actual: stevee], 
[Row: 584] [Column: 3] [Expected: Ollie Watson] [Actual: Steve Evans], 
[Row: 584] [Column: 5] [Expected: 10 NBS] [Actual: 200 Elm], 
[Row: 585] [Column: 1] [Expected: 5,867] [Actual: 5,848], 
[Row: 585] [Column: 2] [Expected: dgenkin] [Actual: owatson], 
[Row: 585] [Column: 3] [Expected: Dmitriy Genkin] [Actual: Ollie Watson], 
[Row: 585] [Column: 5] [Expected: 51 Astor Place] [Actual: 10 NBS], 
[Row: 586] [Column: 1] [Expected: 5,864] [Actual: 5,867], 
[Row: 586] [Column: 2] [Expected: cvoekler] [Actual: dgenkin], 
[Row: 586] [Column: 3] [Expected: Christopher Voekler] [Actual: Dmitriy Genkin], 
[Row: 587] [Column: 1] [Expected: 5,773] [Actual: 5,864], 
[Row: 587] [Column: 2] [Expected: slevin] [Actual: cvoekler], 
[Row: 587] [Column: 3] [Expected: Sergey Levin] [Actual: Christopher Voekler], 
[Row: 588] [Column: 1] [Expected: 6,193] [Actual: 5,773], 
[Row: 588] [Column: 2] [Expected: vzhukov] [Actual: slevin], 
[Row: 588] [Column: 3] [Expected: Slava Zhukov] [Actual: Sergey Levin], 
[Row: 589] [Column: 1] [Expected: 6,878] [Actual: 6,193], 
[Row: 589] [Column: 2] [Expected: byuan] [Actual: vzhukov], 
[Row: 589] [Column: 3] [Expected: Bo Yuan] [Actual: Slava Zhukov], 
[Row: 590] [Column: 1] [Expected: 6,973] [Actual: 6,878], 
[Row: 590] [Column: 2] [Expected: crolvung] [Actual: byuan], 
[Row: 590] [Column: 3] [Expected: Christian Rolvung] [Actual: Bo Yuan], 
[Row: 590] [Column: 5] [Expected: Sydney] [Actual: 51 Astor Place], 
[Row: 591] [Column: 1] [Expected: 7,423] [Actual: 6,973], 
[Row: 591] [Column: 2] [Expected: nlubchen] [Actual: crolvung], 
[Row: 591] [Column: 3] [Expected: Nazar Lubchenko] [Actual: Christian Rolvung], 
[Row: 591] [Column: 5] [Expected: 51 Astor Place] [Actual: Sydney], 
[Row: 592] [Column: 1] [Expected: 7,536] [Actual: 7,423], 
[Row: 592] [Column: 2] [Expected: awestbro] [Actual: nlubchen], 
[Row: 592] [Column: 3] [Expected: Andrew Westbrook] [Actual: Nazar Lubchenko], 
[Row: 592] [Column: 4] [Expected: Front Office Technology] [Actual: Systems Trading], 
[Row: 593] [Column: 1] [Expected: 7,784] [Actual: 7,536], 
[Row: 593] [Column: 2] [Expected: ldeleo] [Actual: awestbro], 
[Row: 593] [Column: 3] [Expected: Lorenzo De Leo] [Actual: Andrew Westbrook], 
[Row: 593] [Column: 4] [Expected: Systems Trading] [Actual: Front Office Technology], 
[Row: 593] [Column: 5] [Expected: France] [Actual: 51 Astor Place], 
[Row: 594] [Column: 1] [Expected: 7,821] [Actual: 7,784], 
[Row: 594] [Column: 2] [Expected: wreid] [Actual: ldeleo], 
[Row: 594] [Column: 3] [Expected: William Reid] [Actual: Lorenzo De Leo], 
[Row: 594] [Column: 5] [Expected: 10 NBS] [Actual: France], 
[Row: 595] [Column: 1] [Expected: 7,838] [Actual: 7,821], 
[Row: 595] [Column: 2] [Expected: nheuer] [Actual: wreid], 
[Row: 595] [Column: 3] [Expected: Nicolaus Heuer] [Actual: William Reid], 
[Row: 596] [Column: 1] [Expected: 1,188] [Actual: 7,838], 
[Row: 596] [Column: 2] [Expected: mglennan] [Actual: nheuer], 
[Row: 596] [Column: 3] [Expected: Mike Glennan] [Actual: Nicolaus Heuer], 
[Row: 596] [Column: 5] [Expected: 200 Elm] [Actual: 10 NBS], 
[Row: 596] [Column: 6] [Expected: isttvvolasd1lev] [Actual: isttvvolasd1], 
[Row: 597] [Column: 1] [Expected: 3] [Actual: 1,188], 
[Row: 597] [Column: 2] [Expected: stevee] [Actual: mglennan], 
[Row: 597] [Column: 3] [Expected: Steve Evans] [Actual: Mike Glennan], 
[Row: 598] [Column: 1] [Expected: 5,848] [Actual: 3], 
[Row: 598] [Column: 2] [Expected: owatson] [Actual: stevee], 
[Row: 598] [Column: 3] [Expected: Ollie Watson] [Actual: Steve Evans], 
[Row: 598] [Column: 5] [Expected: 10 NBS] [Actual: 200 Elm], 
[Row: 599] [Column: 1] [Expected: 5,867] [Actual: 5,848], 
[Row: 599] [Column: 2] [Expected: dgenkin] [Actual: owatson], 
[Row: 599] [Column: 3] [Expected: Dmitriy Genkin] [Actual: Ollie Watson], 
[Row: 599] [Column: 5] [Expected: 51 Astor Place] [Actual: 10 NBS], 
[Row: 600] [Column: 1] [Expected: 5,864] [Actual: 5,867], 
[Row: 600] [Column: 2] [Expected: cvoekler] [Actual: dgenkin], 
[Row: 600] [Column: 3] [Expected: Christopher Voekler] [Actual: Dmitriy Genkin], 
[Row: 601] [Column: 1] [Expected: 5,773] [Actual: 5,864], 
[Row: 601] [Column: 2] [Expected: slevin] [Actual: cvoekler], 
[Row: 601] [Column: 3] [Expected: Sergey Levin] [Actual: Christopher Voekler], 
[Row: 602] [Column: 1] [Expected: 6,193] [Actual: 5,773], 
[Row: 602] [Column: 2] [Expected: vzhukov] [Actual: slevin], 
[Row: 602] [Column: 3] [Expected: Slava Zhukov] [Actual: Sergey Levin], 
[Row: 603] [Column: 1] [Expected: 6,878] [Actual: 6,193], 
[Row: 603] [Column: 2] [Expected: byuan] [Actual: vzhukov], 
[Row: 603] [Column: 3] [Expected: Bo Yuan] [Actual: Slava Zhukov], 
[Row: 604] [Column: 1] [Expected: 6,973] [Actual: 6,878], 
[Row: 604] [Column: 2] [Expected: crolvung] [Actual: byuan], 
[Row: 604] [Column: 3] [Expected: Christian Rolvung] [Actual: Bo Yuan], 
[Row: 604] [Column: 5] [Expected: Sydney] [Actual: 51 Astor Place], 
[Row: 605] [Column: 1] [Expected: 7,423] [Actual: 6,973], 
[Row: 605] [Column: 2] [Expected: nlubchen] [Actual: crolvung], 
[Row: 605] [Column: 3] [Expected: Nazar Lubchenko] [Actual: Christian Rolvung], 
[Row: 605] [Column: 5] [Expected: 51 Astor Place] [Actual: Sydney], 
[Row: 606] [Column: 1] [Expected: 1,188] [Actual: 7,423], 
[Row: 606] [Column: 2] [Expected: mglennan] [Actual: nlubchen], 
[Row: 606] [Column: 3] [Expected: Mike Glennan] [Actual: Nazar Lubchenko], 
[Row: 606] [Column: 5] [Expected: 200 Elm] [Actual: 51 Astor Place], 
[Row: 606] [Column: 6] [Expected: isttvvolasd2] [Actual: isttvvolasd1lev], 
[Row: 607] [Column: 1] [Expected: 3] [Actual: 1,188], 
[Row: 607] [Column: 2] [Expected: stevee] [Actual: mglennan], 
[Row: 607] [Column: 3] [Expected: Steve Evans] [Actual: Mike Glennan], 
[Row: 608] [Column: 1] [Expected: 5,848] [Actual: 3], 
[Row: 608] [Column: 2] [Expected: owatson] [Actual: stevee], 
[Row: 608] [Column: 3] [Expected: Ollie Watson] [Actual: Steve Evans], 
[Row: 608] [Column: 5] [Expected: 10 NBS] [Actual: 200 Elm], 
[Row: 609] [Column: 1] [Expected: 5,867] [Actual: 5,848], 
[Row: 609] [Column: 2] [Expected: dgenkin] [Actual: owatson], 
[Row: 609] [Column: 3] [Expected: Dmitriy Genkin] [Actual: Ollie Watson], 
[Row: 609] [Column: 5] [Expected: 51 Astor Place] [Actual: 10 NBS], 
[Row: 610] [Column: 1] [Expected: 5,864] [Actual: 5,867], 
[Row: 610] [Column: 2] [Expected: cvoekler] [Actual: dgenkin], 
[Row: 610] [Column: 3] [Expected: Christopher Voekler] [Actual: Dmitriy Genkin], 
[Row: 611] [Column: 1] [Expected: 5,773] [Actual: 5,864], 
[Row: 611] [Column: 2] [Expected: slevin] [Actual: cvoekler], 
[Row: 611] [Column: 3] [Expected: Sergey Levin] [Actual: Christopher Voekler], 
[Row: 612] [Column: 1] [Expected: 6,193] [Actual: 5,773], 
[Row: 612] [Column: 2] [Expected: vzhukov] [Actual: slevin], 
[Row: 612] [Column: 3] [Expected: Slava Zhukov] [Actual: Sergey Levin], 
[Row: 613] [Column: 1] [Expected: 6,878] [Actual: 6,193], 
[Row: 613] [Column: 2] [Expected: byuan] [Actual: vzhukov], 
[Row: 613] [Column: 3] [Expected: Bo Yuan] [Actual: Slava Zhukov], 
[Row: 614] [Column: 1] [Expected: 6,973] [Actual: 6,878], 
[Row: 614] [Column: 2] [Expected: crolvung] [Actual: byuan], 
[Row: 614] [Column: 3] [Expected: Christian Rolvung] [Actual: Bo Yuan], 
[Row: 614] [Column: 5] [Expected: Sydney] [Actual: 51 Astor Place], 
[Row: 615] [Column: 1] [Expected: 7,423] [Actual: 6,973], 
[Row: 615] [Column: 2] [Expected: nlubchen] [Actual: crolvung], 
[Row: 615] [Column: 3] [Expected: Nazar Lubchenko] [Actual: Christian Rolvung], 
[Row: 615] [Column: 5] [Expected: 51 Astor Place] [Actual: Sydney], 
[Row: 616] [Column: 1] [Expected: 7,536] [Actual: 7,423], 
[Row: 616] [Column: 2] [Expected: awestbro] [Actual: nlubchen], 
[Row: 616] [Column: 3] [Expected: Andrew Westbrook] [Actual: Nazar Lubchenko], 
[Row: 616] [Column: 4] [Expected: Front Office Technology] [Actual: Systems Trading], 
[Row: 617] [Column: 1] [Expected: 7,784] [Actual: 7,536], 
[Row: 617] [Column: 2] [Expected: ldeleo] [Actual: awestbro], 
[Row: 617] [Column: 3] [Expected: Lorenzo De Leo] [Actual: Andrew Westbrook], 
[Row: 617] [Column: 4] [Expected: Systems Trading] [Actual: Front Office Technology], 
[Row: 617] [Column: 5] [Expected: France] [Actual: 51 Astor Place], 
[Row: 618] [Column: 1] [Expected: 7,821] [Actual: 7,784], 
[Row: 618] [Column: 2] [Expected: wreid] [Actual: ldeleo], 
[Row: 618] [Column: 3] [Expected: William Reid] [Actual: Lorenzo De Leo], 
[Row: 618] [Column: 5] [Expected: 10 NBS] [Actual: France], 
[Row: 619] [Column: 1] [Expected: 7,838] [Actual: 7,821], 
[Row: 619] [Column: 2] [Expected: nheuer] [Actual: wreid], 
[Row: 619] [Column: 3] [Expected: Nicolaus Heuer] [Actual: William Reid], 
[Row: 620] [Column: 1] [Expected: 1,188] [Actual: 7,838], 
[Row: 620] [Column: 2] [Expected: mglennan] [Actual: nheuer], 
[Row: 620] [Column: 3] [Expected: Mike Glennan] [Actual: Nicolaus Heuer], 
[Row: 620] [Column: 5] [Expected: 200 Elm] [Actual: 10 NBS], 
[Row: 620] [Column: 6] [Expected: isttvvolasd20] [Actual: isttvvolasd2], 
[Row: 621] [Column: 1] [Expected: 3] [Actual: 1,188], 
[Row: 621] [Column: 2] [Expected: stevee] [Actual: mglennan], 
[Row: 621] [Column: 3] [Expected: Steve Evans] [Actual: Mike Glennan], 
[Row: 622] [Column: 1] [Expected: 5,848] [Actual: 3], 
[Row: 622] [Column: 2] [Expected: owatson] [Actual: stevee], 
[Row: 622] [Column: 3] [Expected: Ollie Watson] [Actual: Steve Evans], 
[Row: 622] [Column: 5] [Expected: 10 NBS] [Actual: 200 Elm], 
[Row: 623] [Column: 1] [Expected: 5,867] [Actual: 5,848], 
[Row: 623] [Column: 2] [Expected: dgenkin] [Actual: owatson], 
[Row: 623] [Column: 3] [Expected: Dmitriy Genkin] [Actual: Ollie Watson], 
[Row: 623] [Column: 5] [Expected: 51 Astor Place] [Actual: 10 NBS], 
[Row: 624] [Column: 1] [Expected: 5,864] [Actual: 5,867], 
[Row: 624] [Column: 2] [Expected: cvoekler] [Actual: dgenkin], 
[Row: 624] [Column: 3] [Expected: Christopher Voekler] [Actual: Dmitriy Genkin], 
[Row: 625] [Column: 1] [Expected: 5,773] [Actual: 5,864], 
[Row: 625] [Column: 2] [Expected: slevin] [Actual: cvoekler], 
[Row: 625] [Column: 3] [Expected: Sergey Levin] [Actual: Christopher Voekler], 
[Row: 626] [Column: 1] [Expected: 6,193] [Actual: 5,773], 
[Row: 626] [Column: 2] [Expected: vzhukov] [Actual: slevin], 
[Row: 626] [Column: 3] [Expected: Slava Zhukov] [Actual: Sergey Levin], 
[Row: 627] [Column: 1] [Expected: 6,878] [Actual: 6,193], 
[Row: 627] [Column: 2] [Expected: byuan] [Actual: vzhukov], 
[Row: 627] [Column: 3] [Expected: Bo Yuan] [Actual: Slava Zhukov], 
[Row: 628] [Column: 1] [Expected: 6,973] [Actual: 6,878], 
[Row: 628] [Column: 2] [Expected: crolvung] [Actual: byuan], 
[Row: 628] [Column: 3] [Expected: Christian Rolvung] [Actual: Bo Yuan], 
[Row: 628] [Column: 5] [Expected: Sydney] [Actual: 51 Astor Place], 
[Row: 629] [Column: 1] [Expected: 7,423] [Actual: 6,973], 
[Row: 629] [Column: 2] [Expected: nlubchen] [Actual: crolvung], 
[Row: 629] [Column: 3] [Expected: Nazar Lubchenko] [Actual: Christian Rolvung], 
[Row: 629] [Column: 5] [Expected: 51 Astor Place] [Actual: Sydney], 
[Row: 630] [Column: 1] [Expected: 7,536] [Actual: 7,423], 
[Row: 630] [Column: 2] [Expected: awestbro] [Actual: nlubchen], 
[Row: 630] [Column: 3] [Expected: Andrew Westbrook] [Actual: Nazar Lubchenko], 
[Row: 630] [Column: 4] [Expected: Front Office Technology] [Actual: Systems Trading], 
[Row: 631] [Column: 1] [Expected: 7,784] [Actual: 7,536], 
[Row: 631] [Column: 2] [Expected: ldeleo] [Actual: awestbro], 
[Row: 631] [Column: 3] [Expected: Lorenzo De Leo] [Actual: Andrew Westbrook], 
[Row: 631] [Column: 4] [Expected: Systems Trading] [Actual: Front Office Technology], 
[Row: 631] [Column: 5] [Expected: France] [Actual: 51 Astor Place], 
[Row: 632] [Column: 1] [Expected: 7,821] [Actual: 7,784], 
[Row: 632] [Column: 2] [Expected: wreid] [Actual: ldeleo], 
[Row: 632] [Column: 3] [Expected: William Reid] [Actual: Lorenzo De Leo], 
[Row: 632] [Column: 5] [Expected: 10 NBS] [Actual: France], 
[Row: 633] [Column: 1] [Expected: 1,188] [Actual: 7,821], 
[Row: 633] [Column: 2] [Expected: mglennan] [Actual: wreid], 
[Row: 633] [Column: 3] [Expected: Mike Glennan] [Actual: William Reid], 
[Row: 633] [Column: 5] [Expected: 200 Elm] [Actual: 10 NBS], 
[Row: 633] [Column: 6] [Expected: isttvvolasd21] [Actual: isttvvolasd20], 
[Row: 634] [Column: 1] [Expected: 3] [Actual: 1,188], 
[Row: 634] [Column: 2] [Expected: stevee] [Actual: mglennan], 
[Row: 634] [Column: 3] [Expected: Steve Evans] [Actual: Mike Glennan], 
[Row: 635] [Column: 1] [Expected: 5,848] [Actual: 3], 
[Row: 635] [Column: 2] [Expected: owatson] [Actual: stevee], 
[Row: 635] [Column: 3] [Expected: Ollie Watson] [Actual: Steve Evans], 
[Row: 635] [Column: 5] [Expected: 10 NBS] [Actual: 200 Elm], 
[Row: 636] [Column: 1] [Expected: 5,867] [Actual: 5,848], 
[Row: 636] [Column: 2] [Expected: dgenkin] [Actual: owatson], 
[Row: 636] [Column: 3] [Expected: Dmitriy Genkin] [Actual: Ollie Watson], 
[Row: 636] [Column: 5] [Expected: 51 Astor Place] [Actual: 10 NBS], 
[Row: 637] [Column: 1] [Expected: 5,864] [Actual: 5,867], 
[Row: 637] [Column: 2] [Expected: cvoekler] [Actual: dgenkin], 
[Row: 637] [Column: 3] [Expected: Christopher Voekler] [Actual: Dmitriy Genkin], 
[Row: 638] [Column: 1] [Expected: 5,773] [Actual: 5,864], 
[Row: 638] [Column: 2] [Expected: slevin] [Actual: cvoekler], 
[Row: 638] [Column: 3] [Expected: Sergey Levin] [Actual: Christopher Voekler], 
[Row: 639] [Column: 1] [Expected: 6,193] [Actual: 5,773], 
[Row: 639] [Column: 2] [Expected: vzhukov] [Actual: slevin], 
[Row: 639] [Column: 3] [Expected: Slava Zhukov] [Actual: Sergey Levin], 
[Row: 640] [Column: 1] [Expected: 6,878] [Actual: 6,193], 
[Row: 640] [Column: 2] [Expected: byuan] [Actual: vzhukov], 
[Row: 640] [Column: 3] [Expected: Bo Yuan] [Actual: Slava Zhukov], 
[Row: 641] [Column: 1] [Expected: 6,973] [Actual: 6,878], 
[Row: 641] [Column: 2] [Expected: crolvung] [Actual: byuan], 
[Row: 641] [Column: 3] [Expected: Christian Rolvung] [Actual: Bo Yuan], 
[Row: 641] [Column: 5] [Expected: Sydney] [Actual: 51 Astor Place], 
[Row: 642] [Column: 1] [Expected: 7,423] [Actual: 6,973], 
[Row: 642] [Column: 2] [Expected: nlubchen] [Actual: crolvung], 
[Row: 642] [Column: 3] [Expected: Nazar Lubchenko] [Actual: Christian Rolvung], 
[Row: 642] [Column: 5] [Expected: 51 Astor Place] [Actual: Sydney], 
[Row: 643] [Column: 1] [Expected: 7,536] [Actual: 7,423], 
[Row: 643] [Column: 2] [Expected: awestbro] [Actual: nlubchen], 
[Row: 643] [Column: 3] [Expected: Andrew Westbrook] [Actual: Nazar Lubchenko], 
[Row: 643] [Column: 4] [Expected: Front Office Technology] [Actual: Systems Trading], 
[Row: 644] [Column: 1] [Expected: 7,784] [Actual: 7,536], 
[Row: 644] [Column: 2] [Expected: ldeleo] [Actual: awestbro], 
[Row: 644] [Column: 3] [Expected: Lorenzo De Leo] [Actual: Andrew Westbrook], 
[Row: 644] [Column: 4] [Expected: Systems Trading] [Actual: Front Office Technology], 
[Row: 644] [Column: 5] [Expected: France] [Actual: 51 Astor Place], 
[Row: 645] [Column: 1] [Expected: 7,821] [Actual: 7,784], 
[Row: 645] [Column: 2] [Expected: wreid] [Actual: ldeleo], 
[Row: 645] [Column: 3] [Expected: William Reid] [Actual: Lorenzo De Leo], 
[Row: 645] [Column: 5] [Expected: 10 NBS] [Actual: France], 
[Row: 646] [Column: 1] [Expected: 1,188] [Actual: 7,821], 
[Row: 646] [Column: 2] [Expected: mglennan] [Actual: wreid], 
[Row: 646] [Column: 3] [Expected: Mike Glennan] [Actual: William Reid], 
[Row: 646] [Column: 5] [Expected: 200 Elm] [Actual: 10 NBS], 
[Row: 646] [Column: 6] [Expected: isttvvolasd22] [Actual: isttvvolasd21], 
[Row: 647] [Column: 1] [Expected: 3] [Actual: 1,188], 
[Row: 647] [Column: 2] [Expected: stevee] [Actual: mglennan], 
[Row: 647] [Column: 3] [Expected: Steve Evans] [Actual: Mike Glennan], 
[Row: 648] [Column: 1] [Expected: 5,848] [Actual: 3], 
[Row: 648] [Column: 2] [Expected: owatson] [Actual: stevee], 
[Row: 648] [Column: 3] [Expected: Ollie Watson] [Actual: Steve Evans], 
[Row: 648] [Column: 5] [Expected: 10 NBS] [Actual: 200 Elm], 
[Row: 649] [Column: 1] [Expected: 5,867] [Actual: 5,848], 
[Row: 649] [Column: 2] [Expected: dgenkin] [Actual: owatson], 
[Row: 649] [Column: 3] [Expected: Dmitriy Genkin] [Actual: Ollie Watson], 
[Row: 649] [Column: 5] [Expected: 51 Astor Place] [Actual: 10 NBS], 
[Row: 650] [Column: 1] [Expected: 5,864] [Actual: 5,867], 
[Row: 650] [Column: 2] [Expected: cvoekler] [Actual: dgenkin], 
[Row: 650] [Column: 3] [Expected: Christopher Voekler] [Actual: Dmitriy Genkin], 
[Row: 651] [Column: 1] [Expected: 5,773] [Actual: 5,864], 
[Row: 651] [Column: 2] [Expected: slevin] [Actual: cvoekler], 
[Row: 651] [Column: 3] [Expected: Sergey Levin] [Actual: Christopher Voekler], 
[Row: 652] [Column: 1] [Expected: 6,193] [Actual: 5,773], 
[Row: 652] [Column: 2] [Expected: vzhukov] [Actual: slevin], 
[Row: 652] [Column: 3] [Expected: Slava Zhukov] [Actual: Sergey Levin], 
[Row: 653] [Column: 1] [Expected: 6,878] [Actual: 6,193], 
[Row: 653] [Column: 2] [Expected: byuan] [Actual: vzhukov], 
[Row: 653] [Column: 3] [Expected: Bo Yuan] [Actual: Slava Zhukov], 
[Row: 654] [Column: 1] [Expected: 6,973] [Actual: 6,878], 
[Row: 654] [Column: 2] [Expected: crolvung] [Actual: byuan], 
[Row: 654] [Column: 3] [Expected: Christian Rolvung] [Actual: Bo Yuan], 
[Row: 654] [Column: 5] [Expected: Sydney] [Actual: 51 Astor Place], 
[Row: 655] [Column: 1] [Expected: 7,423] [Actual: 6,973], 
[Row: 655] [Column: 2] [Expected: nlubchen] [Actual: crolvung], 
[Row: 655] [Column: 3] [Expected: Nazar Lubchenko] [Actual: Christian Rolvung], 
[Row: 655] [Column: 5] [Expected: 51 Astor Place] [Actual: Sydney], 
[Row: 656] [Column: 1] [Expected: 7,784] [Actual: 7,423], 
[Row: 656] [Column: 2] [Expected: ldeleo] [Actual: nlubchen], 
[Row: 656] [Column: 3] [Expected: Lorenzo De Leo] [Actual: Nazar Lubchenko], 
[Row: 656] [Column: 5] [Expected: France] [Actual: 51 Astor Place], 
[Row: 657] [Column: 1] [Expected: 7,821] [Actual: 7,784], 
[Row: 657] [Column: 2] [Expected: wreid] [Actual: ldeleo], 
[Row: 657] [Column: 3] [Expected: William Reid] [Actual: Lorenzo De Leo], 
[Row: 657] [Column: 5] [Expected: 10 NBS] [Actual: France], 
[Row: 658] [Column: 1] [Expected: 1,188] [Actual: 7,821], 
[Row: 658] [Column: 2] [Expected: mglennan] [Actual: wreid], 
[Row: 658] [Column: 3] [Expected: Mike Glennan] [Actual: William Reid], 
[Row: 658] [Column: 5] [Expected: 200 Elm] [Actual: 10 NBS], 
[Row: 658] [Column: 6] [Expected: isttvvolasd22lev] [Actual: isttvvolasd22], 
[Row: 659] [Column: 6] [Expected: isttvvolasd3] [Actual: isttvvolasd22lev], 
[Row: 660] [Column: 1] [Expected: 3] [Actual: 1,188], 
[Row: 660] [Column: 2] [Expected: stevee] [Actual: mglennan], 
[Row: 660] [Column: 3] [Expected: Steve Evans] [Actual: Mike Glennan], 
[Row: 661] [Column: 1] [Expected: 5,848] [Actual: 3], 
[Row: 661] [Column: 2] [Expected: owatson] [Actual: stevee], 
[Row: 661] [Column: 3] [Expected: Ollie Watson] [Actual: Steve Evans], 
[Row: 661] [Column: 5] [Expected: 10 NBS] [Actual: 200 Elm], 
[Row: 662] [Column: 1] [Expected: 5,867] [Actual: 5,848], 
[Row: 662] [Column: 2] [Expected: dgenkin] [Actual: owatson], 
[Row: 662] [Column: 3] [Expected: Dmitriy Genkin] [Actual: Ollie Watson], 
[Row: 662] [Column: 5] [Expected: 51 Astor Place] [Actual: 10 NBS], 
[Row: 663] [Column: 1] [Expected: 5,864] [Actual: 5,867], 
[Row: 663] [Column: 2] [Expected: cvoekler] [Actual: dgenkin], 
[Row: 663] [Column: 3] [Expected: Christopher Voekler] [Actual: Dmitriy Genkin], 
[Row: 664] [Column: 1] [Expected: 5,773] [Actual: 5,864], 
[Row: 664] [Column: 2] [Expected: slevin] [Actual: cvoekler], 
[Row: 664] [Column: 3] [Expected: Sergey Levin] [Actual: Christopher Voekler], 
[Row: 665] [Column: 1] [Expected: 6,193] [Actual: 5,773], 
[Row: 665] [Column: 2] [Expected: vzhukov] [Actual: slevin], 
[Row: 665] [Column: 3] [Expected: Slava Zhukov] [Actual: Sergey Levin], 
[Row: 666] [Column: 1] [Expected: 7,784] [Actual: 6,193], 
[Row: 666] [Column: 2] [Expected: ldeleo] [Actual: vzhukov], 
[Row: 666] [Column: 3] [Expected: Lorenzo De Leo] [Actual: Slava Zhukov], 
[Row: 666] [Column: 5] [Expected: France] [Actual: 51 Astor Place], 
[Row: 667] [Column: 1] [Expected: 1,188] [Actual: 7,784], 
[Row: 667] [Column: 2] [Expected: mglennan] [Actual: ldeleo], 
[Row: 667] [Column: 3] [Expected: Mike Glennan] [Actual: Lorenzo De Leo], 
[Row: 667] [Column: 5] [Expected: 200 Elm] [Actual: France], 
[Row: 667] [Column: 6] [Expected: isttvvolasd4] [Actual: isttvvolasd3], 
[Row: 668] [Column: 1] [Expected: 3] [Actual: 1,188], 
[Row: 668] [Column: 2] [Expected: stevee] [Actual: mglennan], 
[Row: 668] [Column: 3] [Expected: Steve Evans] [Actual: Mike Glennan], 
[Row: 669] [Column: 1] [Expected: 5,848] [Actual: 3], 
[Row: 669] [Column: 2] [Expected: owatson] [Actual: stevee], 
[Row: 669] [Column: 3] [Expected: Ollie Watson] [Actual: Steve Evans], 
[Row: 669] [Column: 5] [Expected: 10 NBS] [Actual: 200 Elm], 
[Row: 670] [Column: 1] [Expected: 5,867] [Actual: 5,848], 
[Row: 670] [Column: 2] [Expected: dgenkin] [Actual: owatson], 
[Row: 670] [Column: 3] [Expected: Dmitriy Genkin] [Actual: Ollie Watson], 
[Row: 670] [Column: 5] [Expected: 51 Astor Place] [Actual: 10 NBS], 
[Row: 671] [Column: 1] [Expected: 5,864] [Actual: 5,867], 
[Row: 671] [Column: 2] [Expected: cvoekler] [Actual: dgenkin], 
[Row: 671] [Column: 3] [Expected: Christopher Voekler] [Actual: Dmitriy Genkin], 
[Row: 672] [Column: 1] [Expected: 5,773] [Actual: 5,864], 
[Row: 672] [Column: 2] [Expected: slevin] [Actual: cvoekler], 
[Row: 672] [Column: 3] [Expected: Sergey Levin] [Actual: Christopher Voekler], 
[Row: 673] [Column: 1] [Expected: 6,193] [Actual: 5,773], 
[Row: 673] [Column: 2] [Expected: vzhukov] [Actual: slevin], 
[Row: 673] [Column: 3] [Expected: Slava Zhukov] [Actual: Sergey Levin], 
[Row: 674] [Column: 1] [Expected: 6,878] [Actual: 6,193], 
[Row: 674] [Column: 2] [Expected: byuan] [Actual: vzhukov], 
[Row: 674] [Column: 3] [Expected: Bo Yuan] [Actual: Slava Zhukov], 
[Row: 675] [Column: 1] [Expected: 6,973] [Actual: 6,878], 
[Row: 675] [Column: 2] [Expected: crolvung] [Actual: byuan], 
[Row: 675] [Column: 3] [Expected: Christian Rolvung] [Actual: Bo Yuan], 
[Row: 675] [Column: 5] [Expected: Sydney] [Actual: 51 Astor Place], 
[Row: 676] [Column: 1] [Expected: 7,423] [Actual: 6,973], 
[Row: 676] [Column: 2] [Expected: nlubchen] [Actual: crolvung], 
[Row: 676] [Column: 3] [Expected: Nazar Lubchenko] [Actual: Christian Rolvung], 
[Row: 676] [Column: 5] [Expected: 51 Astor Place] [Actual: Sydney], 
[Row: 677] [Column: 1] [Expected: 7,784] [Actual: 7,423], 
[Row: 677] [Column: 2] [Expected: ldeleo] [Actual: nlubchen], 
[Row: 677] [Column: 3] [Expected: Lorenzo De Leo] [Actual: Nazar Lubchenko], 
[Row: 677] [Column: 5] [Expected: France] [Actual: 51 Astor Place], 
[Row: 678] [Column: 1] [Expected: 7,821] [Actual: 7,784], 
[Row: 678] [Column: 2] [Expected: wreid] [Actual: ldeleo], 
[Row: 678] [Column: 3] [Expected: William Reid] [Actual: Lorenzo De Leo], 
[Row: 678] [Column: 5] [Expected: 10 NBS] [Actual: France], 
[Row: 679] [Column: 1] [Expected: 1,188] [Actual: 7,821], 
[Row: 679] [Column: 2] [Expected: mglennan] [Actual: wreid], 
[Row: 679] [Column: 3] [Expected: Mike Glennan] [Actual: William Reid], 
[Row: 679] [Column: 5] [Expected: 200 Elm] [Actual: 10 NBS], 
[Row: 679] [Column: 6] [Expected: isttvvolasd5] [Actual: isttvvolasd4], 
[Row: 680] [Column: 1] [Expected: 3] [Actual: 1,188], 
[Row: 680] [Column: 2] [Expected: stevee] [Actual: mglennan], 
[Row: 680] [Column: 3] [Expected: Steve Evans] [Actual: Mike Glennan], 
[Row: 681] [Column: 1] [Expected: 5,848] [Actual: 3], 
[Row: 681] [Column: 2] [Expected: owatson] [Actual: stevee], 
[Row: 681] [Column: 3] [Expected: Ollie Watson] [Actual: Steve Evans], 
[Row: 681] [Column: 5] [Expected: 10 NBS] [Actual: 200 Elm], 
[Row: 682] [Column: 1] [Expected: 5,867] [Actual: 5,848], 
[Row: 682] [Column: 2] [Expected: dgenkin] [Actual: owatson], 
[Row: 682] [Column: 3] [Expected: Dmitriy Genkin] [Actual: Ollie Watson], 
[Row: 682] [Column: 5] [Expected: 51 Astor Place] [Actual: 10 NBS], 
[Row: 683] [Column: 1] [Expected: 5,864] [Actual: 5,867], 
[Row: 683] [Column: 2] [Expected: cvoekler] [Actual: dgenkin], 
[Row: 683] [Column: 3] [Expected: Christopher Voekler] [Actual: Dmitriy Genkin], 
[Row: 684] [Column: 1] [Expected: 5,773] [Actual: 5,864], 
[Row: 684] [Column: 2] [Expected: slevin] [Actual: cvoekler], 
[Row: 684] [Column: 3] [Expected: Sergey Levin] [Actual: Christopher Voekler], 
[Row: 685] [Column: 1] [Expected: 6,193] [Actual: 5,773], 
[Row: 685] [Column: 2] [Expected: vzhukov] [Actual: slevin], 
[Row: 685] [Column: 3] [Expected: Slava Zhukov] [Actual: Sergey Levin], 
[Row: 686] [Column: 1] [Expected: 6,878] [Actual: 6,193], 
[Row: 686] [Column: 2] [Expected: byuan] [Actual: vzhukov], 
[Row: 686] [Column: 3] [Expected: Bo Yuan] [Actual: Slava Zhukov], 
[Row: 687] [Column: 1] [Expected: 6,973] [Actual: 6,878], 
[Row: 687] [Column: 2] [Expected: crolvung] [Actual: byuan], 
[Row: 687] [Column: 3] [Expected: Christian Rolvung] [Actual: Bo Yuan], 
[Row: 687] [Column: 5] [Expected: Sydney] [Actual: 51 Astor Place], 
[Row: 688] [Column: 1] [Expected: 7,423] [Actual: 6,973], 
[Row: 688] [Column: 2] [Expected: nlubchen] [Actual: crolvung], 
[Row: 688] [Column: 3] [Expected: Nazar Lubchenko] [Actual: Christian Rolvung], 
[Row: 688] [Column: 5] [Expected: 51 Astor Place] [Actual: Sydney], 
[Row: 689] [Column: 1] [Expected: 7,784] [Actual: 7,423], 
[Row: 689] [Column: 2] [Expected: ldeleo] [Actual: nlubchen], 
[Row: 689] [Column: 3] [Expected: Lorenzo De Leo] [Actual: Nazar Lubchenko], 
[Row: 689] [Column: 5] [Expected: France] [Actual: 51 Astor Place], 
[Row: 690] [Column: 1] [Expected: 7,821] [Actual: 7,784], 
[Row: 690] [Column: 2] [Expected: wreid] [Actual: ldeleo], 
[Row: 690] [Column: 3] [Expected: William Reid] [Actual: Lorenzo De Leo], 
[Row: 690] [Column: 5] [Expected: 10 NBS] [Actual: France], 
[Row: 691] [Column: 1] [Expected: 1,188] [Actual: 7,821], 
[Row: 691] [Column: 2] [Expected: mglennan] [Actual: wreid], 
[Row: 691] [Column: 3] [Expected: Mike Glennan] [Actual: William Reid], 
[Row: 691] [Column: 5] [Expected: 200 Elm] [Actual: 10 NBS], 
[Row: 691] [Column: 6] [Expected: isttvxSLlev] [Actual: isttvvolasd5], 
[Row: 692] [Column: 1] [Expected: 3] [Actual: 1,188], 
[Row: 692] [Column: 2] [Expected: stevee] [Actual: mglennan], 
[Row: 692] [Column: 3] [Expected: Steve Evans] [Actual: Mike Glennan], 
[Row: 693] [Column: 1] [Expected: 5,848] [Actual: 3], 
[Row: 693] [Column: 2] [Expected: owatson] [Actual: stevee], 
[Row: 693] [Column: 3] [Expected: Ollie Watson] [Actual: Steve Evans], 
[Row: 693] [Column: 5] [Expected: 10 NBS] [Actual: 200 Elm], 
[Row: 694] [Column: 1] [Expected: 5,867] [Actual: 5,848], 
[Row: 694] [Column: 2] [Expected: dgenkin] [Actual: owatson], 
[Row: 694] [Column: 3] [Expected: Dmitriy Genkin] [Actual: Ollie Watson], 
[Row: 694] [Column: 5] [Expected: 51 Astor Place] [Actual: 10 NBS], 
[Row: 695] [Column: 1] [Expected: 5,864] [Actual: 5,867], 
[Row: 695] [Column: 2] [Expected: cvoekler] [Actual: dgenkin], 
[Row: 695] [Column: 3] [Expected: Christopher Voekler] [Actual: Dmitriy Genkin], 
[Row: 696] [Column: 1] [Expected: 5,773] [Actual: 5,864], 
[Row: 696] [Column: 2] [Expected: slevin] [Actual: cvoekler], 
[Row: 696] [Column: 3] [Expected: Sergey Levin] [Actual: Christopher Voekler], 
[Row: 697] [Column: 1] [Expected: 5,897] [Actual: 5,773], 
[Row: 697] [Column: 2] [Expected: aodinaye] [Actual: slevin], 
[Row: 697] [Column: 3] [Expected: Alex Odinayev] [Actual: Sergey Levin], 
[Row: 698] [Column: 1] [Expected: 5,992] [Actual: 5,897], 
[Row: 698] [Column: 2] [Expected: wchapman] [Actual: aodinaye], 
[Row: 698] [Column: 3] [Expected: William Chapman] [Actual: Alex Odinayev], 
[Row: 698] [Column: 5] [Expected: 10 NBS] [Actual: 51 Astor Place], 
[Row: 699] [Column: 1] [Expected: 6,193] [Actual: 5,992], 
[Row: 699] [Column: 2] [Expected: vzhukov] [Actual: wchapman], 
[Row: 699] [Column: 3] [Expected: Slava Zhukov] [Actual: William Chapman], 
[Row: 699] [Column: 5] [Expected: 51 Astor Place] [Actual: 10 NBS], 
[Row: 700] [Column: 1] [Expected: 6,878] [Actual: 6,193], 
[Row: 700] [Column: 2] [Expected: byuan] [Actual: vzhukov], 
[Row: 700] [Column: 3] [Expected: Bo Yuan] [Actual: Slava Zhukov], 
[Row: 701] [Column: 1] [Expected: 6,973] [Actual: 6,878], 
[Row: 701] [Column: 2] [Expected: crolvung] [Actual: byuan], 
[Row: 701] [Column: 3] [Expected: Christian Rolvung] [Actual: Bo Yuan], 
[Row: 701] [Column: 5] [Expected: Sydney] [Actual: 51 Astor Place], 
[Row: 702] [Column: 1] [Expected: 7,095] [Actual: 6,973], 
[Row: 702] [Column: 2] [Expected: asamuel] [Actual: crolvung], 
[Row: 702] [Column: 3] [Expected: Alex Samuel] [Actual: Christian Rolvung], 
[Row: 702] [Column: 5] [Expected: 51 Astor Place] [Actual: Sydney], 
[Row: 703] [Column: 1] [Expected: 7,306] [Actual: 7,095], 
[Row: 703] [Column: 2] [Expected: wdorsey] [Actual: asamuel], 
[Row: 703] [Column: 3] [Expected: William Dorsey] [Actual: Alex Samuel], 
[Row: 703] [Column: 5] [Expected: 10 NBS] [Actual: 51 Astor Place], 
[Row: 704] [Column: 1] [Expected: 7,423] [Actual: 7,306], 
[Row: 704] [Column: 2] [Expected: nlubchen] [Actual: wdorsey], 
[Row: 704] [Column: 3] [Expected: Nazar Lubchenko] [Actual: William Dorsey], 
[Row: 704] [Column: 5] [Expected: 51 Astor Place] [Actual: 10 NBS], 
[Row: 705] [Column: 1] [Expected: 7,745] [Actual: 7,423], 
[Row: 705] [Column: 2] [Expected: jtereshc] [Actual: nlubchen], 
[Row: 705] [Column: 3] [Expected: Julie Tereshchenko] [Actual: Nazar Lubchenko], 
[Row: 706] [Column: 1] [Expected: 7,692] [Actual: 7,745], 
[Row: 706] [Column: 2] [Expected: oharrima] [Actual: jtereshc], 
[Row: 706] [Column: 3] [Expected: Oliver Harriman] [Actual: Julie Tereshchenko], 
[Row: 706] [Column: 5] [Expected: 10 NBS] [Actual: 51 Astor Place], 
[Row: 707] [Column: 1] [Expected: 1,188] [Actual: 7,692], 
[Row: 707] [Column: 2] [Expected: mglennan] [Actual: oharrima], 
[Row: 707] [Column: 3] [Expected: Mike Glennan] [Actual: Oliver Harriman], 
[Row: 707] [Column: 5] [Expected: 200 Elm] [Actual: 10 NBS], 
[Row: 707] [Column: 6] [Expected: isttvxcdsdlev] [Actual: isttvxSLlev], 
[Row: 708] [Column: 1] [Expected: 3] [Actual: 1,188], 
[Row: 708] [Column: 2] [Expected: stevee] [Actual: mglennan], 
[Row: 708] [Column: 3] [Expected: Steve Evans] [Actual: Mike Glennan], 
[Row: 709] [Column: 1] [Expected: 5,848] [Actual: 3], 
[Row: 709] [Column: 2] [Expected: owatson] [Actual: stevee], 
[Row: 709] [Column: 3] [Expected: Ollie Watson] [Actual: Steve Evans], 
[Row: 709] [Column: 5] [Expected: 10 NBS] [Actual: 200 Elm], 
[Row: 710] [Column: 1] [Expected: 5,773] [Actual: 5,848], 
[Row: 710] [Column: 2] [Expected: slevin] [Actual: owatson], 
[Row: 710] [Column: 3] [Expected: Sergey Levin] [Actual: Ollie Watson], 
[Row: 710] [Column: 5] [Expected: 51 Astor Place] [Actual: 10 NBS], 
[Row: 711] [Column: 1] [Expected: 7,095] [Actual: 5,773], 
[Row: 711] [Column: 2] [Expected: asamuel] [Actual: slevin], 
[Row: 711] [Column: 3] [Expected: Alex Samuel] [Actual: Sergey Levin], 
[Row: 712] [Column: 1] [Expected: 7,253] [Actual: 7,095], 
[Row: 712] [Column: 2] [Expected: acherner] [Actual: asamuel], 
[Row: 712] [Column: 3] [Expected: Alex Cherner] [Actual: Alex Samuel], 
[Row: 713] [Column: 1] [Expected: 7,594] [Actual: 7,253], 
[Row: 713] [Column: 2] [Expected: vpaskhav] [Actual: acherner], 
[Row: 713] [Column: 3] [Expected: Victor Paskhaver] [Actual: Alex Cherner], 
[Row: 714] [Column: 1] [Expected: 7,674] [Actual: 7,594], 
[Row: 714] [Column: 2] [Expected: cchin] [Actual: vpaskhav], 
[Row: 714] [Column: 3] [Expected: Chris Chin] [Actual: Victor Paskhaver], 
[Row: 715] [Column: 1] [Expected: 1,188] [Actual: 7,674], 
[Row: 715] [Column: 2] [Expected: mglennan] [Actual: cchin], 
[Row: 715] [Column: 3] [Expected: Mike Glennan] [Actual: Chris Chin], 
[Row: 715] [Column: 5] [Expected: 200 Elm] [Actual: 51 Astor Place], 
[Row: 715] [Column: 6] [Expected: isttvxmass1dlev] [Actual: isttvxcdsdlev], 
[Row: 716] [Column: 1] [Expected: 3] [Actual: 1,188], 
[Row: 716] [Column: 2] [Expected: stevee] [Actual: mglennan], 
[Row: 716] [Column: 3] [Expected: Steve Evans] [Actual: Mike Glennan], 
[Row: 717] [Column: 1] [Expected: 5,545] [Actual: 3], 
[Row: 717] [Column: 2] [Expected: twynter] [Actual: stevee], 
[Row: 717] [Column: 3] [Expected: Tom Wynter] [Actual: Steve Evans], 
[Row: 717] [Column: 6] [Expected: isttvxtwdlev] [Actual: isttvxmass1dlev], 
[Row: 718] [Column: 1] [Expected: 6,924] [Actual: 5,545], 
[Row: 718] [Column: 2] [Expected: fye] [Actual: twynter], 
[Row: 718] [Column: 3] [Expected: Fei Ye] [Actual: Tom Wynter], 
[Row: 719] [Column: 1] [Expected: 6,894] [Actual: 6,924], 
[Row: 719] [Column: 2] [Expected: rtoghrae] [Actual: fye], 
[Row: 719] [Column: 3] [Expected: Reza Toghraee] [Actual: Fei Ye], 
[Row: 720] [Column: 1] [Expected: 7,830] [Actual: 6,894], 
[Row: 720] [Column: 2] [Expected: jcasbon] [Actual: rtoghrae], 
[Row: 720] [Column: 3] [Expected: James Casbon] [Actual: Reza Toghraee], 
[Row: 720] [Column: 5] [Expected: 10 NBS] [Actual: 200 Elm], 
[Row: 721] [Column: 1] [Expected: 7,787] [Actual: 7,830], 
[Row: 721] [Column: 2] [Expected: lberkowi] [Actual: jcasbon], 
[Row: 721] [Column: 3] [Expected: Lee Berkowitz] [Actual: James Casbon], 
[Row: 721] [Column: 4] [Expected: Global Macro Trading] [Actual: Systems Trading], 
[Row: 721] [Column: 5] [Expected: 200 Elm] [Actual: 10 NBS], 
[Row: 721] [Column: 6] [Expected: lberkowi] [Actual: isttvxtwdlev], 
[Row: 722] [Column: 1] [Expected: 7,791] [Actual: 7,787], 
[Row: 722] [Column: 2] [Expected: kcheluka] [Actual: lberkowi], 
[Row: 722] [Column: 3] [Expected: Keerthi Cheluka] [Actual: Lee Berkowitz], 
[Row: 723] [Column: 1] [Expected: 7,862] [Actual: 7,791], 
[Row: 723] [Column: 2] [Expected: morsley] [Actual: kcheluka], 
[Row: 723] [Column: 3] [Expected: Mark Orsley] [Actual: Keerthi Cheluka], 
[Row: 724] [Column: 1] [Expected: 1,188] [Actual: 7,862], 
[Row: 724] [Column: 2] [Expected: mglennan] [Actual: morsley], 
[Row: 724] [Column: 3] [Expected: Mike Glennan] [Actual: Mark Orsley], 
[Row: 724] [Column: 4] [Expected: Systems Trading] [Actual: Global Macro Trading], 
[Row: 724] [Column: 6] [Expected: lttech] [Actual: lberkowi], 
[Row: 725] [Column: 1] [Expected: 5,047] [Actual: 1,188], 
[Row: 725] [Column: 2] [Expected: kniedfel] [Actual: mglennan], 
[Row: 725] [Column: 3] [Expected: Keith Niedfeldt] [Actual: Mike Glennan], 
[Row: 725] [Column: 4] [Expected: Global Macro Trading] [Actual: Systems Trading], 
[Row: 725] [Column: 5] [Expected: 51 Astor Place] [Actual: 200 Elm], 
[Row: 726] [Column: 1] [Expected: 629] [Actual: 5,047], 
[Row: 726] [Column: 2] [Expected: uhoffman] [Actual: kniedfel], 
[Row: 726] [Column: 3] [Expected: Ulrike Hoffmann-Burchardi] [Actual: Keith Niedfeldt], 
[Row: 727] [Column: 1] [Expected: 4,229] [Actual: 629], 
[Row: 727] [Column: 2] [Expected: okieran] [Actual: uhoffman], 
[Row: 727] [Column: 3] [Expected: Kieran O&#039;Donnell] [Actual: Ulrike Hoffmann-Burchardi], 
[Row: 728] [Column: 1] [Expected: 7,002] [Actual: 4,229], 
[Row: 728] [Column: 2] [Expected: slee] [Actual: okieran], 
[Row: 728] [Column: 3] [Expected: Sunyan Lee] [Actual: Kieran O&#039;Donnell], 
[Row: 729] [Column: 1] [Expected: 7,852] [Actual: 7,002], 
[Row: 729] [Column: 2] [Expected: drainvil] [Actual: slee], 
[Row: 729] [Column: 3] [Expected: David Rainville] [Actual: Sunyan Lee], 
[Row: 730] [Column: 1] [Expected: 5,396] [Actual: 7,852], 
[Row: 730] [Column: 2] [Expected: mmalbasi] [Actual: drainvil], 
[Row: 730] [Column: 3] [Expected: Mihail Malbasic] [Actual: David Rainville], 
[Row: 730] [Column: 5] [Expected: 10 NBS] [Actual: 51 Astor Place], 
[Row: 730] [Column: 6] [Expected: mmalbasi] [Actual: lttech], 
[Row: 731] [Column: 1] [Expected: 5,841] [Actual: 5,396], 
[Row: 731] [Column: 2] [Expected: mbilotti] [Actual: mmalbasi], 
[Row: 731] [Column: 3] [Expected: Michael Bilotti (Rebar)] [Actual: Mihail Malbasic], 
[Row: 731] [Column: 4] [Expected: IT Vendor Services] [Actual: Global Macro Trading], 
[Row: 731] [Column: 5] [Expected: Offsite - US Office] [Actual: 10 NBS], 
[Row: 732] [Column: 1] [Expected: 7,685] [Actual: 5,841], 
[Row: 732] [Column: 2] [Expected: dmilijan] [Actual: mbilotti], 
[Row: 732] [Column: 3] [Expected: Dusan Milijancevic] [Actual: Michael Bilotti (Rebar)], 
[Row: 732] [Column: 4] [Expected: Global Macro Trading] [Actual: IT Vendor Services], 
[Row: 732] [Column: 5] [Expected: 10 NBS] [Actual: Offsite - US Office], 
[Row: 733] [Column: 1] [Expected: 6,330] [Actual: 7,685], 
[Row: 733] [Column: 2] [Expected: nbhuta] [Actual: dmilijan], 
[Row: 733] [Column: 3] [Expected: Nick Bhuta] [Actual: Dusan Milijancevic], 
[Row: 733] [Column: 5] [Expected: 51 Astor Place] [Actual: 10 NBS], 
[Row: 733] [Column: 6] [Expected: nbhuta] [Actual: mmalbasi], 
[Row: 734] [Column: 1] [Expected: 7,430] [Actual: 6,330], 
[Row: 734] [Column: 2] [Expected: tstoffer] [Actual: nbhuta], 
[Row: 734] [Column: 3] [Expected: Tyler Stoffers] [Actual: Nick Bhuta], 
[Row: 735] [Column: 1] [Expected: 7,417] [Actual: 7,430], 
[Row: 735] [Column: 2] [Expected: dprakape] [Actual: tstoffer], 
[Row: 735] [Column: 3] [Expected: Dzmitry Prakapenka] [Actual: Tyler Stoffers], 
[Row: 736] [Column: 1] [Expected: 7,718] [Actual: 7,417], 
[Row: 736] [Column: 2] [Expected: fschoens] [Actual: dprakape], 
[Row: 736] [Column: 3] [Expected: Fred Schoenstein] [Actual: Dzmitry Prakapenka], 
[Row: 737] [Column: 1] [Expected: 7,766] [Actual: 7,718], 
[Row: 737] [Column: 2] [Expected: seans] [Actual: fschoens], 
[Row: 737] [Column: 3] [Expected: Sean Sullivan] [Actual: Fred Schoenstein], 
[Row: 738] [Column: 1] [Expected: 7,537] [Actual: 7,766], 
[Row: 738] [Column: 2] [Expected: qkhan] [Actual: seans], 
[Row: 738] [Column: 3] [Expected: Qasim Khan] [Actual: Sean Sullivan], 
[Row: 739] [Column: 1] [Expected: 7,610] [Actual: 7,537], 
[Row: 739] [Column: 2] [Expected: nsharma] [Actual: qkhan], 
[Row: 739] [Column: 3] [Expected: Nikhil Sharma] [Actual: Qasim Khan], 
[Row: 739] [Column: 6] [Expected: nsharma] [Actual: nbhuta], 
[Row: 740] [Column: 1] [Expected: 7,709] [Actual: 7,610], 
[Row: 740] [Column: 2] [Expected: ohawkins] [Actual: nsharma], 
[Row: 740] [Column: 3] [Expected: Ollie Hawkins] [Actual: Nikhil Sharma], 
[Row: 740] [Column: 5] [Expected: 10 NBS] [Actual: 51 Astor Place], 
[Row: 740] [Column: 6] [Expected: ohawkins] [Actual: nsharma], 
[Row: 741] [Column: 1] [Expected: 7,712] [Actual: 7,709], 
[Row: 741] [Column: 2] [Expected: carmitag] [Actual: ohawkins], 
[Row: 741] [Column: 3] [Expected: Charmaine Armitage-Caplan] [Actual: Ollie Hawkins], 
[Row: 742] [Column: 1] [Expected: 207] [Actual: 7,712], 
[Row: 742] [Column: 2] [Expected: albertoa] [Actual: carmitag], 
[Row: 742] [Column: 3] [Expected: Alberto Antonini] [Actual: Charmaine Armitage-Caplan], 
[Row: 742] [Column: 4] [Expected: Flow of Funds] [Actual: Global Macro Trading], 
[Row: 742] [Column: 5] [Expected: 51 Astor Place] [Actual: 10 NBS], 
[Row: 742] [Column: 6] [Expected: paul] [Actual: ohawkins], 
[Row: 743] [Column: 1] [Expected: 4,681] [Actual: 207], 
[Row: 743] [Column: 2] [Expected: kcheong] [Actual: albertoa], 
[Row: 743] [Column: 3] [Expected: Kenneth Cheong] [Actual: Alberto Antonini], 
[Row: 744] [Column: 1] [Expected: 987] [Actual: 4,681], 
[Row: 744] [Column: 2] [Expected: cdodman] [Actual: kcheong], 
[Row: 744] [Column: 3] [Expected: Colleen Dodman] [Actual: Kenneth Cheong], 
[Row: 744] [Column: 4] [Expected: PTJ Personal] [Actual: Flow of Funds], 
[Row: 744] [Column: 5] [Expected: Greenwich American Center] [Actual: 51 Astor Place], 
[Row: 745] [Column: 1] [Expected: 324] [Actual: 987], 
[Row: 745] [Column: 2] [Expected: jscranton] [Actual: cdodman], 
[Row: 745] [Column: 3] [Expected: John Scranton] [Actual: Colleen Dodman], 
[Row: 745] [Column: 4] [Expected: Market Strategy] [Actual: PTJ Personal], 
[Row: 745] [Column: 5] [Expected: 200 Elm] [Actual: Greenwich American Center], 
[Row: 746] [Column: 1] [Expected: 6,030] [Actual: 324], 
[Row: 746] [Column: 2] [Expected: spearson] [Actual: jscranton], 
[Row: 746] [Column: 3] [Expected: Steven Pearson] [Actual: John Scranton], 
[Row: 746] [Column: 4] [Expected: Flow of Funds] [Actual: Market Strategy], 
[Row: 746] [Column: 5] [Expected: 51 Astor Place] [Actual: 200 Elm], 
[Row: 747] [Column: 1] [Expected: 6,057] [Actual: 6,030], 
[Row: 747] [Column: 2] [Expected: clim] [Actual: spearson], 
[Row: 747] [Column: 3] [Expected: Curtis Lim] [Actual: Steven Pearson], 
[Row: 748] [Column: 1] [Expected: 7,758] [Actual: 6,057], 
[Row: 748] [Column: 2] [Expected: carolz] [Actual: clim], 
[Row: 748] [Column: 3] [Expected: Carol Zhang] [Actual: Curtis Lim], 
[Row: 749] [Column: 1] [Expected: 7,737] [Actual: 7,758], 
[Row: 749] [Column: 2] [Expected: dzhou] [Actual: carolz], 
[Row: 749] [Column: 3] [Expected: Daniel Zhou] [Actual: Carol Zhang], 
[Row: 750] [Column: 1] [Expected: 7,020] [Actual: 7,737], 
[Row: 750] [Column: 2] [Expected: jzhu] [Actual: dzhou], 
[Row: 750] [Column: 3] [Expected: Jessica Zhu] [Actual: Daniel Zhou], 
[Row: 751] [Column: 1] [Expected: 324] [Actual: 7,020], 
[Row: 751] [Column: 2] [Expected: jscranton] [Actual: jzhu], 
[Row: 751] [Column: 3] [Expected: John Scranton] [Actual: Jessica Zhu], 
[Row: 751] [Column: 4] [Expected: Market Strategy] [Actual: Flow of Funds], 
[Row: 751] [Column: 5] [Expected: 200 Elm] [Actual: 51 Astor Place], 
[Row: 751] [Column: 6] [Expected: paulinfl] [Actual: paul], 
[Row: 752] [Column: 6] [Expected: pauljwoffset] [Actual: paulinfl], 
[Row: 753] [Column: 6] [Expected: pauljwsyn] [Actual: pauljwoffset], 
[Row: 754] [Column: 1] [Expected: 207] [Actual: 324], 
[Row: 754] [Column: 2] [Expected: albertoa] [Actual: jscranton], 
[Row: 754] [Column: 3] [Expected: Alberto Antonini] [Actual: John Scranton], 
[Row: 754] [Column: 4] [Expected: Flow of Funds] [Actual: Market Strategy], 
[Row: 754] [Column: 5] [Expected: 51 Astor Place] [Actual: 200 Elm], 
[Row: 754] [Column: 6] [Expected: paullev] [Actual: pauljwsyn], 
[Row: 755] [Column: 1] [Expected: 4,681] [Actual: 207], 
[Row: 755] [Column: 2] [Expected: kcheong] [Actual: albertoa], 
[Row: 755] [Column: 3] [Expected: Kenneth Cheong] [Actual: Alberto Antonini], 
[Row: 756] [Column: 1] [Expected: 987] [Actual: 4,681], 
[Row: 756] [Column: 2] [Expected: cdodman] [Actual: kcheong], 
[Row: 756] [Column: 3] [Expected: Colleen Dodman] [Actual: Kenneth Cheong], 
[Row: 756] [Column: 4] [Expected: PTJ Personal] [Actual: Flow of Funds], 
[Row: 756] [Column: 5] [Expected: Greenwich American Center] [Actual: 51 Astor Place], 
[Row: 757] [Column: 1] [Expected: 324] [Actual: 987], 
[Row: 757] [Column: 2] [Expected: jscranton] [Actual: cdodman], 
[Row: 757] [Column: 3] [Expected: John Scranton] [Actual: Colleen Dodman], 
[Row: 757] [Column: 4] [Expected: Market Strategy] [Actual: PTJ Personal], 
[Row: 757] [Column: 5] [Expected: 200 Elm] [Actual: Greenwich American Center], 
[Row: 758] [Column: 1] [Expected: 7,758] [Actual: 324], 
[Row: 758] [Column: 2] [Expected: carolz] [Actual: jscranton], 
[Row: 758] [Column: 3] [Expected: Carol Zhang] [Actual: John Scranton], 
[Row: 758] [Column: 4] [Expected: Flow of Funds] [Actual: Market Strategy], 
[Row: 758] [Column: 5] [Expected: 51 Astor Place] [Actual: 200 Elm], 
[Row: 759] [Column: 1] [Expected: 5,186] [Actual: 7,758], 
[Row: 759] [Column: 2] [Expected: jgerstei] [Actual: carolz], 
[Row: 759] [Column: 3] [Expected: Jason Gerstein] [Actual: Carol Zhang], 
[Row: 759] [Column: 4] [Expected: Quant Initiatives] [Actual: Flow of Funds], 
[Row: 759] [Column: 6] [Expected: qistmajg1] [Actual: paullev], 
[Row: 760] [Column: 1] [Expected: 7,159] [Actual: 5,186], 
[Row: 760] [Column: 2] [Expected: vdobru] [Actual: jgerstei], 
[Row: 760] [Column: 3] [Expected: Vlad Dobru] [Actual: Jason Gerstein], 
[Row: 761] [Column: 1] [Expected: 7,074] [Actual: 7,159], 
[Row: 761] [Column: 2] [Expected: pchan] [Actual: vdobru], 
[Row: 761] [Column: 3] [Expected: Patrick Chan] [Actual: Vlad Dobru], 
[Row: 761] [Column: 5] [Expected: Singapore] [Actual: 51 Astor Place], 
[Row: 762] [Column: 1] [Expected: 7,846] [Actual: 7,074], 
[Row: 762] [Column: 2] [Expected: ychia] [Actual: pchan], 
[Row: 762] [Column: 3] [Expected: Yeow Khiang Chia] [Actual: Patrick Chan], 
[Row: 763] [Column: 1] [Expected: 5,186] [Actual: 7,846], 
[Row: 763] [Column: 2] [Expected: jgerstei] [Actual: ychia], 
[Row: 763] [Column: 3] [Expected: Jason Gerstein] [Actual: Yeow Khiang Chia], 
[Row: 763] [Column: 5] [Expected: 51 Astor Place] [Actual: Singapore], 
[Row: 763] [Column: 6] [Expected: qistmajg1hedge] [Actual: qistmajg1], 
[Row: 764] [Column: 1] [Expected: 7,159] [Actual: 5,186], 
[Row: 764] [Column: 2] [Expected: vdobru] [Actual: jgerstei], 
[Row: 764] [Column: 3] [Expected: Vlad Dobru] [Actual: Jason Gerstein], 
[Row: 765] [Column: 1] [Expected: 7,074] [Actual: 7,159], 
[Row: 765] [Column: 2] [Expected: pchan] [Actual: vdobru], 
[Row: 765] [Column: 3] [Expected: Patrick Chan] [Actual: Vlad Dobru], 
[Row: 765] [Column: 5] [Expected: Singapore] [Actual: 51 Astor Place], 
[Row: 766] [Column: 1] [Expected: 7,846] [Actual: 7,074], 
[Row: 766] [Column: 2] [Expected: ychia] [Actual: pchan], 
[Row: 766] [Column: 3] [Expected: Yeow Khiang Chia] [Actual: Patrick Chan], 
[Row: 767] [Column: 1] [Expected: 5,186] [Actual: 7,846], 
[Row: 767] [Column: 2] [Expected: jgerstei] [Actual: ychia], 
[Row: 767] [Column: 3] [Expected: Jason Gerstein] [Actual: Yeow Khiang Chia], 
[Row: 767] [Column: 5] [Expected: 51 Astor Place] [Actual: Singapore], 
[Row: 767] [Column: 6] [Expected: qistmajg1lev] [Actual: qistmajg1hedge], 
[Row: 768] [Column: 1] [Expected: 7,159] [Actual: 5,186], 
[Row: 768] [Column: 2] [Expected: vdobru] [Actual: jgerstei], 
[Row: 768] [Column: 3] [Expected: Vlad Dobru] [Actual: Jason Gerstein], 
[Row: 769] [Column: 1] [Expected: 7,074] [Actual: 7,159], 
[Row: 769] [Column: 2] [Expected: pchan] [Actual: vdobru], 
[Row: 769] [Column: 3] [Expected: Patrick Chan] [Actual: Vlad Dobru], 
[Row: 769] [Column: 5] [Expected: Singapore] [Actual: 51 Astor Place], 
[Row: 770] [Column: 1] [Expected: 7,846] [Actual: 7,074], 
[Row: 770] [Column: 2] [Expected: ychia] [Actual: pchan], 
[Row: 770] [Column: 3] [Expected: Yeow Khiang Chia] [Actual: Patrick Chan], 
[Row: 771] [Column: 1] [Expected: 4,478] [Actual: 7,846], 
[Row: 771] [Column: 2] [Expected: afox] [Actual: ychia], 
[Row: 771] [Column: 3] [Expected: Ashley Fox] [Actual: Yeow Khiang Chia], 
[Row: 771] [Column: 4] [Expected: Global Macro Trading] [Actual: Quant Initiatives], 
[Row: 771] [Column: 5] [Expected: 10 NBS] [Actual: Singapore], 
[Row: 771] [Column: 6] [Expected: rjackson] [Actual: qistmajg1lev], 
[Row: 772] [Column: 1] [Expected: 1,101] [Actual: 4,478], 
[Row: 772] [Column: 2] [Expected: rjackson] [Actual: afox], 
[Row: 772] [Column: 3] [Expected: Richard Jackson] [Actual: Ashley Fox], 
[Row: 773] [Column: 1] [Expected: 7,507] [Actual: 1,101], 
[Row: 773] [Column: 2] [Expected: joeg] [Actual: rjackson], 
[Row: 773] [Column: 3] [Expected: Joe Goodman] [Actual: Richard Jackson], 
[Row: 774] [Column: 1] [Expected: 7,789] [Actual: 7,507], 
[Row: 774] [Column: 2] [Expected: sschuste] [Actual: joeg], 
[Row: 774] [Column: 3] [Expected: Stuart Schuster] [Actual: Joe Goodman], 
[Row: 774] [Column: 5] [Expected: Offsite - US Office] [Actual: 10 NBS], 
[Row: 774] [Column: 6] [Expected: sschuste] [Actual: rjackson], 
[Row: 775] [Column: 1] [Expected: 7,858] [Actual: 7,789], 
[Row: 775] [Column: 2] [Expected: cwong] [Actual: sschuste], 
[Row: 775] [Column: 3] [Expected: Chee Mun Wong] [Actual: Stuart Schuster], 
[Row: 775] [Column: 5] [Expected: Singapore] [Actual: Offsite - US Office], 
[Row: 776] [Column: 1] [Expected: 131] [Actual: 7,858], 
[Row: 776] [Column: 2] [Expected: dcook] [Actual: cwong], 
[Row: 776] [Column: 3] [Expected: Daryl Cook] [Actual: Chee Mun Wong], 
[Row: 776] [Column: 4] [Expected: Systems Trading] [Actual: Global Macro Trading], 
[Row: 776] [Column: 5] [Expected: 10 NBS] [Actual: Singapore], 
[Row: 776] [Column: 6] [Expected: synfundma] [Actual: sschuste], 
[Row: 777] [Column: 1] [Expected: 3] [Actual: 131], 
[Row: 777] [Column: 2] [Expected: stevee] [Actual: dcook], 
[Row: 777] [Column: 3] [Expected: Steve Evans] [Actual: Daryl Cook], 
[Row: 777] [Column: 5] [Expected: 200 Elm] [Actual: 10 NBS], 
[Row: 778] [Column: 1] [Expected: 5,032] [Actual: 3], 
[Row: 778] [Column: 2] [Expected: abelinky] [Actual: stevee], 
[Row: 778] [Column: 3] [Expected: Alejandro Belinky] [Actual: Steve Evans], 
[Row: 778] [Column: 4] [Expected: Global Macro Trading] [Actual: Systems Trading], 
[Row: 779] [Column: 1] [Expected: 131] [Actual: 5,032], 
[Row: 779] [Column: 2] [Expected: dcook] [Actual: abelinky], 
[Row: 779] [Column: 3] [Expected: Daryl Cook] [Actual: Alejandro Belinky], 
[Row: 779] [Column: 4] [Expected: Systems Trading] [Actual: Global Macro Trading], 
[Row: 779] [Column: 5] [Expected: 10 NBS] [Actual: 200 Elm], 
[Row: 779] [Column: 6] [Expected: sysallab1] [Actual: synfundma], 
[Row: 780] [Column: 1] [Expected: 1,188] [Actual: 131], 
[Row: 780] [Column: 2] [Expected: mglennan] [Actual: dcook], 
[Row: 780] [Column: 3] [Expected: Mike Glennan] [Actual: Daryl Cook], 
[Row: 780] [Column: 5] [Expected: 200 Elm] [Actual: 10 NBS], 
[Row: 781] [Column: 1] [Expected: 3] [Actual: 1,188], 
[Row: 781] [Column: 2] [Expected: stevee] [Actual: mglennan], 
[Row: 781] [Column: 3] [Expected: Steve Evans] [Actual: Mike Glennan], 
[Row: 782] [Column: 1] [Expected: 5,032] [Actual: 3], 
[Row: 782] [Column: 2] [Expected: abelinky] [Actual: stevee], 
[Row: 782] [Column: 3] [Expected: Alejandro Belinky] [Actual: Steve Evans], 
[Row: 782] [Column: 4] [Expected: Global Macro Trading] [Actual: Systems Trading], 
[Row: 783] [Column: 1] [Expected: 6,799] [Actual: 5,032], 
[Row: 783] [Column: 2] [Expected: dyu] [Actual: abelinky], 
[Row: 783] [Column: 3] [Expected: Danny Yu] [Actual: Alejandro Belinky], 
[Row: 783] [Column: 5] [Expected: 51 Astor Place] [Actual: 200 Elm], 
[Row: 784] [Column: 1] [Expected: 1,188] [Actual: 6,799], 
[Row: 784] [Column: 2] [Expected: mglennan] [Actual: dyu], 
[Row: 784] [Column: 3] [Expected: Mike Glennan] [Actual: Danny Yu], 
[Row: 784] [Column: 4] [Expected: Systems Trading] [Actual: Global Macro Trading], 
[Row: 784] [Column: 5] [Expected: 200 Elm] [Actual: 51 Astor Place], 
[Row: 784] [Column: 6] [Expected: syseqased1] [Actual: sysallab1], 
[Row: 785] [Column: 1] [Expected: 5,047] [Actual: 1,188], 
[Row: 785] [Column: 2] [Expected: kniedfel] [Actual: mglennan], 
[Row: 785] [Column: 3] [Expected: Keith Niedfeldt] [Actual: Mike Glennan], 
[Row: 785] [Column: 4] [Expected: Global Macro Trading] [Actual: Systems Trading], 
[Row: 785] [Column: 5] [Expected: 51 Astor Place] [Actual: 200 Elm], 
[Row: 786] [Column: 1] [Expected: 629] [Actual: 5,047], 
[Row: 786] [Column: 2] [Expected: uhoffman] [Actual: kniedfel], 
[Row: 786] [Column: 3] [Expected: Ulrike Hoffmann-Burchardi] [Actual: Keith Niedfeldt], 
[Row: 787] [Column: 1] [Expected: 4,229] [Actual: 629], 
[Row: 787] [Column: 2] [Expected: okieran] [Actual: uhoffman], 
[Row: 787] [Column: 3] [Expected: Kieran O&#039;Donnell] [Actual: Ulrike Hoffmann-Burchardi], 
[Row: 788] [Column: 1] [Expected: 7,002] [Actual: 4,229], 
[Row: 788] [Column: 2] [Expected: slee] [Actual: okieran], 
[Row: 788] [Column: 3] [Expected: Sunyan Lee] [Actual: Kieran O&#039;Donnell], 
[Row: 789] [Column: 1] [Expected: 7,852] [Actual: 7,002], 
[Row: 789] [Column: 2] [Expected: drainvil] [Actual: slee], 
[Row: 789] [Column: 3] [Expected: David Rainville] [Actual: Sunyan Lee], 
[Row: 790] [Column: 1] [Expected: 1,188] [Actual: 7,852], 
[Row: 790] [Column: 2] [Expected: mglennan] [Actual: drainvil], 
[Row: 790] [Column: 3] [Expected: Mike Glennan] [Actual: David Rainville], 
[Row: 790] [Column: 4] [Expected: Systems Trading] [Actual: Global Macro Trading], 
[Row: 790] [Column: 5] [Expected: 200 Elm] [Actual: 51 Astor Place], 
[Row: 790] [Column: 6] [Expected: syseqeued1] [Actual: syseqased1], 
[Row: 791] [Column: 1] [Expected: 5,047] [Actual: 1,188], 
[Row: 791] [Column: 2] [Expected: kniedfel] [Actual: mglennan], 
[Row: 791] [Column: 3] [Expected: Keith Niedfeldt] [Actual: Mike Glennan], 
[Row: 791] [Column: 4] [Expected: Global Macro Trading] [Actual: Systems Trading], 
[Row: 791] [Column: 5] [Expected: 51 Astor Place] [Actual: 200 Elm], 
[Row: 792] [Column: 1] [Expected: 629] [Actual: 5,047], 
[Row: 792] [Column: 2] [Expected: uhoffman] [Actual: kniedfel], 
[Row: 792] [Column: 3] [Expected: Ulrike Hoffmann-Burchardi] [Actual: Keith Niedfeldt], 
[Row: 793] [Column: 1] [Expected: 4,229] [Actual: 629], 
[Row: 793] [Column: 2] [Expected: okieran] [Actual: uhoffman], 
[Row: 793] [Column: 3] [Expected: Kieran O&#039;Donnell] [Actual: Ulrike Hoffmann-Burchardi], 
[Row: 794] [Column: 1] [Expected: 7,002] [Actual: 4,229], 
[Row: 794] [Column: 2] [Expected: slee] [Actual: okieran], 
[Row: 794] [Column: 3] [Expected: Sunyan Lee] [Actual: Kieran O&#039;Donnell], 
[Row: 795] [Column: 1] [Expected: 7,852] [Actual: 7,002], 
[Row: 795] [Column: 2] [Expected: drainvil] [Actual: slee], 
[Row: 795] [Column: 3] [Expected: David Rainville] [Actual: Sunyan Lee], 
[Row: 796] [Column: 1] [Expected: 1,188] [Actual: 7,852], 
[Row: 796] [Column: 2] [Expected: mglennan] [Actual: drainvil], 
[Row: 796] [Column: 3] [Expected: Mike Glennan] [Actual: David Rainville], 
[Row: 796] [Column: 4] [Expected: Systems Trading] [Actual: Global Macro Trading], 
[Row: 796] [Column: 5] [Expected: 200 Elm] [Actual: 51 Astor Place], 
[Row: 796] [Column: 6] [Expected: syseqused1] [Actual: syseqeued1], 
[Row: 797] [Column: 1] [Expected: 5,047] [Actual: 1,188], 
[Row: 797] [Column: 2] [Expected: kniedfel] [Actual: mglennan], 
[Row: 797] [Column: 3] [Expected: Keith Niedfeldt] [Actual: Mike Glennan], 
[Row: 797] [Column: 4] [Expected: Global Macro Trading] [Actual: Systems Trading], 
[Row: 797] [Column: 5] [Expected: 51 Astor Place] [Actual: 200 Elm], 
[Row: 798] [Column: 1] [Expected: 629] [Actual: 5,047], 
[Row: 798] [Column: 2] [Expected: uhoffman] [Actual: kniedfel], 
[Row: 798] [Column: 3] [Expected: Ulrike Hoffmann-Burchardi] [Actual: Keith Niedfeldt], 
[Row: 799] [Column: 1] [Expected: 4,229] [Actual: 629], 
[Row: 799] [Column: 2] [Expected: okieran] [Actual: uhoffman], 
[Row: 799] [Column: 3] [Expected: Kieran O&#039;Donnell] [Actual: Ulrike Hoffmann-Burchardi], 
[Row: 800] [Column: 1] [Expected: 7,002] [Actual: 4,229], 
[Row: 800] [Column: 2] [Expected: slee] [Actual: okieran], 
[Row: 800] [Column: 3] [Expected: Sunyan Lee] [Actual: Kieran O&#039;Donnell], 
[Row: 801] [Column: 1] [Expected: 7,852] [Actual: 7,002], 
[Row: 801] [Column: 2] [Expected: drainvil] [Actual: slee], 
[Row: 801] [Column: 3] [Expected: David Rainville] [Actual: Sunyan Lee], 
[Row: 802] [Column: 1] [Expected: 131] [Actual: 7,852], 
[Row: 802] [Column: 2] [Expected: dcook] [Actual: drainvil], 
[Row: 802] [Column: 3] [Expected: Daryl Cook] [Actual: David Rainville], 
[Row: 802] [Column: 4] [Expected: Systems Trading] [Actual: Global Macro Trading], 
[Row: 802] [Column: 5] [Expected: 10 NBS] [Actual: 51 Astor Place], 
[Row: 802] [Column: 6] [Expected: sysfiab1] [Actual: syseqused1], 
[Row: 803] [Column: 1] [Expected: 1,188] [Actual: 131], 
[Row: 803] [Column: 2] [Expected: mglennan] [Actual: dcook], 
[Row: 803] [Column: 3] [Expected: Mike Glennan] [Actual: Daryl Cook], 
[Row: 803] [Column: 5] [Expected: 200 Elm] [Actual: 10 NBS], 
[Row: 804] [Column: 1] [Expected: 3] [Actual: 1,188], 
[Row: 804] [Column: 2] [Expected: stevee] [Actual: mglennan], 
[Row: 804] [Column: 3] [Expected: Steve Evans] [Actual: Mike Glennan], 
[Row: 805] [Column: 1] [Expected: 5,032] [Actual: 3], 
[Row: 805] [Column: 2] [Expected: abelinky] [Actual: stevee], 
[Row: 805] [Column: 3] [Expected: Alejandro Belinky] [Actual: Steve Evans], 
[Row: 805] [Column: 4] [Expected: Global Macro Trading] [Actual: Systems Trading], 
[Row: 806] [Column: 1] [Expected: 6,799] [Actual: 5,032], 
[Row: 806] [Column: 2] [Expected: dyu] [Actual: abelinky], 
[Row: 806] [Column: 3] [Expected: Danny Yu] [Actual: Alejandro Belinky], 
[Row: 806] [Column: 5] [Expected: 51 Astor Place] [Actual: 200 Elm], 
[Row: 807] [Column: 1] [Expected: 131] [Actual: 6,799], 
[Row: 807] [Column: 2] [Expected: dcook] [Actual: dyu], 
[Row: 807] [Column: 3] [Expected: Daryl Cook] [Actual: Danny Yu], 
[Row: 807] [Column: 4] [Expected: Systems Trading] [Actual: Global Macro Trading], 
[Row: 807] [Column: 5] [Expected: 10 NBS] [Actual: 51 Astor Place], 
[Row: 807] [Column: 6] [Expected: sysfiab2] [Actual: sysfiab1], 
[Row: 808] [Column: 1] [Expected: 1,188] [Actual: 131], 
[Row: 808] [Column: 2] [Expected: mglennan] [Actual: dcook], 
[Row: 808] [Column: 3] [Expected: Mike Glennan] [Actual: Daryl Cook], 
[Row: 808] [Column: 5] [Expected: 200 Elm] [Actual: 10 NBS], 
[Row: 809] [Column: 1] [Expected: 3] [Actual: 1,188], 
[Row: 809] [Column: 2] [Expected: stevee] [Actual: mglennan], 
[Row: 809] [Column: 3] [Expected: Steve Evans] [Actual: Mike Glennan], 
[Row: 810] [Column: 1] [Expected: 5,032] [Actual: 3], 
[Row: 810] [Column: 2] [Expected: abelinky] [Actual: stevee], 
[Row: 810] [Column: 3] [Expected: Alejandro Belinky] [Actual: Steve Evans], 
[Row: 810] [Column: 4] [Expected: Global Macro Trading] [Actual: Systems Trading], 
[Row: 811] [Column: 1] [Expected: 6,799] [Actual: 5,032], 
[Row: 811] [Column: 2] [Expected: dyu] [Actual: abelinky], 
[Row: 811] [Column: 3] [Expected: Danny Yu] [Actual: Alejandro Belinky], 
[Row: 811] [Column: 5] [Expected: 51 Astor Place] [Actual: 200 Elm], 
[Row: 812] [Column: 1] [Expected: 131] [Actual: 6,799], 
[Row: 812] [Column: 2] [Expected: dcook] [Actual: dyu], 
[Row: 812] [Column: 3] [Expected: Daryl Cook] [Actual: Danny Yu], 
[Row: 812] [Column: 4] [Expected: Systems Trading] [Actual: Global Macro Trading], 
[Row: 812] [Column: 5] [Expected: 10 NBS] [Actual: 51 Astor Place], 
[Row: 812] [Column: 6] [Expected: sysfiab2bvi] [Actual: sysfiab2], 
[Row: 813] [Column: 1] [Expected: 1,188] [Actual: 131], 
[Row: 813] [Column: 2] [Expected: mglennan] [Actual: dcook], 
[Row: 813] [Column: 3] [Expected: Mike Glennan] [Actual: Daryl Cook], 
[Row: 813] [Column: 5] [Expected: 200 Elm] [Actual: 10 NBS], 
[Row: 814] [Column: 1] [Expected: 3] [Actual: 1,188], 
[Row: 814] [Column: 2] [Expected: stevee] [Actual: mglennan], 
[Row: 814] [Column: 3] [Expected: Steve Evans] [Actual: Mike Glennan], 
[Row: 815] [Column: 1] [Expected: 5,032] [Actual: 3], 
[Row: 815] [Column: 2] [Expected: abelinky] [Actual: stevee], 
[Row: 815] [Column: 3] [Expected: Alejandro Belinky] [Actual: Steve Evans], 
[Row: 815] [Column: 4] [Expected: Global Macro Trading] [Actual: Systems Trading], 
[Row: 816] [Column: 1] [Expected: 6,799] [Actual: 5,032], 
[Row: 816] [Column: 2] [Expected: dyu] [Actual: abelinky], 
[Row: 816] [Column: 3] [Expected: Danny Yu] [Actual: Alejandro Belinky], 
[Row: 816] [Column: 5] [Expected: 51 Astor Place] [Actual: 200 Elm], 
[Row: 817] [Column: 1] [Expected: 131] [Actual: 6,799], 
[Row: 817] [Column: 2] [Expected: dcook] [Actual: dyu], 
[Row: 817] [Column: 3] [Expected: Daryl Cook] [Actual: Danny Yu], 
[Row: 817] [Column: 4] [Expected: Systems Trading] [Actual: Global Macro Trading], 
[Row: 817] [Column: 5] [Expected: 10 NBS] [Actual: 51 Astor Place], 
[Row: 817] [Column: 6] [Expected: sysfxaa1] [Actual: sysfiab2bvi], 
[Row: 818] [Column: 1] [Expected: 1,188] [Actual: 131], 
[Row: 818] [Column: 2] [Expected: mglennan] [Actual: dcook], 
[Row: 818] [Column: 3] [Expected: Mike Glennan] [Actual: Daryl Cook], 
[Row: 818] [Column: 5] [Expected: 200 Elm] [Actual: 10 NBS], 
[Row: 819] [Column: 1] [Expected: 3] [Actual: 1,188], 
[Row: 819] [Column: 2] [Expected: stevee] [Actual: mglennan], 
[Row: 819] [Column: 3] [Expected: Steve Evans] [Actual: Mike Glennan], 
[Row: 820] [Column: 1] [Expected: 5,032] [Actual: 3], 
[Row: 820] [Column: 2] [Expected: abelinky] [Actual: stevee], 
[Row: 820] [Column: 3] [Expected: Alejandro Belinky] [Actual: Steve Evans], 
[Row: 820] [Column: 4] [Expected: Global Macro Trading] [Actual: Systems Trading], 
[Row: 821] [Column: 1] [Expected: 6,799] [Actual: 5,032], 
[Row: 821] [Column: 2] [Expected: dyu] [Actual: abelinky], 
[Row: 821] [Column: 3] [Expected: Danny Yu] [Actual: Alejandro Belinky], 
[Row: 821] [Column: 5] [Expected: 51 Astor Place] [Actual: 200 Elm], 
[Row: 822] [Column: 1] [Expected: 131] [Actual: 6,799], 
[Row: 822] [Column: 2] [Expected: dcook] [Actual: dyu], 
[Row: 822] [Column: 3] [Expected: Daryl Cook] [Actual: Danny Yu], 
[Row: 822] [Column: 4] [Expected: Systems Trading] [Actual: Global Macro Trading], 
[Row: 822] [Column: 5] [Expected: 10 NBS] [Actual: 51 Astor Place], 
[Row: 822] [Column: 6] [Expected: sysfxaa1bvi] [Actual: sysfxaa1], 
[Row: 823] [Column: 1] [Expected: 1,188] [Actual: 131], 
[Row: 823] [Column: 2] [Expected: mglennan] [Actual: dcook], 
[Row: 823] [Column: 3] [Expected: Mike Glennan] [Actual: Daryl Cook], 
[Row: 823] [Column: 5] [Expected: 200 Elm] [Actual: 10 NBS], 
[Row: 824] [Column: 1] [Expected: 3] [Actual: 1,188], 
[Row: 824] [Column: 2] [Expected: stevee] [Actual: mglennan], 
[Row: 824] [Column: 3] [Expected: Steve Evans] [Actual: Mike Glennan], 
[Row: 825] [Column: 1] [Expected: 5,032] [Actual: 3], 
[Row: 825] [Column: 2] [Expected: abelinky] [Actual: stevee], 
[Row: 825] [Column: 3] [Expected: Alejandro Belinky] [Actual: Steve Evans], 
[Row: 825] [Column: 4] [Expected: Global Macro Trading] [Actual: Systems Trading], 
[Row: 826] [Column: 1] [Expected: 6,799] [Actual: 5,032], 
[Row: 826] [Column: 2] [Expected: dyu] [Actual: abelinky], 
[Row: 826] [Column: 3] [Expected: Danny Yu] [Actual: Alejandro Belinky], 
[Row: 826] [Column: 5] [Expected: 51 Astor Place] [Actual: 200 Elm], 
[Row: 827] [Column: 1] [Expected: 131] [Actual: 6,799], 
[Row: 827] [Column: 2] [Expected: dcook] [Actual: dyu], 
[Row: 827] [Column: 3] [Expected: Daryl Cook] [Actual: Danny Yu], 
[Row: 827] [Column: 4] [Expected: Systems Trading] [Actual: Global Macro Trading], 
[Row: 827] [Column: 5] [Expected: 10 NBS] [Actual: 51 Astor Place], 
[Row: 827] [Column: 6] [Expected: sysfxe7] [Actual: sysfxaa1bvi], 
[Row: 828] [Column: 1] [Expected: 1,188] [Actual: 131], 
[Row: 828] [Column: 2] [Expected: mglennan] [Actual: dcook], 
[Row: 828] [Column: 3] [Expected: Mike Glennan] [Actual: Daryl Cook], 
[Row: 828] [Column: 5] [Expected: 200 Elm] [Actual: 10 NBS], 
[Row: 829] [Column: 1] [Expected: 3] [Actual: 1,188], 
[Row: 829] [Column: 2] [Expected: stevee] [Actual: mglennan], 
[Row: 829] [Column: 3] [Expected: Steve Evans] [Actual: Mike Glennan], 
[Row: 830] [Column: 1] [Expected: 5,032] [Actual: 3], 
[Row: 830] [Column: 2] [Expected: abelinky] [Actual: stevee], 
[Row: 830] [Column: 3] [Expected: Alejandro Belinky] [Actual: Steve Evans], 
[Row: 830] [Column: 4] [Expected: Global Macro Trading] [Actual: Systems Trading], 
[Row: 831] [Column: 1] [Expected: 5,069] [Actual: 5,032], 
[Row: 831] [Column: 2] [Expected: phill] [Actual: abelinky], 
[Row: 831] [Column: 3] [Expected: Peter Hill] [Actual: Alejandro Belinky], 
[Row: 831] [Column: 4] [Expected: Systems Trading] [Actual: Global Macro Trading], 
[Row: 831] [Column: 5] [Expected: 10 NBS] [Actual: 200 Elm], 
[Row: 832] [Column: 1] [Expected: 131] [Actual: 5,069], 
[Row: 832] [Column: 2] [Expected: dcook] [Actual: phill], 
[Row: 832] [Column: 3] [Expected: Daryl Cook] [Actual: Peter Hill], 
[Row: 832] [Column: 6] [Expected: syshedge] [Actual: sysfxe7], 
[Row: 833] [Column: 1] [Expected: 1,188] [Actual: 131], 
[Row: 833] [Column: 2] [Expected: mglennan] [Actual: dcook], 
[Row: 833] [Column: 3] [Expected: Mike Glennan] [Actual: Daryl Cook], 
[Row: 833] [Column: 5] [Expected: 200 Elm] [Actual: 10 NBS], 
[Row: 834] [Column: 1] [Expected: 3] [Actual: 1,188], 
[Row: 834] [Column: 2] [Expected: stevee] [Actual: mglennan], 
[Row: 834] [Column: 3] [Expected: Steve Evans] [Actual: Mike Glennan], 
[Row: 835] [Column: 1] [Expected: 5,032] [Actual: 3], 
[Row: 835] [Column: 2] [Expected: abelinky] [Actual: stevee], 
[Row: 835] [Column: 3] [Expected: Alejandro Belinky] [Actual: Steve Evans], 
[Row: 835] [Column: 4] [Expected: Global Macro Trading] [Actual: Systems Trading], 
[Row: 836] [Column: 1] [Expected: 5,097] [Actual: 5,032], 
[Row: 836] [Column: 2] [Expected: aghose] [Actual: abelinky], 
[Row: 836] [Column: 3] [Expected: Abhishek Ghose] [Actual: Alejandro Belinky], 
[Row: 836] [Column: 4] [Expected: Flow of Funds] [Actual: Global Macro Trading], 
[Row: 836] [Column: 5] [Expected: 51 Astor Place] [Actual: 200 Elm], 
[Row: 837] [Column: 1] [Expected: 131] [Actual: 5,097], 
[Row: 837] [Column: 2] [Expected: dcook] [Actual: aghose], 
[Row: 837] [Column: 3] [Expected: Daryl Cook] [Actual: Abhishek Ghose], 
[Row: 837] [Column: 4] [Expected: Systems Trading] [Actual: Flow of Funds], 
[Row: 837] [Column: 5] [Expected: 10 NBS] [Actual: 51 Astor Place], 
[Row: 837] [Column: 6] [Expected: sysma10] [Actual: syshedge], 
[Row: 838] [Column: 1] [Expected: 1,188] [Actual: 131], 
[Row: 838] [Column: 2] [Expected: mglennan] [Actual: dcook], 
[Row: 838] [Column: 3] [Expected: Mike Glennan] [Actual: Daryl Cook], 
[Row: 838] [Column: 5] [Expected: 200 Elm] [Actual: 10 NBS], 
[Row: 839] [Column: 1] [Expected: 3] [Actual: 1,188], 
[Row: 839] [Column: 2] [Expected: stevee] [Actual: mglennan], 
[Row: 839] [Column: 3] [Expected: Steve Evans] [Actual: Mike Glennan], 
[Row: 840] [Column: 1] [Expected: 5,032] [Actual: 3], 
[Row: 840] [Column: 2] [Expected: abelinky] [Actual: stevee], 
[Row: 840] [Column: 3] [Expected: Alejandro Belinky] [Actual: Steve Evans], 
[Row: 840] [Column: 4] [Expected: Global Macro Trading] [Actual: Systems Trading], 
[Row: 841] [Column: 1] [Expected: 5,069] [Actual: 5,032], 
[Row: 841] [Column: 2] [Expected: phill] [Actual: abelinky], 
[Row: 841] [Column: 3] [Expected: Peter Hill] [Actual: Alejandro Belinky], 
[Row: 841] [Column: 4] [Expected: Systems Trading] [Actual: Global Macro Trading], 
[Row: 841] [Column: 5] [Expected: 10 NBS] [Actual: 200 Elm], 
[Row: 842] [Column: 1] [Expected: 131] [Actual: 5,069], 
[Row: 842] [Column: 2] [Expected: dcook] [Actual: phill], 
[Row: 842] [Column: 3] [Expected: Daryl Cook] [Actual: Peter Hill], 
[Row: 842] [Column: 6] [Expected: sysma11] [Actual: sysma10], 
[Row: 843] [Column: 1] [Expected: 1,188] [Actual: 131], 
[Row: 843] [Column: 2] [Expected: mglennan] [Actual: dcook], 
[Row: 843] [Column: 3] [Expected: Mike Glennan] [Actual: Daryl Cook], 
[Row: 843] [Column: 5] [Expected: 200 Elm] [Actual: 10 NBS], 
[Row: 844] [Column: 1] [Expected: 3] [Actual: 1,188], 
[Row: 844] [Column: 2] [Expected: stevee] [Actual: mglennan], 
[Row: 844] [Column: 3] [Expected: Steve Evans] [Actual: Mike Glennan], 
[Row: 845] [Column: 1] [Expected: 5,032] [Actual: 3], 
[Row: 845] [Column: 2] [Expected: abelinky] [Actual: stevee], 
[Row: 845] [Column: 3] [Expected: Alejandro Belinky] [Actual: Steve Evans], 
[Row: 845] [Column: 4] [Expected: Global Macro Trading] [Actual: Systems Trading], 
[Row: 846] [Column: 1] [Expected: 5,069] [Actual: 5,032], 
[Row: 846] [Column: 2] [Expected: phill] [Actual: abelinky], 
[Row: 846] [Column: 3] [Expected: Peter Hill] [Actual: Alejandro Belinky], 
[Row: 846] [Column: 4] [Expected: Systems Trading] [Actual: Global Macro Trading], 
[Row: 846] [Column: 5] [Expected: 10 NBS] [Actual: 200 Elm], 
[Row: 847] [Column: 1] [Expected: 131] [Actual: 5,069], 
[Row: 847] [Column: 2] [Expected: dcook] [Actual: phill], 
[Row: 847] [Column: 3] [Expected: Daryl Cook] [Actual: Peter Hill], 
[Row: 847] [Column: 6] [Expected: sysma23] [Actual: sysma11], 
[Row: 848] [Column: 1] [Expected: 1,188] [Actual: 131], 
[Row: 848] [Column: 2] [Expected: mglennan] [Actual: dcook], 
[Row: 848] [Column: 3] [Expected: Mike Glennan] [Actual: Daryl Cook], 
[Row: 848] [Column: 5] [Expected: 200 Elm] [Actual: 10 NBS], 
[Row: 849] [Column: 1] [Expected: 3] [Actual: 1,188], 
[Row: 849] [Column: 2] [Expected: stevee] [Actual: mglennan], 
[Row: 849] [Column: 3] [Expected: Steve Evans] [Actual: Mike Glennan], 
[Row: 850] [Column: 1] [Expected: 5,032] [Actual: 3], 
[Row: 850] [Column: 2] [Expected: abelinky] [Actual: stevee], 
[Row: 850] [Column: 3] [Expected: Alejandro Belinky] [Actual: Steve Evans], 
[Row: 850] [Column: 4] [Expected: Global Macro Trading] [Actual: Systems Trading], 
[Row: 851] [Column: 1] [Expected: 5,069] [Actual: 5,032], 
[Row: 851] [Column: 2] [Expected: phill] [Actual: abelinky], 
[Row: 851] [Column: 3] [Expected: Peter Hill] [Actual: Alejandro Belinky], 
[Row: 851] [Column: 4] [Expected: Systems Trading] [Actual: Global Macro Trading], 
[Row: 851] [Column: 5] [Expected: 10 NBS] [Actual: 200 Elm], 
[Row: 852] [Column: 1] [Expected: 131] [Actual: 5,069], 
[Row: 852] [Column: 2] [Expected: dcook] [Actual: phill], 
[Row: 852] [Column: 3] [Expected: Daryl Cook] [Actual: Peter Hill], 
[Row: 852] [Column: 6] [Expected: sysma6] [Actual: sysma23], 
[Row: 853] [Column: 1] [Expected: 1,188] [Actual: 131], 
[Row: 853] [Column: 2] [Expected: mglennan] [Actual: dcook], 
[Row: 853] [Column: 3] [Expected: Mike Glennan] [Actual: Daryl Cook], 
[Row: 853] [Column: 5] [Expected: 200 Elm] [Actual: 10 NBS], 
[Row: 854] [Column: 1] [Expected: 3] [Actual: 1,188], 
[Row: 854] [Column: 2] [Expected: stevee] [Actual: mglennan], 
[Row: 854] [Column: 3] [Expected: Steve Evans] [Actual: Mike Glennan], 
[Row: 855] [Column: 1] [Expected: 5,032] [Actual: 3], 
[Row: 855] [Column: 2] [Expected: abelinky] [Actual: stevee], 
[Row: 855] [Column: 3] [Expected: Alejandro Belinky] [Actual: Steve Evans], 
[Row: 855] [Column: 4] [Expected: Global Macro Trading] [Actual: Systems Trading], 
[Row: 856] [Column: 1] [Expected: 5,069] [Actual: 5,032], 
[Row: 856] [Column: 2] [Expected: phill] [Actual: abelinky], 
[Row: 856] [Column: 3] [Expected: Peter Hill] [Actual: Alejandro Belinky], 
[Row: 856] [Column: 4] [Expected: Systems Trading] [Actual: Global Macro Trading], 
[Row: 856] [Column: 5] [Expected: 10 NBS] [Actual: 200 Elm], 
[Row: 857] [Column: 1] [Expected: 131] [Actual: 5,069], 
[Row: 857] [Column: 2] [Expected: dcook] [Actual: phill], 
[Row: 857] [Column: 3] [Expected: Daryl Cook] [Actual: Peter Hill], 
[Row: 857] [Column: 6] [Expected: sysma62] [Actual: sysma6], 
[Row: 858] [Column: 1] [Expected: 5,032] [Actual: 131], 
[Row: 858] [Column: 2] [Expected: abelinky] [Actual: dcook], 
[Row: 858] [Column: 3] [Expected: Alejandro Belinky] [Actual: Daryl Cook], 
[Row: 858] [Column: 4] [Expected: Global Macro Trading] [Actual: Systems Trading], 
[Row: 858] [Column: 5] [Expected: 200 Elm] [Actual: 10 NBS], 
[Row: 859] [Column: 1] [Expected: 5,069] [Actual: 5,032], 
[Row: 859] [Column: 2] [Expected: phill] [Actual: abelinky], 
[Row: 859] [Column: 3] [Expected: Peter Hill] [Actual: Alejandro Belinky], 
[Row: 859] [Column: 4] [Expected: Systems Trading] [Actual: Global Macro Trading], 
[Row: 859] [Column: 5] [Expected: 10 NBS] [Actual: 200 Elm], 
[Row: 860] [Column: 1] [Expected: 131] [Actual: 5,069], 
[Row: 860] [Column: 2] [Expected: dcook] [Actual: phill], 
[Row: 860] [Column: 3] [Expected: Daryl Cook] [Actual: Peter Hill], 
[Row: 860] [Column: 6] [Expected: sysma7] [Actual: sysma62], 
[Row: 861] [Column: 1] [Expected: 1,188] [Actual: 131], 
[Row: 861] [Column: 2] [Expected: mglennan] [Actual: dcook], 
[Row: 861] [Column: 3] [Expected: Mike Glennan] [Actual: Daryl Cook], 
[Row: 861] [Column: 5] [Expected: 200 Elm] [Actual: 10 NBS], 
[Row: 862] [Column: 1] [Expected: 3] [Actual: 1,188], 
[Row: 862] [Column: 2] [Expected: stevee] [Actual: mglennan], 
[Row: 862] [Column: 3] [Expected: Steve Evans] [Actual: Mike Glennan], 
[Row: 863] [Column: 1] [Expected: 5,032] [Actual: 3], 
[Row: 863] [Column: 2] [Expected: abelinky] [Actual: stevee], 
[Row: 863] [Column: 3] [Expected: Alejandro Belinky] [Actual: Steve Evans], 
[Row: 863] [Column: 4] [Expected: Global Macro Trading] [Actual: Systems Trading], 
[Row: 864] [Column: 1] [Expected: 5,069] [Actual: 5,032], 
[Row: 864] [Column: 2] [Expected: phill] [Actual: abelinky], 
[Row: 864] [Column: 3] [Expected: Peter Hill] [Actual: Alejandro Belinky], 
[Row: 864] [Column: 4] [Expected: Systems Trading] [Actual: Global Macro Trading], 
[Row: 864] [Column: 5] [Expected: 10 NBS] [Actual: 200 Elm], 
[Row: 865] [Column: 1] [Expected: 131] [Actual: 5,069], 
[Row: 865] [Column: 2] [Expected: dcook] [Actual: phill], 
[Row: 865] [Column: 3] [Expected: Daryl Cook] [Actual: Peter Hill], 
[Row: 865] [Column: 6] [Expected: sysmaaa1] [Actual: sysma7], 
[Row: 866] [Column: 1] [Expected: 1,188] [Actual: 131], 
[Row: 866] [Column: 2] [Expected: mglennan] [Actual: dcook], 
[Row: 866] [Column: 3] [Expected: Mike Glennan] [Actual: Daryl Cook], 
[Row: 866] [Column: 5] [Expected: 200 Elm] [Actual: 10 NBS], 
[Row: 867] [Column: 1] [Expected: 3] [Actual: 1,188], 
[Row: 867] [Column: 2] [Expected: stevee] [Actual: mglennan], 
[Row: 867] [Column: 3] [Expected: Steve Evans] [Actual: Mike Glennan], 
[Row: 868] [Column: 1] [Expected: 5,032] [Actual: 3], 
[Row: 868] [Column: 2] [Expected: abelinky] [Actual: stevee], 
[Row: 868] [Column: 3] [Expected: Alejandro Belinky] [Actual: Steve Evans], 
[Row: 868] [Column: 4] [Expected: Global Macro Trading] [Actual: Systems Trading], 
[Row: 869] [Column: 1] [Expected: 6,799] [Actual: 5,032], 
[Row: 869] [Column: 2] [Expected: dyu] [Actual: abelinky], 
[Row: 869] [Column: 3] [Expected: Danny Yu] [Actual: Alejandro Belinky], 
[Row: 869] [Column: 5] [Expected: 51 Astor Place] [Actual: 200 Elm], 
[Row: 870] [Column: 1] [Expected: 131] [Actual: 6,799], 
[Row: 870] [Column: 2] [Expected: dcook] [Actual: dyu], 
[Row: 870] [Column: 3] [Expected: Daryl Cook] [Actual: Danny Yu], 
[Row: 870] [Column: 4] [Expected: Systems Trading] [Actual: Global Macro Trading], 
[Row: 870] [Column: 5] [Expected: 10 NBS] [Actual: 51 Astor Place], 
[Row: 870] [Column: 6] [Expected: sysmaaa1bvi] [Actual: sysmaaa1], 
[Row: 871] [Column: 1] [Expected: 1,188] [Actual: 131], 
[Row: 871] [Column: 2] [Expected: mglennan] [Actual: dcook], 
[Row: 871] [Column: 3] [Expected: Mike Glennan] [Actual: Daryl Cook], 
[Row: 871] [Column: 5] [Expected: 200 Elm] [Actual: 10 NBS], 
[Row: 872] [Column: 1] [Expected: 3] [Actual: 1,188], 
[Row: 872] [Column: 2] [Expected: stevee] [Actual: mglennan], 
[Row: 872] [Column: 3] [Expected: Steve Evans] [Actual: Mike Glennan], 
[Row: 873] [Column: 1] [Expected: 5,032] [Actual: 3], 
[Row: 873] [Column: 2] [Expected: abelinky] [Actual: stevee], 
[Row: 873] [Column: 3] [Expected: Alejandro Belinky] [Actual: Steve Evans], 
[Row: 873] [Column: 4] [Expected: Global Macro Trading] [Actual: Systems Trading], 
[Row: 874] [Column: 1] [Expected: 6,799] [Actual: 5,032], 
[Row: 874] [Column: 2] [Expected: dyu] [Actual: abelinky], 
[Row: 874] [Column: 3] [Expected: Danny Yu] [Actual: Alejandro Belinky], 
[Row: 874] [Column: 5] [Expected: 51 Astor Place] [Actual: 200 Elm], 
[Row: 875] [Column: 1] [Expected: 131] [Actual: 6,799], 
[Row: 875] [Column: 2] [Expected: dcook] [Actual: dyu], 
[Row: 875] [Column: 3] [Expected: Daryl Cook] [Actual: Danny Yu], 
[Row: 875] [Column: 4] [Expected: Systems Trading] [Actual: Global Macro Trading], 
[Row: 875] [Column: 5] [Expected: 10 NBS] [Actual: 51 Astor Place], 
[Row: 875] [Column: 6] [Expected: sysmaabco1] [Actual: sysmaaa1bvi], 
[Row: 876] [Column: 1] [Expected: 1,188] [Actual: 131], 
[Row: 876] [Column: 2] [Expected: mglennan] [Actual: dcook], 
[Row: 876] [Column: 3] [Expected: Mike Glennan] [Actual: Daryl Cook], 
[Row: 876] [Column: 5] [Expected: 200 Elm] [Actual: 10 NBS], 
[Row: 877] [Column: 1] [Expected: 3] [Actual: 1,188], 
[Row: 877] [Column: 2] [Expected: stevee] [Actual: mglennan], 
[Row: 877] [Column: 3] [Expected: Steve Evans] [Actual: Mike Glennan], 
[Row: 878] [Column: 1] [Expected: 5,032] [Actual: 3], 
[Row: 878] [Column: 2] [Expected: abelinky] [Actual: stevee], 
[Row: 878] [Column: 3] [Expected: Alejandro Belinky] [Actual: Steve Evans], 
[Row: 878] [Column: 4] [Expected: Global Macro Trading] [Actual: Systems Trading], 
[Row: 879] [Column: 1] [Expected: 6,799] [Actual: 5,032], 
[Row: 879] [Column: 2] [Expected: dyu] [Actual: abelinky], 
[Row: 879] [Column: 3] [Expected: Danny Yu] [Actual: Alejandro Belinky], 
[Row: 879] [Column: 5] [Expected: 51 Astor Place] [Actual: 200 Elm], 
[Row: 880] [Column: 1] [Expected: 1,188] [Actual: 6,799], 
[Row: 880] [Column: 2] [Expected: mglennan] [Actual: dyu], 
[Row: 880] [Column: 3] [Expected: Mike Glennan] [Actual: Danny Yu], 
[Row: 880] [Column: 4] [Expected: Systems Trading] [Actual: Global Macro Trading], 
[Row: 880] [Column: 5] [Expected: 200 Elm] [Actual: 51 Astor Place], 
[Row: 880] [Column: 6] [Expected: sysmaabco2] [Actual: sysmaabco1], 
[Row: 881] [Column: 1] [Expected: 5,032] [Actual: 1,188], 
[Row: 881] [Column: 2] [Expected: abelinky] [Actual: mglennan], 
[Row: 881] [Column: 3] [Expected: Alejandro Belinky] [Actual: Mike Glennan], 
[Row: 881] [Column: 4] [Expected: Global Macro Trading] [Actual: Systems Trading], 
[Row: 882] [Column: 1] [Expected: 6,799] [Actual: 5,032], 
[Row: 882] [Column: 2] [Expected: dyu] [Actual: abelinky], 
[Row: 882] [Column: 3] [Expected: Danny Yu] [Actual: Alejandro Belinky], 
[Row: 882] [Column: 5] [Expected: 51 Astor Place] [Actual: 200 Elm], 
[Row: 883] [Column: 1] [Expected: 7,555] [Actual: 6,799], 
[Row: 883] [Column: 2] [Expected: wcao] [Actual: dyu], 
[Row: 883] [Column: 3] [Expected: Wei Cao] [Actual: Danny Yu], 
[Row: 883] [Column: 5] [Expected: 200 Elm] [Actual: 51 Astor Place], 
[Row: 884] [Column: 1] [Expected: 131] [Actual: 7,555], 
[Row: 884] [Column: 2] [Expected: dcook] [Actual: wcao], 
[Row: 884] [Column: 3] [Expected: Daryl Cook] [Actual: Wei Cao], 
[Row: 884] [Column: 4] [Expected: Systems Trading] [Actual: Global Macro Trading], 
[Row: 884] [Column: 5] [Expected: 10 NBS] [Actual: 200 Elm], 
[Row: 884] [Column: 6] [Expected: sysmaabeq1] [Actual: sysmaabco2], 
[Row: 885] [Column: 1] [Expected: 1,188] [Actual: 131], 
[Row: 885] [Column: 2] [Expected: mglennan] [Actual: dcook], 
[Row: 885] [Column: 3] [Expected: Mike Glennan] [Actual: Daryl Cook], 
[Row: 885] [Column: 5] [Expected: 200 Elm] [Actual: 10 NBS], 
[Row: 886] [Column: 1] [Expected: 3] [Actual: 1,188], 
[Row: 886] [Column: 2] [Expected: stevee] [Actual: mglennan], 
[Row: 886] [Column: 3] [Expected: Steve Evans] [Actual: Mike Glennan], 
[Row: 887] [Column: 1] [Expected: 5,032] [Actual: 3], 
[Row: 887] [Column: 2] [Expected: abelinky] [Actual: stevee], 
[Row: 887] [Column: 3] [Expected: Alejandro Belinky] [Actual: Steve Evans], 
[Row: 887] [Column: 4] [Expected: Global Macro Trading] [Actual: Systems Trading], 
[Row: 888] [Column: 1] [Expected: 6,799] [Actual: 5,032], 
[Row: 888] [Column: 2] [Expected: dyu] [Actual: abelinky], 
[Row: 888] [Column: 3] [Expected: Danny Yu] [Actual: Alejandro Belinky], 
[Row: 888] [Column: 5] [Expected: 51 Astor Place] [Actual: 200 Elm], 
[Row: 889] [Column: 1] [Expected: 131] [Actual: 6,799], 
[Row: 889] [Column: 2] [Expected: dcook] [Actual: dyu], 
[Row: 889] [Column: 3] [Expected: Daryl Cook] [Actual: Danny Yu], 
[Row: 889] [Column: 4] [Expected: Systems Trading] [Actual: Global Macro Trading], 
[Row: 889] [Column: 5] [Expected: 10 NBS] [Actual: 51 Astor Place], 
[Row: 889] [Column: 6] [Expected: sysmaabeq1f] [Actual: sysmaabeq1], 
[Row: 890] [Column: 1] [Expected: 1,188] [Actual: 131], 
[Row: 890] [Column: 2] [Expected: mglennan] [Actual: dcook], 
[Row: 890] [Column: 3] [Expected: Mike Glennan] [Actual: Daryl Cook], 
[Row: 890] [Column: 5] [Expected: 200 Elm] [Actual: 10 NBS], 
[Row: 891] [Column: 1] [Expected: 3] [Actual: 1,188], 
[Row: 891] [Column: 2] [Expected: stevee] [Actual: mglennan], 
[Row: 891] [Column: 3] [Expected: Steve Evans] [Actual: Mike Glennan], 
[Row: 892] [Column: 1] [Expected: 5,032] [Actual: 3], 
[Row: 892] [Column: 2] [Expected: abelinky] [Actual: stevee], 
[Row: 892] [Column: 3] [Expected: Alejandro Belinky] [Actual: Steve Evans], 
[Row: 892] [Column: 4] [Expected: Global Macro Trading] [Actual: Systems Trading], 
[Row: 893] [Column: 1] [Expected: 6,799] [Actual: 5,032], 
[Row: 893] [Column: 2] [Expected: dyu] [Actual: abelinky], 
[Row: 893] [Column: 3] [Expected: Danny Yu] [Actual: Alejandro Belinky], 
[Row: 893] [Column: 5] [Expected: 51 Astor Place] [Actual: 200 Elm], 
[Row: 894] [Column: 1] [Expected: 5,032] [Actual: 6,799], 
[Row: 894] [Column: 2] [Expected: abelinky] [Actual: dyu], 
[Row: 894] [Column: 3] [Expected: Alejandro Belinky] [Actual: Danny Yu], 
[Row: 894] [Column: 5] [Expected: 200 Elm] [Actual: 51 Astor Place], 
[Row: 894] [Column: 6] [Expected: sysmaabeq2] [Actual: sysmaabeq1f], 
[Row: 895] [Column: 1] [Expected: 6,799] [Actual: 5,032], 
[Row: 895] [Column: 2] [Expected: dyu] [Actual: abelinky], 
[Row: 895] [Column: 3] [Expected: Danny Yu] [Actual: Alejandro Belinky], 
[Row: 895] [Column: 5] [Expected: 51 Astor Place] [Actual: 200 Elm], 
[Row: 896] [Column: 1] [Expected: 7,555] [Actual: 6,799], 
[Row: 896] [Column: 2] [Expected: wcao] [Actual: dyu], 
[Row: 896] [Column: 3] [Expected: Wei Cao] [Actual: Danny Yu], 
[Row: 896] [Column: 5] [Expected: 200 Elm] [Actual: 51 Astor Place], 
[Row: 897] [Column: 1] [Expected: 6,415] [Actual: 7,555], 
[Row: 897] [Column: 2] [Expected: jsolorza] [Actual: wcao], 
[Row: 897] [Column: 3] [Expected: Juan Pablo Solorzano Margain] [Actual: Wei Cao], 
[Row: 897] [Column: 4] [Expected: Global Research] [Actual: Global Macro Trading], 
[Row: 897] [Column: 5] [Expected: 51 Astor Place] [Actual: 200 Elm], 
[Row: 897] [Column: 6] [Expected: sysmadmtv] [Actual: sysmaabeq2], 
[Row: 898] [Column: 1] [Expected: 131] [Actual: 6,415], 
[Row: 898] [Column: 2] [Expected: dcook] [Actual: jsolorza], 
[Row: 898] [Column: 3] [Expected: Daryl Cook] [Actual: Juan Pablo Solorzano Margain], 
[Row: 898] [Column: 4] [Expected: Systems Trading] [Actual: Global Research], 
[Row: 898] [Column: 5] [Expected: 10 NBS] [Actual: 51 Astor Place], 
[Row: 898] [Column: 6] [Expected: sysmarebal] [Actual: sysmadmtv], 
[Row: 899] [Column: 1] [Expected: 1,188] [Actual: 131], 
[Row: 899] [Column: 2] [Expected: mglennan] [Actual: dcook], 
[Row: 899] [Column: 3] [Expected: Mike Glennan] [Actual: Daryl Cook], 
[Row: 899] [Column: 5] [Expected: 200 Elm] [Actual: 10 NBS], 
[Row: 900] [Column: 1] [Expected: 3] [Actual: 1,188], 
[Row: 900] [Column: 2] [Expected: stevee] [Actual: mglennan], 
[Row: 900] [Column: 3] [Expected: Steve Evans] [Actual: Mike Glennan], 
[Row: 901] [Column: 1] [Expected: 5,032] [Actual: 3], 
[Row: 901] [Column: 2] [Expected: abelinky] [Actual: stevee], 
[Row: 901] [Column: 3] [Expected: Alejandro Belinky] [Actual: Steve Evans], 
[Row: 901] [Column: 4] [Expected: Global Macro Trading] [Actual: Systems Trading], 
[Row: 902] [Column: 1] [Expected: 5,069] [Actual: 5,032], 
[Row: 902] [Column: 2] [Expected: phill] [Actual: abelinky], 
[Row: 902] [Column: 3] [Expected: Peter Hill] [Actual: Alejandro Belinky], 
[Row: 902] [Column: 4] [Expected: Systems Trading] [Actual: Global Macro Trading], 
[Row: 902] [Column: 5] [Expected: 10 NBS] [Actual: 200 Elm], 
[Row: 903] [Column: 1] [Expected: 131] [Actual: 5,069], 
[Row: 903] [Column: 2] [Expected: dcook] [Actual: phill], 
[Row: 903] [Column: 3] [Expected: Daryl Cook] [Actual: Peter Hill], 
[Row: 903] [Column: 6] [Expected: sysmi2] [Actual: sysmarebal], 
[Row: 904] [Column: 1] [Expected: 1,188] [Actual: 131], 
[Row: 904] [Column: 2] [Expected: mglennan] [Actual: dcook], 
[Row: 904] [Column: 3] [Expected: Mike Glennan] [Actual: Daryl Cook], 
[Row: 904] [Column: 5] [Expected: 200 Elm] [Actual: 10 NBS], 
[Row: 905] [Column: 1] [Expected: 3] [Actual: 1,188], 
[Row: 905] [Column: 2] [Expected: stevee] [Actual: mglennan], 
[Row: 905] [Column: 3] [Expected: Steve Evans] [Actual: Mike Glennan], 
[Row: 906] [Column: 1] [Expected: 5,032] [Actual: 3], 
[Row: 906] [Column: 2] [Expected: abelinky] [Actual: stevee], 
[Row: 906] [Column: 3] [Expected: Alejandro Belinky] [Actual: Steve Evans], 
[Row: 906] [Column: 4] [Expected: Global Macro Trading] [Actual: Systems Trading], 
[Row: 907] [Column: 1] [Expected: 5,069] [Actual: 5,032], 
[Row: 907] [Column: 2] [Expected: phill] [Actual: abelinky], 
[Row: 907] [Column: 3] [Expected: Peter Hill] [Actual: Alejandro Belinky], 
[Row: 907] [Column: 4] [Expected: Systems Trading] [Actual: Global Macro Trading], 
[Row: 907] [Column: 5] [Expected: 10 NBS] [Actual: 200 Elm], 
[Row: 908] [Column: 1] [Expected: 131] [Actual: 5,069], 
[Row: 908] [Column: 2] [Expected: dcook] [Actual: phill], 
[Row: 908] [Column: 3] [Expected: Daryl Cook] [Actual: Peter Hill], 
[Row: 908] [Column: 6] [Expected: sysmi7] [Actual: sysmi2], 
[Row: 909] [Column: 1] [Expected: 1,188] [Actual: 131], 
[Row: 909] [Column: 2] [Expected: mglennan] [Actual: dcook], 
[Row: 909] [Column: 3] [Expected: Mike Glennan] [Actual: Daryl Cook], 
[Row: 909] [Column: 5] [Expected: 200 Elm] [Actual: 10 NBS], 
[Row: 910] [Column: 1] [Expected: 3] [Actual: 1,188], 
[Row: 910] [Column: 2] [Expected: stevee] [Actual: mglennan], 
[Row: 910] [Column: 3] [Expected: Steve Evans] [Actual: Mike Glennan], 
[Row: 911] [Column: 1] [Expected: 5,032] [Actual: 3], 
[Row: 911] [Column: 2] [Expected: abelinky] [Actual: stevee], 
[Row: 911] [Column: 3] [Expected: Alejandro Belinky] [Actual: Steve Evans], 
[Row: 911] [Column: 4] [Expected: Global Macro Trading] [Actual: Systems Trading], 
[Row: 912] [Column: 1] [Expected: 5,069] [Actual: 5,032], 
[Row: 912] [Column: 2] [Expected: phill] [Actual: abelinky], 
[Row: 912] [Column: 3] [Expected: Peter Hill] [Actual: Alejandro Belinky], 
[Row: 912] [Column: 4] [Expected: Systems Trading] [Actual: Global Macro Trading], 
[Row: 912] [Column: 5] [Expected: 10 NBS] [Actual: 200 Elm], 
[Row: 913] [Column: 1] [Expected: 131] [Actual: 5,069], 
[Row: 913] [Column: 2] [Expected: dcook] [Actual: phill], 
[Row: 913] [Column: 3] [Expected: Daryl Cook] [Actual: Peter Hill], 
[Row: 913] [Column: 6] [Expected: systest] [Actual: sysmi7], 
[Row: 914] [Column: 1] [Expected: 1,188] [Actual: 131], 
[Row: 914] [Column: 2] [Expected: mglennan] [Actual: dcook], 
[Row: 914] [Column: 3] [Expected: Mike Glennan] [Actual: Daryl Cook], 
[Row: 914] [Column: 5] [Expected: 200 Elm] [Actual: 10 NBS], 
[Row: 915] [Column: 1] [Expected: 3] [Actual: 1,188], 
[Row: 915] [Column: 2] [Expected: stevee] [Actual: mglennan], 
[Row: 915] [Column: 3] [Expected: Steve Evans] [Actual: Mike Glennan], 
[Row: 916] [Column: 1] [Expected: 5,032] [Actual: 3], 
[Row: 916] [Column: 2] [Expected: abelinky] [Actual: stevee], 
[Row: 916] [Column: 3] [Expected: Alejandro Belinky] [Actual: Steve Evans], 
[Row: 916] [Column: 4] [Expected: Global Macro Trading] [Actual: Systems Trading], 
[Row: 917] [Column: 1] [Expected: 5,471] [Actual: 5,032], 
[Row: 917] [Column: 2] [Expected: editchfi] [Actual: abelinky], 
[Row: 917] [Column: 3] [Expected: Erik Ditchfield (Rebar)] [Actual: Alejandro Belinky], 
[Row: 917] [Column: 4] [Expected: IT Vendor Services] [Actual: Global Macro Trading], 
[Row: 917] [Column: 5] [Expected: Offsite - US Office] [Actual: 200 Elm]">
      <![CDATA[java.lang.AssertionError: The following asserts failed:

[Row: 53] [Column: 1] [Expected: 5,859] [Actual: 5,471], 
[Row: 53] [Column: 2] [Expected: dporat] [Actual: editchfi], 
[Row: 53] [Column: 3] [Expected: Dov Porat (CITCO)] [Actual: Erik Ditchfield (Rebar)], 
[Row: 53] [Column: 4] [Expected: CITCO] [Actual: IT Vendor Services], 
[Row: 53] [Column: 5] [Expected: CITCO NJ - MO] [Actual: Offsite - US Office], 
[Row: 54] [Column: 1] [Expected: 5,840] [Actual: 5,859], 
[Row: 54] [Column: 2] [Expected: smehta] [Actual: dporat], 
[Row: 54] [Column: 3] [Expected: Surbhi Mehta] [Actual: Dov Porat (CITCO)], 
[Row: 54] [Column: 4] [Expected: IR & Product Development] [Actual: CITCO], 
[Row: 54] [Column: 5] [Expected: 200 Elm] [Actual: CITCO NJ - MO], 
[Row: 55] [Column: 1] [Expected: 5,551] [Actual: 5,840], 
[Row: 55] [Column: 2] [Expected: ffeiyang] [Actual: smehta], 
[Row: 55] [Column: 3] [Expected: Fen Fei Yang] [Actual: Surbhi Mehta], 
[Row: 55] [Column: 4] [Expected: Software Development] [Actual: IR & Product Development], 
[Row: 56] [Column: 1] [Expected: 5,901] [Actual: 5,551], 
[Row: 56] [Column: 2] [Expected: mcangian] [Actual: ffeiyang], 
[Row: 56] [Column: 3] [Expected: Michael Cangiano (CITCO)] [Actual: Fen Fei Yang], 
[Row: 56] [Column: 4] [Expected: CITCO] [Actual: Software Development], 
[Row: 56] [Column: 5] [Expected: CITCO MAL - RPT] [Actual: 200 Elm], 
[Row: 57] [Column: 1] [Expected: 5,463] [Actual: 5,901], 
[Row: 57] [Column: 2] [Expected: mhayes] [Actual: mcangian], 
[Row: 57] [Column: 3] [Expected: Matthew Hayes] [Actual: Michael Cangiano (CITCO)], 
[Row: 57] [Column: 4] [Expected: Global Execution] [Actual: CITCO], 
[Row: 57] [Column: 5] [Expected: 200 Elm] [Actual: CITCO MAL - RPT], 
[Row: 58] [Column: 1] [Expected: 6,103] [Actual: 5,463], 
[Row: 58] [Column: 2] [Expected: tegan] [Actual: mhayes], 
[Row: 58] [Column: 3] [Expected: Thomas Egan (CITCO)] [Actual: Matthew Hayes], 
[Row: 58] [Column: 4] [Expected: CITCO] [Actual: Global Execution], 
[Row: 58] [Column: 5] [Expected: CITCO NJ - RISK&V] [Actual: 200 Elm], 
[Row: 59] [Column: 1] [Expected: 6,148] [Actual: 6,103], 
[Row: 59] [Column: 2] [Expected: hshim] [Actual: tegan], 
[Row: 59] [Column: 3] [Expected: Hosup Shim (CITCO)] [Actual: Thomas Egan (CITCO)], 
[Row: 59] [Column: 5] [Expected: CITCO NJ - TAX] [Actual: CITCO NJ - RISK&V], 
[Row: 60] [Column: 1] [Expected: 4,824] [Actual: 6,148], 
[Row: 60] [Column: 2] [Expected: pkhemraj] [Actual: hshim], 
[Row: 60] [Column: 3] [Expected: Prem Khemraj (Benchmark)] [Actual: Hosup Shim (CITCO)], 
[Row: 60] [Column: 4] [Expected: Financial Reporting] [Actual: CITCO], 
[Row: 60] [Column: 5] [Expected: 200 Elm] [Actual: CITCO NJ - TAX], 
[Row: 61] [Column: 1] [Expected: 6,019] [Actual: 4,824], 
[Row: 61] [Column: 2] [Expected: skollipa] [Actual: pkhemraj], 
[Row: 61] [Column: 3] [Expected: Suresh Kollipara] [Actual: Prem Khemraj (Benchmark)], 
[Row: 61] [Column: 4] [Expected: Software Development] [Actual: Financial Reporting], 
[Row: 62] [Column: 1] [Expected: 6,196] [Actual: 6,019], 
[Row: 62] [Column: 2] [Expected: sgriffee] [Actual: skollipa], 
[Row: 62] [Column: 3] [Expected: Steve Griffee] [Actual: Suresh Kollipara], 
[Row: 62] [Column: 4] [Expected: IT Customer Services & Support] [Actual: Software Development], 
[Row: 63] [Column: 1] [Expected: 4,359] [Actual: 6,196], 
[Row: 63] [Column: 2] [Expected: arivera] [Actual: sgriffee], 
[Row: 63] [Column: 3] [Expected: Anita Sbarra] [Actual: Steve Griffee], 
[Row: 63] [Column: 4] [Expected: Financial Reporting] [Actual: IT Customer Services & Support], 
[Row: 63] [Column: 5] [Expected: Palm Beach] [Actual: 200 Elm], 
[Row: 64] [Column: 1] [Expected: 4,659] [Actual: 4,359], 
[Row: 64] [Column: 2] [Expected: sking] [Actual: arivera], 
[Row: 64] [Column: 3] [Expected: Shaun King] [Actual: Anita Sbarra], 
[Row: 64] [Column: 4] [Expected: Executive] [Actual: Financial Reporting], 
[Row: 64] [Column: 5] [Expected: 10 NBS] [Actual: Palm Beach], 
[Row: 65] [Column: 1] [Expected: 6,303] [Actual: 4,659], 
[Row: 65] [Column: 2] [Expected: emiller] [Actual: sking], 
[Row: 65] [Column: 3] [Expected: Emily Miller (CITCO)] [Actual: Shaun King], 
[Row: 65] [Column: 4] [Expected: CITCO] [Actual: Executive], 
[Row: 65] [Column: 5] [Expected: CITCO MAL - RPT] [Actual: 10 NBS], 
[Row: 66] [Column: 1] [Expected: 6,327] [Actual: 6,303], 
[Row: 66] [Column: 2] [Expected: mbicknel] [Actual: emiller], 
[Row: 66] [Column: 3] [Expected: Michael Bicknell] [Actual: Emily Miller (CITCO)], 
[Row: 66] [Column: 4] [Expected: Collateral Management] [Actual: CITCO], 
[Row: 66] [Column: 5] [Expected: 200 Elm] [Actual: CITCO MAL - RPT], 
[Row: 67] [Column: 1] [Expected: 6,326] [Actual: 6,327], 
[Row: 67] [Column: 2] [Expected: dgreen] [Actual: mbicknel], 
[Row: 67] [Column: 3] [Expected: Damien Green] [Actual: Michael Bicknell], 
[Row: 67] [Column: 4] [Expected: Business Mgmt and Analysis] [Actual: Collateral Management], 
[Row: 68] [Column: 1] [Expected: 6,385] [Actual: 6,326], 
[Row: 68] [Column: 2] [Expected: szhou] [Actual: dgreen], 
[Row: 68] [Column: 3] [Expected: Sean Zhou] [Actual: Damien Green], 
[Row: 68] [Column: 4] [Expected: Portfolio Oversight] [Actual: Business Mgmt and Analysis], 
[Row: 68] [Column: 5] [Expected: 51 Astor Place] [Actual: 200 Elm], 
[Row: 69] [Column: 1] [Expected: 6,402] [Actual: 6,385], 
[Row: 69] [Column: 2] [Expected: caaronso] [Actual: szhou], 
[Row: 69] [Column: 3] [Expected: Christian Aaronson (CITCO)] [Actual: Sean Zhou], 
[Row: 69] [Column: 4] [Expected: CITCO] [Actual: Portfolio Oversight], 
[Row: 69] [Column: 5] [Expected: CITCO MAL - PE] [Actual: 51 Astor Place], 
[Row: 70] [Column: 1] [Expected: 6,405] [Actual: 6,402], 
[Row: 70] [Column: 2] [Expected: kekelly] [Actual: caaronso], 
[Row: 70] [Column: 3] [Expected: Kelly Kelly (CITCO)] [Actual: Christian Aaronson (CITCO)], 
[Row: 70] [Column: 5] [Expected: CITCO MAL - RPT] [Actual: CITCO MAL - PE], 
[Row: 71] [Column: 1] [Expected: 6,431] [Actual: 6,405], 
[Row: 71] [Column: 2] [Expected: rgold] [Actual: kekelly], 
[Row: 71] [Column: 3] [Expected: Robert Gold] [Actual: Kelly Kelly (CITCO)], 
[Row: 71] [Column: 4] [Expected: Global Execution] [Actual: CITCO], 
[Row: 71] [Column: 5] [Expected: 10 NBS] [Actual: CITCO MAL - RPT], 
[Row: 72] [Column: 1] [Expected: 6,523] [Actual: 6,431], 
[Row: 72] [Column: 2] [Expected: jhay] [Actual: rgold], 
[Row: 72] [Column: 3] [Expected: Jacquelyn Hay] [Actual: Robert Gold], 
[Row: 72] [Column: 4] [Expected: Operations] [Actual: Global Execution], 
[Row: 72] [Column: 5] [Expected: 200 Elm] [Actual: 10 NBS], 
[Row: 73] [Column: 1] [Expected: 6,565] [Actual: 6,523], 
[Row: 73] [Column: 2] [Expected: jizhou] [Actual: jhay], 
[Row: 73] [Column: 3] [Expected: Josh Zhou (CITCO)] [Actual: Jacquelyn Hay], 
[Row: 73] [Column: 4] [Expected: CITCO] [Actual: Operations], 
[Row: 73] [Column: 5] [Expected: CITCO NJ - OPS] [Actual: 200 Elm], 
[Row: 74] [Column: 1] [Expected: 6,580] [Actual: 6,565], 
[Row: 74] [Column: 2] [Expected: ttirapan] [Actual: jizhou], 
[Row: 74] [Column: 3] [Expected: Thomas Tirapani (ExHI)] [Actual: Josh Zhou (CITCO)], 
[Row: 74] [Column: 4] [Expected: Software Development] [Actual: CITCO], 
[Row: 74] [Column: 5] [Expected: Offsite - Non-US Office] [Actual: CITCO NJ - OPS], 
[Row: 75] [Column: 1] [Expected: 6,573] [Actual: 6,580], 
[Row: 75] [Column: 2] [Expected: schiu] [Actual: ttirapan], 
[Row: 75] [Column: 3] [Expected: Sammi Chiu (CITCO)] [Actual: Thomas Tirapani (ExHI)], 
[Row: 75] [Column: 4] [Expected: CITCO] [Actual: Software Development], 
[Row: 75] [Column: 5] [Expected: CITCO NJ - MO] [Actual: Offsite - Non-US Office], 
[Row: 76] [Column: 1] [Expected: 5,647] [Actual: 6,573], 
[Row: 76] [Column: 2] [Expected: kzdunek] [Actual: schiu], 
[Row: 76] [Column: 3] [Expected: Kamil Zdunek] [Actual: Sammi Chiu (CITCO)], 
[Row: 76] [Column: 4] [Expected: Global Execution] [Actual: CITCO], 
[Row: 76] [Column: 5] [Expected: 200 Elm] [Actual: CITCO NJ - MO], 
[Row: 77] [Column: 1] [Expected: 6,597] [Actual: 5,647], 
[Row: 77] [Column: 2] [Expected: snagaraj] [Actual: kzdunek], 
[Row: 77] [Column: 3] [Expected: Nag Nagarajan] [Actual: Kamil Zdunek], 
[Row: 77] [Column: 4] [Expected: Portfolio Oversight] [Actual: Global Execution], 
[Row: 77] [Column: 5] [Expected: 51 Astor Place] [Actual: 200 Elm], 
[Row: 78] [Column: 1] [Expected: 6,627] [Actual: 6,597], 
[Row: 78] [Column: 2] [Expected: alai] [Actual: snagaraj], 
[Row: 78] [Column: 3] [Expected: Albert Lai (CITCO)] [Actual: Nag Nagarajan], 
[Row: 78] [Column: 4] [Expected: CITCO] [Actual: Portfolio Oversight], 
[Row: 78] [Column: 5] [Expected: CITCO NJ - OPS] [Actual: 51 Astor Place], 
[Row: 79] [Column: 1] [Expected: 6,654] [Actual: 6,627], 
[Row: 79] [Column: 2] [Expected: spemmasa] [Actual: alai], 
[Row: 79] [Column: 3] [Expected: Siva Pemmasani (CITCO)] [Actual: Albert Lai (CITCO)], 
[Row: 79] [Column: 5] [Expected: CITCO NJ - RISK&V] [Actual: CITCO NJ - OPS], 
[Row: 80] [Column: 1] [Expected: 6,581] [Actual: 6,654], 
[Row: 80] [Column: 2] [Expected: amirdita] [Actual: spemmasa], 
[Row: 80] [Column: 3] [Expected: Antoinette Mirdita] [Actual: Siva Pemmasani (CITCO)], 
[Row: 80] [Column: 4] [Expected: Financial Reporting] [Actual: CITCO], 
[Row: 80] [Column: 5] [Expected: 200 Elm] [Actual: CITCO NJ - RISK&V], 
[Row: 81] [Column: 1] [Expected: 6,740] [Actual: 6,581], 
[Row: 81] [Column: 2] [Expected: ckirby] [Actual: amirdita], 
[Row: 81] [Column: 3] [Expected: Charlie Kirby] [Actual: Antoinette Mirdita], 
[Row: 81] [Column: 4] [Expected: Trade Support] [Actual: Financial Reporting], 
[Row: 81] [Column: 5] [Expected: 10 NBS] [Actual: 200 Elm], 
[Row: 82] [Column: 1] [Expected: 6,714] [Actual: 6,740], 
[Row: 82] [Column: 2] [Expected: cabergas] [Actual: ckirby], 
[Row: 82] [Column: 3] [Expected: Cedric Abergas (CITCO)] [Actual: Charlie Kirby], 
[Row: 82] [Column: 4] [Expected: CITCO] [Actual: Trade Support], 
[Row: 82] [Column: 5] [Expected: CITCO MLA - TRD CAP] [Actual: 10 NBS], 
[Row: 83] [Column: 1] [Expected: 6,717] [Actual: 6,714], 
[Row: 83] [Column: 2] [Expected: syamamiy] [Actual: cabergas], 
[Row: 83] [Column: 3] [Expected: Shinji Yamamiya (CITCO)] [Actual: Cedric Abergas (CITCO)], 
[Row: 84] [Column: 1] [Expected: 6,746] [Actual: 6,717], 
[Row: 84] [Column: 2] [Expected: mfan] [Actual: syamamiy], 
[Row: 84] [Column: 3] [Expected: Mike Fan] [Actual: Shinji Yamamiya (CITCO)], 
[Row: 84] [Column: 4] [Expected: Operations] [Actual: CITCO], 
[Row: 84] [Column: 5] [Expected: Singapore] [Actual: CITCO MLA - TRD CAP], 
[Row: 85] [Column: 1] [Expected: 6,775] [Actual: 6,746], 
[Row: 85] [Column: 2] [Expected: pgovinda] [Actual: mfan], 
[Row: 85] [Column: 3] [Expected: Praba Govindan (Princeton Group)] [Actual: Mike Fan], 
[Row: 85] [Column: 4] [Expected: Software Development] [Actual: Operations], 
[Row: 85] [Column: 5] [Expected: 200 Elm] [Actual: Singapore], 
[Row: 86] [Column: 1] [Expected: 6,783] [Actual: 6,775], 
[Row: 86] [Column: 2] [Expected: asaliern] [Actual: pgovinda], 
[Row: 86] [Column: 3] [Expected: Adriana Amarillo] [Actual: Praba Govindan (Princeton Group)], 
[Row: 86] [Column: 4] [Expected: Financial Reporting] [Actual: Software Development], 
[Row: 87] [Column: 1] [Expected: 6,805] [Actual: 6,783], 
[Row: 87] [Column: 2] [Expected: crudd] [Actual: asaliern], 
[Row: 87] [Column: 3] [Expected: Colin Rudd (ExHI)] [Actual: Adriana Amarillo], 
[Row: 87] [Column: 4] [Expected: Software Development] [Actual: Financial Reporting], 
[Row: 87] [Column: 5] [Expected: Offsite - US Office] [Actual: 200 Elm], 
[Row: 88] [Column: 1] [Expected: 6,822] [Actual: 6,805], 
[Row: 88] [Column: 2] [Expected: vshlivko] [Actual: crudd], 
[Row: 88] [Column: 3] [Expected: Val Shlivko] [Actual: Colin Rudd (ExHI)], 
[Row: 88] [Column: 4] [Expected: Business Mgmt and Analysis] [Actual: Software Development], 
[Row: 88] [Column: 5] [Expected: 51 Astor Place] [Actual: Offsite - US Office], 
[Row: 89] [Column: 1] [Expected: 6,836] [Actual: 6,822], 
[Row: 89] [Column: 2] [Expected: msokolow] [Actual: vshlivko], 
[Row: 89] [Column: 3] [Expected: Maciej Sokolowski] [Actual: Val Shlivko], 
[Row: 89] [Column: 4] [Expected: IT Data Services] [Actual: Business Mgmt and Analysis], 
[Row: 89] [Column: 5] [Expected: 10 NBS] [Actual: 51 Astor Place], 
[Row: 90] [Column: 1] [Expected: 6,888] [Actual: 6,836], 
[Row: 90] [Column: 2] [Expected: kthompso] [Actual: msokolow], 
[Row: 90] [Column: 3] [Expected: Kendal Thompson (CITCO)] [Actual: Maciej Sokolowski], 
[Row: 90] [Column: 4] [Expected: CITCO] [Actual: IT Data Services], 
[Row: 90] [Column: 5] [Expected: CITCO HFX - DIV] [Actual: 10 NBS], 
[Row: 91] [Column: 1] [Expected: 6,902] [Actual: 6,888], 
[Row: 91] [Column: 2] [Expected: btodorov] [Actual: kthompso], 
[Row: 91] [Column: 3] [Expected: Boban Todorovic (Accordia)] [Actual: Kendal Thompson (CITCO)], 
[Row: 91] [Column: 4] [Expected: Software Development] [Actual: CITCO], 
[Row: 91] [Column: 5] [Expected: 51 Astor Place] [Actual: CITCO HFX - DIV], 
[Row: 92] [Column: 1] [Expected: 6,903] [Actual: 6,902], 
[Row: 92] [Column: 2] [Expected: gstankov] [Actual: btodorov], 
[Row: 92] [Column: 3] [Expected: Goran Stankovic (Accordia)] [Actual: Boban Todorovic (Accordia)], 
[Row: 92] [Column: 5] [Expected: Offsite - Non-US Office] [Actual: 51 Astor Place], 
[Row: 93] [Column: 1] [Expected: 6,918] [Actual: 6,903], 
[Row: 93] [Column: 2] [Expected: mgould] [Actual: gstankov], 
[Row: 93] [Column: 3] [Expected: Michael Gould] [Actual: Goran Stankovic (Accordia)], 
[Row: 93] [Column: 5] [Expected: 10 NBS] [Actual: Offsite - Non-US Office], 
[Row: 94] [Column: 1] [Expected: 6,179] [Actual: 6,918], 
[Row: 94] [Column: 2] [Expected: sanjap] [Actual: mgould], 
[Row: 94] [Column: 3] [Expected: Sanja Paunovic (Accordia)] [Actual: Michael Gould], 
[Row: 94] [Column: 5] [Expected: Offsite - Non-US Office] [Actual: 10 NBS], 
[Row: 95] [Column: 1] [Expected: 6,308] [Actual: 6,179], 
[Row: 95] [Column: 2] [Expected: sabrashi] [Actual: sanjap], 
[Row: 95] [Column: 3] [Expected: Sergey Abrashin] [Actual: Sanja Paunovic (Accordia)], 
[Row: 95] [Column: 5] [Expected: 200 Elm] [Actual: Offsite - Non-US Office], 
[Row: 96] [Column: 1] [Expected: 6,930] [Actual: 6,308], 
[Row: 96] [Column: 2] [Expected: jrangelo] [Actual: sabrashi], 
[Row: 96] [Column: 3] [Expected: Jelena Rangelov (Accordia)] [Actual: Sergey Abrashin], 
[Row: 96] [Column: 4] [Expected: Business Mgmt and Analysis] [Actual: Software Development], 
[Row: 96] [Column: 5] [Expected: Offsite - Non-US Office] [Actual: 200 Elm], 
[Row: 97] [Column: 1] [Expected: 6,153] [Actual: 6,930], 
[Row: 97] [Column: 2] [Expected: lkuznets] [Actual: jrangelo], 
[Row: 97] [Column: 3] [Expected: Leonid Kuznetsov] [Actual: Jelena Rangelov (Accordia)], 
[Row: 97] [Column: 4] [Expected: IT Customer Services & Support] [Actual: Business Mgmt and Analysis], 
[Row: 97] [Column: 5] [Expected: 10 NBS] [Actual: Offsite - Non-US Office], 
[Row: 98] [Column: 1] [Expected: 6,927] [Actual: 6,153], 
[Row: 98] [Column: 2] [Expected: srayudu] [Actual: lkuznets], 
[Row: 98] [Column: 3] [Expected: Suneetha Rayudu] [Actual: Leonid Kuznetsov], 
[Row: 98] [Column: 4] [Expected: Software Development] [Actual: IT Customer Services & Support], 
[Row: 98] [Column: 5] [Expected: 200 Elm] [Actual: 10 NBS], 
[Row: 99] [Column: 1] [Expected: 7,024] [Actual: 6,927], 
[Row: 99] [Column: 2] [Expected: rwothers] [Actual: srayudu], 
[Row: 99] [Column: 3] [Expected: Russell Wotherspoon] [Actual: Suneetha Rayudu], 
[Row: 99] [Column: 4] [Expected: IT Customer Services & Support] [Actual: Software Development], 
[Row: 99] [Column: 5] [Expected: 10 NBS] [Actual: 200 Elm], 
[Row: 100] [Column: 1] [Expected: 7,040] [Actual: 7,024], 
[Row: 100] [Column: 2] [Expected: mstojano] [Actual: rwothers], 
[Row: 100] [Column: 3] [Expected: Milos Stojanovic (Accordia)] [Actual: Russell Wotherspoon], 
[Row: 100] [Column: 4] [Expected: Business Mgmt and Analysis] [Actual: IT Customer Services & Support], 
[Row: 100] [Column: 5] [Expected: Offsite - Non-US Office] [Actual: 10 NBS], 
[Row: 101] [Column: 1] [Expected: 7,046] [Actual: 7,040], 
[Row: 101] [Column: 2] [Expected: ivhuang] [Actual: mstojano], 
[Row: 101] [Column: 3] [Expected: Ivy Huang (Citco)] [Actual: Milos Stojanovic (Accordia)], 
[Row: 101] [Column: 4] [Expected: CITCO] [Actual: Business Mgmt and Analysis], 
[Row: 101] [Column: 5] [Expected: CITCO MAL - RPT] [Actual: Offsite - Non-US Office], 
[Row: 102] [Column: 1] [Expected: 7,058] [Actual: 7,046], 
[Row: 102] [Column: 2] [Expected: jcooksey] [Actual: ivhuang], 
[Row: 102] [Column: 3] [Expected: James Cooksey] [Actual: Ivy Huang (Citco)], 
[Row: 102] [Column: 4] [Expected: Operations] [Actual: CITCO], 
[Row: 102] [Column: 5] [Expected: 200 Elm] [Actual: CITCO MAL - RPT], 
[Row: 103] [Column: 1] [Expected: 7,051] [Actual: 7,058], 
[Row: 103] [Column: 2] [Expected: aafricano] [Actual: jcooksey], 
[Row: 103] [Column: 3] [Expected: Aileen Africano (Citco)] [Actual: James Cooksey], 
[Row: 103] [Column: 4] [Expected: CITCO] [Actual: Operations], 
[Row: 103] [Column: 5] [Expected: CITCO MNL - RPT] [Actual: 200 Elm], 
[Row: 104] [Column: 1] [Expected: 7,025] [Actual: 7,051], 
[Row: 104] [Column: 2] [Expected: yfernand] [Actual: aafricano], 
[Row: 104] [Column: 3] [Expected: Yohan Fernando] [Actual: Aileen Africano (Citco)], 
[Row: 104] [Column: 4] [Expected: Software Development] [Actual: CITCO], 
[Row: 104] [Column: 5] [Expected: 10 NBS] [Actual: CITCO MNL - RPT], 
[Row: 105] [Column: 1] [Expected: 7,092] [Actual: 7,025], 
[Row: 105] [Column: 2] [Expected: plagrima] [Actual: yfernand], 
[Row: 105] [Column: 3] [Expected: Peter Lagrimas (Citco)] [Actual: Yohan Fernando], 
[Row: 105] [Column: 4] [Expected: CITCO] [Actual: Software Development], 
[Row: 105] [Column: 5] [Expected: CITCO NJ - MO] [Actual: 10 NBS], 
[Row: 106] [Column: 1] [Expected: 7,117] [Actual: 7,092], 
[Row: 106] [Column: 2] [Expected: jli] [Actual: plagrima], 
[Row: 106] [Column: 3] [Expected: Jennifer Li (Princeton Consulting)] [Actual: Peter Lagrimas (Citco)], 
[Row: 106] [Column: 4] [Expected: IT Data Services] [Actual: CITCO], 
[Row: 106] [Column: 5] [Expected: Offsite - US Office] [Actual: CITCO NJ - MO], 
[Row: 107] [Column: 1] [Expected: 7,170] [Actual: 7,117], 
[Row: 107] [Column: 2] [Expected: dfebbrai] [Actual: jli], 
[Row: 107] [Column: 3] [Expected: Donald Febbraio (ExHI)] [Actual: Jennifer Li (Princeton Consulting)], 
[Row: 107] [Column: 4] [Expected: Software Development] [Actual: IT Data Services], 
[Row: 108] [Column: 1] [Expected: 7,190] [Actual: 7,170], 
[Row: 108] [Column: 2] [Expected: silic] [Actual: dfebbrai], 
[Row: 108] [Column: 3] [Expected: Sasha Ilic (Accordia)] [Actual: Donald Febbraio (ExHI)], 
[Row: 108] [Column: 5] [Expected: Offsite - Non-US Office] [Actual: Offsite - US Office], 
[Row: 109] [Column: 1] [Expected: 7,194] [Actual: 7,190], 
[Row: 109] [Column: 2] [Expected: clu] [Actual: silic], 
[Row: 109] [Column: 3] [Expected: Chensheng Lu] [Actual: Sasha Ilic (Accordia)], 
[Row: 109] [Column: 4] [Expected: Risk Management] [Actual: Software Development], 
[Row: 109] [Column: 5] [Expected: 10 NBS] [Actual: Offsite - Non-US Office], 
[Row: 110] [Column: 1] [Expected: 141] [Actual: 7,194], 
[Row: 110] [Column: 2] [Expected: sgorbey] [Actual: clu], 
[Row: 110] [Column: 3] [Expected: Susi Gorbey] [Actual: Chensheng Lu], 
[Row: 110] [Column: 4] [Expected: Quantitative Strategies Oversi] [Actual: Risk Management], 
[Row: 111] [Column: 1] [Expected: 7,207] [Actual: 141], 
[Row: 111] [Column: 2] [Expected: hboongal] [Actual: sgorbey], 
[Row: 111] [Column: 3] [Expected: Hazel Boongaling (Citco)] [Actual: Susi Gorbey], 
[Row: 111] [Column: 4] [Expected: CITCO] [Actual: Quantitative Strategies Oversi], 
[Row: 111] [Column: 5] [Expected: CITCO MNL - RPT] [Actual: 10 NBS], 
[Row: 112] [Column: 1] [Expected: 6,503] [Actual: 7,207], 
[Row: 112] [Column: 2] [Expected: mhassan] [Actual: hboongal], 
[Row: 112] [Column: 3] [Expected: Muriam Hassan] [Actual: Hazel Boongaling (Citco)], 
[Row: 112] [Column: 4] [Expected: Legal and Compliance] [Actual: CITCO], 
[Row: 112] [Column: 5] [Expected: 10 NBS] [Actual: CITCO MNL - RPT], 
[Row: 113] [Column: 1] [Expected: 6,578] [Actual: 6,503], 
[Row: 113] [Column: 2] [Expected: gsalazar] [Actual: mhassan], 
[Row: 113] [Column: 3] [Expected: Gabriela Salazar (CITCO)] [Actual: Muriam Hassan], 
[Row: 113] [Column: 4] [Expected: CITCO] [Actual: Legal and Compliance], 
[Row: 113] [Column: 5] [Expected: CITCO NJ - RISK&V] [Actual: 10 NBS], 
[Row: 114] [Column: 1] [Expected: 7,243] [Actual: 6,578], 
[Row: 114] [Column: 2] [Expected: kramoso] [Actual: gsalazar], 
[Row: 114] [Column: 3] [Expected: Katrina Ramoso (Citco)] [Actual: Gabriela Salazar (CITCO)], 
[Row: 114] [Column: 5] [Expected: CITCO MLA - OPS] [Actual: CITCO NJ - RISK&V], 
[Row: 115] [Column: 1] [Expected: 7,246] [Actual: 7,243], 
[Row: 115] [Column: 2] [Expected: ralcanta] [Actual: kramoso], 
[Row: 115] [Column: 3] [Expected: Rocel Alcantara (Citco)] [Actual: Katrina Ramoso (Citco)], 
[Row: 116] [Column: 1] [Expected: 7,244] [Actual: 7,246], 
[Row: 116] [Column: 2] [Expected: pcorpuz] [Actual: ralcanta], 
[Row: 116] [Column: 3] [Expected: Pearly Corpuz (Citco)] [Actual: Rocel Alcantara (Citco)], 
[Row: 117] [Column: 1] [Expected: 7,262] [Actual: 7,244], 
[Row: 117] [Column: 2] [Expected: gjohn] [Actual: pcorpuz], 
[Row: 117] [Column: 3] [Expected: Gina John (Citco)] [Actual: Pearly Corpuz (Citco)], 
[Row: 117] [Column: 5] [Expected: CITCO MAL - RPT] [Actual: CITCO MLA - OPS], 
[Row: 118] [Column: 1] [Expected: 6,105] [Actual: 7,262], 
[Row: 118] [Column: 2] [Expected: dtan] [Actual: gjohn], 
[Row: 118] [Column: 3] [Expected: Danny Tan (CITCO)] [Actual: Gina John (Citco)], 
[Row: 118] [Column: 5] [Expected: CITCO NJ - OPS] [Actual: CITCO MAL - RPT], 
[Row: 119] [Column: 1] [Expected: 7,234] [Actual: 6,105], 
[Row: 119] [Column: 2] [Expected: jfullam] [Actual: dtan], 
[Row: 119] [Column: 3] [Expected: John Fullam] [Actual: Danny Tan (CITCO)], 
[Row: 119] [Column: 4] [Expected: Software Development] [Actual: CITCO], 
[Row: 119] [Column: 5] [Expected: 200 Elm] [Actual: CITCO NJ - OPS], 
[Row: 120] [Column: 1] [Expected: 7,247] [Actual: 7,234], 
[Row: 120] [Column: 2] [Expected: jvoong] [Actual: jfullam], 
[Row: 120] [Column: 3] [Expected: Johnny Voong (Citco)] [Actual: John Fullam], 
[Row: 120] [Column: 4] [Expected: CITCO] [Actual: Software Development], 
[Row: 120] [Column: 5] [Expected: CITCO NJ - MO] [Actual: 200 Elm], 
[Row: 121] [Column: 1] [Expected: 6,161] [Actual: 7,247], 
[Row: 121] [Column: 2] [Expected: lgiorgia] [Actual: jvoong], 
[Row: 121] [Column: 3] [Expected: Lorenzo Giorgianni] [Actual: Johnny Voong (Citco)], 
[Row: 121] [Column: 4] [Expected: Global Research] [Actual: CITCO], 
[Row: 121] [Column: 5] [Expected: 51 Astor Place] [Actual: CITCO NJ - MO], 
[Row: 122] [Column: 1] [Expected: 7,094] [Actual: 6,161], 
[Row: 122] [Column: 2] [Expected: nstojano] [Actual: lgiorgia], 
[Row: 122] [Column: 3] [Expected: Nenad Stojanovic (Accordia)] [Actual: Lorenzo Giorgianni], 
[Row: 122] [Column: 4] [Expected: IT Customer Services & Support] [Actual: Global Research], 
[Row: 122] [Column: 5] [Expected: Offsite - Non-US Office] [Actual: 51 Astor Place], 
[Row: 123] [Column: 1] [Expected: 4,320] [Actual: 7,094], 
[Row: 123] [Column: 2] [Expected: rhowes] [Actual: nstojano], 
[Row: 123] [Column: 3] [Expected: Robin Howes] [Actual: Nenad Stojanovic (Accordia)], 
[Row: 123] [Column: 4] [Expected: Operations] [Actual: IT Customer Services & Support], 
[Row: 123] [Column: 5] [Expected: 200 Elm] [Actual: Offsite - Non-US Office], 
[Row: 124] [Column: 1] [Expected: 7,338] [Actual: 4,320], 
[Row: 124] [Column: 2] [Expected: rwiederh] [Actual: rhowes], 
[Row: 124] [Column: 3] [Expected: Raymond Wiederhold] [Actual: Robin Howes], 
[Row: 124] [Column: 4] [Expected: Middle Office] [Actual: Operations], 
[Row: 125] [Column: 1] [Expected: 7,337] [Actual: 7,338], 
[Row: 125] [Column: 2] [Expected: dfrischm] [Actual: rwiederh], 
[Row: 125] [Column: 3] [Expected: Daniel Frischman] [Actual: Raymond Wiederhold], 
[Row: 125] [Column: 4] [Expected: Collateral Management] [Actual: Middle Office], 
[Row: 126] [Column: 1] [Expected: 6,798] [Actual: 7,337], 
[Row: 126] [Column: 2] [Expected: spalmrot] [Actual: dfrischm], 
[Row: 126] [Column: 3] [Expected: Stephen Palmroth] [Actual: Daniel Frischman], 
[Row: 126] [Column: 4] [Expected: IT Customer Services & Support] [Actual: Collateral Management], 
[Row: 127] [Column: 1] [Expected: 7,347] [Actual: 6,798], 
[Row: 127] [Column: 2] [Expected: kwojtas] [Actual: spalmrot], 
[Row: 127] [Column: 3] [Expected: Kris Wojtas] [Actual: Stephen Palmroth], 
[Row: 127] [Column: 4] [Expected: Operations] [Actual: IT Customer Services & Support], 
[Row: 127] [Column: 5] [Expected: 10 NBS] [Actual: 200 Elm], 
[Row: 128] [Column: 1] [Expected: 7,312] [Actual: 7,347], 
[Row: 128] [Column: 2] [Expected: czhang] [Actual: kwojtas], 
[Row: 128] [Column: 3] [Expected: Cheng (Craig) Zhang (Citco)] [Actual: Kris Wojtas], 
[Row: 128] [Column: 4] [Expected: CITCO] [Actual: Operations], 
[Row: 128] [Column: 5] [Expected: CITCO HFX - DIV] [Actual: 10 NBS], 
[Row: 129] [Column: 1] [Expected: 7,350] [Actual: 7,312], 
[Row: 129] [Column: 2] [Expected: ghuang] [Actual: czhang], 
[Row: 129] [Column: 3] [Expected: Gengwei (Kevin) Huang (Citco)] [Actual: Cheng (Craig) Zhang (Citco)], 
[Row: 130] [Column: 1] [Expected: 7,342] [Actual: 7,350], 
[Row: 130] [Column: 2] [Expected: jgalvin] [Actual: ghuang], 
[Row: 130] [Column: 3] [Expected: James Galvin (Citco)] [Actual: Gengwei (Kevin) Huang (Citco)], 
[Row: 130] [Column: 5] [Expected: CITCO NJ - OPS] [Actual: CITCO HFX - DIV], 
[Row: 131] [Column: 1] [Expected: 7,365] [Actual: 7,342], 
[Row: 131] [Column: 2] [Expected: tseto] [Actual: jgalvin], 
[Row: 131] [Column: 3] [Expected: Tim Seto] [Actual: James Galvin (Citco)], 
[Row: 131] [Column: 4] [Expected: Treasury / Credit] [Actual: CITCO], 
[Row: 131] [Column: 5] [Expected: 51 Astor Place] [Actual: CITCO NJ - OPS], 
[Row: 132] [Column: 1] [Expected: 4,141] [Actual: 7,365], 
[Row: 132] [Column: 2] [Expected: tlodge] [Actual: tseto], 
[Row: 132] [Column: 3] [Expected: Toby Lodge] [Actual: Tim Seto], 
[Row: 132] [Column: 4] [Expected: Tax] [Actual: Treasury / Credit], 
[Row: 132] [Column: 5] [Expected: 10 NBS] [Actual: 51 Astor Place], 
[Row: 133] [Column: 1] [Expected: 7,375] [Actual: 4,141], 
[Row: 133] [Column: 2] [Expected: bchee] [Actual: tlodge], 
[Row: 133] [Column: 3] [Expected: Ben Chee] [Actual: Toby Lodge], 
[Row: 133] [Column: 4] [Expected: Operations] [Actual: Tax], 
[Row: 133] [Column: 5] [Expected: Singapore] [Actual: 10 NBS], 
[Row: 134] [Column: 1] [Expected: 6,923] [Actual: 7,375], 
[Row: 134] [Column: 2] [Expected: dkostic] [Actual: bchee], 
[Row: 134] [Column: 3] [Expected: Dejan Kostic (Accordia)] [Actual: Ben Chee], 
[Row: 134] [Column: 4] [Expected: IT Customer Services & Support] [Actual: Operations], 
[Row: 134] [Column: 5] [Expected: Offsite - Non-US Office] [Actual: Singapore], 
[Row: 135] [Column: 1] [Expected: 7,386] [Actual: 6,923], 
[Row: 135] [Column: 2] [Expected: robertm] [Actual: dkostic], 
[Row: 135] [Column: 3] [Expected: Robert McHale] [Actual: Dejan Kostic (Accordia)], 
[Row: 135] [Column: 4] [Expected: Middle Office] [Actual: IT Customer Services & Support], 
[Row: 135] [Column: 5] [Expected: 51 Astor Place] [Actual: Offsite - Non-US Office], 
[Row: 136] [Column: 1] [Expected: 7,391] [Actual: 7,386], 
[Row: 136] [Column: 2] [Expected: kvega] [Actual: robertm], 
[Row: 136] [Column: 3] [Expected: Krizia Kaye Vega (Citco)] [Actual: Robert McHale], 
[Row: 136] [Column: 4] [Expected: CITCO] [Actual: Middle Office], 
[Row: 136] [Column: 5] [Expected: CITCO MNL - RPT] [Actual: 51 Astor Place], 
[Row: 137] [Column: 1] [Expected: 7,390] [Actual: 7,391], 
[Row: 137] [Column: 2] [Expected: avong] [Actual: kvega], 
[Row: 137] [Column: 3] [Expected: Anthony Vong (Citco)] [Actual: Krizia Kaye Vega (Citco)], 
[Row: 137] [Column: 5] [Expected: CITCO MAL - RPT] [Actual: CITCO MNL - RPT], 
[Row: 138] [Column: 1] [Expected: 7,408] [Actual: 7,390], 
[Row: 138] [Column: 2] [Expected: kjackson] [Actual: avong], 
[Row: 138] [Column: 3] [Expected: Keith Jackson (Citco)] [Actual: Anthony Vong (Citco)], 
[Row: 138] [Column: 5] [Expected: CITCO NJ - OPS] [Actual: CITCO MAL - RPT], 
[Row: 139] [Column: 1] [Expected: 5,924] [Actual: 7,408], 
[Row: 139] [Column: 2] [Expected: mnedelto] [Actual: kjackson], 
[Row: 139] [Column: 3] [Expected: Michael Nedelton (CITCO)] [Actual: Keith Jackson (Citco)], 
[Row: 140] [Column: 1] [Expected: 6,295] [Actual: 5,924], 
[Row: 140] [Column: 2] [Expected: dwillis] [Actual: mnedelto], 
[Row: 140] [Column: 3] [Expected: Dominic Willis] [Actual: Michael Nedelton (CITCO)], 
[Row: 140] [Column: 4] [Expected: Trade Support] [Actual: CITCO], 
[Row: 140] [Column: 5] [Expected: 51 Astor Place] [Actual: CITCO NJ - OPS], 
[Row: 141] [Column: 1] [Expected: 7,416] [Actual: 6,295], 
[Row: 141] [Column: 2] [Expected: klaguard] [Actual: dwillis], 
[Row: 141] [Column: 3] [Expected: Kathlynn Laguardia] [Actual: Dominic Willis], 
[Row: 141] [Column: 4] [Expected: IT Customer Services & Support] [Actual: Trade Support], 
[Row: 142] [Column: 1] [Expected: 7,288] [Actual: 7,416], 
[Row: 142] [Column: 2] [Expected: cfu] [Actual: klaguard], 
[Row: 142] [Column: 3] [Expected: Chris Fu (Citco)] [Actual: Kathlynn Laguardia], 
[Row: 142] [Column: 4] [Expected: CITCO] [Actual: IT Customer Services & Support], 
[Row: 142] [Column: 5] [Expected: CITCO NJ - OPS] [Actual: 51 Astor Place], 
[Row: 143] [Column: 1] [Expected: 7,289] [Actual: 7,288], 
[Row: 143] [Column: 2] [Expected: dtellier] [Actual: cfu], 
[Row: 143] [Column: 3] [Expected: Daniel Tellier (Citco)] [Actual: Chris Fu (Citco)], 
[Row: 144] [Column: 1] [Expected: 7,424] [Actual: 7,289], 
[Row: 144] [Column: 2] [Expected: mdowling] [Actual: dtellier], 
[Row: 144] [Column: 3] [Expected: Mike Dowling (Citco)] [Actual: Daniel Tellier (Citco)], 
[Row: 145] [Column: 1] [Expected: 7,399] [Actual: 7,424], 
[Row: 145] [Column: 2] [Expected: aleung] [Actual: mdowling], 
[Row: 145] [Column: 3] [Expected: Andrew Leung (Citco)] [Actual: Mike Dowling (Citco)], 
[Row: 145] [Column: 5] [Expected: CITCO NJ - MO] [Actual: CITCO NJ - OPS], 
[Row: 146] [Column: 1] [Expected: 7,435] [Actual: 7,399], 
[Row: 146] [Column: 2] [Expected: kemery] [Actual: aleung], 
[Row: 146] [Column: 3] [Expected: Kyle Emery] [Actual: Andrew Leung (Citco)], 
[Row: 146] [Column: 4] [Expected: Middle Office] [Actual: CITCO], 
[Row: 146] [Column: 5] [Expected: 51 Astor Place] [Actual: CITCO NJ - MO], 
[Row: 147] [Column: 1] [Expected: 7,400] [Actual: 7,435], 
[Row: 147] [Column: 2] [Expected: ajoseph] [Actual: kemery], 
[Row: 147] [Column: 3] [Expected: Anil Joseph] [Actual: Kyle Emery], 
[Row: 147] [Column: 4] [Expected: Tax] [Actual: Middle Office], 
[Row: 147] [Column: 5] [Expected: 200 Elm] [Actual: 51 Astor Place], 
[Row: 148] [Column: 1] [Expected: 7,451] [Actual: 7,400], 
[Row: 148] [Column: 2] [Expected: seano] [Actual: ajoseph], 
[Row: 148] [Column: 3] [Expected: Sean O'Neil] [Actual: Anil Joseph], 
[Row: 148] [Column: 4] [Expected: CITCO] [Actual: Tax], 
[Row: 148] [Column: 5] [Expected: CITCO HFX - OPS] [Actual: 200 Elm], 
[Row: 149] [Column: 1] [Expected: 7,448] [Actual: 7,451], 
[Row: 149] [Column: 2] [Expected: yujiang] [Actual: seano], 
[Row: 149] [Column: 3] [Expected: Yulin Jiang] [Actual: Sean O'Neil], 
[Row: 149] [Column: 4] [Expected: Portfolio Oversight] [Actual: CITCO], 
[Row: 149] [Column: 5] [Expected: 51 Astor Place] [Actual: CITCO HFX - OPS], 
[Row: 150] [Column: 1] [Expected: 7,500] [Actual: 7,448], 
[Row: 150] [Column: 2] [Expected: anelson] [Actual: yujiang], 
[Row: 150] [Column: 3] [Expected: Alex Nelson] [Actual: Yulin Jiang], 
[Row: 150] [Column: 4] [Expected: IT Data Services] [Actual: Portfolio Oversight], 
[Row: 150] [Column: 5] [Expected: 200 Elm] [Actual: 51 Astor Place], 
[Row: 151] [Column: 1] [Expected: 7,503] [Actual: 7,500], 
[Row: 151] [Column: 2] [Expected: nkapadia] [Actual: anelson], 
[Row: 151] [Column: 3] [Expected: Nikhil Kapadia (CITCO)] [Actual: Alex Nelson], 
[Row: 151] [Column: 4] [Expected: CITCO] [Actual: IT Data Services], 
[Row: 151] [Column: 5] [Expected: CITCO NJ - OPS] [Actual: 200 Elm], 
[Row: 152] [Column: 1] [Expected: 7,504] [Actual: 7,503], 
[Row: 152] [Column: 2] [Expected: sandeeps] [Actual: nkapadia], 
[Row: 152] [Column: 3] [Expected: Sandeep Sharma (CITCO)] [Actual: Nikhil Kapadia (CITCO)], 
[Row: 153] [Column: 1] [Expected: 7,497] [Actual: 7,504], 
[Row: 153] [Column: 2] [Expected: mvulovic] [Actual: sandeeps], 
[Row: 153] [Column: 3] [Expected: Mirko Vulovic (Accordia)] [Actual: Sandeep Sharma (CITCO)], 
[Row: 153] [Column: 4] [Expected: Software Development] [Actual: CITCO], 
[Row: 153] [Column: 5] [Expected: Offsite - US Office] [Actual: CITCO NJ - OPS], 
[Row: 154] [Column: 1] [Expected: 7,544] [Actual: 7,497], 
[Row: 154] [Column: 2] [Expected: jtabarno] [Actual: mvulovic], 
[Row: 154] [Column: 3] [Expected: Joanne Tabarno (Citco)] [Actual: Mirko Vulovic (Accordia)], 
[Row: 154] [Column: 4] [Expected: CITCO] [Actual: Software Development], 
[Row: 154] [Column: 5] [Expected: CITCO MNL - RPT] [Actual: Offsite - US Office], 
[Row: 155] [Column: 1] [Expected: 7,541] [Actual: 7,544], 
[Row: 155] [Column: 2] [Expected: vvincent] [Actual: jtabarno], 
[Row: 155] [Column: 3] [Expected: Valerian Vincent (Citco)] [Actual: Joanne Tabarno (Citco)], 
[Row: 155] [Column: 5] [Expected: CITCO NJ - OPS] [Actual: CITCO MNL - RPT], 
[Row: 156] [Column: 1] [Expected: 7,542] [Actual: 7,541], 
[Row: 156] [Column: 2] [Expected: nitins] [Actual: vvincent], 
[Row: 156] [Column: 3] [Expected: Nitin Singh (Citco)] [Actual: Valerian Vincent (Citco)], 
[Row: 157] [Column: 1] [Expected: 7,556] [Actual: 7,542], 
[Row: 157] [Column: 2] [Expected: poonams] [Actual: nitins], 
[Row: 157] [Column: 3] [Expected: Poonam Sharma] [Actual: Nitin Singh (Citco)], 
[Row: 157] [Column: 4] [Expected: Legal and Compliance] [Actual: CITCO], 
[Row: 157] [Column: 5] [Expected: 51 Astor Place] [Actual: CITCO NJ - OPS], 
[Row: 158] [Column: 1] [Expected: 7,585] [Actual: 7,556], 
[Row: 158] [Column: 2] [Expected: shouston] [Actual: poonams], 
[Row: 158] [Column: 3] [Expected: Stuart Houston] [Actual: Poonam Sharma], 
[Row: 158] [Column: 4] [Expected: Operations] [Actual: Legal and Compliance], 
[Row: 158] [Column: 5] [Expected: 10 NBS] [Actual: 51 Astor Place], 
[Row: 159] [Column: 1] [Expected: 7,599] [Actual: 7,585], 
[Row: 159] [Column: 2] [Expected: jyung] [Actual: shouston], 
[Row: 159] [Column: 3] [Expected: Jonathan Yung] [Actual: Stuart Houston], 
[Row: 159] [Column: 4] [Expected: Middle Office] [Actual: Operations], 
[Row: 160] [Column: 1] [Expected: 7,616] [Actual: 7,599], 
[Row: 160] [Column: 2] [Expected: pdurnfor] [Actual: jyung], 
[Row: 160] [Column: 3] [Expected: Piers Durnford] [Actual: Jonathan Yung], 
[Row: 160] [Column: 4] [Expected: Operations] [Actual: Middle Office], 
[Row: 161] [Column: 1] [Expected: 6,859] [Actual: 7,616], 
[Row: 161] [Column: 2] [Expected: lfranco] [Actual: pdurnfor], 
[Row: 161] [Column: 3] [Expected: Lori Franco] [Actual: Piers Durnford], 
[Row: 161] [Column: 4] [Expected: Financial Reporting] [Actual: Operations], 
[Row: 161] [Column: 5] [Expected: Palm Beach] [Actual: 10 NBS], 
[Row: 162] [Column: 1] [Expected: 7,629] [Actual: 6,859], 
[Row: 162] [Column: 2] [Expected: smuthu] [Actual: lfranco], 
[Row: 162] [Column: 3] [Expected: Shankar Muthu] [Actual: Lori Franco], 
[Row: 162] [Column: 4] [Expected: IT Customer Services & Support] [Actual: Financial Reporting], 
[Row: 162] [Column: 5] [Expected: Singapore] [Actual: Palm Beach], 
[Row: 163] [Column: 1] [Expected: 6,358] [Actual: 7,629], 
[Row: 163] [Column: 2] [Expected: ikorzhev] [Actual: smuthu], 
[Row: 163] [Column: 3] [Expected: Inna Korzhevskaya] [Actual: Shankar Muthu], 
[Row: 163] [Column: 4] [Expected: Tax] [Actual: IT Customer Services & Support], 
[Row: 163] [Column: 5] [Expected: 10 NBS] [Actual: Singapore], 
[Row: 164] [Column: 1] [Expected: 7,352] [Actual: 6,358], 
[Row: 164] [Column: 2] [Expected: ischuckm] [Actual: ikorzhev], 
[Row: 164] [Column: 3] [Expected: Ivy Schuckman (Untract Early)] [Actual: Inna Korzhevskaya], 
[Row: 164] [Column: 4] [Expected: Financial Reporting] [Actual: Tax], 
[Row: 164] [Column: 5] [Expected: Offsite - US Office] [Actual: 10 NBS], 
[Row: 165] [Column: 1] [Expected: 7,358] [Actual: 7,352], 
[Row: 165] [Column: 2] [Expected: rslootma] [Actual: ischuckm], 
[Row: 165] [Column: 3] [Expected: Robert Slootmaker (Untracht Early)] [Actual: Ivy Schuckman (Untract Early)], 
[Row: 166] [Column: 1] [Expected: 7,353] [Actual: 7,358], 
[Row: 166] [Column: 2] [Expected: adevita] [Actual: rslootma], 
[Row: 166] [Column: 3] [Expected: Adria DeVita (Untracht Early)] [Actual: Robert Slootmaker (Untracht Early)], 
[Row: 167] [Column: 1] [Expected: 7,631] [Actual: 7,353], 
[Row: 167] [Column: 2] [Expected: zrankov] [Actual: adevita], 
[Row: 167] [Column: 3] [Expected: Zdravko Rankov] [Actual: Adria DeVita (Untracht Early)], 
[Row: 167] [Column: 4] [Expected: IT Data Services] [Actual: Financial Reporting], 
[Row: 167] [Column: 5] [Expected: 10 NBS] [Actual: Offsite - US Office], 
[Row: 168] [Column: 1] [Expected: 7,551] [Actual: 7,631], 
[Row: 168] [Column: 2] [Expected: elam] [Actual: zrankov], 
[Row: 168] [Column: 3] [Expected: Eric Lam (Citco)] [Actual: Zdravko Rankov], 
[Row: 168] [Column: 4] [Expected: CITCO] [Actual: IT Data Services], 
[Row: 168] [Column: 5] [Expected: CITCO NJ - MO] [Actual: 10 NBS], 
[Row: 169] [Column: 1] [Expected: 7,547] [Actual: 7,551], 
[Row: 169] [Column: 2] [Expected: mzhou] [Actual: elam], 
[Row: 169] [Column: 3] [Expected: Mingyi Zhou (Citco)] [Actual: Eric Lam (Citco)], 
[Row: 170] [Column: 1] [Expected: 7,548] [Actual: 7,547], 
[Row: 170] [Column: 2] [Expected: shenry] [Actual: mzhou], 
[Row: 170] [Column: 3] [Expected: Spencer Henry (Citco)] [Actual: Mingyi Zhou (Citco)], 
[Row: 171] [Column: 1] [Expected: 7,357] [Actual: 7,548], 
[Row: 171] [Column: 2] [Expected: swalker] [Actual: shenry], 
[Row: 171] [Column: 3] [Expected: Steven Walker (Untracht Early)] [Actual: Spencer Henry (Citco)], 
[Row: 171] [Column: 4] [Expected: Financial Reporting] [Actual: CITCO], 
[Row: 171] [Column: 5] [Expected: Offsite - US Office] [Actual: CITCO NJ - MO], 
[Row: 172] [Column: 1] [Expected: 7,579] [Actual: 7,357], 
[Row: 172] [Column: 2] [Expected: cmckinle] [Actual: swalker], 
[Row: 172] [Column: 3] [Expected: Colin McKinley] [Actual: Steven Walker (Untracht Early)], 
[Row: 172] [Column: 4] [Expected: Software Development] [Actual: Financial Reporting], 
[Row: 172] [Column: 5] [Expected: 200 Elm] [Actual: Offsite - US Office], 
[Row: 173] [Column: 1] [Expected: 7,657] [Actual: 7,579], 
[Row: 173] [Column: 2] [Expected: ihadero] [Actual: cmckinle], 
[Row: 173] [Column: 3] [Expected: Isral Hadero (Citco)] [Actual: Colin McKinley], 
[Row: 173] [Column: 4] [Expected: CITCO] [Actual: Software Development], 
[Row: 173] [Column: 5] [Expected: CITCO MAL - RPT] [Actual: 200 Elm], 
[Row: 174] [Column: 1] [Expected: 7,669] [Actual: 7,657], 
[Row: 174] [Column: 2] [Expected: amyz] [Actual: ihadero], 
[Row: 174] [Column: 3] [Expected: Amy Zhang] [Actual: Isral Hadero (Citco)], 
[Row: 174] [Column: 4] [Expected: Tax] [Actual: CITCO], 
[Row: 174] [Column: 5] [Expected: 200 Elm] [Actual: CITCO MAL - RPT], 
[Row: 175] [Column: 1] [Expected: 7,441] [Actual: 7,669], 
[Row: 175] [Column: 2] [Expected: cscala] [Actual: amyz], 
[Row: 175] [Column: 3] [Expected: Chelsea Scala] [Actual: Amy Zhang], 
[Row: 175] [Column: 4] [Expected: IT Data Services] [Actual: Tax], 
[Row: 176] [Column: 1] [Expected: 7,689] [Actual: 7,441], 
[Row: 176] [Column: 2] [Expected: hthompso] [Actual: cscala], 
[Row: 176] [Column: 3] [Expected: Hector Thompson] [Actual: Chelsea Scala], 
[Row: 176] [Column: 4] [Expected: Legal and Compliance] [Actual: IT Data Services], 
[Row: 176] [Column: 5] [Expected: 10 NBS] [Actual: 200 Elm], 
[Row: 177] [Column: 1] [Expected: 7,604] [Actual: 7,689], 
[Row: 177] [Column: 2] [Expected: djanjevi] [Actual: hthompso], 
[Row: 177] [Column: 3] [Expected: Dragoje Janjevic (Accordia)] [Actual: Hector Thompson], 
[Row: 177] [Column: 4] [Expected: Business Mgmt and Analysis] [Actual: Legal and Compliance], 
[Row: 177] [Column: 5] [Expected: Offsite - Non-US Office] [Actual: 10 NBS], 
[Row: 178] [Column: 1] [Expected: 7,687] [Actual: 7,604], 
[Row: 178] [Column: 2] [Expected: pprykhod] [Actual: djanjevi], 
[Row: 178] [Column: 3] [Expected: Petro Prykhodko (Luxoft)] [Actual: Dragoje Janjevic (Accordia)], 
[Row: 178] [Column: 4] [Expected: Software Development] [Actual: Business Mgmt and Analysis], 
[Row: 179] [Column: 1] [Expected: 7,705] [Actual: 7,687], 
[Row: 179] [Column: 2] [Expected: aravisha] [Actual: pprykhod], 
[Row: 179] [Column: 3] [Expected: Aditi Ravishankar] [Actual: Petro Prykhodko (Luxoft)], 
[Row: 179] [Column: 4] [Expected: Risk Management] [Actual: Software Development], 
[Row: 179] [Column: 5] [Expected: 10 NBS] [Actual: Offsite - Non-US Office], 
[Row: 180] [Column: 1] [Expected: 1,022] [Actual: 7,705], 
[Row: 180] [Column: 2] [Expected: mluizza] [Actual: aravisha], 
[Row: 180] [Column: 3] [Expected: Matthew Luizza] [Actual: Aditi Ravishankar], 
[Row: 180] [Column: 4] [Expected: Facilities] [Actual: Risk Management], 
[Row: 180] [Column: 5] [Expected: 200 Elm] [Actual: 10 NBS], 
[Row: 181] [Column: 1] [Expected: 7,736] [Actual: 1,022], 
[Row: 181] [Column: 2] [Expected: rchauhan] [Actual: mluizza], 
[Row: 181] [Column: 3] [Expected: Rahul Chauhan] [Actual: Matthew Luizza], 
[Row: 181] [Column: 4] [Expected: Risk Management] [Actual: Facilities], 
[Row: 181] [Column: 5] [Expected: 51 Astor Place] [Actual: 200 Elm], 
[Row: 182] [Column: 1] [Expected: 7,721] [Actual: 7,736], 
[Row: 182] [Column: 2] [Expected: rbelchad] [Actual: rchauhan], 
[Row: 182] [Column: 3] [Expected: Rahul Belchade (Citco)] [Actual: Rahul Chauhan], 
[Row: 182] [Column: 4] [Expected: CITCO] [Actual: Risk Management], 
[Row: 182] [Column: 5] [Expected: CITCO NJ - OPS] [Actual: 51 Astor Place], 
[Row: 183] [Column: 1] [Expected: 7,747] [Actual: 7,721], 
[Row: 183] [Column: 2] [Expected: smcauley] [Actual: rbelchad], 
[Row: 183] [Column: 3] [Expected: Shawn McAuley] [Actual: Rahul Belchade (Citco)], 
[Row: 183] [Column: 4] [Expected: Financial Reporting] [Actual: CITCO], 
[Row: 183] [Column: 5] [Expected: 200 Elm] [Actual: CITCO NJ - OPS], 
[Row: 184] [Column: 1] [Expected: 7,748] [Actual: 7,747], 
[Row: 184] [Column: 2] [Expected: ssilva] [Actual: smcauley], 
[Row: 184] [Column: 3] [Expected: Stephanie Silva] [Actual: Shawn McAuley], 
[Row: 184] [Column: 4] [Expected: Facilities] [Actual: Financial Reporting], 
[Row: 185] [Column: 1] [Expected: 7,746] [Actual: 7,748], 
[Row: 185] [Column: 2] [Expected: smazumda] [Actual: ssilva], 
[Row: 185] [Column: 3] [Expected: Sanjay Mazumdar] [Actual: Stephanie Silva], 
[Row: 185] [Column: 4] [Expected: Business Mgmt and Analysis] [Actual: Facilities], 
[Row: 185] [Column: 5] [Expected: 10 NBS] [Actual: 200 Elm], 
[Row: 186] [Column: 1] [Expected: 7,613] [Actual: 7,746], 
[Row: 186] [Column: 2] [Expected: oyurkivs] [Actual: smazumda], 
[Row: 186] [Column: 3] [Expected: Oleg Yurkivskyy (Luxoft)] [Actual: Sanjay Mazumdar], 
[Row: 186] [Column: 4] [Expected: Software Development] [Actual: Business Mgmt and Analysis], 
[Row: 186] [Column: 5] [Expected: Offsite - Non-US Office] [Actual: 10 NBS], 
[Row: 187] [Column: 1] [Expected: 4,777] [Actual: 7,613], 
[Row: 187] [Column: 2] [Expected: mtyson] [Actual: oyurkivs], 
[Row: 187] [Column: 3] [Expected: Matthew Tyson] [Actual: Oleg Yurkivskyy (Luxoft)], 
[Row: 187] [Column: 4] [Expected: IT Customer Services & Support] [Actual: Software Development], 
[Row: 187] [Column: 5] [Expected: 200 Elm] [Actual: Offsite - Non-US Office], 
[Row: 188] [Column: 1] [Expected: 7,757] [Actual: 4,777], 
[Row: 188] [Column: 2] [Expected: asai] [Actual: mtyson], 
[Row: 188] [Column: 3] [Expected: Ambika Sai (NIIT)] [Actual: Matthew Tyson], 
[Row: 188] [Column: 4] [Expected: IT Data Services] [Actual: IT Customer Services & Support], 
[Row: 188] [Column: 5] [Expected: Offsite - Non-US Office] [Actual: 200 Elm], 
[Row: 189] [Column: 1] [Expected: 7,696] [Actual: 7,757], 
[Row: 189] [Column: 2] [Expected: melissar] [Actual: asai], 
[Row: 189] [Column: 3] [Expected: Melissa Rivera (Citco)] [Actual: Ambika Sai (NIIT)], 
[Row: 189] [Column: 4] [Expected: CITCO] [Actual: IT Data Services], 
[Row: 189] [Column: 5] [Expected: CITCO MNL - RPT] [Actual: Offsite - Non-US Office], 
[Row: 190] [Column: 1] [Expected: 7,700] [Actual: 7,696], 
[Row: 190] [Column: 2] [Expected: nyacoub] [Actual: melissar], 
[Row: 190] [Column: 3] [Expected: Nour Yacoub] [Actual: Melissa Rivera (Citco)], 
[Row: 190] [Column: 4] [Expected: Tax] [Actual: CITCO], 
[Row: 190] [Column: 5] [Expected: 200 Elm] [Actual: CITCO MNL - RPT], 
[Row: 191] [Column: 1] [Expected: 7,771] [Actual: 7,700], 
[Row: 191] [Column: 2] [Expected: aadil] [Actual: nyacoub], 
[Row: 191] [Column: 3] [Expected: Azfar Adil] [Actual: Nour Yacoub], 
[Row: 191] [Column: 4] [Expected: Risk Management] [Actual: Tax], 
[Row: 191] [Column: 5] [Expected: 51 Astor Place] [Actual: 200 Elm], 
[Row: 192] [Column: 1] [Expected: 7,105] [Actual: 7,771], 
[Row: 192] [Column: 2] [Expected: swithers] [Actual: aadil], 
[Row: 192] [Column: 3] [Expected: Skye Withers] [Actual: Azfar Adil], 
[Row: 192] [Column: 4] [Expected: IT Customer Services & Support] [Actual: Risk Management], 
[Row: 192] [Column: 5] [Expected: 10 NBS] [Actual: 51 Astor Place], 
[Row: 193] [Column: 1] [Expected: 7,778] [Actual: 7,105], 
[Row: 193] [Column: 2] [Expected: jche] [Actual: swithers], 
[Row: 193] [Column: 3] [Expected: Joy Che] [Actual: Skye Withers], 
[Row: 193] [Column: 4] [Expected: Middle Office] [Actual: IT Customer Services & Support], 
[Row: 193] [Column: 5] [Expected: 51 Astor Place] [Actual: 10 NBS], 
[Row: 194] [Column: 1] [Expected: 7,783] [Actual: 7,778], 
[Row: 194] [Column: 2] [Expected: mdimassi] [Actual: jche], 
[Row: 194] [Column: 3] [Expected: Menel Dimassi] [Actual: Joy Che], 
[Row: 194] [Column: 4] [Expected: Operations] [Actual: Middle Office], 
[Row: 194] [Column: 5] [Expected: 200 Elm] [Actual: 51 Astor Place], 
[Row: 195] [Column: 1] [Expected: 7,780] [Actual: 7,783], 
[Row: 195] [Column: 2] [Expected: jtodd] [Actual: mdimassi], 
[Row: 195] [Column: 3] [Expected: Jason Todd] [Actual: Menel Dimassi], 
[Row: 195] [Column: 4] [Expected: Office of the CTO] [Actual: Operations], 
[Row: 196] [Column: 1] [Expected: 7,777] [Actual: 7,780], 
[Row: 196] [Column: 2] [Expected: jhaynes] [Actual: jtodd], 
[Row: 196] [Column: 3] [Expected: John Haynes (ExHI)] [Actual: Jason Todd], 
[Row: 196] [Column: 4] [Expected: Software Development] [Actual: Office of the CTO], 
[Row: 196] [Column: 5] [Expected: Offsite - US Office] [Actual: 200 Elm], 
[Row: 197] [Column: 1] [Expected: 7,768] [Actual: 7,777], 
[Row: 197] [Column: 2] [Expected: bbednar] [Actual: jhaynes], 
[Row: 197] [Column: 3] [Expected: Brianna Bednar (EY)] [Actual: John Haynes (ExHI)], 
[Row: 197] [Column: 4] [Expected: Financial Reporting] [Actual: Software Development], 
[Row: 198] [Column: 1] [Expected: 7,767] [Actual: 7,768], 
[Row: 198] [Column: 2] [Expected: acicchet] [Actual: bbednar], 
[Row: 198] [Column: 3] [Expected: Anthony Cicchetti (EY)] [Actual: Brianna Bednar (EY)], 
[Row: 199] [Column: 1] [Expected: 6,939] [Actual: 7,767], 
[Row: 199] [Column: 2] [Expected: dioffe] [Actual: acicchet], 
[Row: 199] [Column: 3] [Expected: Dimitry Ioffe] [Actual: Anthony Cicchetti (EY)], 
[Row: 199] [Column: 4] [Expected: IT Customer Services & Support] [Actual: Financial Reporting], 
[Row: 199] [Column: 5] [Expected: 51 Astor Place] [Actual: Offsite - US Office], 
[Row: 200] [Column: 1] [Expected: 7,672] [Actual: 6,939], 
[Row: 200] [Column: 2] [Expected: rhanraha] [Actual: dioffe], 
[Row: 200] [Column: 3] [Expected: Ryan Hanrahan (Citco)] [Actual: Dimitry Ioffe], 
[Row: 200] [Column: 4] [Expected: CITCO] [Actual: IT Customer Services & Support], 
[Row: 200] [Column: 5] [Expected: CITCO MAL - RPT] [Actual: 51 Astor Place], 
[Row: 201] [Column: 1] [Expected: 7,812] [Actual: 7,672], 
[Row: 201] [Column: 2] [Expected: jwang] [Actual: rhanraha], 
[Row: 201] [Column: 3] [Expected: Jue Wang (Citco)] [Actual: Ryan Hanrahan (Citco)], 
[Row: 201] [Column: 5] [Expected: CITCO NJ - OPS] [Actual: CITCO MAL - RPT], 
[Row: 202] [Column: 1] [Expected: 7,321] [Actual: 7,812], 
[Row: 202] [Column: 2] [Expected: lcompani] [Actual: jwang], 
[Row: 202] [Column: 3] [Expected: Lisa Companion (Citco)] [Actual: Jue Wang (Citco)], 
[Row: 202] [Column: 5] [Expected: CITCO HFX - DIV] [Actual: CITCO NJ - OPS], 
[Row: 203] [Column: 1] [Expected: 7,271] [Actual: 7,321], 
[Row: 203] [Column: 2] [Expected: mzhang] [Actual: lcompani], 
[Row: 203] [Column: 3] [Expected: Muting Zhang (Citco)] [Actual: Lisa Companion (Citco)], 
[Row: 203] [Column: 5] [Expected: CITCO HFX - OPS] [Actual: CITCO HFX - DIV], 
[Row: 204] [Column: 1] [Expected: 7,199] [Actual: 7,271], 
[Row: 204] [Column: 2] [Expected: jbardos] [Actual: mzhang], 
[Row: 204] [Column: 3] [Expected: Jacob Bardos (Citco)] [Actual: Muting Zhang (Citco)], 
[Row: 205] [Column: 1] [Expected: 7,772] [Actual: 7,199], 
[Row: 205] [Column: 2] [Expected: xxue] [Actual: jbardos], 
[Row: 205] [Column: 3] [Expected: Xiaojun Xue (Citco)] [Actual: Jacob Bardos (Citco)], 
[Row: 205] [Column: 5] [Expected: CITCO HFX - DIV] [Actual: CITCO HFX - OPS], 
[Row: 206] [Column: 1] [Expected: 7,635] [Actual: 7,772], 
[Row: 206] [Column: 2] [Expected: jmacinty] [Actual: xxue], 
[Row: 206] [Column: 3] [Expected: Josh Macintyre (Citco)] [Actual: Xiaojun Xue (Citco)], 
[Row: 207] [Column: 1] [Expected: 7,811] [Actual: 7,635], 
[Row: 207] [Column: 2] [Expected: achanged] [Actual: jmacinty], 
[Row: 207] [Column: 3] [Expected: Abhishek Changede (Citco)] [Actual: Josh Macintyre (Citco)], 
[Row: 207] [Column: 5] [Expected: CITCO MLA - OPS] [Actual: CITCO HFX - DIV], 
[Row: 208] [Column: 1] [Expected: 7,813] [Actual: 7,811], 
[Row: 208] [Column: 2] [Expected: rqu] [Actual: achanged], 
[Row: 208] [Column: 3] [Expected: Ruixuan Qu (Citco)] [Actual: Abhishek Changede (Citco)], 
[Row: 208] [Column: 5] [Expected: CITCO NJ - OPS] [Actual: CITCO MLA - OPS], 
[Row: 209] [Column: 1] [Expected: 7,823] [Actual: 7,813], 
[Row: 209] [Column: 2] [Expected: ssingh] [Actual: rqu], 
[Row: 209] [Column: 3] [Expected: Swati Singh (NIIT)] [Actual: Ruixuan Qu (Citco)], 
[Row: 209] [Column: 4] [Expected: IT Data Services] [Actual: CITCO], 
[Row: 209] [Column: 5] [Expected: Offsite - Non-US Office] [Actual: CITCO NJ - OPS], 
[Row: 210] [Column: 1] [Expected: 7,822] [Actual: 7,823], 
[Row: 210] [Column: 2] [Expected: kmalhotr] [Actual: ssingh], 
[Row: 210] [Column: 3] [Expected: Kartik Malhotra (NIIT)] [Actual: Swati Singh (NIIT)], 
[Row: 211] [Column: 1] [Expected: 7,739] [Actual: 7,822], 
[Row: 211] [Column: 2] [Expected: jtartagl] [Actual: kmalhotr], 
[Row: 211] [Column: 3] [Expected: John Tartaglia] [Actual: Kartik Malhotra (NIIT)], 
[Row: 211] [Column: 4] [Expected: Collateral Management] [Actual: IT Data Services], 
[Row: 211] [Column: 5] [Expected: Offsite - US Office] [Actual: Offsite - Non-US Office], 
[Row: 212] [Column: 1] [Expected: 7,832] [Actual: 7,739], 
[Row: 212] [Column: 2] [Expected: vsharma] [Actual: jtartagl], 
[Row: 212] [Column: 3] [Expected: Vishal Sharma (Citco)] [Actual: John Tartaglia], 
[Row: 212] [Column: 4] [Expected: CITCO] [Actual: Collateral Management], 
[Row: 212] [Column: 5] [Expected: CITCO NJ - OPS] [Actual: Offsite - US Office], 
[Row: 213] [Column: 1] [Expected: 7,831] [Actual: 7,832], 
[Row: 213] [Column: 2] [Expected: sbiswas] [Actual: vsharma], 
[Row: 213] [Column: 3] [Expected: Sandeepan Biswas (Citco)] [Actual: Vishal Sharma (Citco)], 
[Row: 214] [Column: 1] [Expected: 7,836] [Actual: 7,831], 
[Row: 214] [Column: 2] [Expected: dovadyk] [Actual: sbiswas], 
[Row: 214] [Column: 3] [Expected: Dmytro Ovadyk (Luxoft)] [Actual: Sandeepan Biswas (Citco)], 
[Row: 214] [Column: 4] [Expected: Software Development] [Actual: CITCO], 
[Row: 214] [Column: 5] [Expected: Offsite - Non-US Office] [Actual: CITCO NJ - OPS], 
[Row: 215] [Column: 1] [Expected: 5,769] [Actual: 7,836], 
[Row: 215] [Column: 2] [Expected: chrisd] [Actual: dovadyk], 
[Row: 215] [Column: 3] [Expected: Chris Davis] [Actual: Dmytro Ovadyk (Luxoft)], 
[Row: 215] [Column: 4] [Expected: Legal and Compliance] [Actual: Software Development], 
[Row: 215] [Column: 5] [Expected: 51 Astor Place] [Actual: Offsite - Non-US Office], 
[Row: 216] [Column: 1] [Expected: 7,027] [Actual: 5,769], 
[Row: 216] [Column: 2] [Expected: jsandhu] [Actual: chrisd], 
[Row: 216] [Column: 3] [Expected: Jujhar Sandhu] [Actual: Chris Davis], 
[Row: 216] [Column: 4] [Expected: Software Development] [Actual: Legal and Compliance], 
[Row: 216] [Column: 5] [Expected: 10 NBS] [Actual: 51 Astor Place], 
[Row: 217] [Column: 1] [Expected: 7,841] [Actual: 7,027], 
[Row: 217] [Column: 2] [Expected: gdelacer] [Actual: jsandhu], 
[Row: 217] [Column: 3] [Expected: Gabriela De La Cerda] [Actual: Jujhar Sandhu], 
[Row: 218] [Column: 1] [Expected: 7,643] [Actual: 7,841], 
[Row: 218] [Column: 2] [Expected: okiktiev] [Actual: gdelacer], 
[Row: 218] [Column: 3] [Expected: Oleg Kiktiev (Luxoft)] [Actual: Gabriela De La Cerda], 
[Row: 218] [Column: 5] [Expected: Offsite - Non-US Office] [Actual: 10 NBS], 
[Row: 219] [Column: 1] [Expected: 5,904] [Actual: 7,643], 
[Row: 219] [Column: 2] [Expected: edukhan] [Actual: okiktiev], 
[Row: 219] [Column: 3] [Expected: Eduard Dukhan (Open Systems)] [Actual: Oleg Kiktiev (Luxoft)], 
[Row: 219] [Column: 4] [Expected: IT Customer Services & Support] [Actual: Software Development], 
[Row: 219] [Column: 5] [Expected: 51 Astor Place] [Actual: Offsite - Non-US Office], 
[Row: 220] [Column: 1] [Expected: 7,867] [Actual: 5,904], 
[Row: 220] [Column: 2] [Expected: yibrahim] [Actual: edukhan], 
[Row: 220] [Column: 3] [Expected: Yasser Ibrahim] [Actual: Eduard Dukhan (Open Systems)], 
[Row: 220] [Column: 4] [Expected: Operations] [Actual: IT Customer Services & Support], 
[Row: 220] [Column: 5] [Expected: 200 Elm] [Actual: 51 Astor Place], 
[Row: 221] [Column: 1] [Expected: 267] [Actual: 7,867], 
[Row: 221] [Column: 2] [Expected: pjones] [Actual: yibrahim], 
[Row: 221] [Column: 3] [Expected: Paul Jones] [Actual: Yasser Ibrahim], 
[Row: 221] [Column: 4] [Expected: Chief Investment Office] [Actual: Operations], 
[Row: 221] [Column: 5] [Expected: Palm Beach] [Actual: 200 Elm], 
[Row: 221] [Column: 6] [Expected: ! - Most Traders] [Actual: ! - All Traders], 
[Row: 222] [Column: 1] [Expected: 131] [Actual: 267], 
[Row: 222] [Column: 2] [Expected: dcook] [Actual: pjones], 
[Row: 222] [Column: 3] [Expected: Daryl Cook] [Actual: Paul Jones], 
[Row: 222] [Column: 4] [Expected: Systems Trading] [Actual: Chief Investment Office], 
[Row: 222] [Column: 5] [Expected: 10 NBS] [Actual: Palm Beach], 
[Row: 222] [Column: 6] [Expected: FxDesk] [Actual: ! - Most Traders], 
[Row: 223] [Column: 1] [Expected: 1,188] [Actual: 131], 
[Row: 223] [Column: 2] [Expected: mglennan] [Actual: dcook], 
[Row: 223] [Column: 3] [Expected: Mike Glennan] [Actual: Daryl Cook], 
[Row: 223] [Column: 5] [Expected: 200 Elm] [Actual: 10 NBS], 
[Row: 224] [Column: 1] [Expected: 3] [Actual: 1,188], 
[Row: 224] [Column: 2] [Expected: stevee] [Actual: mglennan], 
[Row: 224] [Column: 3] [Expected: Steve Evans] [Actual: Mike Glennan], 
[Row: 225] [Column: 1] [Expected: 5,032] [Actual: 3], 
[Row: 225] [Column: 2] [Expected: abelinky] [Actual: stevee], 
[Row: 225] [Column: 3] [Expected: Alejandro Belinky] [Actual: Steve Evans], 
[Row: 225] [Column: 4] [Expected: Global Macro Trading] [Actual: Systems Trading], 
[Row: 226] [Column: 1] [Expected: 987] [Actual: 5,032], 
[Row: 226] [Column: 2] [Expected: cdodman] [Actual: abelinky], 
[Row: 226] [Column: 3] [Expected: Colleen Dodman] [Actual: Alejandro Belinky], 
[Row: 226] [Column: 4] [Expected: PTJ Personal] [Actual: Global Macro Trading], 
[Row: 226] [Column: 5] [Expected: Greenwich American Center] [Actual: 200 Elm], 
[Row: 226] [Column: 6] [Expected: Hedge] [Actual: FxDesk], 
[Row: 227] [Column: 6] [Expected: Treasury] [Actual: Hedge], 
[Row: 228] [Column: 1] [Expected: 4,478] [Actual: 987], 
[Row: 228] [Column: 2] [Expected: afox] [Actual: cdodman], 
[Row: 228] [Column: 3] [Expected: Ashley Fox] [Actual: Colleen Dodman], 
[Row: 228] [Column: 4] [Expected: Global Macro Trading] [Actual: PTJ Personal], 
[Row: 228] [Column: 5] [Expected: 10 NBS] [Actual: Greenwich American Center], 
[Row: 228] [Column: 6] [Expected: afox] [Actual: Treasury], 
[Row: 229] [Column: 1] [Expected: 1,101] [Actual: 4,478], 
[Row: 229] [Column: 2] [Expected: rjackson] [Actual: afox], 
[Row: 229] [Column: 3] [Expected: Richard Jackson] [Actual: Ashley Fox], 
[Row: 230] [Column: 1] [Expected: 7,507] [Actual: 1,101], 
[Row: 230] [Column: 2] [Expected: joeg] [Actual: rjackson], 
[Row: 230] [Column: 3] [Expected: Joe Goodman] [Actual: Richard Jackson], 
[Row: 231] [Column: 1] [Expected: 7,529] [Actual: 7,507], 
[Row: 231] [Column: 2] [Expected: asiwji] [Actual: joeg], 
[Row: 231] [Column: 3] [Expected: Abbas Siwji] [Actual: Joe Goodman], 
[Row: 231] [Column: 6] [Expected: asiwji] [Actual: afox], 
[Row: 232] [Column: 1] [Expected: 7,524] [Actual: 7,529], 
[Row: 232] [Column: 2] [Expected: cnesti] [Actual: asiwji], 
[Row: 232] [Column: 3] [Expected: Cristiano Nesti] [Actual: Abbas Siwji], 
[Row: 233] [Column: 1] [Expected: 7,071] [Actual: 7,524], 
[Row: 233] [Column: 2] [Expected: atanna] [Actual: cnesti], 
[Row: 233] [Column: 3] [Expected: Amit Tanna] [Actual: Cristiano Nesti], 
[Row: 233] [Column: 6] [Expected: atanna] [Actual: asiwji], 
[Row: 234] [Column: 1] [Expected: 7,715] [Actual: 7,071], 
[Row: 234] [Column: 2] [Expected: plamaa] [Actual: atanna], 
[Row: 234] [Column: 3] [Expected: Patrick Lamaa] [Actual: Amit Tanna], 
[Row: 235] [Column: 1] [Expected: 7,857] [Actual: 7,715], 
[Row: 235] [Column: 2] [Expected: nwanvari] [Actual: plamaa], 
[Row: 235] [Column: 3] [Expected: Neev Wanvari] [Actual: Patrick Lamaa], 
[Row: 236] [Column: 1] [Expected: 6,330] [Actual: 7,857], 
[Row: 236] [Column: 2] [Expected: nbhuta] [Actual: nwanvari], 
[Row: 236] [Column: 3] [Expected: Nick Bhuta] [Actual: Neev Wanvari], 
[Row: 236] [Column: 5] [Expected: 51 Astor Place] [Actual: 10 NBS], 
[Row: 236] [Column: 6] [Expected: bmckenna] [Actual: atanna], 
[Row: 237] [Column: 1] [Expected: 7,827] [Actual: 6,330], 
[Row: 237] [Column: 2] [Expected: bmckenna] [Actual: nbhuta], 
[Row: 237] [Column: 3] [Expected: Bill McKenna] [Actual: Nick Bhuta], 
[Row: 238] [Column: 1] [Expected: 7,728] [Actual: 7,827], 
[Row: 238] [Column: 2] [Expected: danielp] [Actual: bmckenna], 
[Row: 238] [Column: 3] [Expected: Daniel Pelletier (other)] [Actual: Bill McKenna], 
[Row: 238] [Column: 5] [Expected: Offsite - US Office] [Actual: 51 Astor Place], 
[Row: 238] [Column: 6] [Expected: catalan] [Actual: bmckenna], 
[Row: 239] [Column: 1] [Expected: 7,732] [Actual: 7,728], 
[Row: 239] [Column: 2] [Expected: yorams] [Actual: danielp], 
[Row: 239] [Column: 3] [Expected: Yoram Sussmann (other)] [Actual: Daniel Pelletier (other)], 
[Row: 240] [Column: 1] [Expected: 7,729] [Actual: 7,732], 
[Row: 240] [Column: 2] [Expected: hunterg] [Actual: yorams], 
[Row: 240] [Column: 3] [Expected: Hunter Gassman (other)] [Actual: Yoram Sussmann (other)], 
[Row: 241] [Column: 1] [Expected: 7,499] [Actual: 7,729], 
[Row: 241] [Column: 2] [Expected: cdery] [Actual: hunterg], 
[Row: 241] [Column: 3] [Expected: Christian Dery] [Actual: Hunter Gassman (other)], 
[Row: 241] [Column: 5] [Expected: Singapore] [Actual: Offsite - US Office], 
[Row: 241] [Column: 6] [Expected: cdery] [Actual: catalan], 
[Row: 242] [Column: 1] [Expected: 7,522] [Actual: 7,499], 
[Row: 242] [Column: 2] [Expected: jlow] [Actual: cdery], 
[Row: 242] [Column: 3] [Expected: Jonathan Low] [Actual: Christian Dery], 
[Row: 243] [Column: 1] [Expected: 207] [Actual: 7,522], 
[Row: 243] [Column: 2] [Expected: albertoa] [Actual: jlow], 
[Row: 243] [Column: 3] [Expected: Alberto Antonini] [Actual: Jonathan Low], 
[Row: 243] [Column: 4] [Expected: Flow of Funds] [Actual: Global Macro Trading], 
[Row: 243] [Column: 5] [Expected: 51 Astor Place] [Actual: Singapore], 
[Row: 243] [Column: 6] [Expected: corphedge] [Actual: cdery], 
[Row: 244] [Column: 1] [Expected: 324] [Actual: 207], 
[Row: 244] [Column: 2] [Expected: jscranton] [Actual: albertoa], 
[Row: 244] [Column: 3] [Expected: John Scranton] [Actual: Alberto Antonini], 
[Row: 244] [Column: 4] [Expected: Market Strategy] [Actual: Flow of Funds], 
[Row: 244] [Column: 5] [Expected: 200 Elm] [Actual: 51 Astor Place], 
[Row: 245] [Column: 1] [Expected: 7,659] [Actual: 324], 
[Row: 245] [Column: 2] [Expected: crobinso] [Actual: jscranton], 
[Row: 245] [Column: 3] [Expected: Craig Robinson] [Actual: John Scranton], 
[Row: 245] [Column: 4] [Expected: Global Macro Trading] [Actual: Market Strategy], 
[Row: 245] [Column: 5] [Expected: 10 NBS] [Actual: 200 Elm], 
[Row: 245] [Column: 6] [Expected: crobinso] [Actual: corphedge], 
[Row: 246] [Column: 1] [Expected: 6,531] [Actual: 7,659], 
[Row: 246] [Column: 2] [Expected: edabora] [Actual: crobinso], 
[Row: 246] [Column: 3] [Expected: Emil Dabora] [Actual: Craig Robinson], 
[Row: 246] [Column: 4] [Expected: Global Event Driven Equity Tdg] [Actual: Global Macro Trading], 
[Row: 246] [Column: 5] [Expected: Boston] [Actual: 10 NBS], 
[Row: 246] [Column: 6] [Expected: edabora] [Actual: crobinso], 
[Row: 247] [Column: 1] [Expected: 6,547] [Actual: 6,531], 
[Row: 247] [Column: 2] [Expected: tcollier] [Actual: edabora], 
[Row: 247] [Column: 3] [Expected: Timothy Collier] [Actual: Emil Dabora], 
[Row: 248] [Column: 1] [Expected: 6,785] [Actual: 6,547], 
[Row: 248] [Column: 2] [Expected: eharwood] [Actual: tcollier], 
[Row: 248] [Column: 3] [Expected: Eric Harwood] [Actual: Timothy Collier], 
[Row: 249] [Column: 1] [Expected: 7,763] [Actual: 6,785], 
[Row: 249] [Column: 2] [Expected: cmelcher] [Actual: eharwood], 
[Row: 249] [Column: 3] [Expected: Craig Melcher] [Actual: Eric Harwood], 
[Row: 250] [Column: 1] [Expected: 6,531] [Actual: 7,763], 
[Row: 250] [Column: 2] [Expected: edabora] [Actual: cmelcher], 
[Row: 250] [Column: 3] [Expected: Emil Dabora] [Actual: Craig Melcher], 
[Row: 250] [Column: 6] [Expected: edaboralev] [Actual: edabora], 
[Row: 251] [Column: 1] [Expected: 6,547] [Actual: 6,531], 
[Row: 251] [Column: 2] [Expected: tcollier] [Actual: edabora], 
[Row: 251] [Column: 3] [Expected: Timothy Collier] [Actual: Emil Dabora], 
[Row: 252] [Column: 1] [Expected: 6,785] [Actual: 6,547], 
[Row: 252] [Column: 2] [Expected: eharwood] [Actual: tcollier], 
[Row: 252] [Column: 3] [Expected: Eric Harwood] [Actual: Timothy Collier], 
[Row: 253] [Column: 1] [Expected: 7,763] [Actual: 6,785], 
[Row: 253] [Column: 2] [Expected: cmelcher] [Actual: eharwood], 
[Row: 253] [Column: 3] [Expected: Craig Melcher] [Actual: Eric Harwood], 
[Row: 254] [Column: 1] [Expected: 6,531] [Actual: 7,763], 
[Row: 254] [Column: 2] [Expected: edabora] [Actual: cmelcher], 
[Row: 254] [Column: 3] [Expected: Emil Dabora] [Actual: Craig Melcher], 
[Row: 254] [Column: 6] [Expected: edaboraspac] [Actual: edaboralev], 
[Row: 255] [Column: 1] [Expected: 6,547] [Actual: 6,531], 
[Row: 255] [Column: 2] [Expected: tcollier] [Actual: edabora], 
[Row: 255] [Column: 3] [Expected: Timothy Collier] [Actual: Emil Dabora], 
[Row: 256] [Column: 1] [Expected: 6,785] [Actual: 6,547], 
[Row: 256] [Column: 2] [Expected: eharwood] [Actual: tcollier], 
[Row: 256] [Column: 3] [Expected: Eric Harwood] [Actual: Timothy Collier], 
[Row: 257] [Column: 1] [Expected: 7,763] [Actual: 6,785], 
[Row: 257] [Column: 2] [Expected: cmelcher] [Actual: eharwood], 
[Row: 257] [Column: 3] [Expected: Craig Melcher] [Actual: Eric Harwood], 
[Row: 258] [Column: 1] [Expected: 207] [Actual: 7,763], 
[Row: 258] [Column: 2] [Expected: albertoa] [Actual: cmelcher], 
[Row: 258] [Column: 3] [Expected: Alberto Antonini] [Actual: Craig Melcher], 
[Row: 258] [Column: 4] [Expected: Flow of Funds] [Actual: Global Event Driven Equity Tdg], 
[Row: 258] [Column: 5] [Expected: 51 Astor Place] [Actual: Boston], 
[Row: 258] [Column: 6] [Expected: fof] [Actual: edaboraspac], 
[Row: 259] [Column: 1] [Expected: 4,681] [Actual: 207], 
[Row: 259] [Column: 2] [Expected: kcheong] [Actual: albertoa], 
[Row: 259] [Column: 3] [Expected: Kenneth Cheong] [Actual: Alberto Antonini], 
[Row: 260] [Column: 1] [Expected: 324] [Actual: 4,681], 
[Row: 260] [Column: 2] [Expected: jscranton] [Actual: kcheong], 
[Row: 260] [Column: 3] [Expected: John Scranton] [Actual: Kenneth Cheong], 
[Row: 260] [Column: 4] [Expected: Market Strategy] [Actual: Flow of Funds], 
[Row: 260] [Column: 5] [Expected: 200 Elm] [Actual: 51 Astor Place], 
[Row: 261] [Column: 1] [Expected: 5,567] [Actual: 324], 
[Row: 261] [Column: 2] [Expected: chehmeye] [Actual: jscranton], 
[Row: 261] [Column: 3] [Expected: Christopher Hehmeyer] [Actual: John Scranton], 
[Row: 261] [Column: 4] [Expected: Flow of Funds] [Actual: Market Strategy], 
[Row: 261] [Column: 5] [Expected: 51 Astor Place] [Actual: 200 Elm], 
[Row: 262] [Column: 1] [Expected: 6,030] [Actual: 5,567], 
[Row: 262] [Column: 2] [Expected: spearson] [Actual: chehmeye], 
[Row: 262] [Column: 3] [Expected: Steven Pearson] [Actual: Christopher Hehmeyer], 
[Row: 263] [Column: 1] [Expected: 6,328] [Actual: 6,030], 
[Row: 263] [Column: 2] [Expected: nwahid] [Actual: spearson], 
[Row: 263] [Column: 3] [Expected: Naeem Wahid] [Actual: Steven Pearson], 
[Row: 263] [Column: 5] [Expected: 10 NBS] [Actual: 51 Astor Place], 
[Row: 264] [Column: 1] [Expected: 6,057] [Actual: 6,328], 
[Row: 264] [Column: 2] [Expected: clim] [Actual: nwahid], 
[Row: 264] [Column: 3] [Expected: Curtis Lim] [Actual: Naeem Wahid], 
[Row: 264] [Column: 5] [Expected: 51 Astor Place] [Actual: 10 NBS], 
[Row: 265] [Column: 1] [Expected: 7,758] [Actual: 6,057], 
[Row: 265] [Column: 2] [Expected: carolz] [Actual: clim], 
[Row: 265] [Column: 3] [Expected: Carol Zhang] [Actual: Curtis Lim], 
[Row: 266] [Column: 1] [Expected: 7,737] [Actual: 7,758], 
[Row: 266] [Column: 2] [Expected: dzhou] [Actual: carolz], 
[Row: 266] [Column: 3] [Expected: Daniel Zhou] [Actual: Carol Zhang], 
[Row: 267] [Column: 1] [Expected: 7,020] [Actual: 7,737], 
[Row: 267] [Column: 2] [Expected: jzhu] [Actual: dzhou], 
[Row: 267] [Column: 3] [Expected: Jessica Zhu] [Actual: Daniel Zhou], 
[Row: 268] [Column: 1] [Expected: 207] [Actual: 7,020], 
[Row: 268] [Column: 2] [Expected: albertoa] [Actual: jzhu], 
[Row: 268] [Column: 3] [Expected: Alberto Antonini] [Actual: Jessica Zhu], 
[Row: 268] [Column: 6] [Expected: fofatt] [Actual: fof], 
[Row: 269] [Column: 1] [Expected: 4,681] [Actual: 207], 
[Row: 269] [Column: 2] [Expected: kcheong] [Actual: albertoa], 
[Row: 269] [Column: 3] [Expected: Kenneth Cheong] [Actual: Alberto Antonini], 
[Row: 270] [Column: 1] [Expected: 324] [Actual: 4,681], 
[Row: 270] [Column: 2] [Expected: jscranton] [Actual: kcheong], 
[Row: 270] [Column: 3] [Expected: John Scranton] [Actual: Kenneth Cheong], 
[Row: 270] [Column: 4] [Expected: Market Strategy] [Actual: Flow of Funds], 
[Row: 270] [Column: 5] [Expected: 200 Elm] [Actual: 51 Astor Place], 
[Row: 271] [Column: 1] [Expected: 5,567] [Actual: 324], 
[Row: 271] [Column: 2] [Expected: chehmeye] [Actual: jscranton], 
[Row: 271] [Column: 3] [Expected: Christopher Hehmeyer] [Actual: John Scranton], 
[Row: 271] [Column: 4] [Expected: Flow of Funds] [Actual: Market Strategy], 
[Row: 271] [Column: 5] [Expected: 51 Astor Place] [Actual: 200 Elm], 
[Row: 272] [Column: 1] [Expected: 6,030] [Actual: 5,567], 
[Row: 272] [Column: 2] [Expected: spearson] [Actual: chehmeye], 
[Row: 272] [Column: 3] [Expected: Steven Pearson] [Actual: Christopher Hehmeyer], 
[Row: 273] [Column: 1] [Expected: 6,328] [Actual: 6,030], 
[Row: 273] [Column: 2] [Expected: nwahid] [Actual: spearson], 
[Row: 273] [Column: 3] [Expected: Naeem Wahid] [Actual: Steven Pearson], 
[Row: 273] [Column: 5] [Expected: 10 NBS] [Actual: 51 Astor Place], 
[Row: 274] [Column: 1] [Expected: 6,057] [Actual: 6,328], 
[Row: 274] [Column: 2] [Expected: clim] [Actual: nwahid], 
[Row: 274] [Column: 3] [Expected: Curtis Lim] [Actual: Naeem Wahid], 
[Row: 274] [Column: 5] [Expected: 51 Astor Place] [Actual: 10 NBS], 
[Row: 275] [Column: 1] [Expected: 7,758] [Actual: 6,057], 
[Row: 275] [Column: 2] [Expected: carolz] [Actual: clim], 
[Row: 275] [Column: 3] [Expected: Carol Zhang] [Actual: Curtis Lim], 
[Row: 276] [Column: 1] [Expected: 7,737] [Actual: 7,758], 
[Row: 276] [Column: 2] [Expected: dzhou] [Actual: carolz], 
[Row: 276] [Column: 3] [Expected: Daniel Zhou] [Actual: Carol Zhang], 
[Row: 277] [Column: 1] [Expected: 7,020] [Actual: 7,737], 
[Row: 277] [Column: 2] [Expected: jzhu] [Actual: dzhou], 
[Row: 277] [Column: 3] [Expected: Jessica Zhu] [Actual: Daniel Zhou], 
[Row: 278] [Column: 1] [Expected: 5,567] [Actual: 7,020], 
[Row: 278] [Column: 2] [Expected: chehmeye] [Actual: jzhu], 
[Row: 278] [Column: 3] [Expected: Christopher Hehmeyer] [Actual: Jessica Zhu], 
[Row: 278] [Column: 6] [Expected: fofcomm] [Actual: fofatt], 
[Row: 279] [Column: 1] [Expected: 6,030] [Actual: 5,567], 
[Row: 279] [Column: 2] [Expected: spearson] [Actual: chehmeye], 
[Row: 279] [Column: 3] [Expected: Steven Pearson] [Actual: Christopher Hehmeyer], 
[Row: 280] [Column: 1] [Expected: 6,328] [Actual: 6,030], 
[Row: 280] [Column: 2] [Expected: nwahid] [Actual: spearson], 
[Row: 280] [Column: 3] [Expected: Naeem Wahid] [Actual: Steven Pearson], 
[Row: 280] [Column: 5] [Expected: 10 NBS] [Actual: 51 Astor Place], 
[Row: 281] [Column: 1] [Expected: 6,057] [Actual: 6,328], 
[Row: 281] [Column: 2] [Expected: clim] [Actual: nwahid], 
[Row: 281] [Column: 3] [Expected: Curtis Lim] [Actual: Naeem Wahid], 
[Row: 281] [Column: 5] [Expected: 51 Astor Place] [Actual: 10 NBS], 
[Row: 282] [Column: 1] [Expected: 6,030] [Actual: 6,057], 
[Row: 282] [Column: 2] [Expected: spearson] [Actual: clim], 
[Row: 282] [Column: 3] [Expected: Steven Pearson] [Actual: Curtis Lim], 
[Row: 282] [Column: 6] [Expected: fofsys1] [Actual: fofcomm], 
[Row: 283] [Column: 1] [Expected: 5,097] [Actual: 6,030], 
[Row: 283] [Column: 2] [Expected: aghose] [Actual: spearson], 
[Row: 283] [Column: 3] [Expected: Abhishek Ghose] [Actual: Steven Pearson], 
[Row: 284] [Column: 1] [Expected: 6,057] [Actual: 5,097], 
[Row: 284] [Column: 2] [Expected: clim] [Actual: aghose], 
[Row: 284] [Column: 3] [Expected: Curtis Lim] [Actual: Abhishek Ghose], 
[Row: 285] [Column: 1] [Expected: 7,737] [Actual: 6,057], 
[Row: 285] [Column: 2] [Expected: dzhou] [Actual: clim], 
[Row: 285] [Column: 3] [Expected: Daniel Zhou] [Actual: Curtis Lim], 
[Row: 286] [Column: 1] [Expected: 7,020] [Actual: 7,737], 
[Row: 286] [Column: 2] [Expected: jzhu] [Actual: dzhou], 
[Row: 286] [Column: 3] [Expected: Jessica Zhu] [Actual: Daniel Zhou], 
[Row: 287] [Column: 1] [Expected: 4,259] [Actual: 7,020], 
[Row: 287] [Column: 2] [Expected: icalcraf] [Actual: jzhu], 
[Row: 287] [Column: 3] [Expected: Ian Calcraft] [Actual: Jessica Zhu], 
[Row: 287] [Column: 4] [Expected: Global Macro Trading] [Actual: Flow of Funds], 
[Row: 287] [Column: 5] [Expected: 10 NBS] [Actual: 51 Astor Place], 
[Row: 287] [Column: 6] [Expected: icalcraf] [Actual: fofsys1], 
[Row: 288] [Column: 1] [Expected: 5,567] [Actual: 4,259], 
[Row: 288] [Column: 2] [Expected: chehmeye] [Actual: icalcraf], 
[Row: 288] [Column: 3] [Expected: Christopher Hehmeyer] [Actual: Ian Calcraft], 
[Row: 288] [Column: 4] [Expected: Flow of Funds] [Actual: Global Macro Trading], 
[Row: 288] [Column: 5] [Expected: 51 Astor Place] [Actual: 10 NBS], 
[Row: 288] [Column: 6] [Expected: ifofcomm] [Actual: icalcraf], 
[Row: 289] [Column: 1] [Expected: 6,030] [Actual: 5,567], 
[Row: 289] [Column: 2] [Expected: spearson] [Actual: chehmeye], 
[Row: 289] [Column: 3] [Expected: Steven Pearson] [Actual: Christopher Hehmeyer], 
[Row: 290] [Column: 1] [Expected: 6,328] [Actual: 6,030], 
[Row: 290] [Column: 2] [Expected: nwahid] [Actual: spearson], 
[Row: 290] [Column: 3] [Expected: Naeem Wahid] [Actual: Steven Pearson], 
[Row: 290] [Column: 5] [Expected: 10 NBS] [Actual: 51 Astor Place], 
[Row: 291] [Column: 1] [Expected: 6,057] [Actual: 6,328], 
[Row: 291] [Column: 2] [Expected: clim] [Actual: nwahid], 
[Row: 291] [Column: 3] [Expected: Curtis Lim] [Actual: Naeem Wahid], 
[Row: 291] [Column: 5] [Expected: 51 Astor Place] [Actual: 10 NBS], 
[Row: 292] [Column: 1] [Expected: 1,188] [Actual: 6,057], 
[Row: 292] [Column: 2] [Expected: mglennan] [Actual: clim], 
[Row: 292] [Column: 3] [Expected: Mike Glennan] [Actual: Curtis Lim], 
[Row: 292] [Column: 4] [Expected: Systems Trading] [Actual: Flow of Funds], 
[Row: 292] [Column: 5] [Expected: 200 Elm] [Actual: 51 Astor Place], 
[Row: 292] [Column: 6] [Expected: isttvav3lev] [Actual: ifofcomm], 
[Row: 293] [Column: 6] [Expected: isttvcbdav3] [Actual: isttvav3lev], 
[Row: 294] [Column: 1] [Expected: 3] [Actual: 1,188], 
[Row: 294] [Column: 2] [Expected: stevee] [Actual: mglennan], 
[Row: 294] [Column: 3] [Expected: Steve Evans] [Actual: Mike Glennan], 
[Row: 295] [Column: 1] [Expected: 5,848] [Actual: 3], 
[Row: 295] [Column: 2] [Expected: owatson] [Actual: stevee], 
[Row: 295] [Column: 3] [Expected: Ollie Watson] [Actual: Steve Evans], 
[Row: 295] [Column: 5] [Expected: 10 NBS] [Actual: 200 Elm], 
[Row: 296] [Column: 1] [Expected: 5,773] [Actual: 5,848], 
[Row: 296] [Column: 2] [Expected: slevin] [Actual: owatson], 
[Row: 296] [Column: 3] [Expected: Sergey Levin] [Actual: Ollie Watson], 
[Row: 296] [Column: 5] [Expected: 51 Astor Place] [Actual: 10 NBS], 
[Row: 297] [Column: 1] [Expected: 7,095] [Actual: 5,773], 
[Row: 297] [Column: 2] [Expected: asamuel] [Actual: slevin], 
[Row: 297] [Column: 3] [Expected: Alex Samuel] [Actual: Sergey Levin], 
[Row: 298] [Column: 1] [Expected: 7,253] [Actual: 7,095], 
[Row: 298] [Column: 2] [Expected: acherner] [Actual: asamuel], 
[Row: 298] [Column: 3] [Expected: Alex Cherner] [Actual: Alex Samuel], 
[Row: 299] [Column: 1] [Expected: 7,594] [Actual: 7,253], 
[Row: 299] [Column: 2] [Expected: vpaskhav] [Actual: acherner], 
[Row: 299] [Column: 3] [Expected: Victor Paskhaver] [Actual: Alex Cherner], 
[Row: 300] [Column: 1] [Expected: 7,536] [Actual: 7,594], 
[Row: 300] [Column: 2] [Expected: awestbro] [Actual: vpaskhav], 
[Row: 300] [Column: 3] [Expected: Andrew Westbrook] [Actual: Victor Paskhaver], 
[Row: 300] [Column: 4] [Expected: Front Office Technology] [Actual: Systems Trading], 
[Row: 301] [Column: 1] [Expected: 7,674] [Actual: 7,536], 
[Row: 301] [Column: 2] [Expected: cchin] [Actual: awestbro], 
[Row: 301] [Column: 3] [Expected: Chris Chin] [Actual: Andrew Westbrook], 
[Row: 301] [Column: 4] [Expected: Systems Trading] [Actual: Front Office Technology], 
[Row: 302] [Column: 1] [Expected: 1,188] [Actual: 7,674], 
[Row: 302] [Column: 2] [Expected: mglennan] [Actual: cchin], 
[Row: 302] [Column: 3] [Expected: Mike Glennan] [Actual: Chris Chin], 
[Row: 302] [Column: 5] [Expected: 200 Elm] [Actual: 51 Astor Place], 
[Row: 302] [Column: 6] [Expected: isttvcbdav3e] [Actual: isttvcbdav3], 
[Row: 303] [Column: 1] [Expected: 3] [Actual: 1,188], 
[Row: 303] [Column: 2] [Expected: stevee] [Actual: mglennan], 
[Row: 303] [Column: 3] [Expected: Steve Evans] [Actual: Mike Glennan], 
[Row: 304] [Column: 1] [Expected: 5,848] [Actual: 3], 
[Row: 304] [Column: 2] [Expected: owatson] [Actual: stevee], 
[Row: 304] [Column: 3] [Expected: Ollie Watson] [Actual: Steve Evans], 
[Row: 304] [Column: 5] [Expected: 10 NBS] [Actual: 200 Elm], 
[Row: 305] [Column: 1] [Expected: 5,773] [Actual: 5,848], 
[Row: 305] [Column: 2] [Expected: slevin] [Actual: owatson], 
[Row: 305] [Column: 3] [Expected: Sergey Levin] [Actual: Ollie Watson], 
[Row: 305] [Column: 5] [Expected: 51 Astor Place] [Actual: 10 NBS], 
[Row: 306] [Column: 1] [Expected: 7,095] [Actual: 5,773], 
[Row: 306] [Column: 2] [Expected: asamuel] [Actual: slevin], 
[Row: 306] [Column: 3] [Expected: Alex Samuel] [Actual: Sergey Levin], 
[Row: 307] [Column: 1] [Expected: 7,253] [Actual: 7,095], 
[Row: 307] [Column: 2] [Expected: acherner] [Actual: asamuel], 
[Row: 307] [Column: 3] [Expected: Alex Cherner] [Actual: Alex Samuel], 
[Row: 308] [Column: 1] [Expected: 7,440] [Actual: 7,253], 
[Row: 308] [Column: 2] [Expected: nfirth] [Actual: acherner], 
[Row: 308] [Column: 3] [Expected: Nick Firth] [Actual: Alex Cherner], 
[Row: 308] [Column: 5] [Expected: 10 NBS] [Actual: 51 Astor Place], 
[Row: 309] [Column: 1] [Expected: 7,594] [Actual: 7,440], 
[Row: 309] [Column: 2] [Expected: vpaskhav] [Actual: nfirth], 
[Row: 309] [Column: 3] [Expected: Victor Paskhaver] [Actual: Nick Firth], 
[Row: 309] [Column: 5] [Expected: 51 Astor Place] [Actual: 10 NBS], 
[Row: 310] [Column: 1] [Expected: 7,536] [Actual: 7,594], 
[Row: 310] [Column: 2] [Expected: awestbro] [Actual: vpaskhav], 
[Row: 310] [Column: 3] [Expected: Andrew Westbrook] [Actual: Victor Paskhaver], 
[Row: 310] [Column: 4] [Expected: Front Office Technology] [Actual: Systems Trading], 
[Row: 311] [Column: 1] [Expected: 7,674] [Actual: 7,536], 
[Row: 311] [Column: 2] [Expected: cchin] [Actual: awestbro], 
[Row: 311] [Column: 3] [Expected: Chris Chin] [Actual: Andrew Westbrook], 
[Row: 311] [Column: 4] [Expected: Systems Trading] [Actual: Front Office Technology], 
[Row: 312] [Column: 1] [Expected: 1,188] [Actual: 7,674], 
[Row: 312] [Column: 2] [Expected: mglennan] [Actual: cchin], 
[Row: 312] [Column: 3] [Expected: Mike Glennan] [Actual: Chris Chin], 
[Row: 312] [Column: 5] [Expected: 200 Elm] [Actual: 51 Astor Place], 
[Row: 312] [Column: 6] [Expected: isttvcbdav4] [Actual: isttvcbdav3e], 
[Row: 313] [Column: 1] [Expected: 3] [Actual: 1,188], 
[Row: 313] [Column: 2] [Expected: stevee] [Actual: mglennan], 
[Row: 313] [Column: 3] [Expected: Steve Evans] [Actual: Mike Glennan], 
[Row: 314] [Column: 1] [Expected: 5,848] [Actual: 3], 
[Row: 314] [Column: 2] [Expected: owatson] [Actual: stevee], 
[Row: 314] [Column: 3] [Expected: Ollie Watson] [Actual: Steve Evans], 
[Row: 314] [Column: 5] [Expected: 10 NBS] [Actual: 200 Elm], 
[Row: 315] [Column: 1] [Expected: 5,773] [Actual: 5,848], 
[Row: 315] [Column: 2] [Expected: slevin] [Actual: owatson], 
[Row: 315] [Column: 3] [Expected: Sergey Levin] [Actual: Ollie Watson], 
[Row: 315] [Column: 5] [Expected: 51 Astor Place] [Actual: 10 NBS], 
[Row: 316] [Column: 1] [Expected: 7,095] [Actual: 5,773], 
[Row: 316] [Column: 2] [Expected: asamuel] [Actual: slevin], 
[Row: 316] [Column: 3] [Expected: Alex Samuel] [Actual: Sergey Levin], 
[Row: 317] [Column: 1] [Expected: 7,253] [Actual: 7,095], 
[Row: 317] [Column: 2] [Expected: acherner] [Actual: asamuel], 
[Row: 317] [Column: 3] [Expected: Alex Cherner] [Actual: Alex Samuel], 
[Row: 318] [Column: 1] [Expected: 7,594] [Actual: 7,253], 
[Row: 318] [Column: 2] [Expected: vpaskhav] [Actual: acherner], 
[Row: 318] [Column: 3] [Expected: Victor Paskhaver] [Actual: Alex Cherner], 
[Row: 319] [Column: 1] [Expected: 7,536] [Actual: 7,594], 
[Row: 319] [Column: 2] [Expected: awestbro] [Actual: vpaskhav], 
[Row: 319] [Column: 3] [Expected: Andrew Westbrook] [Actual: Victor Paskhaver], 
[Row: 319] [Column: 4] [Expected: Front Office Technology] [Actual: Systems Trading], 
[Row: 320] [Column: 1] [Expected: 7,674] [Actual: 7,536], 
[Row: 320] [Column: 2] [Expected: cchin] [Actual: awestbro], 
[Row: 320] [Column: 3] [Expected: Chris Chin] [Actual: Andrew Westbrook], 
[Row: 320] [Column: 4] [Expected: Systems Trading] [Actual: Front Office Technology], 
[Row: 321] [Column: 1] [Expected: 1,188] [Actual: 7,674], 
[Row: 321] [Column: 2] [Expected: mglennan] [Actual: cchin], 
[Row: 321] [Column: 3] [Expected: Mike Glennan] [Actual: Chris Chin], 
[Row: 321] [Column: 5] [Expected: 200 Elm] [Actual: 51 Astor Place], 
[Row: 321] [Column: 6] [Expected: isttvcdsav1] [Actual: isttvcbdav4], 
[Row: 322] [Column: 1] [Expected: 3] [Actual: 1,188], 
[Row: 322] [Column: 2] [Expected: stevee] [Actual: mglennan], 
[Row: 322] [Column: 3] [Expected: Steve Evans] [Actual: Mike Glennan], 
[Row: 323] [Column: 1] [Expected: 5,848] [Actual: 3], 
[Row: 323] [Column: 2] [Expected: owatson] [Actual: stevee], 
[Row: 323] [Column: 3] [Expected: Ollie Watson] [Actual: Steve Evans], 
[Row: 323] [Column: 5] [Expected: 10 NBS] [Actual: 200 Elm], 
[Row: 324] [Column: 1] [Expected: 5,773] [Actual: 5,848], 
[Row: 324] [Column: 2] [Expected: slevin] [Actual: owatson], 
[Row: 324] [Column: 3] [Expected: Sergey Levin] [Actual: Ollie Watson], 
[Row: 324] [Column: 5] [Expected: 51 Astor Place] [Actual: 10 NBS], 
[Row: 325] [Column: 1] [Expected: 7,095] [Actual: 5,773], 
[Row: 325] [Column: 2] [Expected: asamuel] [Actual: slevin], 
[Row: 325] [Column: 3] [Expected: Alex Samuel] [Actual: Sergey Levin], 
[Row: 326] [Column: 1] [Expected: 7,253] [Actual: 7,095], 
[Row: 326] [Column: 2] [Expected: acherner] [Actual: asamuel], 
[Row: 326] [Column: 3] [Expected: Alex Cherner] [Actual: Alex Samuel], 
[Row: 327] [Column: 1] [Expected: 7,594] [Actual: 7,253], 
[Row: 327] [Column: 2] [Expected: vpaskhav] [Actual: acherner], 
[Row: 327] [Column: 3] [Expected: Victor Paskhaver] [Actual: Alex Cherner], 
[Row: 328] [Column: 1] [Expected: 7,536] [Actual: 7,594], 
[Row: 328] [Column: 2] [Expected: awestbro] [Actual: vpaskhav], 
[Row: 328] [Column: 3] [Expected: Andrew Westbrook] [Actual: Victor Paskhaver], 
[Row: 328] [Column: 4] [Expected: Front Office Technology] [Actual: Systems Trading], 
[Row: 329] [Column: 1] [Expected: 7,674] [Actual: 7,536], 
[Row: 329] [Column: 2] [Expected: cchin] [Actual: awestbro], 
[Row: 329] [Column: 3] [Expected: Chris Chin] [Actual: Andrew Westbrook], 
[Row: 329] [Column: 4] [Expected: Systems Trading] [Actual: Front Office Technology], 
[Row: 330] [Column: 1] [Expected: 1,188] [Actual: 7,674], 
[Row: 330] [Column: 2] [Expected: mglennan] [Actual: cchin], 
[Row: 330] [Column: 3] [Expected: Mike Glennan] [Actual: Chris Chin], 
[Row: 330] [Column: 5] [Expected: 200 Elm] [Actual: 51 Astor Place], 
[Row: 330] [Column: 6] [Expected: isttvcdsav2] [Actual: isttvcdsav1], 
[Row: 331] [Column: 1] [Expected: 3] [Actual: 1,188], 
[Row: 331] [Column: 2] [Expected: stevee] [Actual: mglennan], 
[Row: 331] [Column: 3] [Expected: Steve Evans] [Actual: Mike Glennan], 
[Row: 332] [Column: 1] [Expected: 5,848] [Actual: 3], 
[Row: 332] [Column: 2] [Expected: owatson] [Actual: stevee], 
[Row: 332] [Column: 3] [Expected: Ollie Watson] [Actual: Steve Evans], 
[Row: 332] [Column: 5] [Expected: 10 NBS] [Actual: 200 Elm], 
[Row: 333] [Column: 1] [Expected: 5,773] [Actual: 5,848], 
[Row: 333] [Column: 2] [Expected: slevin] [Actual: owatson], 
[Row: 333] [Column: 3] [Expected: Sergey Levin] [Actual: Ollie Watson], 
[Row: 333] [Column: 5] [Expected: 51 Astor Place] [Actual: 10 NBS], 
[Row: 334] [Column: 1] [Expected: 7,253] [Actual: 5,773], 
[Row: 334] [Column: 2] [Expected: acherner] [Actual: slevin], 
[Row: 334] [Column: 3] [Expected: Alex Cherner] [Actual: Sergey Levin], 
[Row: 335] [Column: 1] [Expected: 7,594] [Actual: 7,253], 
[Row: 335] [Column: 2] [Expected: vpaskhav] [Actual: acherner], 
[Row: 335] [Column: 3] [Expected: Victor Paskhaver] [Actual: Alex Cherner], 
[Row: 336] [Column: 1] [Expected: 7,674] [Actual: 7,594], 
[Row: 336] [Column: 2] [Expected: cchin] [Actual: vpaskhav], 
[Row: 336] [Column: 3] [Expected: Chris Chin] [Actual: Victor Paskhaver], 
[Row: 337] [Column: 1] [Expected: 1,188] [Actual: 7,674], 
[Row: 337] [Column: 2] [Expected: mglennan] [Actual: cchin], 
[Row: 337] [Column: 3] [Expected: Mike Glennan] [Actual: Chris Chin], 
[Row: 337] [Column: 5] [Expected: 200 Elm] [Actual: 51 Astor Place], 
[Row: 337] [Column: 6] [Expected: isttvcdxav5] [Actual: isttvcdsav2], 
[Row: 338] [Column: 1] [Expected: 3] [Actual: 1,188], 
[Row: 338] [Column: 2] [Expected: stevee] [Actual: mglennan], 
[Row: 338] [Column: 3] [Expected: Steve Evans] [Actual: Mike Glennan], 
[Row: 339] [Column: 1] [Expected: 5,848] [Actual: 3], 
[Row: 339] [Column: 2] [Expected: owatson] [Actual: stevee], 
[Row: 339] [Column: 3] [Expected: Ollie Watson] [Actual: Steve Evans], 
[Row: 339] [Column: 5] [Expected: 10 NBS] [Actual: 200 Elm], 
[Row: 340] [Column: 1] [Expected: 5,773] [Actual: 5,848], 
[Row: 340] [Column: 2] [Expected: slevin] [Actual: owatson], 
[Row: 340] [Column: 3] [Expected: Sergey Levin] [Actual: Ollie Watson], 
[Row: 340] [Column: 5] [Expected: 51 Astor Place] [Actual: 10 NBS], 
[Row: 341] [Column: 1] [Expected: 7,095] [Actual: 5,773], 
[Row: 341] [Column: 2] [Expected: asamuel] [Actual: slevin], 
[Row: 341] [Column: 3] [Expected: Alex Samuel] [Actual: Sergey Levin], 
[Row: 342] [Column: 1] [Expected: 7,253] [Actual: 7,095], 
[Row: 342] [Column: 2] [Expected: acherner] [Actual: asamuel], 
[Row: 342] [Column: 3] [Expected: Alex Cherner] [Actual: Alex Samuel], 
[Row: 343] [Column: 1] [Expected: 7,594] [Actual: 7,253], 
[Row: 343] [Column: 2] [Expected: vpaskhav] [Actual: acherner], 
[Row: 343] [Column: 3] [Expected: Victor Paskhaver] [Actual: Alex Cherner], 
[Row: 344] [Column: 1] [Expected: 7,536] [Actual: 7,594], 
[Row: 344] [Column: 2] [Expected: awestbro] [Actual: vpaskhav], 
[Row: 344] [Column: 3] [Expected: Andrew Westbrook] [Actual: Victor Paskhaver], 
[Row: 344] [Column: 4] [Expected: Front Office Technology] [Actual: Systems Trading], 
[Row: 345] [Column: 1] [Expected: 7,674] [Actual: 7,536], 
[Row: 345] [Column: 2] [Expected: cchin] [Actual: awestbro], 
[Row: 345] [Column: 3] [Expected: Chris Chin] [Actual: Andrew Westbrook], 
[Row: 345] [Column: 4] [Expected: Systems Trading] [Actual: Front Office Technology], 
[Row: 346] [Column: 1] [Expected: 1,188] [Actual: 7,674], 
[Row: 346] [Column: 2] [Expected: mglennan] [Actual: cchin], 
[Row: 346] [Column: 3] [Expected: Mike Glennan] [Actual: Chris Chin], 
[Row: 346] [Column: 5] [Expected: 200 Elm] [Actual: 51 Astor Place], 
[Row: 346] [Column: 6] [Expected: isttveqSLlev] [Actual: isttvcdxav5], 
[Row: 347] [Column: 1] [Expected: 3] [Actual: 1,188], 
[Row: 347] [Column: 2] [Expected: stevee] [Actual: mglennan], 
[Row: 347] [Column: 3] [Expected: Steve Evans] [Actual: Mike Glennan], 
[Row: 348] [Column: 1] [Expected: 5,848] [Actual: 3], 
[Row: 348] [Column: 2] [Expected: owatson] [Actual: stevee], 
[Row: 348] [Column: 3] [Expected: Ollie Watson] [Actual: Steve Evans], 
[Row: 348] [Column: 5] [Expected: 10 NBS] [Actual: 200 Elm], 
[Row: 349] [Column: 1] [Expected: 5,867] [Actual: 5,848], 
[Row: 349] [Column: 2] [Expected: dgenkin] [Actual: owatson], 
[Row: 349] [Column: 3] [Expected: Dmitriy Genkin] [Actual: Ollie Watson], 
[Row: 349] [Column: 5] [Expected: 51 Astor Place] [Actual: 10 NBS], 
[Row: 350] [Column: 1] [Expected: 5,864] [Actual: 5,867], 
[Row: 350] [Column: 2] [Expected: cvoekler] [Actual: dgenkin], 
[Row: 350] [Column: 3] [Expected: Christopher Voekler] [Actual: Dmitriy Genkin], 
[Row: 351] [Column: 1] [Expected: 5,773] [Actual: 5,864], 
[Row: 351] [Column: 2] [Expected: slevin] [Actual: cvoekler], 
[Row: 351] [Column: 3] [Expected: Sergey Levin] [Actual: Christopher Voekler], 
[Row: 352] [Column: 1] [Expected: 5,897] [Actual: 5,773], 
[Row: 352] [Column: 2] [Expected: aodinaye] [Actual: slevin], 
[Row: 352] [Column: 3] [Expected: Alex Odinayev] [Actual: Sergey Levin], 
[Row: 353] [Column: 1] [Expected: 5,992] [Actual: 5,897], 
[Row: 353] [Column: 2] [Expected: wchapman] [Actual: aodinaye], 
[Row: 353] [Column: 3] [Expected: William Chapman] [Actual: Alex Odinayev], 
[Row: 353] [Column: 5] [Expected: 10 NBS] [Actual: 51 Astor Place], 
[Row: 354] [Column: 1] [Expected: 6,193] [Actual: 5,992], 
[Row: 354] [Column: 2] [Expected: vzhukov] [Actual: wchapman], 
[Row: 354] [Column: 3] [Expected: Slava Zhukov] [Actual: William Chapman], 
[Row: 354] [Column: 5] [Expected: 51 Astor Place] [Actual: 10 NBS], 
[Row: 355] [Column: 1] [Expected: 6,878] [Actual: 6,193], 
[Row: 355] [Column: 2] [Expected: byuan] [Actual: vzhukov], 
[Row: 355] [Column: 3] [Expected: Bo Yuan] [Actual: Slava Zhukov], 
[Row: 356] [Column: 1] [Expected: 6,973] [Actual: 6,878], 
[Row: 356] [Column: 2] [Expected: crolvung] [Actual: byuan], 
[Row: 356] [Column: 3] [Expected: Christian Rolvung] [Actual: Bo Yuan], 
[Row: 356] [Column: 5] [Expected: Sydney] [Actual: 51 Astor Place], 
[Row: 357] [Column: 1] [Expected: 6,954] [Actual: 6,973], 
[Row: 357] [Column: 2] [Expected: kjohnsto] [Actual: crolvung], 
[Row: 357] [Column: 3] [Expected: Kyle Johnston] [Actual: Christian Rolvung], 
[Row: 357] [Column: 5] [Expected: 51 Astor Place] [Actual: Sydney], 
[Row: 358] [Column: 1] [Expected: 7,095] [Actual: 6,954], 
[Row: 358] [Column: 2] [Expected: asamuel] [Actual: kjohnsto], 
[Row: 358] [Column: 3] [Expected: Alex Samuel] [Actual: Kyle Johnston], 
[Row: 359] [Column: 1] [Expected: 7,307] [Actual: 7,095], 
[Row: 359] [Column: 2] [Expected: rcartwri] [Actual: asamuel], 
[Row: 359] [Column: 3] [Expected: Robert Cartwright] [Actual: Alex Samuel], 
[Row: 359] [Column: 5] [Expected: 10 NBS] [Actual: 51 Astor Place], 
[Row: 360] [Column: 1] [Expected: 7,171] [Actual: 7,307], 
[Row: 360] [Column: 2] [Expected: matwood] [Actual: rcartwri], 
[Row: 360] [Column: 3] [Expected: Matthew Atwood] [Actual: Robert Cartwright], 
[Row: 360] [Column: 5] [Expected: 51 Astor Place] [Actual: 10 NBS], 
[Row: 361] [Column: 1] [Expected: 7,440] [Actual: 7,171], 
[Row: 361] [Column: 2] [Expected: nfirth] [Actual: matwood], 
[Row: 361] [Column: 3] [Expected: Nick Firth] [Actual: Matthew Atwood], 
[Row: 361] [Column: 5] [Expected: 10 NBS] [Actual: 51 Astor Place], 
[Row: 362] [Column: 1] [Expected: 7,594] [Actual: 7,440], 
[Row: 362] [Column: 2] [Expected: vpaskhav] [Actual: nfirth], 
[Row: 362] [Column: 3] [Expected: Victor Paskhaver] [Actual: Nick Firth], 
[Row: 362] [Column: 5] [Expected: 51 Astor Place] [Actual: 10 NBS], 
[Row: 363] [Column: 1] [Expected: 7,423] [Actual: 7,594], 
[Row: 363] [Column: 2] [Expected: nlubchen] [Actual: vpaskhav], 
[Row: 363] [Column: 3] [Expected: Nazar Lubchenko] [Actual: Victor Paskhaver], 
[Row: 364] [Column: 1] [Expected: 7,505] [Actual: 7,423], 
[Row: 364] [Column: 2] [Expected: lsewell] [Actual: nlubchen], 
[Row: 364] [Column: 3] [Expected: Luke Sewell] [Actual: Nazar Lubchenko], 
[Row: 364] [Column: 5] [Expected: 10 NBS] [Actual: 51 Astor Place], 
[Row: 365] [Column: 1] [Expected: 7,639] [Actual: 7,505], 
[Row: 365] [Column: 2] [Expected: tbjorkmo] [Actual: lsewell], 
[Row: 365] [Column: 3] [Expected: Theo Bjorkmo] [Actual: Luke Sewell], 
[Row: 366] [Column: 1] [Expected: 7,745] [Actual: 7,639], 
[Row: 366] [Column: 2] [Expected: jtereshc] [Actual: tbjorkmo], 
[Row: 366] [Column: 3] [Expected: Julie Tereshchenko] [Actual: Theo Bjorkmo], 
[Row: 366] [Column: 5] [Expected: 51 Astor Place] [Actual: 10 NBS], 
[Row: 367] [Column: 1] [Expected: 7,536] [Actual: 7,745], 
[Row: 367] [Column: 2] [Expected: awestbro] [Actual: jtereshc], 
[Row: 367] [Column: 3] [Expected: Andrew Westbrook] [Actual: Julie Tereshchenko], 
[Row: 367] [Column: 4] [Expected: Front Office Technology] [Actual: Systems Trading], 
[Row: 368] [Column: 1] [Expected: 7,708] [Actual: 7,536], 
[Row: 368] [Column: 2] [Expected: elim] [Actual: awestbro], 
[Row: 368] [Column: 3] [Expected: Edward Lim] [Actual: Andrew Westbrook], 
[Row: 368] [Column: 4] [Expected: Systems Trading] [Actual: Front Office Technology], 
[Row: 368] [Column: 5] [Expected: 10 NBS] [Actual: 51 Astor Place], 
[Row: 369] [Column: 1] [Expected: 7,692] [Actual: 7,708], 
[Row: 369] [Column: 2] [Expected: oharrima] [Actual: elim], 
[Row: 369] [Column: 3] [Expected: Oliver Harriman] [Actual: Edward Lim], 
[Row: 370] [Column: 1] [Expected: 7,726] [Actual: 7,692], 
[Row: 370] [Column: 2] [Expected: ishpak] [Actual: oharrima], 
[Row: 370] [Column: 3] [Expected: Iuliia Shpak] [Actual: Oliver Harriman], 
[Row: 371] [Column: 1] [Expected: 1,188] [Actual: 7,726], 
[Row: 371] [Column: 2] [Expected: mglennan] [Actual: ishpak], 
[Row: 371] [Column: 3] [Expected: Mike Glennan] [Actual: Iuliia Shpak], 
[Row: 371] [Column: 5] [Expected: 200 Elm] [Actual: 10 NBS], 
[Row: 371] [Column: 6] [Expected: isttveqasasd1] [Actual: isttveqSLlev], 
[Row: 372] [Column: 1] [Expected: 3] [Actual: 1,188], 
[Row: 372] [Column: 2] [Expected: stevee] [Actual: mglennan], 
[Row: 372] [Column: 3] [Expected: Steve Evans] [Actual: Mike Glennan], 
[Row: 373] [Column: 1] [Expected: 5,848] [Actual: 3], 
[Row: 373] [Column: 2] [Expected: owatson] [Actual: stevee], 
[Row: 373] [Column: 3] [Expected: Ollie Watson] [Actual: Steve Evans], 
[Row: 373] [Column: 5] [Expected: 10 NBS] [Actual: 200 Elm], 
[Row: 374] [Column: 1] [Expected: 5,867] [Actual: 5,848], 
[Row: 374] [Column: 2] [Expected: dgenkin] [Actual: owatson], 
[Row: 374] [Column: 3] [Expected: Dmitriy Genkin] [Actual: Ollie Watson], 
[Row: 374] [Column: 5] [Expected: 51 Astor Place] [Actual: 10 NBS], 
[Row: 375] [Column: 1] [Expected: 5,864] [Actual: 5,867], 
[Row: 375] [Column: 2] [Expected: cvoekler] [Actual: dgenkin], 
[Row: 375] [Column: 3] [Expected: Christopher Voekler] [Actual: Dmitriy Genkin], 
[Row: 376] [Column: 1] [Expected: 5,773] [Actual: 5,864], 
[Row: 376] [Column: 2] [Expected: slevin] [Actual: cvoekler], 
[Row: 376] [Column: 3] [Expected: Sergey Levin] [Actual: Christopher Voekler], 
[Row: 377] [Column: 1] [Expected: 5,897] [Actual: 5,773], 
[Row: 377] [Column: 2] [Expected: aodinaye] [Actual: slevin], 
[Row: 377] [Column: 3] [Expected: Alex Odinayev] [Actual: Sergey Levin], 
[Row: 378] [Column: 1] [Expected: 5,992] [Actual: 5,897], 
[Row: 378] [Column: 2] [Expected: wchapman] [Actual: aodinaye], 
[Row: 378] [Column: 3] [Expected: William Chapman] [Actual: Alex Odinayev], 
[Row: 378] [Column: 5] [Expected: 10 NBS] [Actual: 51 Astor Place], 
[Row: 379] [Column: 1] [Expected: 6,193] [Actual: 5,992], 
[Row: 379] [Column: 2] [Expected: vzhukov] [Actual: wchapman], 
[Row: 379] [Column: 3] [Expected: Slava Zhukov] [Actual: William Chapman], 
[Row: 379] [Column: 5] [Expected: 51 Astor Place] [Actual: 10 NBS], 
[Row: 380] [Column: 1] [Expected: 6,878] [Actual: 6,193], 
[Row: 380] [Column: 2] [Expected: byuan] [Actual: vzhukov], 
[Row: 380] [Column: 3] [Expected: Bo Yuan] [Actual: Slava Zhukov], 
[Row: 381] [Column: 1] [Expected: 6,973] [Actual: 6,878], 
[Row: 381] [Column: 2] [Expected: crolvung] [Actual: byuan], 
[Row: 381] [Column: 3] [Expected: Christian Rolvung] [Actual: Bo Yuan], 
[Row: 381] [Column: 5] [Expected: Sydney] [Actual: 51 Astor Place], 
[Row: 382] [Column: 1] [Expected: 6,954] [Actual: 6,973], 
[Row: 382] [Column: 2] [Expected: kjohnsto] [Actual: crolvung], 
[Row: 382] [Column: 3] [Expected: Kyle Johnston] [Actual: Christian Rolvung], 
[Row: 382] [Column: 5] [Expected: 51 Astor Place] [Actual: Sydney], 
[Row: 383] [Column: 1] [Expected: 7,095] [Actual: 6,954], 
[Row: 383] [Column: 2] [Expected: asamuel] [Actual: kjohnsto], 
[Row: 383] [Column: 3] [Expected: Alex Samuel] [Actual: Kyle Johnston], 
[Row: 384] [Column: 1] [Expected: 7,252] [Actual: 7,095], 
[Row: 384] [Column: 2] [Expected: ddini] [Actual: asamuel], 
[Row: 384] [Column: 3] [Expected: Dahir Dini] [Actual: Alex Samuel], 
[Row: 384] [Column: 5] [Expected: 10 NBS] [Actual: 51 Astor Place], 
[Row: 385] [Column: 1] [Expected: 7,306] [Actual: 7,252], 
[Row: 385] [Column: 2] [Expected: wdorsey] [Actual: ddini], 
[Row: 385] [Column: 3] [Expected: William Dorsey] [Actual: Dahir Dini], 
[Row: 386] [Column: 1] [Expected: 7,307] [Actual: 7,306], 
[Row: 386] [Column: 2] [Expected: rcartwri] [Actual: wdorsey], 
[Row: 386] [Column: 3] [Expected: Robert Cartwright] [Actual: William Dorsey], 
[Row: 387] [Column: 1] [Expected: 7,171] [Actual: 7,307], 
[Row: 387] [Column: 2] [Expected: matwood] [Actual: rcartwri], 
[Row: 387] [Column: 3] [Expected: Matthew Atwood] [Actual: Robert Cartwright], 
[Row: 387] [Column: 5] [Expected: 51 Astor Place] [Actual: 10 NBS], 
[Row: 388] [Column: 1] [Expected: 7,426] [Actual: 7,171], 
[Row: 388] [Column: 2] [Expected: fparisi] [Actual: matwood], 
[Row: 388] [Column: 3] [Expected: Fabio Parisi] [Actual: Matthew Atwood], 
[Row: 388] [Column: 5] [Expected: 10 NBS] [Actual: 51 Astor Place], 
[Row: 389] [Column: 1] [Expected: 7,440] [Actual: 7,426], 
[Row: 389] [Column: 2] [Expected: nfirth] [Actual: fparisi], 
[Row: 389] [Column: 3] [Expected: Nick Firth] [Actual: Fabio Parisi], 
[Row: 390] [Column: 1] [Expected: 7,594] [Actual: 7,440], 
[Row: 390] [Column: 2] [Expected: vpaskhav] [Actual: nfirth], 
[Row: 390] [Column: 3] [Expected: Victor Paskhaver] [Actual: Nick Firth], 
[Row: 390] [Column: 5] [Expected: 51 Astor Place] [Actual: 10 NBS], 
[Row: 391] [Column: 1] [Expected: 7,423] [Actual: 7,594], 
[Row: 391] [Column: 2] [Expected: nlubchen] [Actual: vpaskhav], 
[Row: 391] [Column: 3] [Expected: Nazar Lubchenko] [Actual: Victor Paskhaver], 
[Row: 392] [Column: 1] [Expected: 7,505] [Actual: 7,423], 
[Row: 392] [Column: 2] [Expected: lsewell] [Actual: nlubchen], 
[Row: 392] [Column: 3] [Expected: Luke Sewell] [Actual: Nazar Lubchenko], 
[Row: 392] [Column: 5] [Expected: 10 NBS] [Actual: 51 Astor Place], 
[Row: 393] [Column: 1] [Expected: 7,639] [Actual: 7,505], 
[Row: 393] [Column: 2] [Expected: tbjorkmo] [Actual: lsewell], 
[Row: 393] [Column: 3] [Expected: Theo Bjorkmo] [Actual: Luke Sewell], 
[Row: 394] [Column: 1] [Expected: 7,693] [Actual: 7,639], 
[Row: 394] [Column: 2] [Expected: jng] [Actual: tbjorkmo], 
[Row: 394] [Column: 3] [Expected: Junwei Ng] [Actual: Theo Bjorkmo], 
[Row: 394] [Column: 5] [Expected: Singapore] [Actual: 10 NBS], 
[Row: 395] [Column: 1] [Expected: 7,745] [Actual: 7,693], 
[Row: 395] [Column: 2] [Expected: jtereshc] [Actual: jng], 
[Row: 395] [Column: 3] [Expected: Julie Tereshchenko] [Actual: Junwei Ng], 
[Row: 395] [Column: 5] [Expected: 51 Astor Place] [Actual: Singapore], 
[Row: 396] [Column: 1] [Expected: 7,536] [Actual: 7,745], 
[Row: 396] [Column: 2] [Expected: awestbro] [Actual: jtereshc], 
[Row: 396] [Column: 3] [Expected: Andrew Westbrook] [Actual: Julie Tereshchenko], 
[Row: 396] [Column: 4] [Expected: Front Office Technology] [Actual: Systems Trading], 
[Row: 397] [Column: 1] [Expected: 7,708] [Actual: 7,536], 
[Row: 397] [Column: 2] [Expected: elim] [Actual: awestbro], 
[Row: 397] [Column: 3] [Expected: Edward Lim] [Actual: Andrew Westbrook], 
[Row: 397] [Column: 4] [Expected: Systems Trading] [Actual: Front Office Technology], 
[Row: 397] [Column: 5] [Expected: 10 NBS] [Actual: 51 Astor Place], 
[Row: 398] [Column: 1] [Expected: 7,692] [Actual: 7,708], 
[Row: 398] [Column: 2] [Expected: oharrima] [Actual: elim], 
[Row: 398] [Column: 3] [Expected: Oliver Harriman] [Actual: Edward Lim], 
[Row: 399] [Column: 1] [Expected: 7,726] [Actual: 7,692], 
[Row: 399] [Column: 2] [Expected: ishpak] [Actual: oharrima], 
[Row: 399] [Column: 3] [Expected: Iuliia Shpak] [Actual: Oliver Harriman], 
[Row: 400] [Column: 1] [Expected: 7,838] [Actual: 7,726], 
[Row: 400] [Column: 2] [Expected: nheuer] [Actual: ishpak], 
[Row: 400] [Column: 3] [Expected: Nicolaus Heuer] [Actual: Iuliia Shpak], 
[Row: 401] [Column: 1] [Expected: 7,834] [Actual: 7,838], 
[Row: 401] [Column: 2] [Expected: vstazhyn] [Actual: nheuer], 
[Row: 401] [Column: 3] [Expected: Vlad Stazhynski] [Actual: Nicolaus Heuer], 
[Row: 402] [Column: 1] [Expected: 1,188] [Actual: 7,834], 
[Row: 402] [Column: 2] [Expected: mglennan] [Actual: vstazhyn], 
[Row: 402] [Column: 3] [Expected: Mike Glennan] [Actual: Vlad Stazhynski], 
[Row: 402] [Column: 5] [Expected: 200 Elm] [Actual: 10 NBS], 
[Row: 402] [Column: 6] [Expected: isttveqeuasd1] [Actual: isttveqasasd1], 
[Row: 403] [Column: 1] [Expected: 3] [Actual: 1,188], 
[Row: 403] [Column: 2] [Expected: stevee] [Actual: mglennan], 
[Row: 403] [Column: 3] [Expected: Steve Evans] [Actual: Mike Glennan], 
[Row: 404] [Column: 1] [Expected: 5,848] [Actual: 3], 
[Row: 404] [Column: 2] [Expected: owatson] [Actual: stevee], 
[Row: 404] [Column: 3] [Expected: Ollie Watson] [Actual: Steve Evans], 
[Row: 404] [Column: 5] [Expected: 10 NBS] [Actual: 200 Elm], 
[Row: 405] [Column: 1] [Expected: 5,867] [Actual: 5,848], 
[Row: 405] [Column: 2] [Expected: dgenkin] [Actual: owatson], 
[Row: 405] [Column: 3] [Expected: Dmitriy Genkin] [Actual: Ollie Watson], 
[Row: 405] [Column: 5] [Expected: 51 Astor Place] [Actual: 10 NBS], 
[Row: 406] [Column: 1] [Expected: 5,864] [Actual: 5,867], 
[Row: 406] [Column: 2] [Expected: cvoekler] [Actual: dgenkin], 
[Row: 406] [Column: 3] [Expected: Christopher Voekler] [Actual: Dmitriy Genkin], 
[Row: 407] [Column: 1] [Expected: 5,773] [Actual: 5,864], 
[Row: 407] [Column: 2] [Expected: slevin] [Actual: cvoekler], 
[Row: 407] [Column: 3] [Expected: Sergey Levin] [Actual: Christopher Voekler], 
[Row: 408] [Column: 1] [Expected: 5,897] [Actual: 5,773], 
[Row: 408] [Column: 2] [Expected: aodinaye] [Actual: slevin], 
[Row: 408] [Column: 3] [Expected: Alex Odinayev] [Actual: Sergey Levin], 
[Row: 409] [Column: 1] [Expected: 5,992] [Actual: 5,897], 
[Row: 409] [Column: 2] [Expected: wchapman] [Actual: aodinaye], 
[Row: 409] [Column: 3] [Expected: William Chapman] [Actual: Alex Odinayev], 
[Row: 409] [Column: 5] [Expected: 10 NBS] [Actual: 51 Astor Place], 
[Row: 410] [Column: 1] [Expected: 6,193] [Actual: 5,992], 
[Row: 410] [Column: 2] [Expected: vzhukov] [Actual: wchapman], 
[Row: 410] [Column: 3] [Expected: Slava Zhukov] [Actual: William Chapman], 
[Row: 410] [Column: 5] [Expected: 51 Astor Place] [Actual: 10 NBS], 
[Row: 411] [Column: 1] [Expected: 6,878] [Actual: 6,193], 
[Row: 411] [Column: 2] [Expected: byuan] [Actual: vzhukov], 
[Row: 411] [Column: 3] [Expected: Bo Yuan] [Actual: Slava Zhukov], 
[Row: 412] [Column: 1] [Expected: 6,973] [Actual: 6,878], 
[Row: 412] [Column: 2] [Expected: crolvung] [Actual: byuan], 
[Row: 412] [Column: 3] [Expected: Christian Rolvung] [Actual: Bo Yuan], 
[Row: 412] [Column: 5] [Expected: Sydney] [Actual: 51 Astor Place], 
[Row: 413] [Column: 1] [Expected: 6,954] [Actual: 6,973], 
[Row: 413] [Column: 2] [Expected: kjohnsto] [Actual: crolvung], 
[Row: 413] [Column: 3] [Expected: Kyle Johnston] [Actual: Christian Rolvung], 
[Row: 413] [Column: 5] [Expected: 51 Astor Place] [Actual: Sydney], 
[Row: 414] [Column: 1] [Expected: 7,095] [Actual: 6,954], 
[Row: 414] [Column: 2] [Expected: asamuel] [Actual: kjohnsto], 
[Row: 414] [Column: 3] [Expected: Alex Samuel] [Actual: Kyle Johnston], 
[Row: 415] [Column: 1] [Expected: 7,252] [Actual: 7,095], 
[Row: 415] [Column: 2] [Expected: ddini] [Actual: asamuel], 
[Row: 415] [Column: 3] [Expected: Dahir Dini] [Actual: Alex Samuel], 
[Row: 415] [Column: 5] [Expected: 10 NBS] [Actual: 51 Astor Place], 
[Row: 416] [Column: 1] [Expected: 7,306] [Actual: 7,252], 
[Row: 416] [Column: 2] [Expected: wdorsey] [Actual: ddini], 
[Row: 416] [Column: 3] [Expected: William Dorsey] [Actual: Dahir Dini], 
[Row: 417] [Column: 1] [Expected: 7,307] [Actual: 7,306], 
[Row: 417] [Column: 2] [Expected: rcartwri] [Actual: wdorsey], 
[Row: 417] [Column: 3] [Expected: Robert Cartwright] [Actual: William Dorsey], 
[Row: 418] [Column: 1] [Expected: 7,171] [Actual: 7,307], 
[Row: 418] [Column: 2] [Expected: matwood] [Actual: rcartwri], 
[Row: 418] [Column: 3] [Expected: Matthew Atwood] [Actual: Robert Cartwright], 
[Row: 418] [Column: 5] [Expected: 51 Astor Place] [Actual: 10 NBS], 
[Row: 419] [Column: 1] [Expected: 7,426] [Actual: 7,171], 
[Row: 419] [Column: 2] [Expected: fparisi] [Actual: matwood], 
[Row: 419] [Column: 3] [Expected: Fabio Parisi] [Actual: Matthew Atwood], 
[Row: 419] [Column: 5] [Expected: 10 NBS] [Actual: 51 Astor Place], 
[Row: 420] [Column: 1] [Expected: 7,440] [Actual: 7,426], 
[Row: 420] [Column: 2] [Expected: nfirth] [Actual: fparisi], 
[Row: 420] [Column: 3] [Expected: Nick Firth] [Actual: Fabio Parisi], 
[Row: 421] [Column: 1] [Expected: 7,594] [Actual: 7,440], 
[Row: 421] [Column: 2] [Expected: vpaskhav] [Actual: nfirth], 
[Row: 421] [Column: 3] [Expected: Victor Paskhaver] [Actual: Nick Firth], 
[Row: 421] [Column: 5] [Expected: 51 Astor Place] [Actual: 10 NBS], 
[Row: 422] [Column: 1] [Expected: 7,423] [Actual: 7,594], 
[Row: 422] [Column: 2] [Expected: nlubchen] [Actual: vpaskhav], 
[Row: 422] [Column: 3] [Expected: Nazar Lubchenko] [Actual: Victor Paskhaver], 
[Row: 423] [Column: 1] [Expected: 7,505] [Actual: 7,423], 
[Row: 423] [Column: 2] [Expected: lsewell] [Actual: nlubchen], 
[Row: 423] [Column: 3] [Expected: Luke Sewell] [Actual: Nazar Lubchenko], 
[Row: 423] [Column: 5] [Expected: 10 NBS] [Actual: 51 Astor Place], 
[Row: 424] [Column: 1] [Expected: 7,639] [Actual: 7,505], 
[Row: 424] [Column: 2] [Expected: tbjorkmo] [Actual: lsewell], 
[Row: 424] [Column: 3] [Expected: Theo Bjorkmo] [Actual: Luke Sewell], 
[Row: 425] [Column: 1] [Expected: 7,693] [Actual: 7,639], 
[Row: 425] [Column: 2] [Expected: jng] [Actual: tbjorkmo], 
[Row: 425] [Column: 3] [Expected: Junwei Ng] [Actual: Theo Bjorkmo], 
[Row: 425] [Column: 5] [Expected: Singapore] [Actual: 10 NBS], 
[Row: 426] [Column: 1] [Expected: 7,745] [Actual: 7,693], 
[Row: 426] [Column: 2] [Expected: jtereshc] [Actual: jng], 
[Row: 426] [Column: 3] [Expected: Julie Tereshchenko] [Actual: Junwei Ng], 
[Row: 426] [Column: 5] [Expected: 51 Astor Place] [Actual: Singapore], 
[Row: 427] [Column: 1] [Expected: 7,536] [Actual: 7,745], 
[Row: 427] [Column: 2] [Expected: awestbro] [Actual: jtereshc], 
[Row: 427] [Column: 3] [Expected: Andrew Westbrook] [Actual: Julie Tereshchenko], 
[Row: 427] [Column: 4] [Expected: Front Office Technology] [Actual: Systems Trading], 
[Row: 428] [Column: 1] [Expected: 7,708] [Actual: 7,536], 
[Row: 428] [Column: 2] [Expected: elim] [Actual: awestbro], 
[Row: 428] [Column: 3] [Expected: Edward Lim] [Actual: Andrew Westbrook], 
[Row: 428] [Column: 4] [Expected: Systems Trading] [Actual: Front Office Technology], 
[Row: 428] [Column: 5] [Expected: 10 NBS] [Actual: 51 Astor Place], 
[Row: 429] [Column: 1] [Expected: 7,692] [Actual: 7,708], 
[Row: 429] [Column: 2] [Expected: oharrima] [Actual: elim], 
[Row: 429] [Column: 3] [Expected: Oliver Harriman] [Actual: Edward Lim], 
[Row: 430] [Column: 1] [Expected: 7,726] [Actual: 7,692], 
[Row: 430] [Column: 2] [Expected: ishpak] [Actual: oharrima], 
[Row: 430] [Column: 3] [Expected: Iuliia Shpak] [Actual: Oliver Harriman], 
[Row: 431] [Column: 1] [Expected: 7,838] [Actual: 7,726], 
[Row: 431] [Column: 2] [Expected: nheuer] [Actual: ishpak], 
[Row: 431] [Column: 3] [Expected: Nicolaus Heuer] [Actual: Iuliia Shpak], 
[Row: 432] [Column: 1] [Expected: 7,834] [Actual: 7,838], 
[Row: 432] [Column: 2] [Expected: vstazhyn] [Actual: nheuer], 
[Row: 432] [Column: 3] [Expected: Vlad Stazhynski] [Actual: Nicolaus Heuer], 
[Row: 433] [Column: 1] [Expected: 1,188] [Actual: 7,834], 
[Row: 433] [Column: 2] [Expected: mglennan] [Actual: vstazhyn], 
[Row: 433] [Column: 3] [Expected: Mike Glennan] [Actual: Vlad Stazhynski], 
[Row: 433] [Column: 5] [Expected: 200 Elm] [Actual: 10 NBS], 
[Row: 433] [Column: 6] [Expected: isttvequsasd1] [Actual: isttveqeuasd1], 
[Row: 434] [Column: 1] [Expected: 3] [Actual: 1,188], 
[Row: 434] [Column: 2] [Expected: stevee] [Actual: mglennan], 
[Row: 434] [Column: 3] [Expected: Steve Evans] [Actual: Mike Glennan], 
[Row: 435] [Column: 1] [Expected: 5,848] [Actual: 3], 
[Row: 435] [Column: 2] [Expected: owatson] [Actual: stevee], 
[Row: 435] [Column: 3] [Expected: Ollie Watson] [Actual: Steve Evans], 
[Row: 435] [Column: 5] [Expected: 10 NBS] [Actual: 200 Elm], 
[Row: 436] [Column: 1] [Expected: 5,867] [Actual: 5,848], 
[Row: 436] [Column: 2] [Expected: dgenkin] [Actual: owatson], 
[Row: 436] [Column: 3] [Expected: Dmitriy Genkin] [Actual: Ollie Watson], 
[Row: 436] [Column: 5] [Expected: 51 Astor Place] [Actual: 10 NBS], 
[Row: 437] [Column: 1] [Expected: 5,864] [Actual: 5,867], 
[Row: 437] [Column: 2] [Expected: cvoekler] [Actual: dgenkin], 
[Row: 437] [Column: 3] [Expected: Christopher Voekler] [Actual: Dmitriy Genkin], 
[Row: 438] [Column: 1] [Expected: 5,773] [Actual: 5,864], 
[Row: 438] [Column: 2] [Expected: slevin] [Actual: cvoekler], 
[Row: 438] [Column: 3] [Expected: Sergey Levin] [Actual: Christopher Voekler], 
[Row: 439] [Column: 1] [Expected: 5,897] [Actual: 5,773], 
[Row: 439] [Column: 2] [Expected: aodinaye] [Actual: slevin], 
[Row: 439] [Column: 3] [Expected: Alex Odinayev] [Actual: Sergey Levin], 
[Row: 440] [Column: 1] [Expected: 5,992] [Actual: 5,897], 
[Row: 440] [Column: 2] [Expected: wchapman] [Actual: aodinaye], 
[Row: 440] [Column: 3] [Expected: William Chapman] [Actual: Alex Odinayev], 
[Row: 440] [Column: 5] [Expected: 10 NBS] [Actual: 51 Astor Place], 
[Row: 441] [Column: 1] [Expected: 6,193] [Actual: 5,992], 
[Row: 441] [Column: 2] [Expected: vzhukov] [Actual: wchapman], 
[Row: 441] [Column: 3] [Expected: Slava Zhukov] [Actual: William Chapman], 
[Row: 441] [Column: 5] [Expected: 51 Astor Place] [Actual: 10 NBS], 
[Row: 442] [Column: 1] [Expected: 6,878] [Actual: 6,193], 
[Row: 442] [Column: 2] [Expected: byuan] [Actual: vzhukov], 
[Row: 442] [Column: 3] [Expected: Bo Yuan] [Actual: Slava Zhukov], 
[Row: 443] [Column: 1] [Expected: 6,973] [Actual: 6,878], 
[Row: 443] [Column: 2] [Expected: crolvung] [Actual: byuan], 
[Row: 443] [Column: 3] [Expected: Christian Rolvung] [Actual: Bo Yuan], 
[Row: 443] [Column: 5] [Expected: Sydney] [Actual: 51 Astor Place], 
[Row: 444] [Column: 1] [Expected: 6,954] [Actual: 6,973], 
[Row: 444] [Column: 2] [Expected: kjohnsto] [Actual: crolvung], 
[Row: 444] [Column: 3] [Expected: Kyle Johnston] [Actual: Christian Rolvung], 
[Row: 444] [Column: 5] [Expected: 51 Astor Place] [Actual: Sydney], 
[Row: 445] [Column: 1] [Expected: 7,095] [Actual: 6,954], 
[Row: 445] [Column: 2] [Expected: asamuel] [Actual: kjohnsto], 
[Row: 445] [Column: 3] [Expected: Alex Samuel] [Actual: Kyle Johnston], 
[Row: 446] [Column: 1] [Expected: 7,252] [Actual: 7,095], 
[Row: 446] [Column: 2] [Expected: ddini] [Actual: asamuel], 
[Row: 446] [Column: 3] [Expected: Dahir Dini] [Actual: Alex Samuel], 
[Row: 446] [Column: 5] [Expected: 10 NBS] [Actual: 51 Astor Place], 
[Row: 447] [Column: 1] [Expected: 7,306] [Actual: 7,252], 
[Row: 447] [Column: 2] [Expected: wdorsey] [Actual: ddini], 
[Row: 447] [Column: 3] [Expected: William Dorsey] [Actual: Dahir Dini], 
[Row: 448] [Column: 1] [Expected: 7,307] [Actual: 7,306], 
[Row: 448] [Column: 2] [Expected: rcartwri] [Actual: wdorsey], 
[Row: 448] [Column: 3] [Expected: Robert Cartwright] [Actual: William Dorsey], 
[Row: 449] [Column: 1] [Expected: 7,171] [Actual: 7,307], 
[Row: 449] [Column: 2] [Expected: matwood] [Actual: rcartwri], 
[Row: 449] [Column: 3] [Expected: Matthew Atwood] [Actual: Robert Cartwright], 
[Row: 449] [Column: 5] [Expected: 51 Astor Place] [Actual: 10 NBS], 
[Row: 450] [Column: 1] [Expected: 7,426] [Actual: 7,171], 
[Row: 450] [Column: 2] [Expected: fparisi] [Actual: matwood], 
[Row: 450] [Column: 3] [Expected: Fabio Parisi] [Actual: Matthew Atwood], 
[Row: 450] [Column: 5] [Expected: 10 NBS] [Actual: 51 Astor Place], 
[Row: 451] [Column: 1] [Expected: 7,440] [Actual: 7,426], 
[Row: 451] [Column: 2] [Expected: nfirth] [Actual: fparisi], 
[Row: 451] [Column: 3] [Expected: Nick Firth] [Actual: Fabio Parisi], 
[Row: 452] [Column: 1] [Expected: 7,594] [Actual: 7,440], 
[Row: 452] [Column: 2] [Expected: vpaskhav] [Actual: nfirth], 
[Row: 452] [Column: 3] [Expected: Victor Paskhaver] [Actual: Nick Firth], 
[Row: 452] [Column: 5] [Expected: 51 Astor Place] [Actual: 10 NBS], 
[Row: 453] [Column: 1] [Expected: 7,423] [Actual: 7,594], 
[Row: 453] [Column: 2] [Expected: nlubchen] [Actual: vpaskhav], 
[Row: 453] [Column: 3] [Expected: Nazar Lubchenko] [Actual: Victor Paskhaver], 
[Row: 454] [Column: 1] [Expected: 7,505] [Actual: 7,423], 
[Row: 454] [Column: 2] [Expected: lsewell] [Actual: nlubchen], 
[Row: 454] [Column: 3] [Expected: Luke Sewell] [Actual: Nazar Lubchenko], 
[Row: 454] [Column: 5] [Expected: 10 NBS] [Actual: 51 Astor Place], 
[Row: 455] [Column: 1] [Expected: 7,639] [Actual: 7,505], 
[Row: 455] [Column: 2] [Expected: tbjorkmo] [Actual: lsewell], 
[Row: 455] [Column: 3] [Expected: Theo Bjorkmo] [Actual: Luke Sewell], 
[Row: 456] [Column: 1] [Expected: 7,693] [Actual: 7,639], 
[Row: 456] [Column: 2] [Expected: jng] [Actual: tbjorkmo], 
[Row: 456] [Column: 3] [Expected: Junwei Ng] [Actual: Theo Bjorkmo], 
[Row: 456] [Column: 5] [Expected: Singapore] [Actual: 10 NBS], 
[Row: 457] [Column: 1] [Expected: 7,745] [Actual: 7,693], 
[Row: 457] [Column: 2] [Expected: jtereshc] [Actual: jng], 
[Row: 457] [Column: 3] [Expected: Julie Tereshchenko] [Actual: Junwei Ng], 
[Row: 457] [Column: 5] [Expected: 51 Astor Place] [Actual: Singapore], 
[Row: 458] [Column: 1] [Expected: 7,536] [Actual: 7,745], 
[Row: 458] [Column: 2] [Expected: awestbro] [Actual: jtereshc], 
[Row: 458] [Column: 3] [Expected: Andrew Westbrook] [Actual: Julie Tereshchenko], 
[Row: 458] [Column: 4] [Expected: Front Office Technology] [Actual: Systems Trading], 
[Row: 459] [Column: 1] [Expected: 7,784] [Actual: 7,536], 
[Row: 459] [Column: 2] [Expected: ldeleo] [Actual: awestbro], 
[Row: 459] [Column: 3] [Expected: Lorenzo De Leo] [Actual: Andrew Westbrook], 
[Row: 459] [Column: 4] [Expected: Systems Trading] [Actual: Front Office Technology], 
[Row: 459] [Column: 5] [Expected: France] [Actual: 51 Astor Place], 
[Row: 460] [Column: 1] [Expected: 7,708] [Actual: 7,784], 
[Row: 460] [Column: 2] [Expected: elim] [Actual: ldeleo], 
[Row: 460] [Column: 3] [Expected: Edward Lim] [Actual: Lorenzo De Leo], 
[Row: 460] [Column: 5] [Expected: 10 NBS] [Actual: France], 
[Row: 461] [Column: 1] [Expected: 7,692] [Actual: 7,708], 
[Row: 461] [Column: 2] [Expected: oharrima] [Actual: elim], 
[Row: 461] [Column: 3] [Expected: Oliver Harriman] [Actual: Edward Lim], 
[Row: 462] [Column: 1] [Expected: 7,726] [Actual: 7,692], 
[Row: 462] [Column: 2] [Expected: ishpak] [Actual: oharrima], 
[Row: 462] [Column: 3] [Expected: Iuliia Shpak] [Actual: Oliver Harriman], 
[Row: 463] [Column: 1] [Expected: 7,838] [Actual: 7,726], 
[Row: 463] [Column: 2] [Expected: nheuer] [Actual: ishpak], 
[Row: 463] [Column: 3] [Expected: Nicolaus Heuer] [Actual: Iuliia Shpak], 
[Row: 464] [Column: 1] [Expected: 7,834] [Actual: 7,838], 
[Row: 464] [Column: 2] [Expected: vstazhyn] [Actual: nheuer], 
[Row: 464] [Column: 3] [Expected: Vlad Stazhynski] [Actual: Nicolaus Heuer], 
[Row: 465] [Column: 1] [Expected: 1,188] [Actual: 7,834], 
[Row: 465] [Column: 2] [Expected: mglennan] [Actual: vstazhyn], 
[Row: 465] [Column: 3] [Expected: Mike Glennan] [Actual: Vlad Stazhynski], 
[Row: 465] [Column: 5] [Expected: 200 Elm] [Actual: 10 NBS], 
[Row: 465] [Column: 6] [Expected: isttvequstw1] [Actual: isttvequsasd1], 
[Row: 466] [Column: 1] [Expected: 3] [Actual: 1,188], 
[Row: 466] [Column: 2] [Expected: stevee] [Actual: mglennan], 
[Row: 466] [Column: 3] [Expected: Steve Evans] [Actual: Mike Glennan], 
[Row: 467] [Column: 1] [Expected: 5,545] [Actual: 3], 
[Row: 467] [Column: 2] [Expected: twynter] [Actual: stevee], 
[Row: 467] [Column: 3] [Expected: Tom Wynter] [Actual: Steve Evans], 
[Row: 468] [Column: 1] [Expected: 6,924] [Actual: 5,545], 
[Row: 468] [Column: 2] [Expected: fye] [Actual: twynter], 
[Row: 468] [Column: 3] [Expected: Fei Ye] [Actual: Tom Wynter], 
[Row: 469] [Column: 1] [Expected: 6,894] [Actual: 6,924], 
[Row: 469] [Column: 2] [Expected: rtoghrae] [Actual: fye], 
[Row: 469] [Column: 3] [Expected: Reza Toghraee] [Actual: Fei Ye], 
[Row: 470] [Column: 1] [Expected: 7,830] [Actual: 6,894], 
[Row: 470] [Column: 2] [Expected: jcasbon] [Actual: rtoghrae], 
[Row: 470] [Column: 3] [Expected: James Casbon] [Actual: Reza Toghraee], 
[Row: 470] [Column: 5] [Expected: 10 NBS] [Actual: 200 Elm], 
[Row: 471] [Column: 1] [Expected: 1,188] [Actual: 7,830], 
[Row: 471] [Column: 2] [Expected: mglennan] [Actual: jcasbon], 
[Row: 471] [Column: 3] [Expected: Mike Glennan] [Actual: James Casbon], 
[Row: 471] [Column: 5] [Expected: 200 Elm] [Actual: 10 NBS], 
[Row: 471] [Column: 6] [Expected: isttvfxasd1] [Actual: isttvequstw1], 
[Row: 472] [Column: 1] [Expected: 3] [Actual: 1,188], 
[Row: 472] [Column: 2] [Expected: stevee] [Actual: mglennan], 
[Row: 472] [Column: 3] [Expected: Steve Evans] [Actual: Mike Glennan], 
[Row: 473] [Column: 1] [Expected: 5,848] [Actual: 3], 
[Row: 473] [Column: 2] [Expected: owatson] [Actual: stevee], 
[Row: 473] [Column: 3] [Expected: Ollie Watson] [Actual: Steve Evans], 
[Row: 473] [Column: 5] [Expected: 10 NBS] [Actual: 200 Elm], 
[Row: 474] [Column: 1] [Expected: 5,867] [Actual: 5,848], 
[Row: 474] [Column: 2] [Expected: dgenkin] [Actual: owatson], 
[Row: 474] [Column: 3] [Expected: Dmitriy Genkin] [Actual: Ollie Watson], 
[Row: 474] [Column: 5] [Expected: 51 Astor Place] [Actual: 10 NBS], 
[Row: 475] [Column: 1] [Expected: 5,864] [Actual: 5,867], 
[Row: 475] [Column: 2] [Expected: cvoekler] [Actual: dgenkin], 
[Row: 475] [Column: 3] [Expected: Christopher Voekler] [Actual: Dmitriy Genkin], 
[Row: 476] [Column: 1] [Expected: 5,773] [Actual: 5,864], 
[Row: 476] [Column: 2] [Expected: slevin] [Actual: cvoekler], 
[Row: 476] [Column: 3] [Expected: Sergey Levin] [Actual: Christopher Voekler], 
[Row: 477] [Column: 1] [Expected: 5,897] [Actual: 5,773], 
[Row: 477] [Column: 2] [Expected: aodinaye] [Actual: slevin], 
[Row: 477] [Column: 3] [Expected: Alex Odinayev] [Actual: Sergey Levin], 
[Row: 478] [Column: 1] [Expected: 5,992] [Actual: 5,897], 
[Row: 478] [Column: 2] [Expected: wchapman] [Actual: aodinaye], 
[Row: 478] [Column: 3] [Expected: William Chapman] [Actual: Alex Odinayev], 
[Row: 478] [Column: 5] [Expected: 10 NBS] [Actual: 51 Astor Place], 
[Row: 479] [Column: 1] [Expected: 6,193] [Actual: 5,992], 
[Row: 479] [Column: 2] [Expected: vzhukov] [Actual: wchapman], 
[Row: 479] [Column: 3] [Expected: Slava Zhukov] [Actual: William Chapman], 
[Row: 479] [Column: 5] [Expected: 51 Astor Place] [Actual: 10 NBS], 
[Row: 480] [Column: 1] [Expected: 6,878] [Actual: 6,193], 
[Row: 480] [Column: 2] [Expected: byuan] [Actual: vzhukov], 
[Row: 480] [Column: 3] [Expected: Bo Yuan] [Actual: Slava Zhukov], 
[Row: 481] [Column: 1] [Expected: 6,973] [Actual: 6,878], 
[Row: 481] [Column: 2] [Expected: crolvung] [Actual: byuan], 
[Row: 481] [Column: 3] [Expected: Christian Rolvung] [Actual: Bo Yuan], 
[Row: 481] [Column: 5] [Expected: Sydney] [Actual: 51 Astor Place], 
[Row: 482] [Column: 1] [Expected: 6,954] [Actual: 6,973], 
[Row: 482] [Column: 2] [Expected: kjohnsto] [Actual: crolvung], 
[Row: 482] [Column: 3] [Expected: Kyle Johnston] [Actual: Christian Rolvung], 
[Row: 482] [Column: 5] [Expected: 51 Astor Place] [Actual: Sydney], 
[Row: 483] [Column: 1] [Expected: 7,095] [Actual: 6,954], 
[Row: 483] [Column: 2] [Expected: asamuel] [Actual: kjohnsto], 
[Row: 483] [Column: 3] [Expected: Alex Samuel] [Actual: Kyle Johnston], 
[Row: 484] [Column: 1] [Expected: 7,306] [Actual: 7,095], 
[Row: 484] [Column: 2] [Expected: wdorsey] [Actual: asamuel], 
[Row: 484] [Column: 3] [Expected: William Dorsey] [Actual: Alex Samuel], 
[Row: 484] [Column: 5] [Expected: 10 NBS] [Actual: 51 Astor Place], 
[Row: 485] [Column: 1] [Expected: 7,307] [Actual: 7,306], 
[Row: 485] [Column: 2] [Expected: rcartwri] [Actual: wdorsey], 
[Row: 485] [Column: 3] [Expected: Robert Cartwright] [Actual: William Dorsey], 
[Row: 486] [Column: 1] [Expected: 7,253] [Actual: 7,307], 
[Row: 486] [Column: 2] [Expected: acherner] [Actual: rcartwri], 
[Row: 486] [Column: 3] [Expected: Alex Cherner] [Actual: Robert Cartwright], 
[Row: 486] [Column: 5] [Expected: 51 Astor Place] [Actual: 10 NBS], 
[Row: 487] [Column: 1] [Expected: 7,569] [Actual: 7,253], 
[Row: 487] [Column: 2] [Expected: sstrugne] [Actual: acherner], 
[Row: 487] [Column: 3] [Expected: Sebastian Strugnell] [Actual: Alex Cherner], 
[Row: 487] [Column: 5] [Expected: 10 NBS] [Actual: 51 Astor Place], 
[Row: 488] [Column: 1] [Expected: 7,423] [Actual: 7,569], 
[Row: 488] [Column: 2] [Expected: nlubchen] [Actual: sstrugne], 
[Row: 488] [Column: 3] [Expected: Nazar Lubchenko] [Actual: Sebastian Strugnell], 
[Row: 488] [Column: 5] [Expected: 51 Astor Place] [Actual: 10 NBS], 
[Row: 489] [Column: 1] [Expected: 7,505] [Actual: 7,423], 
[Row: 489] [Column: 2] [Expected: lsewell] [Actual: nlubchen], 
[Row: 489] [Column: 3] [Expected: Luke Sewell] [Actual: Nazar Lubchenko], 
[Row: 489] [Column: 5] [Expected: 10 NBS] [Actual: 51 Astor Place], 
[Row: 490] [Column: 1] [Expected: 7,593] [Actual: 7,505], 
[Row: 490] [Column: 2] [Expected: choldswo] [Actual: lsewell], 
[Row: 490] [Column: 3] [Expected: Chris Holdsworth] [Actual: Luke Sewell], 
[Row: 491] [Column: 1] [Expected: 7,639] [Actual: 7,593], 
[Row: 491] [Column: 2] [Expected: tbjorkmo] [Actual: choldswo], 
[Row: 491] [Column: 3] [Expected: Theo Bjorkmo] [Actual: Chris Holdsworth], 
[Row: 492] [Column: 1] [Expected: 7,536] [Actual: 7,639], 
[Row: 492] [Column: 2] [Expected: awestbro] [Actual: tbjorkmo], 
[Row: 492] [Column: 3] [Expected: Andrew Westbrook] [Actual: Theo Bjorkmo], 
[Row: 492] [Column: 4] [Expected: Front Office Technology] [Actual: Systems Trading], 
[Row: 492] [Column: 5] [Expected: 51 Astor Place] [Actual: 10 NBS], 
[Row: 493] [Column: 1] [Expected: 7,708] [Actual: 7,536], 
[Row: 493] [Column: 2] [Expected: elim] [Actual: awestbro], 
[Row: 493] [Column: 3] [Expected: Edward Lim] [Actual: Andrew Westbrook], 
[Row: 493] [Column: 4] [Expected: Systems Trading] [Actual: Front Office Technology], 
[Row: 493] [Column: 5] [Expected: 10 NBS] [Actual: 51 Astor Place], 
[Row: 494] [Column: 1] [Expected: 7,809] [Actual: 7,708], 
[Row: 494] [Column: 2] [Expected: lwatts] [Actual: elim], 
[Row: 494] [Column: 3] [Expected: Laurence Watts] [Actual: Edward Lim], 
[Row: 495] [Column: 1] [Expected: 1,188] [Actual: 7,809], 
[Row: 495] [Column: 2] [Expected: mglennan] [Actual: lwatts], 
[Row: 495] [Column: 3] [Expected: Mike Glennan] [Actual: Laurence Watts], 
[Row: 495] [Column: 5] [Expected: 200 Elm] [Actual: 10 NBS], 
[Row: 495] [Column: 6] [Expected: isttvfxasd4] [Actual: isttvfxasd1], 
[Row: 496] [Column: 1] [Expected: 3] [Actual: 1,188], 
[Row: 496] [Column: 2] [Expected: stevee] [Actual: mglennan], 
[Row: 496] [Column: 3] [Expected: Steve Evans] [Actual: Mike Glennan], 
[Row: 497] [Column: 1] [Expected: 5,848] [Actual: 3], 
[Row: 497] [Column: 2] [Expected: owatson] [Actual: stevee], 
[Row: 497] [Column: 3] [Expected: Ollie Watson] [Actual: Steve Evans], 
[Row: 497] [Column: 5] [Expected: 10 NBS] [Actual: 200 Elm], 
[Row: 498] [Column: 1] [Expected: 5,867] [Actual: 5,848], 
[Row: 498] [Column: 2] [Expected: dgenkin] [Actual: owatson], 
[Row: 498] [Column: 3] [Expected: Dmitriy Genkin] [Actual: Ollie Watson], 
[Row: 498] [Column: 5] [Expected: 51 Astor Place] [Actual: 10 NBS], 
[Row: 499] [Column: 1] [Expected: 5,864] [Actual: 5,867], 
[Row: 499] [Column: 2] [Expected: cvoekler] [Actual: dgenkin], 
[Row: 499] [Column: 3] [Expected: Christopher Voekler] [Actual: Dmitriy Genkin], 
[Row: 500] [Column: 1] [Expected: 5,773] [Actual: 5,864], 
[Row: 500] [Column: 2] [Expected: slevin] [Actual: cvoekler], 
[Row: 500] [Column: 3] [Expected: Sergey Levin] [Actual: Christopher Voekler], 
[Row: 501] [Column: 1] [Expected: 5,897] [Actual: 5,773], 
[Row: 501] [Column: 2] [Expected: aodinaye] [Actual: slevin], 
[Row: 501] [Column: 3] [Expected: Alex Odinayev] [Actual: Sergey Levin], 
[Row: 502] [Column: 1] [Expected: 5,992] [Actual: 5,897], 
[Row: 502] [Column: 2] [Expected: wchapman] [Actual: aodinaye], 
[Row: 502] [Column: 3] [Expected: William Chapman] [Actual: Alex Odinayev], 
[Row: 502] [Column: 5] [Expected: 10 NBS] [Actual: 51 Astor Place], 
[Row: 503] [Column: 1] [Expected: 6,193] [Actual: 5,992], 
[Row: 503] [Column: 2] [Expected: vzhukov] [Actual: wchapman], 
[Row: 503] [Column: 3] [Expected: Slava Zhukov] [Actual: William Chapman], 
[Row: 503] [Column: 5] [Expected: 51 Astor Place] [Actual: 10 NBS], 
[Row: 504] [Column: 1] [Expected: 6,878] [Actual: 6,193], 
[Row: 504] [Column: 2] [Expected: byuan] [Actual: vzhukov], 
[Row: 504] [Column: 3] [Expected: Bo Yuan] [Actual: Slava Zhukov], 
[Row: 505] [Column: 1] [Expected: 6,973] [Actual: 6,878], 
[Row: 505] [Column: 2] [Expected: crolvung] [Actual: byuan], 
[Row: 505] [Column: 3] [Expected: Christian Rolvung] [Actual: Bo Yuan], 
[Row: 505] [Column: 5] [Expected: Sydney] [Actual: 51 Astor Place], 
[Row: 506] [Column: 1] [Expected: 6,954] [Actual: 6,973], 
[Row: 506] [Column: 2] [Expected: kjohnsto] [Actual: crolvung], 
[Row: 506] [Column: 3] [Expected: Kyle Johnston] [Actual: Christian Rolvung], 
[Row: 506] [Column: 5] [Expected: 51 Astor Place] [Actual: Sydney], 
[Row: 507] [Column: 1] [Expected: 7,095] [Actual: 6,954], 
[Row: 507] [Column: 2] [Expected: asamuel] [Actual: kjohnsto], 
[Row: 507] [Column: 3] [Expected: Alex Samuel] [Actual: Kyle Johnston], 
[Row: 508] [Column: 1] [Expected: 7,253] [Actual: 7,095], 
[Row: 508] [Column: 2] [Expected: acherner] [Actual: asamuel], 
[Row: 508] [Column: 3] [Expected: Alex Cherner] [Actual: Alex Samuel], 
[Row: 509] [Column: 1] [Expected: 7,569] [Actual: 7,253], 
[Row: 509] [Column: 2] [Expected: sstrugne] [Actual: acherner], 
[Row: 509] [Column: 3] [Expected: Sebastian Strugnell] [Actual: Alex Cherner], 
[Row: 509] [Column: 5] [Expected: 10 NBS] [Actual: 51 Astor Place], 
[Row: 510] [Column: 1] [Expected: 7,423] [Actual: 7,569], 
[Row: 510] [Column: 2] [Expected: nlubchen] [Actual: sstrugne], 
[Row: 510] [Column: 3] [Expected: Nazar Lubchenko] [Actual: Sebastian Strugnell], 
[Row: 510] [Column: 5] [Expected: 51 Astor Place] [Actual: 10 NBS], 
[Row: 511] [Column: 1] [Expected: 7,505] [Actual: 7,423], 
[Row: 511] [Column: 2] [Expected: lsewell] [Actual: nlubchen], 
[Row: 511] [Column: 3] [Expected: Luke Sewell] [Actual: Nazar Lubchenko], 
[Row: 511] [Column: 5] [Expected: 10 NBS] [Actual: 51 Astor Place], 
[Row: 512] [Column: 1] [Expected: 7,639] [Actual: 7,505], 
[Row: 512] [Column: 2] [Expected: tbjorkmo] [Actual: lsewell], 
[Row: 512] [Column: 3] [Expected: Theo Bjorkmo] [Actual: Luke Sewell], 
[Row: 513] [Column: 1] [Expected: 7,536] [Actual: 7,639], 
[Row: 513] [Column: 2] [Expected: awestbro] [Actual: tbjorkmo], 
[Row: 513] [Column: 3] [Expected: Andrew Westbrook] [Actual: Theo Bjorkmo], 
[Row: 513] [Column: 4] [Expected: Front Office Technology] [Actual: Systems Trading], 
[Row: 513] [Column: 5] [Expected: 51 Astor Place] [Actual: 10 NBS], 
[Row: 514] [Column: 1] [Expected: 7,708] [Actual: 7,536], 
[Row: 514] [Column: 2] [Expected: elim] [Actual: awestbro], 
[Row: 514] [Column: 3] [Expected: Edward Lim] [Actual: Andrew Westbrook], 
[Row: 514] [Column: 4] [Expected: Systems Trading] [Actual: Front Office Technology], 
[Row: 514] [Column: 5] [Expected: 10 NBS] [Actual: 51 Astor Place], 
[Row: 515] [Column: 1] [Expected: 7,809] [Actual: 7,708], 
[Row: 515] [Column: 2] [Expected: lwatts] [Actual: elim], 
[Row: 515] [Column: 3] [Expected: Laurence Watts] [Actual: Edward Lim], 
[Row: 516] [Column: 1] [Expected: 1,188] [Actual: 7,809], 
[Row: 516] [Column: 2] [Expected: mglennan] [Actual: lwatts], 
[Row: 516] [Column: 3] [Expected: Mike Glennan] [Actual: Laurence Watts], 
[Row: 516] [Column: 5] [Expected: 200 Elm] [Actual: 10 NBS], 
[Row: 516] [Column: 6] [Expected: isttvmaasd2] [Actual: isttvfxasd4], 
[Row: 517] [Column: 1] [Expected: 3] [Actual: 1,188], 
[Row: 517] [Column: 2] [Expected: stevee] [Actual: mglennan], 
[Row: 517] [Column: 3] [Expected: Steve Evans] [Actual: Mike Glennan], 
[Row: 518] [Column: 1] [Expected: 5,848] [Actual: 3], 
[Row: 518] [Column: 2] [Expected: owatson] [Actual: stevee], 
[Row: 518] [Column: 3] [Expected: Ollie Watson] [Actual: Steve Evans], 
[Row: 518] [Column: 5] [Expected: 10 NBS] [Actual: 200 Elm], 
[Row: 519] [Column: 1] [Expected: 5,867] [Actual: 5,848], 
[Row: 519] [Column: 2] [Expected: dgenkin] [Actual: owatson], 
[Row: 519] [Column: 3] [Expected: Dmitriy Genkin] [Actual: Ollie Watson], 
[Row: 519] [Column: 5] [Expected: 51 Astor Place] [Actual: 10 NBS], 
[Row: 520] [Column: 1] [Expected: 5,864] [Actual: 5,867], 
[Row: 520] [Column: 2] [Expected: cvoekler] [Actual: dgenkin], 
[Row: 520] [Column: 3] [Expected: Christopher Voekler] [Actual: Dmitriy Genkin], 
[Row: 521] [Column: 1] [Expected: 5,773] [Actual: 5,864], 
[Row: 521] [Column: 2] [Expected: slevin] [Actual: cvoekler], 
[Row: 521] [Column: 3] [Expected: Sergey Levin] [Actual: Christopher Voekler], 
[Row: 522] [Column: 1] [Expected: 5,897] [Actual: 5,773], 
[Row: 522] [Column: 2] [Expected: aodinaye] [Actual: slevin], 
[Row: 522] [Column: 3] [Expected: Alex Odinayev] [Actual: Sergey Levin], 
[Row: 523] [Column: 1] [Expected: 5,992] [Actual: 5,897], 
[Row: 523] [Column: 2] [Expected: wchapman] [Actual: aodinaye], 
[Row: 523] [Column: 3] [Expected: William Chapman] [Actual: Alex Odinayev], 
[Row: 523] [Column: 5] [Expected: 10 NBS] [Actual: 51 Astor Place], 
[Row: 524] [Column: 1] [Expected: 6,193] [Actual: 5,992], 
[Row: 524] [Column: 2] [Expected: vzhukov] [Actual: wchapman], 
[Row: 524] [Column: 3] [Expected: Slava Zhukov] [Actual: William Chapman], 
[Row: 524] [Column: 5] [Expected: 51 Astor Place] [Actual: 10 NBS], 
[Row: 525] [Column: 1] [Expected: 6,878] [Actual: 6,193], 
[Row: 525] [Column: 2] [Expected: byuan] [Actual: vzhukov], 
[Row: 525] [Column: 3] [Expected: Bo Yuan] [Actual: Slava Zhukov], 
[Row: 526] [Column: 1] [Expected: 6,973] [Actual: 6,878], 
[Row: 526] [Column: 2] [Expected: crolvung] [Actual: byuan], 
[Row: 526] [Column: 3] [Expected: Christian Rolvung] [Actual: Bo Yuan], 
[Row: 526] [Column: 5] [Expected: Sydney] [Actual: 51 Astor Place], 
[Row: 527] [Column: 1] [Expected: 7,095] [Actual: 6,973], 
[Row: 527] [Column: 2] [Expected: asamuel] [Actual: crolvung], 
[Row: 527] [Column: 3] [Expected: Alex Samuel] [Actual: Christian Rolvung], 
[Row: 527] [Column: 5] [Expected: 51 Astor Place] [Actual: Sydney], 
[Row: 528] [Column: 1] [Expected: 7,306] [Actual: 7,095], 
[Row: 528] [Column: 2] [Expected: wdorsey] [Actual: asamuel], 
[Row: 528] [Column: 3] [Expected: William Dorsey] [Actual: Alex Samuel], 
[Row: 528] [Column: 5] [Expected: 10 NBS] [Actual: 51 Astor Place], 
[Row: 529] [Column: 1] [Expected: 7,307] [Actual: 7,306], 
[Row: 529] [Column: 2] [Expected: rcartwri] [Actual: wdorsey], 
[Row: 529] [Column: 3] [Expected: Robert Cartwright] [Actual: William Dorsey], 
[Row: 530] [Column: 1] [Expected: 7,253] [Actual: 7,307], 
[Row: 530] [Column: 2] [Expected: acherner] [Actual: rcartwri], 
[Row: 530] [Column: 3] [Expected: Alex Cherner] [Actual: Robert Cartwright], 
[Row: 530] [Column: 5] [Expected: 51 Astor Place] [Actual: 10 NBS], 
[Row: 531] [Column: 1] [Expected: 7,440] [Actual: 7,253], 
[Row: 531] [Column: 2] [Expected: nfirth] [Actual: acherner], 
[Row: 531] [Column: 3] [Expected: Nick Firth] [Actual: Alex Cherner], 
[Row: 531] [Column: 5] [Expected: 10 NBS] [Actual: 51 Astor Place], 
[Row: 532] [Column: 1] [Expected: 7,423] [Actual: 7,440], 
[Row: 532] [Column: 2] [Expected: nlubchen] [Actual: nfirth], 
[Row: 532] [Column: 3] [Expected: Nazar Lubchenko] [Actual: Nick Firth], 
[Row: 532] [Column: 5] [Expected: 51 Astor Place] [Actual: 10 NBS], 
[Row: 533] [Column: 1] [Expected: 7,505] [Actual: 7,423], 
[Row: 533] [Column: 2] [Expected: lsewell] [Actual: nlubchen], 
[Row: 533] [Column: 3] [Expected: Luke Sewell] [Actual: Nazar Lubchenko], 
[Row: 533] [Column: 5] [Expected: 10 NBS] [Actual: 51 Astor Place], 
[Row: 534] [Column: 1] [Expected: 7,639] [Actual: 7,505], 
[Row: 534] [Column: 2] [Expected: tbjorkmo] [Actual: lsewell], 
[Row: 534] [Column: 3] [Expected: Theo Bjorkmo] [Actual: Luke Sewell], 
[Row: 535] [Column: 1] [Expected: 7,536] [Actual: 7,639], 
[Row: 535] [Column: 2] [Expected: awestbro] [Actual: tbjorkmo], 
[Row: 535] [Column: 3] [Expected: Andrew Westbrook] [Actual: Theo Bjorkmo], 
[Row: 535] [Column: 4] [Expected: Front Office Technology] [Actual: Systems Trading], 
[Row: 535] [Column: 5] [Expected: 51 Astor Place] [Actual: 10 NBS], 
[Row: 536] [Column: 1] [Expected: 7,708] [Actual: 7,536], 
[Row: 536] [Column: 2] [Expected: elim] [Actual: awestbro], 
[Row: 536] [Column: 3] [Expected: Edward Lim] [Actual: Andrew Westbrook], 
[Row: 536] [Column: 4] [Expected: Systems Trading] [Actual: Front Office Technology], 
[Row: 536] [Column: 5] [Expected: 10 NBS] [Actual: 51 Astor Place], 
[Row: 537] [Column: 1] [Expected: 7,809] [Actual: 7,708], 
[Row: 537] [Column: 2] [Expected: lwatts] [Actual: elim], 
[Row: 537] [Column: 3] [Expected: Laurence Watts] [Actual: Edward Lim], 
[Row: 538] [Column: 1] [Expected: 7,801] [Actual: 7,809], 
[Row: 538] [Column: 2] [Expected: vrigori] [Actual: lwatts], 
[Row: 538] [Column: 3] [Expected: Valentin Rigori] [Actual: Laurence Watts], 
[Row: 539] [Column: 1] [Expected: 7,834] [Actual: 7,801], 
[Row: 539] [Column: 2] [Expected: vstazhyn] [Actual: vrigori], 
[Row: 539] [Column: 3] [Expected: Vlad Stazhynski] [Actual: Valentin Rigori], 
[Row: 540] [Column: 1] [Expected: 1,188] [Actual: 7,834], 
[Row: 540] [Column: 2] [Expected: mglennan] [Actual: vstazhyn], 
[Row: 540] [Column: 3] [Expected: Mike Glennan] [Actual: Vlad Stazhynski], 
[Row: 540] [Column: 5] [Expected: 200 Elm] [Actual: 10 NBS], 
[Row: 540] [Column: 6] [Expected: isttvmaasd4] [Actual: isttvmaasd2], 
[Row: 541] [Column: 1] [Expected: 3] [Actual: 1,188], 
[Row: 541] [Column: 2] [Expected: stevee] [Actual: mglennan], 
[Row: 541] [Column: 3] [Expected: Steve Evans] [Actual: Mike Glennan], 
[Row: 542] [Column: 1] [Expected: 5,848] [Actual: 3], 
[Row: 542] [Column: 2] [Expected: owatson] [Actual: stevee], 
[Row: 542] [Column: 3] [Expected: Ollie Watson] [Actual: Steve Evans], 
[Row: 542] [Column: 5] [Expected: 10 NBS] [Actual: 200 Elm], 
[Row: 543] [Column: 1] [Expected: 5,867] [Actual: 5,848], 
[Row: 543] [Column: 2] [Expected: dgenkin] [Actual: owatson], 
[Row: 543] [Column: 3] [Expected: Dmitriy Genkin] [Actual: Ollie Watson], 
[Row: 543] [Column: 5] [Expected: 51 Astor Place] [Actual: 10 NBS], 
[Row: 544] [Column: 1] [Expected: 5,864] [Actual: 5,867], 
[Row: 544] [Column: 2] [Expected: cvoekler] [Actual: dgenkin], 
[Row: 544] [Column: 3] [Expected: Christopher Voekler] [Actual: Dmitriy Genkin], 
[Row: 545] [Column: 1] [Expected: 5,773] [Actual: 5,864], 
[Row: 545] [Column: 2] [Expected: slevin] [Actual: cvoekler], 
[Row: 545] [Column: 3] [Expected: Sergey Levin] [Actual: Christopher Voekler], 
[Row: 546] [Column: 1] [Expected: 5,897] [Actual: 5,773], 
[Row: 546] [Column: 2] [Expected: aodinaye] [Actual: slevin], 
[Row: 546] [Column: 3] [Expected: Alex Odinayev] [Actual: Sergey Levin], 
[Row: 547] [Column: 1] [Expected: 5,992] [Actual: 5,897], 
[Row: 547] [Column: 2] [Expected: wchapman] [Actual: aodinaye], 
[Row: 547] [Column: 3] [Expected: William Chapman] [Actual: Alex Odinayev], 
[Row: 547] [Column: 5] [Expected: 10 NBS] [Actual: 51 Astor Place], 
[Row: 548] [Column: 1] [Expected: 6,193] [Actual: 5,992], 
[Row: 548] [Column: 2] [Expected: vzhukov] [Actual: wchapman], 
[Row: 548] [Column: 3] [Expected: Slava Zhukov] [Actual: William Chapman], 
[Row: 548] [Column: 5] [Expected: 51 Astor Place] [Actual: 10 NBS], 
[Row: 549] [Column: 1] [Expected: 6,878] [Actual: 6,193], 
[Row: 549] [Column: 2] [Expected: byuan] [Actual: vzhukov], 
[Row: 549] [Column: 3] [Expected: Bo Yuan] [Actual: Slava Zhukov], 
[Row: 550] [Column: 1] [Expected: 6,973] [Actual: 6,878], 
[Row: 550] [Column: 2] [Expected: crolvung] [Actual: byuan], 
[Row: 550] [Column: 3] [Expected: Christian Rolvung] [Actual: Bo Yuan], 
[Row: 550] [Column: 5] [Expected: Sydney] [Actual: 51 Astor Place], 
[Row: 551] [Column: 1] [Expected: 7,095] [Actual: 6,973], 
[Row: 551] [Column: 2] [Expected: asamuel] [Actual: crolvung], 
[Row: 551] [Column: 3] [Expected: Alex Samuel] [Actual: Christian Rolvung], 
[Row: 551] [Column: 5] [Expected: 51 Astor Place] [Actual: Sydney], 
[Row: 552] [Column: 1] [Expected: 7,306] [Actual: 7,095], 
[Row: 552] [Column: 2] [Expected: wdorsey] [Actual: asamuel], 
[Row: 552] [Column: 3] [Expected: William Dorsey] [Actual: Alex Samuel], 
[Row: 552] [Column: 5] [Expected: 10 NBS] [Actual: 51 Astor Place], 
[Row: 553] [Column: 1] [Expected: 7,307] [Actual: 7,306], 
[Row: 553] [Column: 2] [Expected: rcartwri] [Actual: wdorsey], 
[Row: 553] [Column: 3] [Expected: Robert Cartwright] [Actual: William Dorsey], 
[Row: 554] [Column: 1] [Expected: 7,253] [Actual: 7,307], 
[Row: 554] [Column: 2] [Expected: acherner] [Actual: rcartwri], 
[Row: 554] [Column: 3] [Expected: Alex Cherner] [Actual: Robert Cartwright], 
[Row: 554] [Column: 5] [Expected: 51 Astor Place] [Actual: 10 NBS], 
[Row: 555] [Column: 1] [Expected: 7,440] [Actual: 7,253], 
[Row: 555] [Column: 2] [Expected: nfirth] [Actual: acherner], 
[Row: 555] [Column: 3] [Expected: Nick Firth] [Actual: Alex Cherner], 
[Row: 555] [Column: 5] [Expected: 10 NBS] [Actual: 51 Astor Place], 
[Row: 556] [Column: 1] [Expected: 7,423] [Actual: 7,440], 
[Row: 556] [Column: 2] [Expected: nlubchen] [Actual: nfirth], 
[Row: 556] [Column: 3] [Expected: Nazar Lubchenko] [Actual: Nick Firth], 
[Row: 556] [Column: 5] [Expected: 51 Astor Place] [Actual: 10 NBS], 
[Row: 557] [Column: 1] [Expected: 7,505] [Actual: 7,423], 
[Row: 557] [Column: 2] [Expected: lsewell] [Actual: nlubchen], 
[Row: 557] [Column: 3] [Expected: Luke Sewell] [Actual: Nazar Lubchenko], 
[Row: 557] [Column: 5] [Expected: 10 NBS] [Actual: 51 Astor Place], 
[Row: 558] [Column: 1] [Expected: 7,639] [Actual: 7,505], 
[Row: 558] [Column: 2] [Expected: tbjorkmo] [Actual: lsewell], 
[Row: 558] [Column: 3] [Expected: Theo Bjorkmo] [Actual: Luke Sewell], 
[Row: 559] [Column: 1] [Expected: 7,536] [Actual: 7,639], 
[Row: 559] [Column: 2] [Expected: awestbro] [Actual: tbjorkmo], 
[Row: 559] [Column: 3] [Expected: Andrew Westbrook] [Actual: Theo Bjorkmo], 
[Row: 559] [Column: 4] [Expected: Front Office Technology] [Actual: Systems Trading], 
[Row: 559] [Column: 5] [Expected: 51 Astor Place] [Actual: 10 NBS], 
[Row: 560] [Column: 1] [Expected: 7,708] [Actual: 7,536], 
[Row: 560] [Column: 2] [Expected: elim] [Actual: awestbro], 
[Row: 560] [Column: 3] [Expected: Edward Lim] [Actual: Andrew Westbrook], 
[Row: 560] [Column: 4] [Expected: Systems Trading] [Actual: Front Office Technology], 
[Row: 560] [Column: 5] [Expected: 10 NBS] [Actual: 51 Astor Place], 
[Row: 561] [Column: 1] [Expected: 7,809] [Actual: 7,708], 
[Row: 561] [Column: 2] [Expected: lwatts] [Actual: elim], 
[Row: 561] [Column: 3] [Expected: Laurence Watts] [Actual: Edward Lim], 
[Row: 562] [Column: 1] [Expected: 1,188] [Actual: 7,809], 
[Row: 562] [Column: 2] [Expected: mglennan] [Actual: lwatts], 
[Row: 562] [Column: 3] [Expected: Mike Glennan] [Actual: Laurence Watts], 
[Row: 562] [Column: 5] [Expected: 200 Elm] [Actual: 10 NBS], 
[Row: 562] [Column: 6] [Expected: isttvmatw1] [Actual: isttvmaasd4], 
[Row: 563] [Column: 1] [Expected: 3] [Actual: 1,188], 
[Row: 563] [Column: 2] [Expected: stevee] [Actual: mglennan], 
[Row: 563] [Column: 3] [Expected: Steve Evans] [Actual: Mike Glennan], 
[Row: 564] [Column: 1] [Expected: 5,848] [Actual: 3], 
[Row: 564] [Column: 2] [Expected: owatson] [Actual: stevee], 
[Row: 564] [Column: 3] [Expected: Ollie Watson] [Actual: Steve Evans], 
[Row: 564] [Column: 5] [Expected: 10 NBS] [Actual: 200 Elm], 
[Row: 565] [Column: 1] [Expected: 5,867] [Actual: 5,848], 
[Row: 565] [Column: 2] [Expected: dgenkin] [Actual: owatson], 
[Row: 565] [Column: 3] [Expected: Dmitriy Genkin] [Actual: Ollie Watson], 
[Row: 565] [Column: 5] [Expected: 51 Astor Place] [Actual: 10 NBS], 
[Row: 566] [Column: 1] [Expected: 5,773] [Actual: 5,867], 
[Row: 566] [Column: 2] [Expected: slevin] [Actual: dgenkin], 
[Row: 566] [Column: 3] [Expected: Sergey Levin] [Actual: Dmitriy Genkin], 
[Row: 567] [Column: 1] [Expected: 5,545] [Actual: 5,773], 
[Row: 567] [Column: 2] [Expected: twynter] [Actual: slevin], 
[Row: 567] [Column: 3] [Expected: Tom Wynter] [Actual: Sergey Levin], 
[Row: 567] [Column: 5] [Expected: 200 Elm] [Actual: 51 Astor Place], 
[Row: 568] [Column: 1] [Expected: 6,924] [Actual: 5,545], 
[Row: 568] [Column: 2] [Expected: fye] [Actual: twynter], 
[Row: 568] [Column: 3] [Expected: Fei Ye] [Actual: Tom Wynter], 
[Row: 569] [Column: 1] [Expected: 6,894] [Actual: 6,924], 
[Row: 569] [Column: 2] [Expected: rtoghrae] [Actual: fye], 
[Row: 569] [Column: 3] [Expected: Reza Toghraee] [Actual: Fei Ye], 
[Row: 570] [Column: 1] [Expected: 7,536] [Actual: 6,894], 
[Row: 570] [Column: 2] [Expected: awestbro] [Actual: rtoghrae], 
[Row: 570] [Column: 3] [Expected: Andrew Westbrook] [Actual: Reza Toghraee], 
[Row: 570] [Column: 4] [Expected: Front Office Technology] [Actual: Systems Trading], 
[Row: 570] [Column: 5] [Expected: 51 Astor Place] [Actual: 200 Elm], 
[Row: 571] [Column: 1] [Expected: 7,830] [Actual: 7,536], 
[Row: 571] [Column: 2] [Expected: jcasbon] [Actual: awestbro], 
[Row: 571] [Column: 3] [Expected: James Casbon] [Actual: Andrew Westbrook], 
[Row: 571] [Column: 4] [Expected: Systems Trading] [Actual: Front Office Technology], 
[Row: 571] [Column: 5] [Expected: 10 NBS] [Actual: 51 Astor Place], 
[Row: 572] [Column: 1] [Expected: 1,188] [Actual: 7,830], 
[Row: 572] [Column: 2] [Expected: mglennan] [Actual: jcasbon], 
[Row: 572] [Column: 3] [Expected: Mike Glennan] [Actual: James Casbon], 
[Row: 572] [Column: 5] [Expected: 200 Elm] [Actual: 10 NBS], 
[Row: 572] [Column: 6] [Expected: isttvmisc] [Actual: isttvmatw1], 
[Row: 573] [Column: 1] [Expected: 3] [Actual: 1,188], 
[Row: 573] [Column: 2] [Expected: stevee] [Actual: mglennan], 
[Row: 573] [Column: 3] [Expected: Steve Evans] [Actual: Mike Glennan], 
[Row: 574] [Column: 1] [Expected: 5,867] [Actual: 3], 
[Row: 574] [Column: 2] [Expected: dgenkin] [Actual: stevee], 
[Row: 574] [Column: 3] [Expected: Dmitriy Genkin] [Actual: Steve Evans], 
[Row: 574] [Column: 5] [Expected: 51 Astor Place] [Actual: 200 Elm], 
[Row: 575] [Column: 1] [Expected: 5,864] [Actual: 5,867], 
[Row: 575] [Column: 2] [Expected: cvoekler] [Actual: dgenkin], 
[Row: 575] [Column: 3] [Expected: Christopher Voekler] [Actual: Dmitriy Genkin], 
[Row: 576] [Column: 1] [Expected: 5,992] [Actual: 5,864], 
[Row: 576] [Column: 2] [Expected: wchapman] [Actual: cvoekler], 
[Row: 576] [Column: 3] [Expected: William Chapman] [Actual: Christopher Voekler], 
[Row: 576] [Column: 5] [Expected: 10 NBS] [Actual: 51 Astor Place], 
[Row: 577] [Column: 1] [Expected: 6,193] [Actual: 5,992], 
[Row: 577] [Column: 2] [Expected: vzhukov] [Actual: wchapman], 
[Row: 577] [Column: 3] [Expected: Slava Zhukov] [Actual: William Chapman], 
[Row: 577] [Column: 5] [Expected: 51 Astor Place] [Actual: 10 NBS], 
[Row: 578] [Column: 1] [Expected: 6,878] [Actual: 6,193], 
[Row: 578] [Column: 2] [Expected: byuan] [Actual: vzhukov], 
[Row: 578] [Column: 3] [Expected: Bo Yuan] [Actual: Slava Zhukov], 
[Row: 579] [Column: 1] [Expected: 7,745] [Actual: 6,878], 
[Row: 579] [Column: 2] [Expected: jtereshc] [Actual: byuan], 
[Row: 579] [Column: 3] [Expected: Julie Tereshchenko] [Actual: Bo Yuan], 
[Row: 580] [Column: 1] [Expected: 7,536] [Actual: 7,745], 
[Row: 580] [Column: 2] [Expected: awestbro] [Actual: jtereshc], 
[Row: 580] [Column: 3] [Expected: Andrew Westbrook] [Actual: Julie Tereshchenko], 
[Row: 580] [Column: 4] [Expected: Front Office Technology] [Actual: Systems Trading], 
[Row: 581] [Column: 1] [Expected: 7,692] [Actual: 7,536], 
[Row: 581] [Column: 2] [Expected: oharrima] [Actual: awestbro], 
[Row: 581] [Column: 3] [Expected: Oliver Harriman] [Actual: Andrew Westbrook], 
[Row: 581] [Column: 4] [Expected: Systems Trading] [Actual: Front Office Technology], 
[Row: 581] [Column: 5] [Expected: 10 NBS] [Actual: 51 Astor Place], 
[Row: 582] [Column: 1] [Expected: 1,188] [Actual: 7,692], 
[Row: 582] [Column: 2] [Expected: mglennan] [Actual: oharrima], 
[Row: 582] [Column: 3] [Expected: Mike Glennan] [Actual: Oliver Harriman], 
[Row: 582] [Column: 5] [Expected: 200 Elm] [Actual: 10 NBS], 
[Row: 582] [Column: 6] [Expected: isttvvolasd1] [Actual: isttvmisc], 
[Row: 583] [Column: 1] [Expected: 3] [Actual: 1,188], 
[Row: 583] [Column: 2] [Expected: stevee] [Actual: mglennan], 
[Row: 583] [Column: 3] [Expected: Steve Evans] [Actual: Mike Glennan], 
[Row: 584] [Column: 1] [Expected: 5,848] [Actual: 3], 
[Row: 584] [Column: 2] [Expected: owatson] [Actual: stevee], 
[Row: 584] [Column: 3] [Expected: Ollie Watson] [Actual: Steve Evans], 
[Row: 584] [Column: 5] [Expected: 10 NBS] [Actual: 200 Elm], 
[Row: 585] [Column: 1] [Expected: 5,867] [Actual: 5,848], 
[Row: 585] [Column: 2] [Expected: dgenkin] [Actual: owatson], 
[Row: 585] [Column: 3] [Expected: Dmitriy Genkin] [Actual: Ollie Watson], 
[Row: 585] [Column: 5] [Expected: 51 Astor Place] [Actual: 10 NBS], 
[Row: 586] [Column: 1] [Expected: 5,864] [Actual: 5,867], 
[Row: 586] [Column: 2] [Expected: cvoekler] [Actual: dgenkin], 
[Row: 586] [Column: 3] [Expected: Christopher Voekler] [Actual: Dmitriy Genkin], 
[Row: 587] [Column: 1] [Expected: 5,773] [Actual: 5,864], 
[Row: 587] [Column: 2] [Expected: slevin] [Actual: cvoekler], 
[Row: 587] [Column: 3] [Expected: Sergey Levin] [Actual: Christopher Voekler], 
[Row: 588] [Column: 1] [Expected: 6,193] [Actual: 5,773], 
[Row: 588] [Column: 2] [Expected: vzhukov] [Actual: slevin], 
[Row: 588] [Column: 3] [Expected: Slava Zhukov] [Actual: Sergey Levin], 
[Row: 589] [Column: 1] [Expected: 6,878] [Actual: 6,193], 
[Row: 589] [Column: 2] [Expected: byuan] [Actual: vzhukov], 
[Row: 589] [Column: 3] [Expected: Bo Yuan] [Actual: Slava Zhukov], 
[Row: 590] [Column: 1] [Expected: 6,973] [Actual: 6,878], 
[Row: 590] [Column: 2] [Expected: crolvung] [Actual: byuan], 
[Row: 590] [Column: 3] [Expected: Christian Rolvung] [Actual: Bo Yuan], 
[Row: 590] [Column: 5] [Expected: Sydney] [Actual: 51 Astor Place], 
[Row: 591] [Column: 1] [Expected: 7,423] [Actual: 6,973], 
[Row: 591] [Column: 2] [Expected: nlubchen] [Actual: crolvung], 
[Row: 591] [Column: 3] [Expected: Nazar Lubchenko] [Actual: Christian Rolvung], 
[Row: 591] [Column: 5] [Expected: 51 Astor Place] [Actual: Sydney], 
[Row: 592] [Column: 1] [Expected: 7,536] [Actual: 7,423], 
[Row: 592] [Column: 2] [Expected: awestbro] [Actual: nlubchen], 
[Row: 592] [Column: 3] [Expected: Andrew Westbrook] [Actual: Nazar Lubchenko], 
[Row: 592] [Column: 4] [Expected: Front Office Technology] [Actual: Systems Trading], 
[Row: 593] [Column: 1] [Expected: 7,784] [Actual: 7,536], 
[Row: 593] [Column: 2] [Expected: ldeleo] [Actual: awestbro], 
[Row: 593] [Column: 3] [Expected: Lorenzo De Leo] [Actual: Andrew Westbrook], 
[Row: 593] [Column: 4] [Expected: Systems Trading] [Actual: Front Office Technology], 
[Row: 593] [Column: 5] [Expected: France] [Actual: 51 Astor Place], 
[Row: 594] [Column: 1] [Expected: 7,821] [Actual: 7,784], 
[Row: 594] [Column: 2] [Expected: wreid] [Actual: ldeleo], 
[Row: 594] [Column: 3] [Expected: William Reid] [Actual: Lorenzo De Leo], 
[Row: 594] [Column: 5] [Expected: 10 NBS] [Actual: France], 
[Row: 595] [Column: 1] [Expected: 7,838] [Actual: 7,821], 
[Row: 595] [Column: 2] [Expected: nheuer] [Actual: wreid], 
[Row: 595] [Column: 3] [Expected: Nicolaus Heuer] [Actual: William Reid], 
[Row: 596] [Column: 1] [Expected: 1,188] [Actual: 7,838], 
[Row: 596] [Column: 2] [Expected: mglennan] [Actual: nheuer], 
[Row: 596] [Column: 3] [Expected: Mike Glennan] [Actual: Nicolaus Heuer], 
[Row: 596] [Column: 5] [Expected: 200 Elm] [Actual: 10 NBS], 
[Row: 596] [Column: 6] [Expected: isttvvolasd1lev] [Actual: isttvvolasd1], 
[Row: 597] [Column: 1] [Expected: 3] [Actual: 1,188], 
[Row: 597] [Column: 2] [Expected: stevee] [Actual: mglennan], 
[Row: 597] [Column: 3] [Expected: Steve Evans] [Actual: Mike Glennan], 
[Row: 598] [Column: 1] [Expected: 5,848] [Actual: 3], 
[Row: 598] [Column: 2] [Expected: owatson] [Actual: stevee], 
[Row: 598] [Column: 3] [Expected: Ollie Watson] [Actual: Steve Evans], 
[Row: 598] [Column: 5] [Expected: 10 NBS] [Actual: 200 Elm], 
[Row: 599] [Column: 1] [Expected: 5,867] [Actual: 5,848], 
[Row: 599] [Column: 2] [Expected: dgenkin] [Actual: owatson], 
[Row: 599] [Column: 3] [Expected: Dmitriy Genkin] [Actual: Ollie Watson], 
[Row: 599] [Column: 5] [Expected: 51 Astor Place] [Actual: 10 NBS], 
[Row: 600] [Column: 1] [Expected: 5,864] [Actual: 5,867], 
[Row: 600] [Column: 2] [Expected: cvoekler] [Actual: dgenkin], 
[Row: 600] [Column: 3] [Expected: Christopher Voekler] [Actual: Dmitriy Genkin], 
[Row: 601] [Column: 1] [Expected: 5,773] [Actual: 5,864], 
[Row: 601] [Column: 2] [Expected: slevin] [Actual: cvoekler], 
[Row: 601] [Column: 3] [Expected: Sergey Levin] [Actual: Christopher Voekler], 
[Row: 602] [Column: 1] [Expected: 6,193] [Actual: 5,773], 
[Row: 602] [Column: 2] [Expected: vzhukov] [Actual: slevin], 
[Row: 602] [Column: 3] [Expected: Slava Zhukov] [Actual: Sergey Levin], 
[Row: 603] [Column: 1] [Expected: 6,878] [Actual: 6,193], 
[Row: 603] [Column: 2] [Expected: byuan] [Actual: vzhukov], 
[Row: 603] [Column: 3] [Expected: Bo Yuan] [Actual: Slava Zhukov], 
[Row: 604] [Column: 1] [Expected: 6,973] [Actual: 6,878], 
[Row: 604] [Column: 2] [Expected: crolvung] [Actual: byuan], 
[Row: 604] [Column: 3] [Expected: Christian Rolvung] [Actual: Bo Yuan], 
[Row: 604] [Column: 5] [Expected: Sydney] [Actual: 51 Astor Place], 
[Row: 605] [Column: 1] [Expected: 7,423] [Actual: 6,973], 
[Row: 605] [Column: 2] [Expected: nlubchen] [Actual: crolvung], 
[Row: 605] [Column: 3] [Expected: Nazar Lubchenko] [Actual: Christian Rolvung], 
[Row: 605] [Column: 5] [Expected: 51 Astor Place] [Actual: Sydney], 
[Row: 606] [Column: 1] [Expected: 1,188] [Actual: 7,423], 
[Row: 606] [Column: 2] [Expected: mglennan] [Actual: nlubchen], 
[Row: 606] [Column: 3] [Expected: Mike Glennan] [Actual: Nazar Lubchenko], 
[Row: 606] [Column: 5] [Expected: 200 Elm] [Actual: 51 Astor Place], 
[Row: 606] [Column: 6] [Expected: isttvvolasd2] [Actual: isttvvolasd1lev], 
[Row: 607] [Column: 1] [Expected: 3] [Actual: 1,188], 
[Row: 607] [Column: 2] [Expected: stevee] [Actual: mglennan], 
[Row: 607] [Column: 3] [Expected: Steve Evans] [Actual: Mike Glennan], 
[Row: 608] [Column: 1] [Expected: 5,848] [Actual: 3], 
[Row: 608] [Column: 2] [Expected: owatson] [Actual: stevee], 
[Row: 608] [Column: 3] [Expected: Ollie Watson] [Actual: Steve Evans], 
[Row: 608] [Column: 5] [Expected: 10 NBS] [Actual: 200 Elm], 
[Row: 609] [Column: 1] [Expected: 5,867] [Actual: 5,848], 
[Row: 609] [Column: 2] [Expected: dgenkin] [Actual: owatson], 
[Row: 609] [Column: 3] [Expected: Dmitriy Genkin] [Actual: Ollie Watson], 
[Row: 609] [Column: 5] [Expected: 51 Astor Place] [Actual: 10 NBS], 
[Row: 610] [Column: 1] [Expected: 5,864] [Actual: 5,867], 
[Row: 610] [Column: 2] [Expected: cvoekler] [Actual: dgenkin], 
[Row: 610] [Column: 3] [Expected: Christopher Voekler] [Actual: Dmitriy Genkin], 
[Row: 611] [Column: 1] [Expected: 5,773] [Actual: 5,864], 
[Row: 611] [Column: 2] [Expected: slevin] [Actual: cvoekler], 
[Row: 611] [Column: 3] [Expected: Sergey Levin] [Actual: Christopher Voekler], 
[Row: 612] [Column: 1] [Expected: 6,193] [Actual: 5,773], 
[Row: 612] [Column: 2] [Expected: vzhukov] [Actual: slevin], 
[Row: 612] [Column: 3] [Expected: Slava Zhukov] [Actual: Sergey Levin], 
[Row: 613] [Column: 1] [Expected: 6,878] [Actual: 6,193], 
[Row: 613] [Column: 2] [Expected: byuan] [Actual: vzhukov], 
[Row: 613] [Column: 3] [Expected: Bo Yuan] [Actual: Slava Zhukov], 
[Row: 614] [Column: 1] [Expected: 6,973] [Actual: 6,878], 
[Row: 614] [Column: 2] [Expected: crolvung] [Actual: byuan], 
[Row: 614] [Column: 3] [Expected: Christian Rolvung] [Actual: Bo Yuan], 
[Row: 614] [Column: 5] [Expected: Sydney] [Actual: 51 Astor Place], 
[Row: 615] [Column: 1] [Expected: 7,423] [Actual: 6,973], 
[Row: 615] [Column: 2] [Expected: nlubchen] [Actual: crolvung], 
[Row: 615] [Column: 3] [Expected: Nazar Lubchenko] [Actual: Christian Rolvung], 
[Row: 615] [Column: 5] [Expected: 51 Astor Place] [Actual: Sydney], 
[Row: 616] [Column: 1] [Expected: 7,536] [Actual: 7,423], 
[Row: 616] [Column: 2] [Expected: awestbro] [Actual: nlubchen], 
[Row: 616] [Column: 3] [Expected: Andrew Westbrook] [Actual: Nazar Lubchenko], 
[Row: 616] [Column: 4] [Expected: Front Office Technology] [Actual: Systems Trading], 
[Row: 617] [Column: 1] [Expected: 7,784] [Actual: 7,536], 
[Row: 617] [Column: 2] [Expected: ldeleo] [Actual: awestbro], 
[Row: 617] [Column: 3] [Expected: Lorenzo De Leo] [Actual: Andrew Westbrook], 
[Row: 617] [Column: 4] [Expected: Systems Trading] [Actual: Front Office Technology], 
[Row: 617] [Column: 5] [Expected: France] [Actual: 51 Astor Place], 
[Row: 618] [Column: 1] [Expected: 7,821] [Actual: 7,784], 
[Row: 618] [Column: 2] [Expected: wreid] [Actual: ldeleo], 
[Row: 618] [Column: 3] [Expected: William Reid] [Actual: Lorenzo De Leo], 
[Row: 618] [Column: 5] [Expected: 10 NBS] [Actual: France], 
[Row: 619] [Column: 1] [Expected: 7,838] [Actual: 7,821], 
[Row: 619] [Column: 2] [Expected: nheuer] [Actual: wreid], 
[Row: 619] [Column: 3] [Expected: Nicolaus Heuer] [Actual: William Reid], 
[Row: 620] [Column: 1] [Expected: 1,188] [Actual: 7,838], 
[Row: 620] [Column: 2] [Expected: mglennan] [Actual: nheuer], 
[Row: 620] [Column: 3] [Expected: Mike Glennan] [Actual: Nicolaus Heuer], 
[Row: 620] [Column: 5] [Expected: 200 Elm] [Actual: 10 NBS], 
[Row: 620] [Column: 6] [Expected: isttvvolasd20] [Actual: isttvvolasd2], 
[Row: 621] [Column: 1] [Expected: 3] [Actual: 1,188], 
[Row: 621] [Column: 2] [Expected: stevee] [Actual: mglennan], 
[Row: 621] [Column: 3] [Expected: Steve Evans] [Actual: Mike Glennan], 
[Row: 622] [Column: 1] [Expected: 5,848] [Actual: 3], 
[Row: 622] [Column: 2] [Expected: owatson] [Actual: stevee], 
[Row: 622] [Column: 3] [Expected: Ollie Watson] [Actual: Steve Evans], 
[Row: 622] [Column: 5] [Expected: 10 NBS] [Actual: 200 Elm], 
[Row: 623] [Column: 1] [Expected: 5,867] [Actual: 5,848], 
[Row: 623] [Column: 2] [Expected: dgenkin] [Actual: owatson], 
[Row: 623] [Column: 3] [Expected: Dmitriy Genkin] [Actual: Ollie Watson], 
[Row: 623] [Column: 5] [Expected: 51 Astor Place] [Actual: 10 NBS], 
[Row: 624] [Column: 1] [Expected: 5,864] [Actual: 5,867], 
[Row: 624] [Column: 2] [Expected: cvoekler] [Actual: dgenkin], 
[Row: 624] [Column: 3] [Expected: Christopher Voekler] [Actual: Dmitriy Genkin], 
[Row: 625] [Column: 1] [Expected: 5,773] [Actual: 5,864], 
[Row: 625] [Column: 2] [Expected: slevin] [Actual: cvoekler], 
[Row: 625] [Column: 3] [Expected: Sergey Levin] [Actual: Christopher Voekler], 
[Row: 626] [Column: 1] [Expected: 6,193] [Actual: 5,773], 
[Row: 626] [Column: 2] [Expected: vzhukov] [Actual: slevin], 
[Row: 626] [Column: 3] [Expected: Slava Zhukov] [Actual: Sergey Levin], 
[Row: 627] [Column: 1] [Expected: 6,878] [Actual: 6,193], 
[Row: 627] [Column: 2] [Expected: byuan] [Actual: vzhukov], 
[Row: 627] [Column: 3] [Expected: Bo Yuan] [Actual: Slava Zhukov], 
[Row: 628] [Column: 1] [Expected: 6,973] [Actual: 6,878], 
[Row: 628] [Column: 2] [Expected: crolvung] [Actual: byuan], 
[Row: 628] [Column: 3] [Expected: Christian Rolvung] [Actual: Bo Yuan], 
[Row: 628] [Column: 5] [Expected: Sydney] [Actual: 51 Astor Place], 
[Row: 629] [Column: 1] [Expected: 7,423] [Actual: 6,973], 
[Row: 629] [Column: 2] [Expected: nlubchen] [Actual: crolvung], 
[Row: 629] [Column: 3] [Expected: Nazar Lubchenko] [Actual: Christian Rolvung], 
[Row: 629] [Column: 5] [Expected: 51 Astor Place] [Actual: Sydney], 
[Row: 630] [Column: 1] [Expected: 7,536] [Actual: 7,423], 
[Row: 630] [Column: 2] [Expected: awestbro] [Actual: nlubchen], 
[Row: 630] [Column: 3] [Expected: Andrew Westbrook] [Actual: Nazar Lubchenko], 
[Row: 630] [Column: 4] [Expected: Front Office Technology] [Actual: Systems Trading], 
[Row: 631] [Column: 1] [Expected: 7,784] [Actual: 7,536], 
[Row: 631] [Column: 2] [Expected: ldeleo] [Actual: awestbro], 
[Row: 631] [Column: 3] [Expected: Lorenzo De Leo] [Actual: Andrew Westbrook], 
[Row: 631] [Column: 4] [Expected: Systems Trading] [Actual: Front Office Technology], 
[Row: 631] [Column: 5] [Expected: France] [Actual: 51 Astor Place], 
[Row: 632] [Column: 1] [Expected: 7,821] [Actual: 7,784], 
[Row: 632] [Column: 2] [Expected: wreid] [Actual: ldeleo], 
[Row: 632] [Column: 3] [Expected: William Reid] [Actual: Lorenzo De Leo], 
[Row: 632] [Column: 5] [Expected: 10 NBS] [Actual: France], 
[Row: 633] [Column: 1] [Expected: 1,188] [Actual: 7,821], 
[Row: 633] [Column: 2] [Expected: mglennan] [Actual: wreid], 
[Row: 633] [Column: 3] [Expected: Mike Glennan] [Actual: William Reid], 
[Row: 633] [Column: 5] [Expected: 200 Elm] [Actual: 10 NBS], 
[Row: 633] [Column: 6] [Expected: isttvvolasd21] [Actual: isttvvolasd20], 
[Row: 634] [Column: 1] [Expected: 3] [Actual: 1,188], 
[Row: 634] [Column: 2] [Expected: stevee] [Actual: mglennan], 
[Row: 634] [Column: 3] [Expected: Steve Evans] [Actual: Mike Glennan], 
[Row: 635] [Column: 1] [Expected: 5,848] [Actual: 3], 
[Row: 635] [Column: 2] [Expected: owatson] [Actual: stevee], 
[Row: 635] [Column: 3] [Expected: Ollie Watson] [Actual: Steve Evans], 
[Row: 635] [Column: 5] [Expected: 10 NBS] [Actual: 200 Elm], 
[Row: 636] [Column: 1] [Expected: 5,867] [Actual: 5,848], 
[Row: 636] [Column: 2] [Expected: dgenkin] [Actual: owatson], 
[Row: 636] [Column: 3] [Expected: Dmitriy Genkin] [Actual: Ollie Watson], 
[Row: 636] [Column: 5] [Expected: 51 Astor Place] [Actual: 10 NBS], 
[Row: 637] [Column: 1] [Expected: 5,864] [Actual: 5,867], 
[Row: 637] [Column: 2] [Expected: cvoekler] [Actual: dgenkin], 
[Row: 637] [Column: 3] [Expected: Christopher Voekler] [Actual: Dmitriy Genkin], 
[Row: 638] [Column: 1] [Expected: 5,773] [Actual: 5,864], 
[Row: 638] [Column: 2] [Expected: slevin] [Actual: cvoekler], 
[Row: 638] [Column: 3] [Expected: Sergey Levin] [Actual: Christopher Voekler], 
[Row: 639] [Column: 1] [Expected: 6,193] [Actual: 5,773], 
[Row: 639] [Column: 2] [Expected: vzhukov] [Actual: slevin], 
[Row: 639] [Column: 3] [Expected: Slava Zhukov] [Actual: Sergey Levin], 
[Row: 640] [Column: 1] [Expected: 6,878] [Actual: 6,193], 
[Row: 640] [Column: 2] [Expected: byuan] [Actual: vzhukov], 
[Row: 640] [Column: 3] [Expected: Bo Yuan] [Actual: Slava Zhukov], 
[Row: 641] [Column: 1] [Expected: 6,973] [Actual: 6,878], 
[Row: 641] [Column: 2] [Expected: crolvung] [Actual: byuan], 
[Row: 641] [Column: 3] [Expected: Christian Rolvung] [Actual: Bo Yuan], 
[Row: 641] [Column: 5] [Expected: Sydney] [Actual: 51 Astor Place], 
[Row: 642] [Column: 1] [Expected: 7,423] [Actual: 6,973], 
[Row: 642] [Column: 2] [Expected: nlubchen] [Actual: crolvung], 
[Row: 642] [Column: 3] [Expected: Nazar Lubchenko] [Actual: Christian Rolvung], 
[Row: 642] [Column: 5] [Expected: 51 Astor Place] [Actual: Sydney], 
[Row: 643] [Column: 1] [Expected: 7,536] [Actual: 7,423], 
[Row: 643] [Column: 2] [Expected: awestbro] [Actual: nlubchen], 
[Row: 643] [Column: 3] [Expected: Andrew Westbrook] [Actual: Nazar Lubchenko], 
[Row: 643] [Column: 4] [Expected: Front Office Technology] [Actual: Systems Trading], 
[Row: 644] [Column: 1] [Expected: 7,784] [Actual: 7,536], 
[Row: 644] [Column: 2] [Expected: ldeleo] [Actual: awestbro], 
[Row: 644] [Column: 3] [Expected: Lorenzo De Leo] [Actual: Andrew Westbrook], 
[Row: 644] [Column: 4] [Expected: Systems Trading] [Actual: Front Office Technology], 
[Row: 644] [Column: 5] [Expected: France] [Actual: 51 Astor Place], 
[Row: 645] [Column: 1] [Expected: 7,821] [Actual: 7,784], 
[Row: 645] [Column: 2] [Expected: wreid] [Actual: ldeleo], 
[Row: 645] [Column: 3] [Expected: William Reid] [Actual: Lorenzo De Leo], 
[Row: 645] [Column: 5] [Expected: 10 NBS] [Actual: France], 
[Row: 646] [Column: 1] [Expected: 1,188] [Actual: 7,821], 
[Row: 646] [Column: 2] [Expected: mglennan] [Actual: wreid], 
[Row: 646] [Column: 3] [Expected: Mike Glennan] [Actual: William Reid], 
[Row: 646] [Column: 5] [Expected: 200 Elm] [Actual: 10 NBS], 
[Row: 646] [Column: 6] [Expected: isttvvolasd22] [Actual: isttvvolasd21], 
[Row: 647] [Column: 1] [Expected: 3] [Actual: 1,188], 
[Row: 647] [Column: 2] [Expected: stevee] [Actual: mglennan], 
[Row: 647] [Column: 3] [Expected: Steve Evans] [Actual: Mike Glennan], 
[Row: 648] [Column: 1] [Expected: 5,848] [Actual: 3], 
[Row: 648] [Column: 2] [Expected: owatson] [Actual: stevee], 
[Row: 648] [Column: 3] [Expected: Ollie Watson] [Actual: Steve Evans], 
[Row: 648] [Column: 5] [Expected: 10 NBS] [Actual: 200 Elm], 
[Row: 649] [Column: 1] [Expected: 5,867] [Actual: 5,848], 
[Row: 649] [Column: 2] [Expected: dgenkin] [Actual: owatson], 
[Row: 649] [Column: 3] [Expected: Dmitriy Genkin] [Actual: Ollie Watson], 
[Row: 649] [Column: 5] [Expected: 51 Astor Place] [Actual: 10 NBS], 
[Row: 650] [Column: 1] [Expected: 5,864] [Actual: 5,867], 
[Row: 650] [Column: 2] [Expected: cvoekler] [Actual: dgenkin], 
[Row: 650] [Column: 3] [Expected: Christopher Voekler] [Actual: Dmitriy Genkin], 
[Row: 651] [Column: 1] [Expected: 5,773] [Actual: 5,864], 
[Row: 651] [Column: 2] [Expected: slevin] [Actual: cvoekler], 
[Row: 651] [Column: 3] [Expected: Sergey Levin] [Actual: Christopher Voekler], 
[Row: 652] [Column: 1] [Expected: 6,193] [Actual: 5,773], 
[Row: 652] [Column: 2] [Expected: vzhukov] [Actual: slevin], 
[Row: 652] [Column: 3] [Expected: Slava Zhukov] [Actual: Sergey Levin], 
[Row: 653] [Column: 1] [Expected: 6,878] [Actual: 6,193], 
[Row: 653] [Column: 2] [Expected: byuan] [Actual: vzhukov], 
[Row: 653] [Column: 3] [Expected: Bo Yuan] [Actual: Slava Zhukov], 
[Row: 654] [Column: 1] [Expected: 6,973] [Actual: 6,878], 
[Row: 654] [Column: 2] [Expected: crolvung] [Actual: byuan], 
[Row: 654] [Column: 3] [Expected: Christian Rolvung] [Actual: Bo Yuan], 
[Row: 654] [Column: 5] [Expected: Sydney] [Actual: 51 Astor Place], 
[Row: 655] [Column: 1] [Expected: 7,423] [Actual: 6,973], 
[Row: 655] [Column: 2] [Expected: nlubchen] [Actual: crolvung], 
[Row: 655] [Column: 3] [Expected: Nazar Lubchenko] [Actual: Christian Rolvung], 
[Row: 655] [Column: 5] [Expected: 51 Astor Place] [Actual: Sydney], 
[Row: 656] [Column: 1] [Expected: 7,784] [Actual: 7,423], 
[Row: 656] [Column: 2] [Expected: ldeleo] [Actual: nlubchen], 
[Row: 656] [Column: 3] [Expected: Lorenzo De Leo] [Actual: Nazar Lubchenko], 
[Row: 656] [Column: 5] [Expected: France] [Actual: 51 Astor Place], 
[Row: 657] [Column: 1] [Expected: 7,821] [Actual: 7,784], 
[Row: 657] [Column: 2] [Expected: wreid] [Actual: ldeleo], 
[Row: 657] [Column: 3] [Expected: William Reid] [Actual: Lorenzo De Leo], 
[Row: 657] [Column: 5] [Expected: 10 NBS] [Actual: France], 
[Row: 658] [Column: 1] [Expected: 1,188] [Actual: 7,821], 
[Row: 658] [Column: 2] [Expected: mglennan] [Actual: wreid], 
[Row: 658] [Column: 3] [Expected: Mike Glennan] [Actual: William Reid], 
[Row: 658] [Column: 5] [Expected: 200 Elm] [Actual: 10 NBS], 
[Row: 658] [Column: 6] [Expected: isttvvolasd22lev] [Actual: isttvvolasd22], 
[Row: 659] [Column: 6] [Expected: isttvvolasd3] [Actual: isttvvolasd22lev], 
[Row: 660] [Column: 1] [Expected: 3] [Actual: 1,188], 
[Row: 660] [Column: 2] [Expected: stevee] [Actual: mglennan], 
[Row: 660] [Column: 3] [Expected: Steve Evans] [Actual: Mike Glennan], 
[Row: 661] [Column: 1] [Expected: 5,848] [Actual: 3], 
[Row: 661] [Column: 2] [Expected: owatson] [Actual: stevee], 
[Row: 661] [Column: 3] [Expected: Ollie Watson] [Actual: Steve Evans], 
[Row: 661] [Column: 5] [Expected: 10 NBS] [Actual: 200 Elm], 
[Row: 662] [Column: 1] [Expected: 5,867] [Actual: 5,848], 
[Row: 662] [Column: 2] [Expected: dgenkin] [Actual: owatson], 
[Row: 662] [Column: 3] [Expected: Dmitriy Genkin] [Actual: Ollie Watson], 
[Row: 662] [Column: 5] [Expected: 51 Astor Place] [Actual: 10 NBS], 
[Row: 663] [Column: 1] [Expected: 5,864] [Actual: 5,867], 
[Row: 663] [Column: 2] [Expected: cvoekler] [Actual: dgenkin], 
[Row: 663] [Column: 3] [Expected: Christopher Voekler] [Actual: Dmitriy Genkin], 
[Row: 664] [Column: 1] [Expected: 5,773] [Actual: 5,864], 
[Row: 664] [Column: 2] [Expected: slevin] [Actual: cvoekler], 
[Row: 664] [Column: 3] [Expected: Sergey Levin] [Actual: Christopher Voekler], 
[Row: 665] [Column: 1] [Expected: 6,193] [Actual: 5,773], 
[Row: 665] [Column: 2] [Expected: vzhukov] [Actual: slevin], 
[Row: 665] [Column: 3] [Expected: Slava Zhukov] [Actual: Sergey Levin], 
[Row: 666] [Column: 1] [Expected: 7,784] [Actual: 6,193], 
[Row: 666] [Column: 2] [Expected: ldeleo] [Actual: vzhukov], 
[Row: 666] [Column: 3] [Expected: Lorenzo De Leo] [Actual: Slava Zhukov], 
[Row: 666] [Column: 5] [Expected: France] [Actual: 51 Astor Place], 
[Row: 667] [Column: 1] [Expected: 1,188] [Actual: 7,784], 
[Row: 667] [Column: 2] [Expected: mglennan] [Actual: ldeleo], 
[Row: 667] [Column: 3] [Expected: Mike Glennan] [Actual: Lorenzo De Leo], 
[Row: 667] [Column: 5] [Expected: 200 Elm] [Actual: France], 
[Row: 667] [Column: 6] [Expected: isttvvolasd4] [Actual: isttvvolasd3], 
[Row: 668] [Column: 1] [Expected: 3] [Actual: 1,188], 
[Row: 668] [Column: 2] [Expected: stevee] [Actual: mglennan], 
[Row: 668] [Column: 3] [Expected: Steve Evans] [Actual: Mike Glennan], 
[Row: 669] [Column: 1] [Expected: 5,848] [Actual: 3], 
[Row: 669] [Column: 2] [Expected: owatson] [Actual: stevee], 
[Row: 669] [Column: 3] [Expected: Ollie Watson] [Actual: Steve Evans], 
[Row: 669] [Column: 5] [Expected: 10 NBS] [Actual: 200 Elm], 
[Row: 670] [Column: 1] [Expected: 5,867] [Actual: 5,848], 
[Row: 670] [Column: 2] [Expected: dgenkin] [Actual: owatson], 
[Row: 670] [Column: 3] [Expected: Dmitriy Genkin] [Actual: Ollie Watson], 
[Row: 670] [Column: 5] [Expected: 51 Astor Place] [Actual: 10 NBS], 
[Row: 671] [Column: 1] [Expected: 5,864] [Actual: 5,867], 
[Row: 671] [Column: 2] [Expected: cvoekler] [Actual: dgenkin], 
[Row: 671] [Column: 3] [Expected: Christopher Voekler] [Actual: Dmitriy Genkin], 
[Row: 672] [Column: 1] [Expected: 5,773] [Actual: 5,864], 
[Row: 672] [Column: 2] [Expected: slevin] [Actual: cvoekler], 
[Row: 672] [Column: 3] [Expected: Sergey Levin] [Actual: Christopher Voekler], 
[Row: 673] [Column: 1] [Expected: 6,193] [Actual: 5,773], 
[Row: 673] [Column: 2] [Expected: vzhukov] [Actual: slevin], 
[Row: 673] [Column: 3] [Expected: Slava Zhukov] [Actual: Sergey Levin], 
[Row: 674] [Column: 1] [Expected: 6,878] [Actual: 6,193], 
[Row: 674] [Column: 2] [Expected: byuan] [Actual: vzhukov], 
[Row: 674] [Column: 3] [Expected: Bo Yuan] [Actual: Slava Zhukov], 
[Row: 675] [Column: 1] [Expected: 6,973] [Actual: 6,878], 
[Row: 675] [Column: 2] [Expected: crolvung] [Actual: byuan], 
[Row: 675] [Column: 3] [Expected: Christian Rolvung] [Actual: Bo Yuan], 
[Row: 675] [Column: 5] [Expected: Sydney] [Actual: 51 Astor Place], 
[Row: 676] [Column: 1] [Expected: 7,423] [Actual: 6,973], 
[Row: 676] [Column: 2] [Expected: nlubchen] [Actual: crolvung], 
[Row: 676] [Column: 3] [Expected: Nazar Lubchenko] [Actual: Christian Rolvung], 
[Row: 676] [Column: 5] [Expected: 51 Astor Place] [Actual: Sydney], 
[Row: 677] [Column: 1] [Expected: 7,784] [Actual: 7,423], 
[Row: 677] [Column: 2] [Expected: ldeleo] [Actual: nlubchen], 
[Row: 677] [Column: 3] [Expected: Lorenzo De Leo] [Actual: Nazar Lubchenko], 
[Row: 677] [Column: 5] [Expected: France] [Actual: 51 Astor Place], 
[Row: 678] [Column: 1] [Expected: 7,821] [Actual: 7,784], 
[Row: 678] [Column: 2] [Expected: wreid] [Actual: ldeleo], 
[Row: 678] [Column: 3] [Expected: William Reid] [Actual: Lorenzo De Leo], 
[Row: 678] [Column: 5] [Expected: 10 NBS] [Actual: France], 
[Row: 679] [Column: 1] [Expected: 1,188] [Actual: 7,821], 
[Row: 679] [Column: 2] [Expected: mglennan] [Actual: wreid], 
[Row: 679] [Column: 3] [Expected: Mike Glennan] [Actual: William Reid], 
[Row: 679] [Column: 5] [Expected: 200 Elm] [Actual: 10 NBS], 
[Row: 679] [Column: 6] [Expected: isttvvolasd5] [Actual: isttvvolasd4], 
[Row: 680] [Column: 1] [Expected: 3] [Actual: 1,188], 
[Row: 680] [Column: 2] [Expected: stevee] [Actual: mglennan], 
[Row: 680] [Column: 3] [Expected: Steve Evans] [Actual: Mike Glennan], 
[Row: 681] [Column: 1] [Expected: 5,848] [Actual: 3], 
[Row: 681] [Column: 2] [Expected: owatson] [Actual: stevee], 
[Row: 681] [Column: 3] [Expected: Ollie Watson] [Actual: Steve Evans], 
[Row: 681] [Column: 5] [Expected: 10 NBS] [Actual: 200 Elm], 
[Row: 682] [Column: 1] [Expected: 5,867] [Actual: 5,848], 
[Row: 682] [Column: 2] [Expected: dgenkin] [Actual: owatson], 
[Row: 682] [Column: 3] [Expected: Dmitriy Genkin] [Actual: Ollie Watson], 
[Row: 682] [Column: 5] [Expected: 51 Astor Place] [Actual: 10 NBS], 
[Row: 683] [Column: 1] [Expected: 5,864] [Actual: 5,867], 
[Row: 683] [Column: 2] [Expected: cvoekler] [Actual: dgenkin], 
[Row: 683] [Column: 3] [Expected: Christopher Voekler] [Actual: Dmitriy Genkin], 
[Row: 684] [Column: 1] [Expected: 5,773] [Actual: 5,864], 
[Row: 684] [Column: 2] [Expected: slevin] [Actual: cvoekler], 
[Row: 684] [Column: 3] [Expected: Sergey Levin] [Actual: Christopher Voekler], 
[Row: 685] [Column: 1] [Expected: 6,193] [Actual: 5,773], 
[Row: 685] [Column: 2] [Expected: vzhukov] [Actual: slevin], 
[Row: 685] [Column: 3] [Expected: Slava Zhukov] [Actual: Sergey Levin], 
[Row: 686] [Column: 1] [Expected: 6,878] [Actual: 6,193], 
[Row: 686] [Column: 2] [Expected: byuan] [Actual: vzhukov], 
[Row: 686] [Column: 3] [Expected: Bo Yuan] [Actual: Slava Zhukov], 
[Row: 687] [Column: 1] [Expected: 6,973] [Actual: 6,878], 
[Row: 687] [Column: 2] [Expected: crolvung] [Actual: byuan], 
[Row: 687] [Column: 3] [Expected: Christian Rolvung] [Actual: Bo Yuan], 
[Row: 687] [Column: 5] [Expected: Sydney] [Actual: 51 Astor Place], 
[Row: 688] [Column: 1] [Expected: 7,423] [Actual: 6,973], 
[Row: 688] [Column: 2] [Expected: nlubchen] [Actual: crolvung], 
[Row: 688] [Column: 3] [Expected: Nazar Lubchenko] [Actual: Christian Rolvung], 
[Row: 688] [Column: 5] [Expected: 51 Astor Place] [Actual: Sydney], 
[Row: 689] [Column: 1] [Expected: 7,784] [Actual: 7,423], 
[Row: 689] [Column: 2] [Expected: ldeleo] [Actual: nlubchen], 
[Row: 689] [Column: 3] [Expected: Lorenzo De Leo] [Actual: Nazar Lubchenko], 
[Row: 689] [Column: 5] [Expected: France] [Actual: 51 Astor Place], 
[Row: 690] [Column: 1] [Expected: 7,821] [Actual: 7,784], 
[Row: 690] [Column: 2] [Expected: wreid] [Actual: ldeleo], 
[Row: 690] [Column: 3] [Expected: William Reid] [Actual: Lorenzo De Leo], 
[Row: 690] [Column: 5] [Expected: 10 NBS] [Actual: France], 
[Row: 691] [Column: 1] [Expected: 1,188] [Actual: 7,821], 
[Row: 691] [Column: 2] [Expected: mglennan] [Actual: wreid], 
[Row: 691] [Column: 3] [Expected: Mike Glennan] [Actual: William Reid], 
[Row: 691] [Column: 5] [Expected: 200 Elm] [Actual: 10 NBS], 
[Row: 691] [Column: 6] [Expected: isttvxSLlev] [Actual: isttvvolasd5], 
[Row: 692] [Column: 1] [Expected: 3] [Actual: 1,188], 
[Row: 692] [Column: 2] [Expected: stevee] [Actual: mglennan], 
[Row: 692] [Column: 3] [Expected: Steve Evans] [Actual: Mike Glennan], 
[Row: 693] [Column: 1] [Expected: 5,848] [Actual: 3], 
[Row: 693] [Column: 2] [Expected: owatson] [Actual: stevee], 
[Row: 693] [Column: 3] [Expected: Ollie Watson] [Actual: Steve Evans], 
[Row: 693] [Column: 5] [Expected: 10 NBS] [Actual: 200 Elm], 
[Row: 694] [Column: 1] [Expected: 5,867] [Actual: 5,848], 
[Row: 694] [Column: 2] [Expected: dgenkin] [Actual: owatson], 
[Row: 694] [Column: 3] [Expected: Dmitriy Genkin] [Actual: Ollie Watson], 
[Row: 694] [Column: 5] [Expected: 51 Astor Place] [Actual: 10 NBS], 
[Row: 695] [Column: 1] [Expected: 5,864] [Actual: 5,867], 
[Row: 695] [Column: 2] [Expected: cvoekler] [Actual: dgenkin], 
[Row: 695] [Column: 3] [Expected: Christopher Voekler] [Actual: Dmitriy Genkin], 
[Row: 696] [Column: 1] [Expected: 5,773] [Actual: 5,864], 
[Row: 696] [Column: 2] [Expected: slevin] [Actual: cvoekler], 
[Row: 696] [Column: 3] [Expected: Sergey Levin] [Actual: Christopher Voekler], 
[Row: 697] [Column: 1] [Expected: 5,897] [Actual: 5,773], 
[Row: 697] [Column: 2] [Expected: aodinaye] [Actual: slevin], 
[Row: 697] [Column: 3] [Expected: Alex Odinayev] [Actual: Sergey Levin], 
[Row: 698] [Column: 1] [Expected: 5,992] [Actual: 5,897], 
[Row: 698] [Column: 2] [Expected: wchapman] [Actual: aodinaye], 
[Row: 698] [Column: 3] [Expected: William Chapman] [Actual: Alex Odinayev], 
[Row: 698] [Column: 5] [Expected: 10 NBS] [Actual: 51 Astor Place], 
[Row: 699] [Column: 1] [Expected: 6,193] [Actual: 5,992], 
[Row: 699] [Column: 2] [Expected: vzhukov] [Actual: wchapman], 
[Row: 699] [Column: 3] [Expected: Slava Zhukov] [Actual: William Chapman], 
[Row: 699] [Column: 5] [Expected: 51 Astor Place] [Actual: 10 NBS], 
[Row: 700] [Column: 1] [Expected: 6,878] [Actual: 6,193], 
[Row: 700] [Column: 2] [Expected: byuan] [Actual: vzhukov], 
[Row: 700] [Column: 3] [Expected: Bo Yuan] [Actual: Slava Zhukov], 
[Row: 701] [Column: 1] [Expected: 6,973] [Actual: 6,878], 
[Row: 701] [Column: 2] [Expected: crolvung] [Actual: byuan], 
[Row: 701] [Column: 3] [Expected: Christian Rolvung] [Actual: Bo Yuan], 
[Row: 701] [Column: 5] [Expected: Sydney] [Actual: 51 Astor Place], 
[Row: 702] [Column: 1] [Expected: 7,095] [Actual: 6,973], 
[Row: 702] [Column: 2] [Expected: asamuel] [Actual: crolvung], 
[Row: 702] [Column: 3] [Expected: Alex Samuel] [Actual: Christian Rolvung], 
[Row: 702] [Column: 5] [Expected: 51 Astor Place] [Actual: Sydney], 
[Row: 703] [Column: 1] [Expected: 7,306] [Actual: 7,095], 
[Row: 703] [Column: 2] [Expected: wdorsey] [Actual: asamuel], 
[Row: 703] [Column: 3] [Expected: William Dorsey] [Actual: Alex Samuel], 
[Row: 703] [Column: 5] [Expected: 10 NBS] [Actual: 51 Astor Place], 
[Row: 704] [Column: 1] [Expected: 7,423] [Actual: 7,306], 
[Row: 704] [Column: 2] [Expected: nlubchen] [Actual: wdorsey], 
[Row: 704] [Column: 3] [Expected: Nazar Lubchenko] [Actual: William Dorsey], 
[Row: 704] [Column: 5] [Expected: 51 Astor Place] [Actual: 10 NBS], 
[Row: 705] [Column: 1] [Expected: 7,745] [Actual: 7,423], 
[Row: 705] [Column: 2] [Expected: jtereshc] [Actual: nlubchen], 
[Row: 705] [Column: 3] [Expected: Julie Tereshchenko] [Actual: Nazar Lubchenko], 
[Row: 706] [Column: 1] [Expected: 7,692] [Actual: 7,745], 
[Row: 706] [Column: 2] [Expected: oharrima] [Actual: jtereshc], 
[Row: 706] [Column: 3] [Expected: Oliver Harriman] [Actual: Julie Tereshchenko], 
[Row: 706] [Column: 5] [Expected: 10 NBS] [Actual: 51 Astor Place], 
[Row: 707] [Column: 1] [Expected: 1,188] [Actual: 7,692], 
[Row: 707] [Column: 2] [Expected: mglennan] [Actual: oharrima], 
[Row: 707] [Column: 3] [Expected: Mike Glennan] [Actual: Oliver Harriman], 
[Row: 707] [Column: 5] [Expected: 200 Elm] [Actual: 10 NBS], 
[Row: 707] [Column: 6] [Expected: isttvxcdsdlev] [Actual: isttvxSLlev], 
[Row: 708] [Column: 1] [Expected: 3] [Actual: 1,188], 
[Row: 708] [Column: 2] [Expected: stevee] [Actual: mglennan], 
[Row: 708] [Column: 3] [Expected: Steve Evans] [Actual: Mike Glennan], 
[Row: 709] [Column: 1] [Expected: 5,848] [Actual: 3], 
[Row: 709] [Column: 2] [Expected: owatson] [Actual: stevee], 
[Row: 709] [Column: 3] [Expected: Ollie Watson] [Actual: Steve Evans], 
[Row: 709] [Column: 5] [Expected: 10 NBS] [Actual: 200 Elm], 
[Row: 710] [Column: 1] [Expected: 5,773] [Actual: 5,848], 
[Row: 710] [Column: 2] [Expected: slevin] [Actual: owatson], 
[Row: 710] [Column: 3] [Expected: Sergey Levin] [Actual: Ollie Watson], 
[Row: 710] [Column: 5] [Expected: 51 Astor Place] [Actual: 10 NBS], 
[Row: 711] [Column: 1] [Expected: 7,095] [Actual: 5,773], 
[Row: 711] [Column: 2] [Expected: asamuel] [Actual: slevin], 
[Row: 711] [Column: 3] [Expected: Alex Samuel] [Actual: Sergey Levin], 
[Row: 712] [Column: 1] [Expected: 7,253] [Actual: 7,095], 
[Row: 712] [Column: 2] [Expected: acherner] [Actual: asamuel], 
[Row: 712] [Column: 3] [Expected: Alex Cherner] [Actual: Alex Samuel], 
[Row: 713] [Column: 1] [Expected: 7,594] [Actual: 7,253], 
[Row: 713] [Column: 2] [Expected: vpaskhav] [Actual: acherner], 
[Row: 713] [Column: 3] [Expected: Victor Paskhaver] [Actual: Alex Cherner], 
[Row: 714] [Column: 1] [Expected: 7,674] [Actual: 7,594], 
[Row: 714] [Column: 2] [Expected: cchin] [Actual: vpaskhav], 
[Row: 714] [Column: 3] [Expected: Chris Chin] [Actual: Victor Paskhaver], 
[Row: 715] [Column: 1] [Expected: 1,188] [Actual: 7,674], 
[Row: 715] [Column: 2] [Expected: mglennan] [Actual: cchin], 
[Row: 715] [Column: 3] [Expected: Mike Glennan] [Actual: Chris Chin], 
[Row: 715] [Column: 5] [Expected: 200 Elm] [Actual: 51 Astor Place], 
[Row: 715] [Column: 6] [Expected: isttvxmass1dlev] [Actual: isttvxcdsdlev], 
[Row: 716] [Column: 1] [Expected: 3] [Actual: 1,188], 
[Row: 716] [Column: 2] [Expected: stevee] [Actual: mglennan], 
[Row: 716] [Column: 3] [Expected: Steve Evans] [Actual: Mike Glennan], 
[Row: 717] [Column: 1] [Expected: 5,545] [Actual: 3], 
[Row: 717] [Column: 2] [Expected: twynter] [Actual: stevee], 
[Row: 717] [Column: 3] [Expected: Tom Wynter] [Actual: Steve Evans], 
[Row: 717] [Column: 6] [Expected: isttvxtwdlev] [Actual: isttvxmass1dlev], 
[Row: 718] [Column: 1] [Expected: 6,924] [Actual: 5,545], 
[Row: 718] [Column: 2] [Expected: fye] [Actual: twynter], 
[Row: 718] [Column: 3] [Expected: Fei Ye] [Actual: Tom Wynter], 
[Row: 719] [Column: 1] [Expected: 6,894] [Actual: 6,924], 
[Row: 719] [Column: 2] [Expected: rtoghrae] [Actual: fye], 
[Row: 719] [Column: 3] [Expected: Reza Toghraee] [Actual: Fei Ye], 
[Row: 720] [Column: 1] [Expected: 7,830] [Actual: 6,894], 
[Row: 720] [Column: 2] [Expected: jcasbon] [Actual: rtoghrae], 
[Row: 720] [Column: 3] [Expected: James Casbon] [Actual: Reza Toghraee], 
[Row: 720] [Column: 5] [Expected: 10 NBS] [Actual: 200 Elm], 
[Row: 721] [Column: 1] [Expected: 7,787] [Actual: 7,830], 
[Row: 721] [Column: 2] [Expected: lberkowi] [Actual: jcasbon], 
[Row: 721] [Column: 3] [Expected: Lee Berkowitz] [Actual: James Casbon], 
[Row: 721] [Column: 4] [Expected: Global Macro Trading] [Actual: Systems Trading], 
[Row: 721] [Column: 5] [Expected: 200 Elm] [Actual: 10 NBS], 
[Row: 721] [Column: 6] [Expected: lberkowi] [Actual: isttvxtwdlev], 
[Row: 722] [Column: 1] [Expected: 7,791] [Actual: 7,787], 
[Row: 722] [Column: 2] [Expected: kcheluka] [Actual: lberkowi], 
[Row: 722] [Column: 3] [Expected: Keerthi Cheluka] [Actual: Lee Berkowitz], 
[Row: 723] [Column: 1] [Expected: 7,862] [Actual: 7,791], 
[Row: 723] [Column: 2] [Expected: morsley] [Actual: kcheluka], 
[Row: 723] [Column: 3] [Expected: Mark Orsley] [Actual: Keerthi Cheluka], 
[Row: 724] [Column: 1] [Expected: 1,188] [Actual: 7,862], 
[Row: 724] [Column: 2] [Expected: mglennan] [Actual: morsley], 
[Row: 724] [Column: 3] [Expected: Mike Glennan] [Actual: Mark Orsley], 
[Row: 724] [Column: 4] [Expected: Systems Trading] [Actual: Global Macro Trading], 
[Row: 724] [Column: 6] [Expected: lttech] [Actual: lberkowi], 
[Row: 725] [Column: 1] [Expected: 5,047] [Actual: 1,188], 
[Row: 725] [Column: 2] [Expected: kniedfel] [Actual: mglennan], 
[Row: 725] [Column: 3] [Expected: Keith Niedfeldt] [Actual: Mike Glennan], 
[Row: 725] [Column: 4] [Expected: Global Macro Trading] [Actual: Systems Trading], 
[Row: 725] [Column: 5] [Expected: 51 Astor Place] [Actual: 200 Elm], 
[Row: 726] [Column: 1] [Expected: 629] [Actual: 5,047], 
[Row: 726] [Column: 2] [Expected: uhoffman] [Actual: kniedfel], 
[Row: 726] [Column: 3] [Expected: Ulrike Hoffmann-Burchardi] [Actual: Keith Niedfeldt], 
[Row: 727] [Column: 1] [Expected: 4,229] [Actual: 629], 
[Row: 727] [Column: 2] [Expected: okieran] [Actual: uhoffman], 
[Row: 727] [Column: 3] [Expected: Kieran O'Donnell] [Actual: Ulrike Hoffmann-Burchardi], 
[Row: 728] [Column: 1] [Expected: 7,002] [Actual: 4,229], 
[Row: 728] [Column: 2] [Expected: slee] [Actual: okieran], 
[Row: 728] [Column: 3] [Expected: Sunyan Lee] [Actual: Kieran O'Donnell], 
[Row: 729] [Column: 1] [Expected: 7,852] [Actual: 7,002], 
[Row: 729] [Column: 2] [Expected: drainvil] [Actual: slee], 
[Row: 729] [Column: 3] [Expected: David Rainville] [Actual: Sunyan Lee], 
[Row: 730] [Column: 1] [Expected: 5,396] [Actual: 7,852], 
[Row: 730] [Column: 2] [Expected: mmalbasi] [Actual: drainvil], 
[Row: 730] [Column: 3] [Expected: Mihail Malbasic] [Actual: David Rainville], 
[Row: 730] [Column: 5] [Expected: 10 NBS] [Actual: 51 Astor Place], 
[Row: 730] [Column: 6] [Expected: mmalbasi] [Actual: lttech], 
[Row: 731] [Column: 1] [Expected: 5,841] [Actual: 5,396], 
[Row: 731] [Column: 2] [Expected: mbilotti] [Actual: mmalbasi], 
[Row: 731] [Column: 3] [Expected: Michael Bilotti (Rebar)] [Actual: Mihail Malbasic], 
[Row: 731] [Column: 4] [Expected: IT Vendor Services] [Actual: Global Macro Trading], 
[Row: 731] [Column: 5] [Expected: Offsite - US Office] [Actual: 10 NBS], 
[Row: 732] [Column: 1] [Expected: 7,685] [Actual: 5,841], 
[Row: 732] [Column: 2] [Expected: dmilijan] [Actual: mbilotti], 
[Row: 732] [Column: 3] [Expected: Dusan Milijancevic] [Actual: Michael Bilotti (Rebar)], 
[Row: 732] [Column: 4] [Expected: Global Macro Trading] [Actual: IT Vendor Services], 
[Row: 732] [Column: 5] [Expected: 10 NBS] [Actual: Offsite - US Office], 
[Row: 733] [Column: 1] [Expected: 6,330] [Actual: 7,685], 
[Row: 733] [Column: 2] [Expected: nbhuta] [Actual: dmilijan], 
[Row: 733] [Column: 3] [Expected: Nick Bhuta] [Actual: Dusan Milijancevic], 
[Row: 733] [Column: 5] [Expected: 51 Astor Place] [Actual: 10 NBS], 
[Row: 733] [Column: 6] [Expected: nbhuta] [Actual: mmalbasi], 
[Row: 734] [Column: 1] [Expected: 7,430] [Actual: 6,330], 
[Row: 734] [Column: 2] [Expected: tstoffer] [Actual: nbhuta], 
[Row: 734] [Column: 3] [Expected: Tyler Stoffers] [Actual: Nick Bhuta], 
[Row: 735] [Column: 1] [Expected: 7,417] [Actual: 7,430], 
[Row: 735] [Column: 2] [Expected: dprakape] [Actual: tstoffer], 
[Row: 735] [Column: 3] [Expected: Dzmitry Prakapenka] [Actual: Tyler Stoffers], 
[Row: 736] [Column: 1] [Expected: 7,718] [Actual: 7,417], 
[Row: 736] [Column: 2] [Expected: fschoens] [Actual: dprakape], 
[Row: 736] [Column: 3] [Expected: Fred Schoenstein] [Actual: Dzmitry Prakapenka], 
[Row: 737] [Column: 1] [Expected: 7,766] [Actual: 7,718], 
[Row: 737] [Column: 2] [Expected: seans] [Actual: fschoens], 
[Row: 737] [Column: 3] [Expected: Sean Sullivan] [Actual: Fred Schoenstein], 
[Row: 738] [Column: 1] [Expected: 7,537] [Actual: 7,766], 
[Row: 738] [Column: 2] [Expected: qkhan] [Actual: seans], 
[Row: 738] [Column: 3] [Expected: Qasim Khan] [Actual: Sean Sullivan], 
[Row: 739] [Column: 1] [Expected: 7,610] [Actual: 7,537], 
[Row: 739] [Column: 2] [Expected: nsharma] [Actual: qkhan], 
[Row: 739] [Column: 3] [Expected: Nikhil Sharma] [Actual: Qasim Khan], 
[Row: 739] [Column: 6] [Expected: nsharma] [Actual: nbhuta], 
[Row: 740] [Column: 1] [Expected: 7,709] [Actual: 7,610], 
[Row: 740] [Column: 2] [Expected: ohawkins] [Actual: nsharma], 
[Row: 740] [Column: 3] [Expected: Ollie Hawkins] [Actual: Nikhil Sharma], 
[Row: 740] [Column: 5] [Expected: 10 NBS] [Actual: 51 Astor Place], 
[Row: 740] [Column: 6] [Expected: ohawkins] [Actual: nsharma], 
[Row: 741] [Column: 1] [Expected: 7,712] [Actual: 7,709], 
[Row: 741] [Column: 2] [Expected: carmitag] [Actual: ohawkins], 
[Row: 741] [Column: 3] [Expected: Charmaine Armitage-Caplan] [Actual: Ollie Hawkins], 
[Row: 742] [Column: 1] [Expected: 207] [Actual: 7,712], 
[Row: 742] [Column: 2] [Expected: albertoa] [Actual: carmitag], 
[Row: 742] [Column: 3] [Expected: Alberto Antonini] [Actual: Charmaine Armitage-Caplan], 
[Row: 742] [Column: 4] [Expected: Flow of Funds] [Actual: Global Macro Trading], 
[Row: 742] [Column: 5] [Expected: 51 Astor Place] [Actual: 10 NBS], 
[Row: 742] [Column: 6] [Expected: paul] [Actual: ohawkins], 
[Row: 743] [Column: 1] [Expected: 4,681] [Actual: 207], 
[Row: 743] [Column: 2] [Expected: kcheong] [Actual: albertoa], 
[Row: 743] [Column: 3] [Expected: Kenneth Cheong] [Actual: Alberto Antonini], 
[Row: 744] [Column: 1] [Expected: 987] [Actual: 4,681], 
[Row: 744] [Column: 2] [Expected: cdodman] [Actual: kcheong], 
[Row: 744] [Column: 3] [Expected: Colleen Dodman] [Actual: Kenneth Cheong], 
[Row: 744] [Column: 4] [Expected: PTJ Personal] [Actual: Flow of Funds], 
[Row: 744] [Column: 5] [Expected: Greenwich American Center] [Actual: 51 Astor Place], 
[Row: 745] [Column: 1] [Expected: 324] [Actual: 987], 
[Row: 745] [Column: 2] [Expected: jscranton] [Actual: cdodman], 
[Row: 745] [Column: 3] [Expected: John Scranton] [Actual: Colleen Dodman], 
[Row: 745] [Column: 4] [Expected: Market Strategy] [Actual: PTJ Personal], 
[Row: 745] [Column: 5] [Expected: 200 Elm] [Actual: Greenwich American Center], 
[Row: 746] [Column: 1] [Expected: 6,030] [Actual: 324], 
[Row: 746] [Column: 2] [Expected: spearson] [Actual: jscranton], 
[Row: 746] [Column: 3] [Expected: Steven Pearson] [Actual: John Scranton], 
[Row: 746] [Column: 4] [Expected: Flow of Funds] [Actual: Market Strategy], 
[Row: 746] [Column: 5] [Expected: 51 Astor Place] [Actual: 200 Elm], 
[Row: 747] [Column: 1] [Expected: 6,057] [Actual: 6,030], 
[Row: 747] [Column: 2] [Expected: clim] [Actual: spearson], 
[Row: 747] [Column: 3] [Expected: Curtis Lim] [Actual: Steven Pearson], 
[Row: 748] [Column: 1] [Expected: 7,758] [Actual: 6,057], 
[Row: 748] [Column: 2] [Expected: carolz] [Actual: clim], 
[Row: 748] [Column: 3] [Expected: Carol Zhang] [Actual: Curtis Lim], 
[Row: 749] [Column: 1] [Expected: 7,737] [Actual: 7,758], 
[Row: 749] [Column: 2] [Expected: dzhou] [Actual: carolz], 
[Row: 749] [Column: 3] [Expected: Daniel Zhou] [Actual: Carol Zhang], 
[Row: 750] [Column: 1] [Expected: 7,020] [Actual: 7,737], 
[Row: 750] [Column: 2] [Expected: jzhu] [Actual: dzhou], 
[Row: 750] [Column: 3] [Expected: Jessica Zhu] [Actual: Daniel Zhou], 
[Row: 751] [Column: 1] [Expected: 324] [Actual: 7,020], 
[Row: 751] [Column: 2] [Expected: jscranton] [Actual: jzhu], 
[Row: 751] [Column: 3] [Expected: John Scranton] [Actual: Jessica Zhu], 
[Row: 751] [Column: 4] [Expected: Market Strategy] [Actual: Flow of Funds], 
[Row: 751] [Column: 5] [Expected: 200 Elm] [Actual: 51 Astor Place], 
[Row: 751] [Column: 6] [Expected: paulinfl] [Actual: paul], 
[Row: 752] [Column: 6] [Expected: pauljwoffset] [Actual: paulinfl], 
[Row: 753] [Column: 6] [Expected: pauljwsyn] [Actual: pauljwoffset], 
[Row: 754] [Column: 1] [Expected: 207] [Actual: 324], 
[Row: 754] [Column: 2] [Expected: albertoa] [Actual: jscranton], 
[Row: 754] [Column: 3] [Expected: Alberto Antonini] [Actual: John Scranton], 
[Row: 754] [Column: 4] [Expected: Flow of Funds] [Actual: Market Strategy], 
[Row: 754] [Column: 5] [Expected: 51 Astor Place] [Actual: 200 Elm], 
[Row: 754] [Column: 6] [Expected: paullev] [Actual: pauljwsyn], 
[Row: 755] [Column: 1] [Expected: 4,681] [Actual: 207], 
[Row: 755] [Column: 2] [Expected: kcheong] [Actual: albertoa], 
[Row: 755] [Column: 3] [Expected: Kenneth Cheong] [Actual: Alberto Antonini], 
[Row: 756] [Column: 1] [Expected: 987] [Actual: 4,681], 
[Row: 756] [Column: 2] [Expected: cdodman] [Actual: kcheong], 
[Row: 756] [Column: 3] [Expected: Colleen Dodman] [Actual: Kenneth Cheong], 
[Row: 756] [Column: 4] [Expected: PTJ Personal] [Actual: Flow of Funds], 
[Row: 756] [Column: 5] [Expected: Greenwich American Center] [Actual: 51 Astor Place], 
[Row: 757] [Column: 1] [Expected: 324] [Actual: 987], 
[Row: 757] [Column: 2] [Expected: jscranton] [Actual: cdodman], 
[Row: 757] [Column: 3] [Expected: John Scranton] [Actual: Colleen Dodman], 
[Row: 757] [Column: 4] [Expected: Market Strategy] [Actual: PTJ Personal], 
[Row: 757] [Column: 5] [Expected: 200 Elm] [Actual: Greenwich American Center], 
[Row: 758] [Column: 1] [Expected: 7,758] [Actual: 324], 
[Row: 758] [Column: 2] [Expected: carolz] [Actual: jscranton], 
[Row: 758] [Column: 3] [Expected: Carol Zhang] [Actual: John Scranton], 
[Row: 758] [Column: 4] [Expected: Flow of Funds] [Actual: Market Strategy], 
[Row: 758] [Column: 5] [Expected: 51 Astor Place] [Actual: 200 Elm], 
[Row: 759] [Column: 1] [Expected: 5,186] [Actual: 7,758], 
[Row: 759] [Column: 2] [Expected: jgerstei] [Actual: carolz], 
[Row: 759] [Column: 3] [Expected: Jason Gerstein] [Actual: Carol Zhang], 
[Row: 759] [Column: 4] [Expected: Quant Initiatives] [Actual: Flow of Funds], 
[Row: 759] [Column: 6] [Expected: qistmajg1] [Actual: paullev], 
[Row: 760] [Column: 1] [Expected: 7,159] [Actual: 5,186], 
[Row: 760] [Column: 2] [Expected: vdobru] [Actual: jgerstei], 
[Row: 760] [Column: 3] [Expected: Vlad Dobru] [Actual: Jason Gerstein], 
[Row: 761] [Column: 1] [Expected: 7,074] [Actual: 7,159], 
[Row: 761] [Column: 2] [Expected: pchan] [Actual: vdobru], 
[Row: 761] [Column: 3] [Expected: Patrick Chan] [Actual: Vlad Dobru], 
[Row: 761] [Column: 5] [Expected: Singapore] [Actual: 51 Astor Place], 
[Row: 762] [Column: 1] [Expected: 7,846] [Actual: 7,074], 
[Row: 762] [Column: 2] [Expected: ychia] [Actual: pchan], 
[Row: 762] [Column: 3] [Expected: Yeow Khiang Chia] [Actual: Patrick Chan], 
[Row: 763] [Column: 1] [Expected: 5,186] [Actual: 7,846], 
[Row: 763] [Column: 2] [Expected: jgerstei] [Actual: ychia], 
[Row: 763] [Column: 3] [Expected: Jason Gerstein] [Actual: Yeow Khiang Chia], 
[Row: 763] [Column: 5] [Expected: 51 Astor Place] [Actual: Singapore], 
[Row: 763] [Column: 6] [Expected: qistmajg1hedge] [Actual: qistmajg1], 
[Row: 764] [Column: 1] [Expected: 7,159] [Actual: 5,186], 
[Row: 764] [Column: 2] [Expected: vdobru] [Actual: jgerstei], 
[Row: 764] [Column: 3] [Expected: Vlad Dobru] [Actual: Jason Gerstein], 
[Row: 765] [Column: 1] [Expected: 7,074] [Actual: 7,159], 
[Row: 765] [Column: 2] [Expected: pchan] [Actual: vdobru], 
[Row: 765] [Column: 3] [Expected: Patrick Chan] [Actual: Vlad Dobru], 
[Row: 765] [Column: 5] [Expected: Singapore] [Actual: 51 Astor Place], 
[Row: 766] [Column: 1] [Expected: 7,846] [Actual: 7,074], 
[Row: 766] [Column: 2] [Expected: ychia] [Actual: pchan], 
[Row: 766] [Column: 3] [Expected: Yeow Khiang Chia] [Actual: Patrick Chan], 
[Row: 767] [Column: 1] [Expected: 5,186] [Actual: 7,846], 
[Row: 767] [Column: 2] [Expected: jgerstei] [Actual: ychia], 
[Row: 767] [Column: 3] [Expected: Jason Gerstein] [Actual: Yeow Khiang Chia], 
[Row: 767] [Column: 5] [Expected: 51 Astor Place] [Actual: Singapore], 
[Row: 767] [Column: 6] [Expected: qistmajg1lev] [Actual: qistmajg1hedge], 
[Row: 768] [Column: 1] [Expected: 7,159] [Actual: 5,186], 
[Row: 768] [Column: 2] [Expected: vdobru] [Actual: jgerstei], 
[Row: 768] [Column: 3] [Expected: Vlad Dobru] [Actual: Jason Gerstein], 
[Row: 769] [Column: 1] [Expected: 7,074] [Actual: 7,159], 
[Row: 769] [Column: 2] [Expected: pchan] [Actual: vdobru], 
[Row: 769] [Column: 3] [Expected: Patrick Chan] [Actual: Vlad Dobru], 
[Row: 769] [Column: 5] [Expected: Singapore] [Actual: 51 Astor Place], 
[Row: 770] [Column: 1] [Expected: 7,846] [Actual: 7,074], 
[Row: 770] [Column: 2] [Expected: ychia] [Actual: pchan], 
[Row: 770] [Column: 3] [Expected: Yeow Khiang Chia] [Actual: Patrick Chan], 
[Row: 771] [Column: 1] [Expected: 4,478] [Actual: 7,846], 
[Row: 771] [Column: 2] [Expected: afox] [Actual: ychia], 
[Row: 771] [Column: 3] [Expected: Ashley Fox] [Actual: Yeow Khiang Chia], 
[Row: 771] [Column: 4] [Expected: Global Macro Trading] [Actual: Quant Initiatives], 
[Row: 771] [Column: 5] [Expected: 10 NBS] [Actual: Singapore], 
[Row: 771] [Column: 6] [Expected: rjackson] [Actual: qistmajg1lev], 
[Row: 772] [Column: 1] [Expected: 1,101] [Actual: 4,478], 
[Row: 772] [Column: 2] [Expected: rjackson] [Actual: afox], 
[Row: 772] [Column: 3] [Expected: Richard Jackson] [Actual: Ashley Fox], 
[Row: 773] [Column: 1] [Expected: 7,507] [Actual: 1,101], 
[Row: 773] [Column: 2] [Expected: joeg] [Actual: rjackson], 
[Row: 773] [Column: 3] [Expected: Joe Goodman] [Actual: Richard Jackson], 
[Row: 774] [Column: 1] [Expected: 7,789] [Actual: 7,507], 
[Row: 774] [Column: 2] [Expected: sschuste] [Actual: joeg], 
[Row: 774] [Column: 3] [Expected: Stuart Schuster] [Actual: Joe Goodman], 
[Row: 774] [Column: 5] [Expected: Offsite - US Office] [Actual: 10 NBS], 
[Row: 774] [Column: 6] [Expected: sschuste] [Actual: rjackson], 
[Row: 775] [Column: 1] [Expected: 7,858] [Actual: 7,789], 
[Row: 775] [Column: 2] [Expected: cwong] [Actual: sschuste], 
[Row: 775] [Column: 3] [Expected: Chee Mun Wong] [Actual: Stuart Schuster], 
[Row: 775] [Column: 5] [Expected: Singapore] [Actual: Offsite - US Office], 
[Row: 776] [Column: 1] [Expected: 131] [Actual: 7,858], 
[Row: 776] [Column: 2] [Expected: dcook] [Actual: cwong], 
[Row: 776] [Column: 3] [Expected: Daryl Cook] [Actual: Chee Mun Wong], 
[Row: 776] [Column: 4] [Expected: Systems Trading] [Actual: Global Macro Trading], 
[Row: 776] [Column: 5] [Expected: 10 NBS] [Actual: Singapore], 
[Row: 776] [Column: 6] [Expected: synfundma] [Actual: sschuste], 
[Row: 777] [Column: 1] [Expected: 3] [Actual: 131], 
[Row: 777] [Column: 2] [Expected: stevee] [Actual: dcook], 
[Row: 777] [Column: 3] [Expected: Steve Evans] [Actual: Daryl Cook], 
[Row: 777] [Column: 5] [Expected: 200 Elm] [Actual: 10 NBS], 
[Row: 778] [Column: 1] [Expected: 5,032] [Actual: 3], 
[Row: 778] [Column: 2] [Expected: abelinky] [Actual: stevee], 
[Row: 778] [Column: 3] [Expected: Alejandro Belinky] [Actual: Steve Evans], 
[Row: 778] [Column: 4] [Expected: Global Macro Trading] [Actual: Systems Trading], 
[Row: 779] [Column: 1] [Expected: 131] [Actual: 5,032], 
[Row: 779] [Column: 2] [Expected: dcook] [Actual: abelinky], 
[Row: 779] [Column: 3] [Expected: Daryl Cook] [Actual: Alejandro Belinky], 
[Row: 779] [Column: 4] [Expected: Systems Trading] [Actual: Global Macro Trading], 
[Row: 779] [Column: 5] [Expected: 10 NBS] [Actual: 200 Elm], 
[Row: 779] [Column: 6] [Expected: sysallab1] [Actual: synfundma], 
[Row: 780] [Column: 1] [Expected: 1,188] [Actual: 131], 
[Row: 780] [Column: 2] [Expected: mglennan] [Actual: dcook], 
[Row: 780] [Column: 3] [Expected: Mike Glennan] [Actual: Daryl Cook], 
[Row: 780] [Column: 5] [Expected: 200 Elm] [Actual: 10 NBS], 
[Row: 781] [Column: 1] [Expected: 3] [Actual: 1,188], 
[Row: 781] [Column: 2] [Expected: stevee] [Actual: mglennan], 
[Row: 781] [Column: 3] [Expected: Steve Evans] [Actual: Mike Glennan], 
[Row: 782] [Column: 1] [Expected: 5,032] [Actual: 3], 
[Row: 782] [Column: 2] [Expected: abelinky] [Actual: stevee], 
[Row: 782] [Column: 3] [Expected: Alejandro Belinky] [Actual: Steve Evans], 
[Row: 782] [Column: 4] [Expected: Global Macro Trading] [Actual: Systems Trading], 
[Row: 783] [Column: 1] [Expected: 6,799] [Actual: 5,032], 
[Row: 783] [Column: 2] [Expected: dyu] [Actual: abelinky], 
[Row: 783] [Column: 3] [Expected: Danny Yu] [Actual: Alejandro Belinky], 
[Row: 783] [Column: 5] [Expected: 51 Astor Place] [Actual: 200 Elm], 
[Row: 784] [Column: 1] [Expected: 1,188] [Actual: 6,799], 
[Row: 784] [Column: 2] [Expected: mglennan] [Actual: dyu], 
[Row: 784] [Column: 3] [Expected: Mike Glennan] [Actual: Danny Yu], 
[Row: 784] [Column: 4] [Expected: Systems Trading] [Actual: Global Macro Trading], 
[Row: 784] [Column: 5] [Expected: 200 Elm] [Actual: 51 Astor Place], 
[Row: 784] [Column: 6] [Expected: syseqased1] [Actual: sysallab1], 
[Row: 785] [Column: 1] [Expected: 5,047] [Actual: 1,188], 
[Row: 785] [Column: 2] [Expected: kniedfel] [Actual: mglennan], 
[Row: 785] [Column: 3] [Expected: Keith Niedfeldt] [Actual: Mike Glennan], 
[Row: 785] [Column: 4] [Expected: Global Macro Trading] [Actual: Systems Trading], 
[Row: 785] [Column: 5] [Expected: 51 Astor Place] [Actual: 200 Elm], 
[Row: 786] [Column: 1] [Expected: 629] [Actual: 5,047], 
[Row: 786] [Column: 2] [Expected: uhoffman] [Actual: kniedfel], 
[Row: 786] [Column: 3] [Expected: Ulrike Hoffmann-Burchardi] [Actual: Keith Niedfeldt], 
[Row: 787] [Column: 1] [Expected: 4,229] [Actual: 629], 
[Row: 787] [Column: 2] [Expected: okieran] [Actual: uhoffman], 
[Row: 787] [Column: 3] [Expected: Kieran O'Donnell] [Actual: Ulrike Hoffmann-Burchardi], 
[Row: 788] [Column: 1] [Expected: 7,002] [Actual: 4,229], 
[Row: 788] [Column: 2] [Expected: slee] [Actual: okieran], 
[Row: 788] [Column: 3] [Expected: Sunyan Lee] [Actual: Kieran O'Donnell], 
[Row: 789] [Column: 1] [Expected: 7,852] [Actual: 7,002], 
[Row: 789] [Column: 2] [Expected: drainvil] [Actual: slee], 
[Row: 789] [Column: 3] [Expected: David Rainville] [Actual: Sunyan Lee], 
[Row: 790] [Column: 1] [Expected: 1,188] [Actual: 7,852], 
[Row: 790] [Column: 2] [Expected: mglennan] [Actual: drainvil], 
[Row: 790] [Column: 3] [Expected: Mike Glennan] [Actual: David Rainville], 
[Row: 790] [Column: 4] [Expected: Systems Trading] [Actual: Global Macro Trading], 
[Row: 790] [Column: 5] [Expected: 200 Elm] [Actual: 51 Astor Place], 
[Row: 790] [Column: 6] [Expected: syseqeued1] [Actual: syseqased1], 
[Row: 791] [Column: 1] [Expected: 5,047] [Actual: 1,188], 
[Row: 791] [Column: 2] [Expected: kniedfel] [Actual: mglennan], 
[Row: 791] [Column: 3] [Expected: Keith Niedfeldt] [Actual: Mike Glennan], 
[Row: 791] [Column: 4] [Expected: Global Macro Trading] [Actual: Systems Trading], 
[Row: 791] [Column: 5] [Expected: 51 Astor Place] [Actual: 200 Elm], 
[Row: 792] [Column: 1] [Expected: 629] [Actual: 5,047], 
[Row: 792] [Column: 2] [Expected: uhoffman] [Actual: kniedfel], 
[Row: 792] [Column: 3] [Expected: Ulrike Hoffmann-Burchardi] [Actual: Keith Niedfeldt], 
[Row: 793] [Column: 1] [Expected: 4,229] [Actual: 629], 
[Row: 793] [Column: 2] [Expected: okieran] [Actual: uhoffman], 
[Row: 793] [Column: 3] [Expected: Kieran O'Donnell] [Actual: Ulrike Hoffmann-Burchardi], 
[Row: 794] [Column: 1] [Expected: 7,002] [Actual: 4,229], 
[Row: 794] [Column: 2] [Expected: slee] [Actual: okieran], 
[Row: 794] [Column: 3] [Expected: Sunyan Lee] [Actual: Kieran O'Donnell], 
[Row: 795] [Column: 1] [Expected: 7,852] [Actual: 7,002], 
[Row: 795] [Column: 2] [Expected: drainvil] [Actual: slee], 
[Row: 795] [Column: 3] [Expected: David Rainville] [Actual: Sunyan Lee], 
[Row: 796] [Column: 1] [Expected: 1,188] [Actual: 7,852], 
[Row: 796] [Column: 2] [Expected: mglennan] [Actual: drainvil], 
[Row: 796] [Column: 3] [Expected: Mike Glennan] [Actual: David Rainville], 
[Row: 796] [Column: 4] [Expected: Systems Trading] [Actual: Global Macro Trading], 
[Row: 796] [Column: 5] [Expected: 200 Elm] [Actual: 51 Astor Place], 
[Row: 796] [Column: 6] [Expected: syseqused1] [Actual: syseqeued1], 
[Row: 797] [Column: 1] [Expected: 5,047] [Actual: 1,188], 
[Row: 797] [Column: 2] [Expected: kniedfel] [Actual: mglennan], 
[Row: 797] [Column: 3] [Expected: Keith Niedfeldt] [Actual: Mike Glennan], 
[Row: 797] [Column: 4] [Expected: Global Macro Trading] [Actual: Systems Trading], 
[Row: 797] [Column: 5] [Expected: 51 Astor Place] [Actual: 200 Elm], 
[Row: 798] [Column: 1] [Expected: 629] [Actual: 5,047], 
[Row: 798] [Column: 2] [Expected: uhoffman] [Actual: kniedfel], 
[Row: 798] [Column: 3] [Expected: Ulrike Hoffmann-Burchardi] [Actual: Keith Niedfeldt], 
[Row: 799] [Column: 1] [Expected: 4,229] [Actual: 629], 
[Row: 799] [Column: 2] [Expected: okieran] [Actual: uhoffman], 
[Row: 799] [Column: 3] [Expected: Kieran O'Donnell] [Actual: Ulrike Hoffmann-Burchardi], 
[Row: 800] [Column: 1] [Expected: 7,002] [Actual: 4,229], 
[Row: 800] [Column: 2] [Expected: slee] [Actual: okieran], 
[Row: 800] [Column: 3] [Expected: Sunyan Lee] [Actual: Kieran O'Donnell], 
[Row: 801] [Column: 1] [Expected: 7,852] [Actual: 7,002], 
[Row: 801] [Column: 2] [Expected: drainvil] [Actual: slee], 
[Row: 801] [Column: 3] [Expected: David Rainville] [Actual: Sunyan Lee], 
[Row: 802] [Column: 1] [Expected: 131] [Actual: 7,852], 
[Row: 802] [Column: 2] [Expected: dcook] [Actual: drainvil], 
[Row: 802] [Column: 3] [Expected: Daryl Cook] [Actual: David Rainville], 
[Row: 802] [Column: 4] [Expected: Systems Trading] [Actual: Global Macro Trading], 
[Row: 802] [Column: 5] [Expected: 10 NBS] [Actual: 51 Astor Place], 
[Row: 802] [Column: 6] [Expected: sysfiab1] [Actual: syseqused1], 
[Row: 803] [Column: 1] [Expected: 1,188] [Actual: 131], 
[Row: 803] [Column: 2] [Expected: mglennan] [Actual: dcook], 
[Row: 803] [Column: 3] [Expected: Mike Glennan] [Actual: Daryl Cook], 
[Row: 803] [Column: 5] [Expected: 200 Elm] [Actual: 10 NBS], 
[Row: 804] [Column: 1] [Expected: 3] [Actual: 1,188], 
[Row: 804] [Column: 2] [Expected: stevee] [Actual: mglennan], 
[Row: 804] [Column: 3] [Expected: Steve Evans] [Actual: Mike Glennan], 
[Row: 805] [Column: 1] [Expected: 5,032] [Actual: 3], 
[Row: 805] [Column: 2] [Expected: abelinky] [Actual: stevee], 
[Row: 805] [Column: 3] [Expected: Alejandro Belinky] [Actual: Steve Evans], 
[Row: 805] [Column: 4] [Expected: Global Macro Trading] [Actual: Systems Trading], 
[Row: 806] [Column: 1] [Expected: 6,799] [Actual: 5,032], 
[Row: 806] [Column: 2] [Expected: dyu] [Actual: abelinky], 
[Row: 806] [Column: 3] [Expected: Danny Yu] [Actual: Alejandro Belinky], 
[Row: 806] [Column: 5] [Expected: 51 Astor Place] [Actual: 200 Elm], 
[Row: 807] [Column: 1] [Expected: 131] [Actual: 6,799], 
[Row: 807] [Column: 2] [Expected: dcook] [Actual: dyu], 
[Row: 807] [Column: 3] [Expected: Daryl Cook] [Actual: Danny Yu], 
[Row: 807] [Column: 4] [Expected: Systems Trading] [Actual: Global Macro Trading], 
[Row: 807] [Column: 5] [Expected: 10 NBS] [Actual: 51 Astor Place], 
[Row: 807] [Column: 6] [Expected: sysfiab2] [Actual: sysfiab1], 
[Row: 808] [Column: 1] [Expected: 1,188] [Actual: 131], 
[Row: 808] [Column: 2] [Expected: mglennan] [Actual: dcook], 
[Row: 808] [Column: 3] [Expected: Mike Glennan] [Actual: Daryl Cook], 
[Row: 808] [Column: 5] [Expected: 200 Elm] [Actual: 10 NBS], 
[Row: 809] [Column: 1] [Expected: 3] [Actual: 1,188], 
[Row: 809] [Column: 2] [Expected: stevee] [Actual: mglennan], 
[Row: 809] [Column: 3] [Expected: Steve Evans] [Actual: Mike Glennan], 
[Row: 810] [Column: 1] [Expected: 5,032] [Actual: 3], 
[Row: 810] [Column: 2] [Expected: abelinky] [Actual: stevee], 
[Row: 810] [Column: 3] [Expected: Alejandro Belinky] [Actual: Steve Evans], 
[Row: 810] [Column: 4] [Expected: Global Macro Trading] [Actual: Systems Trading], 
[Row: 811] [Column: 1] [Expected: 6,799] [Actual: 5,032], 
[Row: 811] [Column: 2] [Expected: dyu] [Actual: abelinky], 
[Row: 811] [Column: 3] [Expected: Danny Yu] [Actual: Alejandro Belinky], 
[Row: 811] [Column: 5] [Expected: 51 Astor Place] [Actual: 200 Elm], 
[Row: 812] [Column: 1] [Expected: 131] [Actual: 6,799], 
[Row: 812] [Column: 2] [Expected: dcook] [Actual: dyu], 
[Row: 812] [Column: 3] [Expected: Daryl Cook] [Actual: Danny Yu], 
[Row: 812] [Column: 4] [Expected: Systems Trading] [Actual: Global Macro Trading], 
[Row: 812] [Column: 5] [Expected: 10 NBS] [Actual: 51 Astor Place], 
[Row: 812] [Column: 6] [Expected: sysfiab2bvi] [Actual: sysfiab2], 
[Row: 813] [Column: 1] [Expected: 1,188] [Actual: 131], 
[Row: 813] [Column: 2] [Expected: mglennan] [Actual: dcook], 
[Row: 813] [Column: 3] [Expected: Mike Glennan] [Actual: Daryl Cook], 
[Row: 813] [Column: 5] [Expected: 200 Elm] [Actual: 10 NBS], 
[Row: 814] [Column: 1] [Expected: 3] [Actual: 1,188], 
[Row: 814] [Column: 2] [Expected: stevee] [Actual: mglennan], 
[Row: 814] [Column: 3] [Expected: Steve Evans] [Actual: Mike Glennan], 
[Row: 815] [Column: 1] [Expected: 5,032] [Actual: 3], 
[Row: 815] [Column: 2] [Expected: abelinky] [Actual: stevee], 
[Row: 815] [Column: 3] [Expected: Alejandro Belinky] [Actual: Steve Evans], 
[Row: 815] [Column: 4] [Expected: Global Macro Trading] [Actual: Systems Trading], 
[Row: 816] [Column: 1] [Expected: 6,799] [Actual: 5,032], 
[Row: 816] [Column: 2] [Expected: dyu] [Actual: abelinky], 
[Row: 816] [Column: 3] [Expected: Danny Yu] [Actual: Alejandro Belinky], 
[Row: 816] [Column: 5] [Expected: 51 Astor Place] [Actual: 200 Elm], 
[Row: 817] [Column: 1] [Expected: 131] [Actual: 6,799], 
[Row: 817] [Column: 2] [Expected: dcook] [Actual: dyu], 
[Row: 817] [Column: 3] [Expected: Daryl Cook] [Actual: Danny Yu], 
[Row: 817] [Column: 4] [Expected: Systems Trading] [Actual: Global Macro Trading], 
[Row: 817] [Column: 5] [Expected: 10 NBS] [Actual: 51 Astor Place], 
[Row: 817] [Column: 6] [Expected: sysfxaa1] [Actual: sysfiab2bvi], 
[Row: 818] [Column: 1] [Expected: 1,188] [Actual: 131], 
[Row: 818] [Column: 2] [Expected: mglennan] [Actual: dcook], 
[Row: 818] [Column: 3] [Expected: Mike Glennan] [Actual: Daryl Cook], 
[Row: 818] [Column: 5] [Expected: 200 Elm] [Actual: 10 NBS], 
[Row: 819] [Column: 1] [Expected: 3] [Actual: 1,188], 
[Row: 819] [Column: 2] [Expected: stevee] [Actual: mglennan], 
[Row: 819] [Column: 3] [Expected: Steve Evans] [Actual: Mike Glennan], 
[Row: 820] [Column: 1] [Expected: 5,032] [Actual: 3], 
[Row: 820] [Column: 2] [Expected: abelinky] [Actual: stevee], 
[Row: 820] [Column: 3] [Expected: Alejandro Belinky] [Actual: Steve Evans], 
[Row: 820] [Column: 4] [Expected: Global Macro Trading] [Actual: Systems Trading], 
[Row: 821] [Column: 1] [Expected: 6,799] [Actual: 5,032], 
[Row: 821] [Column: 2] [Expected: dyu] [Actual: abelinky], 
[Row: 821] [Column: 3] [Expected: Danny Yu] [Actual: Alejandro Belinky], 
[Row: 821] [Column: 5] [Expected: 51 Astor Place] [Actual: 200 Elm], 
[Row: 822] [Column: 1] [Expected: 131] [Actual: 6,799], 
[Row: 822] [Column: 2] [Expected: dcook] [Actual: dyu], 
[Row: 822] [Column: 3] [Expected: Daryl Cook] [Actual: Danny Yu], 
[Row: 822] [Column: 4] [Expected: Systems Trading] [Actual: Global Macro Trading], 
[Row: 822] [Column: 5] [Expected: 10 NBS] [Actual: 51 Astor Place], 
[Row: 822] [Column: 6] [Expected: sysfxaa1bvi] [Actual: sysfxaa1], 
[Row: 823] [Column: 1] [Expected: 1,188] [Actual: 131], 
[Row: 823] [Column: 2] [Expected: mglennan] [Actual: dcook], 
[Row: 823] [Column: 3] [Expected: Mike Glennan] [Actual: Daryl Cook], 
[Row: 823] [Column: 5] [Expected: 200 Elm] [Actual: 10 NBS], 
[Row: 824] [Column: 1] [Expected: 3] [Actual: 1,188], 
[Row: 824] [Column: 2] [Expected: stevee] [Actual: mglennan], 
[Row: 824] [Column: 3] [Expected: Steve Evans] [Actual: Mike Glennan], 
[Row: 825] [Column: 1] [Expected: 5,032] [Actual: 3], 
[Row: 825] [Column: 2] [Expected: abelinky] [Actual: stevee], 
[Row: 825] [Column: 3] [Expected: Alejandro Belinky] [Actual: Steve Evans], 
[Row: 825] [Column: 4] [Expected: Global Macro Trading] [Actual: Systems Trading], 
[Row: 826] [Column: 1] [Expected: 6,799] [Actual: 5,032], 
[Row: 826] [Column: 2] [Expected: dyu] [Actual: abelinky], 
[Row: 826] [Column: 3] [Expected: Danny Yu] [Actual: Alejandro Belinky], 
[Row: 826] [Column: 5] [Expected: 51 Astor Place] [Actual: 200 Elm], 
[Row: 827] [Column: 1] [Expected: 131] [Actual: 6,799], 
[Row: 827] [Column: 2] [Expected: dcook] [Actual: dyu], 
[Row: 827] [Column: 3] [Expected: Daryl Cook] [Actual: Danny Yu], 
[Row: 827] [Column: 4] [Expected: Systems Trading] [Actual: Global Macro Trading], 
[Row: 827] [Column: 5] [Expected: 10 NBS] [Actual: 51 Astor Place], 
[Row: 827] [Column: 6] [Expected: sysfxe7] [Actual: sysfxaa1bvi], 
[Row: 828] [Column: 1] [Expected: 1,188] [Actual: 131], 
[Row: 828] [Column: 2] [Expected: mglennan] [Actual: dcook], 
[Row: 828] [Column: 3] [Expected: Mike Glennan] [Actual: Daryl Cook], 
[Row: 828] [Column: 5] [Expected: 200 Elm] [Actual: 10 NBS], 
[Row: 829] [Column: 1] [Expected: 3] [Actual: 1,188], 
[Row: 829] [Column: 2] [Expected: stevee] [Actual: mglennan], 
[Row: 829] [Column: 3] [Expected: Steve Evans] [Actual: Mike Glennan], 
[Row: 830] [Column: 1] [Expected: 5,032] [Actual: 3], 
[Row: 830] [Column: 2] [Expected: abelinky] [Actual: stevee], 
[Row: 830] [Column: 3] [Expected: Alejandro Belinky] [Actual: Steve Evans], 
[Row: 830] [Column: 4] [Expected: Global Macro Trading] [Actual: Systems Trading], 
[Row: 831] [Column: 1] [Expected: 5,069] [Actual: 5,032], 
[Row: 831] [Column: 2] [Expected: phill] [Actual: abelinky], 
[Row: 831] [Column: 3] [Expected: Peter Hill] [Actual: Alejandro Belinky], 
[Row: 831] [Column: 4] [Expected: Systems Trading] [Actual: Global Macro Trading], 
[Row: 831] [Column: 5] [Expected: 10 NBS] [Actual: 200 Elm], 
[Row: 832] [Column: 1] [Expected: 131] [Actual: 5,069], 
[Row: 832] [Column: 2] [Expected: dcook] [Actual: phill], 
[Row: 832] [Column: 3] [Expected: Daryl Cook] [Actual: Peter Hill], 
[Row: 832] [Column: 6] [Expected: syshedge] [Actual: sysfxe7], 
[Row: 833] [Column: 1] [Expected: 1,188] [Actual: 131], 
[Row: 833] [Column: 2] [Expected: mglennan] [Actual: dcook], 
[Row: 833] [Column: 3] [Expected: Mike Glennan] [Actual: Daryl Cook], 
[Row: 833] [Column: 5] [Expected: 200 Elm] [Actual: 10 NBS], 
[Row: 834] [Column: 1] [Expected: 3] [Actual: 1,188], 
[Row: 834] [Column: 2] [Expected: stevee] [Actual: mglennan], 
[Row: 834] [Column: 3] [Expected: Steve Evans] [Actual: Mike Glennan], 
[Row: 835] [Column: 1] [Expected: 5,032] [Actual: 3], 
[Row: 835] [Column: 2] [Expected: abelinky] [Actual: stevee], 
[Row: 835] [Column: 3] [Expected: Alejandro Belinky] [Actual: Steve Evans], 
[Row: 835] [Column: 4] [Expected: Global Macro Trading] [Actual: Systems Trading], 
[Row: 836] [Column: 1] [Expected: 5,097] [Actual: 5,032], 
[Row: 836] [Column: 2] [Expected: aghose] [Actual: abelinky], 
[Row: 836] [Column: 3] [Expected: Abhishek Ghose] [Actual: Alejandro Belinky], 
[Row: 836] [Column: 4] [Expected: Flow of Funds] [Actual: Global Macro Trading], 
[Row: 836] [Column: 5] [Expected: 51 Astor Place] [Actual: 200 Elm], 
[Row: 837] [Column: 1] [Expected: 131] [Actual: 5,097], 
[Row: 837] [Column: 2] [Expected: dcook] [Actual: aghose], 
[Row: 837] [Column: 3] [Expected: Daryl Cook] [Actual: Abhishek Ghose], 
[Row: 837] [Column: 4] [Expected: Systems Trading] [Actual: Flow of Funds], 
[Row: 837] [Column: 5] [Expected: 10 NBS] [Actual: 51 Astor Place], 
[Row: 837] [Column: 6] [Expected: sysma10] [Actual: syshedge], 
[Row: 838] [Column: 1] [Expected: 1,188] [Actual: 131], 
[Row: 838] [Column: 2] [Expected: mglennan] [Actual: dcook], 
[Row: 838] [Column: 3] [Expected: Mike Glennan] [Actual: Daryl Cook], 
[Row: 838] [Column: 5] [Expected: 200 Elm] [Actual: 10 NBS], 
[Row: 839] [Column: 1] [Expected: 3] [Actual: 1,188], 
[Row: 839] [Column: 2] [Expected: stevee] [Actual: mglennan], 
[Row: 839] [Column: 3] [Expected: Steve Evans] [Actual: Mike Glennan], 
[Row: 840] [Column: 1] [Expected: 5,032] [Actual: 3], 
[Row: 840] [Column: 2] [Expected: abelinky] [Actual: stevee], 
[Row: 840] [Column: 3] [Expected: Alejandro Belinky] [Actual: Steve Evans], 
[Row: 840] [Column: 4] [Expected: Global Macro Trading] [Actual: Systems Trading], 
[Row: 841] [Column: 1] [Expected: 5,069] [Actual: 5,032], 
[Row: 841] [Column: 2] [Expected: phill] [Actual: abelinky], 
[Row: 841] [Column: 3] [Expected: Peter Hill] [Actual: Alejandro Belinky], 
[Row: 841] [Column: 4] [Expected: Systems Trading] [Actual: Global Macro Trading], 
[Row: 841] [Column: 5] [Expected: 10 NBS] [Actual: 200 Elm], 
[Row: 842] [Column: 1] [Expected: 131] [Actual: 5,069], 
[Row: 842] [Column: 2] [Expected: dcook] [Actual: phill], 
[Row: 842] [Column: 3] [Expected: Daryl Cook] [Actual: Peter Hill], 
[Row: 842] [Column: 6] [Expected: sysma11] [Actual: sysma10], 
[Row: 843] [Column: 1] [Expected: 1,188] [Actual: 131], 
[Row: 843] [Column: 2] [Expected: mglennan] [Actual: dcook], 
[Row: 843] [Column: 3] [Expected: Mike Glennan] [Actual: Daryl Cook], 
[Row: 843] [Column: 5] [Expected: 200 Elm] [Actual: 10 NBS], 
[Row: 844] [Column: 1] [Expected: 3] [Actual: 1,188], 
[Row: 844] [Column: 2] [Expected: stevee] [Actual: mglennan], 
[Row: 844] [Column: 3] [Expected: Steve Evans] [Actual: Mike Glennan], 
[Row: 845] [Column: 1] [Expected: 5,032] [Actual: 3], 
[Row: 845] [Column: 2] [Expected: abelinky] [Actual: stevee], 
[Row: 845] [Column: 3] [Expected: Alejandro Belinky] [Actual: Steve Evans], 
[Row: 845] [Column: 4] [Expected: Global Macro Trading] [Actual: Systems Trading], 
[Row: 846] [Column: 1] [Expected: 5,069] [Actual: 5,032], 
[Row: 846] [Column: 2] [Expected: phill] [Actual: abelinky], 
[Row: 846] [Column: 3] [Expected: Peter Hill] [Actual: Alejandro Belinky], 
[Row: 846] [Column: 4] [Expected: Systems Trading] [Actual: Global Macro Trading], 
[Row: 846] [Column: 5] [Expected: 10 NBS] [Actual: 200 Elm], 
[Row: 847] [Column: 1] [Expected: 131] [Actual: 5,069], 
[Row: 847] [Column: 2] [Expected: dcook] [Actual: phill], 
[Row: 847] [Column: 3] [Expected: Daryl Cook] [Actual: Peter Hill], 
[Row: 847] [Column: 6] [Expected: sysma23] [Actual: sysma11], 
[Row: 848] [Column: 1] [Expected: 1,188] [Actual: 131], 
[Row: 848] [Column: 2] [Expected: mglennan] [Actual: dcook], 
[Row: 848] [Column: 3] [Expected: Mike Glennan] [Actual: Daryl Cook], 
[Row: 848] [Column: 5] [Expected: 200 Elm] [Actual: 10 NBS], 
[Row: 849] [Column: 1] [Expected: 3] [Actual: 1,188], 
[Row: 849] [Column: 2] [Expected: stevee] [Actual: mglennan], 
[Row: 849] [Column: 3] [Expected: Steve Evans] [Actual: Mike Glennan], 
[Row: 850] [Column: 1] [Expected: 5,032] [Actual: 3], 
[Row: 850] [Column: 2] [Expected: abelinky] [Actual: stevee], 
[Row: 850] [Column: 3] [Expected: Alejandro Belinky] [Actual: Steve Evans], 
[Row: 850] [Column: 4] [Expected: Global Macro Trading] [Actual: Systems Trading], 
[Row: 851] [Column: 1] [Expected: 5,069] [Actual: 5,032], 
[Row: 851] [Column: 2] [Expected: phill] [Actual: abelinky], 
[Row: 851] [Column: 3] [Expected: Peter Hill] [Actual: Alejandro Belinky], 
[Row: 851] [Column: 4] [Expected: Systems Trading] [Actual: Global Macro Trading], 
[Row: 851] [Column: 5] [Expected: 10 NBS] [Actual: 200 Elm], 
[Row: 852] [Column: 1] [Expected: 131] [Actual: 5,069], 
[Row: 852] [Column: 2] [Expected: dcook] [Actual: phill], 
[Row: 852] [Column: 3] [Expected: Daryl Cook] [Actual: Peter Hill], 
[Row: 852] [Column: 6] [Expected: sysma6] [Actual: sysma23], 
[Row: 853] [Column: 1] [Expected: 1,188] [Actual: 131], 
[Row: 853] [Column: 2] [Expected: mglennan] [Actual: dcook], 
[Row: 853] [Column: 3] [Expected: Mike Glennan] [Actual: Daryl Cook], 
[Row: 853] [Column: 5] [Expected: 200 Elm] [Actual: 10 NBS], 
[Row: 854] [Column: 1] [Expected: 3] [Actual: 1,188], 
[Row: 854] [Column: 2] [Expected: stevee] [Actual: mglennan], 
[Row: 854] [Column: 3] [Expected: Steve Evans] [Actual: Mike Glennan], 
[Row: 855] [Column: 1] [Expected: 5,032] [Actual: 3], 
[Row: 855] [Column: 2] [Expected: abelinky] [Actual: stevee], 
[Row: 855] [Column: 3] [Expected: Alejandro Belinky] [Actual: Steve Evans], 
[Row: 855] [Column: 4] [Expected: Global Macro Trading] [Actual: Systems Trading], 
[Row: 856] [Column: 1] [Expected: 5,069] [Actual: 5,032], 
[Row: 856] [Column: 2] [Expected: phill] [Actual: abelinky], 
[Row: 856] [Column: 3] [Expected: Peter Hill] [Actual: Alejandro Belinky], 
[Row: 856] [Column: 4] [Expected: Systems Trading] [Actual: Global Macro Trading], 
[Row: 856] [Column: 5] [Expected: 10 NBS] [Actual: 200 Elm], 
[Row: 857] [Column: 1] [Expected: 131] [Actual: 5,069], 
[Row: 857] [Column: 2] [Expected: dcook] [Actual: phill], 
[Row: 857] [Column: 3] [Expected: Daryl Cook] [Actual: Peter Hill], 
[Row: 857] [Column: 6] [Expected: sysma62] [Actual: sysma6], 
[Row: 858] [Column: 1] [Expected: 5,032] [Actual: 131], 
[Row: 858] [Column: 2] [Expected: abelinky] [Actual: dcook], 
[Row: 858] [Column: 3] [Expected: Alejandro Belinky] [Actual: Daryl Cook], 
[Row: 858] [Column: 4] [Expected: Global Macro Trading] [Actual: Systems Trading], 
[Row: 858] [Column: 5] [Expected: 200 Elm] [Actual: 10 NBS], 
[Row: 859] [Column: 1] [Expected: 5,069] [Actual: 5,032], 
[Row: 859] [Column: 2] [Expected: phill] [Actual: abelinky], 
[Row: 859] [Column: 3] [Expected: Peter Hill] [Actual: Alejandro Belinky], 
[Row: 859] [Column: 4] [Expected: Systems Trading] [Actual: Global Macro Trading], 
[Row: 859] [Column: 5] [Expected: 10 NBS] [Actual: 200 Elm], 
[Row: 860] [Column: 1] [Expected: 131] [Actual: 5,069], 
[Row: 860] [Column: 2] [Expected: dcook] [Actual: phill], 
[Row: 860] [Column: 3] [Expected: Daryl Cook] [Actual: Peter Hill], 
[Row: 860] [Column: 6] [Expected: sysma7] [Actual: sysma62], 
[Row: 861] [Column: 1] [Expected: 1,188] [Actual: 131], 
[Row: 861] [Column: 2] [Expected: mglennan] [Actual: dcook], 
[Row: 861] [Column: 3] [Expected: Mike Glennan] [Actual: Daryl Cook], 
[Row: 861] [Column: 5] [Expected: 200 Elm] [Actual: 10 NBS], 
[Row: 862] [Column: 1] [Expected: 3] [Actual: 1,188], 
[Row: 862] [Column: 2] [Expected: stevee] [Actual: mglennan], 
[Row: 862] [Column: 3] [Expected: Steve Evans] [Actual: Mike Glennan], 
[Row: 863] [Column: 1] [Expected: 5,032] [Actual: 3], 
[Row: 863] [Column: 2] [Expected: abelinky] [Actual: stevee], 
[Row: 863] [Column: 3] [Expected: Alejandro Belinky] [Actual: Steve Evans], 
[Row: 863] [Column: 4] [Expected: Global Macro Trading] [Actual: Systems Trading], 
[Row: 864] [Column: 1] [Expected: 5,069] [Actual: 5,032], 
[Row: 864] [Column: 2] [Expected: phill] [Actual: abelinky], 
[Row: 864] [Column: 3] [Expected: Peter Hill] [Actual: Alejandro Belinky], 
[Row: 864] [Column: 4] [Expected: Systems Trading] [Actual: Global Macro Trading], 
[Row: 864] [Column: 5] [Expected: 10 NBS] [Actual: 200 Elm], 
[Row: 865] [Column: 1] [Expected: 131] [Actual: 5,069], 
[Row: 865] [Column: 2] [Expected: dcook] [Actual: phill], 
[Row: 865] [Column: 3] [Expected: Daryl Cook] [Actual: Peter Hill], 
[Row: 865] [Column: 6] [Expected: sysmaaa1] [Actual: sysma7], 
[Row: 866] [Column: 1] [Expected: 1,188] [Actual: 131], 
[Row: 866] [Column: 2] [Expected: mglennan] [Actual: dcook], 
[Row: 866] [Column: 3] [Expected: Mike Glennan] [Actual: Daryl Cook], 
[Row: 866] [Column: 5] [Expected: 200 Elm] [Actual: 10 NBS], 
[Row: 867] [Column: 1] [Expected: 3] [Actual: 1,188], 
[Row: 867] [Column: 2] [Expected: stevee] [Actual: mglennan], 
[Row: 867] [Column: 3] [Expected: Steve Evans] [Actual: Mike Glennan], 
[Row: 868] [Column: 1] [Expected: 5,032] [Actual: 3], 
[Row: 868] [Column: 2] [Expected: abelinky] [Actual: stevee], 
[Row: 868] [Column: 3] [Expected: Alejandro Belinky] [Actual: Steve Evans], 
[Row: 868] [Column: 4] [Expected: Global Macro Trading] [Actual: Systems Trading], 
[Row: 869] [Column: 1] [Expected: 6,799] [Actual: 5,032], 
[Row: 869] [Column: 2] [Expected: dyu] [Actual: abelinky], 
[Row: 869] [Column: 3] [Expected: Danny Yu] [Actual: Alejandro Belinky], 
[Row: 869] [Column: 5] [Expected: 51 Astor Place] [Actual: 200 Elm], 
[Row: 870] [Column: 1] [Expected: 131] [Actual: 6,799], 
[Row: 870] [Column: 2] [Expected: dcook] [Actual: dyu], 
[Row: 870] [Column: 3] [Expected: Daryl Cook] [Actual: Danny Yu], 
[Row: 870] [Column: 4] [Expected: Systems Trading] [Actual: Global Macro Trading], 
[Row: 870] [Column: 5] [Expected: 10 NBS] [Actual: 51 Astor Place], 
[Row: 870] [Column: 6] [Expected: sysmaaa1bvi] [Actual: sysmaaa1], 
[Row: 871] [Column: 1] [Expected: 1,188] [Actual: 131], 
[Row: 871] [Column: 2] [Expected: mglennan] [Actual: dcook], 
[Row: 871] [Column: 3] [Expected: Mike Glennan] [Actual: Daryl Cook], 
[Row: 871] [Column: 5] [Expected: 200 Elm] [Actual: 10 NBS], 
[Row: 872] [Column: 1] [Expected: 3] [Actual: 1,188], 
[Row: 872] [Column: 2] [Expected: stevee] [Actual: mglennan], 
[Row: 872] [Column: 3] [Expected: Steve Evans] [Actual: Mike Glennan], 
[Row: 873] [Column: 1] [Expected: 5,032] [Actual: 3], 
[Row: 873] [Column: 2] [Expected: abelinky] [Actual: stevee], 
[Row: 873] [Column: 3] [Expected: Alejandro Belinky] [Actual: Steve Evans], 
[Row: 873] [Column: 4] [Expected: Global Macro Trading] [Actual: Systems Trading], 
[Row: 874] [Column: 1] [Expected: 6,799] [Actual: 5,032], 
[Row: 874] [Column: 2] [Expected: dyu] [Actual: abelinky], 
[Row: 874] [Column: 3] [Expected: Danny Yu] [Actual: Alejandro Belinky], 
[Row: 874] [Column: 5] [Expected: 51 Astor Place] [Actual: 200 Elm], 
[Row: 875] [Column: 1] [Expected: 131] [Actual: 6,799], 
[Row: 875] [Column: 2] [Expected: dcook] [Actual: dyu], 
[Row: 875] [Column: 3] [Expected: Daryl Cook] [Actual: Danny Yu], 
[Row: 875] [Column: 4] [Expected: Systems Trading] [Actual: Global Macro Trading], 
[Row: 875] [Column: 5] [Expected: 10 NBS] [Actual: 51 Astor Place], 
[Row: 875] [Column: 6] [Expected: sysmaabco1] [Actual: sysmaaa1bvi], 
[Row: 876] [Column: 1] [Expected: 1,188] [Actual: 131], 
[Row: 876] [Column: 2] [Expected: mglennan] [Actual: dcook], 
[Row: 876] [Column: 3] [Expected: Mike Glennan] [Actual: Daryl Cook], 
[Row: 876] [Column: 5] [Expected: 200 Elm] [Actual: 10 NBS], 
[Row: 877] [Column: 1] [Expected: 3] [Actual: 1,188], 
[Row: 877] [Column: 2] [Expected: stevee] [Actual: mglennan], 
[Row: 877] [Column: 3] [Expected: Steve Evans] [Actual: Mike Glennan], 
[Row: 878] [Column: 1] [Expected: 5,032] [Actual: 3], 
[Row: 878] [Column: 2] [Expected: abelinky] [Actual: stevee], 
[Row: 878] [Column: 3] [Expected: Alejandro Belinky] [Actual: Steve Evans], 
[Row: 878] [Column: 4] [Expected: Global Macro Trading] [Actual: Systems Trading], 
[Row: 879] [Column: 1] [Expected: 6,799] [Actual: 5,032], 
[Row: 879] [Column: 2] [Expected: dyu] [Actual: abelinky], 
[Row: 879] [Column: 3] [Expected: Danny Yu] [Actual: Alejandro Belinky], 
[Row: 879] [Column: 5] [Expected: 51 Astor Place] [Actual: 200 Elm], 
[Row: 880] [Column: 1] [Expected: 1,188] [Actual: 6,799], 
[Row: 880] [Column: 2] [Expected: mglennan] [Actual: dyu], 
[Row: 880] [Column: 3] [Expected: Mike Glennan] [Actual: Danny Yu], 
[Row: 880] [Column: 4] [Expected: Systems Trading] [Actual: Global Macro Trading], 
[Row: 880] [Column: 5] [Expected: 200 Elm] [Actual: 51 Astor Place], 
[Row: 880] [Column: 6] [Expected: sysmaabco2] [Actual: sysmaabco1], 
[Row: 881] [Column: 1] [Expected: 5,032] [Actual: 1,188], 
[Row: 881] [Column: 2] [Expected: abelinky] [Actual: mglennan], 
[Row: 881] [Column: 3] [Expected: Alejandro Belinky] [Actual: Mike Glennan], 
[Row: 881] [Column: 4] [Expected: Global Macro Trading] [Actual: Systems Trading], 
[Row: 882] [Column: 1] [Expected: 6,799] [Actual: 5,032], 
[Row: 882] [Column: 2] [Expected: dyu] [Actual: abelinky], 
[Row: 882] [Column: 3] [Expected: Danny Yu] [Actual: Alejandro Belinky], 
[Row: 882] [Column: 5] [Expected: 51 Astor Place] [Actual: 200 Elm], 
[Row: 883] [Column: 1] [Expected: 7,555] [Actual: 6,799], 
[Row: 883] [Column: 2] [Expected: wcao] [Actual: dyu], 
[Row: 883] [Column: 3] [Expected: Wei Cao] [Actual: Danny Yu], 
[Row: 883] [Column: 5] [Expected: 200 Elm] [Actual: 51 Astor Place], 
[Row: 884] [Column: 1] [Expected: 131] [Actual: 7,555], 
[Row: 884] [Column: 2] [Expected: dcook] [Actual: wcao], 
[Row: 884] [Column: 3] [Expected: Daryl Cook] [Actual: Wei Cao], 
[Row: 884] [Column: 4] [Expected: Systems Trading] [Actual: Global Macro Trading], 
[Row: 884] [Column: 5] [Expected: 10 NBS] [Actual: 200 Elm], 
[Row: 884] [Column: 6] [Expected: sysmaabeq1] [Actual: sysmaabco2], 
[Row: 885] [Column: 1] [Expected: 1,188] [Actual: 131], 
[Row: 885] [Column: 2] [Expected: mglennan] [Actual: dcook], 
[Row: 885] [Column: 3] [Expected: Mike Glennan] [Actual: Daryl Cook], 
[Row: 885] [Column: 5] [Expected: 200 Elm] [Actual: 10 NBS], 
[Row: 886] [Column: 1] [Expected: 3] [Actual: 1,188], 
[Row: 886] [Column: 2] [Expected: stevee] [Actual: mglennan], 
[Row: 886] [Column: 3] [Expected: Steve Evans] [Actual: Mike Glennan], 
[Row: 887] [Column: 1] [Expected: 5,032] [Actual: 3], 
[Row: 887] [Column: 2] [Expected: abelinky] [Actual: stevee], 
[Row: 887] [Column: 3] [Expected: Alejandro Belinky] [Actual: Steve Evans], 
[Row: 887] [Column: 4] [Expected: Global Macro Trading] [Actual: Systems Trading], 
[Row: 888] [Column: 1] [Expected: 6,799] [Actual: 5,032], 
[Row: 888] [Column: 2] [Expected: dyu] [Actual: abelinky], 
[Row: 888] [Column: 3] [Expected: Danny Yu] [Actual: Alejandro Belinky], 
[Row: 888] [Column: 5] [Expected: 51 Astor Place] [Actual: 200 Elm], 
[Row: 889] [Column: 1] [Expected: 131] [Actual: 6,799], 
[Row: 889] [Column: 2] [Expected: dcook] [Actual: dyu], 
[Row: 889] [Column: 3] [Expected: Daryl Cook] [Actual: Danny Yu], 
[Row: 889] [Column: 4] [Expected: Systems Trading] [Actual: Global Macro Trading], 
[Row: 889] [Column: 5] [Expected: 10 NBS] [Actual: 51 Astor Place], 
[Row: 889] [Column: 6] [Expected: sysmaabeq1f] [Actual: sysmaabeq1], 
[Row: 890] [Column: 1] [Expected: 1,188] [Actual: 131], 
[Row: 890] [Column: 2] [Expected: mglennan] [Actual: dcook], 
[Row: 890] [Column: 3] [Expected: Mike Glennan] [Actual: Daryl Cook], 
[Row: 890] [Column: 5] [Expected: 200 Elm] [Actual: 10 NBS], 
[Row: 891] [Column: 1] [Expected: 3] [Actual: 1,188], 
[Row: 891] [Column: 2] [Expected: stevee] [Actual: mglennan], 
[Row: 891] [Column: 3] [Expected: Steve Evans] [Actual: Mike Glennan], 
[Row: 892] [Column: 1] [Expected: 5,032] [Actual: 3], 
[Row: 892] [Column: 2] [Expected: abelinky] [Actual: stevee], 
[Row: 892] [Column: 3] [Expected: Alejandro Belinky] [Actual: Steve Evans], 
[Row: 892] [Column: 4] [Expected: Global Macro Trading] [Actual: Systems Trading], 
[Row: 893] [Column: 1] [Expected: 6,799] [Actual: 5,032], 
[Row: 893] [Column: 2] [Expected: dyu] [Actual: abelinky], 
[Row: 893] [Column: 3] [Expected: Danny Yu] [Actual: Alejandro Belinky], 
[Row: 893] [Column: 5] [Expected: 51 Astor Place] [Actual: 200 Elm], 
[Row: 894] [Column: 1] [Expected: 5,032] [Actual: 6,799], 
[Row: 894] [Column: 2] [Expected: abelinky] [Actual: dyu], 
[Row: 894] [Column: 3] [Expected: Alejandro Belinky] [Actual: Danny Yu], 
[Row: 894] [Column: 5] [Expected: 200 Elm] [Actual: 51 Astor Place], 
[Row: 894] [Column: 6] [Expected: sysmaabeq2] [Actual: sysmaabeq1f], 
[Row: 895] [Column: 1] [Expected: 6,799] [Actual: 5,032], 
[Row: 895] [Column: 2] [Expected: dyu] [Actual: abelinky], 
[Row: 895] [Column: 3] [Expected: Danny Yu] [Actual: Alejandro Belinky], 
[Row: 895] [Column: 5] [Expected: 51 Astor Place] [Actual: 200 Elm], 
[Row: 896] [Column: 1] [Expected: 7,555] [Actual: 6,799], 
[Row: 896] [Column: 2] [Expected: wcao] [Actual: dyu], 
[Row: 896] [Column: 3] [Expected: Wei Cao] [Actual: Danny Yu], 
[Row: 896] [Column: 5] [Expected: 200 Elm] [Actual: 51 Astor Place], 
[Row: 897] [Column: 1] [Expected: 6,415] [Actual: 7,555], 
[Row: 897] [Column: 2] [Expected: jsolorza] [Actual: wcao], 
[Row: 897] [Column: 3] [Expected: Juan Pablo Solorzano Margain] [Actual: Wei Cao], 
[Row: 897] [Column: 4] [Expected: Global Research] [Actual: Global Macro Trading], 
[Row: 897] [Column: 5] [Expected: 51 Astor Place] [Actual: 200 Elm], 
[Row: 897] [Column: 6] [Expected: sysmadmtv] [Actual: sysmaabeq2], 
[Row: 898] [Column: 1] [Expected: 131] [Actual: 6,415], 
[Row: 898] [Column: 2] [Expected: dcook] [Actual: jsolorza], 
[Row: 898] [Column: 3] [Expected: Daryl Cook] [Actual: Juan Pablo Solorzano Margain], 
[Row: 898] [Column: 4] [Expected: Systems Trading] [Actual: Global Research], 
[Row: 898] [Column: 5] [Expected: 10 NBS] [Actual: 51 Astor Place], 
[Row: 898] [Column: 6] [Expected: sysmarebal] [Actual: sysmadmtv], 
[Row: 899] [Column: 1] [Expected: 1,188] [Actual: 131], 
[Row: 899] [Column: 2] [Expected: mglennan] [Actual: dcook], 
[Row: 899] [Column: 3] [Expected: Mike Glennan] [Actual: Daryl Cook], 
[Row: 899] [Column: 5] [Expected: 200 Elm] [Actual: 10 NBS], 
[Row: 900] [Column: 1] [Expected: 3] [Actual: 1,188], 
[Row: 900] [Column: 2] [Expected: stevee] [Actual: mglennan], 
[Row: 900] [Column: 3] [Expected: Steve Evans] [Actual: Mike Glennan], 
[Row: 901] [Column: 1] [Expected: 5,032] [Actual: 3], 
[Row: 901] [Column: 2] [Expected: abelinky] [Actual: stevee], 
[Row: 901] [Column: 3] [Expected: Alejandro Belinky] [Actual: Steve Evans], 
[Row: 901] [Column: 4] [Expected: Global Macro Trading] [Actual: Systems Trading], 
[Row: 902] [Column: 1] [Expected: 5,069] [Actual: 5,032], 
[Row: 902] [Column: 2] [Expected: phill] [Actual: abelinky], 
[Row: 902] [Column: 3] [Expected: Peter Hill] [Actual: Alejandro Belinky], 
[Row: 902] [Column: 4] [Expected: Systems Trading] [Actual: Global Macro Trading], 
[Row: 902] [Column: 5] [Expected: 10 NBS] [Actual: 200 Elm], 
[Row: 903] [Column: 1] [Expected: 131] [Actual: 5,069], 
[Row: 903] [Column: 2] [Expected: dcook] [Actual: phill], 
[Row: 903] [Column: 3] [Expected: Daryl Cook] [Actual: Peter Hill], 
[Row: 903] [Column: 6] [Expected: sysmi2] [Actual: sysmarebal], 
[Row: 904] [Column: 1] [Expected: 1,188] [Actual: 131], 
[Row: 904] [Column: 2] [Expected: mglennan] [Actual: dcook], 
[Row: 904] [Column: 3] [Expected: Mike Glennan] [Actual: Daryl Cook], 
[Row: 904] [Column: 5] [Expected: 200 Elm] [Actual: 10 NBS], 
[Row: 905] [Column: 1] [Expected: 3] [Actual: 1,188], 
[Row: 905] [Column: 2] [Expected: stevee] [Actual: mglennan], 
[Row: 905] [Column: 3] [Expected: Steve Evans] [Actual: Mike Glennan], 
[Row: 906] [Column: 1] [Expected: 5,032] [Actual: 3], 
[Row: 906] [Column: 2] [Expected: abelinky] [Actual: stevee], 
[Row: 906] [Column: 3] [Expected: Alejandro Belinky] [Actual: Steve Evans], 
[Row: 906] [Column: 4] [Expected: Global Macro Trading] [Actual: Systems Trading], 
[Row: 907] [Column: 1] [Expected: 5,069] [Actual: 5,032], 
[Row: 907] [Column: 2] [Expected: phill] [Actual: abelinky], 
[Row: 907] [Column: 3] [Expected: Peter Hill] [Actual: Alejandro Belinky], 
[Row: 907] [Column: 4] [Expected: Systems Trading] [Actual: Global Macro Trading], 
[Row: 907] [Column: 5] [Expected: 10 NBS] [Actual: 200 Elm], 
[Row: 908] [Column: 1] [Expected: 131] [Actual: 5,069], 
[Row: 908] [Column: 2] [Expected: dcook] [Actual: phill], 
[Row: 908] [Column: 3] [Expected: Daryl Cook] [Actual: Peter Hill], 
[Row: 908] [Column: 6] [Expected: sysmi7] [Actual: sysmi2], 
[Row: 909] [Column: 1] [Expected: 1,188] [Actual: 131], 
[Row: 909] [Column: 2] [Expected: mglennan] [Actual: dcook], 
[Row: 909] [Column: 3] [Expected: Mike Glennan] [Actual: Daryl Cook], 
[Row: 909] [Column: 5] [Expected: 200 Elm] [Actual: 10 NBS], 
[Row: 910] [Column: 1] [Expected: 3] [Actual: 1,188], 
[Row: 910] [Column: 2] [Expected: stevee] [Actual: mglennan], 
[Row: 910] [Column: 3] [Expected: Steve Evans] [Actual: Mike Glennan], 
[Row: 911] [Column: 1] [Expected: 5,032] [Actual: 3], 
[Row: 911] [Column: 2] [Expected: abelinky] [Actual: stevee], 
[Row: 911] [Column: 3] [Expected: Alejandro Belinky] [Actual: Steve Evans], 
[Row: 911] [Column: 4] [Expected: Global Macro Trading] [Actual: Systems Trading], 
[Row: 912] [Column: 1] [Expected: 5,069] [Actual: 5,032], 
[Row: 912] [Column: 2] [Expected: phill] [Actual: abelinky], 
[Row: 912] [Column: 3] [Expected: Peter Hill] [Actual: Alejandro Belinky], 
[Row: 912] [Column: 4] [Expected: Systems Trading] [Actual: Global Macro Trading], 
[Row: 912] [Column: 5] [Expected: 10 NBS] [Actual: 200 Elm], 
[Row: 913] [Column: 1] [Expected: 131] [Actual: 5,069], 
[Row: 913] [Column: 2] [Expected: dcook] [Actual: phill], 
[Row: 913] [Column: 3] [Expected: Daryl Cook] [Actual: Peter Hill], 
[Row: 913] [Column: 6] [Expected: systest] [Actual: sysmi7], 
[Row: 914] [Column: 1] [Expected: 1,188] [Actual: 131], 
[Row: 914] [Column: 2] [Expected: mglennan] [Actual: dcook], 
[Row: 914] [Column: 3] [Expected: Mike Glennan] [Actual: Daryl Cook], 
[Row: 914] [Column: 5] [Expected: 200 Elm] [Actual: 10 NBS], 
[Row: 915] [Column: 1] [Expected: 3] [Actual: 1,188], 
[Row: 915] [Column: 2] [Expected: stevee] [Actual: mglennan], 
[Row: 915] [Column: 3] [Expected: Steve Evans] [Actual: Mike Glennan], 
[Row: 916] [Column: 1] [Expected: 5,032] [Actual: 3], 
[Row: 916] [Column: 2] [Expected: abelinky] [Actual: stevee], 
[Row: 916] [Column: 3] [Expected: Alejandro Belinky] [Actual: Steve Evans], 
[Row: 916] [Column: 4] [Expected: Global Macro Trading] [Actual: Systems Trading], 
[Row: 917] [Column: 1] [Expected: 5,471] [Actual: 5,032], 
[Row: 917] [Column: 2] [Expected: editchfi] [Actual: abelinky], 
[Row: 917] [Column: 3] [Expected: Erik Ditchfield (Rebar)] [Actual: Alejandro Belinky], 
[Row: 917] [Column: 4] [Expected: IT Vendor Services] [Actual: Global Macro Trading], 
[Row: 917] [Column: 5] [Expected: Offsite - US Office] [Actual: 200 Elm]
	at org.testng.asserts.SoftAssert.assertAll(SoftAssert.java:38)
	at com.tudor.swag.tests.utils.SoftAssertSwag.assertAll(SoftAssertSwag.java:490)
	at com.tudor.swag.tests.suites.common.SwagletSuite.verifyAlphaData(SwagletSuite.java:432)
	at com.tudor.swag.tests.suites.ItAdminSuite.verifyData(ItAdminSuite.java:22)
	at sun.reflect.NativeMethodAccessorImpl.invoke0(Native Method)
	at sun.reflect.NativeMethodAccessorImpl.invoke(NativeMethodAccessorImpl.java:62)
	at sun.reflect.DelegatingMethodAccessorImpl.invoke(DelegatingMethodAccessorImpl.java:43)
	at java.lang.reflect.Method.invoke(Method.java:498)
	at org.testng.internal.MethodInvocationHelper.invokeMethod(MethodInvocationHelper.java:84)
	at org.testng.internal.Invoker.invokeMethod(Invoker.java:714)
	at org.testng.internal.Invoker.invokeTestMethod(Invoker.java:901)
	at org.testng.internal.Invoker.invokeTestMethods(Invoker.java:1231)
	at org.testng.internal.TestMethodWorker.invokeTestMethods(TestMethodWorker.java:127)
	at org.testng.internal.TestMethodWorker.run(TestMethodWorker.java:111)
	at org.testng.TestRunner.privateRun(TestRunner.java:767)
	at org.testng.TestRunner.run(TestRunner.java:617)
	at org.testng.SuiteRunner.runTest(SuiteRunner.java:334)
	at org.testng.SuiteRunner.access$000(SuiteRunner.java:37)
	at org.testng.SuiteRunner$SuiteWorker.run(SuiteRunner.java:368)
	at org.testng.internal.thread.ThreadUtil$2.call(ThreadUtil.java:64)
	at java.util.concurrent.FutureTask.run(FutureTask.java:266)
	at java.util.concurrent.ThreadPoolExecutor.runWorker(ThreadPoolExecutor.java:1149)
	at java.util.concurrent.ThreadPoolExecutor$Worker.run(ThreadPoolExecutor.java:624)
	at java.lang.Thread.run(Thread.java:748)
]]>
    </error>
  </testcase> <!-- verifyData -->
  <testcase name="verifyData" time="49.590" classname="com.tudor.swag.tests.suites.ItAdminSuite">
    <error type="java.lang.AssertionError" message="Actual row count is not equal as expected expected [604] but found [815]">
      <![CDATA[java.lang.AssertionError: Actual row count is not equal as expected expected [604] but found [815]
	at org.testng.Assert.fail(Assert.java:94)
	at org.testng.Assert.failNotEquals(Assert.java:494)
	at org.testng.Assert.assertEquals(Assert.java:123)
	at org.testng.Assert.assertEquals(Assert.java:370)
	at com.tudor.swag.tests.utils.SoftAssertSwag.assertTableData(SoftAssertSwag.java:223)
	at com.tudor.swag.tests.suites.common.SwagletSuite.verifyAlphaData(SwagletSuite.java:431)
	at com.tudor.swag.tests.suites.ItAdminSuite.verifyData(ItAdminSuite.java:22)
	at sun.reflect.NativeMethodAccessorImpl.invoke0(Native Method)
	at sun.reflect.NativeMethodAccessorImpl.invoke(NativeMethodAccessorImpl.java:62)
	at sun.reflect.DelegatingMethodAccessorImpl.invoke(DelegatingMethodAccessorImpl.java:43)
	at java.lang.reflect.Method.invoke(Method.java:498)
	at org.testng.internal.MethodInvocationHelper.invokeMethod(MethodInvocationHelper.java:84)
	at org.testng.internal.Invoker.invokeMethod(Invoker.java:714)
	at org.testng.internal.Invoker.invokeTestMethod(Invoker.java:901)
	at org.testng.internal.Invoker.invokeTestMethods(Invoker.java:1231)
	at org.testng.internal.TestMethodWorker.invokeTestMethods(TestMethodWorker.java:127)
	at org.testng.internal.TestMethodWorker.run(TestMethodWorker.java:111)
	at org.testng.TestRunner.privateRun(TestRunner.java:767)
	at org.testng.TestRunner.run(TestRunner.java:617)
	at org.testng.SuiteRunner.runTest(SuiteRunner.java:334)
	at org.testng.SuiteRunner.access$000(SuiteRunner.java:37)
	at org.testng.SuiteRunner$SuiteWorker.run(SuiteRunner.java:368)
	at org.testng.internal.thread.ThreadUtil$2.call(ThreadUtil.java:64)
	at java.util.concurrent.FutureTask.run(FutureTask.java:266)
	at java.util.concurrent.ThreadPoolExecutor.runWorker(ThreadPoolExecutor.java:1149)
	at java.util.concurrent.ThreadPoolExecutor$Worker.run(ThreadPoolExecutor.java:624)
	at java.lang.Thread.run(Thread.java:748)
]]>
    </error>
  </testcase> <!-- verifyData -->
  <testcase name="verifyData" time="5.400" classname="com.tudor.swag.tests.suites.ItAdminSuite">
    <error type="java.lang.AssertionError" message="Actual row count is not equal as expected expected [156] but found [157]">
      <![CDATA[java.lang.AssertionError: Actual row count is not equal as expected expected [156] but found [157]
	at org.testng.Assert.fail(Assert.java:94)
	at org.testng.Assert.failNotEquals(Assert.java:494)
	at org.testng.Assert.assertEquals(Assert.java:123)
	at org.testng.Assert.assertEquals(Assert.java:370)
	at com.tudor.swag.tests.utils.SoftAssertSwag.assertTableData(SoftAssertSwag.java:223)
	at com.tudor.swag.tests.suites.common.SwagletSuite.verifyAlphaData(SwagletSuite.java:431)
	at com.tudor.swag.tests.suites.ItAdminSuite.verifyData(ItAdminSuite.java:22)
	at sun.reflect.NativeMethodAccessorImpl.invoke0(Native Method)
	at sun.reflect.NativeMethodAccessorImpl.invoke(NativeMethodAccessorImpl.java:62)
	at sun.reflect.DelegatingMethodAccessorImpl.invoke(DelegatingMethodAccessorImpl.java:43)
	at java.lang.reflect.Method.invoke(Method.java:498)
	at org.testng.internal.MethodInvocationHelper.invokeMethod(MethodInvocationHelper.java:84)
	at org.testng.internal.Invoker.invokeMethod(Invoker.java:714)
	at org.testng.internal.Invoker.invokeTestMethod(Invoker.java:901)
	at org.testng.internal.Invoker.invokeTestMethods(Invoker.java:1231)
	at org.testng.internal.TestMethodWorker.invokeTestMethods(TestMethodWorker.java:127)
	at org.testng.internal.TestMethodWorker.run(TestMethodWorker.java:111)
	at org.testng.TestRunner.privateRun(TestRunner.java:767)
	at org.testng.TestRunner.run(TestRunner.java:617)
	at org.testng.SuiteRunner.runTest(SuiteRunner.java:334)
	at org.testng.SuiteRunner.access$000(SuiteRunner.java:37)
	at org.testng.SuiteRunner$SuiteWorker.run(SuiteRunner.java:368)
	at org.testng.internal.thread.ThreadUtil$2.call(ThreadUtil.java:64)
	at java.util.concurrent.FutureTask.run(FutureTask.java:266)
	at java.util.concurrent.ThreadPoolExecutor.runWorker(ThreadPoolExecutor.java:1149)
	at java.util.concurrent.ThreadPoolExecutor$Worker.run(ThreadPoolExecutor.java:624)
	at java.lang.Thread.run(Thread.java:748)
]]>
    </error>
  </testcase> <!-- verifyData -->
  <testcase name="verifyData" time="7.062" classname="com.tudor.swag.tests.suites.ItAdminSuite">
    <error type="java.lang.AssertionError" message="Actual row count is not equal as expected expected [514] but found [515]">
      <![CDATA[java.lang.AssertionError: Actual row count is not equal as expected expected [514] but found [515]
	at org.testng.Assert.fail(Assert.java:94)
	at org.testng.Assert.failNotEquals(Assert.java:494)
	at org.testng.Assert.assertEquals(Assert.java:123)
	at org.testng.Assert.assertEquals(Assert.java:370)
	at com.tudor.swag.tests.utils.SoftAssertSwag.assertTableData(SoftAssertSwag.java:223)
	at com.tudor.swag.tests.suites.common.SwagletSuite.verifyAlphaData(SwagletSuite.java:431)
	at com.tudor.swag.tests.suites.ItAdminSuite.verifyData(ItAdminSuite.java:22)
	at sun.reflect.NativeMethodAccessorImpl.invoke0(Native Method)
	at sun.reflect.NativeMethodAccessorImpl.invoke(NativeMethodAccessorImpl.java:62)
	at sun.reflect.DelegatingMethodAccessorImpl.invoke(DelegatingMethodAccessorImpl.java:43)
	at java.lang.reflect.Method.invoke(Method.java:498)
	at org.testng.internal.MethodInvocationHelper.invokeMethod(MethodInvocationHelper.java:84)
	at org.testng.internal.Invoker.invokeMethod(Invoker.java:714)
	at org.testng.internal.Invoker.invokeTestMethod(Invoker.java:901)
	at org.testng.internal.Invoker.invokeTestMethods(Invoker.java:1231)
	at org.testng.internal.TestMethodWorker.invokeTestMethods(TestMethodWorker.java:127)
	at org.testng.internal.TestMethodWorker.run(TestMethodWorker.java:111)
	at org.testng.TestRunner.privateRun(TestRunner.java:767)
	at org.testng.TestRunner.run(TestRunner.java:617)
	at org.testng.SuiteRunner.runTest(SuiteRunner.java:334)
	at org.testng.SuiteRunner.access$000(SuiteRunner.java:37)
	at org.testng.SuiteRunner$SuiteWorker.run(SuiteRunner.java:368)
	at org.testng.internal.thread.ThreadUtil$2.call(ThreadUtil.java:64)
	at java.util.concurrent.FutureTask.run(FutureTask.java:266)
	at java.util.concurrent.ThreadPoolExecutor.runWorker(ThreadPoolExecutor.java:1149)
	at java.util.concurrent.ThreadPoolExecutor$Worker.run(ThreadPoolExecutor.java:624)
	at java.lang.Thread.run(Thread.java:748)
]]>
    </error>
  </testcase> <!-- verifyData -->
</testsuite> <!-- com.tudor.swag.tests.suites.ItAdminSuite -->
